[0.000000] (-) TimerEvent: {}
[0.000197] (serverpublisher) JobQueued: {'identifier': 'serverpublisher', 'dependencies': OrderedDict()}
[0.000515] (serverpublisher) JobStarted: {'identifier': 'serverpublisher'}
[0.006311] (serverpublisher) JobProgress: {'identifier': 'serverpublisher', 'progress': 'cmake'}
[0.006512] (serverpublisher) Command: {'cmd': ['/usr/bin/cmake', '/home/chotu/Beginner_Tutorials_Ros2', '-DCMAKE_INSTALL_PREFIX=/home/chotu/Beginner_Tutorials_Ros2/install/serverpublisher'], 'cwd': '/home/chotu/Beginner_Tutorials_Ros2/build/serverpublisher', 'env': OrderedDict([('USER', 'chotu'), ('XDG_SESSION_TYPE', 'x11'), ('SHLVL', '1'), ('LD_LIBRARY_PATH', '/usr/lib/x86_64-linux-gnu/gazebo-11/plugins:/opt/ros/humble/opt/rviz_ogre_vendor/lib:/opt/ros/humble/lib/x86_64-linux-gnu:/opt/ros/humble/lib'), ('HOME', '/home/chotu'), ('OLDPWD', '/home/chotu'), ('DESKTOP_SESSION', 'ubuntu'), ('ROS_PYTHON_VERSION', '3'), ('GNOME_SHELL_SESSION_MODE', 'ubuntu'), ('GTK_MODULES', 'gail:atk-bridge'), ('SYSTEMD_EXEC_PID', '2728'), ('DBUS_SESSION_BUS_ADDRESS', 'unix:path=/run/user/1000/bus'), ('COLORTERM', 'truecolor'), ('_colcon_cd_root', '/opt/ros/humble/'), ('ROS_DISTRO', 'humble'), ('LOGNAME', 'chotu'), ('_', '/usr/bin/colcon'), ('ROS_VERSION', '2'), ('XDG_SESSION_CLASS', 'user'), ('USERNAME', 'chotu'), ('TERM', 'xterm-256color'), ('GNOME_DESKTOP_SESSION_ID', 'this-is-deprecated'), ('ROS_LOCALHOST_ONLY', '1'), ('WINDOWPATH', '2'), ('PATH', '/opt/ros/humble/bin:/usr/local/sbin:/usr/local/bin:/usr/sbin:/usr/bin:/sbin:/bin:/usr/games:/usr/local/games:/snap/bin:/snap/bin'), ('SESSION_MANAGER', 'local/chotu25:@/tmp/.ICE-unix/2544,unix/chotu25:/tmp/.ICE-unix/2544'), ('XDG_MENU_PREFIX', 'gnome-'), ('GNOME_TERMINAL_SCREEN', '/org/gnome/Terminal/screen/812306fa_a292_4e7c_a9cc_665a3d693d29'), ('XDG_RUNTIME_DIR', '/run/user/1000'), ('DISPLAY', ':0'), ('LANG', 'en_US.UTF-8'), ('XDG_CURRENT_DESKTOP', 'ubuntu:GNOME'), ('XMODIFIERS', '@im=ibus'), ('XDG_SESSION_DESKTOP', 'ubuntu'), ('XAUTHORITY', '/run/user/1000/gdm/Xauthority'), ('GNOME_TERMINAL_SERVICE', ':1.1135'), ('SSH_AGENT_LAUNCHER', 'gnome-keyring'), ('SSH_AUTH_SOCK', '/run/user/1000/keyring/ssh'), ('AMENT_PREFIX_PATH', '/opt/ros/humble'), ('SHELL', '/bin/bash'), ('QT_ACCESSIBILITY', '1'), ('GDMSESSION', 'ubuntu'), ('GPG_AGENT_INFO', '/run/user/1000/gnupg/S.gpg-agent:0:1'), ('QT_IM_MODULE', 'ibus'), ('PWD', '/home/chotu/Beginner_Tutorials_Ros2/build/serverpublisher'), ('LC_ALL', 'en_US.UTF-8'), ('XDG_CONFIG_DIRS', '/etc/xdg/xdg-ubuntu:/etc/xdg'), ('XDG_DATA_DIRS', '/usr/share/ubuntu:/usr/share/gnome:/usr/local/share/:/usr/share/:/var/lib/snapd/desktop'), ('PYTHONPATH', '/opt/ros/humble/lib/python3.10/site-packages:/opt/ros/humble/local/lib/python3.10/dist-packages'), ('COLCON', '1'), ('VTE_VERSION', '6800'), ('CMAKE_PREFIX_PATH', '/opt/ros/humble')]), 'shell': False}
[0.049770] (serverpublisher) StdoutLine: {'line': b'-- The C compiler identification is GNU 11.3.0\n'}
[0.086308] (serverpublisher) StdoutLine: {'line': b'-- The CXX compiler identification is GNU 11.3.0\n'}
[0.091584] (serverpublisher) StdoutLine: {'line': b'-- Detecting C compiler ABI info\n'}
[0.099585] (-) TimerEvent: {}
[0.133591] (serverpublisher) StdoutLine: {'line': b'-- Detecting C compiler ABI info - done\n'}
[0.140093] (serverpublisher) StdoutLine: {'line': b'-- Check for working C compiler: /usr/bin/cc - skipped\n'}
[0.140364] (serverpublisher) StdoutLine: {'line': b'-- Detecting C compile features\n'}
[0.140769] (serverpublisher) StdoutLine: {'line': b'-- Detecting C compile features - done\n'}
[0.143394] (serverpublisher) StdoutLine: {'line': b'-- Detecting CXX compiler ABI info\n'}
[0.192836] (serverpublisher) StdoutLine: {'line': b'-- Detecting CXX compiler ABI info - done\n'}
[0.198886] (serverpublisher) StdoutLine: {'line': b'-- Check for working CXX compiler: /usr/bin/c++ - skipped\n'}
[0.199153] (serverpublisher) StdoutLine: {'line': b'-- Detecting CXX compile features\n'}
[0.199595] (serverpublisher) StdoutLine: {'line': b'-- Detecting CXX compile features - done\n'}
[0.199684] (-) TimerEvent: {}
[0.201554] (serverpublisher) StdoutLine: {'line': b'-- Found ament_cmake: 1.3.3 (/opt/ros/humble/share/ament_cmake/cmake)\n'}
[0.299832] (-) TimerEvent: {}
[0.324839] (serverpublisher) StdoutLine: {'line': b'-- Found Python3: /usr/bin/python3.10 (found version "3.10.6") found components: Interpreter \n'}
[0.382034] (serverpublisher) StdoutLine: {'line': b'-- Found rclcpp: 16.0.2 (/opt/ros/humble/share/rclcpp/cmake)\n'}
[0.399910] (-) TimerEvent: {}
[0.411188] (serverpublisher) StdoutLine: {'line': b'-- Found rosidl_generator_c: 3.1.4 (/opt/ros/humble/share/rosidl_generator_c/cmake)\n'}
[0.414086] (serverpublisher) StdoutLine: {'line': b'-- Found rosidl_adapter: 3.1.4 (/opt/ros/humble/share/rosidl_adapter/cmake)\n'}
[0.419337] (serverpublisher) StdoutLine: {'line': b'-- Found rosidl_generator_cpp: 3.1.4 (/opt/ros/humble/share/rosidl_generator_cpp/cmake)\n'}
[0.427918] (serverpublisher) StdoutLine: {'line': b'-- Using all available rosidl_typesupport_c: rosidl_typesupport_fastrtps_c;rosidl_typesupport_introspection_c\n'}
[0.441498] (serverpublisher) StdoutLine: {'line': b'-- Using all available rosidl_typesupport_cpp: rosidl_typesupport_fastrtps_cpp;rosidl_typesupport_introspection_cpp\n'}
[0.487504] (serverpublisher) StdoutLine: {'line': b'-- Found rmw_implementation_cmake: 6.1.1 (/opt/ros/humble/share/rmw_implementation_cmake/cmake)\n'}
[0.489083] (serverpublisher) StdoutLine: {'line': b'-- Found rmw_fastrtps_cpp: 6.2.2 (/opt/ros/humble/share/rmw_fastrtps_cpp/cmake)\n'}
[0.499990] (-) TimerEvent: {}
[0.551940] (serverpublisher) StdoutLine: {'line': b'-- Found OpenSSL: /usr/lib/x86_64-linux-gnu/libcrypto.so (found version "3.0.2")  \n'}
[0.570510] (serverpublisher) StdoutLine: {'line': b'-- Found FastRTPS: /opt/ros/humble/include  \n'}
[0.600122] (-) TimerEvent: {}
[0.604008] (serverpublisher) StdoutLine: {'line': b"-- Using RMW implementation 'rmw_fastrtps_cpp' as default\n"}
[0.610131] (serverpublisher) StdoutLine: {'line': b'-- Looking for pthread.h\n'}
[0.656685] (serverpublisher) StdoutLine: {'line': b'-- Looking for pthread.h - found\n'}
[0.656927] (serverpublisher) StdoutLine: {'line': b'-- Performing Test CMAKE_HAVE_LIBC_PTHREAD\n'}
[0.700226] (-) TimerEvent: {}
[0.701720] (serverpublisher) StdoutLine: {'line': b'-- Performing Test CMAKE_HAVE_LIBC_PTHREAD - Success\n'}
[0.702574] (serverpublisher) StdoutLine: {'line': b'-- Found Threads: TRUE  \n'}
[0.800321] (-) TimerEvent: {}
[0.810137] (serverpublisher) StdoutLine: {'line': b'-- Found tf2: 0.25.1 (/opt/ros/humble/share/tf2/cmake)\n'}
[0.851819] (serverpublisher) StdoutLine: {'line': b'-- Found tf2_ros: 0.25.1 (/opt/ros/humble/share/tf2_ros/cmake)\n'}
[0.900431] (-) TimerEvent: {}
[1.000671] (-) TimerEvent: {}
[1.071164] (serverpublisher) StdoutLine: {'line': b'-- Found rosidl_default_generators: 1.2.0 (/opt/ros/humble/share/rosidl_default_generators/cmake)\n'}
[1.100769] (-) TimerEvent: {}
[1.201033] (-) TimerEvent: {}
[1.280272] (serverpublisher) StdoutLine: {'line': b'-- Found ament_cmake_ros: 0.10.0 (/opt/ros/humble/share/ament_cmake_ros/cmake)\n'}
[1.301113] (-) TimerEvent: {}
[1.401320] (-) TimerEvent: {}
[1.501553] (-) TimerEvent: {}
[1.563007] (serverpublisher) StdoutLine: {'line': b'-- Using all available rosidl_typesupport_c: rosidl_typesupport_fastrtps_c;rosidl_typesupport_introspection_c\n'}
[1.601650] (-) TimerEvent: {}
[1.674305] (serverpublisher) StdoutLine: {'line': b'-- Using all available rosidl_typesupport_cpp: rosidl_typesupport_fastrtps_cpp;rosidl_typesupport_introspection_cpp\n'}
[1.688631] (serverpublisher) StdoutLine: {'line': b'-- Found PythonInterp: /usr/bin/python3 (found suitable version "3.10.6", minimum required is "3.6") \n'}
[1.689657] (serverpublisher) StdoutLine: {'line': b'-- Found python_cmake_module: 0.10.0 (/opt/ros/humble/share/python_cmake_module/cmake)\n'}
[1.701762] (-) TimerEvent: {}
[1.709028] (serverpublisher) StdoutLine: {'line': b'-- Found PythonLibs: /usr/lib/x86_64-linux-gnu/libpython3.10.so (found suitable version "3.10.6", minimum required is "3.5") \n'}
[1.709194] (serverpublisher) StdoutLine: {'line': b'-- Using PYTHON_EXECUTABLE: /usr/bin/python3\n'}
[1.709261] (serverpublisher) StdoutLine: {'line': b'-- Using PYTHON_INCLUDE_DIRS: /usr/include/python3.10\n'}
[1.709316] (serverpublisher) StdoutLine: {'line': b'-- Using PYTHON_LIBRARIES: /usr/lib/x86_64-linux-gnu/libpython3.10.so\n'}
[1.722099] (serverpublisher) StdoutLine: {'line': b'-- Found PythonExtra: .so  \n'}
[1.761944] (serverpublisher) StdoutLine: {'line': b'-- Found ament_lint_auto: 0.12.4 (/opt/ros/humble/share/ament_lint_auto/cmake)\n'}
[1.780994] (serverpublisher) StdoutLine: {'line': b"-- Found gtest sources under '/opt/ros/humble/src/gtest_vendor': C++ tests using 'Google Test' will be built\n"}
[1.792698] (serverpublisher) StdoutLine: {'line': b"-- Added test 'pep257' to check Python code against some of the docstring style conventions in PEP 257\n"}
[1.794248] (serverpublisher) StdoutLine: {'line': b'-- Configuring done\n'}
[1.801810] (-) TimerEvent: {}
[1.844522] (serverpublisher) StdoutLine: {'line': b'-- Generating done\n'}
[1.846794] (serverpublisher) StdoutLine: {'line': b'-- Build files have been written to: /home/chotu/Beginner_Tutorials_Ros2/build/serverpublisher\n'}
[1.858044] (serverpublisher) CommandEnded: {'returncode': 0}
[1.858629] (serverpublisher) JobProgress: {'identifier': 'serverpublisher', 'progress': 'build'}
[1.859144] (serverpublisher) Command: {'cmd': ['/usr/bin/cmake', '--build', '/home/chotu/Beginner_Tutorials_Ros2/build/serverpublisher', '--', '-j16', '-l16'], 'cwd': '/home/chotu/Beginner_Tutorials_Ros2/build/serverpublisher', 'env': OrderedDict([('USER', 'chotu'), ('XDG_SESSION_TYPE', 'x11'), ('SHLVL', '1'), ('LD_LIBRARY_PATH', '/usr/lib/x86_64-linux-gnu/gazebo-11/plugins:/opt/ros/humble/opt/rviz_ogre_vendor/lib:/opt/ros/humble/lib/x86_64-linux-gnu:/opt/ros/humble/lib'), ('HOME', '/home/chotu'), ('OLDPWD', '/home/chotu'), ('DESKTOP_SESSION', 'ubuntu'), ('ROS_PYTHON_VERSION', '3'), ('GNOME_SHELL_SESSION_MODE', 'ubuntu'), ('GTK_MODULES', 'gail:atk-bridge'), ('SYSTEMD_EXEC_PID', '2728'), ('DBUS_SESSION_BUS_ADDRESS', 'unix:path=/run/user/1000/bus'), ('COLORTERM', 'truecolor'), ('_colcon_cd_root', '/opt/ros/humble/'), ('ROS_DISTRO', 'humble'), ('LOGNAME', 'chotu'), ('_', '/usr/bin/colcon'), ('ROS_VERSION', '2'), ('XDG_SESSION_CLASS', 'user'), ('USERNAME', 'chotu'), ('TERM', 'xterm-256color'), ('GNOME_DESKTOP_SESSION_ID', 'this-is-deprecated'), ('ROS_LOCALHOST_ONLY', '1'), ('WINDOWPATH', '2'), ('PATH', '/opt/ros/humble/bin:/usr/local/sbin:/usr/local/bin:/usr/sbin:/usr/bin:/sbin:/bin:/usr/games:/usr/local/games:/snap/bin:/snap/bin'), ('SESSION_MANAGER', 'local/chotu25:@/tmp/.ICE-unix/2544,unix/chotu25:/tmp/.ICE-unix/2544'), ('XDG_MENU_PREFIX', 'gnome-'), ('GNOME_TERMINAL_SCREEN', '/org/gnome/Terminal/screen/812306fa_a292_4e7c_a9cc_665a3d693d29'), ('XDG_RUNTIME_DIR', '/run/user/1000'), ('DISPLAY', ':0'), ('LANG', 'en_US.UTF-8'), ('XDG_CURRENT_DESKTOP', 'ubuntu:GNOME'), ('XMODIFIERS', '@im=ibus'), ('XDG_SESSION_DESKTOP', 'ubuntu'), ('XAUTHORITY', '/run/user/1000/gdm/Xauthority'), ('GNOME_TERMINAL_SERVICE', ':1.1135'), ('SSH_AGENT_LAUNCHER', 'gnome-keyring'), ('SSH_AUTH_SOCK', '/run/user/1000/keyring/ssh'), ('AMENT_PREFIX_PATH', '/opt/ros/humble'), ('SHELL', '/bin/bash'), ('QT_ACCESSIBILITY', '1'), ('GDMSESSION', 'ubuntu'), ('GPG_AGENT_INFO', '/run/user/1000/gnupg/S.gpg-agent:0:1'), ('QT_IM_MODULE', 'ibus'), ('PWD', '/home/chotu/Beginner_Tutorials_Ros2/build/serverpublisher'), ('LC_ALL', 'en_US.UTF-8'), ('XDG_CONFIG_DIRS', '/etc/xdg/xdg-ubuntu:/etc/xdg'), ('XDG_DATA_DIRS', '/usr/share/ubuntu:/usr/share/gnome:/usr/local/share/:/usr/share/:/var/lib/snapd/desktop'), ('PYTHONPATH', '/opt/ros/humble/lib/python3.10/site-packages:/opt/ros/humble/local/lib/python3.10/dist-packages'), ('COLCON', '1'), ('VTE_VERSION', '6800'), ('CMAKE_PREFIX_PATH', '/opt/ros/humble')]), 'shell': False}
[1.885543] (serverpublisher) StdoutLine: {'line': b'[  1%] \x1b[34m\x1b[1mGenerating C code for ROS interfaces\x1b[0m\n'}
[1.891185] (serverpublisher) StdoutLine: {'line': b'[  5%] \x1b[32mBuilding CXX object gtest/CMakeFiles/gtest.dir/src/gtest-all.cc.o\x1b[0m\n'}
[1.891372] (serverpublisher) StdoutLine: {'line': b'[  5%] \x1b[34m\x1b[1mGenerating C++ code for ROS interfaces\x1b[0m\n'}
[1.891470] (serverpublisher) StdoutLine: {'line': b'[  5%] \x1b[32mBuilding CXX object gtest/CMakeFiles/gtest_main.dir/src/gtest_main.cc.o\x1b[0m\n'}
[1.897290] (serverpublisher) StdoutLine: {'line': b'[  5%] Built target ament_cmake_python_copy_serverpublisher\n'}
[1.901907] (-) TimerEvent: {}
[2.002183] (-) TimerEvent: {}
[2.102578] (serverpublisher) StdoutLine: {'line': b'running egg_info\n'}
[2.102814] (-) TimerEvent: {}
[2.103159] (serverpublisher) StdoutLine: {'line': b'creating serverpublisher.egg-info\n'}
[2.103360] (serverpublisher) StdoutLine: {'line': b'writing serverpublisher.egg-info/PKG-INFO\n'}
[2.103543] (serverpublisher) StdoutLine: {'line': b'writing dependency_links to serverpublisher.egg-info/dependency_links.txt\n'}
[2.103661] (serverpublisher) StdoutLine: {'line': b'writing top-level names to serverpublisher.egg-info/top_level.txt\n'}
[2.103875] (serverpublisher) StdoutLine: {'line': b"writing manifest file 'serverpublisher.egg-info/SOURCES.txt'\n"}
[2.105438] (serverpublisher) StdoutLine: {'line': b"reading manifest file 'serverpublisher.egg-info/SOURCES.txt'\n"}
[2.105794] (serverpublisher) StdoutLine: {'line': b"writing manifest file 'serverpublisher.egg-info/SOURCES.txt'\n"}
[2.139343] (serverpublisher) StdoutLine: {'line': b'[  5%] Built target ament_cmake_python_build_serverpublisher_egg\n'}
[2.202913] (-) TimerEvent: {}
[2.278439] (serverpublisher) StdoutLine: {'line': b'[  5%] Built target serverpublisher__cpp\n'}
[2.283586] (serverpublisher) StdoutLine: {'line': b'[  7%] \x1b[34m\x1b[1mGenerating C++ type support for eProsima Fast-RTPS\x1b[0m\n'}
[2.283796] (serverpublisher) StdoutLine: {'line': b'[  7%] \x1b[34m\x1b[1mGenerating C++ introspection for ROS interfaces\x1b[0m\n'}
[2.283891] (serverpublisher) StdoutLine: {'line': b'[  8%] \x1b[34m\x1b[1mGenerating C++ type support dispatch for ROS interfaces\x1b[0m\n'}
[2.296690] (serverpublisher) StdoutLine: {'line': b'[ 13%] \x1b[32mBuilding C object CMakeFiles/serverpublisher__rosidl_generator_c.dir/rosidl_generator_c/serverpublisher/msg/detail/num__functions.c.o\x1b[0m\n'}
[2.296923] (serverpublisher) StdoutLine: {'line': b'[ 13%] \x1b[32mBuilding C object CMakeFiles/serverpublisher__rosidl_generator_c.dir/rosidl_generator_c/serverpublisher/msg/detail/sphere__functions.c.o\x1b[0m\n'}
[2.296994] (serverpublisher) StdoutLine: {'line': b'[ 13%] \x1b[32mBuilding C object CMakeFiles/serverpublisher__rosidl_generator_c.dir/rosidl_generator_c/serverpublisher/msg/detail/data__functions.c.o\x1b[0m\n'}
[2.297055] (serverpublisher) StdoutLine: {'line': b'[ 13%] \x1b[32mBuilding C object CMakeFiles/serverpublisher__rosidl_generator_c.dir/rosidl_generator_c/serverpublisher/srv/detail/change_string__functions.c.o\x1b[0m\n'}
[2.297115] (serverpublisher) StdoutLine: {'line': b'[ 15%] \x1b[32mBuilding C object CMakeFiles/serverpublisher__rosidl_generator_c.dir/rosidl_generator_c/serverpublisher/srv/detail/add_three_ints__functions.c.o\x1b[0m\n'}
[2.303026] (-) TimerEvent: {}
[2.339793] (serverpublisher) StdoutLine: {'line': b'[ 16%] \x1b[32m\x1b[1mLinking C shared library libserverpublisher__rosidl_generator_c.so\x1b[0m\n'}
[2.367065] (serverpublisher) StdoutLine: {'line': b'[ 16%] Built target serverpublisher__rosidl_generator_c\n'}
[2.373979] (serverpublisher) StdoutLine: {'line': b'[ 20%] \x1b[34m\x1b[1mGenerating C type support for eProsima Fast-RTPS\x1b[0m\n'}
[2.374162] (serverpublisher) StdoutLine: {'line': b'[ 20%] \x1b[34m\x1b[1mGenerating C introspection for ROS interfaces\x1b[0m\n'}
[2.374237] (serverpublisher) StdoutLine: {'line': b'[ 20%] \x1b[34m\x1b[1mGenerating C type support dispatch for ROS interfaces\x1b[0m\n'}
[2.403114] (-) TimerEvent: {}
[2.503389] (-) TimerEvent: {}
[2.554528] (serverpublisher) StdoutLine: {'line': b'[ 25%] \x1b[32mBuilding CXX object CMakeFiles/serverpublisher__rosidl_typesupport_cpp.dir/rosidl_typesupport_cpp/serverpublisher/srv/change_string__type_support.cpp.o\x1b[0m\n'}
[2.554759] (serverpublisher) StdoutLine: {'line': b'[ 26%] \x1b[32mBuilding CXX object CMakeFiles/serverpublisher__rosidl_typesupport_cpp.dir/rosidl_typesupport_cpp/serverpublisher/msg/data__type_support.cpp.o\x1b[0m\n'}
[2.554862] (serverpublisher) StdoutLine: {'line': b'[ 26%] \x1b[32mBuilding CXX object CMakeFiles/serverpublisher__rosidl_typesupport_cpp.dir/rosidl_typesupport_cpp/serverpublisher/msg/sphere__type_support.cpp.o\x1b[0m\n'}
[2.554927] (serverpublisher) StdoutLine: {'line': b'[ 26%] \x1b[32mBuilding CXX object CMakeFiles/serverpublisher__rosidl_typesupport_cpp.dir/rosidl_typesupport_cpp/serverpublisher/srv/add_three_ints__type_support.cpp.o\x1b[0m\n'}
[2.555279] (serverpublisher) StdoutLine: {'line': b'[ 26%] \x1b[32mBuilding CXX object CMakeFiles/serverpublisher__rosidl_typesupport_cpp.dir/rosidl_typesupport_cpp/serverpublisher/msg/num__type_support.cpp.o\x1b[0m\n'}
[2.603507] (-) TimerEvent: {}
[2.625219] (serverpublisher) StdoutLine: {'line': b'[ 29%] \x1b[32mBuilding CXX object CMakeFiles/serverpublisher__rosidl_typesupport_introspection_cpp.dir/rosidl_typesupport_introspection_cpp/serverpublisher/srv/detail/add_three_ints__type_support.cpp.o\x1b[0m\n'}
[2.625549] (serverpublisher) StdoutLine: {'line': b'[ 29%] \x1b[32mBuilding CXX object CMakeFiles/serverpublisher__rosidl_typesupport_introspection_cpp.dir/rosidl_typesupport_introspection_cpp/serverpublisher/msg/detail/num__type_support.cpp.o\x1b[0m\n'}
[2.625739] (serverpublisher) StdoutLine: {'line': b'[ 30%] \x1b[32mBuilding CXX object CMakeFiles/serverpublisher__rosidl_typesupport_introspection_cpp.dir/rosidl_typesupport_introspection_cpp/serverpublisher/msg/detail/sphere__type_support.cpp.o\x1b[0m\n'}
[2.636382] (serverpublisher) StdoutLine: {'line': b'[ 31%] \x1b[32mBuilding CXX object CMakeFiles/serverpublisher__rosidl_typesupport_introspection_cpp.dir/rosidl_typesupport_introspection_cpp/serverpublisher/srv/detail/change_string__type_support.cpp.o\x1b[0m\n'}
[2.655512] (serverpublisher) StdoutLine: {'line': b'[ 32%] \x1b[32mBuilding CXX object CMakeFiles/serverpublisher__rosidl_typesupport_introspection_cpp.dir/rosidl_typesupport_introspection_cpp/serverpublisher/msg/detail/data__type_support.cpp.o\x1b[0m\n'}
[2.703637] (-) TimerEvent: {}
[2.755419] (serverpublisher) StdoutLine: {'line': b'[ 34%] \x1b[32mBuilding CXX object CMakeFiles/serverpublisher__rosidl_typesupport_c.dir/rosidl_typesupport_c/serverpublisher/msg/num__type_support.cpp.o\x1b[0m\n'}
[2.773567] (serverpublisher) StdoutLine: {'line': b'[ 35%] \x1b[32m\x1b[1mLinking CXX static library libgtest_main.a\x1b[0m\n'}
[2.796442] (serverpublisher) StdoutLine: {'line': b'[ 36%] \x1b[32mBuilding CXX object CMakeFiles/serverpublisher__rosidl_typesupport_fastrtps_cpp.dir/rosidl_typesupport_fastrtps_cpp/serverpublisher/msg/detail/dds_fastrtps/num__type_support.cpp.o\x1b[0m\n'}
[2.803812] (-) TimerEvent: {}
[2.819566] (serverpublisher) StdoutLine: {'line': b'[ 37%] \x1b[32mBuilding CXX object CMakeFiles/serverpublisher__rosidl_typesupport_c.dir/rosidl_typesupport_c/serverpublisher/msg/sphere__type_support.cpp.o\x1b[0m\n'}
[2.869012] (serverpublisher) StdoutLine: {'line': b'[ 39%] \x1b[32mBuilding CXX object CMakeFiles/serverpublisher__rosidl_typesupport_c.dir/rosidl_typesupport_c/serverpublisher/msg/data__type_support.cpp.o\x1b[0m\n'}
[2.891134] (serverpublisher) StdoutLine: {'line': b'[ 39%] Built target gtest_main\n'}
[2.893177] (serverpublisher) StdoutLine: {'line': b'[ 41%] \x1b[32mBuilding CXX object CMakeFiles/serverpublisher__rosidl_typesupport_c.dir/rosidl_typesupport_c/serverpublisher/srv/add_three_ints__type_support.cpp.o\x1b[0m\n'}
[2.893458] (serverpublisher) StdoutLine: {'line': b'[ 41%] \x1b[32mBuilding CXX object CMakeFiles/serverpublisher__rosidl_typesupport_fastrtps_cpp.dir/rosidl_typesupport_fastrtps_cpp/serverpublisher/msg/detail/dds_fastrtps/sphere__type_support.cpp.o\x1b[0m\n'}
[2.901780] (serverpublisher) StdoutLine: {'line': b'[ 43%] \x1b[32mBuilding CXX object CMakeFiles/serverpublisher__rosidl_typesupport_fastrtps_cpp.dir/rosidl_typesupport_fastrtps_cpp/serverpublisher/msg/detail/dds_fastrtps/data__type_support.cpp.o\x1b[0m\n'}
[2.903889] (-) TimerEvent: {}
[2.905299] (serverpublisher) StdoutLine: {'line': b'[ 46%] \x1b[32mBuilding C object CMakeFiles/serverpublisher__rosidl_typesupport_introspection_c.dir/rosidl_typesupport_introspection_c/serverpublisher/msg/detail/sphere__type_support.c.o\x1b[0m\n'}
[2.905549] (serverpublisher) StdoutLine: {'line': b'[ 46%] \x1b[32mBuilding C object CMakeFiles/serverpublisher__rosidl_typesupport_introspection_c.dir/rosidl_typesupport_introspection_c/serverpublisher/msg/detail/num__type_support.c.o\x1b[0m\n'}
[2.905709] (serverpublisher) StdoutLine: {'line': b'[ 46%] \x1b[32mBuilding CXX object CMakeFiles/serverpublisher__rosidl_typesupport_fastrtps_cpp.dir/rosidl_typesupport_fastrtps_cpp/serverpublisher/srv/detail/dds_fastrtps/add_three_ints__type_support.cpp.o\x1b[0m\n'}
[2.928391] (serverpublisher) StdoutLine: {'line': b'[ 48%] \x1b[32mBuilding CXX object CMakeFiles/serverpublisher__rosidl_typesupport_c.dir/rosidl_typesupport_c/serverpublisher/srv/change_string__type_support.cpp.o\x1b[0m\n'}
[2.938923] (serverpublisher) StdoutLine: {'line': b'[ 49%] \x1b[32mBuilding C object CMakeFiles/serverpublisher__rosidl_typesupport_introspection_c.dir/rosidl_typesupport_introspection_c/serverpublisher/msg/detail/data__type_support.c.o\x1b[0m\n'}
[2.941359] (serverpublisher) StdoutLine: {'line': b'[ 50%] \x1b[32mBuilding CXX object CMakeFiles/serverpublisher__rosidl_typesupport_fastrtps_cpp.dir/rosidl_typesupport_fastrtps_cpp/serverpublisher/srv/detail/dds_fastrtps/change_string__type_support.cpp.o\x1b[0m\n'}
[2.957504] (serverpublisher) StdoutLine: {'line': b'[ 51%] \x1b[32mBuilding C object CMakeFiles/serverpublisher__rosidl_typesupport_introspection_c.dir/rosidl_typesupport_introspection_c/serverpublisher/srv/detail/add_three_ints__type_support.c.o\x1b[0m\n'}
[2.968456] (serverpublisher) StdoutLine: {'line': b'[ 53%] \x1b[32m\x1b[1mLinking CXX shared library libserverpublisher__rosidl_typesupport_c.so\x1b[0m\n'}
[2.973041] (serverpublisher) StdoutLine: {'line': b'[ 54%] \x1b[32mBuilding CXX object CMakeFiles/serverpublisher__rosidl_typesupport_fastrtps_c.dir/rosidl_typesupport_fastrtps_c/serverpublisher/msg/detail/num__type_support_c.cpp.o\x1b[0m\n'}
[2.979014] (serverpublisher) StdoutLine: {'line': b'[ 55%] \x1b[32mBuilding C object CMakeFiles/serverpublisher__rosidl_typesupport_introspection_c.dir/rosidl_typesupport_introspection_c/serverpublisher/srv/detail/change_string__type_support.c.o\x1b[0m\n'}
[2.987029] (serverpublisher) StdoutLine: {'line': b'[ 56%] \x1b[32m\x1b[1mLinking CXX shared library libserverpublisher__rosidl_typesupport_cpp.so\x1b[0m\n'}
[3.002050] (serverpublisher) StdoutLine: {'line': b'[ 58%] \x1b[32mBuilding CXX object CMakeFiles/serverpublisher__rosidl_typesupport_fastrtps_c.dir/rosidl_typesupport_fastrtps_c/serverpublisher/msg/detail/sphere__type_support_c.cpp.o\x1b[0m\n'}
[3.003988] (-) TimerEvent: {}
[3.027902] (serverpublisher) StdoutLine: {'line': b'[ 59%] \x1b[32m\x1b[1mLinking C shared library libserverpublisher__rosidl_typesupport_introspection_c.so\x1b[0m\n'}
[3.036054] (serverpublisher) StdoutLine: {'line': b'[ 59%] Built target serverpublisher__rosidl_typesupport_c\n'}
[3.043713] (serverpublisher) StdoutLine: {'line': b'[ 59%] Built target serverpublisher__rosidl_typesupport_cpp\n'}
[3.048630] (serverpublisher) StdoutLine: {'line': b'[ 60%] \x1b[32mBuilding CXX object CMakeFiles/serverpublisher__rosidl_typesupport_fastrtps_c.dir/rosidl_typesupport_fastrtps_c/serverpublisher/msg/detail/data__type_support_c.cpp.o\x1b[0m\n'}
[3.072903] (serverpublisher) StdoutLine: {'line': b'[ 62%] \x1b[32mBuilding CXX object CMakeFiles/talker.dir/src/publisher_member_function.cpp.o\x1b[0m\n'}
[3.083040] (serverpublisher) StdoutLine: {'line': b'[ 62%] Built target serverpublisher__rosidl_typesupport_introspection_c\n'}
[3.104211] (-) TimerEvent: {}
[3.111690] (serverpublisher) StdoutLine: {'line': b'[ 63%] \x1b[32mBuilding CXX object CMakeFiles/serverpublisher__rosidl_typesupport_fastrtps_c.dir/rosidl_typesupport_fastrtps_c/serverpublisher/srv/detail/add_three_ints__type_support_c.cpp.o\x1b[0m\n'}
[3.112981] (serverpublisher) StdoutLine: {'line': b'[ 64%] \x1b[32mBuilding CXX object CMakeFiles/talkerandlistner.dir/src/pub_sub_node.cpp.o\x1b[0m\n'}
[3.138150] (serverpublisher) StdoutLine: {'line': b'[ 65%] \x1b[32mBuilding CXX object CMakeFiles/serverpublisher__rosidl_typesupport_fastrtps_c.dir/rosidl_typesupport_fastrtps_c/serverpublisher/srv/detail/change_string__type_support_c.cpp.o\x1b[0m\n'}
[3.158880] (serverpublisher) StdoutLine: {'line': b'[ 67%] \x1b[32m\x1b[1mLinking CXX shared library libserverpublisher__rosidl_typesupport_introspection_cpp.so\x1b[0m\n'}
[3.178259] (serverpublisher) StdoutLine: {'line': b'[ 68%] \x1b[32mBuilding CXX object CMakeFiles/server.dir/src/add_two_ints_server.cpp.o\x1b[0m\n'}
[3.189537] (serverpublisher) StdoutLine: {'line': b'[ 69%] \x1b[32mBuilding CXX object CMakeFiles/stringserver.dir/src/change_string_server.cpp.o\x1b[0m\n'}
[3.204668] (-) TimerEvent: {}
[3.305171] (-) TimerEvent: {}
[3.348340] (serverpublisher) StdoutLine: {'line': b'[ 69%] Built target serverpublisher__rosidl_typesupport_introspection_cpp\n'}
[3.405305] (-) TimerEvent: {}
[3.410758] (serverpublisher) StdoutLine: {'line': b'[ 70%] \x1b[32mBuilding CXX object CMakeFiles/static_transform_publisher.dir/src/static_transform_publisher.cpp.o\x1b[0m\n'}
[3.505420] (-) TimerEvent: {}
[3.520022] (serverpublisher) StdoutLine: {'line': b'[ 72%] \x1b[32m\x1b[1mLinking CXX shared library libserverpublisher__rosidl_typesupport_fastrtps_cpp.so\x1b[0m\n'}
[3.605631] (-) TimerEvent: {}
[3.611522] (serverpublisher) StdoutLine: {'line': b'[ 72%] Built target serverpublisher__rosidl_typesupport_fastrtps_cpp\n'}
[3.642525] (serverpublisher) StdoutLine: {'line': b'[ 73%] \x1b[32m\x1b[1mLinking CXX shared library libserverpublisher__rosidl_typesupport_fastrtps_c.so\x1b[0m\n'}
[3.705736] (-) TimerEvent: {}
[3.733557] (serverpublisher) StdoutLine: {'line': b'[ 73%] Built target serverpublisher__rosidl_typesupport_fastrtps_c\n'}
[3.754260] (serverpublisher) StdoutLine: {'line': b'[ 73%] Built target serverpublisher\n'}
[3.770868] (serverpublisher) StdoutLine: {'line': b'[ 74%] \x1b[34m\x1b[1mGenerating Python code for ROS interfaces\x1b[0m\n'}
[3.805839] (-) TimerEvent: {}
[3.906206] (-) TimerEvent: {}
[4.006531] (-) TimerEvent: {}
[4.106885] (-) TimerEvent: {}
[4.207229] (-) TimerEvent: {}
[4.282968] (serverpublisher) StdoutLine: {'line': b'[ 74%] Built target serverpublisher__py\n'}
[4.297966] (serverpublisher) StdoutLine: {'line': b'[ 75%] \x1b[32mBuilding C object CMakeFiles/serverpublisher__rosidl_generator_py.dir/rosidl_generator_py/serverpublisher/msg/_sphere_s.c.o\x1b[0m\n'}
[4.298497] (serverpublisher) StdoutLine: {'line': b'[ 81%] \x1b[32mBuilding C object CMakeFiles/serverpublisher__rosidl_generator_py.dir/rosidl_generator_py/serverpublisher/srv/_add_three_ints_s.c.o\x1b[0m\n'}
[4.298698] (serverpublisher) StdoutLine: {'line': b'[ 81%] \x1b[32mBuilding C object CMakeFiles/serverpublisher__rosidl_generator_py.dir/rosidl_generator_py/serverpublisher/srv/_change_string_s.c.o\x1b[0m\n'}
[4.298831] (serverpublisher) StdoutLine: {'line': b'[ 81%] \x1b[32mBuilding C object CMakeFiles/serverpublisher__rosidl_generator_py.dir/rosidl_generator_py/serverpublisher/msg/_data_s.c.o\x1b[0m\n'}
[4.298953] (serverpublisher) StdoutLine: {'line': b'[ 81%] \x1b[32mBuilding C object CMakeFiles/serverpublisher__rosidl_generator_py.dir/rosidl_generator_py/serverpublisher/msg/_num_s.c.o\x1b[0m\n'}
[4.307384] (-) TimerEvent: {}
[4.407829] (-) TimerEvent: {}
[4.419657] (serverpublisher) StdoutLine: {'line': b'[ 82%] \x1b[32m\x1b[1mLinking C shared library rosidl_generator_py/serverpublisher/libserverpublisher__rosidl_generator_py.so\x1b[0m\n'}
[4.450853] (serverpublisher) StdoutLine: {'line': b'[ 82%] Built target serverpublisher__rosidl_generator_py\n'}
[4.465441] (serverpublisher) StdoutLine: {'line': b'[ 84%] \x1b[32mBuilding C object CMakeFiles/serverpublisher__rosidl_typesupport_introspection_c__pyext.dir/rosidl_generator_py/serverpublisher/_serverpublisher_s.ep.rosidl_typesupport_introspection_c.c.o\x1b[0m\n'}
[4.465712] (serverpublisher) StdoutLine: {'line': b'[ 84%] \x1b[32mBuilding C object CMakeFiles/serverpublisher__rosidl_typesupport_c__pyext.dir/rosidl_generator_py/serverpublisher/_serverpublisher_s.ep.rosidl_typesupport_c.c.o\x1b[0m\n'}
[4.465800] (serverpublisher) StdoutLine: {'line': b'[ 86%] \x1b[32mBuilding C object CMakeFiles/serverpublisher__rosidl_typesupport_fastrtps_c__pyext.dir/rosidl_generator_py/serverpublisher/_serverpublisher_s.ep.rosidl_typesupport_fastrtps_c.c.o\x1b[0m\n'}
[4.507963] (-) TimerEvent: {}
[4.554632] (serverpublisher) StdoutLine: {'line': b'[ 87%] \x1b[32m\x1b[1mLinking C shared library rosidl_generator_py/serverpublisher/serverpublisher_s__rosidl_typesupport_fastrtps_c.cpython-310-x86_64-linux-gnu.so\x1b[0m\n'}
[4.589480] (serverpublisher) StdoutLine: {'line': b'[ 87%] Built target serverpublisher__rosidl_typesupport_fastrtps_c__pyext\n'}
[4.591195] (serverpublisher) StdoutLine: {'line': b'[ 88%] \x1b[32m\x1b[1mLinking C shared library rosidl_generator_py/serverpublisher/serverpublisher_s__rosidl_typesupport_introspection_c.cpython-310-x86_64-linux-gnu.so\x1b[0m\n'}
[4.594244] (serverpublisher) StdoutLine: {'line': b'[ 89%] \x1b[32m\x1b[1mLinking C shared library rosidl_generator_py/serverpublisher/serverpublisher_s__rosidl_typesupport_c.cpython-310-x86_64-linux-gnu.so\x1b[0m\n'}
[4.608373] (-) TimerEvent: {}
[4.619772] (serverpublisher) StdoutLine: {'line': b'[ 89%] Built target serverpublisher__rosidl_typesupport_introspection_c__pyext\n'}
[4.622404] (serverpublisher) StdoutLine: {'line': b'[ 89%] Built target serverpublisher__rosidl_typesupport_c__pyext\n'}
[4.708486] (-) TimerEvent: {}
[4.808864] (-) TimerEvent: {}
[4.909206] (-) TimerEvent: {}
[4.942133] (serverpublisher) StdoutLine: {'line': b'[ 91%] \x1b[32m\x1b[1mLinking CXX static library libgtest.a\x1b[0m\n'}
[5.005303] (serverpublisher) StdoutLine: {'line': b'[ 91%] Built target gtest\n'}
[5.009284] (-) TimerEvent: {}
[5.018614] (serverpublisher) StdoutLine: {'line': b'[ 92%] \x1b[32mBuilding CXX object CMakeFiles/server_test.dir/test/test_server.cpp.o\x1b[0m\n'}
[5.109402] (-) TimerEvent: {}
[5.209924] (-) TimerEvent: {}
[5.310366] (-) TimerEvent: {}
[5.410761] (-) TimerEvent: {}
[5.511133] (-) TimerEvent: {}
[5.611474] (-) TimerEvent: {}
[5.711816] (-) TimerEvent: {}
[5.812176] (-) TimerEvent: {}
[5.912536] (-) TimerEvent: {}
[6.012924] (-) TimerEvent: {}
[6.113280] (-) TimerEvent: {}
[6.213634] (-) TimerEvent: {}
[6.240171] (serverpublisher) StdoutLine: {'line': b'[ 93%] \x1b[32m\x1b[1mLinking CXX executable stringserver\x1b[0m\n'}
[6.257461] (serverpublisher) StdoutLine: {'line': b'[ 94%] \x1b[32m\x1b[1mLinking CXX executable server\x1b[0m\n'}
[6.313777] (-) TimerEvent: {}
[6.401864] (serverpublisher) StdoutLine: {'line': b'[ 94%] Built target stringserver\n'}
[6.405819] (serverpublisher) StdoutLine: {'line': b'[ 94%] Built target server\n'}
[6.413892] (-) TimerEvent: {}
[6.514252] (-) TimerEvent: {}
[6.614553] (-) TimerEvent: {}
[6.714810] (-) TimerEvent: {}
[6.815094] (-) TimerEvent: {}
[6.915378] (-) TimerEvent: {}
[7.015705] (-) TimerEvent: {}
[7.115985] (-) TimerEvent: {}
[7.216290] (-) TimerEvent: {}
[7.316592] (-) TimerEvent: {}
[7.328960] (serverpublisher) StderrLine: {'line': b'\x1b[01m\x1b[K/home/chotu/Beginner_Tutorials_Ros2/test/test_server.cpp:\x1b[m\x1b[K In member function \xe2\x80\x98\x1b[01m\x1b[Kvirtual void test_services_client_Manipulation1_Test::TestBody()\x1b[m\x1b[K\xe2\x80\x99:\n'}
[7.329231] (serverpublisher) StderrLine: {'line': b'\x1b[01m\x1b[K/home/chotu/Beginner_Tutorials_Ros2/test/test_server.cpp:159:18:\x1b[m\x1b[K \x1b[01;31m\x1b[Kerror: \x1b[m\x1b[K\xe2\x80\x98\x1b[01m\x1b[Kros2_cpp_pubsub\x1b[m\x1b[K\xe2\x80\x99 was not declared in this scope\n'}
[7.329299] (serverpublisher) StderrLine: {'line': b'  159 |                 <\x1b[01;31m\x1b[Kros2_cpp_pubsub\x1b[m\x1b[K::srv::ChangeString>(service_name);\n'}
[7.329370] (serverpublisher) StderrLine: {'line': b'      |                  \x1b[01;31m\x1b[K^~~~~~~~~~~~~~~\x1b[m\x1b[K\n'}
[7.329436] (serverpublisher) StderrLine: {'line': b'\x1b[01m\x1b[K/home/chotu/Beginner_Tutorials_Ros2/test/test_server.cpp:158:27:\x1b[m\x1b[K \x1b[01;31m\x1b[Kerror: \x1b[m\x1b[Kparse error in template argument list\n'}
[7.329548] (serverpublisher) StderrLine: {'line': b'  158 |     CLIENT client = node->\x1b[01;31m\x1b[Kcreate_client\x1b[m\x1b[K\n'}
[7.329592] (serverpublisher) StderrLine: {'line': b'      |                           \x1b[01;31m\x1b[K^~~~~~~~~~~~~\x1b[m\x1b[K\n'}
[7.329631] (serverpublisher) StderrLine: {'line': b'  159 | \x1b[01;31m\x1b[K                <ros2_cpp_pubsub::srv::ChangeString>\x1b[m\x1b[K(service_name);\n'}
[7.329669] (serverpublisher) StderrLine: {'line': b'      |                 \x1b[01;31m\x1b[K~~~~~~~~~~~~~~~~~~~~~~~~~~~~~~~~~~~~\x1b[m\x1b[K\n'}
[7.329706] (serverpublisher) StderrLine: {'line': b'\x1b[01m\x1b[K/home/chotu/Beginner_Tutorials_Ros2/test/test_server.cpp:159:53:\x1b[m\x1b[K \x1b[01;31m\x1b[Kerror: \x1b[m\x1b[Kno matching function for call to \xe2\x80\x98\x1b[01m\x1b[Krclcpp::Node::create_client<<expression error> >(const char*&)\x1b[m\x1b[K\xe2\x80\x99\n'}
[7.329746] (serverpublisher) StderrLine: {'line': b'  158 |     CLIENT client = \x1b[01;31m\x1b[Knode->create_client\x1b[m\x1b[K\n'}
[7.329782] (serverpublisher) StderrLine: {'line': b'      |                     \x1b[01;31m\x1b[K~~~~~~~~~~~~~~~~~~~\x1b[m\x1b[K              \n'}
[7.329857] (serverpublisher) StderrLine: {'line': b'  159 | \x1b[01;31m\x1b[K                <ros2_cpp_pubsub::srv::ChangeString>(service_name)\x1b[m\x1b[K;\n'}
[7.329894] (serverpublisher) StderrLine: {'line': b'      |                 \x1b[01;31m\x1b[K~~~~~~~~~~~~~~~~~~~~~~~~~~~~~~~~~~~~^~~~~~~~~~~~~~\x1b[m\x1b[K\n'}
[7.329929] (serverpublisher) StderrLine: {'line': b'In file included from \x1b[01m\x1b[K/opt/ros/humble/include/rclcpp/rclcpp/executors/single_threaded_executor.hpp:28\x1b[m\x1b[K,\n'}
[7.329964] (serverpublisher) StderrLine: {'line': b'                 from \x1b[01m\x1b[K/opt/ros/humble/include/rclcpp/rclcpp/executors.hpp:22\x1b[m\x1b[K,\n'}
[7.329999] (serverpublisher) StderrLine: {'line': b'                 from \x1b[01m\x1b[K/opt/ros/humble/include/rclcpp/rclcpp/rclcpp.hpp:155\x1b[m\x1b[K,\n'}
[7.330032] (serverpublisher) StderrLine: {'line': b'                 from \x1b[01m\x1b[K/home/chotu/Beginner_Tutorials_Ros2/test/test_server.cpp:66\x1b[m\x1b[K:\n'}
[7.330066] (serverpublisher) StderrLine: {'line': b'\x1b[01m\x1b[K/opt/ros/humble/include/rclcpp/rclcpp/node.hpp:252:3:\x1b[m\x1b[K \x1b[01;36m\x1b[Knote: \x1b[m\x1b[Kcandidate: \xe2\x80\x98\x1b[01m\x1b[Ktemplate<class ServiceT> typename rclcpp::Client<ServiceT>::SharedPtr rclcpp::Node::create_client(const string&, const rmw_qos_profile_t&, rclcpp::CallbackGroup::SharedPtr)\x1b[m\x1b[K\xe2\x80\x99\n'}
[7.330103] (serverpublisher) StderrLine: {'line': b'  252 |   \x1b[01;36m\x1b[Kcreate_client\x1b[m\x1b[K(\n'}
[7.330137] (serverpublisher) StderrLine: {'line': b'      |   \x1b[01;36m\x1b[K^~~~~~~~~~~~~\x1b[m\x1b[K\n'}
[7.330170] (serverpublisher) StderrLine: {'line': b'\x1b[01m\x1b[K/opt/ros/humble/include/rclcpp/rclcpp/node.hpp:252:3:\x1b[m\x1b[K \x1b[01;36m\x1b[Knote: \x1b[m\x1b[K  template argument deduction/substitution failed:\n'}
[7.330204] (serverpublisher) StderrLine: {'line': b'\x1b[01m\x1b[K/home/chotu/Beginner_Tutorials_Ros2/test/test_server.cpp:159:53:\x1b[m\x1b[K \x1b[01;31m\x1b[Kerror: \x1b[m\x1b[Ktemplate argument 1 is invalid\n'}
[7.330236] (serverpublisher) StderrLine: {'line': b'  158 |     CLIENT client = \x1b[01;31m\x1b[Knode->create_client\x1b[m\x1b[K\n'}
[7.330269] (serverpublisher) StderrLine: {'line': b'      |                     \x1b[01;31m\x1b[K~~~~~~~~~~~~~~~~~~~\x1b[m\x1b[K              \n'}
[7.330301] (serverpublisher) StderrLine: {'line': b'  159 | \x1b[01;31m\x1b[K                <ros2_cpp_pubsub::srv::ChangeString>(service_name)\x1b[m\x1b[K;\n'}
[7.330334] (serverpublisher) StderrLine: {'line': b'      |                 \x1b[01;31m\x1b[K~~~~~~~~~~~~~~~~~~~~~~~~~~~~~~~~~~~~^~~~~~~~~~~~~~\x1b[m\x1b[K\n'}
[7.330368] (serverpublisher) StderrLine: {'line': b'\x1b[01m\x1b[K/home/chotu/Beginner_Tutorials_Ros2/test/test_server.cpp:168:25:\x1b[m\x1b[K \x1b[01;31m\x1b[Kerror: \x1b[m\x1b[Kparse error in template argument list\n'}
[7.330408] (serverpublisher) StderrLine: {'line': b'  168 |     auto request = std::\x1b[01;31m\x1b[Kmake_shared\x1b[m\x1b[K\n'}
[7.330442] (serverpublisher) StderrLine: {'line': b'      |                         \x1b[01;31m\x1b[K^~~~~~~~~~~\x1b[m\x1b[K\n'}
[7.330474] (serverpublisher) StderrLine: {'line': b'  169 | \x1b[01;31m\x1b[K            <ros2_cpp_pubsub::srv::ChangeString::Request>\x1b[m\x1b[K();\n'}
[7.330507] (serverpublisher) StderrLine: {'line': b'      |             \x1b[01;31m\x1b[K~~~~~~~~~~~~~~~~~~~~~~~~~~~~~~~~~~~~~~~~~~~~~\x1b[m\x1b[K\n'}
[7.330550] (serverpublisher) StderrLine: {'line': b'\x1b[01m\x1b[K/home/chotu/Beginner_Tutorials_Ros2/test/test_server.cpp:169:58:\x1b[m\x1b[K \x1b[01;31m\x1b[Kerror: \x1b[m\x1b[Kno matching function for call to \xe2\x80\x98\x1b[01m\x1b[Kmake_shared<ros2_cpp_pubsub>()\x1b[m\x1b[K\xe2\x80\x99\n'}
[7.330617] (serverpublisher) StderrLine: {'line': b'  168 |     auto request = \x1b[01;31m\x1b[Kstd::make_shared\x1b[m\x1b[K\n'}
[7.330678] (serverpublisher) StderrLine: {'line': b'      |                    \x1b[01;31m\x1b[K~~~~~~~~~~~~~~~~\x1b[m\x1b[K                       \n'}
[7.330740] (serverpublisher) StderrLine: {'line': b'  169 | \x1b[01;31m\x1b[K            <ros2_cpp_pubsub::srv::ChangeString::Request>()\x1b[m\x1b[K;\n'}
[7.330795] (serverpublisher) StderrLine: {'line': b'      |             \x1b[01;31m\x1b[K~~~~~~~~~~~~~~~~~~~~~~~~~~~~~~~~~~~~~~~~~~~~~^~\x1b[m\x1b[K\n'}
[7.330831] (serverpublisher) StderrLine: {'line': b'In file included from \x1b[01m\x1b[K/usr/include/c++/11/memory:77\x1b[m\x1b[K,\n'}
[7.330864] (serverpublisher) StderrLine: {'line': b'                 from \x1b[01m\x1b[K/home/chotu/Beginner_Tutorials_Ros2/test/test_server.cpp:58\x1b[m\x1b[K:\n'}
[7.330896] (serverpublisher) StderrLine: {'line': b'\x1b[01m\x1b[K/usr/include/c++/11/bits/shared_ptr.h:875:5:\x1b[m\x1b[K \x1b[01;36m\x1b[Knote: \x1b[m\x1b[Kcandidate: \xe2\x80\x98\x1b[01m\x1b[Ktemplate<class _Tp, class ... _Args> std::shared_ptr<_Tp> std::make_shared(_Args&& ...)\x1b[m\x1b[K\xe2\x80\x99\n'}
[7.330935] (serverpublisher) StderrLine: {'line': b'  875 |     \x1b[01;36m\x1b[Kmake_shared\x1b[m\x1b[K(_Args&&... __args)\n'}
[7.330968] (serverpublisher) StderrLine: {'line': b'      |     \x1b[01;36m\x1b[K^~~~~~~~~~~\x1b[m\x1b[K\n'}
[7.331000] (serverpublisher) StderrLine: {'line': b'\x1b[01m\x1b[K/usr/include/c++/11/bits/shared_ptr.h:875:5:\x1b[m\x1b[K \x1b[01;36m\x1b[Knote: \x1b[m\x1b[K  template argument deduction/substitution failed:\n'}
[7.338922] (serverpublisher) StderrLine: {'line': b'\x1b[01m\x1b[K/home/chotu/Beginner_Tutorials_Ros2/test/test_server.cpp:\x1b[m\x1b[K In member function \xe2\x80\x98\x1b[01m\x1b[Kvirtual void test_services_client_Manipulation2_Test::TestBody()\x1b[m\x1b[K\xe2\x80\x99:\n'}
[7.339247] (serverpublisher) StderrLine: {'line': b'\x1b[01m\x1b[K/home/chotu/Beginner_Tutorials_Ros2/test/test_server.cpp:197:18:\x1b[m\x1b[K \x1b[01;31m\x1b[Kerror: \x1b[m\x1b[K\xe2\x80\x98\x1b[01m\x1b[Kros2_cpp_pubsub\x1b[m\x1b[K\xe2\x80\x99 was not declared in this scope\n'}
[7.339344] (serverpublisher) StderrLine: {'line': b'  197 |                 <\x1b[01;31m\x1b[Kros2_cpp_pubsub\x1b[m\x1b[K::srv::ChangeString>(service_name);\n'}
[7.339496] (serverpublisher) StderrLine: {'line': b'      |                  \x1b[01;31m\x1b[K^~~~~~~~~~~~~~~\x1b[m\x1b[K\n'}
[7.339570] (serverpublisher) StderrLine: {'line': b'\x1b[01m\x1b[K/home/chotu/Beginner_Tutorials_Ros2/test/test_server.cpp:196:27:\x1b[m\x1b[K \x1b[01;31m\x1b[Kerror: \x1b[m\x1b[Kparse error in template argument list\n'}
[7.339644] (serverpublisher) StderrLine: {'line': b'  196 |     CLIENT client = node->\x1b[01;31m\x1b[Kcreate_client\x1b[m\x1b[K\n'}
[7.339691] (serverpublisher) StderrLine: {'line': b'      |                           \x1b[01;31m\x1b[K^~~~~~~~~~~~~\x1b[m\x1b[K\n'}
[7.339772] (serverpublisher) StderrLine: {'line': b'  197 | \x1b[01;31m\x1b[K                <ros2_cpp_pubsub::srv::ChangeString>\x1b[m\x1b[K(service_name);\n'}
[7.339827] (serverpublisher) StderrLine: {'line': b'      |                 \x1b[01;31m\x1b[K~~~~~~~~~~~~~~~~~~~~~~~~~~~~~~~~~~~~\x1b[m\x1b[K\n'}
[7.339871] (serverpublisher) StderrLine: {'line': b'\x1b[01m\x1b[K/home/chotu/Beginner_Tutorials_Ros2/test/test_server.cpp:197:53:\x1b[m\x1b[K \x1b[01;31m\x1b[Kerror: \x1b[m\x1b[Kno matching function for call to \xe2\x80\x98\x1b[01m\x1b[Krclcpp::Node::create_client<<expression error> >(const char*&)\x1b[m\x1b[K\xe2\x80\x99\n'}
[7.339922] (serverpublisher) StderrLine: {'line': b'  196 |     CLIENT client = \x1b[01;31m\x1b[Knode->create_client\x1b[m\x1b[K\n'}
[7.339966] (serverpublisher) StderrLine: {'line': b'      |                     \x1b[01;31m\x1b[K~~~~~~~~~~~~~~~~~~~\x1b[m\x1b[K              \n'}
[7.340015] (serverpublisher) StderrLine: {'line': b'  197 | \x1b[01;31m\x1b[K                <ros2_cpp_pubsub::srv::ChangeString>(service_name)\x1b[m\x1b[K;\n'}
[7.340059] (serverpublisher) StderrLine: {'line': b'      |                 \x1b[01;31m\x1b[K~~~~~~~~~~~~~~~~~~~~~~~~~~~~~~~~~~~~^~~~~~~~~~~~~~\x1b[m\x1b[K\n'}
[7.340117] (serverpublisher) StderrLine: {'line': b'In file included from \x1b[01m\x1b[K/opt/ros/humble/include/rclcpp/rclcpp/executors/single_threaded_executor.hpp:28\x1b[m\x1b[K,\n'}
[7.340162] (serverpublisher) StderrLine: {'line': b'                 from \x1b[01m\x1b[K/opt/ros/humble/include/rclcpp/rclcpp/executors.hpp:22\x1b[m\x1b[K,\n'}
[7.340205] (serverpublisher) StderrLine: {'line': b'                 from \x1b[01m\x1b[K/opt/ros/humble/include/rclcpp/rclcpp/rclcpp.hpp:155\x1b[m\x1b[K,\n'}
[7.340246] (serverpublisher) StderrLine: {'line': b'                 from \x1b[01m\x1b[K/home/chotu/Beginner_Tutorials_Ros2/test/test_server.cpp:66\x1b[m\x1b[K:\n'}
[7.340290] (serverpublisher) StderrLine: {'line': b'\x1b[01m\x1b[K/opt/ros/humble/include/rclcpp/rclcpp/node.hpp:252:3:\x1b[m\x1b[K \x1b[01;36m\x1b[Knote: \x1b[m\x1b[Kcandidate: \xe2\x80\x98\x1b[01m\x1b[Ktemplate<class ServiceT> typename rclcpp::Client<ServiceT>::SharedPtr rclcpp::Node::create_client(const string&, const rmw_qos_profile_t&, rclcpp::CallbackGroup::SharedPtr)\x1b[m\x1b[K\xe2\x80\x99\n'}
[7.340337] (serverpublisher) StderrLine: {'line': b'  252 |   \x1b[01;36m\x1b[Kcreate_client\x1b[m\x1b[K(\n'}
[7.340382] (serverpublisher) StderrLine: {'line': b'      |   \x1b[01;36m\x1b[K^~~~~~~~~~~~~\x1b[m\x1b[K\n'}
[7.340423] (serverpublisher) StderrLine: {'line': b'\x1b[01m\x1b[K/opt/ros/humble/include/rclcpp/rclcpp/node.hpp:252:3:\x1b[m\x1b[K \x1b[01;36m\x1b[Knote: \x1b[m\x1b[K  template argument deduction/substitution failed:\n'}
[7.340470] (serverpublisher) StderrLine: {'line': b'\x1b[01m\x1b[K/home/chotu/Beginner_Tutorials_Ros2/test/test_server.cpp:197:53:\x1b[m\x1b[K \x1b[01;31m\x1b[Kerror: \x1b[m\x1b[Ktemplate argument 1 is invalid\n'}
[7.340513] (serverpublisher) StderrLine: {'line': b'  196 |     CLIENT client = \x1b[01;31m\x1b[Knode->create_client\x1b[m\x1b[K\n'}
[7.340554] (serverpublisher) StderrLine: {'line': b'      |                     \x1b[01;31m\x1b[K~~~~~~~~~~~~~~~~~~~\x1b[m\x1b[K              \n'}
[7.340595] (serverpublisher) StderrLine: {'line': b'  197 | \x1b[01;31m\x1b[K                <ros2_cpp_pubsub::srv::ChangeString>(service_name)\x1b[m\x1b[K;\n'}
[7.340637] (serverpublisher) StderrLine: {'line': b'      |                 \x1b[01;31m\x1b[K~~~~~~~~~~~~~~~~~~~~~~~~~~~~~~~~~~~~^~~~~~~~~~~~~~\x1b[m\x1b[K\n'}
[7.340680] (serverpublisher) StderrLine: {'line': b'\x1b[01m\x1b[K/home/chotu/Beginner_Tutorials_Ros2/test/test_server.cpp:207:25:\x1b[m\x1b[K \x1b[01;31m\x1b[Kerror: \x1b[m\x1b[Kparse error in template argument list\n'}
[7.340722] (serverpublisher) StderrLine: {'line': b'  207 |     auto request = std::\x1b[01;31m\x1b[Kmake_shared\x1b[m\x1b[K\n'}
[7.340756] (serverpublisher) StderrLine: {'line': b'      |                         \x1b[01;31m\x1b[K^~~~~~~~~~~\x1b[m\x1b[K\n'}
[7.340789] (serverpublisher) StderrLine: {'line': b'  208 | \x1b[01;31m\x1b[K            <ros2_cpp_pubsub::srv::ChangeString::Request>\x1b[m\x1b[K();\n'}
[7.340822] (serverpublisher) StderrLine: {'line': b'      |             \x1b[01;31m\x1b[K~~~~~~~~~~~~~~~~~~~~~~~~~~~~~~~~~~~~~~~~~~~~~\x1b[m\x1b[K\n'}
[7.340860] (serverpublisher) StderrLine: {'line': b'\x1b[01m\x1b[K/home/chotu/Beginner_Tutorials_Ros2/test/test_server.cpp:208:58:\x1b[m\x1b[K \x1b[01;31m\x1b[Kerror: \x1b[m\x1b[Kno matching function for call to \xe2\x80\x98\x1b[01m\x1b[Kmake_shared<ros2_cpp_pubsub>()\x1b[m\x1b[K\xe2\x80\x99\n'}
[7.340895] (serverpublisher) StderrLine: {'line': b'  207 |     auto request = \x1b[01;31m\x1b[Kstd::make_shared\x1b[m\x1b[K\n'}
[7.340928] (serverpublisher) StderrLine: {'line': b'      |                    \x1b[01;31m\x1b[K~~~~~~~~~~~~~~~~\x1b[m\x1b[K                       \n'}
[7.340961] (serverpublisher) StderrLine: {'line': b'  208 | \x1b[01;31m\x1b[K            <ros2_cpp_pubsub::srv::ChangeString::Request>()\x1b[m\x1b[K;\n'}
[7.340994] (serverpublisher) StderrLine: {'line': b'      |             \x1b[01;31m\x1b[K~~~~~~~~~~~~~~~~~~~~~~~~~~~~~~~~~~~~~~~~~~~~~^~\x1b[m\x1b[K\n'}
[7.341029] (serverpublisher) StderrLine: {'line': b'In file included from \x1b[01m\x1b[K/usr/include/c++/11/memory:77\x1b[m\x1b[K,\n'}
[7.341061] (serverpublisher) StderrLine: {'line': b'                 from \x1b[01m\x1b[K/home/chotu/Beginner_Tutorials_Ros2/test/test_server.cpp:58\x1b[m\x1b[K:\n'}
[7.341093] (serverpublisher) StderrLine: {'line': b'\x1b[01m\x1b[K/usr/include/c++/11/bits/shared_ptr.h:875:5:\x1b[m\x1b[K \x1b[01;36m\x1b[Knote: \x1b[m\x1b[Kcandidate: \xe2\x80\x98\x1b[01m\x1b[Ktemplate<class _Tp, class ... _Args> std::shared_ptr<_Tp> std::make_shared(_Args&& ...)\x1b[m\x1b[K\xe2\x80\x99\n'}
[7.341129] (serverpublisher) StderrLine: {'line': b'  875 |     \x1b[01;36m\x1b[Kmake_shared\x1b[m\x1b[K(_Args&&... __args)\n'}
[7.341163] (serverpublisher) StderrLine: {'line': b'      |     \x1b[01;36m\x1b[K^~~~~~~~~~~\x1b[m\x1b[K\n'}
[7.341198] (serverpublisher) StderrLine: {'line': b'\x1b[01m\x1b[K/usr/include/c++/11/bits/shared_ptr.h:875:5:\x1b[m\x1b[K \x1b[01;36m\x1b[Knote: \x1b[m\x1b[K  template argument deduction/substitution failed:\n'}
[7.364616] (serverpublisher) StdoutLine: {'line': b'[ 96%] \x1b[32m\x1b[1mLinking CXX executable static_transform_publisher\x1b[0m\n'}
[7.416705] (-) TimerEvent: {}
[7.517017] (-) TimerEvent: {}
[7.559479] (serverpublisher) StdoutLine: {'line': b'[ 96%] Built target static_transform_publisher\n'}
[7.617161] (-) TimerEvent: {}
[7.717484] (-) TimerEvent: {}
[7.817752] (-) TimerEvent: {}
[7.918015] (-) TimerEvent: {}
[8.018285] (-) TimerEvent: {}
[8.118535] (-) TimerEvent: {}
[8.218824] (-) TimerEvent: {}
[8.319080] (-) TimerEvent: {}
[8.419326] (-) TimerEvent: {}
[8.519594] (-) TimerEvent: {}
[8.619871] (-) TimerEvent: {}
[8.720136] (-) TimerEvent: {}
[8.820393] (-) TimerEvent: {}
[8.920647] (-) TimerEvent: {}
[9.020887] (-) TimerEvent: {}
[9.121174] (-) TimerEvent: {}
[9.221454] (-) TimerEvent: {}
[9.321696] (-) TimerEvent: {}
[9.402199] (serverpublisher) StderrLine: {'line': b'gmake[2]: *** [CMakeFiles/server_test.dir/build.make:76: CMakeFiles/server_test.dir/test/test_server.cpp.o] Error 1\n'}
[9.402410] (serverpublisher) StderrLine: {'line': b'gmake[1]: *** [CMakeFiles/Makefile2:624: CMakeFiles/server_test.dir/all] Error 2\n'}
[9.402485] (serverpublisher) StderrLine: {'line': b'gmake[1]: *** Waiting for unfinished jobs....\n'}
[9.421807] (-) TimerEvent: {}
[9.522070] (-) TimerEvent: {}
[9.622299] (-) TimerEvent: {}
[9.722553] (-) TimerEvent: {}
[9.822849] (-) TimerEvent: {}
[9.923104] (-) TimerEvent: {}
[10.023366] (-) TimerEvent: {}
[10.123661] (-) TimerEvent: {}
[10.207370] (serverpublisher) StdoutLine: {'line': b'[ 97%] \x1b[32m\x1b[1mLinking CXX executable talker\x1b[0m\n'}
[10.223767] (-) TimerEvent: {}
[10.324072] (-) TimerEvent: {}
[10.406714] (serverpublisher) StdoutLine: {'line': b'[ 98%] \x1b[32m\x1b[1mLinking CXX executable talkerandlistner\x1b[0m\n'}
[10.424179] (-) TimerEvent: {}
[10.500815] (serverpublisher) StdoutLine: {'line': b'[ 98%] Built target talker\n'}
[10.524274] (-) TimerEvent: {}
[10.624550] (-) TimerEvent: {}
[10.670699] (serverpublisher) StdoutLine: {'line': b'[ 98%] Built target talkerandlistner\n'}
[10.671515] (serverpublisher) StderrLine: {'line': b'gmake: *** [Makefile:146: all] Error 2\n'}
[10.673021] (serverpublisher) CommandEnded: {'returncode': 2}
[10.724625] (-) TimerEvent: {}
[10.745939] (serverpublisher) JobEnded: {'identifier': 'serverpublisher', 'rc': 2}
[10.756281] (-) EventReactorShutdown: {}
