[0.195s] DEBUG:colcon:Command line arguments: ['/usr/bin/colcon', 'build']
[0.195s] DEBUG:colcon:Parsed command line arguments: Namespace(log_base=None, log_level=None, verb_name='build', build_base='build', install_base='install', merge_install=False, symlink_install=False, test_result_base=None, continue_on_error=False, executor='parallel', parallel_workers=16, event_handlers=None, ignore_user_meta=False, metas=['./colcon.meta'], base_paths=['.'], packages_ignore=None, packages_ignore_regex=None, paths=None, packages_up_to=None, packages_up_to_regex=None, packages_above=None, packages_above_and_dependencies=None, packages_above_depth=None, packages_select_by_dep=None, packages_skip_by_dep=None, packages_skip_up_to=None, packages_select_build_failed=False, packages_skip_build_finished=False, packages_select_test_failures=False, packages_skip_test_passed=False, packages_select=None, packages_skip=None, packages_select_regex=None, packages_skip_regex=None, packages_start=None, packages_end=None, allow_overriding=[], cmake_args=None, cmake_target=None, cmake_target_skip_unavailable=False, cmake_clean_cache=False, cmake_clean_first=False, cmake_force_configure=False, ament_cmake_args=None, catkin_cmake_args=None, catkin_skip_building_tests=False, verb_parser=<colcon_defaults.argument_parser.defaults.DefaultArgumentsDecorator object at 0x7f293a62e0e0>, verb_extension=<colcon_core.verb.build.BuildVerb object at 0x7f293af644f0>, main=<bound method BuildVerb.main of <colcon_core.verb.build.BuildVerb object at 0x7f293af644f0>>)
[0.214s] Level 1:colcon.colcon_core.package_discovery:discover_packages(colcon_meta) check parameters
[0.214s] Level 1:colcon.colcon_core.package_discovery:discover_packages(recursive) check parameters
[0.214s] Level 1:colcon.colcon_core.package_discovery:discover_packages(ignore) check parameters
[0.214s] Level 1:colcon.colcon_core.package_discovery:discover_packages(path) check parameters
[0.214s] Level 1:colcon.colcon_core.package_discovery:discover_packages(colcon_meta) discover
[0.214s] Level 1:colcon.colcon_core.package_discovery:discover_packages(recursive) discover
[0.214s] INFO:colcon.colcon_core.package_discovery:Crawling recursively for packages in '/home/chotu/Beginner_Tutorials_Ros2'
[0.214s] Level 1:colcon.colcon_core.package_identification:_identify(.) by extensions ['ignore', 'ignore_ament_install']
[0.214s] Level 1:colcon.colcon_core.package_identification:_identify(.) by extension 'ignore'
[0.214s] Level 1:colcon.colcon_core.package_identification:_identify(.) by extension 'ignore_ament_install'
[0.214s] Level 1:colcon.colcon_core.package_identification:_identify(.) by extensions ['colcon_pkg']
[0.214s] Level 1:colcon.colcon_core.package_identification:_identify(.) by extension 'colcon_pkg'
[0.215s] Level 1:colcon.colcon_core.package_identification:_identify(.) by extensions ['colcon_meta']
[0.215s] Level 1:colcon.colcon_core.package_identification:_identify(.) by extension 'colcon_meta'
[0.215s] Level 1:colcon.colcon_core.package_identification:_identify(.) by extensions ['ros']
[0.215s] Level 1:colcon.colcon_core.package_identification:_identify(.) by extension 'ros'
[0.223s] DEBUG:colcon.colcon_core.package_identification:Package '.' with type 'ros.ament_cmake' and name 'serverpublisher'
[0.223s] Level 1:colcon.colcon_core.package_discovery:discover_packages(recursive) using defaults
[0.223s] Level 1:colcon.colcon_core.package_discovery:discover_packages(ignore) discover
[0.223s] Level 1:colcon.colcon_core.package_discovery:discover_packages(ignore) using defaults
[0.223s] Level 1:colcon.colcon_core.package_discovery:discover_packages(path) discover
[0.223s] Level 1:colcon.colcon_core.package_discovery:discover_packages(path) using defaults
[0.237s] Level 1:colcon.colcon_core.package_discovery:discover_packages(prefix_path) check parameters
[0.238s] Level 1:colcon.colcon_core.package_discovery:discover_packages(prefix_path) discover
[0.240s] DEBUG:colcon.colcon_installed_package_information.package_discovery:Found 371 installed packages in /opt/ros/humble
[0.241s] Level 1:colcon.colcon_core.package_discovery:discover_packages(prefix_path) using defaults
[0.286s] Level 5:colcon.colcon_core.verb:set package 'serverpublisher' build argument 'cmake_args' from command line to 'None'
[0.286s] Level 5:colcon.colcon_core.verb:set package 'serverpublisher' build argument 'cmake_target' from command line to 'None'
[0.286s] Level 5:colcon.colcon_core.verb:set package 'serverpublisher' build argument 'cmake_target_skip_unavailable' from command line to 'False'
[0.286s] Level 5:colcon.colcon_core.verb:set package 'serverpublisher' build argument 'cmake_clean_cache' from command line to 'False'
[0.286s] Level 5:colcon.colcon_core.verb:set package 'serverpublisher' build argument 'cmake_clean_first' from command line to 'False'
[0.286s] Level 5:colcon.colcon_core.verb:set package 'serverpublisher' build argument 'cmake_force_configure' from command line to 'False'
[0.286s] Level 5:colcon.colcon_core.verb:set package 'serverpublisher' build argument 'ament_cmake_args' from command line to 'None'
[0.286s] Level 5:colcon.colcon_core.verb:set package 'serverpublisher' build argument 'catkin_cmake_args' from command line to 'None'
[0.286s] Level 5:colcon.colcon_core.verb:set package 'serverpublisher' build argument 'catkin_skip_building_tests' from command line to 'False'
[0.286s] DEBUG:colcon.colcon_core.verb:Building package 'serverpublisher' with the following arguments: {'ament_cmake_args': None, 'build_base': '/home/chotu/Beginner_Tutorials_Ros2/build/serverpublisher', 'catkin_cmake_args': None, 'catkin_skip_building_tests': False, 'cmake_args': None, 'cmake_clean_cache': False, 'cmake_clean_first': False, 'cmake_force_configure': False, 'cmake_target': None, 'cmake_target_skip_unavailable': False, 'install_base': '/home/chotu/Beginner_Tutorials_Ros2/install/serverpublisher', 'merge_install': False, 'path': '/home/chotu/Beginner_Tutorials_Ros2', 'symlink_install': False, 'test_result_base': None}
[0.286s] INFO:colcon.colcon_core.executor:Executing jobs using 'parallel' executor
[0.289s] DEBUG:colcon.colcon_parallel_executor.executor.parallel:run_until_complete
[0.289s] INFO:colcon.colcon_ros.task.ament_cmake.build:Building ROS package in '/home/chotu/Beginner_Tutorials_Ros2' with build type 'ament_cmake'
[0.289s] INFO:colcon.colcon_cmake.task.cmake.build:Building CMake package in '/home/chotu/Beginner_Tutorials_Ros2'
[0.292s] INFO:colcon.colcon_core.plugin_system:Skipping extension 'colcon_core.shell.bat': Not used on non-Windows systems
[0.292s] INFO:colcon.colcon_core.shell:Skip shell extension 'powershell' for command environment: Not usable outside of PowerShell
[0.292s] DEBUG:colcon.colcon_core.shell:Skip shell extension 'dsv' for command environment
[0.297s] DEBUG:colcon.colcon_core.event_handler.log_command:Invoking command in '/home/chotu/Beginner_Tutorials_Ros2/build/serverpublisher': CMAKE_PREFIX_PATH=/opt/ros/humble /usr/bin/cmake /home/chotu/Beginner_Tutorials_Ros2 -DCMAKE_INSTALL_PREFIX=/home/chotu/Beginner_Tutorials_Ros2/install/serverpublisher
[2.147s] DEBUG:colcon.colcon_core.event_handler.log_command:Invoked command in '/home/chotu/Beginner_Tutorials_Ros2/build/serverpublisher' returned '0': CMAKE_PREFIX_PATH=/opt/ros/humble /usr/bin/cmake /home/chotu/Beginner_Tutorials_Ros2 -DCMAKE_INSTALL_PREFIX=/home/chotu/Beginner_Tutorials_Ros2/install/serverpublisher
[2.149s] DEBUG:colcon.colcon_core.event_handler.log_command:Invoking command in '/home/chotu/Beginner_Tutorials_Ros2/build/serverpublisher': CMAKE_PREFIX_PATH=/opt/ros/humble /usr/bin/cmake --build /home/chotu/Beginner_Tutorials_Ros2/build/serverpublisher -- -j16 -l16
[10.962s] DEBUG:colcon.colcon_core.event_handler.log_command:Invoked command in '/home/chotu/Beginner_Tutorials_Ros2/build/serverpublisher' returned '2': CMAKE_PREFIX_PATH=/opt/ros/humble /usr/bin/cmake --build /home/chotu/Beginner_Tutorials_Ros2/build/serverpublisher -- -j16 -l16
[11.028s] Level 1:colcon.colcon_core.environment:create_environment_scripts_only(serverpublisher)
[11.031s] Level 1:colcon.colcon_core.environment:checking '/home/chotu/Beginner_Tutorials_Ros2/install/serverpublisher' for CMake module files
[11.031s] Level 1:colcon.colcon_core.environment:checking '/home/chotu/Beginner_Tutorials_Ros2/install/serverpublisher' for CMake config files
[11.031s] Level 1:colcon.colcon_core.environment:checking '/home/chotu/Beginner_Tutorials_Ros2/install/serverpublisher/bin'
[11.031s] Level 1:colcon.colcon_core.environment:checking '/home/chotu/Beginner_Tutorials_Ros2/install/serverpublisher/lib/pkgconfig/serverpublisher.pc'
[11.031s] Level 1:colcon.colcon_core.environment:checking '/home/chotu/Beginner_Tutorials_Ros2/install/serverpublisher/lib/python3.10/site-packages'
[11.032s] Level 1:colcon.colcon_core.environment:checking '/home/chotu/Beginner_Tutorials_Ros2/install/serverpublisher/bin'
[11.032s] INFO:colcon.colcon_core.shell:Creating package script '/home/chotu/Beginner_Tutorials_Ros2/install/serverpublisher/share/serverpublisher/package.ps1'
[11.033s] INFO:colcon.colcon_core.shell:Creating package descriptor '/home/chotu/Beginner_Tutorials_Ros2/install/serverpublisher/share/serverpublisher/package.dsv'
[11.033s] INFO:colcon.colcon_core.shell:Creating package script '/home/chotu/Beginner_Tutorials_Ros2/install/serverpublisher/share/serverpublisher/package.sh'
[11.034s] INFO:colcon.colcon_core.shell:Creating package script '/home/chotu/Beginner_Tutorials_Ros2/install/serverpublisher/share/serverpublisher/package.bash'
[11.034s] INFO:colcon.colcon_core.shell:Creating package script '/home/chotu/Beginner_Tutorials_Ros2/install/serverpublisher/share/serverpublisher/package.zsh'
[11.035s] Level 1:colcon.colcon_core.environment:create_file_with_runtime_dependencies(/home/chotu/Beginner_Tutorials_Ros2/install/serverpublisher/share/colcon-core/packages/serverpublisher)
[11.045s] DEBUG:colcon.colcon_parallel_executor.executor.parallel:closing loop
[11.045s] DEBUG:colcon.colcon_parallel_executor.executor.parallel:loop closed
[11.045s] DEBUG:colcon.colcon_parallel_executor.executor.parallel:run_until_complete finished with '2'
[11.045s] DEBUG:colcon.colcon_core.event_reactor:joining thread
[11.049s] INFO:colcon.colcon_core.plugin_system:Skipping extension 'colcon_notification.desktop_notification.terminal_notifier': Not used on non-Darwin systems
[11.050s] INFO:colcon.colcon_core.plugin_system:Skipping extension 'colcon_notification.desktop_notification.win32': Not used on non-Windows systems
[11.050s] INFO:colcon.colcon_notification.desktop_notification:Sending desktop notification using 'notify2'
[11.057s] DEBUG:colcon.colcon_core.event_reactor:joined thread
[11.058s] INFO:colcon.colcon_core.shell:Creating prefix script '/home/chotu/Beginner_Tutorials_Ros2/install/local_setup.ps1'
[11.059s] INFO:colcon.colcon_core.shell:Creating prefix util module '/home/chotu/Beginner_Tutorials_Ros2/install/_local_setup_util_ps1.py'
[11.060s] INFO:colcon.colcon_core.shell:Creating prefix chain script '/home/chotu/Beginner_Tutorials_Ros2/install/setup.ps1'
[11.061s] INFO:colcon.colcon_core.shell:Creating prefix script '/home/chotu/Beginner_Tutorials_Ros2/install/local_setup.sh'
[11.061s] INFO:colcon.colcon_core.shell:Creating prefix util module '/home/chotu/Beginner_Tutorials_Ros2/install/_local_setup_util_sh.py'
[11.061s] INFO:colcon.colcon_core.shell:Creating prefix chain script '/home/chotu/Beginner_Tutorials_Ros2/install/setup.sh'
[11.062s] INFO:colcon.colcon_core.shell:Creating prefix script '/home/chotu/Beginner_Tutorials_Ros2/install/local_setup.bash'
[11.062s] INFO:colcon.colcon_core.shell:Creating prefix chain script '/home/chotu/Beginner_Tutorials_Ros2/install/setup.bash'
[11.063s] INFO:colcon.colcon_core.shell:Creating prefix script '/home/chotu/Beginner_Tutorials_Ros2/install/local_setup.zsh'
[11.063s] INFO:colcon.colcon_core.shell:Creating prefix chain script '/home/chotu/Beginner_Tutorials_Ros2/install/setup.zsh'
