[3.107s] Invoking command in '/home/sahruday/ros2_ws/build/examples_rclpy_executors': PYTHONPATH=/home/sahruday/ros2_ws/install/examples_rclpy_executors/lib/python3.10/site-packages:${PYTHONPATH} /usr/bin/python3 setup.py develop --prefix /home/sahruday/ros2_ws/install/examples_rclpy_executors --uninstall --editable --build-directory /home/sahruday/ros2_ws/build/examples_rclpy_executors/build
[4.077s] /usr/lib/python3/dist-packages/setuptools/command/easy_install.py:158: EasyInstallDeprecationWarning: easy_install command is deprecated. Use build and pip and other standards-based tools.
[4.077s]   warnings.warn(
[4.077s] /usr/lib/python3/dist-packages/setuptools/command/install.py:34: SetuptoolsDeprecationWarning: setup.py install is deprecated. Use build and pip and other standards-based tools.
[4.077s]   warnings.warn(
[4.077s] /usr/lib/python3/dist-packages/pkg_resources/__init__.py:116: PkgResourcesDeprecationWarning: 1.1build1 is an invalid version and will not be supported in a future release
[4.077s]   warnings.warn(
[4.077s] /usr/lib/python3/dist-packages/pkg_resources/__init__.py:116: PkgResourcesDeprecationWarning: 0.1.43ubuntu1 is an invalid version and will not be supported in a future release
[4.077s]   warnings.warn(
[4.077s] running develop
[4.095s] Invoked command in '/home/sahruday/ros2_ws/build/examples_rclpy_executors' returned '0': PYTHONPATH=/home/sahruday/ros2_ws/install/examples_rclpy_executors/lib/python3.10/site-packages:${PYTHONPATH} /usr/bin/python3 setup.py develop --prefix /home/sahruday/ros2_ws/install/examples_rclpy_executors --uninstall --editable --build-directory /home/sahruday/ros2_ws/build/examples_rclpy_executors/build
[4.097s] Invoking command in '/home/sahruday/ros2_ws/src/examples/rclpy/executors': PYTHONPATH=/home/sahruday/ros2_ws/install/examples_rclpy_executors/lib/python3.10/site-packages:${PYTHONPATH} /usr/bin/python3 setup.py egg_info --egg-base ../../../../build/examples_rclpy_executors build --build-base /home/sahruday/ros2_ws/build/examples_rclpy_executors/build install --prefix /home/sahruday/ros2_ws/install/examples_rclpy_executors --record /home/sahruday/ros2_ws/build/examples_rclpy_executors/install.log --single-version-externally-managed
[4.694s] running egg_info
[4.696s] writing ../../../../build/examples_rclpy_executors/examples_rclpy_executors.egg-info/PKG-INFO
[4.696s] writing dependency_links to ../../../../build/examples_rclpy_executors/examples_rclpy_executors.egg-info/dependency_links.txt
[4.696s] writing entry points to ../../../../build/examples_rclpy_executors/examples_rclpy_executors.egg-info/entry_points.txt
[4.696s] writing requirements to ../../../../build/examples_rclpy_executors/examples_rclpy_executors.egg-info/requires.txt
[4.696s] writing top-level names to ../../../../build/examples_rclpy_executors/examples_rclpy_executors.egg-info/top_level.txt
[4.700s] reading manifest file '../../../../build/examples_rclpy_executors/examples_rclpy_executors.egg-info/SOURCES.txt'
[4.701s] writing manifest file '../../../../build/examples_rclpy_executors/examples_rclpy_executors.egg-info/SOURCES.txt'
[4.701s] running build
[4.701s] running build_py
[4.702s] running install
[4.702s] /usr/lib/python3/dist-packages/setuptools/command/install.py:34: SetuptoolsDeprecationWarning: setup.py install is deprecated. Use build and pip and other standards-based tools.
[4.702s]   warnings.warn(
[4.703s] running install_lib
[4.707s] running install_data
[4.709s] running install_egg_info
[4.713s] removing '/home/sahruday/ros2_ws/install/examples_rclpy_executors/lib/python3.10/site-packages/examples_rclpy_executors-0.15.0-py3.10.egg-info' (and everything under it)
[4.713s] Copying ../../../../build/examples_rclpy_executors/examples_rclpy_executors.egg-info to /home/sahruday/ros2_ws/install/examples_rclpy_executors/lib/python3.10/site-packages/examples_rclpy_executors-0.15.0-py3.10.egg-info
[4.714s] running install_scripts
[4.769s] Installing callback_group script to /home/sahruday/ros2_ws/install/examples_rclpy_executors/lib/examples_rclpy_executors
[4.769s] Installing composed script to /home/sahruday/ros2_ws/install/examples_rclpy_executors/lib/examples_rclpy_executors
[4.769s] Installing custom_callback_group script to /home/sahruday/ros2_ws/install/examples_rclpy_executors/lib/examples_rclpy_executors
[4.769s] Installing custom_executor script to /home/sahruday/ros2_ws/install/examples_rclpy_executors/lib/examples_rclpy_executors
[4.769s] Installing listener script to /home/sahruday/ros2_ws/install/examples_rclpy_executors/lib/examples_rclpy_executors
[4.769s] Installing talker script to /home/sahruday/ros2_ws/install/examples_rclpy_executors/lib/examples_rclpy_executors
[4.769s] writing list of installed files to '/home/sahruday/ros2_ws/build/examples_rclpy_executors/install.log'
[4.834s] Invoked command in '/home/sahruday/ros2_ws/src/examples/rclpy/executors' returned '0': PYTHONPATH=/home/sahruday/ros2_ws/install/examples_rclpy_executors/lib/python3.10/site-packages:${PYTHONPATH} /usr/bin/python3 setup.py egg_info --egg-base ../../../../build/examples_rclpy_executors build --build-base /home/sahruday/ros2_ws/build/examples_rclpy_executors/build install --prefix /home/sahruday/ros2_ws/install/examples_rclpy_executors --record /home/sahruday/ros2_ws/build/examples_rclpy_executors/install.log --single-version-externally-managed
