[3.728s] Invoking command in '/home/sahruday/ros2_ws/build/examples_rclpy_guard_conditions': PYTHONPATH=/home/sahruday/ros2_ws/install/examples_rclpy_guard_conditions/lib/python3.10/site-packages:${PYTHONPATH} /usr/bin/python3 setup.py develop --prefix /home/sahruday/ros2_ws/install/examples_rclpy_guard_conditions --editable --build-directory /home/sahruday/ros2_ws/build/examples_rclpy_guard_conditions/build --no-deps install_data --install-dir /home/sahruday/ros2_ws/install/examples_rclpy_guard_conditions
[5.493s] running develop
[5.493s] running egg_info
[5.493s] creating examples_rclpy_guard_conditions.egg-info
[5.493s] writing examples_rclpy_guard_conditions.egg-info/PKG-INFO
[5.493s] writing dependency_links to examples_rclpy_guard_conditions.egg-info/dependency_links.txt
[5.493s] writing entry points to examples_rclpy_guard_conditions.egg-info/entry_points.txt
[5.493s] writing requirements to examples_rclpy_guard_conditions.egg-info/requires.txt
[5.493s] writing top-level names to examples_rclpy_guard_conditions.egg-info/top_level.txt
[5.493s] writing manifest file 'examples_rclpy_guard_conditions.egg-info/SOURCES.txt'
[5.493s] reading manifest file 'examples_rclpy_guard_conditions.egg-info/SOURCES.txt'
[5.493s] writing manifest file 'examples_rclpy_guard_conditions.egg-info/SOURCES.txt'
[5.493s] running build_ext
[5.493s] Creating /home/sahruday/ros2_ws/install/examples_rclpy_guard_conditions/lib/python3.10/site-packages/examples-rclpy-guard-conditions.egg-link (link to .)
[5.493s] Installing trigger_guard_condition script to /home/sahruday/ros2_ws/install/examples_rclpy_guard_conditions/lib/examples_rclpy_guard_conditions
[5.493s] 
[5.494s] Installed /home/sahruday/ros2_ws/build/examples_rclpy_guard_conditions
[5.494s] running install_data
[5.494s] creating /home/sahruday/ros2_ws/install/examples_rclpy_guard_conditions/share/ament_index
[5.494s] creating /home/sahruday/ros2_ws/install/examples_rclpy_guard_conditions/share/ament_index/resource_index
[5.494s] creating /home/sahruday/ros2_ws/install/examples_rclpy_guard_conditions/share/ament_index/resource_index/packages
[5.494s] copying resource/examples_rclpy_guard_conditions -> /home/sahruday/ros2_ws/install/examples_rclpy_guard_conditions/share/ament_index/resource_index/packages
[5.494s] copying package.xml -> /home/sahruday/ros2_ws/install/examples_rclpy_guard_conditions/share/examples_rclpy_guard_conditions
[5.494s] /usr/lib/python3/dist-packages/setuptools/command/easy_install.py:158: EasyInstallDeprecationWarning: easy_install command is deprecated. Use build and pip and other standards-based tools.
[5.494s]   warnings.warn(
[5.494s] /usr/lib/python3/dist-packages/setuptools/command/install.py:34: SetuptoolsDeprecationWarning: setup.py install is deprecated. Use build and pip and other standards-based tools.
[5.494s]   warnings.warn(
[5.494s] /usr/lib/python3/dist-packages/pkg_resources/__init__.py:116: PkgResourcesDeprecationWarning: 1.1build1 is an invalid version and will not be supported in a future release
[5.494s]   warnings.warn(
[5.495s] /usr/lib/python3/dist-packages/pkg_resources/__init__.py:116: PkgResourcesDeprecationWarning: 0.1.43ubuntu1 is an invalid version and will not be supported in a future release
[5.495s]   warnings.warn(
[5.567s] Invoked command in '/home/sahruday/ros2_ws/build/examples_rclpy_guard_conditions' returned '0': PYTHONPATH=/home/sahruday/ros2_ws/install/examples_rclpy_guard_conditions/lib/python3.10/site-packages:${PYTHONPATH} /usr/bin/python3 setup.py develop --prefix /home/sahruday/ros2_ws/install/examples_rclpy_guard_conditions --editable --build-directory /home/sahruday/ros2_ws/build/examples_rclpy_guard_conditions/build --no-deps install_data --install-dir /home/sahruday/ros2_ws/install/examples_rclpy_guard_conditions
