[0.034s] Invoking command in '/home/sahruday/Documents/Github/Beginner_Tutorials_Ros2/build/cpp_srvcli': CMAKE_PREFIX_PATH=${CMAKE_PREFIX_PATH}:/home/sahruday/ros2_humble/install/rqt_bag_plugins:/home/sahruday/ros2_humble/install/rqt_bag:/home/sahruday/ros2_humble/install/ros2bag:/home/sahruday/ros2_humble/install/tracetools_test:/home/sahruday/ros2_humble/install/tracetools_launch:/home/sahruday/ros2_humble/install/topic_monitor:/home/sahruday/ros2_humble/install/tf2_tools:/home/sahruday/ros2_humble/install/examples_tf2_py:/home/sahruday/ros2_humble/install/tf2_ros_py:/home/sahruday/ros2_humble/install/sros2:/home/sahruday/ros2_humble/install/rqt_topic:/home/sahruday/ros2_humble/install/rqt_srv:/home/sahruday/ros2_humble/install/rqt_shell:/home/sahruday/ros2_humble/install/rqt_service_caller:/home/sahruday/ros2_humble/install/rqt_reconfigure:/home/sahruday/ros2_humble/install/rqt_py_console:/home/sahruday/ros2_humble/install/rqt_publisher:/home/sahruday/ros2_humble/install/rqt_plot:/home/sahruday/ros2_humble/install/rqt_action:/home/sahruday/ros2_humble/install/rqt_msg:/home/sahruday/ros2_humble/install/rqt_console:/home/sahruday/ros2_humble/install/rqt:/home/sahruday/ros2_humble/install/rqt_graph:/home/sahruday/ros2_humble/install/rqt_gui_py:/home/sahruday/ros2_humble/install/rqt_gui:/home/sahruday/ros2_humble/install/ros2trace:/home/sahruday/ros2_humble/install/ros2topic:/home/sahruday/ros2_humble/install/ros2test:/home/sahruday/ros2_humble/install/ros2component:/home/sahruday/ros2_humble/install/ros2param:/home/sahruday/ros2_humble/install/ros2lifecycle:/home/sahruday/ros2_humble/install/ros2service:/home/sahruday/ros2_humble/install/ros2run:/home/sahruday/ros2_humble/install/ros2launch:/home/sahruday/ros2_humble/install/ros2pkg:/home/sahruday/ros2_humble/install/ros2node:/home/sahruday/ros2_humble/install/ros2multicast:/home/sahruday/ros2_humble/install/ros2interface:/home/sahruday/ros2_humble/install/ros2doctor:/home/sahruday/ros2_humble/install/ros2action:/home/sahruday/ros2_humble/install/ros2cli:/home/sahruday/ros2_humble/install/quality_of_service_demo_py:/home/sahruday/ros2_humble/install/lifecycle_py:/home/sahruday/ros2_humble/install/launch_testing_ros:/home/sahruday/ros2_humble/install/launch_ros:/home/sahruday/ros2_humble/install/examples_rclpy_pointcloud_publisher:/home/sahruday/ros2_humble/install/examples_rclpy_minimal_subscriber:/home/sahruday/ros2_humble/install/examples_rclpy_minimal_service:/home/sahruday/ros2_humble/install/examples_rclpy_minimal_publisher:/home/sahruday/ros2_humble/install/examples_rclpy_minimal_client:/home/sahruday/ros2_humble/install/examples_rclpy_minimal_action_server:/home/sahruday/ros2_humble/install/examples_rclpy_minimal_action_client:/home/sahruday/ros2_humble/install/examples_rclpy_guard_conditions:/home/sahruday/ros2_humble/install/examples_rclpy_executors:/home/sahruday/ros2_humble/install/demo_nodes_py:/home/sahruday/ros2_humble/install/action_tutorials_py:/home/sahruday/ros2_humble/install/ament_uncrustify:/home/sahruday/ros2_humble/install/tracetools_trace:/home/sahruday/ros2_humble/install/tracetools_read:/home/sahruday/ros2_humble/install/test_tracetools_launch:/home/sahruday/ros2_humble/install/test_launch_ros:/home/sahruday/ros2_humble/install/sensor_msgs_py:/home/sahruday/ros2_humble/install/rpyutils:/home/sahruday/ros2_humble/install/rosidl_runtime_py:/home/sahruday/ros2_humble/install/rosidl_cli:/home/sahruday/ros2_humble/install/launch_pytest:/home/sahruday/ros2_humble/install/launch_testing:/home/sahruday/ros2_humble/install/launch_yaml:/home/sahruday/ros2_humble/install/launch_xml:/home/sahruday/ros2_humble/install/launch:/home/sahruday/ros2_humble/install/osrf_pycommon:/home/sahruday/ros2_humble/install/launch_testing_examples:/home/sahruday/ros2_humble/install/domain_coordinator:/home/sahruday/ros2_humble/install/ament_xmllint:/home/sahruday/ros2_humble/install/ament_pyflakes:/home/sahruday/ros2_humble/install/ament_pycodestyle:/home/sahruday/ros2_humble/install/ament_pep257:/home/sahruday/ros2_humble/install/ament_pclint:/home/sahruday/ros2_humble/install/ament_package:/home/sahruday/ros2_humble/install/ament_mypy:/home/sahruday/ros2_humble/install/ament_lint_cmake:/home/sahruday/ros2_humble/install/ament_flake8:/home/sahruday/ros2_humble/install/ament_copyright:/home/sahruday/ros2_humble/install/ament_lint:/home/sahruday/ros2_humble/install/ament_index_python:/home/sahruday/ros2_humble/install/ament_cpplint:/home/sahruday/ros2_humble/install/ament_cppcheck:/home/sahruday/ros2_humble/install/ament_clang_tidy:/home/sahruday/ros2_humble/install/ament_clang_format /usr/bin/cmake /home/sahruday/Documents/Github/Beginner_Tutorials_Ros2/src/cpp_srvcli -DCMAKE_INSTALL_PREFIX=/home/sahruday/Documents/Github/Beginner_Tutorials_Ros2/install/cpp_srvcli
[0.113s] -- The C compiler identification is GNU 11.3.0
[0.158s] -- The CXX compiler identification is GNU 11.3.0
[0.165s] -- Detecting C compiler ABI info
[0.238s] -- Detecting C compiler ABI info - done
[0.243s] -- Check for working C compiler: /usr/bin/cc - skipped
[0.243s] -- Detecting C compile features
[0.244s] -- Detecting C compile features - done
[0.246s] -- Detecting CXX compiler ABI info
[0.327s] -- Detecting CXX compiler ABI info - done
[0.333s] -- Check for working CXX compiler: /usr/bin/c++ - skipped
[0.333s] -- Detecting CXX compile features
[0.333s] -- Detecting CXX compile features - done
[0.345s] -- Found ament_cmake: 1.3.2 (/home/sahruday/ros2_humble/install/ament_cmake/share/ament_cmake/cmake)
[0.852s] -- Found Python3: /usr/bin/python3.10 (found version "3.10.6") found components: Interpreter 
[1.173s] -- Found rclcpp: 16.0.1 (/home/sahruday/ros2_humble/install/rclcpp/share/rclcpp/cmake)
[1.322s] -- Found rosidl_generator_c: 3.1.3 (/home/sahruday/ros2_humble/install/rosidl_generator_c/share/rosidl_generator_c/cmake)
[1.342s] -- Found rosidl_adapter: 3.1.3 (/home/sahruday/ros2_humble/install/rosidl_adapter/share/rosidl_adapter/cmake)
[1.364s] -- Found rosidl_generator_cpp: 3.1.3 (/home/sahruday/ros2_humble/install/rosidl_generator_cpp/share/rosidl_generator_cpp/cmake)
[1.407s] -- Using all available rosidl_typesupport_c: rosidl_typesupport_introspection_c;rosidl_typesupport_fastrtps_c
[1.468s] -- Using all available rosidl_typesupport_cpp: rosidl_typesupport_introspection_cpp;rosidl_typesupport_fastrtps_cpp
[1.607s] -- Found rmw_implementation_cmake: 6.1.0 (/home/sahruday/ros2_humble/install/rmw_implementation_cmake/share/rmw_implementation_cmake/cmake)
[1.637s] -- Found rmw_fastrtps_cpp: 6.2.1 (/home/sahruday/ros2_humble/install/rmw_fastrtps_cpp/share/rmw_fastrtps_cpp/cmake)
[1.821s] -- Found OpenSSL: /usr/lib/x86_64-linux-gnu/libcrypto.so (found version "3.0.2")  
[1.866s] -- Found FastRTPS: /home/sahruday/ros2_humble/install/fastrtps/include  
[1.957s] -- Using RMW implementation 'rmw_fastrtps_cpp' as default
[1.991s] -- Looking for pthread.h
[2.078s] -- Looking for pthread.h - found
[2.078s] -- Performing Test CMAKE_HAVE_LIBC_PTHREAD
[2.165s] -- Performing Test CMAKE_HAVE_LIBC_PTHREAD - Success
[2.166s] -- Found Threads: TRUE  
[2.346s] -- Found example_interfaces: 0.9.3 (/home/sahruday/ros2_humble/install/example_interfaces/share/example_interfaces/cmake)
[2.508s] -- Found ament_lint_auto: 0.12.4 (/home/sahruday/ros2_humble/install/ament_lint_auto/share/ament_lint_auto/cmake)
[2.715s] -- Added test 'cppcheck' to perform static code analysis on C / C++ code
[2.715s] -- Configured cppcheck include dirs: 
[2.715s] -- Configured cppcheck exclude dirs and/or files: 
[2.720s] -- Added test 'lint_cmake' to check CMake code style
[2.725s] -- Added test 'uncrustify' to check C / C++ code style
[2.725s] -- Configured uncrustify additional arguments: 
[2.730s] -- Added test 'xmllint' to check XML markup files
[2.737s] -- Configuring done
[2.740s] [31mCMake Error at CMakeLists.txt:16 (add_executable):
[2.740s]   Cannot find source file:
[2.740s] 
[2.740s]     src/add_two_ints_client.cpp
[2.740s] 
[2.740s]   Tried extensions .c .C .c++ .cc .cpp .cxx .cu .mpp .m .M .mm .ixx .cppm .h
[2.740s]   .hh .h++ .hm .hpp .hxx .in .txx .f .F .for .f77 .f90 .f95 .f03 .hip .ispc
[2.741s] 
[2.741s] [0m
[2.741s] [31mCMake Error at CMakeLists.txt:16 (add_executable):
[2.741s]   No SOURCES given to target: client
[2.741s] 
[2.741s] [0m
[2.741s] [0mCMake Generate step failed.  Build files cannot be regenerated correctly.[0m
[2.748s] Invoked command in '/home/sahruday/Documents/Github/Beginner_Tutorials_Ros2/build/cpp_srvcli' returned '1': CMAKE_PREFIX_PATH=${CMAKE_PREFIX_PATH}:/home/sahruday/ros2_humble/install/rqt_bag_plugins:/home/sahruday/ros2_humble/install/rqt_bag:/home/sahruday/ros2_humble/install/ros2bag:/home/sahruday/ros2_humble/install/tracetools_test:/home/sahruday/ros2_humble/install/tracetools_launch:/home/sahruday/ros2_humble/install/topic_monitor:/home/sahruday/ros2_humble/install/tf2_tools:/home/sahruday/ros2_humble/install/examples_tf2_py:/home/sahruday/ros2_humble/install/tf2_ros_py:/home/sahruday/ros2_humble/install/sros2:/home/sahruday/ros2_humble/install/rqt_topic:/home/sahruday/ros2_humble/install/rqt_srv:/home/sahruday/ros2_humble/install/rqt_shell:/home/sahruday/ros2_humble/install/rqt_service_caller:/home/sahruday/ros2_humble/install/rqt_reconfigure:/home/sahruday/ros2_humble/install/rqt_py_console:/home/sahruday/ros2_humble/install/rqt_publisher:/home/sahruday/ros2_humble/install/rqt_plot:/home/sahruday/ros2_humble/install/rqt_action:/home/sahruday/ros2_humble/install/rqt_msg:/home/sahruday/ros2_humble/install/rqt_console:/home/sahruday/ros2_humble/install/rqt:/home/sahruday/ros2_humble/install/rqt_graph:/home/sahruday/ros2_humble/install/rqt_gui_py:/home/sahruday/ros2_humble/install/rqt_gui:/home/sahruday/ros2_humble/install/ros2trace:/home/sahruday/ros2_humble/install/ros2topic:/home/sahruday/ros2_humble/install/ros2test:/home/sahruday/ros2_humble/install/ros2component:/home/sahruday/ros2_humble/install/ros2param:/home/sahruday/ros2_humble/install/ros2lifecycle:/home/sahruday/ros2_humble/install/ros2service:/home/sahruday/ros2_humble/install/ros2run:/home/sahruday/ros2_humble/install/ros2launch:/home/sahruday/ros2_humble/install/ros2pkg:/home/sahruday/ros2_humble/install/ros2node:/home/sahruday/ros2_humble/install/ros2multicast:/home/sahruday/ros2_humble/install/ros2interface:/home/sahruday/ros2_humble/install/ros2doctor:/home/sahruday/ros2_humble/install/ros2action:/home/sahruday/ros2_humble/install/ros2cli:/home/sahruday/ros2_humble/install/quality_of_service_demo_py:/home/sahruday/ros2_humble/install/lifecycle_py:/home/sahruday/ros2_humble/install/launch_testing_ros:/home/sahruday/ros2_humble/install/launch_ros:/home/sahruday/ros2_humble/install/examples_rclpy_pointcloud_publisher:/home/sahruday/ros2_humble/install/examples_rclpy_minimal_subscriber:/home/sahruday/ros2_humble/install/examples_rclpy_minimal_service:/home/sahruday/ros2_humble/install/examples_rclpy_minimal_publisher:/home/sahruday/ros2_humble/install/examples_rclpy_minimal_client:/home/sahruday/ros2_humble/install/examples_rclpy_minimal_action_server:/home/sahruday/ros2_humble/install/examples_rclpy_minimal_action_client:/home/sahruday/ros2_humble/install/examples_rclpy_guard_conditions:/home/sahruday/ros2_humble/install/examples_rclpy_executors:/home/sahruday/ros2_humble/install/demo_nodes_py:/home/sahruday/ros2_humble/install/action_tutorials_py:/home/sahruday/ros2_humble/install/ament_uncrustify:/home/sahruday/ros2_humble/install/tracetools_trace:/home/sahruday/ros2_humble/install/tracetools_read:/home/sahruday/ros2_humble/install/test_tracetools_launch:/home/sahruday/ros2_humble/install/test_launch_ros:/home/sahruday/ros2_humble/install/sensor_msgs_py:/home/sahruday/ros2_humble/install/rpyutils:/home/sahruday/ros2_humble/install/rosidl_runtime_py:/home/sahruday/ros2_humble/install/rosidl_cli:/home/sahruday/ros2_humble/install/launch_pytest:/home/sahruday/ros2_humble/install/launch_testing:/home/sahruday/ros2_humble/install/launch_yaml:/home/sahruday/ros2_humble/install/launch_xml:/home/sahruday/ros2_humble/install/launch:/home/sahruday/ros2_humble/install/osrf_pycommon:/home/sahruday/ros2_humble/install/launch_testing_examples:/home/sahruday/ros2_humble/install/domain_coordinator:/home/sahruday/ros2_humble/install/ament_xmllint:/home/sahruday/ros2_humble/install/ament_pyflakes:/home/sahruday/ros2_humble/install/ament_pycodestyle:/home/sahruday/ros2_humble/install/ament_pep257:/home/sahruday/ros2_humble/install/ament_pclint:/home/sahruday/ros2_humble/install/ament_package:/home/sahruday/ros2_humble/install/ament_mypy:/home/sahruday/ros2_humble/install/ament_lint_cmake:/home/sahruday/ros2_humble/install/ament_flake8:/home/sahruday/ros2_humble/install/ament_copyright:/home/sahruday/ros2_humble/install/ament_lint:/home/sahruday/ros2_humble/install/ament_index_python:/home/sahruday/ros2_humble/install/ament_cpplint:/home/sahruday/ros2_humble/install/ament_cppcheck:/home/sahruday/ros2_humble/install/ament_clang_tidy:/home/sahruday/ros2_humble/install/ament_clang_format /usr/bin/cmake /home/sahruday/Documents/Github/Beginner_Tutorials_Ros2/src/cpp_srvcli -DCMAKE_INSTALL_PREFIX=/home/sahruday/Documents/Github/Beginner_Tutorials_Ros2/install/cpp_srvcli
