[2.829s] Invoking command in '/home/sahruday/ros2_ws/build/examples_rclpy_minimal_service': PYTHONPATH=/home/sahruday/ros2_ws/install/examples_rclpy_minimal_service/lib/python3.10/site-packages:${PYTHONPATH} /usr/bin/python3 setup.py develop --prefix /home/sahruday/ros2_ws/install/examples_rclpy_minimal_service --uninstall --editable --build-directory /home/sahruday/ros2_ws/build/examples_rclpy_minimal_service/build
[3.204s] running develop
[3.204s] /usr/lib/python3/dist-packages/setuptools/command/easy_install.py:158: EasyInstallDeprecationWarning: easy_install command is deprecated. Use build and pip and other standards-based tools.
[3.204s]   warnings.warn(
[3.205s] /usr/lib/python3/dist-packages/setuptools/command/install.py:34: SetuptoolsDeprecationWarning: setup.py install is deprecated. Use build and pip and other standards-based tools.
[3.205s]   warnings.warn(
[3.266s] /usr/lib/python3/dist-packages/pkg_resources/__init__.py:116: PkgResourcesDeprecationWarning: 1.1build1 is an invalid version and will not be supported in a future release
[3.266s]   warnings.warn(
[3.266s] /usr/lib/python3/dist-packages/pkg_resources/__init__.py:116: PkgResourcesDeprecationWarning: 0.1.43ubuntu1 is an invalid version and will not be supported in a future release
[3.266s]   warnings.warn(
[3.368s] Removing /home/sahruday/ros2_ws/install/examples_rclpy_minimal_service/lib/python3.10/site-packages/examples-rclpy-minimal-service.egg-link (link to .)
[3.400s] Invoked command in '/home/sahruday/ros2_ws/build/examples_rclpy_minimal_service' returned '0': PYTHONPATH=/home/sahruday/ros2_ws/install/examples_rclpy_minimal_service/lib/python3.10/site-packages:${PYTHONPATH} /usr/bin/python3 setup.py develop --prefix /home/sahruday/ros2_ws/install/examples_rclpy_minimal_service --uninstall --editable --build-directory /home/sahruday/ros2_ws/build/examples_rclpy_minimal_service/build
[3.401s] Invoking command in '/home/sahruday/ros2_ws/src/examples/rclpy/services/minimal_service': PYTHONPATH=/home/sahruday/ros2_ws/install/examples_rclpy_minimal_service/lib/python3.10/site-packages:${PYTHONPATH} /usr/bin/python3 setup.py egg_info --egg-base ../../../../../build/examples_rclpy_minimal_service build --build-base /home/sahruday/ros2_ws/build/examples_rclpy_minimal_service/build install --prefix /home/sahruday/ros2_ws/install/examples_rclpy_minimal_service --record /home/sahruday/ros2_ws/build/examples_rclpy_minimal_service/install.log --single-version-externally-managed
[3.718s] running egg_info
[3.718s] writing ../../../../../build/examples_rclpy_minimal_service/examples_rclpy_minimal_service.egg-info/PKG-INFO
[3.718s] writing dependency_links to ../../../../../build/examples_rclpy_minimal_service/examples_rclpy_minimal_service.egg-info/dependency_links.txt
[3.718s] writing entry points to ../../../../../build/examples_rclpy_minimal_service/examples_rclpy_minimal_service.egg-info/entry_points.txt
[3.719s] writing requirements to ../../../../../build/examples_rclpy_minimal_service/examples_rclpy_minimal_service.egg-info/requires.txt
[3.719s] writing top-level names to ../../../../../build/examples_rclpy_minimal_service/examples_rclpy_minimal_service.egg-info/top_level.txt
[3.720s] reading manifest file '../../../../../build/examples_rclpy_minimal_service/examples_rclpy_minimal_service.egg-info/SOURCES.txt'
[3.723s] writing manifest file '../../../../../build/examples_rclpy_minimal_service/examples_rclpy_minimal_service.egg-info/SOURCES.txt'
[3.724s] running build
[3.724s] running build_py
[3.725s] creating /home/sahruday/ros2_ws/build/examples_rclpy_minimal_service/build
[3.725s] creating /home/sahruday/ros2_ws/build/examples_rclpy_minimal_service/build/lib
[3.725s] creating /home/sahruday/ros2_ws/build/examples_rclpy_minimal_service/build/lib/examples_rclpy_minimal_service
[3.725s] copying examples_rclpy_minimal_service/service.py -> /home/sahruday/ros2_ws/build/examples_rclpy_minimal_service/build/lib/examples_rclpy_minimal_service
[3.725s] copying examples_rclpy_minimal_service/service_member_function.py -> /home/sahruday/ros2_ws/build/examples_rclpy_minimal_service/build/lib/examples_rclpy_minimal_service
[3.725s] copying examples_rclpy_minimal_service/__init__.py -> /home/sahruday/ros2_ws/build/examples_rclpy_minimal_service/build/lib/examples_rclpy_minimal_service
[3.726s] running install
[3.726s] /usr/lib/python3/dist-packages/setuptools/command/install.py:34: SetuptoolsDeprecationWarning: setup.py install is deprecated. Use build and pip and other standards-based tools.
[3.726s]   warnings.warn(
[3.726s] running install_lib
[3.726s] creating /home/sahruday/ros2_ws/install/examples_rclpy_minimal_service/lib/python3.10/site-packages/examples_rclpy_minimal_service
[3.727s] copying /home/sahruday/ros2_ws/build/examples_rclpy_minimal_service/build/lib/examples_rclpy_minimal_service/service.py -> /home/sahruday/ros2_ws/install/examples_rclpy_minimal_service/lib/python3.10/site-packages/examples_rclpy_minimal_service
[3.727s] copying /home/sahruday/ros2_ws/build/examples_rclpy_minimal_service/build/lib/examples_rclpy_minimal_service/service_member_function.py -> /home/sahruday/ros2_ws/install/examples_rclpy_minimal_service/lib/python3.10/site-packages/examples_rclpy_minimal_service
[3.727s] copying /home/sahruday/ros2_ws/build/examples_rclpy_minimal_service/build/lib/examples_rclpy_minimal_service/__init__.py -> /home/sahruday/ros2_ws/install/examples_rclpy_minimal_service/lib/python3.10/site-packages/examples_rclpy_minimal_service
[3.727s] byte-compiling /home/sahruday/ros2_ws/install/examples_rclpy_minimal_service/lib/python3.10/site-packages/examples_rclpy_minimal_service/service.py to service.cpython-310.pyc
[3.728s] byte-compiling /home/sahruday/ros2_ws/install/examples_rclpy_minimal_service/lib/python3.10/site-packages/examples_rclpy_minimal_service/service_member_function.py to service_member_function.cpython-310.pyc
[3.728s] byte-compiling /home/sahruday/ros2_ws/install/examples_rclpy_minimal_service/lib/python3.10/site-packages/examples_rclpy_minimal_service/__init__.py to __init__.cpython-310.pyc
[3.728s] running install_data
[3.728s] running install_egg_info
[3.731s] Copying ../../../../../build/examples_rclpy_minimal_service/examples_rclpy_minimal_service.egg-info to /home/sahruday/ros2_ws/install/examples_rclpy_minimal_service/lib/python3.10/site-packages/examples_rclpy_minimal_service-0.15.0-py3.10.egg-info
[3.731s] running install_scripts
[3.763s] Installing service script to /home/sahruday/ros2_ws/install/examples_rclpy_minimal_service/lib/examples_rclpy_minimal_service
[3.763s] Installing service_member_function script to /home/sahruday/ros2_ws/install/examples_rclpy_minimal_service/lib/examples_rclpy_minimal_service
[3.763s] writing list of installed files to '/home/sahruday/ros2_ws/build/examples_rclpy_minimal_service/install.log'
[3.808s] Invoked command in '/home/sahruday/ros2_ws/src/examples/rclpy/services/minimal_service' returned '0': PYTHONPATH=/home/sahruday/ros2_ws/install/examples_rclpy_minimal_service/lib/python3.10/site-packages:${PYTHONPATH} /usr/bin/python3 setup.py egg_info --egg-base ../../../../../build/examples_rclpy_minimal_service build --build-base /home/sahruday/ros2_ws/build/examples_rclpy_minimal_service/build install --prefix /home/sahruday/ros2_ws/install/examples_rclpy_minimal_service --record /home/sahruday/ros2_ws/build/examples_rclpy_minimal_service/install.log --single-version-externally-managed
