[0.040s] Invoking command in '/home/sahruday/Documents/Github/Beginner_Tutorials_Ros2/build/tutorial_interfaces': CMAKE_PREFIX_PATH=${CMAKE_PREFIX_PATH}:/home/sahruday/ros2_humble/install/rqt_bag_plugins:/home/sahruday/ros2_humble/install/rqt_bag:/home/sahruday/ros2_humble/install/ros2bag:/home/sahruday/ros2_humble/install/tracetools_test:/home/sahruday/ros2_humble/install/tracetools_launch:/home/sahruday/ros2_humble/install/topic_monitor:/home/sahruday/ros2_humble/install/tf2_tools:/home/sahruday/ros2_humble/install/examples_tf2_py:/home/sahruday/ros2_humble/install/tf2_ros_py:/home/sahruday/ros2_humble/install/sros2:/home/sahruday/ros2_humble/install/rqt_topic:/home/sahruday/ros2_humble/install/rqt_srv:/home/sahruday/ros2_humble/install/rqt_shell:/home/sahruday/ros2_humble/install/rqt_service_caller:/home/sahruday/ros2_humble/install/rqt_reconfigure:/home/sahruday/ros2_humble/install/rqt_py_console:/home/sahruday/ros2_humble/install/rqt_publisher:/home/sahruday/ros2_humble/install/rqt_plot:/home/sahruday/ros2_humble/install/rqt_action:/home/sahruday/ros2_humble/install/rqt_msg:/home/sahruday/ros2_humble/install/rqt_console:/home/sahruday/ros2_humble/install/rqt:/home/sahruday/ros2_humble/install/rqt_graph:/home/sahruday/ros2_humble/install/rqt_gui_py:/home/sahruday/ros2_humble/install/rqt_gui:/home/sahruday/ros2_humble/install/ros2trace:/home/sahruday/ros2_humble/install/ros2topic:/home/sahruday/ros2_humble/install/ros2test:/home/sahruday/ros2_humble/install/ros2component:/home/sahruday/ros2_humble/install/ros2param:/home/sahruday/ros2_humble/install/ros2lifecycle:/home/sahruday/ros2_humble/install/ros2service:/home/sahruday/ros2_humble/install/ros2run:/home/sahruday/ros2_humble/install/ros2launch:/home/sahruday/ros2_humble/install/ros2pkg:/home/sahruday/ros2_humble/install/ros2node:/home/sahruday/ros2_humble/install/ros2multicast:/home/sahruday/ros2_humble/install/ros2interface:/home/sahruday/ros2_humble/install/ros2doctor:/home/sahruday/ros2_humble/install/ros2action:/home/sahruday/ros2_humble/install/ros2cli:/home/sahruday/ros2_humble/install/quality_of_service_demo_py:/home/sahruday/ros2_humble/install/lifecycle_py:/home/sahruday/ros2_humble/install/launch_testing_ros:/home/sahruday/ros2_humble/install/launch_ros:/home/sahruday/ros2_humble/install/examples_rclpy_pointcloud_publisher:/home/sahruday/ros2_humble/install/examples_rclpy_minimal_subscriber:/home/sahruday/ros2_humble/install/examples_rclpy_minimal_service:/home/sahruday/ros2_humble/install/examples_rclpy_minimal_publisher:/home/sahruday/ros2_humble/install/examples_rclpy_minimal_client:/home/sahruday/ros2_humble/install/examples_rclpy_minimal_action_server:/home/sahruday/ros2_humble/install/examples_rclpy_minimal_action_client:/home/sahruday/ros2_humble/install/examples_rclpy_guard_conditions:/home/sahruday/ros2_humble/install/examples_rclpy_executors:/home/sahruday/ros2_humble/install/demo_nodes_py:/home/sahruday/ros2_humble/install/action_tutorials_py:/home/sahruday/ros2_humble/install/ament_uncrustify:/home/sahruday/ros2_humble/install/tracetools_trace:/home/sahruday/ros2_humble/install/tracetools_read:/home/sahruday/ros2_humble/install/test_tracetools_launch:/home/sahruday/ros2_humble/install/test_launch_ros:/home/sahruday/ros2_humble/install/sensor_msgs_py:/home/sahruday/ros2_humble/install/rpyutils:/home/sahruday/ros2_humble/install/rosidl_runtime_py:/home/sahruday/ros2_humble/install/rosidl_cli:/home/sahruday/ros2_humble/install/launch_pytest:/home/sahruday/ros2_humble/install/launch_testing:/home/sahruday/ros2_humble/install/launch_yaml:/home/sahruday/ros2_humble/install/launch_xml:/home/sahruday/ros2_humble/install/launch:/home/sahruday/ros2_humble/install/osrf_pycommon:/home/sahruday/ros2_humble/install/launch_testing_examples:/home/sahruday/ros2_humble/install/domain_coordinator:/home/sahruday/ros2_humble/install/ament_xmllint:/home/sahruday/ros2_humble/install/ament_pyflakes:/home/sahruday/ros2_humble/install/ament_pycodestyle:/home/sahruday/ros2_humble/install/ament_pep257:/home/sahruday/ros2_humble/install/ament_pclint:/home/sahruday/ros2_humble/install/ament_package:/home/sahruday/ros2_humble/install/ament_mypy:/home/sahruday/ros2_humble/install/ament_lint_cmake:/home/sahruday/ros2_humble/install/ament_flake8:/home/sahruday/ros2_humble/install/ament_copyright:/home/sahruday/ros2_humble/install/ament_lint:/home/sahruday/ros2_humble/install/ament_index_python:/home/sahruday/ros2_humble/install/ament_cpplint:/home/sahruday/ros2_humble/install/ament_cppcheck:/home/sahruday/ros2_humble/install/ament_clang_tidy:/home/sahruday/ros2_humble/install/ament_clang_format /usr/bin/cmake /home/sahruday/Documents/Github/Beginner_Tutorials_Ros2/src/tutorial_interfaces -DCMAKE_INSTALL_PREFIX=/home/sahruday/Documents/Github/Beginner_Tutorials_Ros2/install/tutorial_interfaces
[0.133s] -- The C compiler identification is GNU 11.3.0
[0.198s] -- The CXX compiler identification is GNU 11.3.0
[0.204s] -- Detecting C compiler ABI info
[0.285s] -- Detecting C compiler ABI info - done
[0.290s] -- Check for working C compiler: /usr/bin/cc - skipped
[0.290s] -- Detecting C compile features
[0.290s] -- Detecting C compile features - done
[0.292s] -- Detecting CXX compiler ABI info
[0.378s] -- Detecting CXX compiler ABI info - done
[0.384s] -- Check for working CXX compiler: /usr/bin/c++ - skipped
[0.384s] -- Detecting CXX compile features
[0.385s] -- Detecting CXX compile features - done
[0.398s] -- Found ament_cmake: 1.3.2 (/home/sahruday/ros2_humble/install/ament_cmake/share/ament_cmake/cmake)
[0.962s] -- Found Python3: /usr/bin/python3.10 (found version "3.10.6") found components: Interpreter 
[1.312s] -- Found geometry_msgs: 4.2.2 (/home/sahruday/ros2_humble/install/geometry_msgs/share/geometry_msgs/cmake)
[1.443s] -- Found rosidl_generator_c: 3.1.3 (/home/sahruday/ros2_humble/install/rosidl_generator_c/share/rosidl_generator_c/cmake)
[1.464s] -- Found rosidl_adapter: 3.1.3 (/home/sahruday/ros2_humble/install/rosidl_adapter/share/rosidl_adapter/cmake)
[1.486s] -- Found rosidl_generator_cpp: 3.1.3 (/home/sahruday/ros2_humble/install/rosidl_generator_cpp/share/rosidl_generator_cpp/cmake)
[1.539s] -- Using all available rosidl_typesupport_c: rosidl_typesupport_introspection_c;rosidl_typesupport_fastrtps_c
[1.596s] -- Using all available rosidl_typesupport_cpp: rosidl_typesupport_introspection_cpp;rosidl_typesupport_fastrtps_cpp
[1.741s] -- Found rosidl_default_generators: 1.2.0 (/home/sahruday/ros2_humble/install/rosidl_default_generators/share/rosidl_default_generators/cmake)
[2.450s] -- Found ament_cmake_ros: 0.10.0 (/home/sahruday/ros2_humble/install/ament_cmake_ros/share/ament_cmake_ros/cmake)
[3.402s] -- Using all available rosidl_typesupport_c: rosidl_typesupport_introspection_c;rosidl_typesupport_fastrtps_c
[3.780s] -- Using all available rosidl_typesupport_cpp: rosidl_typesupport_introspection_cpp;rosidl_typesupport_fastrtps_cpp
[3.847s] -- Found PythonInterp: /usr/bin/python3 (found suitable version "3.10.6", minimum required is "3.6") 
[3.857s] -- Found python_cmake_module: 0.10.0 (/home/sahruday/ros2_humble/install/python_cmake_module/share/python_cmake_module/cmake)
[3.927s] -- Found PythonLibs: /usr/lib/x86_64-linux-gnu/libpython3.10.so (found suitable version "3.10.6", minimum required is "3.5") 
[3.927s] -- Using PYTHON_EXECUTABLE: /usr/bin/python3
[3.927s] -- Using PYTHON_INCLUDE_DIRS: /usr/include/python3.10
[3.927s] -- Using PYTHON_LIBRARIES: /usr/lib/x86_64-linux-gnu/libpython3.10.so
[3.989s] -- Found PythonExtra: .so  
[4.393s] -- Found ament_lint_auto: 0.12.4 (/home/sahruday/ros2_humble/install/ament_lint_auto/share/ament_lint_auto/cmake)
[4.474s] -- Added test 'lint_cmake' to check CMake code style
[4.478s] -- Added test 'xmllint' to check XML markup files
[4.485s] -- Configuring done
[4.512s] -- Generating done
[4.514s] -- Build files have been written to: /home/sahruday/Documents/Github/Beginner_Tutorials_Ros2/build/tutorial_interfaces
[4.524s] Invoked command in '/home/sahruday/Documents/Github/Beginner_Tutorials_Ros2/build/tutorial_interfaces' returned '0': CMAKE_PREFIX_PATH=${CMAKE_PREFIX_PATH}:/home/sahruday/ros2_humble/install/rqt_bag_plugins:/home/sahruday/ros2_humble/install/rqt_bag:/home/sahruday/ros2_humble/install/ros2bag:/home/sahruday/ros2_humble/install/tracetools_test:/home/sahruday/ros2_humble/install/tracetools_launch:/home/sahruday/ros2_humble/install/topic_monitor:/home/sahruday/ros2_humble/install/tf2_tools:/home/sahruday/ros2_humble/install/examples_tf2_py:/home/sahruday/ros2_humble/install/tf2_ros_py:/home/sahruday/ros2_humble/install/sros2:/home/sahruday/ros2_humble/install/rqt_topic:/home/sahruday/ros2_humble/install/rqt_srv:/home/sahruday/ros2_humble/install/rqt_shell:/home/sahruday/ros2_humble/install/rqt_service_caller:/home/sahruday/ros2_humble/install/rqt_reconfigure:/home/sahruday/ros2_humble/install/rqt_py_console:/home/sahruday/ros2_humble/install/rqt_publisher:/home/sahruday/ros2_humble/install/rqt_plot:/home/sahruday/ros2_humble/install/rqt_action:/home/sahruday/ros2_humble/install/rqt_msg:/home/sahruday/ros2_humble/install/rqt_console:/home/sahruday/ros2_humble/install/rqt:/home/sahruday/ros2_humble/install/rqt_graph:/home/sahruday/ros2_humble/install/rqt_gui_py:/home/sahruday/ros2_humble/install/rqt_gui:/home/sahruday/ros2_humble/install/ros2trace:/home/sahruday/ros2_humble/install/ros2topic:/home/sahruday/ros2_humble/install/ros2test:/home/sahruday/ros2_humble/install/ros2component:/home/sahruday/ros2_humble/install/ros2param:/home/sahruday/ros2_humble/install/ros2lifecycle:/home/sahruday/ros2_humble/install/ros2service:/home/sahruday/ros2_humble/install/ros2run:/home/sahruday/ros2_humble/install/ros2launch:/home/sahruday/ros2_humble/install/ros2pkg:/home/sahruday/ros2_humble/install/ros2node:/home/sahruday/ros2_humble/install/ros2multicast:/home/sahruday/ros2_humble/install/ros2interface:/home/sahruday/ros2_humble/install/ros2doctor:/home/sahruday/ros2_humble/install/ros2action:/home/sahruday/ros2_humble/install/ros2cli:/home/sahruday/ros2_humble/install/quality_of_service_demo_py:/home/sahruday/ros2_humble/install/lifecycle_py:/home/sahruday/ros2_humble/install/launch_testing_ros:/home/sahruday/ros2_humble/install/launch_ros:/home/sahruday/ros2_humble/install/examples_rclpy_pointcloud_publisher:/home/sahruday/ros2_humble/install/examples_rclpy_minimal_subscriber:/home/sahruday/ros2_humble/install/examples_rclpy_minimal_service:/home/sahruday/ros2_humble/install/examples_rclpy_minimal_publisher:/home/sahruday/ros2_humble/install/examples_rclpy_minimal_client:/home/sahruday/ros2_humble/install/examples_rclpy_minimal_action_server:/home/sahruday/ros2_humble/install/examples_rclpy_minimal_action_client:/home/sahruday/ros2_humble/install/examples_rclpy_guard_conditions:/home/sahruday/ros2_humble/install/examples_rclpy_executors:/home/sahruday/ros2_humble/install/demo_nodes_py:/home/sahruday/ros2_humble/install/action_tutorials_py:/home/sahruday/ros2_humble/install/ament_uncrustify:/home/sahruday/ros2_humble/install/tracetools_trace:/home/sahruday/ros2_humble/install/tracetools_read:/home/sahruday/ros2_humble/install/test_tracetools_launch:/home/sahruday/ros2_humble/install/test_launch_ros:/home/sahruday/ros2_humble/install/sensor_msgs_py:/home/sahruday/ros2_humble/install/rpyutils:/home/sahruday/ros2_humble/install/rosidl_runtime_py:/home/sahruday/ros2_humble/install/rosidl_cli:/home/sahruday/ros2_humble/install/launch_pytest:/home/sahruday/ros2_humble/install/launch_testing:/home/sahruday/ros2_humble/install/launch_yaml:/home/sahruday/ros2_humble/install/launch_xml:/home/sahruday/ros2_humble/install/launch:/home/sahruday/ros2_humble/install/osrf_pycommon:/home/sahruday/ros2_humble/install/launch_testing_examples:/home/sahruday/ros2_humble/install/domain_coordinator:/home/sahruday/ros2_humble/install/ament_xmllint:/home/sahruday/ros2_humble/install/ament_pyflakes:/home/sahruday/ros2_humble/install/ament_pycodestyle:/home/sahruday/ros2_humble/install/ament_pep257:/home/sahruday/ros2_humble/install/ament_pclint:/home/sahruday/ros2_humble/install/ament_package:/home/sahruday/ros2_humble/install/ament_mypy:/home/sahruday/ros2_humble/install/ament_lint_cmake:/home/sahruday/ros2_humble/install/ament_flake8:/home/sahruday/ros2_humble/install/ament_copyright:/home/sahruday/ros2_humble/install/ament_lint:/home/sahruday/ros2_humble/install/ament_index_python:/home/sahruday/ros2_humble/install/ament_cpplint:/home/sahruday/ros2_humble/install/ament_cppcheck:/home/sahruday/ros2_humble/install/ament_clang_tidy:/home/sahruday/ros2_humble/install/ament_clang_format /usr/bin/cmake /home/sahruday/Documents/Github/Beginner_Tutorials_Ros2/src/tutorial_interfaces -DCMAKE_INSTALL_PREFIX=/home/sahruday/Documents/Github/Beginner_Tutorials_Ros2/install/tutorial_interfaces
[4.526s] Invoking command in '/home/sahruday/Documents/Github/Beginner_Tutorials_Ros2/build/tutorial_interfaces': CMAKE_PREFIX_PATH=${CMAKE_PREFIX_PATH}:/home/sahruday/ros2_humble/install/rqt_bag_plugins:/home/sahruday/ros2_humble/install/rqt_bag:/home/sahruday/ros2_humble/install/ros2bag:/home/sahruday/ros2_humble/install/tracetools_test:/home/sahruday/ros2_humble/install/tracetools_launch:/home/sahruday/ros2_humble/install/topic_monitor:/home/sahruday/ros2_humble/install/tf2_tools:/home/sahruday/ros2_humble/install/examples_tf2_py:/home/sahruday/ros2_humble/install/tf2_ros_py:/home/sahruday/ros2_humble/install/sros2:/home/sahruday/ros2_humble/install/rqt_topic:/home/sahruday/ros2_humble/install/rqt_srv:/home/sahruday/ros2_humble/install/rqt_shell:/home/sahruday/ros2_humble/install/rqt_service_caller:/home/sahruday/ros2_humble/install/rqt_reconfigure:/home/sahruday/ros2_humble/install/rqt_py_console:/home/sahruday/ros2_humble/install/rqt_publisher:/home/sahruday/ros2_humble/install/rqt_plot:/home/sahruday/ros2_humble/install/rqt_action:/home/sahruday/ros2_humble/install/rqt_msg:/home/sahruday/ros2_humble/install/rqt_console:/home/sahruday/ros2_humble/install/rqt:/home/sahruday/ros2_humble/install/rqt_graph:/home/sahruday/ros2_humble/install/rqt_gui_py:/home/sahruday/ros2_humble/install/rqt_gui:/home/sahruday/ros2_humble/install/ros2trace:/home/sahruday/ros2_humble/install/ros2topic:/home/sahruday/ros2_humble/install/ros2test:/home/sahruday/ros2_humble/install/ros2component:/home/sahruday/ros2_humble/install/ros2param:/home/sahruday/ros2_humble/install/ros2lifecycle:/home/sahruday/ros2_humble/install/ros2service:/home/sahruday/ros2_humble/install/ros2run:/home/sahruday/ros2_humble/install/ros2launch:/home/sahruday/ros2_humble/install/ros2pkg:/home/sahruday/ros2_humble/install/ros2node:/home/sahruday/ros2_humble/install/ros2multicast:/home/sahruday/ros2_humble/install/ros2interface:/home/sahruday/ros2_humble/install/ros2doctor:/home/sahruday/ros2_humble/install/ros2action:/home/sahruday/ros2_humble/install/ros2cli:/home/sahruday/ros2_humble/install/quality_of_service_demo_py:/home/sahruday/ros2_humble/install/lifecycle_py:/home/sahruday/ros2_humble/install/launch_testing_ros:/home/sahruday/ros2_humble/install/launch_ros:/home/sahruday/ros2_humble/install/examples_rclpy_pointcloud_publisher:/home/sahruday/ros2_humble/install/examples_rclpy_minimal_subscriber:/home/sahruday/ros2_humble/install/examples_rclpy_minimal_service:/home/sahruday/ros2_humble/install/examples_rclpy_minimal_publisher:/home/sahruday/ros2_humble/install/examples_rclpy_minimal_client:/home/sahruday/ros2_humble/install/examples_rclpy_minimal_action_server:/home/sahruday/ros2_humble/install/examples_rclpy_minimal_action_client:/home/sahruday/ros2_humble/install/examples_rclpy_guard_conditions:/home/sahruday/ros2_humble/install/examples_rclpy_executors:/home/sahruday/ros2_humble/install/demo_nodes_py:/home/sahruday/ros2_humble/install/action_tutorials_py:/home/sahruday/ros2_humble/install/ament_uncrustify:/home/sahruday/ros2_humble/install/tracetools_trace:/home/sahruday/ros2_humble/install/tracetools_read:/home/sahruday/ros2_humble/install/test_tracetools_launch:/home/sahruday/ros2_humble/install/test_launch_ros:/home/sahruday/ros2_humble/install/sensor_msgs_py:/home/sahruday/ros2_humble/install/rpyutils:/home/sahruday/ros2_humble/install/rosidl_runtime_py:/home/sahruday/ros2_humble/install/rosidl_cli:/home/sahruday/ros2_humble/install/launch_pytest:/home/sahruday/ros2_humble/install/launch_testing:/home/sahruday/ros2_humble/install/launch_yaml:/home/sahruday/ros2_humble/install/launch_xml:/home/sahruday/ros2_humble/install/launch:/home/sahruday/ros2_humble/install/osrf_pycommon:/home/sahruday/ros2_humble/install/launch_testing_examples:/home/sahruday/ros2_humble/install/domain_coordinator:/home/sahruday/ros2_humble/install/ament_xmllint:/home/sahruday/ros2_humble/install/ament_pyflakes:/home/sahruday/ros2_humble/install/ament_pycodestyle:/home/sahruday/ros2_humble/install/ament_pep257:/home/sahruday/ros2_humble/install/ament_pclint:/home/sahruday/ros2_humble/install/ament_package:/home/sahruday/ros2_humble/install/ament_mypy:/home/sahruday/ros2_humble/install/ament_lint_cmake:/home/sahruday/ros2_humble/install/ament_flake8:/home/sahruday/ros2_humble/install/ament_copyright:/home/sahruday/ros2_humble/install/ament_lint:/home/sahruday/ros2_humble/install/ament_index_python:/home/sahruday/ros2_humble/install/ament_cpplint:/home/sahruday/ros2_humble/install/ament_cppcheck:/home/sahruday/ros2_humble/install/ament_clang_tidy:/home/sahruday/ros2_humble/install/ament_clang_format /usr/bin/cmake --build /home/sahruday/Documents/Github/Beginner_Tutorials_Ros2/build/tutorial_interfaces -- -j16 -l16
[4.592s] [  2%] [34m[1mGenerating C code for ROS interfaces[0m
[4.607s] [  4%] [34m[1mGenerating C++ code for ROS interfaces[0m
[4.622s] [  4%] Built target ament_cmake_python_copy_tutorial_interfaces
[5.028s] running egg_info
[5.028s] creating tutorial_interfaces.egg-info
[5.029s] writing tutorial_interfaces.egg-info/PKG-INFO
[5.029s] writing dependency_links to tutorial_interfaces.egg-info/dependency_links.txt
[5.029s] writing top-level names to tutorial_interfaces.egg-info/top_level.txt
[5.029s] [  8%] [32mBuilding C object CMakeFiles/tutorial_interfaces__rosidl_generator_c.dir/rosidl_generator_c/tutorial_interfaces/srv/detail/add_three_ints__functions.c.o[0m
[5.029s] [  8%] [32mBuilding C object CMakeFiles/tutorial_interfaces__rosidl_generator_c.dir/rosidl_generator_c/tutorial_interfaces/msg/detail/num__functions.c.o[0m
[5.030s] writing manifest file 'tutorial_interfaces.egg-info/SOURCES.txt'
[5.030s] [ 10%] [32mBuilding C object CMakeFiles/tutorial_interfaces__rosidl_generator_c.dir/rosidl_generator_c/tutorial_interfaces/msg/detail/sphere__functions.c.o[0m
[5.031s] reading manifest file 'tutorial_interfaces.egg-info/SOURCES.txt'
[5.032s] writing manifest file 'tutorial_interfaces.egg-info/SOURCES.txt'
[5.034s] [ 10%] Built target tutorial_interfaces__cpp
[5.054s] [ 12%] [34m[1mGenerating C++ type support for eProsima Fast-RTPS[0m
[5.055s] [ 14%] [34m[1mGenerating C++ introspection for ROS interfaces[0m
[5.061s] [ 17%] [34m[1mGenerating C++ type support dispatch for ROS interfaces[0m
[5.081s] [ 17%] Built target ament_cmake_python_build_tutorial_interfaces_egg
[5.096s] [ 19%] [32m[1mLinking C shared library libtutorial_interfaces__rosidl_generator_c.so[0m
[5.143s] [ 19%] Built target tutorial_interfaces__rosidl_generator_c
[5.161s] [ 25%] [34m[1mGenerating C type support for eProsima Fast-RTPS[0m
[5.161s] [ 25%] [34m[1mGenerating C type support dispatch for ROS interfaces[0m
[5.161s] [ 25%] [34m[1mGenerating C introspection for ROS interfaces[0m
[5.434s] [ 27%] [32mBuilding CXX object CMakeFiles/tutorial_interfaces__rosidl_typesupport_cpp.dir/rosidl_typesupport_cpp/tutorial_interfaces/msg/num__type_support.cpp.o[0m
[5.438s] [ 29%] [32mBuilding CXX object CMakeFiles/tutorial_interfaces__rosidl_typesupport_cpp.dir/rosidl_typesupport_cpp/tutorial_interfaces/msg/sphere__type_support.cpp.o[0m
[5.440s] [ 31%] [32mBuilding CXX object CMakeFiles/tutorial_interfaces__rosidl_typesupport_cpp.dir/rosidl_typesupport_cpp/tutorial_interfaces/srv/add_three_ints__type_support.cpp.o[0m
[5.462s] [ 34%] [32mBuilding CXX object CMakeFiles/tutorial_interfaces__rosidl_typesupport_introspection_cpp.dir/rosidl_typesupport_introspection_cpp/tutorial_interfaces/msg/detail/num__type_support.cpp.o[0m
[5.464s] [ 36%] [32mBuilding CXX object CMakeFiles/tutorial_interfaces__rosidl_typesupport_introspection_cpp.dir/rosidl_typesupport_introspection_cpp/tutorial_interfaces/srv/detail/add_three_ints__type_support.cpp.o[0m
[5.468s] [ 38%] [32mBuilding CXX object CMakeFiles/tutorial_interfaces__rosidl_typesupport_introspection_cpp.dir/rosidl_typesupport_introspection_cpp/tutorial_interfaces/msg/detail/sphere__type_support.cpp.o[0m
[5.491s] [ 44%] [32mBuilding CXX object CMakeFiles/tutorial_interfaces__rosidl_typesupport_fastrtps_cpp.dir/rosidl_typesupport_fastrtps_cpp/tutorial_interfaces/srv/detail/dds_fastrtps/add_three_ints__type_support.cpp.o[0m
[5.491s] [ 44%] [32mBuilding CXX object CMakeFiles/tutorial_interfaces__rosidl_typesupport_fastrtps_cpp.dir/rosidl_typesupport_fastrtps_cpp/tutorial_interfaces/msg/detail/dds_fastrtps/num__type_support.cpp.o[0m
[5.491s] [ 44%] [32mBuilding CXX object CMakeFiles/tutorial_interfaces__rosidl_typesupport_fastrtps_cpp.dir/rosidl_typesupport_fastrtps_cpp/tutorial_interfaces/msg/detail/dds_fastrtps/sphere__type_support.cpp.o[0m
[5.638s] [ 51%] [32mBuilding CXX object CMakeFiles/tutorial_interfaces__rosidl_typesupport_c.dir/rosidl_typesupport_c/tutorial_interfaces/msg/sphere__type_support.cpp.o[0m
[5.638s] [ 51%] [32mBuilding CXX object CMakeFiles/tutorial_interfaces__rosidl_typesupport_c.dir/rosidl_typesupport_c/tutorial_interfaces/srv/add_three_ints__type_support.cpp.o[0m
[5.638s] [ 51%] [32mBuilding CXX object CMakeFiles/tutorial_interfaces__rosidl_typesupport_c.dir/rosidl_typesupport_c/tutorial_interfaces/msg/num__type_support.cpp.o[0m
[5.712s] [ 53%] [32mBuilding C object CMakeFiles/tutorial_interfaces__rosidl_typesupport_introspection_c.dir/rosidl_typesupport_introspection_c/tutorial_interfaces/msg/detail/num__type_support.c.o[0m
[5.728s] [ 55%] [32mBuilding C object CMakeFiles/tutorial_interfaces__rosidl_typesupport_introspection_c.dir/rosidl_typesupport_introspection_c/tutorial_interfaces/msg/detail/sphere__type_support.c.o[0m
[5.734s] [ 57%] [32m[1mLinking CXX shared library libtutorial_interfaces__rosidl_typesupport_c.so[0m
[5.737s] [ 59%] [32mBuilding C object CMakeFiles/tutorial_interfaces__rosidl_typesupport_introspection_c.dir/rosidl_typesupport_introspection_c/tutorial_interfaces/srv/detail/add_three_ints__type_support.c.o[0m
[5.786s] [ 61%] [32mBuilding CXX object CMakeFiles/tutorial_interfaces__rosidl_typesupport_fastrtps_c.dir/rosidl_typesupport_fastrtps_c/tutorial_interfaces/msg/detail/num__type_support_c.cpp.o[0m
[5.805s] [ 63%] [32mBuilding CXX object CMakeFiles/tutorial_interfaces__rosidl_typesupport_fastrtps_c.dir/rosidl_typesupport_fastrtps_c/tutorial_interfaces/srv/detail/add_three_ints__type_support_c.cpp.o[0m
[5.805s] [ 65%] [32mBuilding CXX object CMakeFiles/tutorial_interfaces__rosidl_typesupport_fastrtps_c.dir/rosidl_typesupport_fastrtps_c/tutorial_interfaces/msg/detail/sphere__type_support_c.cpp.o[0m
[5.823s] [ 68%] [32m[1mLinking C shared library libtutorial_interfaces__rosidl_typesupport_introspection_c.so[0m
[5.828s] [ 68%] Built target tutorial_interfaces__rosidl_typesupport_c
[5.852s] [ 70%] [32m[1mLinking CXX shared library libtutorial_interfaces__rosidl_typesupport_cpp.so[0m
[5.888s] [ 70%] Built target tutorial_interfaces__rosidl_typesupport_introspection_c
[5.933s] [ 70%] Built target tutorial_interfaces__rosidl_typesupport_cpp
[5.983s] [ 72%] [32m[1mLinking CXX shared library libtutorial_interfaces__rosidl_typesupport_introspection_cpp.so[0m
[6.011s] [ 74%] [32m[1mLinking CXX shared library libtutorial_interfaces__rosidl_typesupport_fastrtps_cpp.so[0m
[6.066s] [ 74%] Built target tutorial_interfaces__rosidl_typesupport_introspection_cpp
[6.130s] [ 74%] Built target tutorial_interfaces__rosidl_typesupport_fastrtps_cpp
[6.178s] [ 76%] [32m[1mLinking CXX shared library libtutorial_interfaces__rosidl_typesupport_fastrtps_c.so[0m
[6.242s] [ 76%] Built target tutorial_interfaces__rosidl_typesupport_fastrtps_c
[6.273s] [ 76%] Built target tutorial_interfaces
[6.304s] [ 78%] [34m[1mGenerating Python code for ROS interfaces[0m
[6.899s] [ 78%] Built target tutorial_interfaces__py
[6.928s] [ 82%] [32mBuilding C object CMakeFiles/tutorial_interfaces__rosidl_generator_py.dir/rosidl_generator_py/tutorial_interfaces/msg/_num_s.c.o[0m
[6.928s] [ 82%] [32mBuilding C object CMakeFiles/tutorial_interfaces__rosidl_generator_py.dir/rosidl_generator_py/tutorial_interfaces/msg/_sphere_s.c.o[0m
[6.928s] [ 85%] [32mBuilding C object CMakeFiles/tutorial_interfaces__rosidl_generator_py.dir/rosidl_generator_py/tutorial_interfaces/srv/_add_three_ints_s.c.o[0m
[7.036s] [ 87%] [32m[1mLinking C shared library rosidl_generator_py/tutorial_interfaces/libtutorial_interfaces__rosidl_generator_py.so[0m
[7.083s] [ 87%] Built target tutorial_interfaces__rosidl_generator_py
[7.112s] [ 93%] [32mBuilding C object CMakeFiles/tutorial_interfaces__rosidl_typesupport_introspection_c__pyext.dir/rosidl_generator_py/tutorial_interfaces/_tutorial_interfaces_s.ep.rosidl_typesupport_introspection_c.c.o[0m
[7.112s] [ 93%] [32mBuilding C object CMakeFiles/tutorial_interfaces__rosidl_typesupport_fastrtps_c__pyext.dir/rosidl_generator_py/tutorial_interfaces/_tutorial_interfaces_s.ep.rosidl_typesupport_fastrtps_c.c.o[0m
[7.112s] [ 93%] [32mBuilding C object CMakeFiles/tutorial_interfaces__rosidl_typesupport_c__pyext.dir/rosidl_generator_py/tutorial_interfaces/_tutorial_interfaces_s.ep.rosidl_typesupport_c.c.o[0m
[7.207s] [ 97%] [32m[1mLinking C shared library rosidl_generator_py/tutorial_interfaces/tutorial_interfaces_s__rosidl_typesupport_introspection_c.cpython-310-x86_64-linux-gnu.so[0m
[7.207s] [ 97%] [32m[1mLinking C shared library rosidl_generator_py/tutorial_interfaces/tutorial_interfaces_s__rosidl_typesupport_fastrtps_c.cpython-310-x86_64-linux-gnu.so[0m
[7.209s] [100%] [32m[1mLinking C shared library rosidl_generator_py/tutorial_interfaces/tutorial_interfaces_s__rosidl_typesupport_c.cpython-310-x86_64-linux-gnu.so[0m
[7.260s] [100%] Built target tutorial_interfaces__rosidl_typesupport_fastrtps_c__pyext
[7.261s] [100%] Built target tutorial_interfaces__rosidl_typesupport_introspection_c__pyext
[7.261s] [100%] Built target tutorial_interfaces__rosidl_typesupport_c__pyext
[7.274s] Invoked command in '/home/sahruday/Documents/Github/Beginner_Tutorials_Ros2/build/tutorial_interfaces' returned '0': CMAKE_PREFIX_PATH=${CMAKE_PREFIX_PATH}:/home/sahruday/ros2_humble/install/rqt_bag_plugins:/home/sahruday/ros2_humble/install/rqt_bag:/home/sahruday/ros2_humble/install/ros2bag:/home/sahruday/ros2_humble/install/tracetools_test:/home/sahruday/ros2_humble/install/tracetools_launch:/home/sahruday/ros2_humble/install/topic_monitor:/home/sahruday/ros2_humble/install/tf2_tools:/home/sahruday/ros2_humble/install/examples_tf2_py:/home/sahruday/ros2_humble/install/tf2_ros_py:/home/sahruday/ros2_humble/install/sros2:/home/sahruday/ros2_humble/install/rqt_topic:/home/sahruday/ros2_humble/install/rqt_srv:/home/sahruday/ros2_humble/install/rqt_shell:/home/sahruday/ros2_humble/install/rqt_service_caller:/home/sahruday/ros2_humble/install/rqt_reconfigure:/home/sahruday/ros2_humble/install/rqt_py_console:/home/sahruday/ros2_humble/install/rqt_publisher:/home/sahruday/ros2_humble/install/rqt_plot:/home/sahruday/ros2_humble/install/rqt_action:/home/sahruday/ros2_humble/install/rqt_msg:/home/sahruday/ros2_humble/install/rqt_console:/home/sahruday/ros2_humble/install/rqt:/home/sahruday/ros2_humble/install/rqt_graph:/home/sahruday/ros2_humble/install/rqt_gui_py:/home/sahruday/ros2_humble/install/rqt_gui:/home/sahruday/ros2_humble/install/ros2trace:/home/sahruday/ros2_humble/install/ros2topic:/home/sahruday/ros2_humble/install/ros2test:/home/sahruday/ros2_humble/install/ros2component:/home/sahruday/ros2_humble/install/ros2param:/home/sahruday/ros2_humble/install/ros2lifecycle:/home/sahruday/ros2_humble/install/ros2service:/home/sahruday/ros2_humble/install/ros2run:/home/sahruday/ros2_humble/install/ros2launch:/home/sahruday/ros2_humble/install/ros2pkg:/home/sahruday/ros2_humble/install/ros2node:/home/sahruday/ros2_humble/install/ros2multicast:/home/sahruday/ros2_humble/install/ros2interface:/home/sahruday/ros2_humble/install/ros2doctor:/home/sahruday/ros2_humble/install/ros2action:/home/sahruday/ros2_humble/install/ros2cli:/home/sahruday/ros2_humble/install/quality_of_service_demo_py:/home/sahruday/ros2_humble/install/lifecycle_py:/home/sahruday/ros2_humble/install/launch_testing_ros:/home/sahruday/ros2_humble/install/launch_ros:/home/sahruday/ros2_humble/install/examples_rclpy_pointcloud_publisher:/home/sahruday/ros2_humble/install/examples_rclpy_minimal_subscriber:/home/sahruday/ros2_humble/install/examples_rclpy_minimal_service:/home/sahruday/ros2_humble/install/examples_rclpy_minimal_publisher:/home/sahruday/ros2_humble/install/examples_rclpy_minimal_client:/home/sahruday/ros2_humble/install/examples_rclpy_minimal_action_server:/home/sahruday/ros2_humble/install/examples_rclpy_minimal_action_client:/home/sahruday/ros2_humble/install/examples_rclpy_guard_conditions:/home/sahruday/ros2_humble/install/examples_rclpy_executors:/home/sahruday/ros2_humble/install/demo_nodes_py:/home/sahruday/ros2_humble/install/action_tutorials_py:/home/sahruday/ros2_humble/install/ament_uncrustify:/home/sahruday/ros2_humble/install/tracetools_trace:/home/sahruday/ros2_humble/install/tracetools_read:/home/sahruday/ros2_humble/install/test_tracetools_launch:/home/sahruday/ros2_humble/install/test_launch_ros:/home/sahruday/ros2_humble/install/sensor_msgs_py:/home/sahruday/ros2_humble/install/rpyutils:/home/sahruday/ros2_humble/install/rosidl_runtime_py:/home/sahruday/ros2_humble/install/rosidl_cli:/home/sahruday/ros2_humble/install/launch_pytest:/home/sahruday/ros2_humble/install/launch_testing:/home/sahruday/ros2_humble/install/launch_yaml:/home/sahruday/ros2_humble/install/launch_xml:/home/sahruday/ros2_humble/install/launch:/home/sahruday/ros2_humble/install/osrf_pycommon:/home/sahruday/ros2_humble/install/launch_testing_examples:/home/sahruday/ros2_humble/install/domain_coordinator:/home/sahruday/ros2_humble/install/ament_xmllint:/home/sahruday/ros2_humble/install/ament_pyflakes:/home/sahruday/ros2_humble/install/ament_pycodestyle:/home/sahruday/ros2_humble/install/ament_pep257:/home/sahruday/ros2_humble/install/ament_pclint:/home/sahruday/ros2_humble/install/ament_package:/home/sahruday/ros2_humble/install/ament_mypy:/home/sahruday/ros2_humble/install/ament_lint_cmake:/home/sahruday/ros2_humble/install/ament_flake8:/home/sahruday/ros2_humble/install/ament_copyright:/home/sahruday/ros2_humble/install/ament_lint:/home/sahruday/ros2_humble/install/ament_index_python:/home/sahruday/ros2_humble/install/ament_cpplint:/home/sahruday/ros2_humble/install/ament_cppcheck:/home/sahruday/ros2_humble/install/ament_clang_tidy:/home/sahruday/ros2_humble/install/ament_clang_format /usr/bin/cmake --build /home/sahruday/Documents/Github/Beginner_Tutorials_Ros2/build/tutorial_interfaces -- -j16 -l16
[7.503s] Invoking command in '/home/sahruday/Documents/Github/Beginner_Tutorials_Ros2/build/tutorial_interfaces': CMAKE_PREFIX_PATH=${CMAKE_PREFIX_PATH}:/home/sahruday/ros2_humble/install/rqt_bag_plugins:/home/sahruday/ros2_humble/install/rqt_bag:/home/sahruday/ros2_humble/install/ros2bag:/home/sahruday/ros2_humble/install/tracetools_test:/home/sahruday/ros2_humble/install/tracetools_launch:/home/sahruday/ros2_humble/install/topic_monitor:/home/sahruday/ros2_humble/install/tf2_tools:/home/sahruday/ros2_humble/install/examples_tf2_py:/home/sahruday/ros2_humble/install/tf2_ros_py:/home/sahruday/ros2_humble/install/sros2:/home/sahruday/ros2_humble/install/rqt_topic:/home/sahruday/ros2_humble/install/rqt_srv:/home/sahruday/ros2_humble/install/rqt_shell:/home/sahruday/ros2_humble/install/rqt_service_caller:/home/sahruday/ros2_humble/install/rqt_reconfigure:/home/sahruday/ros2_humble/install/rqt_py_console:/home/sahruday/ros2_humble/install/rqt_publisher:/home/sahruday/ros2_humble/install/rqt_plot:/home/sahruday/ros2_humble/install/rqt_action:/home/sahruday/ros2_humble/install/rqt_msg:/home/sahruday/ros2_humble/install/rqt_console:/home/sahruday/ros2_humble/install/rqt:/home/sahruday/ros2_humble/install/rqt_graph:/home/sahruday/ros2_humble/install/rqt_gui_py:/home/sahruday/ros2_humble/install/rqt_gui:/home/sahruday/ros2_humble/install/ros2trace:/home/sahruday/ros2_humble/install/ros2topic:/home/sahruday/ros2_humble/install/ros2test:/home/sahruday/ros2_humble/install/ros2component:/home/sahruday/ros2_humble/install/ros2param:/home/sahruday/ros2_humble/install/ros2lifecycle:/home/sahruday/ros2_humble/install/ros2service:/home/sahruday/ros2_humble/install/ros2run:/home/sahruday/ros2_humble/install/ros2launch:/home/sahruday/ros2_humble/install/ros2pkg:/home/sahruday/ros2_humble/install/ros2node:/home/sahruday/ros2_humble/install/ros2multicast:/home/sahruday/ros2_humble/install/ros2interface:/home/sahruday/ros2_humble/install/ros2doctor:/home/sahruday/ros2_humble/install/ros2action:/home/sahruday/ros2_humble/install/ros2cli:/home/sahruday/ros2_humble/install/quality_of_service_demo_py:/home/sahruday/ros2_humble/install/lifecycle_py:/home/sahruday/ros2_humble/install/launch_testing_ros:/home/sahruday/ros2_humble/install/launch_ros:/home/sahruday/ros2_humble/install/examples_rclpy_pointcloud_publisher:/home/sahruday/ros2_humble/install/examples_rclpy_minimal_subscriber:/home/sahruday/ros2_humble/install/examples_rclpy_minimal_service:/home/sahruday/ros2_humble/install/examples_rclpy_minimal_publisher:/home/sahruday/ros2_humble/install/examples_rclpy_minimal_client:/home/sahruday/ros2_humble/install/examples_rclpy_minimal_action_server:/home/sahruday/ros2_humble/install/examples_rclpy_minimal_action_client:/home/sahruday/ros2_humble/install/examples_rclpy_guard_conditions:/home/sahruday/ros2_humble/install/examples_rclpy_executors:/home/sahruday/ros2_humble/install/demo_nodes_py:/home/sahruday/ros2_humble/install/action_tutorials_py:/home/sahruday/ros2_humble/install/ament_uncrustify:/home/sahruday/ros2_humble/install/tracetools_trace:/home/sahruday/ros2_humble/install/tracetools_read:/home/sahruday/ros2_humble/install/test_tracetools_launch:/home/sahruday/ros2_humble/install/test_launch_ros:/home/sahruday/ros2_humble/install/sensor_msgs_py:/home/sahruday/ros2_humble/install/rpyutils:/home/sahruday/ros2_humble/install/rosidl_runtime_py:/home/sahruday/ros2_humble/install/rosidl_cli:/home/sahruday/ros2_humble/install/launch_pytest:/home/sahruday/ros2_humble/install/launch_testing:/home/sahruday/ros2_humble/install/launch_yaml:/home/sahruday/ros2_humble/install/launch_xml:/home/sahruday/ros2_humble/install/launch:/home/sahruday/ros2_humble/install/osrf_pycommon:/home/sahruday/ros2_humble/install/launch_testing_examples:/home/sahruday/ros2_humble/install/domain_coordinator:/home/sahruday/ros2_humble/install/ament_xmllint:/home/sahruday/ros2_humble/install/ament_pyflakes:/home/sahruday/ros2_humble/install/ament_pycodestyle:/home/sahruday/ros2_humble/install/ament_pep257:/home/sahruday/ros2_humble/install/ament_pclint:/home/sahruday/ros2_humble/install/ament_package:/home/sahruday/ros2_humble/install/ament_mypy:/home/sahruday/ros2_humble/install/ament_lint_cmake:/home/sahruday/ros2_humble/install/ament_flake8:/home/sahruday/ros2_humble/install/ament_copyright:/home/sahruday/ros2_humble/install/ament_lint:/home/sahruday/ros2_humble/install/ament_index_python:/home/sahruday/ros2_humble/install/ament_cpplint:/home/sahruday/ros2_humble/install/ament_cppcheck:/home/sahruday/ros2_humble/install/ament_clang_tidy:/home/sahruday/ros2_humble/install/ament_clang_format /usr/bin/cmake --install /home/sahruday/Documents/Github/Beginner_Tutorials_Ros2/build/tutorial_interfaces
[7.511s] -- Install configuration: ""
[7.512s] -- Installing: /home/sahruday/Documents/Github/Beginner_Tutorials_Ros2/install/tutorial_interfaces/share/ament_index/resource_index/rosidl_interfaces/tutorial_interfaces
[7.512s] -- Installing: /home/sahruday/Documents/Github/Beginner_Tutorials_Ros2/install/tutorial_interfaces/include/tutorial_interfaces/tutorial_interfaces
[7.512s] -- Installing: /home/sahruday/Documents/Github/Beginner_Tutorials_Ros2/install/tutorial_interfaces/include/tutorial_interfaces/tutorial_interfaces/srv
[7.512s] -- Installing: /home/sahruday/Documents/Github/Beginner_Tutorials_Ros2/install/tutorial_interfaces/include/tutorial_interfaces/tutorial_interfaces/srv/add_three_ints.h
[7.512s] -- Installing: /home/sahruday/Documents/Github/Beginner_Tutorials_Ros2/install/tutorial_interfaces/include/tutorial_interfaces/tutorial_interfaces/srv/detail
[7.512s] -- Installing: /home/sahruday/Documents/Github/Beginner_Tutorials_Ros2/install/tutorial_interfaces/include/tutorial_interfaces/tutorial_interfaces/srv/detail/add_three_ints__functions.h
[7.512s] -- Installing: /home/sahruday/Documents/Github/Beginner_Tutorials_Ros2/install/tutorial_interfaces/include/tutorial_interfaces/tutorial_interfaces/srv/detail/add_three_ints__functions.c
[7.512s] -- Installing: /home/sahruday/Documents/Github/Beginner_Tutorials_Ros2/install/tutorial_interfaces/include/tutorial_interfaces/tutorial_interfaces/srv/detail/add_three_ints__struct.h
[7.512s] -- Installing: /home/sahruday/Documents/Github/Beginner_Tutorials_Ros2/install/tutorial_interfaces/include/tutorial_interfaces/tutorial_interfaces/srv/detail/add_three_ints__type_support.h
[7.512s] -- Installing: /home/sahruday/Documents/Github/Beginner_Tutorials_Ros2/install/tutorial_interfaces/include/tutorial_interfaces/tutorial_interfaces/msg
[7.512s] -- Installing: /home/sahruday/Documents/Github/Beginner_Tutorials_Ros2/install/tutorial_interfaces/include/tutorial_interfaces/tutorial_interfaces/msg/rosidl_generator_c__visibility_control.h
[7.512s] -- Installing: /home/sahruday/Documents/Github/Beginner_Tutorials_Ros2/install/tutorial_interfaces/include/tutorial_interfaces/tutorial_interfaces/msg/sphere.h
[7.512s] -- Installing: /home/sahruday/Documents/Github/Beginner_Tutorials_Ros2/install/tutorial_interfaces/include/tutorial_interfaces/tutorial_interfaces/msg/num.h
[7.512s] -- Installing: /home/sahruday/Documents/Github/Beginner_Tutorials_Ros2/install/tutorial_interfaces/include/tutorial_interfaces/tutorial_interfaces/msg/detail
[7.512s] -- Installing: /home/sahruday/Documents/Github/Beginner_Tutorials_Ros2/install/tutorial_interfaces/include/tutorial_interfaces/tutorial_interfaces/msg/detail/num__functions.c
[7.512s] -- Installing: /home/sahruday/Documents/Github/Beginner_Tutorials_Ros2/install/tutorial_interfaces/include/tutorial_interfaces/tutorial_interfaces/msg/detail/num__functions.h
[7.513s] -- Installing: /home/sahruday/Documents/Github/Beginner_Tutorials_Ros2/install/tutorial_interfaces/include/tutorial_interfaces/tutorial_interfaces/msg/detail/sphere__type_support.h
[7.513s] -- Installing: /home/sahruday/Documents/Github/Beginner_Tutorials_Ros2/install/tutorial_interfaces/include/tutorial_interfaces/tutorial_interfaces/msg/detail/num__type_support.h
[7.513s] -- Installing: /home/sahruday/Documents/Github/Beginner_Tutorials_Ros2/install/tutorial_interfaces/include/tutorial_interfaces/tutorial_interfaces/msg/detail/sphere__struct.h
[7.513s] -- Installing: /home/sahruday/Documents/Github/Beginner_Tutorials_Ros2/install/tutorial_interfaces/include/tutorial_interfaces/tutorial_interfaces/msg/detail/sphere__functions.c
[7.513s] -- Installing: /home/sahruday/Documents/Github/Beginner_Tutorials_Ros2/install/tutorial_interfaces/include/tutorial_interfaces/tutorial_interfaces/msg/detail/sphere__functions.h
[7.513s] -- Installing: /home/sahruday/Documents/Github/Beginner_Tutorials_Ros2/install/tutorial_interfaces/include/tutorial_interfaces/tutorial_interfaces/msg/detail/num__struct.h
[7.513s] -- Installing: /home/sahruday/Documents/Github/Beginner_Tutorials_Ros2/install/tutorial_interfaces/share/tutorial_interfaces/environment/library_path.sh
[7.513s] -- Installing: /home/sahruday/Documents/Github/Beginner_Tutorials_Ros2/install/tutorial_interfaces/share/tutorial_interfaces/environment/library_path.dsv
[7.513s] -- Installing: /home/sahruday/Documents/Github/Beginner_Tutorials_Ros2/install/tutorial_interfaces/lib/libtutorial_interfaces__rosidl_generator_c.so
[7.514s] -- Set runtime path of "/home/sahruday/Documents/Github/Beginner_Tutorials_Ros2/install/tutorial_interfaces/lib/libtutorial_interfaces__rosidl_generator_c.so" to ""
[7.514s] -- Up-to-date: /home/sahruday/Documents/Github/Beginner_Tutorials_Ros2/install/tutorial_interfaces/include/tutorial_interfaces/tutorial_interfaces
[7.514s] -- Up-to-date: /home/sahruday/Documents/Github/Beginner_Tutorials_Ros2/install/tutorial_interfaces/include/tutorial_interfaces/tutorial_interfaces/srv
[7.514s] -- Up-to-date: /home/sahruday/Documents/Github/Beginner_Tutorials_Ros2/install/tutorial_interfaces/include/tutorial_interfaces/tutorial_interfaces/srv/detail
[7.514s] -- Installing: /home/sahruday/Documents/Github/Beginner_Tutorials_Ros2/install/tutorial_interfaces/include/tutorial_interfaces/tutorial_interfaces/srv/detail/add_three_ints__rosidl_typesupport_fastrtps_c.h
[7.514s] -- Up-to-date: /home/sahruday/Documents/Github/Beginner_Tutorials_Ros2/install/tutorial_interfaces/include/tutorial_interfaces/tutorial_interfaces/msg
[7.514s] -- Installing: /home/sahruday/Documents/Github/Beginner_Tutorials_Ros2/install/tutorial_interfaces/include/tutorial_interfaces/tutorial_interfaces/msg/rosidl_typesupport_fastrtps_c__visibility_control.h
[7.514s] -- Up-to-date: /home/sahruday/Documents/Github/Beginner_Tutorials_Ros2/install/tutorial_interfaces/include/tutorial_interfaces/tutorial_interfaces/msg/detail
[7.514s] -- Installing: /home/sahruday/Documents/Github/Beginner_Tutorials_Ros2/install/tutorial_interfaces/include/tutorial_interfaces/tutorial_interfaces/msg/detail/num__rosidl_typesupport_fastrtps_c.h
[7.514s] -- Installing: /home/sahruday/Documents/Github/Beginner_Tutorials_Ros2/install/tutorial_interfaces/include/tutorial_interfaces/tutorial_interfaces/msg/detail/sphere__rosidl_typesupport_fastrtps_c.h
[7.514s] -- Installing: /home/sahruday/Documents/Github/Beginner_Tutorials_Ros2/install/tutorial_interfaces/lib/libtutorial_interfaces__rosidl_typesupport_fastrtps_c.so
[7.514s] -- Set runtime path of "/home/sahruday/Documents/Github/Beginner_Tutorials_Ros2/install/tutorial_interfaces/lib/libtutorial_interfaces__rosidl_typesupport_fastrtps_c.so" to ""
[7.514s] -- Up-to-date: /home/sahruday/Documents/Github/Beginner_Tutorials_Ros2/install/tutorial_interfaces/include/tutorial_interfaces/tutorial_interfaces
[7.514s] -- Up-to-date: /home/sahruday/Documents/Github/Beginner_Tutorials_Ros2/install/tutorial_interfaces/include/tutorial_interfaces/tutorial_interfaces/srv
[7.514s] -- Up-to-date: /home/sahruday/Documents/Github/Beginner_Tutorials_Ros2/install/tutorial_interfaces/include/tutorial_interfaces/tutorial_interfaces/srv/detail
[7.515s] -- Installing: /home/sahruday/Documents/Github/Beginner_Tutorials_Ros2/install/tutorial_interfaces/include/tutorial_interfaces/tutorial_interfaces/srv/detail/add_three_ints__traits.hpp
[7.515s] -- Installing: /home/sahruday/Documents/Github/Beginner_Tutorials_Ros2/install/tutorial_interfaces/include/tutorial_interfaces/tutorial_interfaces/srv/detail/add_three_ints__struct.hpp
[7.515s] -- Installing: /home/sahruday/Documents/Github/Beginner_Tutorials_Ros2/install/tutorial_interfaces/include/tutorial_interfaces/tutorial_interfaces/srv/detail/add_three_ints__builder.hpp
[7.515s] -- Installing: /home/sahruday/Documents/Github/Beginner_Tutorials_Ros2/install/tutorial_interfaces/include/tutorial_interfaces/tutorial_interfaces/srv/add_three_ints.hpp
[7.515s] -- Up-to-date: /home/sahruday/Documents/Github/Beginner_Tutorials_Ros2/install/tutorial_interfaces/include/tutorial_interfaces/tutorial_interfaces/msg
[7.515s] -- Installing: /home/sahruday/Documents/Github/Beginner_Tutorials_Ros2/install/tutorial_interfaces/include/tutorial_interfaces/tutorial_interfaces/msg/sphere.hpp
[7.515s] -- Up-to-date: /home/sahruday/Documents/Github/Beginner_Tutorials_Ros2/install/tutorial_interfaces/include/tutorial_interfaces/tutorial_interfaces/msg/detail
[7.515s] -- Installing: /home/sahruday/Documents/Github/Beginner_Tutorials_Ros2/install/tutorial_interfaces/include/tutorial_interfaces/tutorial_interfaces/msg/detail/num__struct.hpp
[7.515s] -- Installing: /home/sahruday/Documents/Github/Beginner_Tutorials_Ros2/install/tutorial_interfaces/include/tutorial_interfaces/tutorial_interfaces/msg/detail/sphere__struct.hpp
[7.515s] -- Installing: /home/sahruday/Documents/Github/Beginner_Tutorials_Ros2/install/tutorial_interfaces/include/tutorial_interfaces/tutorial_interfaces/msg/detail/sphere__builder.hpp
[7.515s] -- Installing: /home/sahruday/Documents/Github/Beginner_Tutorials_Ros2/install/tutorial_interfaces/include/tutorial_interfaces/tutorial_interfaces/msg/detail/num__traits.hpp
[7.515s] -- Installing: /home/sahruday/Documents/Github/Beginner_Tutorials_Ros2/install/tutorial_interfaces/include/tutorial_interfaces/tutorial_interfaces/msg/detail/sphere__traits.hpp
[7.515s] -- Installing: /home/sahruday/Documents/Github/Beginner_Tutorials_Ros2/install/tutorial_interfaces/include/tutorial_interfaces/tutorial_interfaces/msg/detail/num__builder.hpp
[7.515s] -- Installing: /home/sahruday/Documents/Github/Beginner_Tutorials_Ros2/install/tutorial_interfaces/include/tutorial_interfaces/tutorial_interfaces/msg/num.hpp
[7.515s] -- Up-to-date: /home/sahruday/Documents/Github/Beginner_Tutorials_Ros2/install/tutorial_interfaces/include/tutorial_interfaces/tutorial_interfaces
[7.515s] -- Up-to-date: /home/sahruday/Documents/Github/Beginner_Tutorials_Ros2/install/tutorial_interfaces/include/tutorial_interfaces/tutorial_interfaces/srv
[7.515s] -- Up-to-date: /home/sahruday/Documents/Github/Beginner_Tutorials_Ros2/install/tutorial_interfaces/include/tutorial_interfaces/tutorial_interfaces/srv/detail
[7.515s] -- Installing: /home/sahruday/Documents/Github/Beginner_Tutorials_Ros2/install/tutorial_interfaces/include/tutorial_interfaces/tutorial_interfaces/srv/detail/add_three_ints__rosidl_typesupport_fastrtps_cpp.hpp
[7.515s] -- Installing: /home/sahruday/Documents/Github/Beginner_Tutorials_Ros2/install/tutorial_interfaces/include/tutorial_interfaces/tutorial_interfaces/srv/detail/dds_fastrtps
[7.515s] -- Up-to-date: /home/sahruday/Documents/Github/Beginner_Tutorials_Ros2/install/tutorial_interfaces/include/tutorial_interfaces/tutorial_interfaces/msg
[7.515s] -- Up-to-date: /home/sahruday/Documents/Github/Beginner_Tutorials_Ros2/install/tutorial_interfaces/include/tutorial_interfaces/tutorial_interfaces/msg/detail
[7.515s] -- Installing: /home/sahruday/Documents/Github/Beginner_Tutorials_Ros2/install/tutorial_interfaces/include/tutorial_interfaces/tutorial_interfaces/msg/detail/dds_fastrtps
[7.516s] -- Installing: /home/sahruday/Documents/Github/Beginner_Tutorials_Ros2/install/tutorial_interfaces/include/tutorial_interfaces/tutorial_interfaces/msg/detail/sphere__rosidl_typesupport_fastrtps_cpp.hpp
[7.516s] -- Installing: /home/sahruday/Documents/Github/Beginner_Tutorials_Ros2/install/tutorial_interfaces/include/tutorial_interfaces/tutorial_interfaces/msg/detail/num__rosidl_typesupport_fastrtps_cpp.hpp
[7.516s] -- Installing: /home/sahruday/Documents/Github/Beginner_Tutorials_Ros2/install/tutorial_interfaces/include/tutorial_interfaces/tutorial_interfaces/msg/rosidl_typesupport_fastrtps_cpp__visibility_control.h
[7.516s] -- Installing: /home/sahruday/Documents/Github/Beginner_Tutorials_Ros2/install/tutorial_interfaces/lib/libtutorial_interfaces__rosidl_typesupport_fastrtps_cpp.so
[7.516s] -- Set runtime path of "/home/sahruday/Documents/Github/Beginner_Tutorials_Ros2/install/tutorial_interfaces/lib/libtutorial_interfaces__rosidl_typesupport_fastrtps_cpp.so" to ""
[7.516s] -- Up-to-date: /home/sahruday/Documents/Github/Beginner_Tutorials_Ros2/install/tutorial_interfaces/include/tutorial_interfaces/tutorial_interfaces
[7.516s] -- Up-to-date: /home/sahruday/Documents/Github/Beginner_Tutorials_Ros2/install/tutorial_interfaces/include/tutorial_interfaces/tutorial_interfaces/srv
[7.516s] -- Up-to-date: /home/sahruday/Documents/Github/Beginner_Tutorials_Ros2/install/tutorial_interfaces/include/tutorial_interfaces/tutorial_interfaces/srv/detail
[7.516s] -- Installing: /home/sahruday/Documents/Github/Beginner_Tutorials_Ros2/install/tutorial_interfaces/include/tutorial_interfaces/tutorial_interfaces/srv/detail/add_three_ints__rosidl_typesupport_introspection_c.h
[7.516s] -- Installing: /home/sahruday/Documents/Github/Beginner_Tutorials_Ros2/install/tutorial_interfaces/include/tutorial_interfaces/tutorial_interfaces/srv/detail/add_three_ints__type_support.c
[7.516s] -- Up-to-date: /home/sahruday/Documents/Github/Beginner_Tutorials_Ros2/install/tutorial_interfaces/include/tutorial_interfaces/tutorial_interfaces/msg
[7.516s] -- Installing: /home/sahruday/Documents/Github/Beginner_Tutorials_Ros2/install/tutorial_interfaces/include/tutorial_interfaces/tutorial_interfaces/msg/rosidl_typesupport_introspection_c__visibility_control.h
[7.516s] -- Up-to-date: /home/sahruday/Documents/Github/Beginner_Tutorials_Ros2/install/tutorial_interfaces/include/tutorial_interfaces/tutorial_interfaces/msg/detail
[7.516s] -- Installing: /home/sahruday/Documents/Github/Beginner_Tutorials_Ros2/install/tutorial_interfaces/include/tutorial_interfaces/tutorial_interfaces/msg/detail/num__rosidl_typesupport_introspection_c.h
[7.516s] -- Installing: /home/sahruday/Documents/Github/Beginner_Tutorials_Ros2/install/tutorial_interfaces/include/tutorial_interfaces/tutorial_interfaces/msg/detail/sphere__type_support.c
[7.516s] -- Installing: /home/sahruday/Documents/Github/Beginner_Tutorials_Ros2/install/tutorial_interfaces/include/tutorial_interfaces/tutorial_interfaces/msg/detail/sphere__rosidl_typesupport_introspection_c.h
[7.516s] -- Installing: /home/sahruday/Documents/Github/Beginner_Tutorials_Ros2/install/tutorial_interfaces/include/tutorial_interfaces/tutorial_interfaces/msg/detail/num__type_support.c
[7.516s] -- Installing: /home/sahruday/Documents/Github/Beginner_Tutorials_Ros2/install/tutorial_interfaces/lib/libtutorial_interfaces__rosidl_typesupport_introspection_c.so
[7.517s] -- Set runtime path of "/home/sahruday/Documents/Github/Beginner_Tutorials_Ros2/install/tutorial_interfaces/lib/libtutorial_interfaces__rosidl_typesupport_introspection_c.so" to ""
[7.517s] -- Installing: /home/sahruday/Documents/Github/Beginner_Tutorials_Ros2/install/tutorial_interfaces/lib/libtutorial_interfaces__rosidl_typesupport_c.so
[7.517s] -- Set runtime path of "/home/sahruday/Documents/Github/Beginner_Tutorials_Ros2/install/tutorial_interfaces/lib/libtutorial_interfaces__rosidl_typesupport_c.so" to ""
[7.517s] -- Up-to-date: /home/sahruday/Documents/Github/Beginner_Tutorials_Ros2/install/tutorial_interfaces/include/tutorial_interfaces/tutorial_interfaces
[7.517s] -- Up-to-date: /home/sahruday/Documents/Github/Beginner_Tutorials_Ros2/install/tutorial_interfaces/include/tutorial_interfaces/tutorial_interfaces/srv
[7.517s] -- Up-to-date: /home/sahruday/Documents/Github/Beginner_Tutorials_Ros2/install/tutorial_interfaces/include/tutorial_interfaces/tutorial_interfaces/srv/detail
[7.517s] -- Installing: /home/sahruday/Documents/Github/Beginner_Tutorials_Ros2/install/tutorial_interfaces/include/tutorial_interfaces/tutorial_interfaces/srv/detail/add_three_ints__rosidl_typesupport_introspection_cpp.hpp
[7.517s] -- Installing: /home/sahruday/Documents/Github/Beginner_Tutorials_Ros2/install/tutorial_interfaces/include/tutorial_interfaces/tutorial_interfaces/srv/detail/add_three_ints__type_support.cpp
[7.517s] -- Up-to-date: /home/sahruday/Documents/Github/Beginner_Tutorials_Ros2/install/tutorial_interfaces/include/tutorial_interfaces/tutorial_interfaces/msg
[7.517s] -- Up-to-date: /home/sahruday/Documents/Github/Beginner_Tutorials_Ros2/install/tutorial_interfaces/include/tutorial_interfaces/tutorial_interfaces/msg/detail
[7.517s] -- Installing: /home/sahruday/Documents/Github/Beginner_Tutorials_Ros2/install/tutorial_interfaces/include/tutorial_interfaces/tutorial_interfaces/msg/detail/sphere__rosidl_typesupport_introspection_cpp.hpp
[7.517s] -- Installing: /home/sahruday/Documents/Github/Beginner_Tutorials_Ros2/install/tutorial_interfaces/include/tutorial_interfaces/tutorial_interfaces/msg/detail/num__rosidl_typesupport_introspection_cpp.hpp
[7.517s] -- Installing: /home/sahruday/Documents/Github/Beginner_Tutorials_Ros2/install/tutorial_interfaces/include/tutorial_interfaces/tutorial_interfaces/msg/detail/num__type_support.cpp
[7.517s] -- Installing: /home/sahruday/Documents/Github/Beginner_Tutorials_Ros2/install/tutorial_interfaces/include/tutorial_interfaces/tutorial_interfaces/msg/detail/sphere__type_support.cpp
[7.517s] -- Installing: /home/sahruday/Documents/Github/Beginner_Tutorials_Ros2/install/tutorial_interfaces/lib/libtutorial_interfaces__rosidl_typesupport_introspection_cpp.so
[7.518s] -- Set runtime path of "/home/sahruday/Documents/Github/Beginner_Tutorials_Ros2/install/tutorial_interfaces/lib/libtutorial_interfaces__rosidl_typesupport_introspection_cpp.so" to ""
[7.518s] -- Installing: /home/sahruday/Documents/Github/Beginner_Tutorials_Ros2/install/tutorial_interfaces/lib/libtutorial_interfaces__rosidl_typesupport_cpp.so
[7.518s] -- Set runtime path of "/home/sahruday/Documents/Github/Beginner_Tutorials_Ros2/install/tutorial_interfaces/lib/libtutorial_interfaces__rosidl_typesupport_cpp.so" to ""
[7.518s] -- Installing: /home/sahruday/Documents/Github/Beginner_Tutorials_Ros2/install/tutorial_interfaces/share/tutorial_interfaces/environment/pythonpath.sh
[7.518s] -- Installing: /home/sahruday/Documents/Github/Beginner_Tutorials_Ros2/install/tutorial_interfaces/share/tutorial_interfaces/environment/pythonpath.dsv
[7.518s] -- Installing: /home/sahruday/Documents/Github/Beginner_Tutorials_Ros2/install/tutorial_interfaces/local/lib/python3.10/dist-packages/tutorial_interfaces-0.0.0-py3.10.egg-info
[7.518s] -- Installing: /home/sahruday/Documents/Github/Beginner_Tutorials_Ros2/install/tutorial_interfaces/local/lib/python3.10/dist-packages/tutorial_interfaces-0.0.0-py3.10.egg-info/PKG-INFO
[7.518s] -- Installing: /home/sahruday/Documents/Github/Beginner_Tutorials_Ros2/install/tutorial_interfaces/local/lib/python3.10/dist-packages/tutorial_interfaces-0.0.0-py3.10.egg-info/SOURCES.txt
[7.518s] -- Installing: /home/sahruday/Documents/Github/Beginner_Tutorials_Ros2/install/tutorial_interfaces/local/lib/python3.10/dist-packages/tutorial_interfaces-0.0.0-py3.10.egg-info/dependency_links.txt
[7.518s] -- Installing: /home/sahruday/Documents/Github/Beginner_Tutorials_Ros2/install/tutorial_interfaces/local/lib/python3.10/dist-packages/tutorial_interfaces-0.0.0-py3.10.egg-info/top_level.txt
[7.519s] -- Installing: /home/sahruday/Documents/Github/Beginner_Tutorials_Ros2/install/tutorial_interfaces/local/lib/python3.10/dist-packages/tutorial_interfaces
[7.519s] -- Installing: /home/sahruday/Documents/Github/Beginner_Tutorials_Ros2/install/tutorial_interfaces/local/lib/python3.10/dist-packages/tutorial_interfaces/srv
[7.519s] -- Installing: /home/sahruday/Documents/Github/Beginner_Tutorials_Ros2/install/tutorial_interfaces/local/lib/python3.10/dist-packages/tutorial_interfaces/srv/__init__.py
[7.519s] -- Installing: /home/sahruday/Documents/Github/Beginner_Tutorials_Ros2/install/tutorial_interfaces/local/lib/python3.10/dist-packages/tutorial_interfaces/srv/_add_three_ints_s.c
[7.519s] -- Installing: /home/sahruday/Documents/Github/Beginner_Tutorials_Ros2/install/tutorial_interfaces/local/lib/python3.10/dist-packages/tutorial_interfaces/srv/_add_three_ints.py
[7.519s] -- Installing: /home/sahruday/Documents/Github/Beginner_Tutorials_Ros2/install/tutorial_interfaces/local/lib/python3.10/dist-packages/tutorial_interfaces/_tutorial_interfaces_s.ep.rosidl_typesupport_fastrtps_c.c
[7.519s] -- Installing: /home/sahruday/Documents/Github/Beginner_Tutorials_Ros2/install/tutorial_interfaces/local/lib/python3.10/dist-packages/tutorial_interfaces/msg
[7.519s] -- Installing: /home/sahruday/Documents/Github/Beginner_Tutorials_Ros2/install/tutorial_interfaces/local/lib/python3.10/dist-packages/tutorial_interfaces/msg/_num_s.c
[7.519s] -- Installing: /home/sahruday/Documents/Github/Beginner_Tutorials_Ros2/install/tutorial_interfaces/local/lib/python3.10/dist-packages/tutorial_interfaces/msg/_sphere_s.c
[7.519s] -- Installing: /home/sahruday/Documents/Github/Beginner_Tutorials_Ros2/install/tutorial_interfaces/local/lib/python3.10/dist-packages/tutorial_interfaces/msg/_num.py
[7.519s] -- Installing: /home/sahruday/Documents/Github/Beginner_Tutorials_Ros2/install/tutorial_interfaces/local/lib/python3.10/dist-packages/tutorial_interfaces/msg/__init__.py
[7.519s] -- Installing: /home/sahruday/Documents/Github/Beginner_Tutorials_Ros2/install/tutorial_interfaces/local/lib/python3.10/dist-packages/tutorial_interfaces/msg/_sphere.py
[7.519s] -- Installing: /home/sahruday/Documents/Github/Beginner_Tutorials_Ros2/install/tutorial_interfaces/local/lib/python3.10/dist-packages/tutorial_interfaces/tutorial_interfaces_s__rosidl_typesupport_c.cpython-310-x86_64-linux-gnu.so
[7.519s] -- Installing: /home/sahruday/Documents/Github/Beginner_Tutorials_Ros2/install/tutorial_interfaces/local/lib/python3.10/dist-packages/tutorial_interfaces/tutorial_interfaces_s__rosidl_typesupport_introspection_c.cpython-310-x86_64-linux-gnu.so
[7.519s] -- Installing: /home/sahruday/Documents/Github/Beginner_Tutorials_Ros2/install/tutorial_interfaces/local/lib/python3.10/dist-packages/tutorial_interfaces/libtutorial_interfaces__rosidl_generator_py.so
[7.519s] -- Installing: /home/sahruday/Documents/Github/Beginner_Tutorials_Ros2/install/tutorial_interfaces/local/lib/python3.10/dist-packages/tutorial_interfaces/_tutorial_interfaces_s.ep.rosidl_typesupport_introspection_c.c
[7.520s] -- Installing: /home/sahruday/Documents/Github/Beginner_Tutorials_Ros2/install/tutorial_interfaces/local/lib/python3.10/dist-packages/tutorial_interfaces/_tutorial_interfaces_s.ep.rosidl_typesupport_c.c
[7.520s] -- Installing: /home/sahruday/Documents/Github/Beginner_Tutorials_Ros2/install/tutorial_interfaces/local/lib/python3.10/dist-packages/tutorial_interfaces/__init__.py
[7.520s] -- Installing: /home/sahruday/Documents/Github/Beginner_Tutorials_Ros2/install/tutorial_interfaces/local/lib/python3.10/dist-packages/tutorial_interfaces/tutorial_interfaces_s__rosidl_typesupport_fastrtps_c.cpython-310-x86_64-linux-gnu.so
[7.635s] Listing '/home/sahruday/Documents/Github/Beginner_Tutorials_Ros2/install/tutorial_interfaces/local/lib/python3.10/dist-packages/tutorial_interfaces'...
[7.635s] Compiling '/home/sahruday/Documents/Github/Beginner_Tutorials_Ros2/install/tutorial_interfaces/local/lib/python3.10/dist-packages/tutorial_interfaces/__init__.py'...
[7.635s] Listing '/home/sahruday/Documents/Github/Beginner_Tutorials_Ros2/install/tutorial_interfaces/local/lib/python3.10/dist-packages/tutorial_interfaces/msg'...
[7.635s] Compiling '/home/sahruday/Documents/Github/Beginner_Tutorials_Ros2/install/tutorial_interfaces/local/lib/python3.10/dist-packages/tutorial_interfaces/msg/__init__.py'...
[7.635s] Compiling '/home/sahruday/Documents/Github/Beginner_Tutorials_Ros2/install/tutorial_interfaces/local/lib/python3.10/dist-packages/tutorial_interfaces/msg/_num.py'...
[7.635s] Compiling '/home/sahruday/Documents/Github/Beginner_Tutorials_Ros2/install/tutorial_interfaces/local/lib/python3.10/dist-packages/tutorial_interfaces/msg/_sphere.py'...
[7.635s] Listing '/home/sahruday/Documents/Github/Beginner_Tutorials_Ros2/install/tutorial_interfaces/local/lib/python3.10/dist-packages/tutorial_interfaces/srv'...
[7.635s] Compiling '/home/sahruday/Documents/Github/Beginner_Tutorials_Ros2/install/tutorial_interfaces/local/lib/python3.10/dist-packages/tutorial_interfaces/srv/__init__.py'...
[7.636s] Compiling '/home/sahruday/Documents/Github/Beginner_Tutorials_Ros2/install/tutorial_interfaces/local/lib/python3.10/dist-packages/tutorial_interfaces/srv/_add_three_ints.py'...
[7.639s] -- Installing: /home/sahruday/Documents/Github/Beginner_Tutorials_Ros2/install/tutorial_interfaces/local/lib/python3.10/dist-packages/tutorial_interfaces/tutorial_interfaces_s__rosidl_typesupport_introspection_c.cpython-310-x86_64-linux-gnu.so
[7.640s] -- Set runtime path of "/home/sahruday/Documents/Github/Beginner_Tutorials_Ros2/install/tutorial_interfaces/local/lib/python3.10/dist-packages/tutorial_interfaces/tutorial_interfaces_s__rosidl_typesupport_introspection_c.cpython-310-x86_64-linux-gnu.so" to ""
[7.640s] -- Installing: /home/sahruday/Documents/Github/Beginner_Tutorials_Ros2/install/tutorial_interfaces/local/lib/python3.10/dist-packages/tutorial_interfaces/tutorial_interfaces_s__rosidl_typesupport_fastrtps_c.cpython-310-x86_64-linux-gnu.so
[7.640s] -- Set runtime path of "/home/sahruday/Documents/Github/Beginner_Tutorials_Ros2/install/tutorial_interfaces/local/lib/python3.10/dist-packages/tutorial_interfaces/tutorial_interfaces_s__rosidl_typesupport_fastrtps_c.cpython-310-x86_64-linux-gnu.so" to ""
[7.640s] -- Installing: /home/sahruday/Documents/Github/Beginner_Tutorials_Ros2/install/tutorial_interfaces/local/lib/python3.10/dist-packages/tutorial_interfaces/tutorial_interfaces_s__rosidl_typesupport_c.cpython-310-x86_64-linux-gnu.so
[7.641s] -- Set runtime path of "/home/sahruday/Documents/Github/Beginner_Tutorials_Ros2/install/tutorial_interfaces/local/lib/python3.10/dist-packages/tutorial_interfaces/tutorial_interfaces_s__rosidl_typesupport_c.cpython-310-x86_64-linux-gnu.so" to ""
[7.641s] -- Installing: /home/sahruday/Documents/Github/Beginner_Tutorials_Ros2/install/tutorial_interfaces/lib/libtutorial_interfaces__rosidl_generator_py.so
[7.641s] -- Set runtime path of "/home/sahruday/Documents/Github/Beginner_Tutorials_Ros2/install/tutorial_interfaces/lib/libtutorial_interfaces__rosidl_generator_py.so" to ""
[7.641s] -- Installing: /home/sahruday/Documents/Github/Beginner_Tutorials_Ros2/install/tutorial_interfaces/share/tutorial_interfaces/msg/Num.idl
[7.641s] -- Installing: /home/sahruday/Documents/Github/Beginner_Tutorials_Ros2/install/tutorial_interfaces/share/tutorial_interfaces/msg/Sphere.idl
[7.642s] -- Installing: /home/sahruday/Documents/Github/Beginner_Tutorials_Ros2/install/tutorial_interfaces/share/tutorial_interfaces/srv/AddThreeInts.idl
[7.642s] -- Installing: /home/sahruday/Documents/Github/Beginner_Tutorials_Ros2/install/tutorial_interfaces/share/tutorial_interfaces/msg/Num.msg
[7.642s] -- Installing: /home/sahruday/Documents/Github/Beginner_Tutorials_Ros2/install/tutorial_interfaces/share/tutorial_interfaces/msg/Sphere.msg
[7.642s] -- Installing: /home/sahruday/Documents/Github/Beginner_Tutorials_Ros2/install/tutorial_interfaces/share/tutorial_interfaces/srv/AddThreeInts.srv
[7.642s] -- Installing: /home/sahruday/Documents/Github/Beginner_Tutorials_Ros2/install/tutorial_interfaces/share/tutorial_interfaces/srv/AddThreeInts_Request.msg
[7.642s] -- Installing: /home/sahruday/Documents/Github/Beginner_Tutorials_Ros2/install/tutorial_interfaces/share/tutorial_interfaces/srv/AddThreeInts_Response.msg
[7.642s] -- Installing: /home/sahruday/Documents/Github/Beginner_Tutorials_Ros2/install/tutorial_interfaces/share/ament_index/resource_index/package_run_dependencies/tutorial_interfaces
[7.642s] -- Installing: /home/sahruday/Documents/Github/Beginner_Tutorials_Ros2/install/tutorial_interfaces/share/ament_index/resource_index/parent_prefix_path/tutorial_interfaces
[7.643s] -- Installing: /home/sahruday/Documents/Github/Beginner_Tutorials_Ros2/install/tutorial_interfaces/share/tutorial_interfaces/environment/ament_prefix_path.sh
[7.643s] -- Installing: /home/sahruday/Documents/Github/Beginner_Tutorials_Ros2/install/tutorial_interfaces/share/tutorial_interfaces/environment/ament_prefix_path.dsv
[7.643s] -- Installing: /home/sahruday/Documents/Github/Beginner_Tutorials_Ros2/install/tutorial_interfaces/share/tutorial_interfaces/environment/path.sh
[7.643s] -- Installing: /home/sahruday/Documents/Github/Beginner_Tutorials_Ros2/install/tutorial_interfaces/share/tutorial_interfaces/environment/path.dsv
[7.644s] -- Installing: /home/sahruday/Documents/Github/Beginner_Tutorials_Ros2/install/tutorial_interfaces/share/tutorial_interfaces/local_setup.bash
[7.644s] -- Installing: /home/sahruday/Documents/Github/Beginner_Tutorials_Ros2/install/tutorial_interfaces/share/tutorial_interfaces/local_setup.sh
[7.644s] -- Installing: /home/sahruday/Documents/Github/Beginner_Tutorials_Ros2/install/tutorial_interfaces/share/tutorial_interfaces/local_setup.zsh
[7.644s] -- Installing: /home/sahruday/Documents/Github/Beginner_Tutorials_Ros2/install/tutorial_interfaces/share/tutorial_interfaces/local_setup.dsv
[7.644s] -- Installing: /home/sahruday/Documents/Github/Beginner_Tutorials_Ros2/install/tutorial_interfaces/share/tutorial_interfaces/package.dsv
[7.644s] -- Installing: /home/sahruday/Documents/Github/Beginner_Tutorials_Ros2/install/tutorial_interfaces/share/ament_index/resource_index/packages/tutorial_interfaces
[7.645s] -- Installing: /home/sahruday/Documents/Github/Beginner_Tutorials_Ros2/install/tutorial_interfaces/share/tutorial_interfaces/cmake/export_tutorial_interfaces__rosidl_generator_cExport.cmake
[7.645s] -- Installing: /home/sahruday/Documents/Github/Beginner_Tutorials_Ros2/install/tutorial_interfaces/share/tutorial_interfaces/cmake/export_tutorial_interfaces__rosidl_generator_cExport-noconfig.cmake
[7.645s] -- Installing: /home/sahruday/Documents/Github/Beginner_Tutorials_Ros2/install/tutorial_interfaces/share/tutorial_interfaces/cmake/export_tutorial_interfaces__rosidl_typesupport_fastrtps_cExport.cmake
[7.645s] -- Installing: /home/sahruday/Documents/Github/Beginner_Tutorials_Ros2/install/tutorial_interfaces/share/tutorial_interfaces/cmake/export_tutorial_interfaces__rosidl_typesupport_fastrtps_cExport-noconfig.cmake
[7.645s] -- Installing: /home/sahruday/Documents/Github/Beginner_Tutorials_Ros2/install/tutorial_interfaces/share/tutorial_interfaces/cmake/export_tutorial_interfaces__rosidl_generator_cppExport.cmake
[7.646s] -- Installing: /home/sahruday/Documents/Github/Beginner_Tutorials_Ros2/install/tutorial_interfaces/share/tutorial_interfaces/cmake/export_tutorial_interfaces__rosidl_typesupport_fastrtps_cppExport.cmake
[7.646s] -- Installing: /home/sahruday/Documents/Github/Beginner_Tutorials_Ros2/install/tutorial_interfaces/share/tutorial_interfaces/cmake/export_tutorial_interfaces__rosidl_typesupport_fastrtps_cppExport-noconfig.cmake
[7.646s] -- Installing: /home/sahruday/Documents/Github/Beginner_Tutorials_Ros2/install/tutorial_interfaces/share/tutorial_interfaces/cmake/tutorial_interfaces__rosidl_typesupport_introspection_cExport.cmake
[7.646s] -- Installing: /home/sahruday/Documents/Github/Beginner_Tutorials_Ros2/install/tutorial_interfaces/share/tutorial_interfaces/cmake/tutorial_interfaces__rosidl_typesupport_introspection_cExport-noconfig.cmake
[7.647s] -- Installing: /home/sahruday/Documents/Github/Beginner_Tutorials_Ros2/install/tutorial_interfaces/share/tutorial_interfaces/cmake/tutorial_interfaces__rosidl_typesupport_cExport.cmake
[7.647s] -- Installing: /home/sahruday/Documents/Github/Beginner_Tutorials_Ros2/install/tutorial_interfaces/share/tutorial_interfaces/cmake/tutorial_interfaces__rosidl_typesupport_cExport-noconfig.cmake
[7.647s] -- Installing: /home/sahruday/Documents/Github/Beginner_Tutorials_Ros2/install/tutorial_interfaces/share/tutorial_interfaces/cmake/tutorial_interfaces__rosidl_typesupport_introspection_cppExport.cmake
[7.647s] -- Installing: /home/sahruday/Documents/Github/Beginner_Tutorials_Ros2/install/tutorial_interfaces/share/tutorial_interfaces/cmake/tutorial_interfaces__rosidl_typesupport_introspection_cppExport-noconfig.cmake
[7.647s] -- Installing: /home/sahruday/Documents/Github/Beginner_Tutorials_Ros2/install/tutorial_interfaces/share/tutorial_interfaces/cmake/tutorial_interfaces__rosidl_typesupport_cppExport.cmake
[7.648s] -- Installing: /home/sahruday/Documents/Github/Beginner_Tutorials_Ros2/install/tutorial_interfaces/share/tutorial_interfaces/cmake/tutorial_interfaces__rosidl_typesupport_cppExport-noconfig.cmake
[7.648s] -- Installing: /home/sahruday/Documents/Github/Beginner_Tutorials_Ros2/install/tutorial_interfaces/share/tutorial_interfaces/cmake/export_tutorial_interfaces__rosidl_generator_pyExport.cmake
[7.648s] -- Installing: /home/sahruday/Documents/Github/Beginner_Tutorials_Ros2/install/tutorial_interfaces/share/tutorial_interfaces/cmake/export_tutorial_interfaces__rosidl_generator_pyExport-noconfig.cmake
[7.648s] -- Installing: /home/sahruday/Documents/Github/Beginner_Tutorials_Ros2/install/tutorial_interfaces/share/tutorial_interfaces/cmake/rosidl_cmake-extras.cmake
[7.648s] -- Installing: /home/sahruday/Documents/Github/Beginner_Tutorials_Ros2/install/tutorial_interfaces/share/tutorial_interfaces/cmake/ament_cmake_export_dependencies-extras.cmake
[7.649s] -- Installing: /home/sahruday/Documents/Github/Beginner_Tutorials_Ros2/install/tutorial_interfaces/share/tutorial_interfaces/cmake/ament_cmake_export_include_directories-extras.cmake
[7.649s] -- Installing: /home/sahruday/Documents/Github/Beginner_Tutorials_Ros2/install/tutorial_interfaces/share/tutorial_interfaces/cmake/ament_cmake_export_libraries-extras.cmake
[7.649s] -- Installing: /home/sahruday/Documents/Github/Beginner_Tutorials_Ros2/install/tutorial_interfaces/share/tutorial_interfaces/cmake/ament_cmake_export_targets-extras.cmake
[7.649s] -- Installing: /home/sahruday/Documents/Github/Beginner_Tutorials_Ros2/install/tutorial_interfaces/share/tutorial_interfaces/cmake/rosidl_cmake_export_typesupport_targets-extras.cmake
[7.649s] -- Installing: /home/sahruday/Documents/Github/Beginner_Tutorials_Ros2/install/tutorial_interfaces/share/tutorial_interfaces/cmake/rosidl_cmake_export_typesupport_libraries-extras.cmake
[7.649s] -- Installing: /home/sahruday/Documents/Github/Beginner_Tutorials_Ros2/install/tutorial_interfaces/share/tutorial_interfaces/cmake/tutorial_interfacesConfig.cmake
[7.650s] -- Installing: /home/sahruday/Documents/Github/Beginner_Tutorials_Ros2/install/tutorial_interfaces/share/tutorial_interfaces/cmake/tutorial_interfacesConfig-version.cmake
[7.650s] -- Installing: /home/sahruday/Documents/Github/Beginner_Tutorials_Ros2/install/tutorial_interfaces/share/tutorial_interfaces/package.xml
[7.653s] Invoked command in '/home/sahruday/Documents/Github/Beginner_Tutorials_Ros2/build/tutorial_interfaces' returned '0': CMAKE_PREFIX_PATH=${CMAKE_PREFIX_PATH}:/home/sahruday/ros2_humble/install/rqt_bag_plugins:/home/sahruday/ros2_humble/install/rqt_bag:/home/sahruday/ros2_humble/install/ros2bag:/home/sahruday/ros2_humble/install/tracetools_test:/home/sahruday/ros2_humble/install/tracetools_launch:/home/sahruday/ros2_humble/install/topic_monitor:/home/sahruday/ros2_humble/install/tf2_tools:/home/sahruday/ros2_humble/install/examples_tf2_py:/home/sahruday/ros2_humble/install/tf2_ros_py:/home/sahruday/ros2_humble/install/sros2:/home/sahruday/ros2_humble/install/rqt_topic:/home/sahruday/ros2_humble/install/rqt_srv:/home/sahruday/ros2_humble/install/rqt_shell:/home/sahruday/ros2_humble/install/rqt_service_caller:/home/sahruday/ros2_humble/install/rqt_reconfigure:/home/sahruday/ros2_humble/install/rqt_py_console:/home/sahruday/ros2_humble/install/rqt_publisher:/home/sahruday/ros2_humble/install/rqt_plot:/home/sahruday/ros2_humble/install/rqt_action:/home/sahruday/ros2_humble/install/rqt_msg:/home/sahruday/ros2_humble/install/rqt_console:/home/sahruday/ros2_humble/install/rqt:/home/sahruday/ros2_humble/install/rqt_graph:/home/sahruday/ros2_humble/install/rqt_gui_py:/home/sahruday/ros2_humble/install/rqt_gui:/home/sahruday/ros2_humble/install/ros2trace:/home/sahruday/ros2_humble/install/ros2topic:/home/sahruday/ros2_humble/install/ros2test:/home/sahruday/ros2_humble/install/ros2component:/home/sahruday/ros2_humble/install/ros2param:/home/sahruday/ros2_humble/install/ros2lifecycle:/home/sahruday/ros2_humble/install/ros2service:/home/sahruday/ros2_humble/install/ros2run:/home/sahruday/ros2_humble/install/ros2launch:/home/sahruday/ros2_humble/install/ros2pkg:/home/sahruday/ros2_humble/install/ros2node:/home/sahruday/ros2_humble/install/ros2multicast:/home/sahruday/ros2_humble/install/ros2interface:/home/sahruday/ros2_humble/install/ros2doctor:/home/sahruday/ros2_humble/install/ros2action:/home/sahruday/ros2_humble/install/ros2cli:/home/sahruday/ros2_humble/install/quality_of_service_demo_py:/home/sahruday/ros2_humble/install/lifecycle_py:/home/sahruday/ros2_humble/install/launch_testing_ros:/home/sahruday/ros2_humble/install/launch_ros:/home/sahruday/ros2_humble/install/examples_rclpy_pointcloud_publisher:/home/sahruday/ros2_humble/install/examples_rclpy_minimal_subscriber:/home/sahruday/ros2_humble/install/examples_rclpy_minimal_service:/home/sahruday/ros2_humble/install/examples_rclpy_minimal_publisher:/home/sahruday/ros2_humble/install/examples_rclpy_minimal_client:/home/sahruday/ros2_humble/install/examples_rclpy_minimal_action_server:/home/sahruday/ros2_humble/install/examples_rclpy_minimal_action_client:/home/sahruday/ros2_humble/install/examples_rclpy_guard_conditions:/home/sahruday/ros2_humble/install/examples_rclpy_executors:/home/sahruday/ros2_humble/install/demo_nodes_py:/home/sahruday/ros2_humble/install/action_tutorials_py:/home/sahruday/ros2_humble/install/ament_uncrustify:/home/sahruday/ros2_humble/install/tracetools_trace:/home/sahruday/ros2_humble/install/tracetools_read:/home/sahruday/ros2_humble/install/test_tracetools_launch:/home/sahruday/ros2_humble/install/test_launch_ros:/home/sahruday/ros2_humble/install/sensor_msgs_py:/home/sahruday/ros2_humble/install/rpyutils:/home/sahruday/ros2_humble/install/rosidl_runtime_py:/home/sahruday/ros2_humble/install/rosidl_cli:/home/sahruday/ros2_humble/install/launch_pytest:/home/sahruday/ros2_humble/install/launch_testing:/home/sahruday/ros2_humble/install/launch_yaml:/home/sahruday/ros2_humble/install/launch_xml:/home/sahruday/ros2_humble/install/launch:/home/sahruday/ros2_humble/install/osrf_pycommon:/home/sahruday/ros2_humble/install/launch_testing_examples:/home/sahruday/ros2_humble/install/domain_coordinator:/home/sahruday/ros2_humble/install/ament_xmllint:/home/sahruday/ros2_humble/install/ament_pyflakes:/home/sahruday/ros2_humble/install/ament_pycodestyle:/home/sahruday/ros2_humble/install/ament_pep257:/home/sahruday/ros2_humble/install/ament_pclint:/home/sahruday/ros2_humble/install/ament_package:/home/sahruday/ros2_humble/install/ament_mypy:/home/sahruday/ros2_humble/install/ament_lint_cmake:/home/sahruday/ros2_humble/install/ament_flake8:/home/sahruday/ros2_humble/install/ament_copyright:/home/sahruday/ros2_humble/install/ament_lint:/home/sahruday/ros2_humble/install/ament_index_python:/home/sahruday/ros2_humble/install/ament_cpplint:/home/sahruday/ros2_humble/install/ament_cppcheck:/home/sahruday/ros2_humble/install/ament_clang_tidy:/home/sahruday/ros2_humble/install/ament_clang_format /usr/bin/cmake --install /home/sahruday/Documents/Github/Beginner_Tutorials_Ros2/build/tutorial_interfaces
