[0.000000] (-) TimerEvent: {}
[0.000207] (serverpublisher) JobQueued: {'identifier': 'serverpublisher', 'dependencies': OrderedDict()}
[0.000523] (serverpublisher) JobStarted: {'identifier': 'serverpublisher'}
[0.006395] (serverpublisher) JobProgress: {'identifier': 'serverpublisher', 'progress': 'cmake'}
[0.006858] (serverpublisher) JobProgress: {'identifier': 'serverpublisher', 'progress': 'build'}
[0.007384] (serverpublisher) Command: {'cmd': ['/usr/bin/cmake', '--build', '/home/chotu/Beginner_Tutorials_Ros2/build/serverpublisher', '--', '-j16', '-l16'], 'cwd': '/home/chotu/Beginner_Tutorials_Ros2/build/serverpublisher', 'env': OrderedDict([('USER', 'chotu'), ('XDG_SESSION_TYPE', 'x11'), ('SHLVL', '1'), ('LD_LIBRARY_PATH', '/usr/lib/x86_64-linux-gnu/gazebo-11/plugins:/opt/ros/humble/opt/rviz_ogre_vendor/lib:/opt/ros/humble/lib/x86_64-linux-gnu:/opt/ros/humble/lib'), ('HOME', '/home/chotu'), ('OLDPWD', '/home/chotu'), ('DESKTOP_SESSION', 'ubuntu'), ('ROS_PYTHON_VERSION', '3'), ('GNOME_SHELL_SESSION_MODE', 'ubuntu'), ('GTK_MODULES', 'gail:atk-bridge'), ('SYSTEMD_EXEC_PID', '2728'), ('DBUS_SESSION_BUS_ADDRESS', 'unix:path=/run/user/1000/bus'), ('COLORTERM', 'truecolor'), ('_colcon_cd_root', '/opt/ros/humble/'), ('ROS_DISTRO', 'humble'), ('LOGNAME', 'chotu'), ('_', '/usr/bin/colcon'), ('ROS_VERSION', '2'), ('XDG_SESSION_CLASS', 'user'), ('USERNAME', 'chotu'), ('TERM', 'xterm-256color'), ('GNOME_DESKTOP_SESSION_ID', 'this-is-deprecated'), ('ROS_LOCALHOST_ONLY', '1'), ('WINDOWPATH', '2'), ('PATH', '/opt/ros/humble/bin:/usr/local/sbin:/usr/local/bin:/usr/sbin:/usr/bin:/sbin:/bin:/usr/games:/usr/local/games:/snap/bin:/snap/bin'), ('SESSION_MANAGER', 'local/chotu25:@/tmp/.ICE-unix/2544,unix/chotu25:/tmp/.ICE-unix/2544'), ('XDG_MENU_PREFIX', 'gnome-'), ('GNOME_TERMINAL_SCREEN', '/org/gnome/Terminal/screen/9c0edb00_dce6_4147_9cb2_75b43c7c51b2'), ('XDG_RUNTIME_DIR', '/run/user/1000'), ('DISPLAY', ':0'), ('LANG', 'en_US.UTF-8'), ('XDG_CURRENT_DESKTOP', 'ubuntu:GNOME'), ('XMODIFIERS', '@im=ibus'), ('XDG_SESSION_DESKTOP', 'ubuntu'), ('XAUTHORITY', '/run/user/1000/gdm/Xauthority'), ('GNOME_TERMINAL_SERVICE', ':1.1256'), ('SSH_AGENT_LAUNCHER', 'gnome-keyring'), ('SSH_AUTH_SOCK', '/run/user/1000/keyring/ssh'), ('AMENT_PREFIX_PATH', '/opt/ros/humble'), ('SHELL', '/bin/bash'), ('QT_ACCESSIBILITY', '1'), ('GDMSESSION', 'ubuntu'), ('GPG_AGENT_INFO', '/run/user/1000/gnupg/S.gpg-agent:0:1'), ('QT_IM_MODULE', 'ibus'), ('PWD', '/home/chotu/Beginner_Tutorials_Ros2/build/serverpublisher'), ('LC_ALL', 'en_US.UTF-8'), ('XDG_CONFIG_DIRS', '/etc/xdg/xdg-ubuntu:/etc/xdg'), ('XDG_DATA_DIRS', '/usr/share/ubuntu:/usr/share/gnome:/usr/local/share/:/usr/share/:/var/lib/snapd/desktop'), ('PYTHONPATH', '/opt/ros/humble/lib/python3.10/site-packages:/opt/ros/humble/local/lib/python3.10/dist-packages'), ('COLCON', '1'), ('VTE_VERSION', '6800'), ('CMAKE_PREFIX_PATH', '/opt/ros/humble')]), 'shell': False}
[0.035429] (serverpublisher) StdoutLine: {'line': b'\x1b[35m\x1b[1mConsolidate compiler generated dependencies of target gtest_main\x1b[0m\n'}
[0.035654] (serverpublisher) StdoutLine: {'line': b'\x1b[35m\x1b[1mConsolidate compiler generated dependencies of target gtest\x1b[0m\n'}
[0.035727] (serverpublisher) StdoutLine: {'line': b'\x1b[35m\x1b[1mConsolidate compiler generated dependencies of target serverpublisher__rosidl_generator_c\x1b[0m\n'}
[0.040866] (serverpublisher) StdoutLine: {'line': b'[  1%] Built target serverpublisher__cpp\n'}
[0.042177] (serverpublisher) StdoutLine: {'line': b'[  6%] Built target gtest_main\n'}
[0.042339] (serverpublisher) StdoutLine: {'line': b'[ 13%] Built target serverpublisher__rosidl_generator_c\n'}
[0.042417] (serverpublisher) StdoutLine: {'line': b'[ 15%] Built target gtest\n'}
[0.047024] (serverpublisher) StdoutLine: {'line': b'[ 15%] Built target ament_cmake_python_copy_serverpublisher\n'}
[0.047457] (serverpublisher) StdoutLine: {'line': b'\x1b[35m\x1b[1mConsolidate compiler generated dependencies of target serverpublisher__rosidl_typesupport_c\x1b[0m\n'}
[0.047548] (serverpublisher) StdoutLine: {'line': b'\x1b[35m\x1b[1mConsolidate compiler generated dependencies of target serverpublisher__rosidl_typesupport_introspection_c\x1b[0m\n'}
[0.047648] (serverpublisher) StdoutLine: {'line': b'\x1b[35m\x1b[1mConsolidate compiler generated dependencies of target serverpublisher__rosidl_typesupport_cpp\x1b[0m\n'}
[0.047790] (serverpublisher) StdoutLine: {'line': b'\x1b[35m\x1b[1mConsolidate compiler generated dependencies of target serverpublisher__rosidl_typesupport_introspection_cpp\x1b[0m\n'}
[0.047875] (serverpublisher) StdoutLine: {'line': b'\x1b[35m\x1b[1mConsolidate compiler generated dependencies of target serverpublisher__rosidl_typesupport_fastrtps_c\x1b[0m\n'}
[0.048038] (serverpublisher) StdoutLine: {'line': b'\x1b[35m\x1b[1mConsolidate compiler generated dependencies of target serverpublisher__rosidl_typesupport_fastrtps_cpp\x1b[0m\n'}
[0.054363] (serverpublisher) StdoutLine: {'line': b'[ 30%] Built target serverpublisher__rosidl_typesupport_introspection_c\n'}
[0.054602] (serverpublisher) StdoutLine: {'line': b'[ 32%] Built target serverpublisher__rosidl_typesupport_c\n'}
[0.056826] (serverpublisher) StdoutLine: {'line': b'[ 49%] Built target serverpublisher__rosidl_typesupport_introspection_cpp\n'}
[0.056994] (serverpublisher) StdoutLine: {'line': b'[ 50%] Built target serverpublisher__rosidl_typesupport_cpp\n'}
[0.057141] (serverpublisher) StdoutLine: {'line': b'[ 59%] Built target serverpublisher__rosidl_typesupport_fastrtps_c\n'}
[0.062416] (serverpublisher) StdoutLine: {'line': b'[ 68%] Built target serverpublisher__rosidl_typesupport_fastrtps_cpp\n'}
[0.063148] (serverpublisher) StdoutLine: {'line': b'\x1b[35m\x1b[1mConsolidate compiler generated dependencies of target talker\x1b[0m\n'}
[0.063314] (serverpublisher) StdoutLine: {'line': b'\x1b[35m\x1b[1mConsolidate compiler generated dependencies of target server\x1b[0m\n'}
[0.063413] (serverpublisher) StdoutLine: {'line': b'\x1b[35m\x1b[1mConsolidate compiler generated dependencies of target talkerandlistner\x1b[0m\n'}
[0.063485] (serverpublisher) StdoutLine: {'line': b'\x1b[35m\x1b[1mConsolidate compiler generated dependencies of target server_test\x1b[0m\n'}
[0.063577] (serverpublisher) StdoutLine: {'line': b'\x1b[35m\x1b[1mConsolidate compiler generated dependencies of target static_transform_publisher\x1b[0m\n'}
[0.063641] (serverpublisher) StdoutLine: {'line': b'\x1b[35m\x1b[1mConsolidate compiler generated dependencies of target stringserver\x1b[0m\n'}
[0.075742] (serverpublisher) StdoutLine: {'line': b'[ 77%] Built target stringserver\n'}
[0.075969] (serverpublisher) StdoutLine: {'line': b'[ 77%] Built target talker\n'}
[0.076044] (serverpublisher) StdoutLine: {'line': b'[ 77%] \x1b[32mBuilding CXX object CMakeFiles/server_test.dir/test/test_server.cpp.o\x1b[0m\n'}
[0.076114] (serverpublisher) StdoutLine: {'line': b'[ 77%] Built target serverpublisher\n'}
[0.076188] (serverpublisher) StdoutLine: {'line': b'[ 77%] Built target server\n'}
[0.076271] (serverpublisher) StdoutLine: {'line': b'[ 82%] Built target talkerandlistner\n'}
[0.076325] (serverpublisher) StdoutLine: {'line': b'[ 82%] Built target static_transform_publisher\n'}
[0.087027] (serverpublisher) StdoutLine: {'line': b'[ 83%] Built target serverpublisher__py\n'}
[0.093029] (serverpublisher) StdoutLine: {'line': b'\x1b[35m\x1b[1mConsolidate compiler generated dependencies of target serverpublisher__rosidl_generator_py\x1b[0m\n'}
[0.099583] (-) TimerEvent: {}
[0.103687] (serverpublisher) StdoutLine: {'line': b'[ 91%] Built target serverpublisher__rosidl_generator_py\n'}
[0.109543] (serverpublisher) StdoutLine: {'line': b'\x1b[35m\x1b[1mConsolidate compiler generated dependencies of target serverpublisher__rosidl_typesupport_c__pyext\x1b[0m\n'}
[0.109701] (serverpublisher) StdoutLine: {'line': b'\x1b[35m\x1b[1mConsolidate compiler generated dependencies of target serverpublisher__rosidl_typesupport_fastrtps_c__pyext\x1b[0m\n'}
[0.109764] (serverpublisher) StdoutLine: {'line': b'\x1b[35m\x1b[1mConsolidate compiler generated dependencies of target serverpublisher__rosidl_typesupport_introspection_c__pyext\x1b[0m\n'}
[0.117854] (serverpublisher) StdoutLine: {'line': b'[ 98%] Built target serverpublisher__rosidl_typesupport_introspection_c__pyext\n'}
[0.118034] (serverpublisher) StdoutLine: {'line': b'[ 98%] Built target serverpublisher__rosidl_typesupport_c__pyext\n'}
[0.118116] (serverpublisher) StdoutLine: {'line': b'[ 98%] Built target serverpublisher__rosidl_typesupport_fastrtps_c__pyext\n'}
[0.199672] (-) TimerEvent: {}
[0.212909] (serverpublisher) StdoutLine: {'line': b'running egg_info\n'}
[0.213299] (serverpublisher) StdoutLine: {'line': b'writing serverpublisher.egg-info/PKG-INFO\n'}
[0.213476] (serverpublisher) StdoutLine: {'line': b'writing dependency_links to serverpublisher.egg-info/dependency_links.txt\n'}
[0.213719] (serverpublisher) StdoutLine: {'line': b'writing top-level names to serverpublisher.egg-info/top_level.txt\n'}
[0.215110] (serverpublisher) StdoutLine: {'line': b"reading manifest file 'serverpublisher.egg-info/SOURCES.txt'\n"}
[0.215524] (serverpublisher) StdoutLine: {'line': b"writing manifest file 'serverpublisher.egg-info/SOURCES.txt'\n"}
[0.234215] (serverpublisher) StdoutLine: {'line': b'[ 98%] Built target ament_cmake_python_build_serverpublisher_egg\n'}
[0.299765] (-) TimerEvent: {}
[0.400026] (-) TimerEvent: {}
[0.500304] (-) TimerEvent: {}
[0.600574] (-) TimerEvent: {}
[0.700849] (-) TimerEvent: {}
[0.801108] (-) TimerEvent: {}
[0.901391] (-) TimerEvent: {}
[1.001654] (-) TimerEvent: {}
[1.101914] (-) TimerEvent: {}
[1.202188] (-) TimerEvent: {}
[1.302462] (-) TimerEvent: {}
[1.402733] (-) TimerEvent: {}
[1.502999] (-) TimerEvent: {}
[1.603263] (-) TimerEvent: {}
[1.703519] (-) TimerEvent: {}
[1.803785] (-) TimerEvent: {}
[1.904057] (-) TimerEvent: {}
[2.004315] (-) TimerEvent: {}
[2.104574] (-) TimerEvent: {}
[2.204831] (-) TimerEvent: {}
[2.305103] (-) TimerEvent: {}
[2.405370] (-) TimerEvent: {}
[2.505664] (-) TimerEvent: {}
[2.605912] (-) TimerEvent: {}
[2.706160] (-) TimerEvent: {}
[2.806407] (-) TimerEvent: {}
[2.906662] (-) TimerEvent: {}
[2.989992] (serverpublisher) StdoutLine: {'line': b'[100%] \x1b[32m\x1b[1mLinking CXX executable server_test\x1b[0m\n'}
[3.006751] (-) TimerEvent: {}
[3.107017] (-) TimerEvent: {}
[3.140205] (serverpublisher) StdoutLine: {'line': b'[100%] Built target server_test\n'}
[3.149028] (serverpublisher) CommandEnded: {'returncode': 0}
[3.207091] (-) TimerEvent: {}
[3.212685] (serverpublisher) JobProgress: {'identifier': 'serverpublisher', 'progress': 'install'}
[3.217601] (serverpublisher) Command: {'cmd': ['/usr/bin/cmake', '--install', '/home/chotu/Beginner_Tutorials_Ros2/build/serverpublisher'], 'cwd': '/home/chotu/Beginner_Tutorials_Ros2/build/serverpublisher', 'env': OrderedDict([('USER', 'chotu'), ('XDG_SESSION_TYPE', 'x11'), ('SHLVL', '1'), ('LD_LIBRARY_PATH', '/usr/lib/x86_64-linux-gnu/gazebo-11/plugins:/opt/ros/humble/opt/rviz_ogre_vendor/lib:/opt/ros/humble/lib/x86_64-linux-gnu:/opt/ros/humble/lib'), ('HOME', '/home/chotu'), ('OLDPWD', '/home/chotu'), ('DESKTOP_SESSION', 'ubuntu'), ('ROS_PYTHON_VERSION', '3'), ('GNOME_SHELL_SESSION_MODE', 'ubuntu'), ('GTK_MODULES', 'gail:atk-bridge'), ('SYSTEMD_EXEC_PID', '2728'), ('DBUS_SESSION_BUS_ADDRESS', 'unix:path=/run/user/1000/bus'), ('COLORTERM', 'truecolor'), ('_colcon_cd_root', '/opt/ros/humble/'), ('ROS_DISTRO', 'humble'), ('LOGNAME', 'chotu'), ('_', '/usr/bin/colcon'), ('ROS_VERSION', '2'), ('XDG_SESSION_CLASS', 'user'), ('USERNAME', 'chotu'), ('TERM', 'xterm-256color'), ('GNOME_DESKTOP_SESSION_ID', 'this-is-deprecated'), ('ROS_LOCALHOST_ONLY', '1'), ('WINDOWPATH', '2'), ('PATH', '/opt/ros/humble/bin:/usr/local/sbin:/usr/local/bin:/usr/sbin:/usr/bin:/sbin:/bin:/usr/games:/usr/local/games:/snap/bin:/snap/bin'), ('SESSION_MANAGER', 'local/chotu25:@/tmp/.ICE-unix/2544,unix/chotu25:/tmp/.ICE-unix/2544'), ('XDG_MENU_PREFIX', 'gnome-'), ('GNOME_TERMINAL_SCREEN', '/org/gnome/Terminal/screen/9c0edb00_dce6_4147_9cb2_75b43c7c51b2'), ('XDG_RUNTIME_DIR', '/run/user/1000'), ('DISPLAY', ':0'), ('LANG', 'en_US.UTF-8'), ('XDG_CURRENT_DESKTOP', 'ubuntu:GNOME'), ('XMODIFIERS', '@im=ibus'), ('XDG_SESSION_DESKTOP', 'ubuntu'), ('XAUTHORITY', '/run/user/1000/gdm/Xauthority'), ('GNOME_TERMINAL_SERVICE', ':1.1256'), ('SSH_AGENT_LAUNCHER', 'gnome-keyring'), ('SSH_AUTH_SOCK', '/run/user/1000/keyring/ssh'), ('AMENT_PREFIX_PATH', '/opt/ros/humble'), ('SHELL', '/bin/bash'), ('QT_ACCESSIBILITY', '1'), ('GDMSESSION', 'ubuntu'), ('GPG_AGENT_INFO', '/run/user/1000/gnupg/S.gpg-agent:0:1'), ('QT_IM_MODULE', 'ibus'), ('PWD', '/home/chotu/Beginner_Tutorials_Ros2/build/serverpublisher'), ('LC_ALL', 'en_US.UTF-8'), ('XDG_CONFIG_DIRS', '/etc/xdg/xdg-ubuntu:/etc/xdg'), ('XDG_DATA_DIRS', '/usr/share/ubuntu:/usr/share/gnome:/usr/local/share/:/usr/share/:/var/lib/snapd/desktop'), ('PYTHONPATH', '/opt/ros/humble/lib/python3.10/site-packages:/opt/ros/humble/local/lib/python3.10/dist-packages'), ('COLCON', '1'), ('VTE_VERSION', '6800'), ('CMAKE_PREFIX_PATH', '/opt/ros/humble')]), 'shell': False}
[3.221759] (serverpublisher) StdoutLine: {'line': b'-- Install configuration: ""\n'}
[3.221869] (serverpublisher) StdoutLine: {'line': b'-- Up-to-date: /home/chotu/Beginner_Tutorials_Ros2/install/serverpublisher/share/ament_index/resource_index/rosidl_interfaces/serverpublisher\n'}
[3.221997] (serverpublisher) StdoutLine: {'line': b'-- Up-to-date: /home/chotu/Beginner_Tutorials_Ros2/install/serverpublisher/include/serverpublisher/serverpublisher\n'}
[3.222053] (serverpublisher) StdoutLine: {'line': b'-- Up-to-date: /home/chotu/Beginner_Tutorials_Ros2/install/serverpublisher/include/serverpublisher/serverpublisher/msg\n'}
[3.222124] (serverpublisher) StdoutLine: {'line': b'-- Up-to-date: /home/chotu/Beginner_Tutorials_Ros2/install/serverpublisher/include/serverpublisher/serverpublisher/msg/data.h\n'}
[3.222239] (serverpublisher) StdoutLine: {'line': b'-- Up-to-date: /home/chotu/Beginner_Tutorials_Ros2/install/serverpublisher/include/serverpublisher/serverpublisher/msg/detail\n'}
[3.222288] (serverpublisher) StdoutLine: {'line': b'-- Up-to-date: /home/chotu/Beginner_Tutorials_Ros2/install/serverpublisher/include/serverpublisher/serverpublisher/msg/detail/sphere__functions.c\n'}
[3.222346] (serverpublisher) StdoutLine: {'line': b'-- Up-to-date: /home/chotu/Beginner_Tutorials_Ros2/install/serverpublisher/include/serverpublisher/serverpublisher/msg/detail/data__functions.c\n'}
[3.222393] (serverpublisher) StdoutLine: {'line': b'-- Up-to-date: /home/chotu/Beginner_Tutorials_Ros2/install/serverpublisher/include/serverpublisher/serverpublisher/msg/detail/data__functions.h\n'}
[3.222495] (serverpublisher) StdoutLine: {'line': b'-- Up-to-date: /home/chotu/Beginner_Tutorials_Ros2/install/serverpublisher/include/serverpublisher/serverpublisher/msg/detail/data__type_support.h\n'}
[3.222561] (serverpublisher) StdoutLine: {'line': b'-- Up-to-date: /home/chotu/Beginner_Tutorials_Ros2/install/serverpublisher/include/serverpublisher/serverpublisher/msg/detail/data__struct.h\n'}
[3.222616] (serverpublisher) StdoutLine: {'line': b'-- Up-to-date: /home/chotu/Beginner_Tutorials_Ros2/install/serverpublisher/include/serverpublisher/serverpublisher/msg/detail/sphere__functions.h\n'}
[3.222665] (serverpublisher) StdoutLine: {'line': b'-- Up-to-date: /home/chotu/Beginner_Tutorials_Ros2/install/serverpublisher/include/serverpublisher/serverpublisher/msg/detail/num__type_support.h\n'}
[3.222737] (serverpublisher) StdoutLine: {'line': b'-- Up-to-date: /home/chotu/Beginner_Tutorials_Ros2/install/serverpublisher/include/serverpublisher/serverpublisher/msg/detail/sphere__type_support.h\n'}
[3.222842] (serverpublisher) StdoutLine: {'line': b'-- Up-to-date: /home/chotu/Beginner_Tutorials_Ros2/install/serverpublisher/include/serverpublisher/serverpublisher/msg/detail/num__functions.h\n'}
[3.222933] (serverpublisher) StdoutLine: {'line': b'-- Up-to-date: /home/chotu/Beginner_Tutorials_Ros2/install/serverpublisher/include/serverpublisher/serverpublisher/msg/detail/num__functions.c\n'}
[3.223014] (serverpublisher) StdoutLine: {'line': b'-- Up-to-date: /home/chotu/Beginner_Tutorials_Ros2/install/serverpublisher/include/serverpublisher/serverpublisher/msg/detail/num__struct.h\n'}
[3.223101] (serverpublisher) StdoutLine: {'line': b'-- Up-to-date: /home/chotu/Beginner_Tutorials_Ros2/install/serverpublisher/include/serverpublisher/serverpublisher/msg/detail/sphere__struct.h\n'}
[3.223180] (serverpublisher) StdoutLine: {'line': b'-- Up-to-date: /home/chotu/Beginner_Tutorials_Ros2/install/serverpublisher/include/serverpublisher/serverpublisher/msg/sphere.h\n'}
[3.223239] (serverpublisher) StdoutLine: {'line': b'-- Up-to-date: /home/chotu/Beginner_Tutorials_Ros2/install/serverpublisher/include/serverpublisher/serverpublisher/msg/num.h\n'}
[3.223287] (serverpublisher) StdoutLine: {'line': b'-- Up-to-date: /home/chotu/Beginner_Tutorials_Ros2/install/serverpublisher/include/serverpublisher/serverpublisher/msg/rosidl_generator_c__visibility_control.h\n'}
[3.223384] (serverpublisher) StdoutLine: {'line': b'-- Up-to-date: /home/chotu/Beginner_Tutorials_Ros2/install/serverpublisher/include/serverpublisher/serverpublisher/srv\n'}
[3.223473] (serverpublisher) StdoutLine: {'line': b'-- Up-to-date: /home/chotu/Beginner_Tutorials_Ros2/install/serverpublisher/include/serverpublisher/serverpublisher/srv/detail\n'}
[3.223537] (serverpublisher) StdoutLine: {'line': b'-- Up-to-date: /home/chotu/Beginner_Tutorials_Ros2/install/serverpublisher/include/serverpublisher/serverpublisher/srv/detail/add_three_ints__struct.h\n'}
[3.223597] (serverpublisher) StdoutLine: {'line': b'-- Up-to-date: /home/chotu/Beginner_Tutorials_Ros2/install/serverpublisher/include/serverpublisher/serverpublisher/srv/detail/add_three_ints__functions.h\n'}
[3.223652] (serverpublisher) StdoutLine: {'line': b'-- Up-to-date: /home/chotu/Beginner_Tutorials_Ros2/install/serverpublisher/include/serverpublisher/serverpublisher/srv/detail/add_three_ints__functions.c\n'}
[3.223710] (serverpublisher) StdoutLine: {'line': b'-- Up-to-date: /home/chotu/Beginner_Tutorials_Ros2/install/serverpublisher/include/serverpublisher/serverpublisher/srv/detail/change_string__functions.c\n'}
[3.223764] (serverpublisher) StdoutLine: {'line': b'-- Up-to-date: /home/chotu/Beginner_Tutorials_Ros2/install/serverpublisher/include/serverpublisher/serverpublisher/srv/detail/change_string__type_support.h\n'}
[3.223848] (serverpublisher) StdoutLine: {'line': b'-- Up-to-date: /home/chotu/Beginner_Tutorials_Ros2/install/serverpublisher/include/serverpublisher/serverpublisher/srv/detail/change_string__functions.h\n'}
[3.223932] (serverpublisher) StdoutLine: {'line': b'-- Up-to-date: /home/chotu/Beginner_Tutorials_Ros2/install/serverpublisher/include/serverpublisher/serverpublisher/srv/detail/change_string__struct.h\n'}
[3.223983] (serverpublisher) StdoutLine: {'line': b'-- Up-to-date: /home/chotu/Beginner_Tutorials_Ros2/install/serverpublisher/include/serverpublisher/serverpublisher/srv/detail/add_three_ints__type_support.h\n'}
[3.224041] (serverpublisher) StdoutLine: {'line': b'-- Up-to-date: /home/chotu/Beginner_Tutorials_Ros2/install/serverpublisher/include/serverpublisher/serverpublisher/srv/change_string.h\n'}
[3.224088] (serverpublisher) StdoutLine: {'line': b'-- Up-to-date: /home/chotu/Beginner_Tutorials_Ros2/install/serverpublisher/include/serverpublisher/serverpublisher/srv/add_three_ints.h\n'}
[3.224144] (serverpublisher) StdoutLine: {'line': b'-- Up-to-date: /home/chotu/Beginner_Tutorials_Ros2/install/serverpublisher/share/serverpublisher/environment/library_path.sh\n'}
[3.224199] (serverpublisher) StdoutLine: {'line': b'-- Up-to-date: /home/chotu/Beginner_Tutorials_Ros2/install/serverpublisher/share/serverpublisher/environment/library_path.dsv\n'}
[3.224267] (serverpublisher) StdoutLine: {'line': b'-- Up-to-date: /home/chotu/Beginner_Tutorials_Ros2/install/serverpublisher/lib/libserverpublisher__rosidl_generator_c.so\n'}
[3.224321] (serverpublisher) StdoutLine: {'line': b'-- Up-to-date: /home/chotu/Beginner_Tutorials_Ros2/install/serverpublisher/include/serverpublisher/serverpublisher\n'}
[3.224374] (serverpublisher) StdoutLine: {'line': b'-- Up-to-date: /home/chotu/Beginner_Tutorials_Ros2/install/serverpublisher/include/serverpublisher/serverpublisher/msg\n'}
[3.224422] (serverpublisher) StdoutLine: {'line': b'-- Up-to-date: /home/chotu/Beginner_Tutorials_Ros2/install/serverpublisher/include/serverpublisher/serverpublisher/msg/detail\n'}
[3.224477] (serverpublisher) StdoutLine: {'line': b'-- Up-to-date: /home/chotu/Beginner_Tutorials_Ros2/install/serverpublisher/include/serverpublisher/serverpublisher/msg/detail/data__rosidl_typesupport_fastrtps_c.h\n'}
[3.224532] (serverpublisher) StdoutLine: {'line': b'-- Up-to-date: /home/chotu/Beginner_Tutorials_Ros2/install/serverpublisher/include/serverpublisher/serverpublisher/msg/detail/num__rosidl_typesupport_fastrtps_c.h\n'}
[3.224586] (serverpublisher) StdoutLine: {'line': b'-- Up-to-date: /home/chotu/Beginner_Tutorials_Ros2/install/serverpublisher/include/serverpublisher/serverpublisher/msg/detail/sphere__rosidl_typesupport_fastrtps_c.h\n'}
[3.224668] (serverpublisher) StdoutLine: {'line': b'-- Up-to-date: /home/chotu/Beginner_Tutorials_Ros2/install/serverpublisher/include/serverpublisher/serverpublisher/msg/rosidl_typesupport_fastrtps_c__visibility_control.h\n'}
[3.224751] (serverpublisher) StdoutLine: {'line': b'-- Up-to-date: /home/chotu/Beginner_Tutorials_Ros2/install/serverpublisher/include/serverpublisher/serverpublisher/srv\n'}
[3.224837] (serverpublisher) StdoutLine: {'line': b'-- Up-to-date: /home/chotu/Beginner_Tutorials_Ros2/install/serverpublisher/include/serverpublisher/serverpublisher/srv/detail\n'}
[3.224887] (serverpublisher) StdoutLine: {'line': b'-- Up-to-date: /home/chotu/Beginner_Tutorials_Ros2/install/serverpublisher/include/serverpublisher/serverpublisher/srv/detail/change_string__rosidl_typesupport_fastrtps_c.h\n'}
[3.224933] (serverpublisher) StdoutLine: {'line': b'-- Up-to-date: /home/chotu/Beginner_Tutorials_Ros2/install/serverpublisher/include/serverpublisher/serverpublisher/srv/detail/add_three_ints__rosidl_typesupport_fastrtps_c.h\n'}
[3.224979] (serverpublisher) StdoutLine: {'line': b'-- Up-to-date: /home/chotu/Beginner_Tutorials_Ros2/install/serverpublisher/lib/libserverpublisher__rosidl_typesupport_fastrtps_c.so\n'}
[3.225024] (serverpublisher) StdoutLine: {'line': b'-- Up-to-date: /home/chotu/Beginner_Tutorials_Ros2/install/serverpublisher/include/serverpublisher/serverpublisher\n'}
[3.225069] (serverpublisher) StdoutLine: {'line': b'-- Up-to-date: /home/chotu/Beginner_Tutorials_Ros2/install/serverpublisher/include/serverpublisher/serverpublisher/msg\n'}
[3.225114] (serverpublisher) StdoutLine: {'line': b'-- Up-to-date: /home/chotu/Beginner_Tutorials_Ros2/install/serverpublisher/include/serverpublisher/serverpublisher/msg/detail\n'}
[3.225162] (serverpublisher) StdoutLine: {'line': b'-- Up-to-date: /home/chotu/Beginner_Tutorials_Ros2/install/serverpublisher/include/serverpublisher/serverpublisher/msg/detail/num__traits.hpp\n'}
[3.225213] (serverpublisher) StdoutLine: {'line': b'-- Up-to-date: /home/chotu/Beginner_Tutorials_Ros2/install/serverpublisher/include/serverpublisher/serverpublisher/msg/detail/data__struct.hpp\n'}
[3.225261] (serverpublisher) StdoutLine: {'line': b'-- Up-to-date: /home/chotu/Beginner_Tutorials_Ros2/install/serverpublisher/include/serverpublisher/serverpublisher/msg/detail/sphere__traits.hpp\n'}
[3.225306] (serverpublisher) StdoutLine: {'line': b'-- Up-to-date: /home/chotu/Beginner_Tutorials_Ros2/install/serverpublisher/include/serverpublisher/serverpublisher/msg/detail/data__builder.hpp\n'}
[3.225350] (serverpublisher) StdoutLine: {'line': b'-- Up-to-date: /home/chotu/Beginner_Tutorials_Ros2/install/serverpublisher/include/serverpublisher/serverpublisher/msg/detail/num__struct.hpp\n'}
[3.225395] (serverpublisher) StdoutLine: {'line': b'-- Up-to-date: /home/chotu/Beginner_Tutorials_Ros2/install/serverpublisher/include/serverpublisher/serverpublisher/msg/detail/num__builder.hpp\n'}
[3.225440] (serverpublisher) StdoutLine: {'line': b'-- Up-to-date: /home/chotu/Beginner_Tutorials_Ros2/install/serverpublisher/include/serverpublisher/serverpublisher/msg/detail/sphere__builder.hpp\n'}
[3.225485] (serverpublisher) StdoutLine: {'line': b'-- Up-to-date: /home/chotu/Beginner_Tutorials_Ros2/install/serverpublisher/include/serverpublisher/serverpublisher/msg/detail/data__traits.hpp\n'}
[3.225535] (serverpublisher) StdoutLine: {'line': b'-- Up-to-date: /home/chotu/Beginner_Tutorials_Ros2/install/serverpublisher/include/serverpublisher/serverpublisher/msg/detail/sphere__struct.hpp\n'}
[3.225580] (serverpublisher) StdoutLine: {'line': b'-- Up-to-date: /home/chotu/Beginner_Tutorials_Ros2/install/serverpublisher/include/serverpublisher/serverpublisher/msg/sphere.hpp\n'}
[3.225623] (serverpublisher) StdoutLine: {'line': b'-- Up-to-date: /home/chotu/Beginner_Tutorials_Ros2/install/serverpublisher/include/serverpublisher/serverpublisher/msg/data.hpp\n'}
[3.225667] (serverpublisher) StdoutLine: {'line': b'-- Up-to-date: /home/chotu/Beginner_Tutorials_Ros2/install/serverpublisher/include/serverpublisher/serverpublisher/msg/num.hpp\n'}
[3.225710] (serverpublisher) StdoutLine: {'line': b'-- Up-to-date: /home/chotu/Beginner_Tutorials_Ros2/install/serverpublisher/include/serverpublisher/serverpublisher/srv\n'}
[3.225762] (serverpublisher) StdoutLine: {'line': b'-- Up-to-date: /home/chotu/Beginner_Tutorials_Ros2/install/serverpublisher/include/serverpublisher/serverpublisher/srv/detail\n'}
[3.225808] (serverpublisher) StdoutLine: {'line': b'-- Up-to-date: /home/chotu/Beginner_Tutorials_Ros2/install/serverpublisher/include/serverpublisher/serverpublisher/srv/detail/change_string__struct.hpp\n'}
[3.225852] (serverpublisher) StdoutLine: {'line': b'-- Up-to-date: /home/chotu/Beginner_Tutorials_Ros2/install/serverpublisher/include/serverpublisher/serverpublisher/srv/detail/add_three_ints__traits.hpp\n'}
[3.225897] (serverpublisher) StdoutLine: {'line': b'-- Up-to-date: /home/chotu/Beginner_Tutorials_Ros2/install/serverpublisher/include/serverpublisher/serverpublisher/srv/detail/add_three_ints__struct.hpp\n'}
[3.225941] (serverpublisher) StdoutLine: {'line': b'-- Up-to-date: /home/chotu/Beginner_Tutorials_Ros2/install/serverpublisher/include/serverpublisher/serverpublisher/srv/detail/change_string__builder.hpp\n'}
[3.225986] (serverpublisher) StdoutLine: {'line': b'-- Up-to-date: /home/chotu/Beginner_Tutorials_Ros2/install/serverpublisher/include/serverpublisher/serverpublisher/srv/detail/change_string__traits.hpp\n'}
[3.226029] (serverpublisher) StdoutLine: {'line': b'-- Up-to-date: /home/chotu/Beginner_Tutorials_Ros2/install/serverpublisher/include/serverpublisher/serverpublisher/srv/detail/add_three_ints__builder.hpp\n'}
[3.226073] (serverpublisher) StdoutLine: {'line': b'-- Up-to-date: /home/chotu/Beginner_Tutorials_Ros2/install/serverpublisher/include/serverpublisher/serverpublisher/srv/change_string.hpp\n'}
[3.226118] (serverpublisher) StdoutLine: {'line': b'-- Up-to-date: /home/chotu/Beginner_Tutorials_Ros2/install/serverpublisher/include/serverpublisher/serverpublisher/srv/add_three_ints.hpp\n'}
[3.226163] (serverpublisher) StdoutLine: {'line': b'-- Up-to-date: /home/chotu/Beginner_Tutorials_Ros2/install/serverpublisher/include/serverpublisher/serverpublisher\n'}
[3.226207] (serverpublisher) StdoutLine: {'line': b'-- Up-to-date: /home/chotu/Beginner_Tutorials_Ros2/install/serverpublisher/include/serverpublisher/serverpublisher/msg\n'}
[3.226252] (serverpublisher) StdoutLine: {'line': b'-- Up-to-date: /home/chotu/Beginner_Tutorials_Ros2/install/serverpublisher/include/serverpublisher/serverpublisher/msg/detail\n'}
[3.226295] (serverpublisher) StdoutLine: {'line': b'-- Up-to-date: /home/chotu/Beginner_Tutorials_Ros2/install/serverpublisher/include/serverpublisher/serverpublisher/msg/detail/sphere__rosidl_typesupport_fastrtps_cpp.hpp\n'}
[3.226339] (serverpublisher) StdoutLine: {'line': b'-- Up-to-date: /home/chotu/Beginner_Tutorials_Ros2/install/serverpublisher/include/serverpublisher/serverpublisher/msg/detail/dds_fastrtps\n'}
[3.226384] (serverpublisher) StdoutLine: {'line': b'-- Up-to-date: /home/chotu/Beginner_Tutorials_Ros2/install/serverpublisher/include/serverpublisher/serverpublisher/msg/detail/data__rosidl_typesupport_fastrtps_cpp.hpp\n'}
[3.226428] (serverpublisher) StdoutLine: {'line': b'-- Up-to-date: /home/chotu/Beginner_Tutorials_Ros2/install/serverpublisher/include/serverpublisher/serverpublisher/msg/detail/num__rosidl_typesupport_fastrtps_cpp.hpp\n'}
[3.226482] (serverpublisher) StdoutLine: {'line': b'-- Up-to-date: /home/chotu/Beginner_Tutorials_Ros2/install/serverpublisher/include/serverpublisher/serverpublisher/msg/rosidl_typesupport_fastrtps_cpp__visibility_control.h\n'}
[3.226527] (serverpublisher) StdoutLine: {'line': b'-- Up-to-date: /home/chotu/Beginner_Tutorials_Ros2/install/serverpublisher/include/serverpublisher/serverpublisher/srv\n'}
[3.226570] (serverpublisher) StdoutLine: {'line': b'-- Up-to-date: /home/chotu/Beginner_Tutorials_Ros2/install/serverpublisher/include/serverpublisher/serverpublisher/srv/detail\n'}
[3.226615] (serverpublisher) StdoutLine: {'line': b'-- Up-to-date: /home/chotu/Beginner_Tutorials_Ros2/install/serverpublisher/include/serverpublisher/serverpublisher/srv/detail/add_three_ints__rosidl_typesupport_fastrtps_cpp.hpp\n'}
[3.226660] (serverpublisher) StdoutLine: {'line': b'-- Up-to-date: /home/chotu/Beginner_Tutorials_Ros2/install/serverpublisher/include/serverpublisher/serverpublisher/srv/detail/dds_fastrtps\n'}
[3.226705] (serverpublisher) StdoutLine: {'line': b'-- Up-to-date: /home/chotu/Beginner_Tutorials_Ros2/install/serverpublisher/include/serverpublisher/serverpublisher/srv/detail/change_string__rosidl_typesupport_fastrtps_cpp.hpp\n'}
[3.226750] (serverpublisher) StdoutLine: {'line': b'-- Up-to-date: /home/chotu/Beginner_Tutorials_Ros2/install/serverpublisher/lib/libserverpublisher__rosidl_typesupport_fastrtps_cpp.so\n'}
[3.226795] (serverpublisher) StdoutLine: {'line': b'-- Up-to-date: /home/chotu/Beginner_Tutorials_Ros2/install/serverpublisher/include/serverpublisher/serverpublisher\n'}
[3.226838] (serverpublisher) StdoutLine: {'line': b'-- Up-to-date: /home/chotu/Beginner_Tutorials_Ros2/install/serverpublisher/include/serverpublisher/serverpublisher/msg\n'}
[3.226882] (serverpublisher) StdoutLine: {'line': b'-- Up-to-date: /home/chotu/Beginner_Tutorials_Ros2/install/serverpublisher/include/serverpublisher/serverpublisher/msg/detail\n'}
[3.226925] (serverpublisher) StdoutLine: {'line': b'-- Up-to-date: /home/chotu/Beginner_Tutorials_Ros2/install/serverpublisher/include/serverpublisher/serverpublisher/msg/detail/num__rosidl_typesupport_introspection_c.h\n'}
[3.226968] (serverpublisher) StdoutLine: {'line': b'-- Up-to-date: /home/chotu/Beginner_Tutorials_Ros2/install/serverpublisher/include/serverpublisher/serverpublisher/msg/detail/data__rosidl_typesupport_introspection_c.h\n'}
[3.227018] (serverpublisher) StdoutLine: {'line': b'-- Up-to-date: /home/chotu/Beginner_Tutorials_Ros2/install/serverpublisher/include/serverpublisher/serverpublisher/msg/detail/sphere__type_support.c\n'}
[3.227062] (serverpublisher) StdoutLine: {'line': b'-- Up-to-date: /home/chotu/Beginner_Tutorials_Ros2/install/serverpublisher/include/serverpublisher/serverpublisher/msg/detail/data__type_support.c\n'}
[3.227105] (serverpublisher) StdoutLine: {'line': b'-- Up-to-date: /home/chotu/Beginner_Tutorials_Ros2/install/serverpublisher/include/serverpublisher/serverpublisher/msg/detail/num__type_support.c\n'}
[3.227148] (serverpublisher) StdoutLine: {'line': b'-- Up-to-date: /home/chotu/Beginner_Tutorials_Ros2/install/serverpublisher/include/serverpublisher/serverpublisher/msg/detail/sphere__rosidl_typesupport_introspection_c.h\n'}
[3.227191] (serverpublisher) StdoutLine: {'line': b'-- Up-to-date: /home/chotu/Beginner_Tutorials_Ros2/install/serverpublisher/include/serverpublisher/serverpublisher/msg/rosidl_typesupport_introspection_c__visibility_control.h\n'}
[3.227235] (serverpublisher) StdoutLine: {'line': b'-- Up-to-date: /home/chotu/Beginner_Tutorials_Ros2/install/serverpublisher/include/serverpublisher/serverpublisher/srv\n'}
[3.227277] (serverpublisher) StdoutLine: {'line': b'-- Up-to-date: /home/chotu/Beginner_Tutorials_Ros2/install/serverpublisher/include/serverpublisher/serverpublisher/srv/detail\n'}
[3.227319] (serverpublisher) StdoutLine: {'line': b'-- Up-to-date: /home/chotu/Beginner_Tutorials_Ros2/install/serverpublisher/include/serverpublisher/serverpublisher/srv/detail/change_string__rosidl_typesupport_introspection_c.h\n'}
[3.227380] (serverpublisher) StdoutLine: {'line': b'-- Up-to-date: /home/chotu/Beginner_Tutorials_Ros2/install/serverpublisher/include/serverpublisher/serverpublisher/srv/detail/add_three_ints__rosidl_typesupport_introspection_c.h\n'}
[3.227426] (serverpublisher) StdoutLine: {'line': b'-- Up-to-date: /home/chotu/Beginner_Tutorials_Ros2/install/serverpublisher/include/serverpublisher/serverpublisher/srv/detail/change_string__type_support.c\n'}
[3.227469] (serverpublisher) StdoutLine: {'line': b'-- Up-to-date: /home/chotu/Beginner_Tutorials_Ros2/install/serverpublisher/include/serverpublisher/serverpublisher/srv/detail/add_three_ints__type_support.c\n'}
[3.227512] (serverpublisher) StdoutLine: {'line': b'-- Up-to-date: /home/chotu/Beginner_Tutorials_Ros2/install/serverpublisher/lib/libserverpublisher__rosidl_typesupport_introspection_c.so\n'}
[3.227555] (serverpublisher) StdoutLine: {'line': b'-- Up-to-date: /home/chotu/Beginner_Tutorials_Ros2/install/serverpublisher/lib/libserverpublisher__rosidl_typesupport_c.so\n'}
[3.227602] (serverpublisher) StdoutLine: {'line': b'-- Up-to-date: /home/chotu/Beginner_Tutorials_Ros2/install/serverpublisher/include/serverpublisher/serverpublisher\n'}
[3.227651] (serverpublisher) StdoutLine: {'line': b'-- Up-to-date: /home/chotu/Beginner_Tutorials_Ros2/install/serverpublisher/include/serverpublisher/serverpublisher/msg\n'}
[3.227698] (serverpublisher) StdoutLine: {'line': b'-- Up-to-date: /home/chotu/Beginner_Tutorials_Ros2/install/serverpublisher/include/serverpublisher/serverpublisher/msg/detail\n'}
[3.227742] (serverpublisher) StdoutLine: {'line': b'-- Up-to-date: /home/chotu/Beginner_Tutorials_Ros2/install/serverpublisher/include/serverpublisher/serverpublisher/msg/detail/data__type_support.cpp\n'}
[3.227786] (serverpublisher) StdoutLine: {'line': b'-- Up-to-date: /home/chotu/Beginner_Tutorials_Ros2/install/serverpublisher/include/serverpublisher/serverpublisher/msg/detail/sphere__rosidl_typesupport_introspection_cpp.hpp\n'}
[3.227831] (serverpublisher) StdoutLine: {'line': b'-- Up-to-date: /home/chotu/Beginner_Tutorials_Ros2/install/serverpublisher/include/serverpublisher/serverpublisher/msg/detail/num__rosidl_typesupport_introspection_cpp.hpp\n'}
[3.227899] (serverpublisher) StdoutLine: {'line': b'-- Up-to-date: /home/chotu/Beginner_Tutorials_Ros2/install/serverpublisher/include/serverpublisher/serverpublisher/msg/detail/num__type_support.cpp\n'}
[3.227955] (serverpublisher) StdoutLine: {'line': b'-- Up-to-date: /home/chotu/Beginner_Tutorials_Ros2/install/serverpublisher/include/serverpublisher/serverpublisher/msg/detail/sphere__type_support.cpp\n'}
[3.228001] (serverpublisher) StdoutLine: {'line': b'-- Up-to-date: /home/chotu/Beginner_Tutorials_Ros2/install/serverpublisher/include/serverpublisher/serverpublisher/msg/detail/data__rosidl_typesupport_introspection_cpp.hpp\n'}
[3.228045] (serverpublisher) StdoutLine: {'line': b'-- Up-to-date: /home/chotu/Beginner_Tutorials_Ros2/install/serverpublisher/include/serverpublisher/serverpublisher/srv\n'}
[3.228088] (serverpublisher) StdoutLine: {'line': b'-- Up-to-date: /home/chotu/Beginner_Tutorials_Ros2/install/serverpublisher/include/serverpublisher/serverpublisher/srv/detail\n'}
[3.228131] (serverpublisher) StdoutLine: {'line': b'-- Up-to-date: /home/chotu/Beginner_Tutorials_Ros2/install/serverpublisher/include/serverpublisher/serverpublisher/srv/detail/add_three_ints__type_support.cpp\n'}
[3.228176] (serverpublisher) StdoutLine: {'line': b'-- Up-to-date: /home/chotu/Beginner_Tutorials_Ros2/install/serverpublisher/include/serverpublisher/serverpublisher/srv/detail/change_string__type_support.cpp\n'}
[3.228220] (serverpublisher) StdoutLine: {'line': b'-- Up-to-date: /home/chotu/Beginner_Tutorials_Ros2/install/serverpublisher/include/serverpublisher/serverpublisher/srv/detail/add_three_ints__rosidl_typesupport_introspection_cpp.hpp\n'}
[3.228272] (serverpublisher) StdoutLine: {'line': b'-- Up-to-date: /home/chotu/Beginner_Tutorials_Ros2/install/serverpublisher/include/serverpublisher/serverpublisher/srv/detail/change_string__rosidl_typesupport_introspection_cpp.hpp\n'}
[3.228321] (serverpublisher) StdoutLine: {'line': b'-- Up-to-date: /home/chotu/Beginner_Tutorials_Ros2/install/serverpublisher/lib/libserverpublisher__rosidl_typesupport_introspection_cpp.so\n'}
[3.228365] (serverpublisher) StdoutLine: {'line': b'-- Up-to-date: /home/chotu/Beginner_Tutorials_Ros2/install/serverpublisher/lib/libserverpublisher__rosidl_typesupport_cpp.so\n'}
[3.228408] (serverpublisher) StdoutLine: {'line': b'-- Up-to-date: /home/chotu/Beginner_Tutorials_Ros2/install/serverpublisher/share/serverpublisher/environment/pythonpath.sh\n'}
[3.228452] (serverpublisher) StdoutLine: {'line': b'-- Up-to-date: /home/chotu/Beginner_Tutorials_Ros2/install/serverpublisher/share/serverpublisher/environment/pythonpath.dsv\n'}
[3.228494] (serverpublisher) StdoutLine: {'line': b'-- Up-to-date: /home/chotu/Beginner_Tutorials_Ros2/install/serverpublisher/local/lib/python3.10/dist-packages/serverpublisher-0.0.0-py3.10.egg-info\n'}
[3.228536] (serverpublisher) StdoutLine: {'line': b'-- Installing: /home/chotu/Beginner_Tutorials_Ros2/install/serverpublisher/local/lib/python3.10/dist-packages/serverpublisher-0.0.0-py3.10.egg-info/SOURCES.txt\n'}
[3.228579] (serverpublisher) StdoutLine: {'line': b'-- Installing: /home/chotu/Beginner_Tutorials_Ros2/install/serverpublisher/local/lib/python3.10/dist-packages/serverpublisher-0.0.0-py3.10.egg-info/PKG-INFO\n'}
[3.228622] (serverpublisher) StdoutLine: {'line': b'-- Installing: /home/chotu/Beginner_Tutorials_Ros2/install/serverpublisher/local/lib/python3.10/dist-packages/serverpublisher-0.0.0-py3.10.egg-info/top_level.txt\n'}
[3.228666] (serverpublisher) StdoutLine: {'line': b'-- Installing: /home/chotu/Beginner_Tutorials_Ros2/install/serverpublisher/local/lib/python3.10/dist-packages/serverpublisher-0.0.0-py3.10.egg-info/dependency_links.txt\n'}
[3.228709] (serverpublisher) StdoutLine: {'line': b'-- Up-to-date: /home/chotu/Beginner_Tutorials_Ros2/install/serverpublisher/local/lib/python3.10/dist-packages/serverpublisher\n'}
[3.228753] (serverpublisher) StdoutLine: {'line': b'-- Up-to-date: /home/chotu/Beginner_Tutorials_Ros2/install/serverpublisher/local/lib/python3.10/dist-packages/serverpublisher/msg\n'}
[3.228796] (serverpublisher) StdoutLine: {'line': b'-- Up-to-date: /home/chotu/Beginner_Tutorials_Ros2/install/serverpublisher/local/lib/python3.10/dist-packages/serverpublisher/msg/_num.py\n'}
[3.228844] (serverpublisher) StdoutLine: {'line': b'-- Up-to-date: /home/chotu/Beginner_Tutorials_Ros2/install/serverpublisher/local/lib/python3.10/dist-packages/serverpublisher/msg/__init__.py\n'}
[3.228891] (serverpublisher) StdoutLine: {'line': b'-- Up-to-date: /home/chotu/Beginner_Tutorials_Ros2/install/serverpublisher/local/lib/python3.10/dist-packages/serverpublisher/msg/_sphere_s.c\n'}
[3.228935] (serverpublisher) StdoutLine: {'line': b'-- Up-to-date: /home/chotu/Beginner_Tutorials_Ros2/install/serverpublisher/local/lib/python3.10/dist-packages/serverpublisher/msg/_data.py\n'}
[3.228979] (serverpublisher) StdoutLine: {'line': b'-- Up-to-date: /home/chotu/Beginner_Tutorials_Ros2/install/serverpublisher/local/lib/python3.10/dist-packages/serverpublisher/msg/_data_s.c\n'}
[3.229022] (serverpublisher) StdoutLine: {'line': b'-- Up-to-date: /home/chotu/Beginner_Tutorials_Ros2/install/serverpublisher/local/lib/python3.10/dist-packages/serverpublisher/msg/_sphere.py\n'}
[3.229066] (serverpublisher) StdoutLine: {'line': b'-- Up-to-date: /home/chotu/Beginner_Tutorials_Ros2/install/serverpublisher/local/lib/python3.10/dist-packages/serverpublisher/msg/_num_s.c\n'}
[3.229110] (serverpublisher) StdoutLine: {'line': b'-- Up-to-date: /home/chotu/Beginner_Tutorials_Ros2/install/serverpublisher/local/lib/python3.10/dist-packages/serverpublisher/serverpublisher_s__rosidl_typesupport_introspection_c.cpython-310-x86_64-linux-gnu.so\n'}
[3.229155] (serverpublisher) StdoutLine: {'line': b'-- Up-to-date: /home/chotu/Beginner_Tutorials_Ros2/install/serverpublisher/local/lib/python3.10/dist-packages/serverpublisher/__init__.py\n'}
[3.229204] (serverpublisher) StdoutLine: {'line': b'-- Up-to-date: /home/chotu/Beginner_Tutorials_Ros2/install/serverpublisher/local/lib/python3.10/dist-packages/serverpublisher/srv\n'}
[3.229248] (serverpublisher) StdoutLine: {'line': b'-- Up-to-date: /home/chotu/Beginner_Tutorials_Ros2/install/serverpublisher/local/lib/python3.10/dist-packages/serverpublisher/srv/__init__.py\n'}
[3.229292] (serverpublisher) StdoutLine: {'line': b'-- Up-to-date: /home/chotu/Beginner_Tutorials_Ros2/install/serverpublisher/local/lib/python3.10/dist-packages/serverpublisher/srv/_add_three_ints_s.c\n'}
[3.229335] (serverpublisher) StdoutLine: {'line': b'-- Up-to-date: /home/chotu/Beginner_Tutorials_Ros2/install/serverpublisher/local/lib/python3.10/dist-packages/serverpublisher/srv/_add_three_ints.py\n'}
[3.229378] (serverpublisher) StdoutLine: {'line': b'-- Up-to-date: /home/chotu/Beginner_Tutorials_Ros2/install/serverpublisher/local/lib/python3.10/dist-packages/serverpublisher/srv/_change_string.py\n'}
[3.229422] (serverpublisher) StdoutLine: {'line': b'-- Up-to-date: /home/chotu/Beginner_Tutorials_Ros2/install/serverpublisher/local/lib/python3.10/dist-packages/serverpublisher/srv/_change_string_s.c\n'}
[3.229465] (serverpublisher) StdoutLine: {'line': b'-- Up-to-date: /home/chotu/Beginner_Tutorials_Ros2/install/serverpublisher/local/lib/python3.10/dist-packages/serverpublisher/serverpublisher_s__rosidl_typesupport_c.cpython-310-x86_64-linux-gnu.so\n'}
[3.229516] (serverpublisher) StdoutLine: {'line': b'-- Up-to-date: /home/chotu/Beginner_Tutorials_Ros2/install/serverpublisher/local/lib/python3.10/dist-packages/serverpublisher/_serverpublisher_s.ep.rosidl_typesupport_fastrtps_c.c\n'}
[3.229561] (serverpublisher) StdoutLine: {'line': b'-- Up-to-date: /home/chotu/Beginner_Tutorials_Ros2/install/serverpublisher/local/lib/python3.10/dist-packages/serverpublisher/_serverpublisher_s.ep.rosidl_typesupport_introspection_c.c\n'}
[3.229606] (serverpublisher) StdoutLine: {'line': b'-- Up-to-date: /home/chotu/Beginner_Tutorials_Ros2/install/serverpublisher/local/lib/python3.10/dist-packages/serverpublisher/libserverpublisher__rosidl_generator_py.so\n'}
[3.229650] (serverpublisher) StdoutLine: {'line': b'-- Up-to-date: /home/chotu/Beginner_Tutorials_Ros2/install/serverpublisher/local/lib/python3.10/dist-packages/serverpublisher/serverpublisher_s__rosidl_typesupport_fastrtps_c.cpython-310-x86_64-linux-gnu.so\n'}
[3.229694] (serverpublisher) StdoutLine: {'line': b'-- Up-to-date: /home/chotu/Beginner_Tutorials_Ros2/install/serverpublisher/local/lib/python3.10/dist-packages/serverpublisher/_serverpublisher_s.ep.rosidl_typesupport_c.c\n'}
[3.246493] (serverpublisher) StdoutLine: {'line': b"Listing '/home/chotu/Beginner_Tutorials_Ros2/install/serverpublisher/local/lib/python3.10/dist-packages/serverpublisher'...\n"}
[3.246622] (serverpublisher) StdoutLine: {'line': b"Listing '/home/chotu/Beginner_Tutorials_Ros2/install/serverpublisher/local/lib/python3.10/dist-packages/serverpublisher/msg'...\n"}
[3.246682] (serverpublisher) StdoutLine: {'line': b"Listing '/home/chotu/Beginner_Tutorials_Ros2/install/serverpublisher/local/lib/python3.10/dist-packages/serverpublisher/srv'...\n"}
[3.249594] (serverpublisher) StdoutLine: {'line': b'-- Up-to-date: /home/chotu/Beginner_Tutorials_Ros2/install/serverpublisher/local/lib/python3.10/dist-packages/serverpublisher/serverpublisher_s__rosidl_typesupport_fastrtps_c.cpython-310-x86_64-linux-gnu.so\n'}
[3.249799] (serverpublisher) StdoutLine: {'line': b'-- Up-to-date: /home/chotu/Beginner_Tutorials_Ros2/install/serverpublisher/local/lib/python3.10/dist-packages/serverpublisher/serverpublisher_s__rosidl_typesupport_introspection_c.cpython-310-x86_64-linux-gnu.so\n'}
[3.249980] (serverpublisher) StdoutLine: {'line': b'-- Up-to-date: /home/chotu/Beginner_Tutorials_Ros2/install/serverpublisher/local/lib/python3.10/dist-packages/serverpublisher/serverpublisher_s__rosidl_typesupport_c.cpython-310-x86_64-linux-gnu.so\n'}
[3.250098] (serverpublisher) StdoutLine: {'line': b'-- Up-to-date: /home/chotu/Beginner_Tutorials_Ros2/install/serverpublisher/lib/libserverpublisher__rosidl_generator_py.so\n'}
[3.250182] (serverpublisher) StdoutLine: {'line': b'-- Up-to-date: /home/chotu/Beginner_Tutorials_Ros2/install/serverpublisher/share/serverpublisher/msg/Num.idl\n'}
[3.250263] (serverpublisher) StdoutLine: {'line': b'-- Up-to-date: /home/chotu/Beginner_Tutorials_Ros2/install/serverpublisher/share/serverpublisher/msg/Sphere.idl\n'}
[3.250343] (serverpublisher) StdoutLine: {'line': b'-- Up-to-date: /home/chotu/Beginner_Tutorials_Ros2/install/serverpublisher/share/serverpublisher/msg/Data.idl\n'}
[3.250421] (serverpublisher) StdoutLine: {'line': b'-- Up-to-date: /home/chotu/Beginner_Tutorials_Ros2/install/serverpublisher/share/serverpublisher/srv/AddThreeInts.idl\n'}
[3.250486] (serverpublisher) StdoutLine: {'line': b'-- Up-to-date: /home/chotu/Beginner_Tutorials_Ros2/install/serverpublisher/share/serverpublisher/srv/ChangeString.idl\n'}
[3.250544] (serverpublisher) StdoutLine: {'line': b'-- Up-to-date: /home/chotu/Beginner_Tutorials_Ros2/install/serverpublisher/share/serverpublisher/msg/Num.msg\n'}
[3.250591] (serverpublisher) StdoutLine: {'line': b'-- Up-to-date: /home/chotu/Beginner_Tutorials_Ros2/install/serverpublisher/share/serverpublisher/msg/Sphere.msg\n'}
[3.250636] (serverpublisher) StdoutLine: {'line': b'-- Up-to-date: /home/chotu/Beginner_Tutorials_Ros2/install/serverpublisher/share/serverpublisher/msg/Data.msg\n'}
[3.250692] (serverpublisher) StdoutLine: {'line': b'-- Up-to-date: /home/chotu/Beginner_Tutorials_Ros2/install/serverpublisher/share/serverpublisher/srv/AddThreeInts.srv\n'}
[3.250737] (serverpublisher) StdoutLine: {'line': b'-- Up-to-date: /home/chotu/Beginner_Tutorials_Ros2/install/serverpublisher/share/serverpublisher/srv/AddThreeInts_Request.msg\n'}
[3.250782] (serverpublisher) StdoutLine: {'line': b'-- Up-to-date: /home/chotu/Beginner_Tutorials_Ros2/install/serverpublisher/share/serverpublisher/srv/AddThreeInts_Response.msg\n'}
[3.250836] (serverpublisher) StdoutLine: {'line': b'-- Up-to-date: /home/chotu/Beginner_Tutorials_Ros2/install/serverpublisher/share/serverpublisher/srv/ChangeString.srv\n'}
[3.250900] (serverpublisher) StdoutLine: {'line': b'-- Up-to-date: /home/chotu/Beginner_Tutorials_Ros2/install/serverpublisher/share/serverpublisher/srv/ChangeString_Request.msg\n'}
[3.250949] (serverpublisher) StdoutLine: {'line': b'-- Up-to-date: /home/chotu/Beginner_Tutorials_Ros2/install/serverpublisher/share/serverpublisher/srv/ChangeString_Response.msg\n'}
[3.250997] (serverpublisher) StdoutLine: {'line': b'-- Up-to-date: /home/chotu/Beginner_Tutorials_Ros2/install/serverpublisher/lib/serverpublisher/talker\n'}
[3.251088] (serverpublisher) StdoutLine: {'line': b'-- Up-to-date: /home/chotu/Beginner_Tutorials_Ros2/install/serverpublisher/lib/serverpublisher/talkerandlistner\n'}
[3.251158] (serverpublisher) StdoutLine: {'line': b'-- Up-to-date: /home/chotu/Beginner_Tutorials_Ros2/install/serverpublisher/lib/serverpublisher/server\n'}
[3.251207] (serverpublisher) StdoutLine: {'line': b'-- Up-to-date: /home/chotu/Beginner_Tutorials_Ros2/install/serverpublisher/share/serverpublisher/launch\n'}
[3.251266] (serverpublisher) StdoutLine: {'line': b'-- Up-to-date: /home/chotu/Beginner_Tutorials_Ros2/install/serverpublisher/share/serverpublisher/launch/cpp_pubsub_launch.py\n'}
[3.251319] (serverpublisher) StdoutLine: {'line': b'-- Up-to-date: /home/chotu/Beginner_Tutorials_Ros2/install/serverpublisher/share/serverpublisher/launch/rosbag_launch.py\n'}
[3.251386] (serverpublisher) StdoutLine: {'line': b'-- Up-to-date: /home/chotu/Beginner_Tutorials_Ros2/install/serverpublisher/share/serverpublisher/launch/bag_launch.py\n'}
[3.251432] (serverpublisher) StdoutLine: {'line': b'-- Up-to-date: /home/chotu/Beginner_Tutorials_Ros2/install/serverpublisher/share/ament_index/resource_index/package_run_dependencies/serverpublisher\n'}
[3.251494] (serverpublisher) StdoutLine: {'line': b'-- Up-to-date: /home/chotu/Beginner_Tutorials_Ros2/install/serverpublisher/share/ament_index/resource_index/parent_prefix_path/serverpublisher\n'}
[3.251555] (serverpublisher) StdoutLine: {'line': b'-- Up-to-date: /home/chotu/Beginner_Tutorials_Ros2/install/serverpublisher/share/serverpublisher/environment/ament_prefix_path.sh\n'}
[3.251614] (serverpublisher) StdoutLine: {'line': b'-- Up-to-date: /home/chotu/Beginner_Tutorials_Ros2/install/serverpublisher/share/serverpublisher/environment/ament_prefix_path.dsv\n'}
[3.251667] (serverpublisher) StdoutLine: {'line': b'-- Up-to-date: /home/chotu/Beginner_Tutorials_Ros2/install/serverpublisher/share/serverpublisher/environment/path.sh\n'}
[3.251725] (serverpublisher) StdoutLine: {'line': b'-- Up-to-date: /home/chotu/Beginner_Tutorials_Ros2/install/serverpublisher/share/serverpublisher/environment/path.dsv\n'}
[3.251777] (serverpublisher) StdoutLine: {'line': b'-- Up-to-date: /home/chotu/Beginner_Tutorials_Ros2/install/serverpublisher/share/serverpublisher/local_setup.bash\n'}
[3.251839] (serverpublisher) StdoutLine: {'line': b'-- Up-to-date: /home/chotu/Beginner_Tutorials_Ros2/install/serverpublisher/share/serverpublisher/local_setup.sh\n'}
[3.251904] (serverpublisher) StdoutLine: {'line': b'-- Up-to-date: /home/chotu/Beginner_Tutorials_Ros2/install/serverpublisher/share/serverpublisher/local_setup.zsh\n'}
[3.251971] (serverpublisher) StdoutLine: {'line': b'-- Up-to-date: /home/chotu/Beginner_Tutorials_Ros2/install/serverpublisher/share/serverpublisher/local_setup.dsv\n'}
[3.252037] (serverpublisher) StdoutLine: {'line': b'-- Installing: /home/chotu/Beginner_Tutorials_Ros2/install/serverpublisher/share/serverpublisher/package.dsv\n'}
[3.252113] (serverpublisher) StdoutLine: {'line': b'-- Up-to-date: /home/chotu/Beginner_Tutorials_Ros2/install/serverpublisher/share/ament_index/resource_index/packages/serverpublisher\n'}
[3.252159] (serverpublisher) StdoutLine: {'line': b'-- Up-to-date: /home/chotu/Beginner_Tutorials_Ros2/install/serverpublisher/share/serverpublisher/cmake/export_serverpublisher__rosidl_generator_cExport.cmake\n'}
[3.252203] (serverpublisher) StdoutLine: {'line': b'-- Up-to-date: /home/chotu/Beginner_Tutorials_Ros2/install/serverpublisher/share/serverpublisher/cmake/export_serverpublisher__rosidl_generator_cExport-noconfig.cmake\n'}
[3.252250] (serverpublisher) StdoutLine: {'line': b'-- Up-to-date: /home/chotu/Beginner_Tutorials_Ros2/install/serverpublisher/share/serverpublisher/cmake/export_serverpublisher__rosidl_typesupport_fastrtps_cExport.cmake\n'}
[3.252294] (serverpublisher) StdoutLine: {'line': b'-- Up-to-date: /home/chotu/Beginner_Tutorials_Ros2/install/serverpublisher/share/serverpublisher/cmake/export_serverpublisher__rosidl_typesupport_fastrtps_cExport-noconfig.cmake\n'}
[3.252339] (serverpublisher) StdoutLine: {'line': b'-- Up-to-date: /home/chotu/Beginner_Tutorials_Ros2/install/serverpublisher/share/serverpublisher/cmake/export_serverpublisher__rosidl_generator_cppExport.cmake\n'}
[3.252383] (serverpublisher) StdoutLine: {'line': b'-- Up-to-date: /home/chotu/Beginner_Tutorials_Ros2/install/serverpublisher/share/serverpublisher/cmake/export_serverpublisher__rosidl_typesupport_fastrtps_cppExport.cmake\n'}
[3.252425] (serverpublisher) StdoutLine: {'line': b'-- Up-to-date: /home/chotu/Beginner_Tutorials_Ros2/install/serverpublisher/share/serverpublisher/cmake/export_serverpublisher__rosidl_typesupport_fastrtps_cppExport-noconfig.cmake\n'}
[3.252468] (serverpublisher) StdoutLine: {'line': b'-- Up-to-date: /home/chotu/Beginner_Tutorials_Ros2/install/serverpublisher/share/serverpublisher/cmake/serverpublisher__rosidl_typesupport_introspection_cExport.cmake\n'}
[3.252512] (serverpublisher) StdoutLine: {'line': b'-- Up-to-date: /home/chotu/Beginner_Tutorials_Ros2/install/serverpublisher/share/serverpublisher/cmake/serverpublisher__rosidl_typesupport_introspection_cExport-noconfig.cmake\n'}
[3.252555] (serverpublisher) StdoutLine: {'line': b'-- Up-to-date: /home/chotu/Beginner_Tutorials_Ros2/install/serverpublisher/share/serverpublisher/cmake/serverpublisher__rosidl_typesupport_cExport.cmake\n'}
[3.252598] (serverpublisher) StdoutLine: {'line': b'-- Up-to-date: /home/chotu/Beginner_Tutorials_Ros2/install/serverpublisher/share/serverpublisher/cmake/serverpublisher__rosidl_typesupport_cExport-noconfig.cmake\n'}
[3.252647] (serverpublisher) StdoutLine: {'line': b'-- Up-to-date: /home/chotu/Beginner_Tutorials_Ros2/install/serverpublisher/share/serverpublisher/cmake/serverpublisher__rosidl_typesupport_introspection_cppExport.cmake\n'}
[3.252690] (serverpublisher) StdoutLine: {'line': b'-- Up-to-date: /home/chotu/Beginner_Tutorials_Ros2/install/serverpublisher/share/serverpublisher/cmake/serverpublisher__rosidl_typesupport_introspection_cppExport-noconfig.cmake\n'}
[3.252739] (serverpublisher) StdoutLine: {'line': b'-- Up-to-date: /home/chotu/Beginner_Tutorials_Ros2/install/serverpublisher/share/serverpublisher/cmake/serverpublisher__rosidl_typesupport_cppExport.cmake\n'}
[3.252781] (serverpublisher) StdoutLine: {'line': b'-- Up-to-date: /home/chotu/Beginner_Tutorials_Ros2/install/serverpublisher/share/serverpublisher/cmake/serverpublisher__rosidl_typesupport_cppExport-noconfig.cmake\n'}
[3.252823] (serverpublisher) StdoutLine: {'line': b'-- Up-to-date: /home/chotu/Beginner_Tutorials_Ros2/install/serverpublisher/share/serverpublisher/cmake/export_serverpublisher__rosidl_generator_pyExport.cmake\n'}
[3.252866] (serverpublisher) StdoutLine: {'line': b'-- Up-to-date: /home/chotu/Beginner_Tutorials_Ros2/install/serverpublisher/share/serverpublisher/cmake/export_serverpublisher__rosidl_generator_pyExport-noconfig.cmake\n'}
[3.252909] (serverpublisher) StdoutLine: {'line': b'-- Up-to-date: /home/chotu/Beginner_Tutorials_Ros2/install/serverpublisher/share/serverpublisher/cmake/rosidl_cmake-extras.cmake\n'}
[3.252952] (serverpublisher) StdoutLine: {'line': b'-- Up-to-date: /home/chotu/Beginner_Tutorials_Ros2/install/serverpublisher/share/serverpublisher/cmake/ament_cmake_export_dependencies-extras.cmake\n'}
[3.252995] (serverpublisher) StdoutLine: {'line': b'-- Up-to-date: /home/chotu/Beginner_Tutorials_Ros2/install/serverpublisher/share/serverpublisher/cmake/ament_cmake_export_include_directories-extras.cmake\n'}
[3.253041] (serverpublisher) StdoutLine: {'line': b'-- Up-to-date: /home/chotu/Beginner_Tutorials_Ros2/install/serverpublisher/share/serverpublisher/cmake/ament_cmake_export_libraries-extras.cmake\n'}
[3.253088] (serverpublisher) StdoutLine: {'line': b'-- Up-to-date: /home/chotu/Beginner_Tutorials_Ros2/install/serverpublisher/share/serverpublisher/cmake/ament_cmake_export_targets-extras.cmake\n'}
[3.253221] (serverpublisher) StdoutLine: {'line': b'-- Up-to-date: /home/chotu/Beginner_Tutorials_Ros2/install/serverpublisher/share/serverpublisher/cmake/rosidl_cmake_export_typesupport_targets-extras.cmake\n'}
[3.253291] (serverpublisher) StdoutLine: {'line': b'-- Up-to-date: /home/chotu/Beginner_Tutorials_Ros2/install/serverpublisher/share/serverpublisher/cmake/rosidl_cmake_export_typesupport_libraries-extras.cmake\n'}
[3.253439] (serverpublisher) StdoutLine: {'line': b'-- Up-to-date: /home/chotu/Beginner_Tutorials_Ros2/install/serverpublisher/share/serverpublisher/cmake/serverpublisherConfig.cmake\n'}
[3.253763] (serverpublisher) StdoutLine: {'line': b'-- Up-to-date: /home/chotu/Beginner_Tutorials_Ros2/install/serverpublisher/share/serverpublisher/cmake/serverpublisherConfig-version.cmake\n'}
[3.253812] (serverpublisher) StdoutLine: {'line': b'-- Up-to-date: /home/chotu/Beginner_Tutorials_Ros2/install/serverpublisher/share/serverpublisher/package.xml\n'}
[3.253858] (serverpublisher) CommandEnded: {'returncode': 0}
[3.307177] (-) TimerEvent: {}
[3.334791] (serverpublisher) JobEnded: {'identifier': 'serverpublisher', 'rc': 0}
[3.335283] (-) EventReactorShutdown: {}
