[3.022s] Invoking command in '/home/sahruday/ros2_ws/build/examples_rclpy_pointcloud_publisher': PYTHONPATH=/home/sahruday/ros2_ws/install/examples_rclpy_pointcloud_publisher/lib/python3.10/site-packages:${PYTHONPATH} /usr/bin/python3 setup.py develop --prefix /home/sahruday/ros2_ws/install/examples_rclpy_pointcloud_publisher --uninstall --editable --build-directory /home/sahruday/ros2_ws/build/examples_rclpy_pointcloud_publisher/build
[3.409s] running develop
[3.409s] /usr/lib/python3/dist-packages/setuptools/command/easy_install.py:158: EasyInstallDeprecationWarning: easy_install command is deprecated. Use build and pip and other standards-based tools.
[3.410s]   warnings.warn(
[3.411s] /usr/lib/python3/dist-packages/setuptools/command/install.py:34: SetuptoolsDeprecationWarning: setup.py install is deprecated. Use build and pip and other standards-based tools.
[3.411s]   warnings.warn(
[3.478s] /usr/lib/python3/dist-packages/pkg_resources/__init__.py:116: PkgResourcesDeprecationWarning: 1.1build1 is an invalid version and will not be supported in a future release
[3.478s]   warnings.warn(
[3.478s] /usr/lib/python3/dist-packages/pkg_resources/__init__.py:116: PkgResourcesDeprecationWarning: 0.1.43ubuntu1 is an invalid version and will not be supported in a future release
[3.478s]   warnings.warn(
[3.626s] Invoked command in '/home/sahruday/ros2_ws/build/examples_rclpy_pointcloud_publisher' returned '0': PYTHONPATH=/home/sahruday/ros2_ws/install/examples_rclpy_pointcloud_publisher/lib/python3.10/site-packages:${PYTHONPATH} /usr/bin/python3 setup.py develop --prefix /home/sahruday/ros2_ws/install/examples_rclpy_pointcloud_publisher --uninstall --editable --build-directory /home/sahruday/ros2_ws/build/examples_rclpy_pointcloud_publisher/build
[3.628s] Invoking command in '/home/sahruday/ros2_ws/src/examples/rclpy/topics/pointcloud_publisher': PYTHONPATH=/home/sahruday/ros2_ws/install/examples_rclpy_pointcloud_publisher/lib/python3.10/site-packages:${PYTHONPATH} /usr/bin/python3 setup.py egg_info --egg-base ../../../../../build/examples_rclpy_pointcloud_publisher build --build-base /home/sahruday/ros2_ws/build/examples_rclpy_pointcloud_publisher/build install --prefix /home/sahruday/ros2_ws/install/examples_rclpy_pointcloud_publisher --record /home/sahruday/ros2_ws/build/examples_rclpy_pointcloud_publisher/install.log --single-version-externally-managed
[3.989s] running egg_info
[3.990s] writing ../../../../../build/examples_rclpy_pointcloud_publisher/examples_rclpy_pointcloud_publisher.egg-info/PKG-INFO
[3.990s] writing dependency_links to ../../../../../build/examples_rclpy_pointcloud_publisher/examples_rclpy_pointcloud_publisher.egg-info/dependency_links.txt
[3.990s] writing entry points to ../../../../../build/examples_rclpy_pointcloud_publisher/examples_rclpy_pointcloud_publisher.egg-info/entry_points.txt
[3.990s] writing requirements to ../../../../../build/examples_rclpy_pointcloud_publisher/examples_rclpy_pointcloud_publisher.egg-info/requires.txt
[3.990s] writing top-level names to ../../../../../build/examples_rclpy_pointcloud_publisher/examples_rclpy_pointcloud_publisher.egg-info/top_level.txt
[3.993s] reading manifest file '../../../../../build/examples_rclpy_pointcloud_publisher/examples_rclpy_pointcloud_publisher.egg-info/SOURCES.txt'
[3.993s] /usr/lib/python3/dist-packages/setuptools/command/install.py:34: SetuptoolsDeprecationWarning: setup.py install is deprecated. Use build and pip and other standards-based tools.
[3.993s]   warnings.warn(
[3.993s] writing manifest file '../../../../../build/examples_rclpy_pointcloud_publisher/examples_rclpy_pointcloud_publisher.egg-info/SOURCES.txt'
[3.994s] running build
[3.994s] running build_py
[3.994s] running install
[3.994s] running install_lib
[3.996s] running install_data
[3.996s] running install_egg_info
[3.998s] removing '/home/sahruday/ros2_ws/install/examples_rclpy_pointcloud_publisher/lib/python3.10/site-packages/examples_rclpy_pointcloud_publisher-0.15.0-py3.10.egg-info' (and everything under it)
[3.999s] Copying ../../../../../build/examples_rclpy_pointcloud_publisher/examples_rclpy_pointcloud_publisher.egg-info to /home/sahruday/ros2_ws/install/examples_rclpy_pointcloud_publisher/lib/python3.10/site-packages/examples_rclpy_pointcloud_publisher-0.15.0-py3.10.egg-info
[3.999s] running install_scripts
[4.028s] Installing pointcloud_publisher script to /home/sahruday/ros2_ws/install/examples_rclpy_pointcloud_publisher/lib/examples_rclpy_pointcloud_publisher
[4.029s] writing list of installed files to '/home/sahruday/ros2_ws/build/examples_rclpy_pointcloud_publisher/install.log'
[4.058s] Invoked command in '/home/sahruday/ros2_ws/src/examples/rclpy/topics/pointcloud_publisher' returned '0': PYTHONPATH=/home/sahruday/ros2_ws/install/examples_rclpy_pointcloud_publisher/lib/python3.10/site-packages:${PYTHONPATH} /usr/bin/python3 setup.py egg_info --egg-base ../../../../../build/examples_rclpy_pointcloud_publisher build --build-base /home/sahruday/ros2_ws/build/examples_rclpy_pointcloud_publisher/build install --prefix /home/sahruday/ros2_ws/install/examples_rclpy_pointcloud_publisher --record /home/sahruday/ros2_ws/build/examples_rclpy_pointcloud_publisher/install.log --single-version-externally-managed
