[3.141s] Invoking command in '/home/sahruday/ros2_ws/build/examples_rclpy_minimal_client': PYTHONPATH=/home/sahruday/ros2_ws/install/examples_rclpy_minimal_client/lib/python3.10/site-packages:${PYTHONPATH} /usr/bin/python3 setup.py develop --prefix /home/sahruday/ros2_ws/install/examples_rclpy_minimal_client --uninstall --editable --build-directory /home/sahruday/ros2_ws/build/examples_rclpy_minimal_client/build
[3.576s] running develop
[3.576s] /usr/lib/python3/dist-packages/setuptools/command/easy_install.py:158: EasyInstallDeprecationWarning: easy_install command is deprecated. Use build and pip and other standards-based tools.
[3.576s]   warnings.warn(
[3.577s] /usr/lib/python3/dist-packages/setuptools/command/install.py:34: SetuptoolsDeprecationWarning: setup.py install is deprecated. Use build and pip and other standards-based tools.
[3.577s]   warnings.warn(
[3.645s] /usr/lib/python3/dist-packages/pkg_resources/__init__.py:116: PkgResourcesDeprecationWarning: 1.1build1 is an invalid version and will not be supported in a future release
[3.645s]   warnings.warn(
[3.646s] /usr/lib/python3/dist-packages/pkg_resources/__init__.py:116: PkgResourcesDeprecationWarning: 0.1.43ubuntu1 is an invalid version and will not be supported in a future release
[3.646s]   warnings.warn(
[3.808s] Invoked command in '/home/sahruday/ros2_ws/build/examples_rclpy_minimal_client' returned '0': PYTHONPATH=/home/sahruday/ros2_ws/install/examples_rclpy_minimal_client/lib/python3.10/site-packages:${PYTHONPATH} /usr/bin/python3 setup.py develop --prefix /home/sahruday/ros2_ws/install/examples_rclpy_minimal_client --uninstall --editable --build-directory /home/sahruday/ros2_ws/build/examples_rclpy_minimal_client/build
[3.810s] Invoking command in '/home/sahruday/ros2_ws/src/examples/rclpy/services/minimal_client': PYTHONPATH=/home/sahruday/ros2_ws/install/examples_rclpy_minimal_client/lib/python3.10/site-packages:${PYTHONPATH} /usr/bin/python3 setup.py egg_info --egg-base ../../../../../build/examples_rclpy_minimal_client build --build-base /home/sahruday/ros2_ws/build/examples_rclpy_minimal_client/build install --prefix /home/sahruday/ros2_ws/install/examples_rclpy_minimal_client --record /home/sahruday/ros2_ws/build/examples_rclpy_minimal_client/install.log --single-version-externally-managed
[4.156s] running egg_info
[4.156s] writing ../../../../../build/examples_rclpy_minimal_client/examples_rclpy_minimal_client.egg-info/PKG-INFO
[4.156s] writing dependency_links to ../../../../../build/examples_rclpy_minimal_client/examples_rclpy_minimal_client.egg-info/dependency_links.txt
[4.156s] writing entry points to ../../../../../build/examples_rclpy_minimal_client/examples_rclpy_minimal_client.egg-info/entry_points.txt
[4.156s] writing requirements to ../../../../../build/examples_rclpy_minimal_client/examples_rclpy_minimal_client.egg-info/requires.txt
[4.156s] writing top-level names to ../../../../../build/examples_rclpy_minimal_client/examples_rclpy_minimal_client.egg-info/top_level.txt
[4.158s] reading manifest file '../../../../../build/examples_rclpy_minimal_client/examples_rclpy_minimal_client.egg-info/SOURCES.txt'
[4.158s] writing manifest file '../../../../../build/examples_rclpy_minimal_client/examples_rclpy_minimal_client.egg-info/SOURCES.txt'
[4.158s] running build
[4.159s] running build_py
[4.159s] running install
[4.159s] /usr/lib/python3/dist-packages/setuptools/command/install.py:34: SetuptoolsDeprecationWarning: setup.py install is deprecated. Use build and pip and other standards-based tools.
[4.159s]   warnings.warn(
[4.159s] running install_lib
[4.161s] running install_data
[4.162s] running install_egg_info
[4.164s] removing '/home/sahruday/ros2_ws/install/examples_rclpy_minimal_client/lib/python3.10/site-packages/examples_rclpy_minimal_client-0.15.0-py3.10.egg-info' (and everything under it)
[4.164s] Copying ../../../../../build/examples_rclpy_minimal_client/examples_rclpy_minimal_client.egg-info to /home/sahruday/ros2_ws/install/examples_rclpy_minimal_client/lib/python3.10/site-packages/examples_rclpy_minimal_client-0.15.0-py3.10.egg-info
[4.165s] running install_scripts
[4.196s] Installing client script to /home/sahruday/ros2_ws/install/examples_rclpy_minimal_client/lib/examples_rclpy_minimal_client
[4.196s] Installing client_async script to /home/sahruday/ros2_ws/install/examples_rclpy_minimal_client/lib/examples_rclpy_minimal_client
[4.196s] Installing client_async_callback script to /home/sahruday/ros2_ws/install/examples_rclpy_minimal_client/lib/examples_rclpy_minimal_client
[4.196s] Installing client_async_member_function script to /home/sahruday/ros2_ws/install/examples_rclpy_minimal_client/lib/examples_rclpy_minimal_client
[4.196s] writing list of installed files to '/home/sahruday/ros2_ws/build/examples_rclpy_minimal_client/install.log'
[4.219s] Invoked command in '/home/sahruday/ros2_ws/src/examples/rclpy/services/minimal_client' returned '0': PYTHONPATH=/home/sahruday/ros2_ws/install/examples_rclpy_minimal_client/lib/python3.10/site-packages:${PYTHONPATH} /usr/bin/python3 setup.py egg_info --egg-base ../../../../../build/examples_rclpy_minimal_client build --build-base /home/sahruday/ros2_ws/build/examples_rclpy_minimal_client/build install --prefix /home/sahruday/ros2_ws/install/examples_rclpy_minimal_client --record /home/sahruday/ros2_ws/build/examples_rclpy_minimal_client/install.log --single-version-externally-managed
