[2.273s] Invoking command in '/home/sahruday/ros2_ws/build/turtlesim': CMAKE_PREFIX_PATH=${CMAKE_PREFIX_PATH}:/home/sahruday/ros2_humble/install/rqt_bag_plugins:/home/sahruday/ros2_humble/install/rqt_bag:/home/sahruday/ros2_humble/install/ros2bag:/home/sahruday/ros2_humble/install/tracetools_test:/home/sahruday/ros2_humble/install/tracetools_launch:/home/sahruday/ros2_humble/install/topic_monitor:/home/sahruday/ros2_humble/install/tf2_tools:/home/sahruday/ros2_humble/install/examples_tf2_py:/home/sahruday/ros2_humble/install/tf2_ros_py:/home/sahruday/ros2_humble/install/sros2:/home/sahruday/ros2_humble/install/rqt_topic:/home/sahruday/ros2_humble/install/rqt_srv:/home/sahruday/ros2_humble/install/rqt_shell:/home/sahruday/ros2_humble/install/rqt_service_caller:/home/sahruday/ros2_humble/install/rqt_reconfigure:/home/sahruday/ros2_humble/install/rqt_py_console:/home/sahruday/ros2_humble/install/rqt_publisher:/home/sahruday/ros2_humble/install/rqt_plot:/home/sahruday/ros2_humble/install/rqt_action:/home/sahruday/ros2_humble/install/rqt_msg:/home/sahruday/ros2_humble/install/rqt_console:/home/sahruday/ros2_humble/install/rqt:/home/sahruday/ros2_humble/install/rqt_graph:/home/sahruday/ros2_humble/install/rqt_gui_py:/home/sahruday/ros2_humble/install/rqt_gui:/home/sahruday/ros2_humble/install/ros2trace:/home/sahruday/ros2_humble/install/ros2topic:/home/sahruday/ros2_humble/install/ros2test:/home/sahruday/ros2_humble/install/ros2component:/home/sahruday/ros2_humble/install/ros2param:/home/sahruday/ros2_humble/install/ros2lifecycle:/home/sahruday/ros2_humble/install/ros2service:/home/sahruday/ros2_humble/install/ros2run:/home/sahruday/ros2_humble/install/ros2launch:/home/sahruday/ros2_humble/install/ros2pkg:/home/sahruday/ros2_humble/install/ros2node:/home/sahruday/ros2_humble/install/ros2multicast:/home/sahruday/ros2_humble/install/ros2interface:/home/sahruday/ros2_humble/install/ros2doctor:/home/sahruday/ros2_humble/install/ros2action:/home/sahruday/ros2_humble/install/ros2cli:/home/sahruday/ros2_humble/install/quality_of_service_demo_py:/home/sahruday/ros2_humble/install/lifecycle_py:/home/sahruday/ros2_humble/install/launch_testing_ros:/home/sahruday/ros2_humble/install/launch_ros:/home/sahruday/ros2_humble/install/examples_rclpy_pointcloud_publisher:/home/sahruday/ros2_humble/install/examples_rclpy_minimal_subscriber:/home/sahruday/ros2_humble/install/examples_rclpy_minimal_service:/home/sahruday/ros2_humble/install/examples_rclpy_minimal_publisher:/home/sahruday/ros2_humble/install/examples_rclpy_minimal_client:/home/sahruday/ros2_humble/install/examples_rclpy_minimal_action_server:/home/sahruday/ros2_humble/install/examples_rclpy_minimal_action_client:/home/sahruday/ros2_humble/install/examples_rclpy_guard_conditions:/home/sahruday/ros2_humble/install/examples_rclpy_executors:/home/sahruday/ros2_humble/install/demo_nodes_py:/home/sahruday/ros2_humble/install/action_tutorials_py:/home/sahruday/ros2_humble/install/ament_uncrustify:/home/sahruday/ros2_humble/install/tracetools_trace:/home/sahruday/ros2_humble/install/tracetools_read:/home/sahruday/ros2_humble/install/test_tracetools_launch:/home/sahruday/ros2_humble/install/test_launch_ros:/home/sahruday/ros2_humble/install/sensor_msgs_py:/home/sahruday/ros2_humble/install/rpyutils:/home/sahruday/ros2_humble/install/rosidl_runtime_py:/home/sahruday/ros2_humble/install/rosidl_cli:/home/sahruday/ros2_humble/install/launch_pytest:/home/sahruday/ros2_humble/install/launch_testing:/home/sahruday/ros2_humble/install/launch_yaml:/home/sahruday/ros2_humble/install/launch_xml:/home/sahruday/ros2_humble/install/launch:/home/sahruday/ros2_humble/install/osrf_pycommon:/home/sahruday/ros2_humble/install/launch_testing_examples:/home/sahruday/ros2_humble/install/domain_coordinator:/home/sahruday/ros2_humble/install/ament_xmllint:/home/sahruday/ros2_humble/install/ament_pyflakes:/home/sahruday/ros2_humble/install/ament_pycodestyle:/home/sahruday/ros2_humble/install/ament_pep257:/home/sahruday/ros2_humble/install/ament_pclint:/home/sahruday/ros2_humble/install/ament_package:/home/sahruday/ros2_humble/install/ament_mypy:/home/sahruday/ros2_humble/install/ament_lint_cmake:/home/sahruday/ros2_humble/install/ament_flake8:/home/sahruday/ros2_humble/install/ament_copyright:/home/sahruday/ros2_humble/install/ament_lint:/home/sahruday/ros2_humble/install/ament_index_python:/home/sahruday/ros2_humble/install/ament_cpplint:/home/sahruday/ros2_humble/install/ament_cppcheck:/home/sahruday/ros2_humble/install/ament_clang_tidy:/home/sahruday/ros2_humble/install/ament_clang_format /usr/bin/cmake --build /home/sahruday/ros2_ws/build/turtlesim -- -j16 -l16
[2.376s] [  1%] Built target turtlesim__cpp
[2.380s] [ 11%] Built target turtlesim__rosidl_generator_c
[2.420s] [ 11%] Built target ament_cmake_python_copy_turtlesim
[2.442s] [ 21%] Built target turtlesim__rosidl_typesupport_cpp
[2.449s] [ 31%] Built target turtlesim__rosidl_typesupport_introspection_c
[2.450s] [ 41%] Built target turtlesim__rosidl_typesupport_fastrtps_c
[2.469s] [ 51%] Built target turtlesim__rosidl_typesupport_introspection_cpp
[2.469s] [ 61%] Built target turtlesim__rosidl_typesupport_c
[2.489s] [ 71%] Built target turtlesim__rosidl_typesupport_fastrtps_cpp
[2.542s] [ 71%] Built target turtlesim
[2.546s] [ 77%] Built target turtlesim_node
[2.550s] [ 79%] Built target draw_square
[2.559s] [ 81%] Built target turtle_teleop_key
[2.567s] [ 83%] Built target mimic
[2.598s] [ 84%] Built target turtlesim__py
[2.636s] [ 93%] Built target turtlesim__rosidl_generator_py
[2.683s] [ 97%] Built target turtlesim__rosidl_typesupport_fastrtps_c__pyext
[2.683s] [ 97%] Built target turtlesim__rosidl_typesupport_introspection_c__pyext
[2.683s] [100%] Built target turtlesim__rosidl_typesupport_c__pyext
[2.860s] running egg_info
[2.860s] writing turtlesim.egg-info/PKG-INFO
[2.860s] writing dependency_links to turtlesim.egg-info/dependency_links.txt
[2.860s] writing top-level names to turtlesim.egg-info/top_level.txt
[2.862s] reading manifest file 'turtlesim.egg-info/SOURCES.txt'
[2.863s] writing manifest file 'turtlesim.egg-info/SOURCES.txt'
[2.897s] [100%] Built target ament_cmake_python_build_turtlesim_egg
[2.913s] Invoked command in '/home/sahruday/ros2_ws/build/turtlesim' returned '0': CMAKE_PREFIX_PATH=${CMAKE_PREFIX_PATH}:/home/sahruday/ros2_humble/install/rqt_bag_plugins:/home/sahruday/ros2_humble/install/rqt_bag:/home/sahruday/ros2_humble/install/ros2bag:/home/sahruday/ros2_humble/install/tracetools_test:/home/sahruday/ros2_humble/install/tracetools_launch:/home/sahruday/ros2_humble/install/topic_monitor:/home/sahruday/ros2_humble/install/tf2_tools:/home/sahruday/ros2_humble/install/examples_tf2_py:/home/sahruday/ros2_humble/install/tf2_ros_py:/home/sahruday/ros2_humble/install/sros2:/home/sahruday/ros2_humble/install/rqt_topic:/home/sahruday/ros2_humble/install/rqt_srv:/home/sahruday/ros2_humble/install/rqt_shell:/home/sahruday/ros2_humble/install/rqt_service_caller:/home/sahruday/ros2_humble/install/rqt_reconfigure:/home/sahruday/ros2_humble/install/rqt_py_console:/home/sahruday/ros2_humble/install/rqt_publisher:/home/sahruday/ros2_humble/install/rqt_plot:/home/sahruday/ros2_humble/install/rqt_action:/home/sahruday/ros2_humble/install/rqt_msg:/home/sahruday/ros2_humble/install/rqt_console:/home/sahruday/ros2_humble/install/rqt:/home/sahruday/ros2_humble/install/rqt_graph:/home/sahruday/ros2_humble/install/rqt_gui_py:/home/sahruday/ros2_humble/install/rqt_gui:/home/sahruday/ros2_humble/install/ros2trace:/home/sahruday/ros2_humble/install/ros2topic:/home/sahruday/ros2_humble/install/ros2test:/home/sahruday/ros2_humble/install/ros2component:/home/sahruday/ros2_humble/install/ros2param:/home/sahruday/ros2_humble/install/ros2lifecycle:/home/sahruday/ros2_humble/install/ros2service:/home/sahruday/ros2_humble/install/ros2run:/home/sahruday/ros2_humble/install/ros2launch:/home/sahruday/ros2_humble/install/ros2pkg:/home/sahruday/ros2_humble/install/ros2node:/home/sahruday/ros2_humble/install/ros2multicast:/home/sahruday/ros2_humble/install/ros2interface:/home/sahruday/ros2_humble/install/ros2doctor:/home/sahruday/ros2_humble/install/ros2action:/home/sahruday/ros2_humble/install/ros2cli:/home/sahruday/ros2_humble/install/quality_of_service_demo_py:/home/sahruday/ros2_humble/install/lifecycle_py:/home/sahruday/ros2_humble/install/launch_testing_ros:/home/sahruday/ros2_humble/install/launch_ros:/home/sahruday/ros2_humble/install/examples_rclpy_pointcloud_publisher:/home/sahruday/ros2_humble/install/examples_rclpy_minimal_subscriber:/home/sahruday/ros2_humble/install/examples_rclpy_minimal_service:/home/sahruday/ros2_humble/install/examples_rclpy_minimal_publisher:/home/sahruday/ros2_humble/install/examples_rclpy_minimal_client:/home/sahruday/ros2_humble/install/examples_rclpy_minimal_action_server:/home/sahruday/ros2_humble/install/examples_rclpy_minimal_action_client:/home/sahruday/ros2_humble/install/examples_rclpy_guard_conditions:/home/sahruday/ros2_humble/install/examples_rclpy_executors:/home/sahruday/ros2_humble/install/demo_nodes_py:/home/sahruday/ros2_humble/install/action_tutorials_py:/home/sahruday/ros2_humble/install/ament_uncrustify:/home/sahruday/ros2_humble/install/tracetools_trace:/home/sahruday/ros2_humble/install/tracetools_read:/home/sahruday/ros2_humble/install/test_tracetools_launch:/home/sahruday/ros2_humble/install/test_launch_ros:/home/sahruday/ros2_humble/install/sensor_msgs_py:/home/sahruday/ros2_humble/install/rpyutils:/home/sahruday/ros2_humble/install/rosidl_runtime_py:/home/sahruday/ros2_humble/install/rosidl_cli:/home/sahruday/ros2_humble/install/launch_pytest:/home/sahruday/ros2_humble/install/launch_testing:/home/sahruday/ros2_humble/install/launch_yaml:/home/sahruday/ros2_humble/install/launch_xml:/home/sahruday/ros2_humble/install/launch:/home/sahruday/ros2_humble/install/osrf_pycommon:/home/sahruday/ros2_humble/install/launch_testing_examples:/home/sahruday/ros2_humble/install/domain_coordinator:/home/sahruday/ros2_humble/install/ament_xmllint:/home/sahruday/ros2_humble/install/ament_pyflakes:/home/sahruday/ros2_humble/install/ament_pycodestyle:/home/sahruday/ros2_humble/install/ament_pep257:/home/sahruday/ros2_humble/install/ament_pclint:/home/sahruday/ros2_humble/install/ament_package:/home/sahruday/ros2_humble/install/ament_mypy:/home/sahruday/ros2_humble/install/ament_lint_cmake:/home/sahruday/ros2_humble/install/ament_flake8:/home/sahruday/ros2_humble/install/ament_copyright:/home/sahruday/ros2_humble/install/ament_lint:/home/sahruday/ros2_humble/install/ament_index_python:/home/sahruday/ros2_humble/install/ament_cpplint:/home/sahruday/ros2_humble/install/ament_cppcheck:/home/sahruday/ros2_humble/install/ament_clang_tidy:/home/sahruday/ros2_humble/install/ament_clang_format /usr/bin/cmake --build /home/sahruday/ros2_ws/build/turtlesim -- -j16 -l16
[3.408s] Invoking command in '/home/sahruday/ros2_ws/build/turtlesim': CMAKE_PREFIX_PATH=${CMAKE_PREFIX_PATH}:/home/sahruday/ros2_humble/install/rqt_bag_plugins:/home/sahruday/ros2_humble/install/rqt_bag:/home/sahruday/ros2_humble/install/ros2bag:/home/sahruday/ros2_humble/install/tracetools_test:/home/sahruday/ros2_humble/install/tracetools_launch:/home/sahruday/ros2_humble/install/topic_monitor:/home/sahruday/ros2_humble/install/tf2_tools:/home/sahruday/ros2_humble/install/examples_tf2_py:/home/sahruday/ros2_humble/install/tf2_ros_py:/home/sahruday/ros2_humble/install/sros2:/home/sahruday/ros2_humble/install/rqt_topic:/home/sahruday/ros2_humble/install/rqt_srv:/home/sahruday/ros2_humble/install/rqt_shell:/home/sahruday/ros2_humble/install/rqt_service_caller:/home/sahruday/ros2_humble/install/rqt_reconfigure:/home/sahruday/ros2_humble/install/rqt_py_console:/home/sahruday/ros2_humble/install/rqt_publisher:/home/sahruday/ros2_humble/install/rqt_plot:/home/sahruday/ros2_humble/install/rqt_action:/home/sahruday/ros2_humble/install/rqt_msg:/home/sahruday/ros2_humble/install/rqt_console:/home/sahruday/ros2_humble/install/rqt:/home/sahruday/ros2_humble/install/rqt_graph:/home/sahruday/ros2_humble/install/rqt_gui_py:/home/sahruday/ros2_humble/install/rqt_gui:/home/sahruday/ros2_humble/install/ros2trace:/home/sahruday/ros2_humble/install/ros2topic:/home/sahruday/ros2_humble/install/ros2test:/home/sahruday/ros2_humble/install/ros2component:/home/sahruday/ros2_humble/install/ros2param:/home/sahruday/ros2_humble/install/ros2lifecycle:/home/sahruday/ros2_humble/install/ros2service:/home/sahruday/ros2_humble/install/ros2run:/home/sahruday/ros2_humble/install/ros2launch:/home/sahruday/ros2_humble/install/ros2pkg:/home/sahruday/ros2_humble/install/ros2node:/home/sahruday/ros2_humble/install/ros2multicast:/home/sahruday/ros2_humble/install/ros2interface:/home/sahruday/ros2_humble/install/ros2doctor:/home/sahruday/ros2_humble/install/ros2action:/home/sahruday/ros2_humble/install/ros2cli:/home/sahruday/ros2_humble/install/quality_of_service_demo_py:/home/sahruday/ros2_humble/install/lifecycle_py:/home/sahruday/ros2_humble/install/launch_testing_ros:/home/sahruday/ros2_humble/install/launch_ros:/home/sahruday/ros2_humble/install/examples_rclpy_pointcloud_publisher:/home/sahruday/ros2_humble/install/examples_rclpy_minimal_subscriber:/home/sahruday/ros2_humble/install/examples_rclpy_minimal_service:/home/sahruday/ros2_humble/install/examples_rclpy_minimal_publisher:/home/sahruday/ros2_humble/install/examples_rclpy_minimal_client:/home/sahruday/ros2_humble/install/examples_rclpy_minimal_action_server:/home/sahruday/ros2_humble/install/examples_rclpy_minimal_action_client:/home/sahruday/ros2_humble/install/examples_rclpy_guard_conditions:/home/sahruday/ros2_humble/install/examples_rclpy_executors:/home/sahruday/ros2_humble/install/demo_nodes_py:/home/sahruday/ros2_humble/install/action_tutorials_py:/home/sahruday/ros2_humble/install/ament_uncrustify:/home/sahruday/ros2_humble/install/tracetools_trace:/home/sahruday/ros2_humble/install/tracetools_read:/home/sahruday/ros2_humble/install/test_tracetools_launch:/home/sahruday/ros2_humble/install/test_launch_ros:/home/sahruday/ros2_humble/install/sensor_msgs_py:/home/sahruday/ros2_humble/install/rpyutils:/home/sahruday/ros2_humble/install/rosidl_runtime_py:/home/sahruday/ros2_humble/install/rosidl_cli:/home/sahruday/ros2_humble/install/launch_pytest:/home/sahruday/ros2_humble/install/launch_testing:/home/sahruday/ros2_humble/install/launch_yaml:/home/sahruday/ros2_humble/install/launch_xml:/home/sahruday/ros2_humble/install/launch:/home/sahruday/ros2_humble/install/osrf_pycommon:/home/sahruday/ros2_humble/install/launch_testing_examples:/home/sahruday/ros2_humble/install/domain_coordinator:/home/sahruday/ros2_humble/install/ament_xmllint:/home/sahruday/ros2_humble/install/ament_pyflakes:/home/sahruday/ros2_humble/install/ament_pycodestyle:/home/sahruday/ros2_humble/install/ament_pep257:/home/sahruday/ros2_humble/install/ament_pclint:/home/sahruday/ros2_humble/install/ament_package:/home/sahruday/ros2_humble/install/ament_mypy:/home/sahruday/ros2_humble/install/ament_lint_cmake:/home/sahruday/ros2_humble/install/ament_flake8:/home/sahruday/ros2_humble/install/ament_copyright:/home/sahruday/ros2_humble/install/ament_lint:/home/sahruday/ros2_humble/install/ament_index_python:/home/sahruday/ros2_humble/install/ament_cpplint:/home/sahruday/ros2_humble/install/ament_cppcheck:/home/sahruday/ros2_humble/install/ament_clang_tidy:/home/sahruday/ros2_humble/install/ament_clang_format /usr/bin/cmake --install /home/sahruday/ros2_ws/build/turtlesim
[3.419s] -- Install configuration: ""
[3.419s] -- Up-to-date: /home/sahruday/ros2_ws/install/turtlesim/share/ament_index/resource_index/rosidl_interfaces/turtlesim
[3.419s] -- Up-to-date: /home/sahruday/ros2_ws/install/turtlesim/include/turtlesim/turtlesim
[3.420s] -- Up-to-date: /home/sahruday/ros2_ws/install/turtlesim/include/turtlesim/turtlesim/srv
[3.420s] -- Up-to-date: /home/sahruday/ros2_ws/install/turtlesim/include/turtlesim/turtlesim/srv/set_pen.h
[3.420s] -- Up-to-date: /home/sahruday/ros2_ws/install/turtlesim/include/turtlesim/turtlesim/srv/teleport_absolute.h
[3.420s] -- Up-to-date: /home/sahruday/ros2_ws/install/turtlesim/include/turtlesim/turtlesim/srv/teleport_relative.h
[3.420s] -- Up-to-date: /home/sahruday/ros2_ws/install/turtlesim/include/turtlesim/turtlesim/srv/kill.h
[3.420s] -- Up-to-date: /home/sahruday/ros2_ws/install/turtlesim/include/turtlesim/turtlesim/srv/detail
[3.420s] -- Up-to-date: /home/sahruday/ros2_ws/install/turtlesim/include/turtlesim/turtlesim/srv/detail/teleport_absolute__functions.c
[3.421s] -- Up-to-date: /home/sahruday/ros2_ws/install/turtlesim/include/turtlesim/turtlesim/srv/detail/kill__functions.c
[3.421s] -- Up-to-date: /home/sahruday/ros2_ws/install/turtlesim/include/turtlesim/turtlesim/srv/detail/set_pen__type_support.h
[3.421s] -- Up-to-date: /home/sahruday/ros2_ws/install/turtlesim/include/turtlesim/turtlesim/srv/detail/teleport_relative__struct.h
[3.421s] -- Up-to-date: /home/sahruday/ros2_ws/install/turtlesim/include/turtlesim/turtlesim/srv/detail/teleport_absolute__struct.h
[3.421s] -- Up-to-date: /home/sahruday/ros2_ws/install/turtlesim/include/turtlesim/turtlesim/srv/detail/spawn__functions.h
[3.421s] -- Up-to-date: /home/sahruday/ros2_ws/install/turtlesim/include/turtlesim/turtlesim/srv/detail/teleport_absolute__type_support.h
[3.421s] -- Up-to-date: /home/sahruday/ros2_ws/install/turtlesim/include/turtlesim/turtlesim/srv/detail/teleport_relative__type_support.h
[3.421s] -- Up-to-date: /home/sahruday/ros2_ws/install/turtlesim/include/turtlesim/turtlesim/srv/detail/kill__struct.h
[3.421s] -- Up-to-date: /home/sahruday/ros2_ws/install/turtlesim/include/turtlesim/turtlesim/srv/detail/spawn__functions.c
[3.421s] -- Up-to-date: /home/sahruday/ros2_ws/install/turtlesim/include/turtlesim/turtlesim/srv/detail/spawn__type_support.h
[3.422s] -- Up-to-date: /home/sahruday/ros2_ws/install/turtlesim/include/turtlesim/turtlesim/srv/detail/set_pen__functions.h
[3.422s] -- Up-to-date: /home/sahruday/ros2_ws/install/turtlesim/include/turtlesim/turtlesim/srv/detail/teleport_relative__functions.c
[3.422s] -- Up-to-date: /home/sahruday/ros2_ws/install/turtlesim/include/turtlesim/turtlesim/srv/detail/set_pen__struct.h
[3.422s] -- Up-to-date: /home/sahruday/ros2_ws/install/turtlesim/include/turtlesim/turtlesim/srv/detail/teleport_relative__functions.h
[3.422s] -- Up-to-date: /home/sahruday/ros2_ws/install/turtlesim/include/turtlesim/turtlesim/srv/detail/kill__functions.h
[3.422s] -- Up-to-date: /home/sahruday/ros2_ws/install/turtlesim/include/turtlesim/turtlesim/srv/detail/kill__type_support.h
[3.422s] -- Up-to-date: /home/sahruday/ros2_ws/install/turtlesim/include/turtlesim/turtlesim/srv/detail/teleport_absolute__functions.h
[3.422s] -- Up-to-date: /home/sahruday/ros2_ws/install/turtlesim/include/turtlesim/turtlesim/srv/detail/set_pen__functions.c
[3.422s] -- Up-to-date: /home/sahruday/ros2_ws/install/turtlesim/include/turtlesim/turtlesim/srv/detail/spawn__struct.h
[3.423s] -- Up-to-date: /home/sahruday/ros2_ws/install/turtlesim/include/turtlesim/turtlesim/srv/spawn.h
[3.423s] -- Up-to-date: /home/sahruday/ros2_ws/install/turtlesim/include/turtlesim/turtlesim/msg
[3.423s] -- Up-to-date: /home/sahruday/ros2_ws/install/turtlesim/include/turtlesim/turtlesim/msg/color.h
[3.423s] -- Up-to-date: /home/sahruday/ros2_ws/install/turtlesim/include/turtlesim/turtlesim/msg/rosidl_generator_c__visibility_control.h
[3.423s] -- Up-to-date: /home/sahruday/ros2_ws/install/turtlesim/include/turtlesim/turtlesim/msg/pose.h
[3.423s] -- Up-to-date: /home/sahruday/ros2_ws/install/turtlesim/include/turtlesim/turtlesim/msg/detail
[3.423s] -- Up-to-date: /home/sahruday/ros2_ws/install/turtlesim/include/turtlesim/turtlesim/msg/detail/color__type_support.h
[3.423s] -- Up-to-date: /home/sahruday/ros2_ws/install/turtlesim/include/turtlesim/turtlesim/msg/detail/pose__struct.h
[3.423s] -- Up-to-date: /home/sahruday/ros2_ws/install/turtlesim/include/turtlesim/turtlesim/msg/detail/pose__functions.h
[3.423s] -- Up-to-date: /home/sahruday/ros2_ws/install/turtlesim/include/turtlesim/turtlesim/msg/detail/pose__type_support.h
[3.424s] -- Up-to-date: /home/sahruday/ros2_ws/install/turtlesim/include/turtlesim/turtlesim/msg/detail/color__functions.c
[3.424s] -- Up-to-date: /home/sahruday/ros2_ws/install/turtlesim/include/turtlesim/turtlesim/msg/detail/color__struct.h
[3.424s] -- Up-to-date: /home/sahruday/ros2_ws/install/turtlesim/include/turtlesim/turtlesim/msg/detail/pose__functions.c
[3.424s] -- Up-to-date: /home/sahruday/ros2_ws/install/turtlesim/include/turtlesim/turtlesim/msg/detail/color__functions.h
[3.424s] -- Up-to-date: /home/sahruday/ros2_ws/install/turtlesim/include/turtlesim/turtlesim/action
[3.424s] -- Up-to-date: /home/sahruday/ros2_ws/install/turtlesim/include/turtlesim/turtlesim/action/detail
[3.424s] -- Up-to-date: /home/sahruday/ros2_ws/install/turtlesim/include/turtlesim/turtlesim/action/detail/rotate_absolute__functions.c
[3.425s] -- Up-to-date: /home/sahruday/ros2_ws/install/turtlesim/include/turtlesim/turtlesim/action/detail/rotate_absolute__functions.h
[3.425s] -- Up-to-date: /home/sahruday/ros2_ws/install/turtlesim/include/turtlesim/turtlesim/action/detail/rotate_absolute__struct.h
[3.425s] -- Up-to-date: /home/sahruday/ros2_ws/install/turtlesim/include/turtlesim/turtlesim/action/detail/rotate_absolute__type_support.h
[3.425s] -- Up-to-date: /home/sahruday/ros2_ws/install/turtlesim/include/turtlesim/turtlesim/action/rotate_absolute.h
[3.425s] -- Up-to-date: /home/sahruday/ros2_ws/install/turtlesim/share/turtlesim/environment/library_path.sh
[3.425s] -- Up-to-date: /home/sahruday/ros2_ws/install/turtlesim/share/turtlesim/environment/library_path.dsv
[3.425s] -- Up-to-date: /home/sahruday/ros2_ws/install/turtlesim/lib/libturtlesim__rosidl_generator_c.so
[3.425s] -- Up-to-date: /home/sahruday/ros2_ws/install/turtlesim/include/turtlesim/turtlesim
[3.425s] -- Up-to-date: /home/sahruday/ros2_ws/install/turtlesim/include/turtlesim/turtlesim/srv
[3.425s] -- Up-to-date: /home/sahruday/ros2_ws/install/turtlesim/include/turtlesim/turtlesim/srv/detail
[3.426s] -- Up-to-date: /home/sahruday/ros2_ws/install/turtlesim/include/turtlesim/turtlesim/srv/detail/kill__rosidl_typesupport_fastrtps_c.h
[3.426s] -- Up-to-date: /home/sahruday/ros2_ws/install/turtlesim/include/turtlesim/turtlesim/srv/detail/set_pen__rosidl_typesupport_fastrtps_c.h
[3.426s] -- Up-to-date: /home/sahruday/ros2_ws/install/turtlesim/include/turtlesim/turtlesim/srv/detail/teleport_relative__rosidl_typesupport_fastrtps_c.h
[3.426s] -- Up-to-date: /home/sahruday/ros2_ws/install/turtlesim/include/turtlesim/turtlesim/srv/detail/spawn__rosidl_typesupport_fastrtps_c.h
[3.426s] -- Up-to-date: /home/sahruday/ros2_ws/install/turtlesim/include/turtlesim/turtlesim/srv/detail/teleport_absolute__rosidl_typesupport_fastrtps_c.h
[3.426s] -- Up-to-date: /home/sahruday/ros2_ws/install/turtlesim/include/turtlesim/turtlesim/msg
[3.426s] -- Up-to-date: /home/sahruday/ros2_ws/install/turtlesim/include/turtlesim/turtlesim/msg/rosidl_typesupport_fastrtps_c__visibility_control.h
[3.426s] -- Up-to-date: /home/sahruday/ros2_ws/install/turtlesim/include/turtlesim/turtlesim/msg/detail
[3.426s] -- Up-to-date: /home/sahruday/ros2_ws/install/turtlesim/include/turtlesim/turtlesim/msg/detail/color__rosidl_typesupport_fastrtps_c.h
[3.426s] -- Up-to-date: /home/sahruday/ros2_ws/install/turtlesim/include/turtlesim/turtlesim/msg/detail/pose__rosidl_typesupport_fastrtps_c.h
[3.427s] -- Up-to-date: /home/sahruday/ros2_ws/install/turtlesim/include/turtlesim/turtlesim/action
[3.427s] -- Up-to-date: /home/sahruday/ros2_ws/install/turtlesim/include/turtlesim/turtlesim/action/detail
[3.427s] -- Up-to-date: /home/sahruday/ros2_ws/install/turtlesim/include/turtlesim/turtlesim/action/detail/rotate_absolute__rosidl_typesupport_fastrtps_c.h
[3.427s] -- Up-to-date: /home/sahruday/ros2_ws/install/turtlesim/lib/libturtlesim__rosidl_typesupport_fastrtps_c.so
[3.427s] -- Up-to-date: /home/sahruday/ros2_ws/install/turtlesim/include/turtlesim/turtlesim
[3.427s] -- Up-to-date: /home/sahruday/ros2_ws/install/turtlesim/include/turtlesim/turtlesim/srv
[3.427s] -- Up-to-date: /home/sahruday/ros2_ws/install/turtlesim/include/turtlesim/turtlesim/srv/set_pen.hpp
[3.427s] -- Up-to-date: /home/sahruday/ros2_ws/install/turtlesim/include/turtlesim/turtlesim/srv/teleport_relative.hpp
[3.427s] -- Up-to-date: /home/sahruday/ros2_ws/install/turtlesim/include/turtlesim/turtlesim/srv/teleport_absolute.hpp
[3.427s] -- Up-to-date: /home/sahruday/ros2_ws/install/turtlesim/include/turtlesim/turtlesim/srv/kill.hpp
[3.428s] -- Up-to-date: /home/sahruday/ros2_ws/install/turtlesim/include/turtlesim/turtlesim/srv/detail
[3.428s] -- Up-to-date: /home/sahruday/ros2_ws/install/turtlesim/include/turtlesim/turtlesim/srv/detail/spawn__struct.hpp
[3.428s] -- Up-to-date: /home/sahruday/ros2_ws/install/turtlesim/include/turtlesim/turtlesim/srv/detail/teleport_relative__struct.hpp
[3.428s] -- Up-to-date: /home/sahruday/ros2_ws/install/turtlesim/include/turtlesim/turtlesim/srv/detail/teleport_absolute__struct.hpp
[3.428s] -- Up-to-date: /home/sahruday/ros2_ws/install/turtlesim/include/turtlesim/turtlesim/srv/detail/teleport_relative__builder.hpp
[3.428s] -- Up-to-date: /home/sahruday/ros2_ws/install/turtlesim/include/turtlesim/turtlesim/srv/detail/kill__traits.hpp
[3.428s] -- Up-to-date: /home/sahruday/ros2_ws/install/turtlesim/include/turtlesim/turtlesim/srv/detail/spawn__traits.hpp
[3.428s] -- Up-to-date: /home/sahruday/ros2_ws/install/turtlesim/include/turtlesim/turtlesim/srv/detail/teleport_absolute__traits.hpp
[3.428s] -- Up-to-date: /home/sahruday/ros2_ws/install/turtlesim/include/turtlesim/turtlesim/srv/detail/set_pen__builder.hpp
[3.428s] -- Up-to-date: /home/sahruday/ros2_ws/install/turtlesim/include/turtlesim/turtlesim/srv/detail/kill__struct.hpp
[3.429s] -- Up-to-date: /home/sahruday/ros2_ws/install/turtlesim/include/turtlesim/turtlesim/srv/detail/kill__builder.hpp
[3.429s] -- Up-to-date: /home/sahruday/ros2_ws/install/turtlesim/include/turtlesim/turtlesim/srv/detail/set_pen__traits.hpp
[3.429s] -- Up-to-date: /home/sahruday/ros2_ws/install/turtlesim/include/turtlesim/turtlesim/srv/detail/spawn__builder.hpp
[3.429s] -- Up-to-date: /home/sahruday/ros2_ws/install/turtlesim/include/turtlesim/turtlesim/srv/detail/teleport_absolute__builder.hpp
[3.429s] -- Up-to-date: /home/sahruday/ros2_ws/install/turtlesim/include/turtlesim/turtlesim/srv/detail/set_pen__struct.hpp
[3.429s] -- Up-to-date: /home/sahruday/ros2_ws/install/turtlesim/include/turtlesim/turtlesim/srv/detail/teleport_relative__traits.hpp
[3.429s] -- Up-to-date: /home/sahruday/ros2_ws/install/turtlesim/include/turtlesim/turtlesim/srv/spawn.hpp
[3.429s] -- Up-to-date: /home/sahruday/ros2_ws/install/turtlesim/include/turtlesim/turtlesim/msg
[3.429s] -- Up-to-date: /home/sahruday/ros2_ws/install/turtlesim/include/turtlesim/turtlesim/msg/color.hpp
[3.429s] -- Up-to-date: /home/sahruday/ros2_ws/install/turtlesim/include/turtlesim/turtlesim/msg/detail
[3.429s] -- Up-to-date: /home/sahruday/ros2_ws/install/turtlesim/include/turtlesim/turtlesim/msg/detail/pose__builder.hpp
[3.430s] -- Up-to-date: /home/sahruday/ros2_ws/install/turtlesim/include/turtlesim/turtlesim/msg/detail/color__builder.hpp
[3.430s] -- Up-to-date: /home/sahruday/ros2_ws/install/turtlesim/include/turtlesim/turtlesim/msg/detail/pose__traits.hpp
[3.430s] -- Up-to-date: /home/sahruday/ros2_ws/install/turtlesim/include/turtlesim/turtlesim/msg/detail/color__traits.hpp
[3.430s] -- Up-to-date: /home/sahruday/ros2_ws/install/turtlesim/include/turtlesim/turtlesim/msg/detail/pose__struct.hpp
[3.430s] -- Up-to-date: /home/sahruday/ros2_ws/install/turtlesim/include/turtlesim/turtlesim/msg/detail/color__struct.hpp
[3.430s] -- Up-to-date: /home/sahruday/ros2_ws/install/turtlesim/include/turtlesim/turtlesim/msg/pose.hpp
[3.430s] -- Up-to-date: /home/sahruday/ros2_ws/install/turtlesim/include/turtlesim/turtlesim/action
[3.430s] -- Up-to-date: /home/sahruday/ros2_ws/install/turtlesim/include/turtlesim/turtlesim/action/rotate_absolute.hpp
[3.430s] -- Up-to-date: /home/sahruday/ros2_ws/install/turtlesim/include/turtlesim/turtlesim/action/detail
[3.430s] -- Up-to-date: /home/sahruday/ros2_ws/install/turtlesim/include/turtlesim/turtlesim/action/detail/rotate_absolute__struct.hpp
[3.430s] -- Up-to-date: /home/sahruday/ros2_ws/install/turtlesim/include/turtlesim/turtlesim/action/detail/rotate_absolute__builder.hpp
[3.431s] -- Up-to-date: /home/sahruday/ros2_ws/install/turtlesim/include/turtlesim/turtlesim/action/detail/rotate_absolute__traits.hpp
[3.431s] -- Up-to-date: /home/sahruday/ros2_ws/install/turtlesim/include/turtlesim/turtlesim
[3.431s] -- Up-to-date: /home/sahruday/ros2_ws/install/turtlesim/include/turtlesim/turtlesim/srv
[3.431s] -- Up-to-date: /home/sahruday/ros2_ws/install/turtlesim/include/turtlesim/turtlesim/srv/detail
[3.431s] -- Up-to-date: /home/sahruday/ros2_ws/install/turtlesim/include/turtlesim/turtlesim/srv/detail/dds_fastrtps
[3.431s] -- Up-to-date: /home/sahruday/ros2_ws/install/turtlesim/include/turtlesim/turtlesim/srv/detail/teleport_absolute__rosidl_typesupport_fastrtps_cpp.hpp
[3.431s] -- Up-to-date: /home/sahruday/ros2_ws/install/turtlesim/include/turtlesim/turtlesim/srv/detail/set_pen__rosidl_typesupport_fastrtps_cpp.hpp
[3.431s] -- Up-to-date: /home/sahruday/ros2_ws/install/turtlesim/include/turtlesim/turtlesim/srv/detail/kill__rosidl_typesupport_fastrtps_cpp.hpp
[3.431s] -- Up-to-date: /home/sahruday/ros2_ws/install/turtlesim/include/turtlesim/turtlesim/srv/detail/spawn__rosidl_typesupport_fastrtps_cpp.hpp
[3.431s] -- Up-to-date: /home/sahruday/ros2_ws/install/turtlesim/include/turtlesim/turtlesim/srv/detail/teleport_relative__rosidl_typesupport_fastrtps_cpp.hpp
[3.431s] -- Up-to-date: /home/sahruday/ros2_ws/install/turtlesim/include/turtlesim/turtlesim/msg
[3.432s] -- Up-to-date: /home/sahruday/ros2_ws/install/turtlesim/include/turtlesim/turtlesim/msg/detail
[3.432s] -- Up-to-date: /home/sahruday/ros2_ws/install/turtlesim/include/turtlesim/turtlesim/msg/detail/dds_fastrtps
[3.432s] -- Up-to-date: /home/sahruday/ros2_ws/install/turtlesim/include/turtlesim/turtlesim/msg/detail/pose__rosidl_typesupport_fastrtps_cpp.hpp
[3.432s] -- Up-to-date: /home/sahruday/ros2_ws/install/turtlesim/include/turtlesim/turtlesim/msg/detail/color__rosidl_typesupport_fastrtps_cpp.hpp
[3.432s] -- Up-to-date: /home/sahruday/ros2_ws/install/turtlesim/include/turtlesim/turtlesim/msg/rosidl_typesupport_fastrtps_cpp__visibility_control.h
[3.432s] -- Up-to-date: /home/sahruday/ros2_ws/install/turtlesim/include/turtlesim/turtlesim/action
[3.432s] -- Up-to-date: /home/sahruday/ros2_ws/install/turtlesim/include/turtlesim/turtlesim/action/detail
[3.432s] -- Up-to-date: /home/sahruday/ros2_ws/install/turtlesim/include/turtlesim/turtlesim/action/detail/dds_fastrtps
[3.432s] -- Up-to-date: /home/sahruday/ros2_ws/install/turtlesim/include/turtlesim/turtlesim/action/detail/rotate_absolute__rosidl_typesupport_fastrtps_cpp.hpp
[3.432s] -- Up-to-date: /home/sahruday/ros2_ws/install/turtlesim/lib/libturtlesim__rosidl_typesupport_fastrtps_cpp.so
[3.432s] -- Up-to-date: /home/sahruday/ros2_ws/install/turtlesim/include/turtlesim/turtlesim
[3.433s] -- Up-to-date: /home/sahruday/ros2_ws/install/turtlesim/include/turtlesim/turtlesim/srv
[3.433s] -- Up-to-date: /home/sahruday/ros2_ws/install/turtlesim/include/turtlesim/turtlesim/srv/detail
[3.433s] -- Up-to-date: /home/sahruday/ros2_ws/install/turtlesim/include/turtlesim/turtlesim/srv/detail/kill__type_support.c
[3.433s] -- Up-to-date: /home/sahruday/ros2_ws/install/turtlesim/include/turtlesim/turtlesim/srv/detail/spawn__rosidl_typesupport_introspection_c.h
[3.433s] -- Up-to-date: /home/sahruday/ros2_ws/install/turtlesim/include/turtlesim/turtlesim/srv/detail/teleport_absolute__rosidl_typesupport_introspection_c.h
[3.433s] -- Up-to-date: /home/sahruday/ros2_ws/install/turtlesim/include/turtlesim/turtlesim/srv/detail/teleport_absolute__type_support.c
[3.433s] -- Up-to-date: /home/sahruday/ros2_ws/install/turtlesim/include/turtlesim/turtlesim/srv/detail/spawn__type_support.c
[3.433s] -- Up-to-date: /home/sahruday/ros2_ws/install/turtlesim/include/turtlesim/turtlesim/srv/detail/kill__rosidl_typesupport_introspection_c.h
[3.433s] -- Up-to-date: /home/sahruday/ros2_ws/install/turtlesim/include/turtlesim/turtlesim/srv/detail/teleport_relative__rosidl_typesupport_introspection_c.h
[3.433s] -- Up-to-date: /home/sahruday/ros2_ws/install/turtlesim/include/turtlesim/turtlesim/srv/detail/teleport_relative__type_support.c
[3.433s] -- Up-to-date: /home/sahruday/ros2_ws/install/turtlesim/include/turtlesim/turtlesim/srv/detail/set_pen__type_support.c
[3.434s] -- Up-to-date: /home/sahruday/ros2_ws/install/turtlesim/include/turtlesim/turtlesim/srv/detail/set_pen__rosidl_typesupport_introspection_c.h
[3.434s] -- Up-to-date: /home/sahruday/ros2_ws/install/turtlesim/include/turtlesim/turtlesim/msg
[3.434s] -- Up-to-date: /home/sahruday/ros2_ws/install/turtlesim/include/turtlesim/turtlesim/msg/rosidl_typesupport_introspection_c__visibility_control.h
[3.434s] -- Up-to-date: /home/sahruday/ros2_ws/install/turtlesim/include/turtlesim/turtlesim/msg/detail
[3.434s] -- Up-to-date: /home/sahruday/ros2_ws/install/turtlesim/include/turtlesim/turtlesim/msg/detail/color__rosidl_typesupport_introspection_c.h
[3.434s] -- Up-to-date: /home/sahruday/ros2_ws/install/turtlesim/include/turtlesim/turtlesim/msg/detail/pose__rosidl_typesupport_introspection_c.h
[3.434s] -- Up-to-date: /home/sahruday/ros2_ws/install/turtlesim/include/turtlesim/turtlesim/msg/detail/color__type_support.c
[3.434s] -- Up-to-date: /home/sahruday/ros2_ws/install/turtlesim/include/turtlesim/turtlesim/msg/detail/pose__type_support.c
[3.434s] -- Up-to-date: /home/sahruday/ros2_ws/install/turtlesim/include/turtlesim/turtlesim/action
[3.434s] -- Up-to-date: /home/sahruday/ros2_ws/install/turtlesim/include/turtlesim/turtlesim/action/detail
[3.434s] -- Up-to-date: /home/sahruday/ros2_ws/install/turtlesim/include/turtlesim/turtlesim/action/detail/rotate_absolute__type_support.c
[3.435s] -- Up-to-date: /home/sahruday/ros2_ws/install/turtlesim/include/turtlesim/turtlesim/action/detail/rotate_absolute__rosidl_typesupport_introspection_c.h
[3.435s] -- Up-to-date: /home/sahruday/ros2_ws/install/turtlesim/lib/libturtlesim__rosidl_typesupport_introspection_c.so
[3.435s] -- Up-to-date: /home/sahruday/ros2_ws/install/turtlesim/lib/libturtlesim__rosidl_typesupport_c.so
[3.435s] -- Up-to-date: /home/sahruday/ros2_ws/install/turtlesim/include/turtlesim/turtlesim
[3.435s] -- Up-to-date: /home/sahruday/ros2_ws/install/turtlesim/include/turtlesim/turtlesim/srv
[3.435s] -- Up-to-date: /home/sahruday/ros2_ws/install/turtlesim/include/turtlesim/turtlesim/srv/detail
[3.435s] -- Up-to-date: /home/sahruday/ros2_ws/install/turtlesim/include/turtlesim/turtlesim/srv/detail/set_pen__rosidl_typesupport_introspection_cpp.hpp
[3.435s] -- Up-to-date: /home/sahruday/ros2_ws/install/turtlesim/include/turtlesim/turtlesim/srv/detail/teleport_relative__rosidl_typesupport_introspection_cpp.hpp
[3.435s] -- Up-to-date: /home/sahruday/ros2_ws/install/turtlesim/include/turtlesim/turtlesim/srv/detail/spawn__type_support.cpp
[3.435s] -- Up-to-date: /home/sahruday/ros2_ws/install/turtlesim/include/turtlesim/turtlesim/srv/detail/kill__rosidl_typesupport_introspection_cpp.hpp
[3.435s] -- Up-to-date: /home/sahruday/ros2_ws/install/turtlesim/include/turtlesim/turtlesim/srv/detail/teleport_absolute__rosidl_typesupport_introspection_cpp.hpp
[3.436s] -- Up-to-date: /home/sahruday/ros2_ws/install/turtlesim/include/turtlesim/turtlesim/srv/detail/kill__type_support.cpp
[3.436s] -- Up-to-date: /home/sahruday/ros2_ws/install/turtlesim/include/turtlesim/turtlesim/srv/detail/teleport_absolute__type_support.cpp
[3.436s] -- Up-to-date: /home/sahruday/ros2_ws/install/turtlesim/include/turtlesim/turtlesim/srv/detail/teleport_relative__type_support.cpp
[3.436s] -- Up-to-date: /home/sahruday/ros2_ws/install/turtlesim/include/turtlesim/turtlesim/srv/detail/set_pen__type_support.cpp
[3.436s] -- Up-to-date: /home/sahruday/ros2_ws/install/turtlesim/include/turtlesim/turtlesim/srv/detail/spawn__rosidl_typesupport_introspection_cpp.hpp
[3.436s] -- Up-to-date: /home/sahruday/ros2_ws/install/turtlesim/include/turtlesim/turtlesim/msg
[3.436s] -- Up-to-date: /home/sahruday/ros2_ws/install/turtlesim/include/turtlesim/turtlesim/msg/detail
[3.436s] -- Up-to-date: /home/sahruday/ros2_ws/install/turtlesim/include/turtlesim/turtlesim/msg/detail/pose__rosidl_typesupport_introspection_cpp.hpp
[3.436s] -- Up-to-date: /home/sahruday/ros2_ws/install/turtlesim/include/turtlesim/turtlesim/msg/detail/pose__type_support.cpp
[3.436s] -- Up-to-date: /home/sahruday/ros2_ws/install/turtlesim/include/turtlesim/turtlesim/msg/detail/color__rosidl_typesupport_introspection_cpp.hpp
[3.436s] -- Up-to-date: /home/sahruday/ros2_ws/install/turtlesim/include/turtlesim/turtlesim/msg/detail/color__type_support.cpp
[3.437s] -- Up-to-date: /home/sahruday/ros2_ws/install/turtlesim/include/turtlesim/turtlesim/action
[3.437s] -- Up-to-date: /home/sahruday/ros2_ws/install/turtlesim/include/turtlesim/turtlesim/action/detail
[3.437s] -- Up-to-date: /home/sahruday/ros2_ws/install/turtlesim/include/turtlesim/turtlesim/action/detail/rotate_absolute__type_support.cpp
[3.437s] -- Up-to-date: /home/sahruday/ros2_ws/install/turtlesim/include/turtlesim/turtlesim/action/detail/rotate_absolute__rosidl_typesupport_introspection_cpp.hpp
[3.437s] -- Up-to-date: /home/sahruday/ros2_ws/install/turtlesim/lib/libturtlesim__rosidl_typesupport_introspection_cpp.so
[3.437s] -- Up-to-date: /home/sahruday/ros2_ws/install/turtlesim/lib/libturtlesim__rosidl_typesupport_cpp.so
[3.437s] -- Up-to-date: /home/sahruday/ros2_ws/install/turtlesim/share/turtlesim/environment/pythonpath.sh
[3.437s] -- Up-to-date: /home/sahruday/ros2_ws/install/turtlesim/share/turtlesim/environment/pythonpath.dsv
[3.437s] -- Up-to-date: /home/sahruday/ros2_ws/install/turtlesim/local/lib/python3.10/dist-packages/turtlesim-1.4.1-py3.10.egg-info
[3.437s] -- Installing: /home/sahruday/ros2_ws/install/turtlesim/local/lib/python3.10/dist-packages/turtlesim-1.4.1-py3.10.egg-info/PKG-INFO
[3.437s] -- Installing: /home/sahruday/ros2_ws/install/turtlesim/local/lib/python3.10/dist-packages/turtlesim-1.4.1-py3.10.egg-info/SOURCES.txt
[3.437s] -- Installing: /home/sahruday/ros2_ws/install/turtlesim/local/lib/python3.10/dist-packages/turtlesim-1.4.1-py3.10.egg-info/dependency_links.txt
[3.438s] -- Installing: /home/sahruday/ros2_ws/install/turtlesim/local/lib/python3.10/dist-packages/turtlesim-1.4.1-py3.10.egg-info/top_level.txt
[3.438s] -- Up-to-date: /home/sahruday/ros2_ws/install/turtlesim/local/lib/python3.10/dist-packages/turtlesim
[3.438s] -- Up-to-date: /home/sahruday/ros2_ws/install/turtlesim/local/lib/python3.10/dist-packages/turtlesim/srv
[3.438s] -- Up-to-date: /home/sahruday/ros2_ws/install/turtlesim/local/lib/python3.10/dist-packages/turtlesim/srv/_set_pen_s.c
[3.438s] -- Up-to-date: /home/sahruday/ros2_ws/install/turtlesim/local/lib/python3.10/dist-packages/turtlesim/srv/_teleport_absolute_s.c
[3.438s] -- Up-to-date: /home/sahruday/ros2_ws/install/turtlesim/local/lib/python3.10/dist-packages/turtlesim/srv/_kill.py
[3.438s] -- Up-to-date: /home/sahruday/ros2_ws/install/turtlesim/local/lib/python3.10/dist-packages/turtlesim/srv/_spawn_s.c
[3.438s] -- Up-to-date: /home/sahruday/ros2_ws/install/turtlesim/local/lib/python3.10/dist-packages/turtlesim/srv/_spawn.py
[3.438s] -- Up-to-date: /home/sahruday/ros2_ws/install/turtlesim/local/lib/python3.10/dist-packages/turtlesim/srv/_teleport_absolute.py
[3.438s] -- Up-to-date: /home/sahruday/ros2_ws/install/turtlesim/local/lib/python3.10/dist-packages/turtlesim/srv/__init__.py
[3.438s] -- Up-to-date: /home/sahruday/ros2_ws/install/turtlesim/local/lib/python3.10/dist-packages/turtlesim/srv/_kill_s.c
[3.438s] -- Up-to-date: /home/sahruday/ros2_ws/install/turtlesim/local/lib/python3.10/dist-packages/turtlesim/srv/_teleport_relative_s.c
[3.438s] -- Up-to-date: /home/sahruday/ros2_ws/install/turtlesim/local/lib/python3.10/dist-packages/turtlesim/srv/_teleport_relative.py
[3.439s] -- Up-to-date: /home/sahruday/ros2_ws/install/turtlesim/local/lib/python3.10/dist-packages/turtlesim/srv/_set_pen.py
[3.439s] -- Up-to-date: /home/sahruday/ros2_ws/install/turtlesim/local/lib/python3.10/dist-packages/turtlesim/msg
[3.439s] -- Up-to-date: /home/sahruday/ros2_ws/install/turtlesim/local/lib/python3.10/dist-packages/turtlesim/msg/_pose.py
[3.439s] -- Up-to-date: /home/sahruday/ros2_ws/install/turtlesim/local/lib/python3.10/dist-packages/turtlesim/msg/_color_s.c
[3.439s] -- Up-to-date: /home/sahruday/ros2_ws/install/turtlesim/local/lib/python3.10/dist-packages/turtlesim/msg/__init__.py
[3.439s] -- Up-to-date: /home/sahruday/ros2_ws/install/turtlesim/local/lib/python3.10/dist-packages/turtlesim/msg/_color.py
[3.439s] -- Up-to-date: /home/sahruday/ros2_ws/install/turtlesim/local/lib/python3.10/dist-packages/turtlesim/msg/_pose_s.c
[3.439s] -- Up-to-date: /home/sahruday/ros2_ws/install/turtlesim/local/lib/python3.10/dist-packages/turtlesim/turtlesim_s__rosidl_typesupport_fastrtps_c.cpython-310-x86_64-linux-gnu.so
[3.439s] -- Up-to-date: /home/sahruday/ros2_ws/install/turtlesim/local/lib/python3.10/dist-packages/turtlesim/_turtlesim_s.ep.rosidl_typesupport_introspection_c.c
[3.439s] -- Up-to-date: /home/sahruday/ros2_ws/install/turtlesim/local/lib/python3.10/dist-packages/turtlesim/libturtlesim__rosidl_generator_py.so
[3.439s] -- Up-to-date: /home/sahruday/ros2_ws/install/turtlesim/local/lib/python3.10/dist-packages/turtlesim/__init__.py
[3.439s] -- Up-to-date: /home/sahruday/ros2_ws/install/turtlesim/local/lib/python3.10/dist-packages/turtlesim/_turtlesim_s.ep.rosidl_typesupport_fastrtps_c.c
[3.439s] -- Up-to-date: /home/sahruday/ros2_ws/install/turtlesim/local/lib/python3.10/dist-packages/turtlesim/turtlesim_s__rosidl_typesupport_introspection_c.cpython-310-x86_64-linux-gnu.so
[3.440s] -- Up-to-date: /home/sahruday/ros2_ws/install/turtlesim/local/lib/python3.10/dist-packages/turtlesim/action
[3.440s] -- Up-to-date: /home/sahruday/ros2_ws/install/turtlesim/local/lib/python3.10/dist-packages/turtlesim/action/_rotate_absolute.py
[3.440s] -- Up-to-date: /home/sahruday/ros2_ws/install/turtlesim/local/lib/python3.10/dist-packages/turtlesim/action/__init__.py
[3.440s] -- Up-to-date: /home/sahruday/ros2_ws/install/turtlesim/local/lib/python3.10/dist-packages/turtlesim/action/_rotate_absolute_s.c
[3.440s] -- Up-to-date: /home/sahruday/ros2_ws/install/turtlesim/local/lib/python3.10/dist-packages/turtlesim/turtlesim_s__rosidl_typesupport_c.cpython-310-x86_64-linux-gnu.so
[3.440s] -- Up-to-date: /home/sahruday/ros2_ws/install/turtlesim/local/lib/python3.10/dist-packages/turtlesim/_turtlesim_s.ep.rosidl_typesupport_c.c
[3.535s] Listing '/home/sahruday/ros2_ws/install/turtlesim/local/lib/python3.10/dist-packages/turtlesim'...
[3.536s] Listing '/home/sahruday/ros2_ws/install/turtlesim/local/lib/python3.10/dist-packages/turtlesim/action'...
[3.536s] Listing '/home/sahruday/ros2_ws/install/turtlesim/local/lib/python3.10/dist-packages/turtlesim/msg'...
[3.536s] Listing '/home/sahruday/ros2_ws/install/turtlesim/local/lib/python3.10/dist-packages/turtlesim/srv'...
[3.540s] -- Up-to-date: /home/sahruday/ros2_ws/install/turtlesim/local/lib/python3.10/dist-packages/turtlesim/turtlesim_s__rosidl_typesupport_introspection_c.cpython-310-x86_64-linux-gnu.so
[3.541s] -- Up-to-date: /home/sahruday/ros2_ws/install/turtlesim/local/lib/python3.10/dist-packages/turtlesim/turtlesim_s__rosidl_typesupport_fastrtps_c.cpython-310-x86_64-linux-gnu.so
[3.541s] -- Up-to-date: /home/sahruday/ros2_ws/install/turtlesim/local/lib/python3.10/dist-packages/turtlesim/turtlesim_s__rosidl_typesupport_c.cpython-310-x86_64-linux-gnu.so
[3.542s] -- Up-to-date: /home/sahruday/ros2_ws/install/turtlesim/lib/libturtlesim__rosidl_generator_py.so
[3.542s] -- Up-to-date: /home/sahruday/ros2_ws/install/turtlesim/share/turtlesim/action/RotateAbsolute.idl
[3.542s] -- Up-to-date: /home/sahruday/ros2_ws/install/turtlesim/share/turtlesim/msg/Color.idl
[3.542s] -- Up-to-date: /home/sahruday/ros2_ws/install/turtlesim/share/turtlesim/msg/Pose.idl
[3.542s] -- Up-to-date: /home/sahruday/ros2_ws/install/turtlesim/share/turtlesim/srv/Kill.idl
[3.542s] -- Up-to-date: /home/sahruday/ros2_ws/install/turtlesim/share/turtlesim/srv/SetPen.idl
[3.542s] -- Up-to-date: /home/sahruday/ros2_ws/install/turtlesim/share/turtlesim/srv/Spawn.idl
[3.543s] -- Up-to-date: /home/sahruday/ros2_ws/install/turtlesim/share/turtlesim/srv/TeleportAbsolute.idl
[3.543s] -- Up-to-date: /home/sahruday/ros2_ws/install/turtlesim/share/turtlesim/srv/TeleportRelative.idl
[3.543s] -- Up-to-date: /home/sahruday/ros2_ws/install/turtlesim/share/turtlesim/action/RotateAbsolute.action
[3.543s] -- Up-to-date: /home/sahruday/ros2_ws/install/turtlesim/share/turtlesim/msg/Color.msg
[3.543s] -- Up-to-date: /home/sahruday/ros2_ws/install/turtlesim/share/turtlesim/msg/Pose.msg
[3.543s] -- Up-to-date: /home/sahruday/ros2_ws/install/turtlesim/share/turtlesim/srv/Kill.srv
[3.543s] -- Up-to-date: /home/sahruday/ros2_ws/install/turtlesim/share/turtlesim/srv/Kill_Request.msg
[3.543s] -- Up-to-date: /home/sahruday/ros2_ws/install/turtlesim/share/turtlesim/srv/Kill_Response.msg
[3.543s] -- Up-to-date: /home/sahruday/ros2_ws/install/turtlesim/share/turtlesim/srv/SetPen.srv
[3.544s] -- Up-to-date: /home/sahruday/ros2_ws/install/turtlesim/share/turtlesim/srv/SetPen_Request.msg
[3.544s] -- Up-to-date: /home/sahruday/ros2_ws/install/turtlesim/share/turtlesim/srv/SetPen_Response.msg
[3.544s] -- Up-to-date: /home/sahruday/ros2_ws/install/turtlesim/share/turtlesim/srv/Spawn.srv
[3.544s] -- Up-to-date: /home/sahruday/ros2_ws/install/turtlesim/share/turtlesim/srv/Spawn_Request.msg
[3.544s] -- Up-to-date: /home/sahruday/ros2_ws/install/turtlesim/share/turtlesim/srv/Spawn_Response.msg
[3.544s] -- Up-to-date: /home/sahruday/ros2_ws/install/turtlesim/share/turtlesim/srv/TeleportAbsolute.srv
[3.544s] -- Up-to-date: /home/sahruday/ros2_ws/install/turtlesim/share/turtlesim/srv/TeleportAbsolute_Request.msg
[3.544s] -- Up-to-date: /home/sahruday/ros2_ws/install/turtlesim/share/turtlesim/srv/TeleportAbsolute_Response.msg
[3.544s] -- Up-to-date: /home/sahruday/ros2_ws/install/turtlesim/share/turtlesim/srv/TeleportRelative.srv
[3.544s] -- Up-to-date: /home/sahruday/ros2_ws/install/turtlesim/share/turtlesim/srv/TeleportRelative_Request.msg
[3.545s] -- Up-to-date: /home/sahruday/ros2_ws/install/turtlesim/share/turtlesim/srv/TeleportRelative_Response.msg
[3.545s] -- Up-to-date: /home/sahruday/ros2_ws/install/turtlesim/lib/turtlesim/turtlesim_node
[3.545s] -- Up-to-date: /home/sahruday/ros2_ws/install/turtlesim/lib/turtlesim/turtle_teleop_key
[3.545s] -- Up-to-date: /home/sahruday/ros2_ws/install/turtlesim/lib/turtlesim/draw_square
[3.545s] -- Up-to-date: /home/sahruday/ros2_ws/install/turtlesim/lib/turtlesim/mimic
[3.545s] -- Up-to-date: /home/sahruday/ros2_ws/install/turtlesim/share/turtlesim/images
[3.545s] -- Up-to-date: /home/sahruday/ros2_ws/install/turtlesim/share/turtlesim/images/ardent.png
[3.545s] -- Up-to-date: /home/sahruday/ros2_ws/install/turtlesim/share/turtlesim/images/crystal.png
[3.545s] -- Up-to-date: /home/sahruday/ros2_ws/install/turtlesim/share/turtlesim/images/galactic.png
[3.546s] -- Up-to-date: /home/sahruday/ros2_ws/install/turtlesim/share/turtlesim/images/humble.png
[3.546s] -- Up-to-date: /home/sahruday/ros2_ws/install/turtlesim/share/turtlesim/images/foxy.png
[3.546s] -- Up-to-date: /home/sahruday/ros2_ws/install/turtlesim/share/turtlesim/images/eloquent.png
[3.546s] -- Up-to-date: /home/sahruday/ros2_ws/install/turtlesim/share/turtlesim/images/bouncy.png
[3.546s] -- Up-to-date: /home/sahruday/ros2_ws/install/turtlesim/share/turtlesim/images/dashing.png
[3.546s] -- Up-to-date: /home/sahruday/ros2_ws/install/turtlesim/share/turtlesim/images/rolling.png
[3.546s] -- Up-to-date: /home/sahruday/ros2_ws/install/turtlesim/share/turtlesim/launch
[3.546s] -- Up-to-date: /home/sahruday/ros2_ws/install/turtlesim/share/turtlesim/launch/multisim.launch.py
[3.546s] -- Up-to-date: /home/sahruday/ros2_ws/install/turtlesim/share/ament_index/resource_index/package_run_dependencies/turtlesim
[3.546s] -- Up-to-date: /home/sahruday/ros2_ws/install/turtlesim/share/ament_index/resource_index/parent_prefix_path/turtlesim
[3.547s] -- Up-to-date: /home/sahruday/ros2_ws/install/turtlesim/share/turtlesim/environment/ament_prefix_path.dsv
[3.547s] -- Up-to-date: /home/sahruday/ros2_ws/install/turtlesim/share/turtlesim/environment/path.dsv
[3.547s] -- Up-to-date: /home/sahruday/ros2_ws/install/turtlesim/share/turtlesim/local_setup.bash
[3.547s] -- Up-to-date: /home/sahruday/ros2_ws/install/turtlesim/share/turtlesim/local_setup.sh
[3.547s] -- Up-to-date: /home/sahruday/ros2_ws/install/turtlesim/share/turtlesim/local_setup.zsh
[3.547s] -- Up-to-date: /home/sahruday/ros2_ws/install/turtlesim/share/turtlesim/local_setup.dsv
[3.547s] -- Installing: /home/sahruday/ros2_ws/install/turtlesim/share/turtlesim/package.dsv
[3.547s] -- Up-to-date: /home/sahruday/ros2_ws/install/turtlesim/share/ament_index/resource_index/packages/turtlesim
[3.548s] -- Up-to-date: /home/sahruday/ros2_ws/install/turtlesim/share/turtlesim/cmake/export_turtlesim__rosidl_generator_cExport.cmake
[3.548s] -- Up-to-date: /home/sahruday/ros2_ws/install/turtlesim/share/turtlesim/cmake/export_turtlesim__rosidl_generator_cExport-noconfig.cmake
[3.548s] -- Up-to-date: /home/sahruday/ros2_ws/install/turtlesim/share/turtlesim/cmake/export_turtlesim__rosidl_typesupport_fastrtps_cExport.cmake
[3.549s] -- Up-to-date: /home/sahruday/ros2_ws/install/turtlesim/share/turtlesim/cmake/export_turtlesim__rosidl_typesupport_fastrtps_cExport-noconfig.cmake
[3.549s] -- Up-to-date: /home/sahruday/ros2_ws/install/turtlesim/share/turtlesim/cmake/export_turtlesim__rosidl_generator_cppExport.cmake
[3.549s] -- Up-to-date: /home/sahruday/ros2_ws/install/turtlesim/share/turtlesim/cmake/export_turtlesim__rosidl_typesupport_fastrtps_cppExport.cmake
[3.549s] -- Up-to-date: /home/sahruday/ros2_ws/install/turtlesim/share/turtlesim/cmake/export_turtlesim__rosidl_typesupport_fastrtps_cppExport-noconfig.cmake
[3.550s] -- Up-to-date: /home/sahruday/ros2_ws/install/turtlesim/share/turtlesim/cmake/turtlesim__rosidl_typesupport_introspection_cExport.cmake
[3.550s] -- Up-to-date: /home/sahruday/ros2_ws/install/turtlesim/share/turtlesim/cmake/turtlesim__rosidl_typesupport_introspection_cExport-noconfig.cmake
[3.550s] -- Up-to-date: /home/sahruday/ros2_ws/install/turtlesim/share/turtlesim/cmake/turtlesim__rosidl_typesupport_cExport.cmake
[3.550s] -- Up-to-date: /home/sahruday/ros2_ws/install/turtlesim/share/turtlesim/cmake/turtlesim__rosidl_typesupport_cExport-noconfig.cmake
[3.550s] -- Up-to-date: /home/sahruday/ros2_ws/install/turtlesim/share/turtlesim/cmake/turtlesim__rosidl_typesupport_introspection_cppExport.cmake
[3.550s] -- Up-to-date: /home/sahruday/ros2_ws/install/turtlesim/share/turtlesim/cmake/turtlesim__rosidl_typesupport_introspection_cppExport-noconfig.cmake
[3.551s] -- Up-to-date: /home/sahruday/ros2_ws/install/turtlesim/share/turtlesim/cmake/turtlesim__rosidl_typesupport_cppExport.cmake
[3.551s] -- Up-to-date: /home/sahruday/ros2_ws/install/turtlesim/share/turtlesim/cmake/turtlesim__rosidl_typesupport_cppExport-noconfig.cmake
[3.551s] -- Up-to-date: /home/sahruday/ros2_ws/install/turtlesim/share/turtlesim/cmake/export_turtlesim__rosidl_generator_pyExport.cmake
[3.551s] -- Up-to-date: /home/sahruday/ros2_ws/install/turtlesim/share/turtlesim/cmake/export_turtlesim__rosidl_generator_pyExport-noconfig.cmake
[3.551s] -- Up-to-date: /home/sahruday/ros2_ws/install/turtlesim/share/turtlesim/cmake/rosidl_cmake-extras.cmake
[3.551s] -- Up-to-date: /home/sahruday/ros2_ws/install/turtlesim/share/turtlesim/cmake/ament_cmake_export_dependencies-extras.cmake
[3.551s] -- Up-to-date: /home/sahruday/ros2_ws/install/turtlesim/share/turtlesim/cmake/ament_cmake_export_include_directories-extras.cmake
[3.552s] -- Up-to-date: /home/sahruday/ros2_ws/install/turtlesim/share/turtlesim/cmake/ament_cmake_export_libraries-extras.cmake
[3.552s] -- Up-to-date: /home/sahruday/ros2_ws/install/turtlesim/share/turtlesim/cmake/ament_cmake_export_targets-extras.cmake
[3.552s] -- Up-to-date: /home/sahruday/ros2_ws/install/turtlesim/share/turtlesim/cmake/rosidl_cmake_export_typesupport_targets-extras.cmake
[3.552s] -- Up-to-date: /home/sahruday/ros2_ws/install/turtlesim/share/turtlesim/cmake/rosidl_cmake_export_typesupport_libraries-extras.cmake
[3.552s] -- Up-to-date: /home/sahruday/ros2_ws/install/turtlesim/share/turtlesim/cmake/turtlesimConfig.cmake
[3.552s] -- Up-to-date: /home/sahruday/ros2_ws/install/turtlesim/share/turtlesim/cmake/turtlesimConfig-version.cmake
[3.552s] -- Up-to-date: /home/sahruday/ros2_ws/install/turtlesim/share/turtlesim/package.xml
[3.559s] Invoked command in '/home/sahruday/ros2_ws/build/turtlesim' returned '0': CMAKE_PREFIX_PATH=${CMAKE_PREFIX_PATH}:/home/sahruday/ros2_humble/install/rqt_bag_plugins:/home/sahruday/ros2_humble/install/rqt_bag:/home/sahruday/ros2_humble/install/ros2bag:/home/sahruday/ros2_humble/install/tracetools_test:/home/sahruday/ros2_humble/install/tracetools_launch:/home/sahruday/ros2_humble/install/topic_monitor:/home/sahruday/ros2_humble/install/tf2_tools:/home/sahruday/ros2_humble/install/examples_tf2_py:/home/sahruday/ros2_humble/install/tf2_ros_py:/home/sahruday/ros2_humble/install/sros2:/home/sahruday/ros2_humble/install/rqt_topic:/home/sahruday/ros2_humble/install/rqt_srv:/home/sahruday/ros2_humble/install/rqt_shell:/home/sahruday/ros2_humble/install/rqt_service_caller:/home/sahruday/ros2_humble/install/rqt_reconfigure:/home/sahruday/ros2_humble/install/rqt_py_console:/home/sahruday/ros2_humble/install/rqt_publisher:/home/sahruday/ros2_humble/install/rqt_plot:/home/sahruday/ros2_humble/install/rqt_action:/home/sahruday/ros2_humble/install/rqt_msg:/home/sahruday/ros2_humble/install/rqt_console:/home/sahruday/ros2_humble/install/rqt:/home/sahruday/ros2_humble/install/rqt_graph:/home/sahruday/ros2_humble/install/rqt_gui_py:/home/sahruday/ros2_humble/install/rqt_gui:/home/sahruday/ros2_humble/install/ros2trace:/home/sahruday/ros2_humble/install/ros2topic:/home/sahruday/ros2_humble/install/ros2test:/home/sahruday/ros2_humble/install/ros2component:/home/sahruday/ros2_humble/install/ros2param:/home/sahruday/ros2_humble/install/ros2lifecycle:/home/sahruday/ros2_humble/install/ros2service:/home/sahruday/ros2_humble/install/ros2run:/home/sahruday/ros2_humble/install/ros2launch:/home/sahruday/ros2_humble/install/ros2pkg:/home/sahruday/ros2_humble/install/ros2node:/home/sahruday/ros2_humble/install/ros2multicast:/home/sahruday/ros2_humble/install/ros2interface:/home/sahruday/ros2_humble/install/ros2doctor:/home/sahruday/ros2_humble/install/ros2action:/home/sahruday/ros2_humble/install/ros2cli:/home/sahruday/ros2_humble/install/quality_of_service_demo_py:/home/sahruday/ros2_humble/install/lifecycle_py:/home/sahruday/ros2_humble/install/launch_testing_ros:/home/sahruday/ros2_humble/install/launch_ros:/home/sahruday/ros2_humble/install/examples_rclpy_pointcloud_publisher:/home/sahruday/ros2_humble/install/examples_rclpy_minimal_subscriber:/home/sahruday/ros2_humble/install/examples_rclpy_minimal_service:/home/sahruday/ros2_humble/install/examples_rclpy_minimal_publisher:/home/sahruday/ros2_humble/install/examples_rclpy_minimal_client:/home/sahruday/ros2_humble/install/examples_rclpy_minimal_action_server:/home/sahruday/ros2_humble/install/examples_rclpy_minimal_action_client:/home/sahruday/ros2_humble/install/examples_rclpy_guard_conditions:/home/sahruday/ros2_humble/install/examples_rclpy_executors:/home/sahruday/ros2_humble/install/demo_nodes_py:/home/sahruday/ros2_humble/install/action_tutorials_py:/home/sahruday/ros2_humble/install/ament_uncrustify:/home/sahruday/ros2_humble/install/tracetools_trace:/home/sahruday/ros2_humble/install/tracetools_read:/home/sahruday/ros2_humble/install/test_tracetools_launch:/home/sahruday/ros2_humble/install/test_launch_ros:/home/sahruday/ros2_humble/install/sensor_msgs_py:/home/sahruday/ros2_humble/install/rpyutils:/home/sahruday/ros2_humble/install/rosidl_runtime_py:/home/sahruday/ros2_humble/install/rosidl_cli:/home/sahruday/ros2_humble/install/launch_pytest:/home/sahruday/ros2_humble/install/launch_testing:/home/sahruday/ros2_humble/install/launch_yaml:/home/sahruday/ros2_humble/install/launch_xml:/home/sahruday/ros2_humble/install/launch:/home/sahruday/ros2_humble/install/osrf_pycommon:/home/sahruday/ros2_humble/install/launch_testing_examples:/home/sahruday/ros2_humble/install/domain_coordinator:/home/sahruday/ros2_humble/install/ament_xmllint:/home/sahruday/ros2_humble/install/ament_pyflakes:/home/sahruday/ros2_humble/install/ament_pycodestyle:/home/sahruday/ros2_humble/install/ament_pep257:/home/sahruday/ros2_humble/install/ament_pclint:/home/sahruday/ros2_humble/install/ament_package:/home/sahruday/ros2_humble/install/ament_mypy:/home/sahruday/ros2_humble/install/ament_lint_cmake:/home/sahruday/ros2_humble/install/ament_flake8:/home/sahruday/ros2_humble/install/ament_copyright:/home/sahruday/ros2_humble/install/ament_lint:/home/sahruday/ros2_humble/install/ament_index_python:/home/sahruday/ros2_humble/install/ament_cpplint:/home/sahruday/ros2_humble/install/ament_cppcheck:/home/sahruday/ros2_humble/install/ament_clang_tidy:/home/sahruday/ros2_humble/install/ament_clang_format /usr/bin/cmake --install /home/sahruday/ros2_ws/build/turtlesim
