[0.008s] Invoking command in '/home/chotu/Beginner_Tutorials_Ros2/build/serverpublisher': CMAKE_PREFIX_PATH=/opt/ros/humble /usr/bin/cmake /home/chotu/Beginner_Tutorials_Ros2 -DCMAKE_INSTALL_PREFIX=/home/chotu/Beginner_Tutorials_Ros2/install/serverpublisher
[0.051s] -- The C compiler identification is GNU 11.3.0
[0.086s] -- The CXX compiler identification is GNU 11.3.0
[0.090s] -- Detecting C compiler ABI info
[0.131s] -- Detecting C compiler ABI info - done
[0.135s] -- Check for working C compiler: /usr/bin/cc - skipped
[0.136s] -- Detecting C compile features
[0.136s] -- Detecting C compile features - done
[0.138s] -- Detecting CXX compiler ABI info
[0.185s] -- Detecting CXX compiler ABI info - done
[0.190s] -- Check for working CXX compiler: /usr/bin/c++ - skipped
[0.190s] -- Detecting CXX compile features
[0.191s] -- Detecting CXX compile features - done
[0.192s] -- Found ament_cmake: 1.3.3 (/opt/ros/humble/share/ament_cmake/cmake)
[0.313s] -- Found Python3: /usr/bin/python3.10 (found version "3.10.6") found components: Interpreter 
[0.373s] -- Found rclcpp: 16.0.2 (/opt/ros/humble/share/rclcpp/cmake)
[0.402s] -- Found rosidl_generator_c: 3.1.4 (/opt/ros/humble/share/rosidl_generator_c/cmake)
[0.405s] -- Found rosidl_adapter: 3.1.4 (/opt/ros/humble/share/rosidl_adapter/cmake)
[0.411s] -- Found rosidl_generator_cpp: 3.1.4 (/opt/ros/humble/share/rosidl_generator_cpp/cmake)
[0.419s] -- Using all available rosidl_typesupport_c: rosidl_typesupport_fastrtps_c;rosidl_typesupport_introspection_c
[0.432s] -- Using all available rosidl_typesupport_cpp: rosidl_typesupport_fastrtps_cpp;rosidl_typesupport_introspection_cpp
[0.477s] -- Found rmw_implementation_cmake: 6.1.1 (/opt/ros/humble/share/rmw_implementation_cmake/cmake)
[0.479s] -- Found rmw_fastrtps_cpp: 6.2.2 (/opt/ros/humble/share/rmw_fastrtps_cpp/cmake)
[0.533s] -- Found OpenSSL: /usr/lib/x86_64-linux-gnu/libcrypto.so (found version "3.0.2")  
[0.552s] -- Found FastRTPS: /opt/ros/humble/include  
[0.583s] -- Using RMW implementation 'rmw_fastrtps_cpp' as default
[0.589s] -- Looking for pthread.h
[0.634s] -- Looking for pthread.h - found
[0.634s] -- Performing Test CMAKE_HAVE_LIBC_PTHREAD
[0.683s] -- Performing Test CMAKE_HAVE_LIBC_PTHREAD - Success
[0.684s] -- Found Threads: TRUE  
[0.791s] -- Found tf2: 0.25.1 (/opt/ros/humble/share/tf2/cmake)
[0.836s] -- Found tf2_ros: 0.25.1 (/opt/ros/humble/share/tf2_ros/cmake)
[1.070s] -- Found rosidl_default_generators: 1.2.0 (/opt/ros/humble/share/rosidl_default_generators/cmake)
[1.284s] -- Found ament_cmake_ros: 0.10.0 (/opt/ros/humble/share/ament_cmake_ros/cmake)
[1.579s] -- Using all available rosidl_typesupport_c: rosidl_typesupport_fastrtps_c;rosidl_typesupport_introspection_c
[1.694s] -- Using all available rosidl_typesupport_cpp: rosidl_typesupport_fastrtps_cpp;rosidl_typesupport_introspection_cpp
[1.711s] -- Found PythonInterp: /usr/bin/python3 (found suitable version "3.10.6", minimum required is "3.6") 
[1.711s] -- Found python_cmake_module: 0.10.0 (/opt/ros/humble/share/python_cmake_module/cmake)
[1.731s] -- Found PythonLibs: /usr/lib/x86_64-linux-gnu/libpython3.10.so (found suitable version "3.10.6", minimum required is "3.5") 
[1.731s] -- Using PYTHON_EXECUTABLE: /usr/bin/python3
[1.731s] -- Using PYTHON_INCLUDE_DIRS: /usr/include/python3.10
[1.731s] -- Using PYTHON_LIBRARIES: /usr/lib/x86_64-linux-gnu/libpython3.10.so
[1.747s] -- Found PythonExtra: .so  
[1.790s] -- Found ament_lint_auto: 0.12.4 (/opt/ros/humble/share/ament_lint_auto/cmake)
[1.809s] -- Found gtest sources under '/opt/ros/humble/src/gtest_vendor': C++ tests using 'Google Test' will be built
[1.822s] -- Added test 'pep257' to check Python code against some of the docstring style conventions in PEP 257
[1.824s] -- Configuring done
[1.867s] -- Generating done
[1.869s] -- Build files have been written to: /home/chotu/Beginner_Tutorials_Ros2/build/serverpublisher
[1.881s] Invoked command in '/home/chotu/Beginner_Tutorials_Ros2/build/serverpublisher' returned '0': CMAKE_PREFIX_PATH=/opt/ros/humble /usr/bin/cmake /home/chotu/Beginner_Tutorials_Ros2 -DCMAKE_INSTALL_PREFIX=/home/chotu/Beginner_Tutorials_Ros2/install/serverpublisher
[1.882s] Invoking command in '/home/chotu/Beginner_Tutorials_Ros2/build/serverpublisher': CMAKE_PREFIX_PATH=/opt/ros/humble /usr/bin/cmake --build /home/chotu/Beginner_Tutorials_Ros2/build/serverpublisher -- -j16 -l16
[1.908s] [  1%] [34m[1mGenerating C code for ROS interfaces[0m
[1.914s] [  5%] [34m[1mGenerating C++ code for ROS interfaces[0m
[1.914s] [  5%] [32mBuilding CXX object gtest/CMakeFiles/gtest_main.dir/src/gtest_main.cc.o[0m
[1.914s] [  5%] [32mBuilding CXX object gtest/CMakeFiles/gtest.dir/src/gtest-all.cc.o[0m
[1.919s] [  5%] Built target ament_cmake_python_copy_serverpublisher
[2.096s] running egg_info
[2.096s] creating serverpublisher.egg-info
[2.096s] writing serverpublisher.egg-info/PKG-INFO
[2.096s] writing dependency_links to serverpublisher.egg-info/dependency_links.txt
[2.096s] writing top-level names to serverpublisher.egg-info/top_level.txt
[2.097s] writing manifest file 'serverpublisher.egg-info/SOURCES.txt'
[2.098s] reading manifest file 'serverpublisher.egg-info/SOURCES.txt'
[2.098s] writing manifest file 'serverpublisher.egg-info/SOURCES.txt'
[2.121s] [  5%] Built target ament_cmake_python_build_serverpublisher_egg
[2.233s] [  5%] Built target serverpublisher__cpp
[2.241s] [  8%] [34m[1mGenerating C++ type support dispatch for ROS interfaces[0m
[2.241s] [  8%] [34m[1mGenerating C++ type support for eProsima Fast-RTPS[0m
[2.241s] [  8%] [34m[1mGenerating C++ introspection for ROS interfaces[0m
[2.273s] [ 15%] [32mBuilding C object CMakeFiles/serverpublisher__rosidl_generator_c.dir/rosidl_generator_c/serverpublisher/msg/detail/data__functions.c.o[0m
[2.274s] [ 15%] [32mBuilding C object CMakeFiles/serverpublisher__rosidl_generator_c.dir/rosidl_generator_c/serverpublisher/srv/detail/add_three_ints__functions.c.o[0m
[2.274s] [ 15%] [32mBuilding C object CMakeFiles/serverpublisher__rosidl_generator_c.dir/rosidl_generator_c/serverpublisher/msg/detail/sphere__functions.c.o[0m
[2.274s] [ 15%] [32mBuilding C object CMakeFiles/serverpublisher__rosidl_generator_c.dir/rosidl_generator_c/serverpublisher/srv/detail/change_string__functions.c.o[0m
[2.274s] [ 15%] [32mBuilding C object CMakeFiles/serverpublisher__rosidl_generator_c.dir/rosidl_generator_c/serverpublisher/msg/detail/num__functions.c.o[0m
[2.328s] [ 16%] [32m[1mLinking C shared library libserverpublisher__rosidl_generator_c.so[0m
[2.353s] [ 16%] Built target serverpublisher__rosidl_generator_c
[2.360s] [ 18%] [34m[1mGenerating C introspection for ROS interfaces[0m
[2.360s] [ 18%] [34m[1mGenerating C type support dispatch for ROS interfaces[0m
[2.362s] [ 20%] [34m[1mGenerating C type support for eProsima Fast-RTPS[0m
[2.515s] [ 26%] [32mBuilding CXX object CMakeFiles/serverpublisher__rosidl_typesupport_cpp.dir/rosidl_typesupport_cpp/serverpublisher/msg/num__type_support.cpp.o[0m
[2.515s] [ 26%] [32mBuilding CXX object CMakeFiles/serverpublisher__rosidl_typesupport_cpp.dir/rosidl_typesupport_cpp/serverpublisher/msg/sphere__type_support.cpp.o[0m
[2.515s] [ 26%] [32mBuilding CXX object CMakeFiles/serverpublisher__rosidl_typesupport_cpp.dir/rosidl_typesupport_cpp/serverpublisher/srv/change_string__type_support.cpp.o[0m
[2.515s] [ 26%] [32mBuilding CXX object CMakeFiles/serverpublisher__rosidl_typesupport_cpp.dir/rosidl_typesupport_cpp/serverpublisher/msg/data__type_support.cpp.o[0m
[2.515s] [ 26%] [32mBuilding CXX object CMakeFiles/serverpublisher__rosidl_typesupport_cpp.dir/rosidl_typesupport_cpp/serverpublisher/srv/add_three_ints__type_support.cpp.o[0m
[2.580s] [ 30%] [32mBuilding CXX object CMakeFiles/serverpublisher__rosidl_typesupport_introspection_cpp.dir/rosidl_typesupport_introspection_cpp/serverpublisher/msg/detail/sphere__type_support.cpp.o[0m
[2.580s] [ 30%] [32mBuilding CXX object CMakeFiles/serverpublisher__rosidl_typesupport_introspection_cpp.dir/rosidl_typesupport_introspection_cpp/serverpublisher/msg/detail/data__type_support.cpp.o[0m
[2.580s] [ 30%] [32mBuilding CXX object CMakeFiles/serverpublisher__rosidl_typesupport_introspection_cpp.dir/rosidl_typesupport_introspection_cpp/serverpublisher/msg/detail/num__type_support.cpp.o[0m
[2.586s] [ 31%] [32mBuilding CXX object CMakeFiles/serverpublisher__rosidl_typesupport_introspection_cpp.dir/rosidl_typesupport_introspection_cpp/serverpublisher/srv/detail/add_three_ints__type_support.cpp.o[0m
[2.591s] [ 32%] [32mBuilding CXX object CMakeFiles/serverpublisher__rosidl_typesupport_introspection_cpp.dir/rosidl_typesupport_introspection_cpp/serverpublisher/srv/detail/change_string__type_support.cpp.o[0m
[2.694s] [ 34%] [32m[1mLinking CXX static library libgtest_main.a[0m
[2.760s] [ 35%] [32mBuilding CXX object CMakeFiles/serverpublisher__rosidl_typesupport_fastrtps_cpp.dir/rosidl_typesupport_fastrtps_cpp/serverpublisher/msg/detail/dds_fastrtps/num__type_support.cpp.o[0m
[2.850s] [ 36%] [32mBuilding CXX object CMakeFiles/serverpublisher__rosidl_typesupport_c.dir/rosidl_typesupport_c/serverpublisher/msg/num__type_support.cpp.o[0m
[2.860s] [ 36%] Built target gtest_main
[2.869s] [ 37%] [32mBuilding CXX object CMakeFiles/serverpublisher__rosidl_typesupport_fastrtps_cpp.dir/rosidl_typesupport_fastrtps_cpp/serverpublisher/msg/detail/dds_fastrtps/sphere__type_support.cpp.o[0m
[2.871s] [ 39%] [32mBuilding CXX object CMakeFiles/serverpublisher__rosidl_typesupport_c.dir/rosidl_typesupport_c/serverpublisher/msg/sphere__type_support.cpp.o[0m
[2.873s] [ 40%] [32mBuilding CXX object CMakeFiles/serverpublisher__rosidl_typesupport_fastrtps_cpp.dir/rosidl_typesupport_fastrtps_cpp/serverpublisher/msg/detail/dds_fastrtps/data__type_support.cpp.o[0m
[2.883s] [ 41%] [32mBuilding CXX object CMakeFiles/serverpublisher__rosidl_typesupport_c.dir/rosidl_typesupport_c/serverpublisher/msg/data__type_support.cpp.o[0m
[2.883s] [ 43%] [32mBuilding C object CMakeFiles/serverpublisher__rosidl_typesupport_introspection_c.dir/rosidl_typesupport_introspection_c/serverpublisher/msg/detail/num__type_support.c.o[0m
[2.896s] [ 44%] [32mBuilding CXX object CMakeFiles/serverpublisher__rosidl_typesupport_c.dir/rosidl_typesupport_c/serverpublisher/srv/add_three_ints__type_support.cpp.o[0m
[2.901s] [ 45%] [32mBuilding C object CMakeFiles/serverpublisher__rosidl_typesupport_introspection_c.dir/rosidl_typesupport_introspection_c/serverpublisher/msg/detail/sphere__type_support.c.o[0m
[2.920s] [ 46%] [32mBuilding CXX object CMakeFiles/serverpublisher__rosidl_typesupport_c.dir/rosidl_typesupport_c/serverpublisher/srv/change_string__type_support.cpp.o[0m
[2.927s] [ 48%] [32mBuilding CXX object CMakeFiles/serverpublisher__rosidl_typesupport_fastrtps_cpp.dir/rosidl_typesupport_fastrtps_cpp/serverpublisher/srv/detail/dds_fastrtps/add_three_ints__type_support.cpp.o[0m
[2.933s] [ 50%] [32mBuilding C object CMakeFiles/serverpublisher__rosidl_typesupport_introspection_c.dir/rosidl_typesupport_introspection_c/serverpublisher/msg/detail/data__type_support.c.o[0m
[2.934s] [ 50%] [32m[1mLinking CXX shared library libserverpublisher__rosidl_typesupport_cpp.so[0m
[2.964s] [ 51%] [32mBuilding C object CMakeFiles/serverpublisher__rosidl_typesupport_introspection_c.dir/rosidl_typesupport_introspection_c/serverpublisher/srv/detail/add_three_ints__type_support.c.o[0m
[2.978s] [ 54%] [32mBuilding CXX object CMakeFiles/serverpublisher__rosidl_typesupport_fastrtps_c.dir/rosidl_typesupport_fastrtps_c/serverpublisher/msg/detail/num__type_support_c.cpp.o[0m
[2.979s] [ 54%] [32mBuilding C object CMakeFiles/serverpublisher__rosidl_typesupport_introspection_c.dir/rosidl_typesupport_introspection_c/serverpublisher/srv/detail/change_string__type_support.c.o[0m
[2.988s] [ 55%] [32m[1mLinking CXX shared library libserverpublisher__rosidl_typesupport_c.so[0m
[2.988s] [ 55%] Built target serverpublisher__rosidl_typesupport_cpp
[2.990s] [ 56%] [32mBuilding CXX object CMakeFiles/serverpublisher__rosidl_typesupport_fastrtps_c.dir/rosidl_typesupport_fastrtps_c/serverpublisher/msg/detail/sphere__type_support_c.cpp.o[0m
[3.014s] [ 58%] [32mBuilding CXX object CMakeFiles/talker.dir/src/publisher_member_function.cpp.o[0m
[3.044s] [ 59%] [32m[1mLinking C shared library libserverpublisher__rosidl_typesupport_introspection_c.so[0m
[3.070s] [ 60%] [32mBuilding CXX object CMakeFiles/talkerandlistner.dir/src/pub_sub_node.cpp.o[0m
[3.093s] [ 62%] [32mBuilding CXX object CMakeFiles/serverpublisher__rosidl_typesupport_fastrtps_c.dir/rosidl_typesupport_fastrtps_c/serverpublisher/msg/detail/data__type_support_c.cpp.o[0m
[3.110s] [ 62%] Built target serverpublisher__rosidl_typesupport_c
[3.123s] [ 62%] Built target serverpublisher__rosidl_typesupport_introspection_c
[3.125s] [ 63%] [32mBuilding CXX object CMakeFiles/serverpublisher__rosidl_typesupport_fastrtps_c.dir/rosidl_typesupport_fastrtps_c/serverpublisher/srv/detail/add_three_ints__type_support_c.cpp.o[0m
[3.137s] [ 64%] [32mBuilding CXX object CMakeFiles/serverpublisher__rosidl_typesupport_fastrtps_c.dir/rosidl_typesupport_fastrtps_c/serverpublisher/srv/detail/change_string__type_support_c.cpp.o[0m
[3.141s] [ 65%] [32mBuilding CXX object CMakeFiles/server.dir/src/add_two_ints_server.cpp.o[0m
[3.147s] [ 67%] [32m[1mLinking CXX shared library libserverpublisher__rosidl_typesupport_introspection_cpp.so[0m
[3.165s] [ 68%] [32mBuilding CXX object CMakeFiles/static_transform_publisher.dir/src/static_transform_publisher.cpp.o[0m
[3.165s] [ 69%] [32mBuilding CXX object CMakeFiles/stringserver.dir/src/change_string_server.cpp.o[0m
[3.279s] [ 70%] [32mBuilding CXX object CMakeFiles/serverpublisher__rosidl_typesupport_fastrtps_cpp.dir/rosidl_typesupport_fastrtps_cpp/serverpublisher/srv/detail/dds_fastrtps/change_string__type_support.cpp.o[0m
[3.373s] [ 70%] Built target serverpublisher__rosidl_typesupport_introspection_cpp
[3.568s] [ 72%] [32m[1mLinking CXX shared library libserverpublisher__rosidl_typesupport_fastrtps_c.so[0m
[3.657s] [ 72%] Built target serverpublisher__rosidl_typesupport_fastrtps_c
[3.681s] [ 73%] [32m[1mLinking CXX shared library libserverpublisher__rosidl_typesupport_fastrtps_cpp.so[0m
[3.763s] [ 73%] Built target serverpublisher__rosidl_typesupport_fastrtps_cpp
[3.780s] [ 73%] Built target serverpublisher
[3.796s] [ 74%] [34m[1mGenerating Python code for ROS interfaces[0m
[4.336s] [ 74%] Built target serverpublisher__py
[4.352s] [ 79%] [32mBuilding C object CMakeFiles/serverpublisher__rosidl_generator_py.dir/rosidl_generator_py/serverpublisher/msg/_num_s.c.o[0m
[4.352s] [ 79%] [32mBuilding C object CMakeFiles/serverpublisher__rosidl_generator_py.dir/rosidl_generator_py/serverpublisher/msg/_data_s.c.o[0m
[4.352s] [ 79%] [32mBuilding C object CMakeFiles/serverpublisher__rosidl_generator_py.dir/rosidl_generator_py/serverpublisher/msg/_sphere_s.c.o[0m
[4.352s] [ 79%] [32mBuilding C object CMakeFiles/serverpublisher__rosidl_generator_py.dir/rosidl_generator_py/serverpublisher/srv/_add_three_ints_s.c.o[0m
[4.352s] [ 81%] [32mBuilding C object CMakeFiles/serverpublisher__rosidl_generator_py.dir/rosidl_generator_py/serverpublisher/srv/_change_string_s.c.o[0m
[4.478s] [ 82%] [32m[1mLinking C shared library rosidl_generator_py/serverpublisher/libserverpublisher__rosidl_generator_py.so[0m
[4.507s] [ 82%] Built target serverpublisher__rosidl_generator_py
[4.523s] [ 83%] [32mBuilding C object CMakeFiles/serverpublisher__rosidl_typesupport_fastrtps_c__pyext.dir/rosidl_generator_py/serverpublisher/_serverpublisher_s.ep.rosidl_typesupport_fastrtps_c.c.o[0m
[4.525s] [ 86%] [32mBuilding C object CMakeFiles/serverpublisher__rosidl_typesupport_c__pyext.dir/rosidl_generator_py/serverpublisher/_serverpublisher_s.ep.rosidl_typesupport_c.c.o[0m
[4.526s] [ 86%] [32mBuilding C object CMakeFiles/serverpublisher__rosidl_typesupport_introspection_c__pyext.dir/rosidl_generator_py/serverpublisher/_serverpublisher_s.ep.rosidl_typesupport_introspection_c.c.o[0m
[4.645s] [ 88%] [32m[1mLinking C shared library rosidl_generator_py/serverpublisher/serverpublisher_s__rosidl_typesupport_introspection_c.cpython-310-x86_64-linux-gnu.so[0m
[4.645s] [ 88%] [32m[1mLinking C shared library rosidl_generator_py/serverpublisher/serverpublisher_s__rosidl_typesupport_fastrtps_c.cpython-310-x86_64-linux-gnu.so[0m
[4.662s] [ 89%] [32m[1mLinking C shared library rosidl_generator_py/serverpublisher/serverpublisher_s__rosidl_typesupport_c.cpython-310-x86_64-linux-gnu.so[0m
[4.681s] [ 89%] Built target serverpublisher__rosidl_typesupport_fastrtps_c__pyext
[4.686s] [ 89%] Built target serverpublisher__rosidl_typesupport_introspection_c__pyext
[4.696s] [ 89%] Built target serverpublisher__rosidl_typesupport_c__pyext
[5.002s] [ 91%] [32m[1mLinking CXX static library libgtest.a[0m
[5.067s] [ 91%] Built target gtest
[5.082s] [ 92%] [32mBuilding CXX object CMakeFiles/server_test.dir/test/test_server.cpp.o[0m
[6.210s] [ 93%] [32m[1mLinking CXX executable server[0m
[6.230s] [ 94%] [32m[1mLinking CXX executable stringserver[0m
[6.347s] [ 94%] Built target server
[6.358s] [ 94%] Built target stringserver
[7.442s] [ 96%] [32m[1mLinking CXX executable static_transform_publisher[0m
[7.619s] [ 96%] Built target static_transform_publisher
[10.174s] [ 97%] [32m[1mLinking CXX executable talker[0m
[10.473s] [ 98%] Built target talker
[10.473s] [ 98%] [32m[1mLinking CXX executable talkerandlistner[0m
[10.741s] [ 98%] Built target talkerandlistner
[12.389s] [100%] [32m[1mLinking CXX executable server_test[0m
[12.703s] [100%] Built target server_test
[12.712s] Invoked command in '/home/chotu/Beginner_Tutorials_Ros2/build/serverpublisher' returned '0': CMAKE_PREFIX_PATH=/opt/ros/humble /usr/bin/cmake --build /home/chotu/Beginner_Tutorials_Ros2/build/serverpublisher -- -j16 -l16
[12.786s] Invoking command in '/home/chotu/Beginner_Tutorials_Ros2/build/serverpublisher': CMAKE_PREFIX_PATH=/opt/ros/humble /usr/bin/cmake --install /home/chotu/Beginner_Tutorials_Ros2/build/serverpublisher
[12.791s] -- Install configuration: ""
[12.791s] -- Installing: /home/chotu/Beginner_Tutorials_Ros2/install/serverpublisher/share/ament_index/resource_index/rosidl_interfaces/serverpublisher
[12.791s] -- Installing: /home/chotu/Beginner_Tutorials_Ros2/install/serverpublisher/include/serverpublisher/serverpublisher
[12.791s] -- Installing: /home/chotu/Beginner_Tutorials_Ros2/install/serverpublisher/include/serverpublisher/serverpublisher/msg
[12.791s] -- Installing: /home/chotu/Beginner_Tutorials_Ros2/install/serverpublisher/include/serverpublisher/serverpublisher/msg/data.h
[12.791s] -- Installing: /home/chotu/Beginner_Tutorials_Ros2/install/serverpublisher/include/serverpublisher/serverpublisher/msg/detail
[12.791s] -- Installing: /home/chotu/Beginner_Tutorials_Ros2/install/serverpublisher/include/serverpublisher/serverpublisher/msg/detail/sphere__functions.c
[12.791s] -- Installing: /home/chotu/Beginner_Tutorials_Ros2/install/serverpublisher/include/serverpublisher/serverpublisher/msg/detail/data__functions.c
[12.791s] -- Installing: /home/chotu/Beginner_Tutorials_Ros2/install/serverpublisher/include/serverpublisher/serverpublisher/msg/detail/data__functions.h
[12.791s] -- Installing: /home/chotu/Beginner_Tutorials_Ros2/install/serverpublisher/include/serverpublisher/serverpublisher/msg/detail/data__type_support.h
[12.792s] -- Installing: /home/chotu/Beginner_Tutorials_Ros2/install/serverpublisher/include/serverpublisher/serverpublisher/msg/detail/data__struct.h
[12.792s] -- Installing: /home/chotu/Beginner_Tutorials_Ros2/install/serverpublisher/include/serverpublisher/serverpublisher/msg/detail/sphere__functions.h
[12.792s] -- Installing: /home/chotu/Beginner_Tutorials_Ros2/install/serverpublisher/include/serverpublisher/serverpublisher/msg/detail/num__type_support.h
[12.792s] -- Installing: /home/chotu/Beginner_Tutorials_Ros2/install/serverpublisher/include/serverpublisher/serverpublisher/msg/detail/sphere__type_support.h
[12.792s] -- Installing: /home/chotu/Beginner_Tutorials_Ros2/install/serverpublisher/include/serverpublisher/serverpublisher/msg/detail/num__functions.h
[12.792s] -- Installing: /home/chotu/Beginner_Tutorials_Ros2/install/serverpublisher/include/serverpublisher/serverpublisher/msg/detail/num__functions.c
[12.792s] -- Installing: /home/chotu/Beginner_Tutorials_Ros2/install/serverpublisher/include/serverpublisher/serverpublisher/msg/detail/num__struct.h
[12.792s] -- Installing: /home/chotu/Beginner_Tutorials_Ros2/install/serverpublisher/include/serverpublisher/serverpublisher/msg/detail/sphere__struct.h
[12.792s] -- Installing: /home/chotu/Beginner_Tutorials_Ros2/install/serverpublisher/include/serverpublisher/serverpublisher/msg/sphere.h
[12.792s] -- Installing: /home/chotu/Beginner_Tutorials_Ros2/install/serverpublisher/include/serverpublisher/serverpublisher/msg/num.h
[12.792s] -- Installing: /home/chotu/Beginner_Tutorials_Ros2/install/serverpublisher/include/serverpublisher/serverpublisher/msg/rosidl_generator_c__visibility_control.h
[12.792s] -- Installing: /home/chotu/Beginner_Tutorials_Ros2/install/serverpublisher/include/serverpublisher/serverpublisher/srv
[12.792s] -- Installing: /home/chotu/Beginner_Tutorials_Ros2/install/serverpublisher/include/serverpublisher/serverpublisher/srv/detail
[12.792s] -- Installing: /home/chotu/Beginner_Tutorials_Ros2/install/serverpublisher/include/serverpublisher/serverpublisher/srv/detail/add_three_ints__struct.h
[12.792s] -- Installing: /home/chotu/Beginner_Tutorials_Ros2/install/serverpublisher/include/serverpublisher/serverpublisher/srv/detail/add_three_ints__functions.h
[12.792s] -- Installing: /home/chotu/Beginner_Tutorials_Ros2/install/serverpublisher/include/serverpublisher/serverpublisher/srv/detail/add_three_ints__functions.c
[12.793s] -- Installing: /home/chotu/Beginner_Tutorials_Ros2/install/serverpublisher/include/serverpublisher/serverpublisher/srv/detail/change_string__functions.c
[12.793s] -- Installing: /home/chotu/Beginner_Tutorials_Ros2/install/serverpublisher/include/serverpublisher/serverpublisher/srv/detail/change_string__type_support.h
[12.793s] -- Installing: /home/chotu/Beginner_Tutorials_Ros2/install/serverpublisher/include/serverpublisher/serverpublisher/srv/detail/change_string__functions.h
[12.793s] -- Installing: /home/chotu/Beginner_Tutorials_Ros2/install/serverpublisher/include/serverpublisher/serverpublisher/srv/detail/change_string__struct.h
[12.793s] -- Installing: /home/chotu/Beginner_Tutorials_Ros2/install/serverpublisher/include/serverpublisher/serverpublisher/srv/detail/add_three_ints__type_support.h
[12.793s] -- Installing: /home/chotu/Beginner_Tutorials_Ros2/install/serverpublisher/include/serverpublisher/serverpublisher/srv/change_string.h
[12.793s] -- Installing: /home/chotu/Beginner_Tutorials_Ros2/install/serverpublisher/include/serverpublisher/serverpublisher/srv/add_three_ints.h
[12.793s] -- Installing: /home/chotu/Beginner_Tutorials_Ros2/install/serverpublisher/share/serverpublisher/environment/library_path.sh
[12.793s] -- Installing: /home/chotu/Beginner_Tutorials_Ros2/install/serverpublisher/share/serverpublisher/environment/library_path.dsv
[12.793s] -- Installing: /home/chotu/Beginner_Tutorials_Ros2/install/serverpublisher/lib/libserverpublisher__rosidl_generator_c.so
[12.793s] -- Set runtime path of "/home/chotu/Beginner_Tutorials_Ros2/install/serverpublisher/lib/libserverpublisher__rosidl_generator_c.so" to ""
[12.793s] -- Up-to-date: /home/chotu/Beginner_Tutorials_Ros2/install/serverpublisher/include/serverpublisher/serverpublisher
[12.793s] -- Up-to-date: /home/chotu/Beginner_Tutorials_Ros2/install/serverpublisher/include/serverpublisher/serverpublisher/msg
[12.793s] -- Up-to-date: /home/chotu/Beginner_Tutorials_Ros2/install/serverpublisher/include/serverpublisher/serverpublisher/msg/detail
[12.793s] -- Installing: /home/chotu/Beginner_Tutorials_Ros2/install/serverpublisher/include/serverpublisher/serverpublisher/msg/detail/data__rosidl_typesupport_fastrtps_c.h
[12.794s] -- Installing: /home/chotu/Beginner_Tutorials_Ros2/install/serverpublisher/include/serverpublisher/serverpublisher/msg/detail/num__rosidl_typesupport_fastrtps_c.h
[12.794s] -- Installing: /home/chotu/Beginner_Tutorials_Ros2/install/serverpublisher/include/serverpublisher/serverpublisher/msg/detail/sphere__rosidl_typesupport_fastrtps_c.h
[12.794s] -- Installing: /home/chotu/Beginner_Tutorials_Ros2/install/serverpublisher/include/serverpublisher/serverpublisher/msg/rosidl_typesupport_fastrtps_c__visibility_control.h
[12.794s] -- Up-to-date: /home/chotu/Beginner_Tutorials_Ros2/install/serverpublisher/include/serverpublisher/serverpublisher/srv
[12.794s] -- Up-to-date: /home/chotu/Beginner_Tutorials_Ros2/install/serverpublisher/include/serverpublisher/serverpublisher/srv/detail
[12.794s] -- Installing: /home/chotu/Beginner_Tutorials_Ros2/install/serverpublisher/include/serverpublisher/serverpublisher/srv/detail/change_string__rosidl_typesupport_fastrtps_c.h
[12.794s] -- Installing: /home/chotu/Beginner_Tutorials_Ros2/install/serverpublisher/include/serverpublisher/serverpublisher/srv/detail/add_three_ints__rosidl_typesupport_fastrtps_c.h
[12.794s] -- Installing: /home/chotu/Beginner_Tutorials_Ros2/install/serverpublisher/lib/libserverpublisher__rosidl_typesupport_fastrtps_c.so
[12.794s] -- Set runtime path of "/home/chotu/Beginner_Tutorials_Ros2/install/serverpublisher/lib/libserverpublisher__rosidl_typesupport_fastrtps_c.so" to ""
[12.794s] -- Up-to-date: /home/chotu/Beginner_Tutorials_Ros2/install/serverpublisher/include/serverpublisher/serverpublisher
[12.794s] -- Up-to-date: /home/chotu/Beginner_Tutorials_Ros2/install/serverpublisher/include/serverpublisher/serverpublisher/msg
[12.794s] -- Up-to-date: /home/chotu/Beginner_Tutorials_Ros2/install/serverpublisher/include/serverpublisher/serverpublisher/msg/detail
[12.794s] -- Installing: /home/chotu/Beginner_Tutorials_Ros2/install/serverpublisher/include/serverpublisher/serverpublisher/msg/detail/num__traits.hpp
[12.794s] -- Installing: /home/chotu/Beginner_Tutorials_Ros2/install/serverpublisher/include/serverpublisher/serverpublisher/msg/detail/data__struct.hpp
[12.794s] -- Installing: /home/chotu/Beginner_Tutorials_Ros2/install/serverpublisher/include/serverpublisher/serverpublisher/msg/detail/sphere__traits.hpp
[12.794s] -- Installing: /home/chotu/Beginner_Tutorials_Ros2/install/serverpublisher/include/serverpublisher/serverpublisher/msg/detail/data__builder.hpp
[12.794s] -- Installing: /home/chotu/Beginner_Tutorials_Ros2/install/serverpublisher/include/serverpublisher/serverpublisher/msg/detail/num__struct.hpp
[12.794s] -- Installing: /home/chotu/Beginner_Tutorials_Ros2/install/serverpublisher/include/serverpublisher/serverpublisher/msg/detail/num__builder.hpp
[12.795s] -- Installing: /home/chotu/Beginner_Tutorials_Ros2/install/serverpublisher/include/serverpublisher/serverpublisher/msg/detail/sphere__builder.hpp
[12.795s] -- Installing: /home/chotu/Beginner_Tutorials_Ros2/install/serverpublisher/include/serverpublisher/serverpublisher/msg/detail/data__traits.hpp
[12.795s] -- Installing: /home/chotu/Beginner_Tutorials_Ros2/install/serverpublisher/include/serverpublisher/serverpublisher/msg/detail/sphere__struct.hpp
[12.795s] -- Installing: /home/chotu/Beginner_Tutorials_Ros2/install/serverpublisher/include/serverpublisher/serverpublisher/msg/sphere.hpp
[12.795s] -- Installing: /home/chotu/Beginner_Tutorials_Ros2/install/serverpublisher/include/serverpublisher/serverpublisher/msg/data.hpp
[12.795s] -- Installing: /home/chotu/Beginner_Tutorials_Ros2/install/serverpublisher/include/serverpublisher/serverpublisher/msg/num.hpp
[12.795s] -- Up-to-date: /home/chotu/Beginner_Tutorials_Ros2/install/serverpublisher/include/serverpublisher/serverpublisher/srv
[12.795s] -- Up-to-date: /home/chotu/Beginner_Tutorials_Ros2/install/serverpublisher/include/serverpublisher/serverpublisher/srv/detail
[12.795s] -- Installing: /home/chotu/Beginner_Tutorials_Ros2/install/serverpublisher/include/serverpublisher/serverpublisher/srv/detail/change_string__struct.hpp
[12.795s] -- Installing: /home/chotu/Beginner_Tutorials_Ros2/install/serverpublisher/include/serverpublisher/serverpublisher/srv/detail/add_three_ints__traits.hpp
[12.795s] -- Installing: /home/chotu/Beginner_Tutorials_Ros2/install/serverpublisher/include/serverpublisher/serverpublisher/srv/detail/add_three_ints__struct.hpp
[12.795s] -- Installing: /home/chotu/Beginner_Tutorials_Ros2/install/serverpublisher/include/serverpublisher/serverpublisher/srv/detail/change_string__builder.hpp
[12.795s] -- Installing: /home/chotu/Beginner_Tutorials_Ros2/install/serverpublisher/include/serverpublisher/serverpublisher/srv/detail/change_string__traits.hpp
[12.795s] -- Installing: /home/chotu/Beginner_Tutorials_Ros2/install/serverpublisher/include/serverpublisher/serverpublisher/srv/detail/add_three_ints__builder.hpp
[12.795s] -- Installing: /home/chotu/Beginner_Tutorials_Ros2/install/serverpublisher/include/serverpublisher/serverpublisher/srv/change_string.hpp
[12.795s] -- Installing: /home/chotu/Beginner_Tutorials_Ros2/install/serverpublisher/include/serverpublisher/serverpublisher/srv/add_three_ints.hpp
[12.796s] -- Up-to-date: /home/chotu/Beginner_Tutorials_Ros2/install/serverpublisher/include/serverpublisher/serverpublisher
[12.796s] -- Up-to-date: /home/chotu/Beginner_Tutorials_Ros2/install/serverpublisher/include/serverpublisher/serverpublisher/msg
[12.796s] -- Up-to-date: /home/chotu/Beginner_Tutorials_Ros2/install/serverpublisher/include/serverpublisher/serverpublisher/msg/detail
[12.796s] -- Installing: /home/chotu/Beginner_Tutorials_Ros2/install/serverpublisher/include/serverpublisher/serverpublisher/msg/detail/sphere__rosidl_typesupport_fastrtps_cpp.hpp
[12.796s] -- Installing: /home/chotu/Beginner_Tutorials_Ros2/install/serverpublisher/include/serverpublisher/serverpublisher/msg/detail/dds_fastrtps
[12.796s] -- Installing: /home/chotu/Beginner_Tutorials_Ros2/install/serverpublisher/include/serverpublisher/serverpublisher/msg/detail/data__rosidl_typesupport_fastrtps_cpp.hpp
[12.796s] -- Installing: /home/chotu/Beginner_Tutorials_Ros2/install/serverpublisher/include/serverpublisher/serverpublisher/msg/detail/num__rosidl_typesupport_fastrtps_cpp.hpp
[12.796s] -- Installing: /home/chotu/Beginner_Tutorials_Ros2/install/serverpublisher/include/serverpublisher/serverpublisher/msg/rosidl_typesupport_fastrtps_cpp__visibility_control.h
[12.796s] -- Up-to-date: /home/chotu/Beginner_Tutorials_Ros2/install/serverpublisher/include/serverpublisher/serverpublisher/srv
[12.796s] -- Up-to-date: /home/chotu/Beginner_Tutorials_Ros2/install/serverpublisher/include/serverpublisher/serverpublisher/srv/detail
[12.796s] -- Installing: /home/chotu/Beginner_Tutorials_Ros2/install/serverpublisher/include/serverpublisher/serverpublisher/srv/detail/add_three_ints__rosidl_typesupport_fastrtps_cpp.hpp
[12.796s] -- Installing: /home/chotu/Beginner_Tutorials_Ros2/install/serverpublisher/include/serverpublisher/serverpublisher/srv/detail/dds_fastrtps
[12.796s] -- Installing: /home/chotu/Beginner_Tutorials_Ros2/install/serverpublisher/include/serverpublisher/serverpublisher/srv/detail/change_string__rosidl_typesupport_fastrtps_cpp.hpp
[12.796s] -- Installing: /home/chotu/Beginner_Tutorials_Ros2/install/serverpublisher/lib/libserverpublisher__rosidl_typesupport_fastrtps_cpp.so
[12.796s] -- Set runtime path of "/home/chotu/Beginner_Tutorials_Ros2/install/serverpublisher/lib/libserverpublisher__rosidl_typesupport_fastrtps_cpp.so" to ""
[12.796s] -- Up-to-date: /home/chotu/Beginner_Tutorials_Ros2/install/serverpublisher/include/serverpublisher/serverpublisher
[12.796s] -- Up-to-date: /home/chotu/Beginner_Tutorials_Ros2/install/serverpublisher/include/serverpublisher/serverpublisher/msg
[12.797s] -- Up-to-date: /home/chotu/Beginner_Tutorials_Ros2/install/serverpublisher/include/serverpublisher/serverpublisher/msg/detail
[12.797s] -- Installing: /home/chotu/Beginner_Tutorials_Ros2/install/serverpublisher/include/serverpublisher/serverpublisher/msg/detail/num__rosidl_typesupport_introspection_c.h
[12.797s] -- Installing: /home/chotu/Beginner_Tutorials_Ros2/install/serverpublisher/include/serverpublisher/serverpublisher/msg/detail/data__rosidl_typesupport_introspection_c.h
[12.797s] -- Installing: /home/chotu/Beginner_Tutorials_Ros2/install/serverpublisher/include/serverpublisher/serverpublisher/msg/detail/sphere__type_support.c
[12.797s] -- Installing: /home/chotu/Beginner_Tutorials_Ros2/install/serverpublisher/include/serverpublisher/serverpublisher/msg/detail/data__type_support.c
[12.797s] -- Installing: /home/chotu/Beginner_Tutorials_Ros2/install/serverpublisher/include/serverpublisher/serverpublisher/msg/detail/num__type_support.c
[12.797s] -- Installing: /home/chotu/Beginner_Tutorials_Ros2/install/serverpublisher/include/serverpublisher/serverpublisher/msg/detail/sphere__rosidl_typesupport_introspection_c.h
[12.797s] -- Installing: /home/chotu/Beginner_Tutorials_Ros2/install/serverpublisher/include/serverpublisher/serverpublisher/msg/rosidl_typesupport_introspection_c__visibility_control.h
[12.797s] -- Up-to-date: /home/chotu/Beginner_Tutorials_Ros2/install/serverpublisher/include/serverpublisher/serverpublisher/srv
[12.797s] -- Up-to-date: /home/chotu/Beginner_Tutorials_Ros2/install/serverpublisher/include/serverpublisher/serverpublisher/srv/detail
[12.797s] -- Installing: /home/chotu/Beginner_Tutorials_Ros2/install/serverpublisher/include/serverpublisher/serverpublisher/srv/detail/change_string__rosidl_typesupport_introspection_c.h
[12.797s] -- Installing: /home/chotu/Beginner_Tutorials_Ros2/install/serverpublisher/include/serverpublisher/serverpublisher/srv/detail/add_three_ints__rosidl_typesupport_introspection_c.h
[12.797s] -- Installing: /home/chotu/Beginner_Tutorials_Ros2/install/serverpublisher/include/serverpublisher/serverpublisher/srv/detail/change_string__type_support.c
[12.797s] -- Installing: /home/chotu/Beginner_Tutorials_Ros2/install/serverpublisher/include/serverpublisher/serverpublisher/srv/detail/add_three_ints__type_support.c
[12.797s] -- Installing: /home/chotu/Beginner_Tutorials_Ros2/install/serverpublisher/lib/libserverpublisher__rosidl_typesupport_introspection_c.so
[12.797s] -- Set runtime path of "/home/chotu/Beginner_Tutorials_Ros2/install/serverpublisher/lib/libserverpublisher__rosidl_typesupport_introspection_c.so" to ""
[12.797s] -- Installing: /home/chotu/Beginner_Tutorials_Ros2/install/serverpublisher/lib/libserverpublisher__rosidl_typesupport_c.so
[12.797s] -- Set runtime path of "/home/chotu/Beginner_Tutorials_Ros2/install/serverpublisher/lib/libserverpublisher__rosidl_typesupport_c.so" to ""
[12.798s] -- Up-to-date: /home/chotu/Beginner_Tutorials_Ros2/install/serverpublisher/include/serverpublisher/serverpublisher
[12.798s] -- Up-to-date: /home/chotu/Beginner_Tutorials_Ros2/install/serverpublisher/include/serverpublisher/serverpublisher/msg
[12.798s] -- Up-to-date: /home/chotu/Beginner_Tutorials_Ros2/install/serverpublisher/include/serverpublisher/serverpublisher/msg/detail
[12.798s] -- Installing: /home/chotu/Beginner_Tutorials_Ros2/install/serverpublisher/include/serverpublisher/serverpublisher/msg/detail/data__type_support.cpp
[12.798s] -- Installing: /home/chotu/Beginner_Tutorials_Ros2/install/serverpublisher/include/serverpublisher/serverpublisher/msg/detail/sphere__rosidl_typesupport_introspection_cpp.hpp
[12.798s] -- Installing: /home/chotu/Beginner_Tutorials_Ros2/install/serverpublisher/include/serverpublisher/serverpublisher/msg/detail/num__rosidl_typesupport_introspection_cpp.hpp
[12.798s] -- Installing: /home/chotu/Beginner_Tutorials_Ros2/install/serverpublisher/include/serverpublisher/serverpublisher/msg/detail/num__type_support.cpp
[12.798s] -- Installing: /home/chotu/Beginner_Tutorials_Ros2/install/serverpublisher/include/serverpublisher/serverpublisher/msg/detail/sphere__type_support.cpp
[12.798s] -- Installing: /home/chotu/Beginner_Tutorials_Ros2/install/serverpublisher/include/serverpublisher/serverpublisher/msg/detail/data__rosidl_typesupport_introspection_cpp.hpp
[12.798s] -- Up-to-date: /home/chotu/Beginner_Tutorials_Ros2/install/serverpublisher/include/serverpublisher/serverpublisher/srv
[12.798s] -- Up-to-date: /home/chotu/Beginner_Tutorials_Ros2/install/serverpublisher/include/serverpublisher/serverpublisher/srv/detail
[12.798s] -- Installing: /home/chotu/Beginner_Tutorials_Ros2/install/serverpublisher/include/serverpublisher/serverpublisher/srv/detail/add_three_ints__type_support.cpp
[12.798s] -- Installing: /home/chotu/Beginner_Tutorials_Ros2/install/serverpublisher/include/serverpublisher/serverpublisher/srv/detail/change_string__type_support.cpp
[12.798s] -- Installing: /home/chotu/Beginner_Tutorials_Ros2/install/serverpublisher/include/serverpublisher/serverpublisher/srv/detail/add_three_ints__rosidl_typesupport_introspection_cpp.hpp
[12.798s] -- Installing: /home/chotu/Beginner_Tutorials_Ros2/install/serverpublisher/include/serverpublisher/serverpublisher/srv/detail/change_string__rosidl_typesupport_introspection_cpp.hpp
[12.798s] -- Installing: /home/chotu/Beginner_Tutorials_Ros2/install/serverpublisher/lib/libserverpublisher__rosidl_typesupport_introspection_cpp.so
[12.798s] -- Set runtime path of "/home/chotu/Beginner_Tutorials_Ros2/install/serverpublisher/lib/libserverpublisher__rosidl_typesupport_introspection_cpp.so" to ""
[12.798s] -- Installing: /home/chotu/Beginner_Tutorials_Ros2/install/serverpublisher/lib/libserverpublisher__rosidl_typesupport_cpp.so
[12.799s] -- Set runtime path of "/home/chotu/Beginner_Tutorials_Ros2/install/serverpublisher/lib/libserverpublisher__rosidl_typesupport_cpp.so" to ""
[12.799s] -- Installing: /home/chotu/Beginner_Tutorials_Ros2/install/serverpublisher/share/serverpublisher/environment/pythonpath.sh
[12.799s] -- Installing: /home/chotu/Beginner_Tutorials_Ros2/install/serverpublisher/share/serverpublisher/environment/pythonpath.dsv
[12.799s] -- Installing: /home/chotu/Beginner_Tutorials_Ros2/install/serverpublisher/local/lib/python3.10/dist-packages/serverpublisher-0.0.0-py3.10.egg-info
[12.799s] -- Installing: /home/chotu/Beginner_Tutorials_Ros2/install/serverpublisher/local/lib/python3.10/dist-packages/serverpublisher-0.0.0-py3.10.egg-info/SOURCES.txt
[12.799s] -- Installing: /home/chotu/Beginner_Tutorials_Ros2/install/serverpublisher/local/lib/python3.10/dist-packages/serverpublisher-0.0.0-py3.10.egg-info/PKG-INFO
[12.799s] -- Installing: /home/chotu/Beginner_Tutorials_Ros2/install/serverpublisher/local/lib/python3.10/dist-packages/serverpublisher-0.0.0-py3.10.egg-info/top_level.txt
[12.799s] -- Installing: /home/chotu/Beginner_Tutorials_Ros2/install/serverpublisher/local/lib/python3.10/dist-packages/serverpublisher-0.0.0-py3.10.egg-info/dependency_links.txt
[12.799s] -- Installing: /home/chotu/Beginner_Tutorials_Ros2/install/serverpublisher/local/lib/python3.10/dist-packages/serverpublisher
[12.799s] -- Installing: /home/chotu/Beginner_Tutorials_Ros2/install/serverpublisher/local/lib/python3.10/dist-packages/serverpublisher/msg
[12.799s] -- Installing: /home/chotu/Beginner_Tutorials_Ros2/install/serverpublisher/local/lib/python3.10/dist-packages/serverpublisher/msg/_num.py
[12.799s] -- Installing: /home/chotu/Beginner_Tutorials_Ros2/install/serverpublisher/local/lib/python3.10/dist-packages/serverpublisher/msg/__init__.py
[12.799s] -- Installing: /home/chotu/Beginner_Tutorials_Ros2/install/serverpublisher/local/lib/python3.10/dist-packages/serverpublisher/msg/_sphere_s.c
[12.799s] -- Installing: /home/chotu/Beginner_Tutorials_Ros2/install/serverpublisher/local/lib/python3.10/dist-packages/serverpublisher/msg/_data.py
[12.799s] -- Installing: /home/chotu/Beginner_Tutorials_Ros2/install/serverpublisher/local/lib/python3.10/dist-packages/serverpublisher/msg/_data_s.c
[12.799s] -- Installing: /home/chotu/Beginner_Tutorials_Ros2/install/serverpublisher/local/lib/python3.10/dist-packages/serverpublisher/msg/_sphere.py
[12.799s] -- Installing: /home/chotu/Beginner_Tutorials_Ros2/install/serverpublisher/local/lib/python3.10/dist-packages/serverpublisher/msg/_num_s.c
[12.799s] -- Installing: /home/chotu/Beginner_Tutorials_Ros2/install/serverpublisher/local/lib/python3.10/dist-packages/serverpublisher/serverpublisher_s__rosidl_typesupport_introspection_c.cpython-310-x86_64-linux-gnu.so
[12.800s] -- Installing: /home/chotu/Beginner_Tutorials_Ros2/install/serverpublisher/local/lib/python3.10/dist-packages/serverpublisher/__init__.py
[12.800s] -- Installing: /home/chotu/Beginner_Tutorials_Ros2/install/serverpublisher/local/lib/python3.10/dist-packages/serverpublisher/srv
[12.800s] -- Installing: /home/chotu/Beginner_Tutorials_Ros2/install/serverpublisher/local/lib/python3.10/dist-packages/serverpublisher/srv/__init__.py
[12.800s] -- Installing: /home/chotu/Beginner_Tutorials_Ros2/install/serverpublisher/local/lib/python3.10/dist-packages/serverpublisher/srv/_add_three_ints_s.c
[12.800s] -- Installing: /home/chotu/Beginner_Tutorials_Ros2/install/serverpublisher/local/lib/python3.10/dist-packages/serverpublisher/srv/_add_three_ints.py
[12.800s] -- Installing: /home/chotu/Beginner_Tutorials_Ros2/install/serverpublisher/local/lib/python3.10/dist-packages/serverpublisher/srv/_change_string.py
[12.800s] -- Installing: /home/chotu/Beginner_Tutorials_Ros2/install/serverpublisher/local/lib/python3.10/dist-packages/serverpublisher/srv/_change_string_s.c
[12.800s] -- Installing: /home/chotu/Beginner_Tutorials_Ros2/install/serverpublisher/local/lib/python3.10/dist-packages/serverpublisher/serverpublisher_s__rosidl_typesupport_c.cpython-310-x86_64-linux-gnu.so
[12.800s] -- Installing: /home/chotu/Beginner_Tutorials_Ros2/install/serverpublisher/local/lib/python3.10/dist-packages/serverpublisher/_serverpublisher_s.ep.rosidl_typesupport_fastrtps_c.c
[12.800s] -- Installing: /home/chotu/Beginner_Tutorials_Ros2/install/serverpublisher/local/lib/python3.10/dist-packages/serverpublisher/_serverpublisher_s.ep.rosidl_typesupport_introspection_c.c
[12.800s] -- Installing: /home/chotu/Beginner_Tutorials_Ros2/install/serverpublisher/local/lib/python3.10/dist-packages/serverpublisher/libserverpublisher__rosidl_generator_py.so
[12.800s] -- Installing: /home/chotu/Beginner_Tutorials_Ros2/install/serverpublisher/local/lib/python3.10/dist-packages/serverpublisher/serverpublisher_s__rosidl_typesupport_fastrtps_c.cpython-310-x86_64-linux-gnu.so
[12.800s] -- Installing: /home/chotu/Beginner_Tutorials_Ros2/install/serverpublisher/local/lib/python3.10/dist-packages/serverpublisher/_serverpublisher_s.ep.rosidl_typesupport_c.c
[12.824s] Listing '/home/chotu/Beginner_Tutorials_Ros2/install/serverpublisher/local/lib/python3.10/dist-packages/serverpublisher'...
[12.824s] Compiling '/home/chotu/Beginner_Tutorials_Ros2/install/serverpublisher/local/lib/python3.10/dist-packages/serverpublisher/__init__.py'...
[12.824s] Listing '/home/chotu/Beginner_Tutorials_Ros2/install/serverpublisher/local/lib/python3.10/dist-packages/serverpublisher/msg'...
[12.824s] Compiling '/home/chotu/Beginner_Tutorials_Ros2/install/serverpublisher/local/lib/python3.10/dist-packages/serverpublisher/msg/__init__.py'...
[12.824s] Compiling '/home/chotu/Beginner_Tutorials_Ros2/install/serverpublisher/local/lib/python3.10/dist-packages/serverpublisher/msg/_data.py'...
[12.824s] Compiling '/home/chotu/Beginner_Tutorials_Ros2/install/serverpublisher/local/lib/python3.10/dist-packages/serverpublisher/msg/_num.py'...
[12.824s] Compiling '/home/chotu/Beginner_Tutorials_Ros2/install/serverpublisher/local/lib/python3.10/dist-packages/serverpublisher/msg/_sphere.py'...
[12.824s] Listing '/home/chotu/Beginner_Tutorials_Ros2/install/serverpublisher/local/lib/python3.10/dist-packages/serverpublisher/srv'...
[12.824s] Compiling '/home/chotu/Beginner_Tutorials_Ros2/install/serverpublisher/local/lib/python3.10/dist-packages/serverpublisher/srv/__init__.py'...
[12.824s] Compiling '/home/chotu/Beginner_Tutorials_Ros2/install/serverpublisher/local/lib/python3.10/dist-packages/serverpublisher/srv/_add_three_ints.py'...
[12.824s] Compiling '/home/chotu/Beginner_Tutorials_Ros2/install/serverpublisher/local/lib/python3.10/dist-packages/serverpublisher/srv/_change_string.py'...
[12.827s] -- Installing: /home/chotu/Beginner_Tutorials_Ros2/install/serverpublisher/local/lib/python3.10/dist-packages/serverpublisher/serverpublisher_s__rosidl_typesupport_fastrtps_c.cpython-310-x86_64-linux-gnu.so
[12.827s] -- Set runtime path of "/home/chotu/Beginner_Tutorials_Ros2/install/serverpublisher/local/lib/python3.10/dist-packages/serverpublisher/serverpublisher_s__rosidl_typesupport_fastrtps_c.cpython-310-x86_64-linux-gnu.so" to ""
[12.827s] -- Installing: /home/chotu/Beginner_Tutorials_Ros2/install/serverpublisher/local/lib/python3.10/dist-packages/serverpublisher/serverpublisher_s__rosidl_typesupport_introspection_c.cpython-310-x86_64-linux-gnu.so
[12.827s] -- Set runtime path of "/home/chotu/Beginner_Tutorials_Ros2/install/serverpublisher/local/lib/python3.10/dist-packages/serverpublisher/serverpublisher_s__rosidl_typesupport_introspection_c.cpython-310-x86_64-linux-gnu.so" to ""
[12.828s] -- Installing: /home/chotu/Beginner_Tutorials_Ros2/install/serverpublisher/local/lib/python3.10/dist-packages/serverpublisher/serverpublisher_s__rosidl_typesupport_c.cpython-310-x86_64-linux-gnu.so
[12.828s] -- Set runtime path of "/home/chotu/Beginner_Tutorials_Ros2/install/serverpublisher/local/lib/python3.10/dist-packages/serverpublisher/serverpublisher_s__rosidl_typesupport_c.cpython-310-x86_64-linux-gnu.so" to ""
[12.828s] -- Installing: /home/chotu/Beginner_Tutorials_Ros2/install/serverpublisher/lib/libserverpublisher__rosidl_generator_py.so
[12.828s] -- Set runtime path of "/home/chotu/Beginner_Tutorials_Ros2/install/serverpublisher/lib/libserverpublisher__rosidl_generator_py.so" to ""
[12.828s] -- Installing: /home/chotu/Beginner_Tutorials_Ros2/install/serverpublisher/share/serverpublisher/msg/Num.idl
[12.828s] -- Installing: /home/chotu/Beginner_Tutorials_Ros2/install/serverpublisher/share/serverpublisher/msg/Sphere.idl
[12.828s] -- Installing: /home/chotu/Beginner_Tutorials_Ros2/install/serverpublisher/share/serverpublisher/msg/Data.idl
[12.828s] -- Installing: /home/chotu/Beginner_Tutorials_Ros2/install/serverpublisher/share/serverpublisher/srv/AddThreeInts.idl
[12.828s] -- Installing: /home/chotu/Beginner_Tutorials_Ros2/install/serverpublisher/share/serverpublisher/srv/ChangeString.idl
[12.828s] -- Installing: /home/chotu/Beginner_Tutorials_Ros2/install/serverpublisher/share/serverpublisher/msg/Num.msg
[12.829s] -- Installing: /home/chotu/Beginner_Tutorials_Ros2/install/serverpublisher/share/serverpublisher/msg/Sphere.msg
[12.829s] -- Installing: /home/chotu/Beginner_Tutorials_Ros2/install/serverpublisher/share/serverpublisher/msg/Data.msg
[12.829s] -- Installing: /home/chotu/Beginner_Tutorials_Ros2/install/serverpublisher/share/serverpublisher/srv/AddThreeInts.srv
[12.829s] -- Installing: /home/chotu/Beginner_Tutorials_Ros2/install/serverpublisher/share/serverpublisher/srv/AddThreeInts_Request.msg
[12.829s] -- Installing: /home/chotu/Beginner_Tutorials_Ros2/install/serverpublisher/share/serverpublisher/srv/AddThreeInts_Response.msg
[12.829s] -- Installing: /home/chotu/Beginner_Tutorials_Ros2/install/serverpublisher/share/serverpublisher/srv/ChangeString.srv
[12.829s] -- Installing: /home/chotu/Beginner_Tutorials_Ros2/install/serverpublisher/share/serverpublisher/srv/ChangeString_Request.msg
[12.829s] -- Installing: /home/chotu/Beginner_Tutorials_Ros2/install/serverpublisher/share/serverpublisher/srv/ChangeString_Response.msg
[12.829s] -- Installing: /home/chotu/Beginner_Tutorials_Ros2/install/serverpublisher/lib/serverpublisher/talker
[12.832s] -- Set runtime path of "/home/chotu/Beginner_Tutorials_Ros2/install/serverpublisher/lib/serverpublisher/talker" to ""
[12.832s] -- Installing: /home/chotu/Beginner_Tutorials_Ros2/install/serverpublisher/lib/serverpublisher/talkerandlistner
[12.835s] -- Set runtime path of "/home/chotu/Beginner_Tutorials_Ros2/install/serverpublisher/lib/serverpublisher/talkerandlistner" to ""
[12.835s] -- Installing: /home/chotu/Beginner_Tutorials_Ros2/install/serverpublisher/lib/serverpublisher/server
[12.836s] -- Set runtime path of "/home/chotu/Beginner_Tutorials_Ros2/install/serverpublisher/lib/serverpublisher/server" to ""
[12.836s] -- Installing: /home/chotu/Beginner_Tutorials_Ros2/install/serverpublisher/share/serverpublisher/launch
[12.836s] -- Installing: /home/chotu/Beginner_Tutorials_Ros2/install/serverpublisher/share/serverpublisher/launch/cpp_pubsub_launch.py
[12.836s] -- Installing: /home/chotu/Beginner_Tutorials_Ros2/install/serverpublisher/share/serverpublisher/launch/rosbag_launch.py
[12.836s] -- Installing: /home/chotu/Beginner_Tutorials_Ros2/install/serverpublisher/share/serverpublisher/launch/bag_launch.py
[12.836s] -- Installing: /home/chotu/Beginner_Tutorials_Ros2/install/serverpublisher/share/ament_index/resource_index/package_run_dependencies/serverpublisher
[12.836s] -- Installing: /home/chotu/Beginner_Tutorials_Ros2/install/serverpublisher/share/ament_index/resource_index/parent_prefix_path/serverpublisher
[12.836s] -- Installing: /home/chotu/Beginner_Tutorials_Ros2/install/serverpublisher/share/serverpublisher/environment/ament_prefix_path.sh
[12.836s] -- Installing: /home/chotu/Beginner_Tutorials_Ros2/install/serverpublisher/share/serverpublisher/environment/ament_prefix_path.dsv
[12.836s] -- Installing: /home/chotu/Beginner_Tutorials_Ros2/install/serverpublisher/share/serverpublisher/environment/path.sh
[12.836s] -- Installing: /home/chotu/Beginner_Tutorials_Ros2/install/serverpublisher/share/serverpublisher/environment/path.dsv
[12.837s] -- Installing: /home/chotu/Beginner_Tutorials_Ros2/install/serverpublisher/share/serverpublisher/local_setup.bash
[12.837s] -- Installing: /home/chotu/Beginner_Tutorials_Ros2/install/serverpublisher/share/serverpublisher/local_setup.sh
[12.837s] -- Installing: /home/chotu/Beginner_Tutorials_Ros2/install/serverpublisher/share/serverpublisher/local_setup.zsh
[12.837s] -- Installing: /home/chotu/Beginner_Tutorials_Ros2/install/serverpublisher/share/serverpublisher/local_setup.dsv
[12.837s] -- Installing: /home/chotu/Beginner_Tutorials_Ros2/install/serverpublisher/share/serverpublisher/package.dsv
[12.837s] -- Installing: /home/chotu/Beginner_Tutorials_Ros2/install/serverpublisher/share/ament_index/resource_index/packages/serverpublisher
[12.837s] -- Installing: /home/chotu/Beginner_Tutorials_Ros2/install/serverpublisher/share/serverpublisher/cmake/export_serverpublisher__rosidl_generator_cExport.cmake
[12.837s] -- Installing: /home/chotu/Beginner_Tutorials_Ros2/install/serverpublisher/share/serverpublisher/cmake/export_serverpublisher__rosidl_generator_cExport-noconfig.cmake
[12.837s] -- Installing: /home/chotu/Beginner_Tutorials_Ros2/install/serverpublisher/share/serverpublisher/cmake/export_serverpublisher__rosidl_typesupport_fastrtps_cExport.cmake
[12.837s] -- Installing: /home/chotu/Beginner_Tutorials_Ros2/install/serverpublisher/share/serverpublisher/cmake/export_serverpublisher__rosidl_typesupport_fastrtps_cExport-noconfig.cmake
[12.837s] -- Installing: /home/chotu/Beginner_Tutorials_Ros2/install/serverpublisher/share/serverpublisher/cmake/export_serverpublisher__rosidl_generator_cppExport.cmake
[12.837s] -- Installing: /home/chotu/Beginner_Tutorials_Ros2/install/serverpublisher/share/serverpublisher/cmake/export_serverpublisher__rosidl_typesupport_fastrtps_cppExport.cmake
[12.838s] -- Installing: /home/chotu/Beginner_Tutorials_Ros2/install/serverpublisher/share/serverpublisher/cmake/export_serverpublisher__rosidl_typesupport_fastrtps_cppExport-noconfig.cmake
[12.838s] -- Installing: /home/chotu/Beginner_Tutorials_Ros2/install/serverpublisher/share/serverpublisher/cmake/serverpublisher__rosidl_typesupport_introspection_cExport.cmake
[12.838s] -- Installing: /home/chotu/Beginner_Tutorials_Ros2/install/serverpublisher/share/serverpublisher/cmake/serverpublisher__rosidl_typesupport_introspection_cExport-noconfig.cmake
[12.838s] -- Installing: /home/chotu/Beginner_Tutorials_Ros2/install/serverpublisher/share/serverpublisher/cmake/serverpublisher__rosidl_typesupport_cExport.cmake
[12.838s] -- Installing: /home/chotu/Beginner_Tutorials_Ros2/install/serverpublisher/share/serverpublisher/cmake/serverpublisher__rosidl_typesupport_cExport-noconfig.cmake
[12.838s] -- Installing: /home/chotu/Beginner_Tutorials_Ros2/install/serverpublisher/share/serverpublisher/cmake/serverpublisher__rosidl_typesupport_introspection_cppExport.cmake
[12.838s] -- Installing: /home/chotu/Beginner_Tutorials_Ros2/install/serverpublisher/share/serverpublisher/cmake/serverpublisher__rosidl_typesupport_introspection_cppExport-noconfig.cmake
[12.838s] -- Installing: /home/chotu/Beginner_Tutorials_Ros2/install/serverpublisher/share/serverpublisher/cmake/serverpublisher__rosidl_typesupport_cppExport.cmake
[12.838s] -- Installing: /home/chotu/Beginner_Tutorials_Ros2/install/serverpublisher/share/serverpublisher/cmake/serverpublisher__rosidl_typesupport_cppExport-noconfig.cmake
[12.839s] -- Installing: /home/chotu/Beginner_Tutorials_Ros2/install/serverpublisher/share/serverpublisher/cmake/export_serverpublisher__rosidl_generator_pyExport.cmake
[12.839s] -- Installing: /home/chotu/Beginner_Tutorials_Ros2/install/serverpublisher/share/serverpublisher/cmake/export_serverpublisher__rosidl_generator_pyExport-noconfig.cmake
[12.839s] -- Installing: /home/chotu/Beginner_Tutorials_Ros2/install/serverpublisher/share/serverpublisher/cmake/rosidl_cmake-extras.cmake
[12.839s] -- Installing: /home/chotu/Beginner_Tutorials_Ros2/install/serverpublisher/share/serverpublisher/cmake/ament_cmake_export_dependencies-extras.cmake
[12.839s] -- Installing: /home/chotu/Beginner_Tutorials_Ros2/install/serverpublisher/share/serverpublisher/cmake/ament_cmake_export_include_directories-extras.cmake
[12.839s] -- Installing: /home/chotu/Beginner_Tutorials_Ros2/install/serverpublisher/share/serverpublisher/cmake/ament_cmake_export_libraries-extras.cmake
[12.839s] -- Installing: /home/chotu/Beginner_Tutorials_Ros2/install/serverpublisher/share/serverpublisher/cmake/ament_cmake_export_targets-extras.cmake
[12.839s] -- Installing: /home/chotu/Beginner_Tutorials_Ros2/install/serverpublisher/share/serverpublisher/cmake/rosidl_cmake_export_typesupport_targets-extras.cmake
[12.839s] -- Installing: /home/chotu/Beginner_Tutorials_Ros2/install/serverpublisher/share/serverpublisher/cmake/rosidl_cmake_export_typesupport_libraries-extras.cmake
[12.839s] -- Installing: /home/chotu/Beginner_Tutorials_Ros2/install/serverpublisher/share/serverpublisher/cmake/serverpublisherConfig.cmake
[12.839s] -- Installing: /home/chotu/Beginner_Tutorials_Ros2/install/serverpublisher/share/serverpublisher/cmake/serverpublisherConfig-version.cmake
[12.839s] -- Installing: /home/chotu/Beginner_Tutorials_Ros2/install/serverpublisher/share/serverpublisher/package.xml
[12.841s] Invoked command in '/home/chotu/Beginner_Tutorials_Ros2/build/serverpublisher' returned '0': CMAKE_PREFIX_PATH=/opt/ros/humble /usr/bin/cmake --install /home/chotu/Beginner_Tutorials_Ros2/build/serverpublisher
