[0.008s] Invoking command in '/home/chotu/Beginner_Tutorials_Ros2/build/serverpublisher': CMAKE_PREFIX_PATH=/opt/ros/humble /usr/bin/cmake /home/chotu/Beginner_Tutorials_Ros2 -DCMAKE_BUILD_TYPE=Debug -DCMAKE_CXX_FLAGS=--coverage -DCMAKE_CXX_OUTPUT_EXTENSION_REPLACE=ON -DARG_CONFIG_FILE=/home/chotu/uncrustify_google_cpp_allman.cfg -DCMAKE_INSTALL_PREFIX=/home/chotu/Beginner_Tutorials_Ros2/install/serverpublisher
[0.051s] -- The C compiler identification is GNU 11.3.0
[0.089s] -- The CXX compiler identification is GNU 11.3.0
[0.096s] -- Detecting C compiler ABI info
[0.143s] -- Detecting C compiler ABI info - done
[0.148s] -- Check for working C compiler: /usr/bin/cc - skipped
[0.148s] -- Detecting C compile features
[0.148s] -- Detecting C compile features - done
[0.150s] -- Detecting CXX compiler ABI info
[0.206s] -- Detecting CXX compiler ABI info - done
[0.211s] -- Check for working CXX compiler: /usr/bin/c++ - skipped
[0.211s] -- Detecting CXX compile features
[0.211s] -- Detecting CXX compile features - done
[0.213s] -- Found ament_cmake: 1.3.3 (/opt/ros/humble/share/ament_cmake/cmake)
[0.324s] -- Found Python3: /usr/bin/python3.10 (found version "3.10.6") found components: Interpreter 
[0.379s] -- Found rclcpp: 16.0.2 (/opt/ros/humble/share/rclcpp/cmake)
[0.407s] -- Found rosidl_generator_c: 3.1.4 (/opt/ros/humble/share/rosidl_generator_c/cmake)
[0.410s] -- Found rosidl_adapter: 3.1.4 (/opt/ros/humble/share/rosidl_adapter/cmake)
[0.415s] -- Found rosidl_generator_cpp: 3.1.4 (/opt/ros/humble/share/rosidl_generator_cpp/cmake)
[0.424s] -- Using all available rosidl_typesupport_c: rosidl_typesupport_fastrtps_c;rosidl_typesupport_introspection_c
[0.436s] -- Using all available rosidl_typesupport_cpp: rosidl_typesupport_fastrtps_cpp;rosidl_typesupport_introspection_cpp
[0.479s] -- Found rmw_implementation_cmake: 6.1.1 (/opt/ros/humble/share/rmw_implementation_cmake/cmake)
[0.480s] -- Found rmw_fastrtps_cpp: 6.2.2 (/opt/ros/humble/share/rmw_fastrtps_cpp/cmake)
[0.533s] -- Found OpenSSL: /usr/lib/x86_64-linux-gnu/libcrypto.so (found version "3.0.2")  
[0.550s] -- Found FastRTPS: /opt/ros/humble/include  
[0.579s] -- Using RMW implementation 'rmw_fastrtps_cpp' as default
[0.585s] -- Looking for pthread.h
[0.637s] -- Looking for pthread.h - found
[0.637s] -- Performing Test CMAKE_HAVE_LIBC_PTHREAD
[0.686s] -- Performing Test CMAKE_HAVE_LIBC_PTHREAD - Success
[0.687s] -- Found Threads: TRUE  
[0.790s] -- Found tf2: 0.25.1 (/opt/ros/humble/share/tf2/cmake)
[0.832s] -- Found tf2_ros: 0.25.1 (/opt/ros/humble/share/tf2_ros/cmake)
[1.051s] -- Found turtlesim: 1.4.2 (/opt/ros/humble/share/turtlesim/cmake)
[1.084s] -- Found rosidl_default_generators: 1.2.0 (/opt/ros/humble/share/rosidl_default_generators/cmake)
[1.282s] -- Found ament_cmake_ros: 0.10.0 (/opt/ros/humble/share/ament_cmake_ros/cmake)
[1.548s] -- Using all available rosidl_typesupport_c: rosidl_typesupport_fastrtps_c;rosidl_typesupport_introspection_c
[1.648s] -- Using all available rosidl_typesupport_cpp: rosidl_typesupport_fastrtps_cpp;rosidl_typesupport_introspection_cpp
[1.661s] -- Found PythonInterp: /usr/bin/python3 (found suitable version "3.10.6", minimum required is "3.6") 
[1.662s] -- Found python_cmake_module: 0.10.0 (/opt/ros/humble/share/python_cmake_module/cmake)
[1.679s] -- Found PythonLibs: /usr/lib/x86_64-linux-gnu/libpython3.10.so (found suitable version "3.10.6", minimum required is "3.5") 
[1.679s] -- Using PYTHON_EXECUTABLE: /usr/bin/python3
[1.680s] -- Using PYTHON_INCLUDE_DIRS: /usr/include/python3.10
[1.680s] -- Using PYTHON_LIBRARIES: /usr/lib/x86_64-linux-gnu/libpython3.10.so
[1.693s] -- Found PythonExtra: .so  
[1.730s] -- Found ament_lint_auto: 0.12.4 (/opt/ros/humble/share/ament_lint_auto/cmake)
[1.740s] -- Found gtest sources under '/opt/ros/humble/src/gtest_vendor': C++ tests using 'Google Test' will be built
[1.754s] -- Added test 'pep257' to check Python code against some of the docstring style conventions in PEP 257
[1.755s] -- Configuring done
[1.793s] -- Generating done
[1.795s] [33mCMake Warning:
[1.795s]   Manually-specified variables were not used by the project:
[1.795s] 
[1.795s]     ARG_CONFIG_FILE
[1.795s] 
[1.795s] [0m
[1.795s] -- Build files have been written to: /home/chotu/Beginner_Tutorials_Ros2/build/serverpublisher
[1.804s] Invoked command in '/home/chotu/Beginner_Tutorials_Ros2/build/serverpublisher' returned '0': CMAKE_PREFIX_PATH=/opt/ros/humble /usr/bin/cmake /home/chotu/Beginner_Tutorials_Ros2 -DCMAKE_BUILD_TYPE=Debug -DCMAKE_CXX_FLAGS=--coverage -DCMAKE_CXX_OUTPUT_EXTENSION_REPLACE=ON -DARG_CONFIG_FILE=/home/chotu/uncrustify_google_cpp_allman.cfg -DCMAKE_INSTALL_PREFIX=/home/chotu/Beginner_Tutorials_Ros2/install/serverpublisher
[1.805s] Invoking command in '/home/chotu/Beginner_Tutorials_Ros2/build/serverpublisher': CMAKE_PREFIX_PATH=/opt/ros/humble /usr/bin/cmake --build /home/chotu/Beginner_Tutorials_Ros2/build/serverpublisher -- -j16 -l16
[1.836s] [  1%] [34m[1mGenerating C code for ROS interfaces[0m
[1.841s] [  3%] [32mBuilding CXX object gtest/CMakeFiles/gtest_main.dir/src/gtest_main.o[0m
[1.841s] [  5%] [34m[1mGenerating C++ code for ROS interfaces[0m
[1.841s] [  5%] [32mBuilding CXX object gtest/CMakeFiles/gtest.dir/src/gtest-all.o[0m
[1.846s] [  5%] Built target ament_cmake_python_copy_serverpublisher
[2.013s] running egg_info
[2.013s] creating serverpublisher.egg-info
[2.013s] writing serverpublisher.egg-info/PKG-INFO
[2.013s] writing dependency_links to serverpublisher.egg-info/dependency_links.txt
[2.013s] writing top-level names to serverpublisher.egg-info/top_level.txt
[2.014s] writing manifest file 'serverpublisher.egg-info/SOURCES.txt'
[2.015s] reading manifest file 'serverpublisher.egg-info/SOURCES.txt'
[2.015s] writing manifest file 'serverpublisher.egg-info/SOURCES.txt'
[2.040s] [  5%] Built target ament_cmake_python_build_serverpublisher_egg
[2.161s] [ 10%] [32mBuilding C object CMakeFiles/serverpublisher__rosidl_generator_c.dir/rosidl_generator_c/serverpublisher/msg/detail/data__functions.c.o[0m
[2.162s] [ 10%] [32mBuilding C object CMakeFiles/serverpublisher__rosidl_generator_c.dir/rosidl_generator_c/serverpublisher/msg/detail/num__functions.c.o[0m
[2.162s] [ 10%] [32mBuilding C object CMakeFiles/serverpublisher__rosidl_generator_c.dir/rosidl_generator_c/serverpublisher/srv/detail/add_three_ints__functions.c.o[0m
[2.162s] [ 10%] [32mBuilding C object CMakeFiles/serverpublisher__rosidl_generator_c.dir/rosidl_generator_c/serverpublisher/srv/detail/change_string__functions.c.o[0m
[2.162s] [ 11%] [32mBuilding C object CMakeFiles/serverpublisher__rosidl_generator_c.dir/rosidl_generator_c/serverpublisher/msg/detail/sphere__functions.c.o[0m
[2.164s] [ 11%] Built target serverpublisher__cpp
[2.171s] [ 12%] [34m[1mGenerating C++ type support dispatch for ROS interfaces[0m
[2.172s] [ 15%] [34m[1mGenerating C++ type support for eProsima Fast-RTPS[0m
[2.172s] [ 15%] [34m[1mGenerating C++ introspection for ROS interfaces[0m
[2.213s] [ 16%] [32m[1mLinking C shared library libserverpublisher__rosidl_generator_c.so[0m
[2.237s] [ 16%] Built target serverpublisher__rosidl_generator_c
[2.243s] [ 20%] [34m[1mGenerating C introspection for ROS interfaces[0m
[2.243s] [ 20%] [34m[1mGenerating C type support dispatch for ROS interfaces[0m
[2.243s] [ 20%] [34m[1mGenerating C type support for eProsima Fast-RTPS[0m
[2.441s] [ 21%] [32mBuilding CXX object CMakeFiles/serverpublisher__rosidl_typesupport_cpp.dir/rosidl_typesupport_cpp/serverpublisher/srv/change_string__type_support.o[0m
[2.441s] [ 22%] [32mBuilding CXX object CMakeFiles/serverpublisher__rosidl_typesupport_cpp.dir/rosidl_typesupport_cpp/serverpublisher/msg/data__type_support.o[0m
[2.441s] [ 26%] [32mBuilding CXX object CMakeFiles/serverpublisher__rosidl_typesupport_cpp.dir/rosidl_typesupport_cpp/serverpublisher/srv/add_three_ints__type_support.o[0m
[2.441s] [ 26%] [32mBuilding CXX object CMakeFiles/serverpublisher__rosidl_typesupport_cpp.dir/rosidl_typesupport_cpp/serverpublisher/msg/num__type_support.o[0m
[2.441s] [ 26%] [32mBuilding CXX object CMakeFiles/serverpublisher__rosidl_typesupport_cpp.dir/rosidl_typesupport_cpp/serverpublisher/msg/sphere__type_support.o[0m
[2.454s] [ 31%] [32mBuilding CXX object CMakeFiles/serverpublisher__rosidl_typesupport_introspection_cpp.dir/rosidl_typesupport_introspection_cpp/serverpublisher/srv/detail/change_string__type_support.o[0m
[2.454s] [ 31%] [32mBuilding CXX object CMakeFiles/serverpublisher__rosidl_typesupport_introspection_cpp.dir/rosidl_typesupport_introspection_cpp/serverpublisher/srv/detail/add_three_ints__type_support.o[0m
[2.454s] [ 31%] [32mBuilding CXX object CMakeFiles/serverpublisher__rosidl_typesupport_introspection_cpp.dir/rosidl_typesupport_introspection_cpp/serverpublisher/msg/detail/data__type_support.o[0m
[2.454s] [ 31%] [32mBuilding CXX object CMakeFiles/serverpublisher__rosidl_typesupport_introspection_cpp.dir/rosidl_typesupport_introspection_cpp/serverpublisher/msg/detail/sphere__type_support.o[0m
[2.454s] [ 32%] [32mBuilding CXX object CMakeFiles/serverpublisher__rosidl_typesupport_introspection_cpp.dir/rosidl_typesupport_introspection_cpp/serverpublisher/msg/detail/num__type_support.o[0m
[2.546s] [ 34%] [32mBuilding CXX object CMakeFiles/serverpublisher__rosidl_typesupport_c.dir/rosidl_typesupport_c/serverpublisher/msg/num__type_support.o[0m
[2.588s] [ 35%] [32mBuilding CXX object CMakeFiles/serverpublisher__rosidl_typesupport_c.dir/rosidl_typesupport_c/serverpublisher/msg/sphere__type_support.o[0m
[2.630s] [ 36%] [32mBuilding CXX object CMakeFiles/serverpublisher__rosidl_typesupport_c.dir/rosidl_typesupport_c/serverpublisher/msg/data__type_support.o[0m
[2.644s] [ 37%] [32mBuilding CXX object CMakeFiles/serverpublisher__rosidl_typesupport_fastrtps_cpp.dir/rosidl_typesupport_fastrtps_cpp/serverpublisher/msg/detail/dds_fastrtps/num__type_support.o[0m
[2.668s] [ 39%] [32mBuilding CXX object CMakeFiles/serverpublisher__rosidl_typesupport_c.dir/rosidl_typesupport_c/serverpublisher/srv/add_three_ints__type_support.o[0m
[2.681s] [ 40%] [32mBuilding C object CMakeFiles/serverpublisher__rosidl_typesupport_introspection_c.dir/rosidl_typesupport_introspection_c/serverpublisher/msg/detail/num__type_support.c.o[0m
[2.705s] [ 41%] [32m[1mLinking CXX static library libgtest_main.a[0m
[2.709s] [ 43%] [32mBuilding CXX object CMakeFiles/serverpublisher__rosidl_typesupport_c.dir/rosidl_typesupport_c/serverpublisher/srv/change_string__type_support.o[0m
[2.730s] [ 44%] [32mBuilding C object CMakeFiles/serverpublisher__rosidl_typesupport_introspection_c.dir/rosidl_typesupport_introspection_c/serverpublisher/msg/detail/sphere__type_support.c.o[0m
[2.742s] [ 45%] [32mBuilding CXX object CMakeFiles/serverpublisher__rosidl_typesupport_fastrtps_c.dir/rosidl_typesupport_fastrtps_c/serverpublisher/msg/detail/num__type_support_c.o[0m
[2.754s] [ 46%] [32m[1mLinking CXX shared library libserverpublisher__rosidl_typesupport_c.so[0m
[2.788s] [ 48%] [32mBuilding C object CMakeFiles/serverpublisher__rosidl_typesupport_introspection_c.dir/rosidl_typesupport_introspection_c/serverpublisher/msg/detail/data__type_support.c.o[0m
[2.790s] [ 49%] [32mBuilding C object CMakeFiles/serverpublisher__rosidl_typesupport_introspection_c.dir/rosidl_typesupport_introspection_c/serverpublisher/srv/detail/add_three_ints__type_support.c.o[0m
[2.790s] [ 50%] [32mBuilding CXX object CMakeFiles/serverpublisher__rosidl_typesupport_fastrtps_c.dir/rosidl_typesupport_fastrtps_c/serverpublisher/msg/detail/sphere__type_support_c.o[0m
[2.792s] [ 51%] [32mBuilding CXX object CMakeFiles/serverpublisher__rosidl_typesupport_fastrtps_c.dir/rosidl_typesupport_fastrtps_c/serverpublisher/msg/detail/data__type_support_c.o[0m
[2.798s] [ 53%] [32mBuilding C object CMakeFiles/serverpublisher__rosidl_typesupport_introspection_c.dir/rosidl_typesupport_introspection_c/serverpublisher/srv/detail/change_string__type_support.c.o[0m
[2.799s] [ 53%] Built target gtest_main
[2.804s] [ 54%] [32m[1mLinking CXX shared library libserverpublisher__rosidl_typesupport_cpp.so[0m
[2.810s] [ 55%] [32mBuilding CXX object CMakeFiles/serverpublisher__rosidl_typesupport_fastrtps_c.dir/rosidl_typesupport_fastrtps_c/serverpublisher/srv/detail/add_three_ints__type_support_c.o[0m
[2.830s] [ 56%] [32mBuilding CXX object CMakeFiles/serverpublisher__rosidl_typesupport_fastrtps_c.dir/rosidl_typesupport_fastrtps_c/serverpublisher/srv/detail/change_string__type_support_c.o[0m
[2.830s] [ 56%] Built target serverpublisher__rosidl_typesupport_c
[2.842s] [ 58%] [32mBuilding CXX object CMakeFiles/serverpublisher__rosidl_typesupport_fastrtps_cpp.dir/rosidl_typesupport_fastrtps_cpp/serverpublisher/msg/detail/dds_fastrtps/data__type_support.o[0m
[2.843s] [ 59%] [32m[1mLinking C shared library libserverpublisher__rosidl_typesupport_introspection_c.so[0m
[2.852s] [ 60%] [32mBuilding CXX object CMakeFiles/serverpublisher__rosidl_typesupport_fastrtps_cpp.dir/rosidl_typesupport_fastrtps_cpp/serverpublisher/msg/detail/dds_fastrtps/sphere__type_support.o[0m
[2.879s] [ 60%] Built target serverpublisher__rosidl_typesupport_cpp
[2.896s] [ 60%] Built target serverpublisher__rosidl_typesupport_introspection_c
[2.907s] [ 62%] [32mBuilding CXX object CMakeFiles/talker.dir/src/publisher_member_function.o[0m
[2.929s] [ 63%] [32mBuilding CXX object CMakeFiles/talkerandlistner.dir/src/pub_sub_node.o[0m
[2.971s] [ 64%] [32mBuilding CXX object CMakeFiles/server.dir/src/add_two_ints_server.o[0m
[2.999s] [ 65%] [32mBuilding CXX object CMakeFiles/serverpublisher__rosidl_typesupport_fastrtps_cpp.dir/rosidl_typesupport_fastrtps_cpp/serverpublisher/srv/detail/dds_fastrtps/add_three_ints__type_support.o[0m
[3.011s] [ 67%] [32mBuilding CXX object CMakeFiles/serverpublisher__rosidl_typesupport_fastrtps_cpp.dir/rosidl_typesupport_fastrtps_cpp/serverpublisher/srv/detail/dds_fastrtps/change_string__type_support.o[0m
[3.012s] [ 68%] [32mBuilding CXX object CMakeFiles/stringserver.dir/src/change_string_server.o[0m
[3.025s] [ 69%] [32m[1mLinking CXX shared library libserverpublisher__rosidl_typesupport_introspection_cpp.so[0m
[3.182s] [ 69%] Built target serverpublisher__rosidl_typesupport_introspection_cpp
[3.207s] [ 70%] [32mBuilding CXX object CMakeFiles/static_transform_publisher.dir/src/static_transform_publisher.o[0m
[3.304s] [ 72%] [32m[1mLinking CXX shared library libserverpublisher__rosidl_typesupport_fastrtps_c.so[0m
[3.385s] [ 72%] Built target serverpublisher__rosidl_typesupport_fastrtps_c
[3.455s] [ 73%] [32m[1mLinking CXX shared library libserverpublisher__rosidl_typesupport_fastrtps_cpp.so[0m
[3.519s] [ 73%] Built target serverpublisher__rosidl_typesupport_fastrtps_cpp
[3.531s] [ 73%] Built target serverpublisher
[3.545s] [ 74%] [34m[1mGenerating Python code for ROS interfaces[0m
[4.039s] [ 74%] Built target serverpublisher__py
[4.053s] [ 79%] [32mBuilding C object CMakeFiles/serverpublisher__rosidl_generator_py.dir/rosidl_generator_py/serverpublisher/msg/_sphere_s.c.o[0m
[4.053s] [ 79%] [32mBuilding C object CMakeFiles/serverpublisher__rosidl_generator_py.dir/rosidl_generator_py/serverpublisher/srv/_add_three_ints_s.c.o[0m
[4.054s] [ 79%] [32mBuilding C object CMakeFiles/serverpublisher__rosidl_generator_py.dir/rosidl_generator_py/serverpublisher/msg/_num_s.c.o[0m
[4.054s] [ 81%] [32mBuilding C object CMakeFiles/serverpublisher__rosidl_generator_py.dir/rosidl_generator_py/serverpublisher/srv/_change_string_s.c.o[0m
[4.054s] [ 81%] [32mBuilding C object CMakeFiles/serverpublisher__rosidl_generator_py.dir/rosidl_generator_py/serverpublisher/msg/_data_s.c.o[0m
[4.172s] [ 82%] [32m[1mLinking C shared library rosidl_generator_py/serverpublisher/libserverpublisher__rosidl_generator_py.so[0m
[4.199s] [ 82%] Built target serverpublisher__rosidl_generator_py
[4.212s] [ 84%] [32mBuilding C object CMakeFiles/serverpublisher__rosidl_typesupport_introspection_c__pyext.dir/rosidl_generator_py/serverpublisher/_serverpublisher_s.ep.rosidl_typesupport_introspection_c.c.o[0m
[4.212s] [ 84%] [32mBuilding C object CMakeFiles/serverpublisher__rosidl_typesupport_c__pyext.dir/rosidl_generator_py/serverpublisher/_serverpublisher_s.ep.rosidl_typesupport_c.c.o[0m
[4.213s] [ 86%] [32mBuilding C object CMakeFiles/serverpublisher__rosidl_typesupport_fastrtps_c__pyext.dir/rosidl_generator_py/serverpublisher/_serverpublisher_s.ep.rosidl_typesupport_fastrtps_c.c.o[0m
[4.293s] [ 87%] [32m[1mLinking C shared library rosidl_generator_py/serverpublisher/serverpublisher_s__rosidl_typesupport_c.cpython-310-x86_64-linux-gnu.so[0m
[4.320s] [ 87%] Built target serverpublisher__rosidl_typesupport_c__pyext
[4.329s] [ 89%] [32m[1mLinking C shared library rosidl_generator_py/serverpublisher/serverpublisher_s__rosidl_typesupport_introspection_c.cpython-310-x86_64-linux-gnu.so[0m
[4.329s] [ 89%] [32m[1mLinking C shared library rosidl_generator_py/serverpublisher/serverpublisher_s__rosidl_typesupport_fastrtps_c.cpython-310-x86_64-linux-gnu.so[0m
[4.357s] [ 89%] Built target serverpublisher__rosidl_typesupport_fastrtps_c__pyext
[4.358s] [ 89%] Built target serverpublisher__rosidl_typesupport_introspection_c__pyext
[5.709s] [ 91%] [32m[1mLinking CXX static library libgtest.a[0m
[5.792s] [ 91%] Built target gtest
[5.804s] [ 92%] [32mBuilding CXX object CMakeFiles/test_serverpublisher.dir/test/test_server.o[0m
[6.677s] [ 93%] [32m[1mLinking CXX executable stringserver[0m
[6.771s] [ 94%] [32m[1mLinking CXX executable server[0m
[6.802s] [ 94%] Built target stringserver
[6.883s] [ 94%] Built target server
[8.329s] [ 96%] [32m[1mLinking CXX executable static_transform_publisher[0m
[8.506s] [ 96%] Built target static_transform_publisher
[10.053s] [ 97%] [32m[1mLinking CXX executable test_serverpublisher[0m
[10.243s] [ 97%] Built target test_serverpublisher
[12.615s] [ 98%] [32m[1mLinking CXX executable talker[0m
[12.977s] [ 98%] Built target talker
[13.160s] [100%] [32m[1mLinking CXX executable talkerandlistner[0m
[13.497s] [100%] Built target talkerandlistner
[13.506s] Invoked command in '/home/chotu/Beginner_Tutorials_Ros2/build/serverpublisher' returned '0': CMAKE_PREFIX_PATH=/opt/ros/humble /usr/bin/cmake --build /home/chotu/Beginner_Tutorials_Ros2/build/serverpublisher -- -j16 -l16
[13.590s] Invoking command in '/home/chotu/Beginner_Tutorials_Ros2/build/serverpublisher': CMAKE_PREFIX_PATH=/opt/ros/humble /usr/bin/cmake --install /home/chotu/Beginner_Tutorials_Ros2/build/serverpublisher
[13.596s] -- Install configuration: "Debug"
[13.596s] -- Installing: /home/chotu/Beginner_Tutorials_Ros2/install/serverpublisher/share/ament_index/resource_index/rosidl_interfaces/serverpublisher
[13.597s] -- Up-to-date: /home/chotu/Beginner_Tutorials_Ros2/install/serverpublisher/include/serverpublisher/serverpublisher
[13.597s] -- Up-to-date: /home/chotu/Beginner_Tutorials_Ros2/install/serverpublisher/include/serverpublisher/serverpublisher/msg
[13.597s] -- Installing: /home/chotu/Beginner_Tutorials_Ros2/install/serverpublisher/include/serverpublisher/serverpublisher/msg/data.h
[13.597s] -- Up-to-date: /home/chotu/Beginner_Tutorials_Ros2/install/serverpublisher/include/serverpublisher/serverpublisher/msg/detail
[13.597s] -- Installing: /home/chotu/Beginner_Tutorials_Ros2/install/serverpublisher/include/serverpublisher/serverpublisher/msg/detail/sphere__functions.c
[13.597s] -- Installing: /home/chotu/Beginner_Tutorials_Ros2/install/serverpublisher/include/serverpublisher/serverpublisher/msg/detail/data__functions.c
[13.598s] -- Installing: /home/chotu/Beginner_Tutorials_Ros2/install/serverpublisher/include/serverpublisher/serverpublisher/msg/detail/data__functions.h
[13.598s] -- Installing: /home/chotu/Beginner_Tutorials_Ros2/install/serverpublisher/include/serverpublisher/serverpublisher/msg/detail/data__type_support.h
[13.598s] -- Installing: /home/chotu/Beginner_Tutorials_Ros2/install/serverpublisher/include/serverpublisher/serverpublisher/msg/detail/data__struct.h
[13.598s] -- Installing: /home/chotu/Beginner_Tutorials_Ros2/install/serverpublisher/include/serverpublisher/serverpublisher/msg/detail/sphere__functions.h
[13.598s] -- Installing: /home/chotu/Beginner_Tutorials_Ros2/install/serverpublisher/include/serverpublisher/serverpublisher/msg/detail/num__type_support.h
[13.598s] -- Installing: /home/chotu/Beginner_Tutorials_Ros2/install/serverpublisher/include/serverpublisher/serverpublisher/msg/detail/sphere__type_support.h
[13.598s] -- Installing: /home/chotu/Beginner_Tutorials_Ros2/install/serverpublisher/include/serverpublisher/serverpublisher/msg/detail/num__functions.h
[13.599s] -- Installing: /home/chotu/Beginner_Tutorials_Ros2/install/serverpublisher/include/serverpublisher/serverpublisher/msg/detail/num__functions.c
[13.599s] -- Installing: /home/chotu/Beginner_Tutorials_Ros2/install/serverpublisher/include/serverpublisher/serverpublisher/msg/detail/num__struct.h
[13.599s] -- Installing: /home/chotu/Beginner_Tutorials_Ros2/install/serverpublisher/include/serverpublisher/serverpublisher/msg/detail/sphere__struct.h
[13.599s] -- Installing: /home/chotu/Beginner_Tutorials_Ros2/install/serverpublisher/include/serverpublisher/serverpublisher/msg/sphere.h
[13.599s] -- Installing: /home/chotu/Beginner_Tutorials_Ros2/install/serverpublisher/include/serverpublisher/serverpublisher/msg/num.h
[13.600s] -- Installing: /home/chotu/Beginner_Tutorials_Ros2/install/serverpublisher/include/serverpublisher/serverpublisher/msg/rosidl_generator_c__visibility_control.h
[13.600s] -- Up-to-date: /home/chotu/Beginner_Tutorials_Ros2/install/serverpublisher/include/serverpublisher/serverpublisher/srv
[13.600s] -- Up-to-date: /home/chotu/Beginner_Tutorials_Ros2/install/serverpublisher/include/serverpublisher/serverpublisher/srv/detail
[13.600s] -- Installing: /home/chotu/Beginner_Tutorials_Ros2/install/serverpublisher/include/serverpublisher/serverpublisher/srv/detail/add_three_ints__struct.h
[13.600s] -- Installing: /home/chotu/Beginner_Tutorials_Ros2/install/serverpublisher/include/serverpublisher/serverpublisher/srv/detail/add_three_ints__functions.h
[13.600s] -- Installing: /home/chotu/Beginner_Tutorials_Ros2/install/serverpublisher/include/serverpublisher/serverpublisher/srv/detail/add_three_ints__functions.c
[13.600s] -- Installing: /home/chotu/Beginner_Tutorials_Ros2/install/serverpublisher/include/serverpublisher/serverpublisher/srv/detail/change_string__functions.c
[13.601s] -- Installing: /home/chotu/Beginner_Tutorials_Ros2/install/serverpublisher/include/serverpublisher/serverpublisher/srv/detail/change_string__type_support.h
[13.601s] -- Installing: /home/chotu/Beginner_Tutorials_Ros2/install/serverpublisher/include/serverpublisher/serverpublisher/srv/detail/change_string__functions.h
[13.601s] -- Installing: /home/chotu/Beginner_Tutorials_Ros2/install/serverpublisher/include/serverpublisher/serverpublisher/srv/detail/change_string__struct.h
[13.601s] -- Installing: /home/chotu/Beginner_Tutorials_Ros2/install/serverpublisher/include/serverpublisher/serverpublisher/srv/detail/add_three_ints__type_support.h
[13.601s] -- Installing: /home/chotu/Beginner_Tutorials_Ros2/install/serverpublisher/include/serverpublisher/serverpublisher/srv/change_string.h
[13.601s] -- Installing: /home/chotu/Beginner_Tutorials_Ros2/install/serverpublisher/include/serverpublisher/serverpublisher/srv/add_three_ints.h
[13.601s] -- Up-to-date: /home/chotu/Beginner_Tutorials_Ros2/install/serverpublisher/share/serverpublisher/environment/library_path.sh
[13.602s] -- Installing: /home/chotu/Beginner_Tutorials_Ros2/install/serverpublisher/share/serverpublisher/environment/library_path.dsv
[13.602s] -- Installing: /home/chotu/Beginner_Tutorials_Ros2/install/serverpublisher/lib/libserverpublisher__rosidl_generator_c.so
[13.602s] -- Set runtime path of "/home/chotu/Beginner_Tutorials_Ros2/install/serverpublisher/lib/libserverpublisher__rosidl_generator_c.so" to ""
[13.602s] -- Up-to-date: /home/chotu/Beginner_Tutorials_Ros2/install/serverpublisher/include/serverpublisher/serverpublisher
[13.602s] -- Up-to-date: /home/chotu/Beginner_Tutorials_Ros2/install/serverpublisher/include/serverpublisher/serverpublisher/msg
[13.603s] -- Up-to-date: /home/chotu/Beginner_Tutorials_Ros2/install/serverpublisher/include/serverpublisher/serverpublisher/msg/detail
[13.603s] -- Installing: /home/chotu/Beginner_Tutorials_Ros2/install/serverpublisher/include/serverpublisher/serverpublisher/msg/detail/data__rosidl_typesupport_fastrtps_c.h
[13.603s] -- Installing: /home/chotu/Beginner_Tutorials_Ros2/install/serverpublisher/include/serverpublisher/serverpublisher/msg/detail/num__rosidl_typesupport_fastrtps_c.h
[13.603s] -- Installing: /home/chotu/Beginner_Tutorials_Ros2/install/serverpublisher/include/serverpublisher/serverpublisher/msg/detail/sphere__rosidl_typesupport_fastrtps_c.h
[13.603s] -- Installing: /home/chotu/Beginner_Tutorials_Ros2/install/serverpublisher/include/serverpublisher/serverpublisher/msg/rosidl_typesupport_fastrtps_c__visibility_control.h
[13.603s] -- Up-to-date: /home/chotu/Beginner_Tutorials_Ros2/install/serverpublisher/include/serverpublisher/serverpublisher/srv
[13.603s] -- Up-to-date: /home/chotu/Beginner_Tutorials_Ros2/install/serverpublisher/include/serverpublisher/serverpublisher/srv/detail
[13.603s] -- Installing: /home/chotu/Beginner_Tutorials_Ros2/install/serverpublisher/include/serverpublisher/serverpublisher/srv/detail/change_string__rosidl_typesupport_fastrtps_c.h
[13.604s] -- Installing: /home/chotu/Beginner_Tutorials_Ros2/install/serverpublisher/include/serverpublisher/serverpublisher/srv/detail/add_three_ints__rosidl_typesupport_fastrtps_c.h
[13.604s] -- Installing: /home/chotu/Beginner_Tutorials_Ros2/install/serverpublisher/lib/libserverpublisher__rosidl_typesupport_fastrtps_c.so
[13.604s] -- Set runtime path of "/home/chotu/Beginner_Tutorials_Ros2/install/serverpublisher/lib/libserverpublisher__rosidl_typesupport_fastrtps_c.so" to ""
[13.604s] -- Up-to-date: /home/chotu/Beginner_Tutorials_Ros2/install/serverpublisher/include/serverpublisher/serverpublisher
[13.605s] -- Up-to-date: /home/chotu/Beginner_Tutorials_Ros2/install/serverpublisher/include/serverpublisher/serverpublisher/msg
[13.605s] -- Up-to-date: /home/chotu/Beginner_Tutorials_Ros2/install/serverpublisher/include/serverpublisher/serverpublisher/msg/detail
[13.605s] -- Installing: /home/chotu/Beginner_Tutorials_Ros2/install/serverpublisher/include/serverpublisher/serverpublisher/msg/detail/num__traits.hpp
[13.605s] -- Installing: /home/chotu/Beginner_Tutorials_Ros2/install/serverpublisher/include/serverpublisher/serverpublisher/msg/detail/data__struct.hpp
[13.605s] -- Installing: /home/chotu/Beginner_Tutorials_Ros2/install/serverpublisher/include/serverpublisher/serverpublisher/msg/detail/sphere__traits.hpp
[13.605s] -- Installing: /home/chotu/Beginner_Tutorials_Ros2/install/serverpublisher/include/serverpublisher/serverpublisher/msg/detail/data__builder.hpp
[13.605s] -- Installing: /home/chotu/Beginner_Tutorials_Ros2/install/serverpublisher/include/serverpublisher/serverpublisher/msg/detail/num__struct.hpp
[13.605s] -- Installing: /home/chotu/Beginner_Tutorials_Ros2/install/serverpublisher/include/serverpublisher/serverpublisher/msg/detail/num__builder.hpp
[13.606s] -- Installing: /home/chotu/Beginner_Tutorials_Ros2/install/serverpublisher/include/serverpublisher/serverpublisher/msg/detail/sphere__builder.hpp
[13.606s] -- Installing: /home/chotu/Beginner_Tutorials_Ros2/install/serverpublisher/include/serverpublisher/serverpublisher/msg/detail/data__traits.hpp
[13.606s] -- Installing: /home/chotu/Beginner_Tutorials_Ros2/install/serverpublisher/include/serverpublisher/serverpublisher/msg/detail/sphere__struct.hpp
[13.606s] -- Installing: /home/chotu/Beginner_Tutorials_Ros2/install/serverpublisher/include/serverpublisher/serverpublisher/msg/sphere.hpp
[13.606s] -- Installing: /home/chotu/Beginner_Tutorials_Ros2/install/serverpublisher/include/serverpublisher/serverpublisher/msg/data.hpp
[13.606s] -- Installing: /home/chotu/Beginner_Tutorials_Ros2/install/serverpublisher/include/serverpublisher/serverpublisher/msg/num.hpp
[13.606s] -- Up-to-date: /home/chotu/Beginner_Tutorials_Ros2/install/serverpublisher/include/serverpublisher/serverpublisher/srv
[13.606s] -- Up-to-date: /home/chotu/Beginner_Tutorials_Ros2/install/serverpublisher/include/serverpublisher/serverpublisher/srv/detail
[13.606s] -- Installing: /home/chotu/Beginner_Tutorials_Ros2/install/serverpublisher/include/serverpublisher/serverpublisher/srv/detail/change_string__struct.hpp
[13.607s] -- Installing: /home/chotu/Beginner_Tutorials_Ros2/install/serverpublisher/include/serverpublisher/serverpublisher/srv/detail/add_three_ints__traits.hpp
[13.607s] -- Installing: /home/chotu/Beginner_Tutorials_Ros2/install/serverpublisher/include/serverpublisher/serverpublisher/srv/detail/add_three_ints__struct.hpp
[13.607s] -- Installing: /home/chotu/Beginner_Tutorials_Ros2/install/serverpublisher/include/serverpublisher/serverpublisher/srv/detail/change_string__builder.hpp
[13.607s] -- Installing: /home/chotu/Beginner_Tutorials_Ros2/install/serverpublisher/include/serverpublisher/serverpublisher/srv/detail/change_string__traits.hpp
[13.607s] -- Installing: /home/chotu/Beginner_Tutorials_Ros2/install/serverpublisher/include/serverpublisher/serverpublisher/srv/detail/add_three_ints__builder.hpp
[13.607s] -- Installing: /home/chotu/Beginner_Tutorials_Ros2/install/serverpublisher/include/serverpublisher/serverpublisher/srv/change_string.hpp
[13.607s] -- Installing: /home/chotu/Beginner_Tutorials_Ros2/install/serverpublisher/include/serverpublisher/serverpublisher/srv/add_three_ints.hpp
[13.608s] -- Up-to-date: /home/chotu/Beginner_Tutorials_Ros2/install/serverpublisher/include/serverpublisher/serverpublisher
[13.608s] -- Up-to-date: /home/chotu/Beginner_Tutorials_Ros2/install/serverpublisher/include/serverpublisher/serverpublisher/msg
[13.608s] -- Up-to-date: /home/chotu/Beginner_Tutorials_Ros2/install/serverpublisher/include/serverpublisher/serverpublisher/msg/detail
[13.608s] -- Installing: /home/chotu/Beginner_Tutorials_Ros2/install/serverpublisher/include/serverpublisher/serverpublisher/msg/detail/sphere__rosidl_typesupport_fastrtps_cpp.hpp
[13.608s] -- Up-to-date: /home/chotu/Beginner_Tutorials_Ros2/install/serverpublisher/include/serverpublisher/serverpublisher/msg/detail/dds_fastrtps
[13.608s] -- Installing: /home/chotu/Beginner_Tutorials_Ros2/install/serverpublisher/include/serverpublisher/serverpublisher/msg/detail/data__rosidl_typesupport_fastrtps_cpp.hpp
[13.608s] -- Installing: /home/chotu/Beginner_Tutorials_Ros2/install/serverpublisher/include/serverpublisher/serverpublisher/msg/detail/num__rosidl_typesupport_fastrtps_cpp.hpp
[13.608s] -- Installing: /home/chotu/Beginner_Tutorials_Ros2/install/serverpublisher/include/serverpublisher/serverpublisher/msg/rosidl_typesupport_fastrtps_cpp__visibility_control.h
[13.609s] -- Up-to-date: /home/chotu/Beginner_Tutorials_Ros2/install/serverpublisher/include/serverpublisher/serverpublisher/srv
[13.609s] -- Up-to-date: /home/chotu/Beginner_Tutorials_Ros2/install/serverpublisher/include/serverpublisher/serverpublisher/srv/detail
[13.609s] -- Installing: /home/chotu/Beginner_Tutorials_Ros2/install/serverpublisher/include/serverpublisher/serverpublisher/srv/detail/add_three_ints__rosidl_typesupport_fastrtps_cpp.hpp
[13.609s] -- Up-to-date: /home/chotu/Beginner_Tutorials_Ros2/install/serverpublisher/include/serverpublisher/serverpublisher/srv/detail/dds_fastrtps
[13.609s] -- Installing: /home/chotu/Beginner_Tutorials_Ros2/install/serverpublisher/include/serverpublisher/serverpublisher/srv/detail/change_string__rosidl_typesupport_fastrtps_cpp.hpp
[13.609s] -- Installing: /home/chotu/Beginner_Tutorials_Ros2/install/serverpublisher/lib/libserverpublisher__rosidl_typesupport_fastrtps_cpp.so
[13.610s] -- Set runtime path of "/home/chotu/Beginner_Tutorials_Ros2/install/serverpublisher/lib/libserverpublisher__rosidl_typesupport_fastrtps_cpp.so" to ""
[13.610s] -- Up-to-date: /home/chotu/Beginner_Tutorials_Ros2/install/serverpublisher/include/serverpublisher/serverpublisher
[13.610s] -- Up-to-date: /home/chotu/Beginner_Tutorials_Ros2/install/serverpublisher/include/serverpublisher/serverpublisher/msg
[13.610s] -- Up-to-date: /home/chotu/Beginner_Tutorials_Ros2/install/serverpublisher/include/serverpublisher/serverpublisher/msg/detail
[13.610s] -- Installing: /home/chotu/Beginner_Tutorials_Ros2/install/serverpublisher/include/serverpublisher/serverpublisher/msg/detail/num__rosidl_typesupport_introspection_c.h
[13.610s] -- Installing: /home/chotu/Beginner_Tutorials_Ros2/install/serverpublisher/include/serverpublisher/serverpublisher/msg/detail/data__rosidl_typesupport_introspection_c.h
[13.610s] -- Installing: /home/chotu/Beginner_Tutorials_Ros2/install/serverpublisher/include/serverpublisher/serverpublisher/msg/detail/sphere__type_support.c
[13.610s] -- Installing: /home/chotu/Beginner_Tutorials_Ros2/install/serverpublisher/include/serverpublisher/serverpublisher/msg/detail/data__type_support.c
[13.611s] -- Installing: /home/chotu/Beginner_Tutorials_Ros2/install/serverpublisher/include/serverpublisher/serverpublisher/msg/detail/num__type_support.c
[13.611s] -- Installing: /home/chotu/Beginner_Tutorials_Ros2/install/serverpublisher/include/serverpublisher/serverpublisher/msg/detail/sphere__rosidl_typesupport_introspection_c.h
[13.611s] -- Installing: /home/chotu/Beginner_Tutorials_Ros2/install/serverpublisher/include/serverpublisher/serverpublisher/msg/rosidl_typesupport_introspection_c__visibility_control.h
[13.611s] -- Up-to-date: /home/chotu/Beginner_Tutorials_Ros2/install/serverpublisher/include/serverpublisher/serverpublisher/srv
[13.611s] -- Up-to-date: /home/chotu/Beginner_Tutorials_Ros2/install/serverpublisher/include/serverpublisher/serverpublisher/srv/detail
[13.611s] -- Installing: /home/chotu/Beginner_Tutorials_Ros2/install/serverpublisher/include/serverpublisher/serverpublisher/srv/detail/change_string__rosidl_typesupport_introspection_c.h
[13.611s] -- Installing: /home/chotu/Beginner_Tutorials_Ros2/install/serverpublisher/include/serverpublisher/serverpublisher/srv/detail/add_three_ints__rosidl_typesupport_introspection_c.h
[13.611s] -- Installing: /home/chotu/Beginner_Tutorials_Ros2/install/serverpublisher/include/serverpublisher/serverpublisher/srv/detail/change_string__type_support.c
[13.611s] -- Installing: /home/chotu/Beginner_Tutorials_Ros2/install/serverpublisher/include/serverpublisher/serverpublisher/srv/detail/add_three_ints__type_support.c
[13.612s] -- Installing: /home/chotu/Beginner_Tutorials_Ros2/install/serverpublisher/lib/libserverpublisher__rosidl_typesupport_introspection_c.so
[13.612s] -- Set runtime path of "/home/chotu/Beginner_Tutorials_Ros2/install/serverpublisher/lib/libserverpublisher__rosidl_typesupport_introspection_c.so" to ""
[13.612s] -- Installing: /home/chotu/Beginner_Tutorials_Ros2/install/serverpublisher/lib/libserverpublisher__rosidl_typesupport_c.so
[13.613s] -- Set runtime path of "/home/chotu/Beginner_Tutorials_Ros2/install/serverpublisher/lib/libserverpublisher__rosidl_typesupport_c.so" to ""
[13.613s] -- Up-to-date: /home/chotu/Beginner_Tutorials_Ros2/install/serverpublisher/include/serverpublisher/serverpublisher
[13.613s] -- Up-to-date: /home/chotu/Beginner_Tutorials_Ros2/install/serverpublisher/include/serverpublisher/serverpublisher/msg
[13.613s] -- Up-to-date: /home/chotu/Beginner_Tutorials_Ros2/install/serverpublisher/include/serverpublisher/serverpublisher/msg/detail
[13.613s] -- Installing: /home/chotu/Beginner_Tutorials_Ros2/install/serverpublisher/include/serverpublisher/serverpublisher/msg/detail/data__type_support.cpp
[13.613s] -- Installing: /home/chotu/Beginner_Tutorials_Ros2/install/serverpublisher/include/serverpublisher/serverpublisher/msg/detail/sphere__rosidl_typesupport_introspection_cpp.hpp
[13.613s] -- Installing: /home/chotu/Beginner_Tutorials_Ros2/install/serverpublisher/include/serverpublisher/serverpublisher/msg/detail/num__rosidl_typesupport_introspection_cpp.hpp
[13.613s] -- Installing: /home/chotu/Beginner_Tutorials_Ros2/install/serverpublisher/include/serverpublisher/serverpublisher/msg/detail/num__type_support.cpp
[13.613s] -- Installing: /home/chotu/Beginner_Tutorials_Ros2/install/serverpublisher/include/serverpublisher/serverpublisher/msg/detail/sphere__type_support.cpp
[13.614s] -- Installing: /home/chotu/Beginner_Tutorials_Ros2/install/serverpublisher/include/serverpublisher/serverpublisher/msg/detail/data__rosidl_typesupport_introspection_cpp.hpp
[13.614s] -- Up-to-date: /home/chotu/Beginner_Tutorials_Ros2/install/serverpublisher/include/serverpublisher/serverpublisher/srv
[13.614s] -- Up-to-date: /home/chotu/Beginner_Tutorials_Ros2/install/serverpublisher/include/serverpublisher/serverpublisher/srv/detail
[13.614s] -- Installing: /home/chotu/Beginner_Tutorials_Ros2/install/serverpublisher/include/serverpublisher/serverpublisher/srv/detail/add_three_ints__type_support.cpp
[13.614s] -- Installing: /home/chotu/Beginner_Tutorials_Ros2/install/serverpublisher/include/serverpublisher/serverpublisher/srv/detail/change_string__type_support.cpp
[13.614s] -- Installing: /home/chotu/Beginner_Tutorials_Ros2/install/serverpublisher/include/serverpublisher/serverpublisher/srv/detail/add_three_ints__rosidl_typesupport_introspection_cpp.hpp
[13.614s] -- Installing: /home/chotu/Beginner_Tutorials_Ros2/install/serverpublisher/include/serverpublisher/serverpublisher/srv/detail/change_string__rosidl_typesupport_introspection_cpp.hpp
[13.614s] -- Installing: /home/chotu/Beginner_Tutorials_Ros2/install/serverpublisher/lib/libserverpublisher__rosidl_typesupport_introspection_cpp.so
[13.615s] -- Set runtime path of "/home/chotu/Beginner_Tutorials_Ros2/install/serverpublisher/lib/libserverpublisher__rosidl_typesupport_introspection_cpp.so" to ""
[13.615s] -- Installing: /home/chotu/Beginner_Tutorials_Ros2/install/serverpublisher/lib/libserverpublisher__rosidl_typesupport_cpp.so
[13.615s] -- Set runtime path of "/home/chotu/Beginner_Tutorials_Ros2/install/serverpublisher/lib/libserverpublisher__rosidl_typesupport_cpp.so" to ""
[13.615s] -- Installing: /home/chotu/Beginner_Tutorials_Ros2/install/serverpublisher/share/serverpublisher/environment/pythonpath.sh
[13.616s] -- Installing: /home/chotu/Beginner_Tutorials_Ros2/install/serverpublisher/share/serverpublisher/environment/pythonpath.dsv
[13.616s] -- Up-to-date: /home/chotu/Beginner_Tutorials_Ros2/install/serverpublisher/local/lib/python3.10/dist-packages/serverpublisher-0.0.0-py3.10.egg-info
[13.616s] -- Installing: /home/chotu/Beginner_Tutorials_Ros2/install/serverpublisher/local/lib/python3.10/dist-packages/serverpublisher-0.0.0-py3.10.egg-info/SOURCES.txt
[13.616s] -- Installing: /home/chotu/Beginner_Tutorials_Ros2/install/serverpublisher/local/lib/python3.10/dist-packages/serverpublisher-0.0.0-py3.10.egg-info/PKG-INFO
[13.616s] -- Installing: /home/chotu/Beginner_Tutorials_Ros2/install/serverpublisher/local/lib/python3.10/dist-packages/serverpublisher-0.0.0-py3.10.egg-info/top_level.txt
[13.616s] -- Installing: /home/chotu/Beginner_Tutorials_Ros2/install/serverpublisher/local/lib/python3.10/dist-packages/serverpublisher-0.0.0-py3.10.egg-info/dependency_links.txt
[13.617s] -- Up-to-date: /home/chotu/Beginner_Tutorials_Ros2/install/serverpublisher/local/lib/python3.10/dist-packages/serverpublisher
[13.617s] -- Up-to-date: /home/chotu/Beginner_Tutorials_Ros2/install/serverpublisher/local/lib/python3.10/dist-packages/serverpublisher/msg
[13.617s] -- Installing: /home/chotu/Beginner_Tutorials_Ros2/install/serverpublisher/local/lib/python3.10/dist-packages/serverpublisher/msg/_num.py
[13.617s] -- Installing: /home/chotu/Beginner_Tutorials_Ros2/install/serverpublisher/local/lib/python3.10/dist-packages/serverpublisher/msg/__init__.py
[13.617s] -- Installing: /home/chotu/Beginner_Tutorials_Ros2/install/serverpublisher/local/lib/python3.10/dist-packages/serverpublisher/msg/_sphere_s.c
[13.617s] -- Installing: /home/chotu/Beginner_Tutorials_Ros2/install/serverpublisher/local/lib/python3.10/dist-packages/serverpublisher/msg/_data.py
[13.617s] -- Installing: /home/chotu/Beginner_Tutorials_Ros2/install/serverpublisher/local/lib/python3.10/dist-packages/serverpublisher/msg/_data_s.c
[13.618s] -- Installing: /home/chotu/Beginner_Tutorials_Ros2/install/serverpublisher/local/lib/python3.10/dist-packages/serverpublisher/msg/_sphere.py
[13.618s] -- Installing: /home/chotu/Beginner_Tutorials_Ros2/install/serverpublisher/local/lib/python3.10/dist-packages/serverpublisher/msg/_num_s.c
[13.618s] -- Installing: /home/chotu/Beginner_Tutorials_Ros2/install/serverpublisher/local/lib/python3.10/dist-packages/serverpublisher/serverpublisher_s__rosidl_typesupport_introspection_c.cpython-310-x86_64-linux-gnu.so
[13.618s] -- Installing: /home/chotu/Beginner_Tutorials_Ros2/install/serverpublisher/local/lib/python3.10/dist-packages/serverpublisher/__init__.py
[13.618s] -- Up-to-date: /home/chotu/Beginner_Tutorials_Ros2/install/serverpublisher/local/lib/python3.10/dist-packages/serverpublisher/srv
[13.618s] -- Installing: /home/chotu/Beginner_Tutorials_Ros2/install/serverpublisher/local/lib/python3.10/dist-packages/serverpublisher/srv/__init__.py
[13.618s] -- Installing: /home/chotu/Beginner_Tutorials_Ros2/install/serverpublisher/local/lib/python3.10/dist-packages/serverpublisher/srv/_add_three_ints_s.c
[13.619s] -- Installing: /home/chotu/Beginner_Tutorials_Ros2/install/serverpublisher/local/lib/python3.10/dist-packages/serverpublisher/srv/_add_three_ints.py
[13.619s] -- Installing: /home/chotu/Beginner_Tutorials_Ros2/install/serverpublisher/local/lib/python3.10/dist-packages/serverpublisher/srv/_change_string.py
[13.619s] -- Installing: /home/chotu/Beginner_Tutorials_Ros2/install/serverpublisher/local/lib/python3.10/dist-packages/serverpublisher/srv/_change_string_s.c
[13.619s] -- Installing: /home/chotu/Beginner_Tutorials_Ros2/install/serverpublisher/local/lib/python3.10/dist-packages/serverpublisher/serverpublisher_s__rosidl_typesupport_c.cpython-310-x86_64-linux-gnu.so
[13.619s] -- Installing: /home/chotu/Beginner_Tutorials_Ros2/install/serverpublisher/local/lib/python3.10/dist-packages/serverpublisher/_serverpublisher_s.ep.rosidl_typesupport_fastrtps_c.c
[13.619s] -- Installing: /home/chotu/Beginner_Tutorials_Ros2/install/serverpublisher/local/lib/python3.10/dist-packages/serverpublisher/_serverpublisher_s.ep.rosidl_typesupport_introspection_c.c
[13.620s] -- Installing: /home/chotu/Beginner_Tutorials_Ros2/install/serverpublisher/local/lib/python3.10/dist-packages/serverpublisher/libserverpublisher__rosidl_generator_py.so
[13.620s] -- Installing: /home/chotu/Beginner_Tutorials_Ros2/install/serverpublisher/local/lib/python3.10/dist-packages/serverpublisher/serverpublisher_s__rosidl_typesupport_fastrtps_c.cpython-310-x86_64-linux-gnu.so
[13.620s] -- Installing: /home/chotu/Beginner_Tutorials_Ros2/install/serverpublisher/local/lib/python3.10/dist-packages/serverpublisher/_serverpublisher_s.ep.rosidl_typesupport_c.c
[13.643s] Listing '/home/chotu/Beginner_Tutorials_Ros2/install/serverpublisher/local/lib/python3.10/dist-packages/serverpublisher'...
[13.643s] Compiling '/home/chotu/Beginner_Tutorials_Ros2/install/serverpublisher/local/lib/python3.10/dist-packages/serverpublisher/__init__.py'...
[13.643s] Listing '/home/chotu/Beginner_Tutorials_Ros2/install/serverpublisher/local/lib/python3.10/dist-packages/serverpublisher/msg'...
[13.643s] Compiling '/home/chotu/Beginner_Tutorials_Ros2/install/serverpublisher/local/lib/python3.10/dist-packages/serverpublisher/msg/__init__.py'...
[13.643s] Compiling '/home/chotu/Beginner_Tutorials_Ros2/install/serverpublisher/local/lib/python3.10/dist-packages/serverpublisher/msg/_data.py'...
[13.643s] Compiling '/home/chotu/Beginner_Tutorials_Ros2/install/serverpublisher/local/lib/python3.10/dist-packages/serverpublisher/msg/_num.py'...
[13.643s] Compiling '/home/chotu/Beginner_Tutorials_Ros2/install/serverpublisher/local/lib/python3.10/dist-packages/serverpublisher/msg/_sphere.py'...
[13.643s] Listing '/home/chotu/Beginner_Tutorials_Ros2/install/serverpublisher/local/lib/python3.10/dist-packages/serverpublisher/srv'...
[13.643s] Compiling '/home/chotu/Beginner_Tutorials_Ros2/install/serverpublisher/local/lib/python3.10/dist-packages/serverpublisher/srv/__init__.py'...
[13.643s] Compiling '/home/chotu/Beginner_Tutorials_Ros2/install/serverpublisher/local/lib/python3.10/dist-packages/serverpublisher/srv/_add_three_ints.py'...
[13.643s] Compiling '/home/chotu/Beginner_Tutorials_Ros2/install/serverpublisher/local/lib/python3.10/dist-packages/serverpublisher/srv/_change_string.py'...
[13.646s] -- Installing: /home/chotu/Beginner_Tutorials_Ros2/install/serverpublisher/local/lib/python3.10/dist-packages/serverpublisher/serverpublisher_s__rosidl_typesupport_fastrtps_c.cpython-310-x86_64-linux-gnu.so
[13.646s] -- Set runtime path of "/home/chotu/Beginner_Tutorials_Ros2/install/serverpublisher/local/lib/python3.10/dist-packages/serverpublisher/serverpublisher_s__rosidl_typesupport_fastrtps_c.cpython-310-x86_64-linux-gnu.so" to ""
[13.646s] -- Installing: /home/chotu/Beginner_Tutorials_Ros2/install/serverpublisher/local/lib/python3.10/dist-packages/serverpublisher/serverpublisher_s__rosidl_typesupport_introspection_c.cpython-310-x86_64-linux-gnu.so
[13.647s] -- Set runtime path of "/home/chotu/Beginner_Tutorials_Ros2/install/serverpublisher/local/lib/python3.10/dist-packages/serverpublisher/serverpublisher_s__rosidl_typesupport_introspection_c.cpython-310-x86_64-linux-gnu.so" to ""
[13.647s] -- Installing: /home/chotu/Beginner_Tutorials_Ros2/install/serverpublisher/local/lib/python3.10/dist-packages/serverpublisher/serverpublisher_s__rosidl_typesupport_c.cpython-310-x86_64-linux-gnu.so
[13.647s] -- Set runtime path of "/home/chotu/Beginner_Tutorials_Ros2/install/serverpublisher/local/lib/python3.10/dist-packages/serverpublisher/serverpublisher_s__rosidl_typesupport_c.cpython-310-x86_64-linux-gnu.so" to ""
[13.647s] -- Installing: /home/chotu/Beginner_Tutorials_Ros2/install/serverpublisher/lib/libserverpublisher__rosidl_generator_py.so
[13.647s] -- Set runtime path of "/home/chotu/Beginner_Tutorials_Ros2/install/serverpublisher/lib/libserverpublisher__rosidl_generator_py.so" to ""
[13.648s] -- Installing: /home/chotu/Beginner_Tutorials_Ros2/install/serverpublisher/share/serverpublisher/msg/Num.idl
[13.648s] -- Installing: /home/chotu/Beginner_Tutorials_Ros2/install/serverpublisher/share/serverpublisher/msg/Sphere.idl
[13.648s] -- Installing: /home/chotu/Beginner_Tutorials_Ros2/install/serverpublisher/share/serverpublisher/msg/Data.idl
[13.648s] -- Installing: /home/chotu/Beginner_Tutorials_Ros2/install/serverpublisher/share/serverpublisher/srv/AddThreeInts.idl
[13.648s] -- Installing: /home/chotu/Beginner_Tutorials_Ros2/install/serverpublisher/share/serverpublisher/srv/ChangeString.idl
[13.648s] -- Up-to-date: /home/chotu/Beginner_Tutorials_Ros2/install/serverpublisher/share/serverpublisher/msg/Num.msg
[13.648s] -- Up-to-date: /home/chotu/Beginner_Tutorials_Ros2/install/serverpublisher/share/serverpublisher/msg/Sphere.msg
[13.648s] -- Up-to-date: /home/chotu/Beginner_Tutorials_Ros2/install/serverpublisher/share/serverpublisher/msg/Data.msg
[13.648s] -- Up-to-date: /home/chotu/Beginner_Tutorials_Ros2/install/serverpublisher/share/serverpublisher/srv/AddThreeInts.srv
[13.648s] -- Installing: /home/chotu/Beginner_Tutorials_Ros2/install/serverpublisher/share/serverpublisher/srv/AddThreeInts_Request.msg
[13.648s] -- Installing: /home/chotu/Beginner_Tutorials_Ros2/install/serverpublisher/share/serverpublisher/srv/AddThreeInts_Response.msg
[13.648s] -- Up-to-date: /home/chotu/Beginner_Tutorials_Ros2/install/serverpublisher/share/serverpublisher/srv/ChangeString.srv
[13.648s] -- Installing: /home/chotu/Beginner_Tutorials_Ros2/install/serverpublisher/share/serverpublisher/srv/ChangeString_Request.msg
[13.648s] -- Installing: /home/chotu/Beginner_Tutorials_Ros2/install/serverpublisher/share/serverpublisher/srv/ChangeString_Response.msg
[13.648s] -- Installing: /home/chotu/Beginner_Tutorials_Ros2/install/serverpublisher/lib/serverpublisher/test_serverpublisher
[13.655s] -- Set runtime path of "/home/chotu/Beginner_Tutorials_Ros2/install/serverpublisher/lib/serverpublisher/test_serverpublisher" to ""
[13.655s] -- Installing: /home/chotu/Beginner_Tutorials_Ros2/install/serverpublisher/lib/serverpublisher/talker
[13.673s] -- Set runtime path of "/home/chotu/Beginner_Tutorials_Ros2/install/serverpublisher/lib/serverpublisher/talker" to ""
[13.673s] -- Installing: /home/chotu/Beginner_Tutorials_Ros2/install/serverpublisher/lib/serverpublisher/talkerandlistner
[13.692s] -- Set runtime path of "/home/chotu/Beginner_Tutorials_Ros2/install/serverpublisher/lib/serverpublisher/talkerandlistner" to ""
[13.692s] -- Installing: /home/chotu/Beginner_Tutorials_Ros2/install/serverpublisher/lib/serverpublisher/server
[13.694s] -- Set runtime path of "/home/chotu/Beginner_Tutorials_Ros2/install/serverpublisher/lib/serverpublisher/server" to ""
[13.694s] -- Up-to-date: /home/chotu/Beginner_Tutorials_Ros2/install/serverpublisher/share/serverpublisher/launch
[13.694s] -- Up-to-date: /home/chotu/Beginner_Tutorials_Ros2/install/serverpublisher/share/serverpublisher/launch/cpp_pubsub_launch.py
[13.694s] -- Up-to-date: /home/chotu/Beginner_Tutorials_Ros2/install/serverpublisher/share/serverpublisher/launch/rosbag_launch.py
[13.694s] -- Up-to-date: /home/chotu/Beginner_Tutorials_Ros2/install/serverpublisher/share/serverpublisher/launch/bag_launch.py
[13.695s] -- Installing: /home/chotu/Beginner_Tutorials_Ros2/install/serverpublisher/share/ament_index/resource_index/package_run_dependencies/serverpublisher
[13.695s] -- Installing: /home/chotu/Beginner_Tutorials_Ros2/install/serverpublisher/share/ament_index/resource_index/parent_prefix_path/serverpublisher
[13.695s] -- Up-to-date: /home/chotu/Beginner_Tutorials_Ros2/install/serverpublisher/share/serverpublisher/environment/ament_prefix_path.sh
[13.695s] -- Installing: /home/chotu/Beginner_Tutorials_Ros2/install/serverpublisher/share/serverpublisher/environment/ament_prefix_path.dsv
[13.695s] -- Up-to-date: /home/chotu/Beginner_Tutorials_Ros2/install/serverpublisher/share/serverpublisher/environment/path.sh
[13.695s] -- Installing: /home/chotu/Beginner_Tutorials_Ros2/install/serverpublisher/share/serverpublisher/environment/path.dsv
[13.695s] -- Installing: /home/chotu/Beginner_Tutorials_Ros2/install/serverpublisher/share/serverpublisher/local_setup.bash
[13.695s] -- Installing: /home/chotu/Beginner_Tutorials_Ros2/install/serverpublisher/share/serverpublisher/local_setup.sh
[13.695s] -- Installing: /home/chotu/Beginner_Tutorials_Ros2/install/serverpublisher/share/serverpublisher/local_setup.zsh
[13.695s] -- Installing: /home/chotu/Beginner_Tutorials_Ros2/install/serverpublisher/share/serverpublisher/local_setup.dsv
[13.695s] -- Installing: /home/chotu/Beginner_Tutorials_Ros2/install/serverpublisher/share/serverpublisher/package.dsv
[13.695s] -- Installing: /home/chotu/Beginner_Tutorials_Ros2/install/serverpublisher/share/ament_index/resource_index/packages/serverpublisher
[13.695s] -- Installing: /home/chotu/Beginner_Tutorials_Ros2/install/serverpublisher/share/serverpublisher/cmake/export_serverpublisher__rosidl_generator_cExport.cmake
[13.695s] -- Installing: /home/chotu/Beginner_Tutorials_Ros2/install/serverpublisher/share/serverpublisher/cmake/export_serverpublisher__rosidl_generator_cExport-debug.cmake
[13.695s] -- Installing: /home/chotu/Beginner_Tutorials_Ros2/install/serverpublisher/share/serverpublisher/cmake/export_serverpublisher__rosidl_typesupport_fastrtps_cExport.cmake
[13.695s] -- Installing: /home/chotu/Beginner_Tutorials_Ros2/install/serverpublisher/share/serverpublisher/cmake/export_serverpublisher__rosidl_typesupport_fastrtps_cExport-debug.cmake
[13.695s] -- Installing: /home/chotu/Beginner_Tutorials_Ros2/install/serverpublisher/share/serverpublisher/cmake/export_serverpublisher__rosidl_generator_cppExport.cmake
[13.696s] -- Installing: /home/chotu/Beginner_Tutorials_Ros2/install/serverpublisher/share/serverpublisher/cmake/export_serverpublisher__rosidl_typesupport_fastrtps_cppExport.cmake
[13.696s] -- Installing: /home/chotu/Beginner_Tutorials_Ros2/install/serverpublisher/share/serverpublisher/cmake/export_serverpublisher__rosidl_typesupport_fastrtps_cppExport-debug.cmake
[13.696s] -- Installing: /home/chotu/Beginner_Tutorials_Ros2/install/serverpublisher/share/serverpublisher/cmake/serverpublisher__rosidl_typesupport_introspection_cExport.cmake
[13.696s] -- Installing: /home/chotu/Beginner_Tutorials_Ros2/install/serverpublisher/share/serverpublisher/cmake/serverpublisher__rosidl_typesupport_introspection_cExport-debug.cmake
[13.696s] -- Installing: /home/chotu/Beginner_Tutorials_Ros2/install/serverpublisher/share/serverpublisher/cmake/serverpublisher__rosidl_typesupport_cExport.cmake
[13.696s] -- Installing: /home/chotu/Beginner_Tutorials_Ros2/install/serverpublisher/share/serverpublisher/cmake/serverpublisher__rosidl_typesupport_cExport-debug.cmake
[13.696s] -- Installing: /home/chotu/Beginner_Tutorials_Ros2/install/serverpublisher/share/serverpublisher/cmake/serverpublisher__rosidl_typesupport_introspection_cppExport.cmake
[13.696s] -- Installing: /home/chotu/Beginner_Tutorials_Ros2/install/serverpublisher/share/serverpublisher/cmake/serverpublisher__rosidl_typesupport_introspection_cppExport-debug.cmake
[13.696s] -- Installing: /home/chotu/Beginner_Tutorials_Ros2/install/serverpublisher/share/serverpublisher/cmake/serverpublisher__rosidl_typesupport_cppExport.cmake
[13.697s] -- Installing: /home/chotu/Beginner_Tutorials_Ros2/install/serverpublisher/share/serverpublisher/cmake/serverpublisher__rosidl_typesupport_cppExport-debug.cmake
[13.697s] -- Installing: /home/chotu/Beginner_Tutorials_Ros2/install/serverpublisher/share/serverpublisher/cmake/export_serverpublisher__rosidl_generator_pyExport.cmake
[13.697s] -- Installing: /home/chotu/Beginner_Tutorials_Ros2/install/serverpublisher/share/serverpublisher/cmake/export_serverpublisher__rosidl_generator_pyExport-debug.cmake
[13.697s] -- Installing: /home/chotu/Beginner_Tutorials_Ros2/install/serverpublisher/share/serverpublisher/cmake/rosidl_cmake-extras.cmake
[13.697s] -- Installing: /home/chotu/Beginner_Tutorials_Ros2/install/serverpublisher/share/serverpublisher/cmake/ament_cmake_export_dependencies-extras.cmake
[13.697s] -- Installing: /home/chotu/Beginner_Tutorials_Ros2/install/serverpublisher/share/serverpublisher/cmake/ament_cmake_export_include_directories-extras.cmake
[13.697s] -- Installing: /home/chotu/Beginner_Tutorials_Ros2/install/serverpublisher/share/serverpublisher/cmake/ament_cmake_export_libraries-extras.cmake
[13.697s] -- Installing: /home/chotu/Beginner_Tutorials_Ros2/install/serverpublisher/share/serverpublisher/cmake/ament_cmake_export_targets-extras.cmake
[13.697s] -- Installing: /home/chotu/Beginner_Tutorials_Ros2/install/serverpublisher/share/serverpublisher/cmake/rosidl_cmake_export_typesupport_targets-extras.cmake
[13.697s] -- Installing: /home/chotu/Beginner_Tutorials_Ros2/install/serverpublisher/share/serverpublisher/cmake/rosidl_cmake_export_typesupport_libraries-extras.cmake
[13.697s] -- Installing: /home/chotu/Beginner_Tutorials_Ros2/install/serverpublisher/share/serverpublisher/cmake/serverpublisherConfig.cmake
[13.697s] -- Installing: /home/chotu/Beginner_Tutorials_Ros2/install/serverpublisher/share/serverpublisher/cmake/serverpublisherConfig-version.cmake
[13.698s] -- Up-to-date: /home/chotu/Beginner_Tutorials_Ros2/install/serverpublisher/share/serverpublisher/package.xml
[13.700s] Invoked command in '/home/chotu/Beginner_Tutorials_Ros2/build/serverpublisher' returned '0': CMAKE_PREFIX_PATH=/opt/ros/humble /usr/bin/cmake --install /home/chotu/Beginner_Tutorials_Ros2/build/serverpublisher
