[3.239s] Invoking command in '/home/sahruday/ros2_ws/build/examples_rclpy_pointcloud_publisher': PYTHONPATH=/home/sahruday/ros2_ws/install/examples_rclpy_pointcloud_publisher/lib/python3.10/site-packages:${PYTHONPATH} /usr/bin/python3 setup.py develop --prefix /home/sahruday/ros2_ws/install/examples_rclpy_pointcloud_publisher --uninstall --editable --build-directory /home/sahruday/ros2_ws/build/examples_rclpy_pointcloud_publisher/build
[3.665s] running develop
[3.665s] /usr/lib/python3/dist-packages/setuptools/command/easy_install.py:158: EasyInstallDeprecationWarning: easy_install command is deprecated. Use build and pip and other standards-based tools.
[3.665s]   warnings.warn(
[3.670s] /usr/lib/python3/dist-packages/setuptools/command/install.py:34: SetuptoolsDeprecationWarning: setup.py install is deprecated. Use build and pip and other standards-based tools.
[3.670s]   warnings.warn(
[3.734s] /usr/lib/python3/dist-packages/pkg_resources/__init__.py:116: PkgResourcesDeprecationWarning: 1.1build1 is an invalid version and will not be supported in a future release
[3.734s]   warnings.warn(
[3.734s] /usr/lib/python3/dist-packages/pkg_resources/__init__.py:116: PkgResourcesDeprecationWarning: 0.1.43ubuntu1 is an invalid version and will not be supported in a future release
[3.734s]   warnings.warn(
[3.889s] Invoked command in '/home/sahruday/ros2_ws/build/examples_rclpy_pointcloud_publisher' returned '0': PYTHONPATH=/home/sahruday/ros2_ws/install/examples_rclpy_pointcloud_publisher/lib/python3.10/site-packages:${PYTHONPATH} /usr/bin/python3 setup.py develop --prefix /home/sahruday/ros2_ws/install/examples_rclpy_pointcloud_publisher --uninstall --editable --build-directory /home/sahruday/ros2_ws/build/examples_rclpy_pointcloud_publisher/build
[3.890s] Invoking command in '/home/sahruday/ros2_ws/src/examples/rclpy/topics/pointcloud_publisher': PYTHONPATH=/home/sahruday/ros2_ws/install/examples_rclpy_pointcloud_publisher/lib/python3.10/site-packages:${PYTHONPATH} /usr/bin/python3 setup.py egg_info --egg-base ../../../../../build/examples_rclpy_pointcloud_publisher build --build-base /home/sahruday/ros2_ws/build/examples_rclpy_pointcloud_publisher/build install --prefix /home/sahruday/ros2_ws/install/examples_rclpy_pointcloud_publisher --record /home/sahruday/ros2_ws/build/examples_rclpy_pointcloud_publisher/install.log --single-version-externally-managed
[4.223s] running egg_info
[4.224s] writing ../../../../../build/examples_rclpy_pointcloud_publisher/examples_rclpy_pointcloud_publisher.egg-info/PKG-INFO
[4.225s] writing dependency_links to ../../../../../build/examples_rclpy_pointcloud_publisher/examples_rclpy_pointcloud_publisher.egg-info/dependency_links.txt
[4.225s] writing entry points to ../../../../../build/examples_rclpy_pointcloud_publisher/examples_rclpy_pointcloud_publisher.egg-info/entry_points.txt
[4.225s] writing requirements to ../../../../../build/examples_rclpy_pointcloud_publisher/examples_rclpy_pointcloud_publisher.egg-info/requires.txt
[4.225s] writing top-level names to ../../../../../build/examples_rclpy_pointcloud_publisher/examples_rclpy_pointcloud_publisher.egg-info/top_level.txt
[4.230s] /usr/lib/python3/dist-packages/setuptools/command/install.py:34: SetuptoolsDeprecationWarning: setup.py install is deprecated. Use build and pip and other standards-based tools.
[4.231s]   warnings.warn(
[4.231s] reading manifest file '../../../../../build/examples_rclpy_pointcloud_publisher/examples_rclpy_pointcloud_publisher.egg-info/SOURCES.txt'
[4.231s] writing manifest file '../../../../../build/examples_rclpy_pointcloud_publisher/examples_rclpy_pointcloud_publisher.egg-info/SOURCES.txt'
[4.231s] running build
[4.231s] running build_py
[4.231s] running install
[4.231s] running install_lib
[4.232s] running install_data
[4.232s] running install_egg_info
[4.237s] removing '/home/sahruday/ros2_ws/install/examples_rclpy_pointcloud_publisher/lib/python3.10/site-packages/examples_rclpy_pointcloud_publisher-0.15.0-py3.10.egg-info' (and everything under it)
[4.237s] Copying ../../../../../build/examples_rclpy_pointcloud_publisher/examples_rclpy_pointcloud_publisher.egg-info to /home/sahruday/ros2_ws/install/examples_rclpy_pointcloud_publisher/lib/python3.10/site-packages/examples_rclpy_pointcloud_publisher-0.15.0-py3.10.egg-info
[4.237s] running install_scripts
[4.266s] Installing pointcloud_publisher script to /home/sahruday/ros2_ws/install/examples_rclpy_pointcloud_publisher/lib/examples_rclpy_pointcloud_publisher
[4.267s] writing list of installed files to '/home/sahruday/ros2_ws/build/examples_rclpy_pointcloud_publisher/install.log'
[4.303s] Invoked command in '/home/sahruday/ros2_ws/src/examples/rclpy/topics/pointcloud_publisher' returned '0': PYTHONPATH=/home/sahruday/ros2_ws/install/examples_rclpy_pointcloud_publisher/lib/python3.10/site-packages:${PYTHONPATH} /usr/bin/python3 setup.py egg_info --egg-base ../../../../../build/examples_rclpy_pointcloud_publisher build --build-base /home/sahruday/ros2_ws/build/examples_rclpy_pointcloud_publisher/build install --prefix /home/sahruday/ros2_ws/install/examples_rclpy_pointcloud_publisher --record /home/sahruday/ros2_ws/build/examples_rclpy_pointcloud_publisher/install.log --single-version-externally-managed
