[3.747s] Invoking command in '/home/sahruday/Documents/Github/Ros2/build/examples_rclpy_pointcloud_publisher': PYTHONPATH=/home/sahruday/Documents/Github/Ros2/install/examples_rclpy_pointcloud_publisher/lib/python3.10/site-packages:${PYTHONPATH} /usr/bin/python3 setup.py develop --prefix /home/sahruday/Documents/Github/Ros2/install/examples_rclpy_pointcloud_publisher --editable --build-directory /home/sahruday/Documents/Github/Ros2/build/examples_rclpy_pointcloud_publisher/build --no-deps install_data --install-dir /home/sahruday/Documents/Github/Ros2/install/examples_rclpy_pointcloud_publisher
[4.722s] /usr/lib/python3/dist-packages/setuptools/command/easy_install.py:158: EasyInstallDeprecationWarning: easy_install command is deprecated. Use build and pip and other standards-based tools.
[4.723s]   warnings.warn(
[4.723s] /usr/lib/python3/dist-packages/setuptools/command/install.py:34: SetuptoolsDeprecationWarning: setup.py install is deprecated. Use build and pip and other standards-based tools.
[4.724s]   warnings.warn(
[4.727s] /usr/lib/python3/dist-packages/pkg_resources/__init__.py:116: PkgResourcesDeprecationWarning: 1.1build1 is an invalid version and will not be supported in a future release
[4.727s]   warnings.warn(
[4.728s] /usr/lib/python3/dist-packages/pkg_resources/__init__.py:116: PkgResourcesDeprecationWarning: 0.1.43ubuntu1 is an invalid version and will not be supported in a future release
[4.728s]   warnings.warn(
[4.728s] running develop
[4.728s] running egg_info
[4.728s] creating examples_rclpy_pointcloud_publisher.egg-info
[4.728s] writing examples_rclpy_pointcloud_publisher.egg-info/PKG-INFO
[4.729s] writing dependency_links to examples_rclpy_pointcloud_publisher.egg-info/dependency_links.txt
[4.729s] writing entry points to examples_rclpy_pointcloud_publisher.egg-info/entry_points.txt
[4.729s] writing requirements to examples_rclpy_pointcloud_publisher.egg-info/requires.txt
[4.730s] writing top-level names to examples_rclpy_pointcloud_publisher.egg-info/top_level.txt
[4.732s] writing manifest file 'examples_rclpy_pointcloud_publisher.egg-info/SOURCES.txt'
[4.732s] reading manifest file 'examples_rclpy_pointcloud_publisher.egg-info/SOURCES.txt'
[4.733s] writing manifest file 'examples_rclpy_pointcloud_publisher.egg-info/SOURCES.txt'
[4.733s] running build_ext
[4.733s] Creating /home/sahruday/Documents/Github/Ros2/install/examples_rclpy_pointcloud_publisher/lib/python3.10/site-packages/examples-rclpy-pointcloud-publisher.egg-link (link to .)
[4.733s] Installing pointcloud_publisher script to /home/sahruday/Documents/Github/Ros2/install/examples_rclpy_pointcloud_publisher/lib/examples_rclpy_pointcloud_publisher
[4.733s] 
[4.736s] Installed /home/sahruday/Documents/Github/Ros2/build/examples_rclpy_pointcloud_publisher
[4.736s] running install_data
[4.736s] creating /home/sahruday/Documents/Github/Ros2/install/examples_rclpy_pointcloud_publisher/share/ament_index
[4.737s] creating /home/sahruday/Documents/Github/Ros2/install/examples_rclpy_pointcloud_publisher/share/ament_index/resource_index
[4.737s] creating /home/sahruday/Documents/Github/Ros2/install/examples_rclpy_pointcloud_publisher/share/ament_index/resource_index/packages
[4.737s] copying resource/examples_rclpy_pointcloud_publisher -> /home/sahruday/Documents/Github/Ros2/install/examples_rclpy_pointcloud_publisher/share/ament_index/resource_index/packages
[4.737s] copying package.xml -> /home/sahruday/Documents/Github/Ros2/install/examples_rclpy_pointcloud_publisher/share/examples_rclpy_pointcloud_publisher
[4.819s] Invoked command in '/home/sahruday/Documents/Github/Ros2/build/examples_rclpy_pointcloud_publisher' returned '0': PYTHONPATH=/home/sahruday/Documents/Github/Ros2/install/examples_rclpy_pointcloud_publisher/lib/python3.10/site-packages:${PYTHONPATH} /usr/bin/python3 setup.py develop --prefix /home/sahruday/Documents/Github/Ros2/install/examples_rclpy_pointcloud_publisher --editable --build-directory /home/sahruday/Documents/Github/Ros2/build/examples_rclpy_pointcloud_publisher/build --no-deps install_data --install-dir /home/sahruday/Documents/Github/Ros2/install/examples_rclpy_pointcloud_publisher
