running develop
Removing /home/sahruday/ros2_ws/install/examples_rclpy_executors/lib/python3.10/site-packages/examples-rclpy-executors.egg-link (link to .)
/usr/lib/python3/dist-packages/setuptools/command/easy_install.py:158: EasyInstallDeprecationWarning: easy_install command is deprecated. Use build and pip and other standards-based tools.
  warnings.warn(
/usr/lib/python3/dist-packages/setuptools/command/install.py:34: SetuptoolsDeprecationWarning: setup.py install is deprecated. Use build and pip and other standards-based tools.
  warnings.warn(
/usr/lib/python3/dist-packages/pkg_resources/__init__.py:116: PkgResourcesDeprecationWarning: 1.1build1 is an invalid version and will not be supported in a future release
  warnings.warn(
/usr/lib/python3/dist-packages/pkg_resources/__init__.py:116: PkgResourcesDeprecationWarning: 0.1.43ubuntu1 is an invalid version and will not be supported in a future release
  warnings.warn(
running egg_info
writing ../../../../build/examples_rclpy_executors/examples_rclpy_executors.egg-info/PKG-INFO
writing dependency_links to ../../../../build/examples_rclpy_executors/examples_rclpy_executors.egg-info/dependency_links.txt
writing entry points to ../../../../build/examples_rclpy_executors/examples_rclpy_executors.egg-info/entry_points.txt
writing requirements to ../../../../build/examples_rclpy_executors/examples_rclpy_executors.egg-info/requires.txt
writing top-level names to ../../../../build/examples_rclpy_executors/examples_rclpy_executors.egg-info/top_level.txt
reading manifest file '../../../../build/examples_rclpy_executors/examples_rclpy_executors.egg-info/SOURCES.txt'
writing manifest file '../../../../build/examples_rclpy_executors/examples_rclpy_executors.egg-info/SOURCES.txt'
running build
running build_py
creating /home/sahruday/ros2_ws/build/examples_rclpy_executors/build
creating /home/sahruday/ros2_ws/build/examples_rclpy_executors/build/lib
creating /home/sahruday/ros2_ws/build/examples_rclpy_executors/build/lib/examples_rclpy_executors
copying examples_rclpy_executors/custom_callback_group.py -> /home/sahruday/ros2_ws/build/examples_rclpy_executors/build/lib/examples_rclpy_executors
copying examples_rclpy_executors/callback_group.py -> /home/sahruday/ros2_ws/build/examples_rclpy_executors/build/lib/examples_rclpy_executors
copying examples_rclpy_executors/composed.py -> /home/sahruday/ros2_ws/build/examples_rclpy_executors/build/lib/examples_rclpy_executors
copying examples_rclpy_executors/talker.py -> /home/sahruday/ros2_ws/build/examples_rclpy_executors/build/lib/examples_rclpy_executors
copying examples_rclpy_executors/listener.py -> /home/sahruday/ros2_ws/build/examples_rclpy_executors/build/lib/examples_rclpy_executors
copying examples_rclpy_executors/__init__.py -> /home/sahruday/ros2_ws/build/examples_rclpy_executors/build/lib/examples_rclpy_executors
copying examples_rclpy_executors/custom_executor.py -> /home/sahruday/ros2_ws/build/examples_rclpy_executors/build/lib/examples_rclpy_executors
running install
/usr/lib/python3/dist-packages/setuptools/command/install.py:34: SetuptoolsDeprecationWarning: setup.py install is deprecated. Use build and pip and other standards-based tools.
  warnings.warn(
running install_lib
creating /home/sahruday/ros2_ws/install/examples_rclpy_executors/lib/python3.10/site-packages/examples_rclpy_executors
copying /home/sahruday/ros2_ws/build/examples_rclpy_executors/build/lib/examples_rclpy_executors/custom_callback_group.py -> /home/sahruday/ros2_ws/install/examples_rclpy_executors/lib/python3.10/site-packages/examples_rclpy_executors
copying /home/sahruday/ros2_ws/build/examples_rclpy_executors/build/lib/examples_rclpy_executors/callback_group.py -> /home/sahruday/ros2_ws/install/examples_rclpy_executors/lib/python3.10/site-packages/examples_rclpy_executors
copying /home/sahruday/ros2_ws/build/examples_rclpy_executors/build/lib/examples_rclpy_executors/composed.py -> /home/sahruday/ros2_ws/install/examples_rclpy_executors/lib/python3.10/site-packages/examples_rclpy_executors
copying /home/sahruday/ros2_ws/build/examples_rclpy_executors/build/lib/examples_rclpy_executors/talker.py -> /home/sahruday/ros2_ws/install/examples_rclpy_executors/lib/python3.10/site-packages/examples_rclpy_executors
copying /home/sahruday/ros2_ws/build/examples_rclpy_executors/build/lib/examples_rclpy_executors/listener.py -> /home/sahruday/ros2_ws/install/examples_rclpy_executors/lib/python3.10/site-packages/examples_rclpy_executors
copying /home/sahruday/ros2_ws/build/examples_rclpy_executors/build/lib/examples_rclpy_executors/__init__.py -> /home/sahruday/ros2_ws/install/examples_rclpy_executors/lib/python3.10/site-packages/examples_rclpy_executors
copying /home/sahruday/ros2_ws/build/examples_rclpy_executors/build/lib/examples_rclpy_executors/custom_executor.py -> /home/sahruday/ros2_ws/install/examples_rclpy_executors/lib/python3.10/site-packages/examples_rclpy_executors
byte-compiling /home/sahruday/ros2_ws/install/examples_rclpy_executors/lib/python3.10/site-packages/examples_rclpy_executors/custom_callback_group.py to custom_callback_group.cpython-310.pyc
byte-compiling /home/sahruday/ros2_ws/install/examples_rclpy_executors/lib/python3.10/site-packages/examples_rclpy_executors/callback_group.py to callback_group.cpython-310.pyc
byte-compiling /home/sahruday/ros2_ws/install/examples_rclpy_executors/lib/python3.10/site-packages/examples_rclpy_executors/composed.py to composed.cpython-310.pyc
byte-compiling /home/sahruday/ros2_ws/install/examples_rclpy_executors/lib/python3.10/site-packages/examples_rclpy_executors/talker.py to talker.cpython-310.pyc
byte-compiling /home/sahruday/ros2_ws/install/examples_rclpy_executors/lib/python3.10/site-packages/examples_rclpy_executors/listener.py to listener.cpython-310.pyc
byte-compiling /home/sahruday/ros2_ws/install/examples_rclpy_executors/lib/python3.10/site-packages/examples_rclpy_executors/__init__.py to __init__.cpython-310.pyc
byte-compiling /home/sahruday/ros2_ws/install/examples_rclpy_executors/lib/python3.10/site-packages/examples_rclpy_executors/custom_executor.py to custom_executor.cpython-310.pyc
running install_data
running install_egg_info
Copying ../../../../build/examples_rclpy_executors/examples_rclpy_executors.egg-info to /home/sahruday/ros2_ws/install/examples_rclpy_executors/lib/python3.10/site-packages/examples_rclpy_executors-0.15.0-py3.10.egg-info
running install_scripts
Installing callback_group script to /home/sahruday/ros2_ws/install/examples_rclpy_executors/lib/examples_rclpy_executors
Installing composed script to /home/sahruday/ros2_ws/install/examples_rclpy_executors/lib/examples_rclpy_executors
Installing custom_callback_group script to /home/sahruday/ros2_ws/install/examples_rclpy_executors/lib/examples_rclpy_executors
Installing custom_executor script to /home/sahruday/ros2_ws/install/examples_rclpy_executors/lib/examples_rclpy_executors
Installing listener script to /home/sahruday/ros2_ws/install/examples_rclpy_executors/lib/examples_rclpy_executors
Installing talker script to /home/sahruday/ros2_ws/install/examples_rclpy_executors/lib/examples_rclpy_executors
writing list of installed files to '/home/sahruday/ros2_ws/build/examples_rclpy_executors/install.log'
