[0.188s] DEBUG:colcon:Command line arguments: ['/usr/bin/colcon', 'build']
[0.188s] DEBUG:colcon:Parsed command line arguments: Namespace(log_base=None, log_level=None, verb_name='build', build_base='build', install_base='install', merge_install=False, symlink_install=False, test_result_base=None, continue_on_error=False, executor='parallel', parallel_workers=16, event_handlers=None, ignore_user_meta=False, metas=['./colcon.meta'], base_paths=['.'], packages_ignore=None, packages_ignore_regex=None, paths=None, packages_up_to=None, packages_up_to_regex=None, packages_above=None, packages_above_and_dependencies=None, packages_above_depth=None, packages_select_by_dep=None, packages_skip_by_dep=None, packages_skip_up_to=None, packages_select_build_failed=False, packages_skip_build_finished=False, packages_select_test_failures=False, packages_skip_test_passed=False, packages_select=None, packages_skip=None, packages_select_regex=None, packages_skip_regex=None, packages_start=None, packages_end=None, allow_overriding=[], cmake_args=None, cmake_target=None, cmake_target_skip_unavailable=False, cmake_clean_cache=False, cmake_clean_first=False, cmake_force_configure=False, ament_cmake_args=None, catkin_cmake_args=None, catkin_skip_building_tests=False, verb_parser=<colcon_defaults.argument_parser.defaults.DefaultArgumentsDecorator object at 0x7f57404a2380>, verb_extension=<colcon_core.verb.build.BuildVerb object at 0x7f5740dd8880>, main=<bound method BuildVerb.main of <colcon_core.verb.build.BuildVerb object at 0x7f5740dd8880>>)
[0.206s] Level 1:colcon.colcon_core.package_discovery:discover_packages(colcon_meta) check parameters
[0.206s] Level 1:colcon.colcon_core.package_discovery:discover_packages(recursive) check parameters
[0.206s] Level 1:colcon.colcon_core.package_discovery:discover_packages(ignore) check parameters
[0.206s] Level 1:colcon.colcon_core.package_discovery:discover_packages(path) check parameters
[0.206s] Level 1:colcon.colcon_core.package_discovery:discover_packages(colcon_meta) discover
[0.206s] Level 1:colcon.colcon_core.package_discovery:discover_packages(recursive) discover
[0.206s] INFO:colcon.colcon_core.package_discovery:Crawling recursively for packages in '/home/chotu/Beginner_Tutorials_Ros2'
[0.206s] Level 1:colcon.colcon_core.package_identification:_identify(.) by extensions ['ignore', 'ignore_ament_install']
[0.206s] Level 1:colcon.colcon_core.package_identification:_identify(.) by extension 'ignore'
[0.206s] Level 1:colcon.colcon_core.package_identification:_identify(.) by extension 'ignore_ament_install'
[0.206s] Level 1:colcon.colcon_core.package_identification:_identify(.) by extensions ['colcon_pkg']
[0.206s] Level 1:colcon.colcon_core.package_identification:_identify(.) by extension 'colcon_pkg'
[0.206s] Level 1:colcon.colcon_core.package_identification:_identify(.) by extensions ['colcon_meta']
[0.206s] Level 1:colcon.colcon_core.package_identification:_identify(.) by extension 'colcon_meta'
[0.207s] Level 1:colcon.colcon_core.package_identification:_identify(.) by extensions ['ros']
[0.207s] Level 1:colcon.colcon_core.package_identification:_identify(.) by extension 'ros'
[0.215s] DEBUG:colcon.colcon_core.package_identification:Package '.' with type 'ros.ament_cmake' and name 'serverpublisher'
[0.215s] Level 1:colcon.colcon_core.package_discovery:discover_packages(recursive) using defaults
[0.215s] Level 1:colcon.colcon_core.package_discovery:discover_packages(ignore) discover
[0.215s] Level 1:colcon.colcon_core.package_discovery:discover_packages(ignore) using defaults
[0.215s] Level 1:colcon.colcon_core.package_discovery:discover_packages(path) discover
[0.215s] Level 1:colcon.colcon_core.package_discovery:discover_packages(path) using defaults
[0.229s] Level 1:colcon.colcon_core.package_discovery:discover_packages(prefix_path) check parameters
[0.229s] Level 1:colcon.colcon_core.package_discovery:discover_packages(prefix_path) discover
[0.231s] DEBUG:colcon.colcon_installed_package_information.package_discovery:Found 371 installed packages in /opt/ros/humble
[0.232s] Level 1:colcon.colcon_core.package_discovery:discover_packages(prefix_path) using defaults
[0.273s] Level 5:colcon.colcon_core.verb:set package 'serverpublisher' build argument 'cmake_args' from command line to 'None'
[0.273s] Level 5:colcon.colcon_core.verb:set package 'serverpublisher' build argument 'cmake_target' from command line to 'None'
[0.273s] Level 5:colcon.colcon_core.verb:set package 'serverpublisher' build argument 'cmake_target_skip_unavailable' from command line to 'False'
[0.273s] Level 5:colcon.colcon_core.verb:set package 'serverpublisher' build argument 'cmake_clean_cache' from command line to 'False'
[0.273s] Level 5:colcon.colcon_core.verb:set package 'serverpublisher' build argument 'cmake_clean_first' from command line to 'False'
[0.273s] Level 5:colcon.colcon_core.verb:set package 'serverpublisher' build argument 'cmake_force_configure' from command line to 'False'
[0.273s] Level 5:colcon.colcon_core.verb:set package 'serverpublisher' build argument 'ament_cmake_args' from command line to 'None'
[0.273s] Level 5:colcon.colcon_core.verb:set package 'serverpublisher' build argument 'catkin_cmake_args' from command line to 'None'
[0.273s] Level 5:colcon.colcon_core.verb:set package 'serverpublisher' build argument 'catkin_skip_building_tests' from command line to 'False'
[0.273s] DEBUG:colcon.colcon_core.verb:Building package 'serverpublisher' with the following arguments: {'ament_cmake_args': None, 'build_base': '/home/chotu/Beginner_Tutorials_Ros2/build/serverpublisher', 'catkin_cmake_args': None, 'catkin_skip_building_tests': False, 'cmake_args': None, 'cmake_clean_cache': False, 'cmake_clean_first': False, 'cmake_force_configure': False, 'cmake_target': None, 'cmake_target_skip_unavailable': False, 'install_base': '/home/chotu/Beginner_Tutorials_Ros2/install/serverpublisher', 'merge_install': False, 'path': '/home/chotu/Beginner_Tutorials_Ros2', 'symlink_install': False, 'test_result_base': None}
[0.274s] INFO:colcon.colcon_core.executor:Executing jobs using 'parallel' executor
[0.276s] DEBUG:colcon.colcon_parallel_executor.executor.parallel:run_until_complete
[0.276s] INFO:colcon.colcon_ros.task.ament_cmake.build:Building ROS package in '/home/chotu/Beginner_Tutorials_Ros2' with build type 'ament_cmake'
[0.276s] INFO:colcon.colcon_cmake.task.cmake.build:Building CMake package in '/home/chotu/Beginner_Tutorials_Ros2'
[0.279s] INFO:colcon.colcon_core.plugin_system:Skipping extension 'colcon_core.shell.bat': Not used on non-Windows systems
[0.279s] INFO:colcon.colcon_core.shell:Skip shell extension 'powershell' for command environment: Not usable outside of PowerShell
[0.279s] DEBUG:colcon.colcon_core.shell:Skip shell extension 'dsv' for command environment
[0.285s] DEBUG:colcon.colcon_core.event_handler.log_command:Invoking command in '/home/chotu/Beginner_Tutorials_Ros2/build/serverpublisher': CMAKE_PREFIX_PATH=/opt/ros/humble /usr/bin/cmake --build /home/chotu/Beginner_Tutorials_Ros2/build/serverpublisher -- -j16 -l16
[0.508s] DEBUG:colcon.colcon_core.event_handler.log_command:Invoked command in '/home/chotu/Beginner_Tutorials_Ros2/build/serverpublisher' returned '0': CMAKE_PREFIX_PATH=/opt/ros/humble /usr/bin/cmake --build /home/chotu/Beginner_Tutorials_Ros2/build/serverpublisher -- -j16 -l16
[0.584s] DEBUG:colcon.colcon_core.event_handler.log_command:Invoking command in '/home/chotu/Beginner_Tutorials_Ros2/build/serverpublisher': CMAKE_PREFIX_PATH=/opt/ros/humble /usr/bin/cmake --install /home/chotu/Beginner_Tutorials_Ros2/build/serverpublisher
[0.620s] Level 1:colcon.colcon_core.environment:create_environment_scripts_only(serverpublisher)
[0.626s] DEBUG:colcon.colcon_core.event_handler.log_command:Invoked command in '/home/chotu/Beginner_Tutorials_Ros2/build/serverpublisher' returned '0': CMAKE_PREFIX_PATH=/opt/ros/humble /usr/bin/cmake --install /home/chotu/Beginner_Tutorials_Ros2/build/serverpublisher
[0.626s] Level 1:colcon.colcon_core.environment:checking '/home/chotu/Beginner_Tutorials_Ros2/install/serverpublisher' for CMake module files
[0.627s] Level 1:colcon.colcon_core.environment:checking '/home/chotu/Beginner_Tutorials_Ros2/install/serverpublisher' for CMake config files
[0.628s] Level 1:colcon.colcon_core.shell:create_environment_hook('serverpublisher', 'cmake_prefix_path')
[0.629s] INFO:colcon.colcon_core.shell:Creating environment hook '/home/chotu/Beginner_Tutorials_Ros2/install/serverpublisher/share/serverpublisher/hook/cmake_prefix_path.ps1'
[0.630s] INFO:colcon.colcon_core.shell:Creating environment descriptor '/home/chotu/Beginner_Tutorials_Ros2/install/serverpublisher/share/serverpublisher/hook/cmake_prefix_path.dsv'
[0.630s] INFO:colcon.colcon_core.shell:Creating environment hook '/home/chotu/Beginner_Tutorials_Ros2/install/serverpublisher/share/serverpublisher/hook/cmake_prefix_path.sh'
[0.631s] Level 1:colcon.colcon_core.environment:checking '/home/chotu/Beginner_Tutorials_Ros2/install/serverpublisher/lib'
[0.631s] Level 1:colcon.colcon_core.shell:create_environment_hook('serverpublisher', 'ld_library_path_lib')
[0.632s] INFO:colcon.colcon_core.shell:Creating environment hook '/home/chotu/Beginner_Tutorials_Ros2/install/serverpublisher/share/serverpublisher/hook/ld_library_path_lib.ps1'
[0.633s] INFO:colcon.colcon_core.shell:Creating environment descriptor '/home/chotu/Beginner_Tutorials_Ros2/install/serverpublisher/share/serverpublisher/hook/ld_library_path_lib.dsv'
[0.633s] INFO:colcon.colcon_core.shell:Creating environment hook '/home/chotu/Beginner_Tutorials_Ros2/install/serverpublisher/share/serverpublisher/hook/ld_library_path_lib.sh'
[0.633s] Level 1:colcon.colcon_core.environment:checking '/home/chotu/Beginner_Tutorials_Ros2/install/serverpublisher/bin'
[0.634s] Level 1:colcon.colcon_core.environment:checking '/home/chotu/Beginner_Tutorials_Ros2/install/serverpublisher/lib/pkgconfig/serverpublisher.pc'
[0.634s] Level 1:colcon.colcon_core.environment:checking '/home/chotu/Beginner_Tutorials_Ros2/install/serverpublisher/lib/python3.10/site-packages'
[0.634s] Level 1:colcon.colcon_core.environment:checking '/home/chotu/Beginner_Tutorials_Ros2/install/serverpublisher/bin'
[0.635s] INFO:colcon.colcon_core.shell:Creating package script '/home/chotu/Beginner_Tutorials_Ros2/install/serverpublisher/share/serverpublisher/package.ps1'
[0.636s] INFO:colcon.colcon_core.shell:Creating package descriptor '/home/chotu/Beginner_Tutorials_Ros2/install/serverpublisher/share/serverpublisher/package.dsv'
[0.637s] INFO:colcon.colcon_core.shell:Creating package script '/home/chotu/Beginner_Tutorials_Ros2/install/serverpublisher/share/serverpublisher/package.sh'
[0.637s] INFO:colcon.colcon_core.shell:Creating package script '/home/chotu/Beginner_Tutorials_Ros2/install/serverpublisher/share/serverpublisher/package.bash'
[0.638s] INFO:colcon.colcon_core.shell:Creating package script '/home/chotu/Beginner_Tutorials_Ros2/install/serverpublisher/share/serverpublisher/package.zsh'
[0.639s] Level 1:colcon.colcon_core.environment:create_file_with_runtime_dependencies(/home/chotu/Beginner_Tutorials_Ros2/install/serverpublisher/share/colcon-core/packages/serverpublisher)
[0.702s] Level 1:colcon.colcon_core.environment:create_environment_scripts_only(serverpublisher)
[0.704s] Level 1:colcon.colcon_core.environment:checking '/home/chotu/Beginner_Tutorials_Ros2/install/serverpublisher' for CMake module files
[0.704s] Level 1:colcon.colcon_core.environment:checking '/home/chotu/Beginner_Tutorials_Ros2/install/serverpublisher' for CMake config files
[0.704s] Level 1:colcon.colcon_core.shell:create_environment_hook('serverpublisher', 'cmake_prefix_path')
[0.705s] INFO:colcon.colcon_core.shell:Creating environment hook '/home/chotu/Beginner_Tutorials_Ros2/install/serverpublisher/share/serverpublisher/hook/cmake_prefix_path.ps1'
[0.706s] INFO:colcon.colcon_core.shell:Creating environment descriptor '/home/chotu/Beginner_Tutorials_Ros2/install/serverpublisher/share/serverpublisher/hook/cmake_prefix_path.dsv'
[0.706s] INFO:colcon.colcon_core.shell:Creating environment hook '/home/chotu/Beginner_Tutorials_Ros2/install/serverpublisher/share/serverpublisher/hook/cmake_prefix_path.sh'
[0.706s] Level 1:colcon.colcon_core.environment:checking '/home/chotu/Beginner_Tutorials_Ros2/install/serverpublisher/lib'
[0.706s] Level 1:colcon.colcon_core.shell:create_environment_hook('serverpublisher', 'ld_library_path_lib')
[0.707s] INFO:colcon.colcon_core.shell:Creating environment hook '/home/chotu/Beginner_Tutorials_Ros2/install/serverpublisher/share/serverpublisher/hook/ld_library_path_lib.ps1'
[0.707s] INFO:colcon.colcon_core.shell:Creating environment descriptor '/home/chotu/Beginner_Tutorials_Ros2/install/serverpublisher/share/serverpublisher/hook/ld_library_path_lib.dsv'
[0.707s] INFO:colcon.colcon_core.shell:Creating environment hook '/home/chotu/Beginner_Tutorials_Ros2/install/serverpublisher/share/serverpublisher/hook/ld_library_path_lib.sh'
[0.708s] Level 1:colcon.colcon_core.environment:checking '/home/chotu/Beginner_Tutorials_Ros2/install/serverpublisher/bin'
[0.708s] Level 1:colcon.colcon_core.environment:checking '/home/chotu/Beginner_Tutorials_Ros2/install/serverpublisher/lib/pkgconfig/serverpublisher.pc'
[0.708s] Level 1:colcon.colcon_core.environment:checking '/home/chotu/Beginner_Tutorials_Ros2/install/serverpublisher/lib/python3.10/site-packages'
[0.708s] Level 1:colcon.colcon_core.environment:checking '/home/chotu/Beginner_Tutorials_Ros2/install/serverpublisher/bin'
[0.709s] INFO:colcon.colcon_core.shell:Creating package script '/home/chotu/Beginner_Tutorials_Ros2/install/serverpublisher/share/serverpublisher/package.ps1'
[0.709s] INFO:colcon.colcon_core.shell:Creating package descriptor '/home/chotu/Beginner_Tutorials_Ros2/install/serverpublisher/share/serverpublisher/package.dsv'
[0.709s] INFO:colcon.colcon_core.shell:Creating package script '/home/chotu/Beginner_Tutorials_Ros2/install/serverpublisher/share/serverpublisher/package.sh'
[0.710s] INFO:colcon.colcon_core.shell:Creating package script '/home/chotu/Beginner_Tutorials_Ros2/install/serverpublisher/share/serverpublisher/package.bash'
[0.710s] INFO:colcon.colcon_core.shell:Creating package script '/home/chotu/Beginner_Tutorials_Ros2/install/serverpublisher/share/serverpublisher/package.zsh'
[0.710s] Level 1:colcon.colcon_core.environment:create_file_with_runtime_dependencies(/home/chotu/Beginner_Tutorials_Ros2/install/serverpublisher/share/colcon-core/packages/serverpublisher)
[0.710s] DEBUG:colcon.colcon_parallel_executor.executor.parallel:closing loop
[0.710s] DEBUG:colcon.colcon_parallel_executor.executor.parallel:loop closed
[0.710s] DEBUG:colcon.colcon_parallel_executor.executor.parallel:run_until_complete finished with '0'
[0.710s] DEBUG:colcon.colcon_core.event_reactor:joining thread
[0.715s] INFO:colcon.colcon_core.plugin_system:Skipping extension 'colcon_notification.desktop_notification.terminal_notifier': Not used on non-Darwin systems
[0.715s] INFO:colcon.colcon_core.plugin_system:Skipping extension 'colcon_notification.desktop_notification.win32': Not used on non-Windows systems
[0.715s] INFO:colcon.colcon_notification.desktop_notification:Sending desktop notification using 'notify2'
[0.723s] DEBUG:colcon.colcon_core.event_reactor:joined thread
[0.725s] INFO:colcon.colcon_core.shell:Creating prefix script '/home/chotu/Beginner_Tutorials_Ros2/install/local_setup.ps1'
[0.725s] INFO:colcon.colcon_core.shell:Creating prefix util module '/home/chotu/Beginner_Tutorials_Ros2/install/_local_setup_util_ps1.py'
[0.726s] INFO:colcon.colcon_core.shell:Creating prefix chain script '/home/chotu/Beginner_Tutorials_Ros2/install/setup.ps1'
[0.727s] INFO:colcon.colcon_core.shell:Creating prefix script '/home/chotu/Beginner_Tutorials_Ros2/install/local_setup.sh'
[0.727s] INFO:colcon.colcon_core.shell:Creating prefix util module '/home/chotu/Beginner_Tutorials_Ros2/install/_local_setup_util_sh.py'
[0.727s] INFO:colcon.colcon_core.shell:Creating prefix chain script '/home/chotu/Beginner_Tutorials_Ros2/install/setup.sh'
[0.728s] INFO:colcon.colcon_core.shell:Creating prefix script '/home/chotu/Beginner_Tutorials_Ros2/install/local_setup.bash'
[0.728s] INFO:colcon.colcon_core.shell:Creating prefix chain script '/home/chotu/Beginner_Tutorials_Ros2/install/setup.bash'
[0.729s] INFO:colcon.colcon_core.shell:Creating prefix script '/home/chotu/Beginner_Tutorials_Ros2/install/local_setup.zsh'
[0.729s] INFO:colcon.colcon_core.shell:Creating prefix chain script '/home/chotu/Beginner_Tutorials_Ros2/install/setup.zsh'
