[0.288s] DEBUG:colcon:Command line arguments: ['/usr/bin/colcon', 'build', '--packages-select', 'cpp_pubsub']
[0.288s] DEBUG:colcon:Parsed command line arguments: Namespace(log_base=None, log_level=None, verb_name='build', build_base='build', install_base='install', merge_install=False, symlink_install=False, test_result_base=None, continue_on_error=False, executor='parallel', parallel_workers=16, event_handlers=None, ignore_user_meta=False, metas=['./colcon.meta'], base_paths=['.'], packages_ignore=None, packages_ignore_regex=None, paths=None, packages_up_to=None, packages_up_to_regex=None, packages_above=None, packages_above_and_dependencies=None, packages_above_depth=None, packages_select_by_dep=None, packages_skip_by_dep=None, packages_skip_up_to=None, packages_select_build_failed=False, packages_skip_build_finished=False, packages_select_test_failures=False, packages_skip_test_passed=False, packages_select=['cpp_pubsub'], packages_skip=None, packages_select_regex=None, packages_skip_regex=None, packages_start=None, packages_end=None, allow_overriding=[], cmake_args=None, cmake_target=None, cmake_target_skip_unavailable=False, cmake_clean_cache=False, cmake_clean_first=False, cmake_force_configure=False, ament_cmake_args=None, catkin_cmake_args=None, catkin_skip_building_tests=False, verb_parser=<colcon_defaults.argument_parser.defaults.DefaultArgumentsDecorator object at 0x7f0b42731c60>, verb_extension=<colcon_core.verb.build.BuildVerb object at 0x7f0b430a20e0>, main=<bound method BuildVerb.main of <colcon_core.verb.build.BuildVerb object at 0x7f0b430a20e0>>)
[0.318s] Level 1:colcon.colcon_core.package_discovery:discover_packages(colcon_meta) check parameters
[0.318s] Level 1:colcon.colcon_core.package_discovery:discover_packages(recursive) check parameters
[0.318s] Level 1:colcon.colcon_core.package_discovery:discover_packages(ignore) check parameters
[0.318s] Level 1:colcon.colcon_core.package_discovery:discover_packages(path) check parameters
[0.318s] Level 1:colcon.colcon_core.package_discovery:discover_packages(colcon_meta) discover
[0.318s] Level 1:colcon.colcon_core.package_discovery:discover_packages(recursive) discover
[0.318s] INFO:colcon.colcon_core.package_discovery:Crawling recursively for packages in '/home/sahruday/Documents/Github/Beginner_Tutorials_Ros2'
[0.318s] Level 1:colcon.colcon_core.package_identification:_identify(.) by extensions ['ignore', 'ignore_ament_install']
[0.318s] Level 1:colcon.colcon_core.package_identification:_identify(.) by extension 'ignore'
[0.319s] Level 1:colcon.colcon_core.package_identification:_identify(.) by extension 'ignore_ament_install'
[0.319s] Level 1:colcon.colcon_core.package_identification:_identify(.) by extensions ['colcon_pkg']
[0.319s] Level 1:colcon.colcon_core.package_identification:_identify(.) by extension 'colcon_pkg'
[0.319s] Level 1:colcon.colcon_core.package_identification:_identify(.) by extensions ['colcon_meta']
[0.319s] Level 1:colcon.colcon_core.package_identification:_identify(.) by extension 'colcon_meta'
[0.319s] Level 1:colcon.colcon_core.package_identification:_identify(.) by extensions ['ros']
[0.319s] Level 1:colcon.colcon_core.package_identification:_identify(.) by extension 'ros'
[0.333s] Level 1:colcon.colcon_core.package_identification:_identify(.) by extensions ['cmake', 'python']
[0.333s] Level 1:colcon.colcon_core.package_identification:_identify(.) by extension 'cmake'
[0.333s] Level 1:colcon.colcon_core.package_identification:_identify(.) by extension 'python'
[0.333s] Level 1:colcon.colcon_core.package_identification:_identify(.) by extensions ['python_setup_py']
[0.333s] Level 1:colcon.colcon_core.package_identification:_identify(.) by extension 'python_setup_py'
[0.333s] Level 1:colcon.colcon_core.package_identification:_identify(Results) by extensions ['ignore', 'ignore_ament_install']
[0.333s] Level 1:colcon.colcon_core.package_identification:_identify(Results) by extension 'ignore'
[0.333s] Level 1:colcon.colcon_core.package_identification:_identify(Results) by extension 'ignore_ament_install'
[0.333s] Level 1:colcon.colcon_core.package_identification:_identify(Results) by extensions ['colcon_pkg']
[0.333s] Level 1:colcon.colcon_core.package_identification:_identify(Results) by extension 'colcon_pkg'
[0.333s] Level 1:colcon.colcon_core.package_identification:_identify(Results) by extensions ['colcon_meta']
[0.333s] Level 1:colcon.colcon_core.package_identification:_identify(Results) by extension 'colcon_meta'
[0.333s] Level 1:colcon.colcon_core.package_identification:_identify(Results) by extensions ['ros']
[0.333s] Level 1:colcon.colcon_core.package_identification:_identify(Results) by extension 'ros'
[0.333s] Level 1:colcon.colcon_core.package_identification:_identify(Results) by extensions ['cmake', 'python']
[0.333s] Level 1:colcon.colcon_core.package_identification:_identify(Results) by extension 'cmake'
[0.333s] Level 1:colcon.colcon_core.package_identification:_identify(Results) by extension 'python'
[0.333s] Level 1:colcon.colcon_core.package_identification:_identify(Results) by extensions ['python_setup_py']
[0.333s] Level 1:colcon.colcon_core.package_identification:_identify(Results) by extension 'python_setup_py'
[0.333s] Level 1:colcon.colcon_core.package_identification:_identify(build) by extensions ['ignore', 'ignore_ament_install']
[0.333s] Level 1:colcon.colcon_core.package_identification:_identify(build) by extension 'ignore'
[0.334s] Level 1:colcon.colcon_core.package_identification:_identify(build) ignored
[0.334s] Level 1:colcon.colcon_core.package_identification:_identify(install) by extensions ['ignore', 'ignore_ament_install']
[0.334s] Level 1:colcon.colcon_core.package_identification:_identify(install) by extension 'ignore'
[0.334s] Level 1:colcon.colcon_core.package_identification:_identify(install) ignored
[0.334s] Level 1:colcon.colcon_core.package_identification:_identify(log) by extensions ['ignore', 'ignore_ament_install']
[0.334s] Level 1:colcon.colcon_core.package_identification:_identify(log) by extension 'ignore'
[0.334s] Level 1:colcon.colcon_core.package_identification:_identify(log) ignored
[0.334s] Level 1:colcon.colcon_core.package_identification:_identify(src) by extensions ['ignore', 'ignore_ament_install']
[0.334s] Level 1:colcon.colcon_core.package_identification:_identify(src) by extension 'ignore'
[0.334s] Level 1:colcon.colcon_core.package_identification:_identify(src) by extension 'ignore_ament_install'
[0.334s] Level 1:colcon.colcon_core.package_identification:_identify(src) by extensions ['colcon_pkg']
[0.334s] Level 1:colcon.colcon_core.package_identification:_identify(src) by extension 'colcon_pkg'
[0.334s] Level 1:colcon.colcon_core.package_identification:_identify(src) by extensions ['colcon_meta']
[0.334s] Level 1:colcon.colcon_core.package_identification:_identify(src) by extension 'colcon_meta'
[0.334s] Level 1:colcon.colcon_core.package_identification:_identify(src) by extensions ['ros']
[0.334s] Level 1:colcon.colcon_core.package_identification:_identify(src) by extension 'ros'
[0.334s] Level 1:colcon.colcon_core.package_identification:_identify(src) by extensions ['cmake', 'python']
[0.334s] Level 1:colcon.colcon_core.package_identification:_identify(src) by extension 'cmake'
[0.334s] Level 1:colcon.colcon_core.package_identification:_identify(src) by extension 'python'
[0.334s] Level 1:colcon.colcon_core.package_identification:_identify(src) by extensions ['python_setup_py']
[0.334s] Level 1:colcon.colcon_core.package_identification:_identify(src) by extension 'python_setup_py'
[0.334s] Level 1:colcon.colcon_core.package_identification:_identify(src/cpp_pubsub) by extensions ['ignore', 'ignore_ament_install']
[0.335s] Level 1:colcon.colcon_core.package_identification:_identify(src/cpp_pubsub) by extension 'ignore'
[0.335s] Level 1:colcon.colcon_core.package_identification:_identify(src/cpp_pubsub) by extension 'ignore_ament_install'
[0.335s] Level 1:colcon.colcon_core.package_identification:_identify(src/cpp_pubsub) by extensions ['colcon_pkg']
[0.335s] Level 1:colcon.colcon_core.package_identification:_identify(src/cpp_pubsub) by extension 'colcon_pkg'
[0.335s] Level 1:colcon.colcon_core.package_identification:_identify(src/cpp_pubsub) by extensions ['colcon_meta']
[0.335s] Level 1:colcon.colcon_core.package_identification:_identify(src/cpp_pubsub) by extension 'colcon_meta'
[0.335s] Level 1:colcon.colcon_core.package_identification:_identify(src/cpp_pubsub) by extensions ['ros']
[0.335s] Level 1:colcon.colcon_core.package_identification:_identify(src/cpp_pubsub) by extension 'ros'
[0.336s] DEBUG:colcon.colcon_core.package_identification:Package 'src/cpp_pubsub' with type 'ros.ament_cmake' and name 'cpp_pubsub'
[0.337s] Level 1:colcon.colcon_core.package_identification:_identify(src/cpp_srvcli) by extensions ['ignore', 'ignore_ament_install']
[0.337s] Level 1:colcon.colcon_core.package_identification:_identify(src/cpp_srvcli) by extension 'ignore'
[0.337s] Level 1:colcon.colcon_core.package_identification:_identify(src/cpp_srvcli) by extension 'ignore_ament_install'
[0.337s] Level 1:colcon.colcon_core.package_identification:_identify(src/cpp_srvcli) by extensions ['colcon_pkg']
[0.337s] Level 1:colcon.colcon_core.package_identification:_identify(src/cpp_srvcli) by extension 'colcon_pkg'
[0.337s] Level 1:colcon.colcon_core.package_identification:_identify(src/cpp_srvcli) by extensions ['colcon_meta']
[0.337s] Level 1:colcon.colcon_core.package_identification:_identify(src/cpp_srvcli) by extension 'colcon_meta'
[0.337s] Level 1:colcon.colcon_core.package_identification:_identify(src/cpp_srvcli) by extensions ['ros']
[0.337s] Level 1:colcon.colcon_core.package_identification:_identify(src/cpp_srvcli) by extension 'ros'
[0.337s] DEBUG:colcon.colcon_core.package_identification:Package 'src/cpp_srvcli' with type 'ros.ament_cmake' and name 'cpp_srvcli'
[0.337s] Level 1:colcon.colcon_core.package_identification:_identify(src/tutorial_interfaces) by extensions ['ignore', 'ignore_ament_install']
[0.337s] Level 1:colcon.colcon_core.package_identification:_identify(src/tutorial_interfaces) by extension 'ignore'
[0.337s] Level 1:colcon.colcon_core.package_identification:_identify(src/tutorial_interfaces) by extension 'ignore_ament_install'
[0.337s] Level 1:colcon.colcon_core.package_identification:_identify(src/tutorial_interfaces) by extensions ['colcon_pkg']
[0.337s] Level 1:colcon.colcon_core.package_identification:_identify(src/tutorial_interfaces) by extension 'colcon_pkg'
[0.337s] Level 1:colcon.colcon_core.package_identification:_identify(src/tutorial_interfaces) by extensions ['colcon_meta']
[0.338s] Level 1:colcon.colcon_core.package_identification:_identify(src/tutorial_interfaces) by extension 'colcon_meta'
[0.338s] Level 1:colcon.colcon_core.package_identification:_identify(src/tutorial_interfaces) by extensions ['ros']
[0.338s] Level 1:colcon.colcon_core.package_identification:_identify(src/tutorial_interfaces) by extension 'ros'
[0.338s] DEBUG:colcon.colcon_core.package_identification:Package 'src/tutorial_interfaces' with type 'ros.ament_cmake' and name 'tutorial_interfaces'
[0.338s] Level 1:colcon.colcon_core.package_discovery:discover_packages(recursive) using defaults
[0.338s] Level 1:colcon.colcon_core.package_discovery:discover_packages(ignore) discover
[0.338s] Level 1:colcon.colcon_core.package_discovery:discover_packages(ignore) using defaults
[0.338s] Level 1:colcon.colcon_core.package_discovery:discover_packages(path) discover
[0.338s] Level 1:colcon.colcon_core.package_discovery:discover_packages(path) using defaults
[0.370s] INFO:colcon.colcon_core.package_selection:Skipping not selected package 'cpp_srvcli' in 'src/cpp_srvcli'
[0.370s] INFO:colcon.colcon_core.package_selection:Skipping not selected package 'tutorial_interfaces' in 'src/tutorial_interfaces'
[0.371s] Level 1:colcon.colcon_core.package_discovery:discover_packages(prefix_path) check parameters
[0.371s] Level 1:colcon.colcon_core.package_discovery:discover_packages(prefix_path) discover
[0.372s] WARNING:colcon.colcon_ros.prefix_path.ament:The path '/home/sahruday/Documents/Github/Beginner_Tutorials_Ros2/install/cpp_srvcli' in the environment variable AMENT_PREFIX_PATH doesn't exist
[0.378s] WARNING:colcon.colcon_ros.prefix_path.catkin:The path '/home/sahruday/Documents/Github/Beginner_Tutorials_Ros2/install/cpp_srvcli' in the environment variable CMAKE_PREFIX_PATH doesn't exist
[0.380s] DEBUG:colcon.colcon_installed_package_information.package_discovery:Found 2 installed packages in /home/sahruday/Documents/Github/Beginner_Tutorials_Ros2/install
[0.389s] DEBUG:colcon.colcon_installed_package_information.package_discovery:Found 340 installed packages in /home/sahruday/ros2_humble/install
[0.391s] Level 1:colcon.colcon_core.package_discovery:discover_packages(prefix_path) using defaults
[0.413s] Level 5:colcon.colcon_core.verb:set package 'cpp_pubsub' build argument 'cmake_args' from command line to 'None'
[0.413s] Level 5:colcon.colcon_core.verb:set package 'cpp_pubsub' build argument 'cmake_target' from command line to 'None'
[0.413s] Level 5:colcon.colcon_core.verb:set package 'cpp_pubsub' build argument 'cmake_target_skip_unavailable' from command line to 'False'
[0.413s] Level 5:colcon.colcon_core.verb:set package 'cpp_pubsub' build argument 'cmake_clean_cache' from command line to 'False'
[0.413s] Level 5:colcon.colcon_core.verb:set package 'cpp_pubsub' build argument 'cmake_clean_first' from command line to 'False'
[0.413s] Level 5:colcon.colcon_core.verb:set package 'cpp_pubsub' build argument 'cmake_force_configure' from command line to 'False'
[0.413s] Level 5:colcon.colcon_core.verb:set package 'cpp_pubsub' build argument 'ament_cmake_args' from command line to 'None'
[0.413s] Level 5:colcon.colcon_core.verb:set package 'cpp_pubsub' build argument 'catkin_cmake_args' from command line to 'None'
[0.413s] Level 5:colcon.colcon_core.verb:set package 'cpp_pubsub' build argument 'catkin_skip_building_tests' from command line to 'False'
[0.413s] DEBUG:colcon.colcon_core.verb:Building package 'cpp_pubsub' with the following arguments: {'ament_cmake_args': None, 'build_base': '/home/sahruday/Documents/Github/Beginner_Tutorials_Ros2/build/cpp_pubsub', 'catkin_cmake_args': None, 'catkin_skip_building_tests': False, 'cmake_args': None, 'cmake_clean_cache': False, 'cmake_clean_first': False, 'cmake_force_configure': False, 'cmake_target': None, 'cmake_target_skip_unavailable': False, 'install_base': '/home/sahruday/Documents/Github/Beginner_Tutorials_Ros2/install/cpp_pubsub', 'merge_install': False, 'path': '/home/sahruday/Documents/Github/Beginner_Tutorials_Ros2/src/cpp_pubsub', 'symlink_install': False, 'test_result_base': None}
[0.414s] INFO:colcon.colcon_core.executor:Executing jobs using 'parallel' executor
[0.421s] DEBUG:colcon.colcon_parallel_executor.executor.parallel:run_until_complete
[0.422s] INFO:colcon.colcon_ros.task.ament_cmake.build:Building ROS package in '/home/sahruday/Documents/Github/Beginner_Tutorials_Ros2/src/cpp_pubsub' with build type 'ament_cmake'
[0.422s] INFO:colcon.colcon_cmake.task.cmake.build:Building CMake package in '/home/sahruday/Documents/Github/Beginner_Tutorials_Ros2/src/cpp_pubsub'
[0.432s] INFO:colcon.colcon_core.plugin_system:Skipping extension 'colcon_core.shell.bat': Not used on non-Windows systems
[0.432s] INFO:colcon.colcon_core.shell:Skip shell extension 'powershell' for command environment: Not usable outside of PowerShell
[0.432s] DEBUG:colcon.colcon_core.shell:Skip shell extension 'dsv' for command environment
[0.473s] DEBUG:colcon.colcon_core.event_handler.log_command:Invoking command in '/home/sahruday/Documents/Github/Beginner_Tutorials_Ros2/build/cpp_pubsub': CMAKE_PREFIX_PATH=${CMAKE_PREFIX_PATH}:/home/sahruday/ros2_humble/install/rqt_bag_plugins:/home/sahruday/ros2_humble/install/rqt_bag:/home/sahruday/ros2_humble/install/ros2bag:/home/sahruday/ros2_humble/install/tracetools_test:/home/sahruday/ros2_humble/install/tracetools_launch:/home/sahruday/ros2_humble/install/topic_monitor:/home/sahruday/ros2_humble/install/tf2_tools:/home/sahruday/ros2_humble/install/examples_tf2_py:/home/sahruday/ros2_humble/install/tf2_ros_py:/home/sahruday/ros2_humble/install/sros2:/home/sahruday/ros2_humble/install/rqt_topic:/home/sahruday/ros2_humble/install/rqt_srv:/home/sahruday/ros2_humble/install/rqt_shell:/home/sahruday/ros2_humble/install/rqt_service_caller:/home/sahruday/ros2_humble/install/rqt_reconfigure:/home/sahruday/ros2_humble/install/rqt_py_console:/home/sahruday/ros2_humble/install/rqt_publisher:/home/sahruday/ros2_humble/install/rqt_plot:/home/sahruday/ros2_humble/install/rqt_action:/home/sahruday/ros2_humble/install/rqt_msg:/home/sahruday/ros2_humble/install/rqt_console:/home/sahruday/ros2_humble/install/rqt:/home/sahruday/ros2_humble/install/rqt_graph:/home/sahruday/ros2_humble/install/rqt_gui_py:/home/sahruday/ros2_humble/install/rqt_gui:/home/sahruday/ros2_humble/install/ros2trace:/home/sahruday/ros2_humble/install/ros2topic:/home/sahruday/ros2_humble/install/ros2test:/home/sahruday/ros2_humble/install/ros2component:/home/sahruday/ros2_humble/install/ros2param:/home/sahruday/ros2_humble/install/ros2lifecycle:/home/sahruday/ros2_humble/install/ros2service:/home/sahruday/ros2_humble/install/ros2run:/home/sahruday/ros2_humble/install/ros2launch:/home/sahruday/ros2_humble/install/ros2pkg:/home/sahruday/ros2_humble/install/ros2node:/home/sahruday/ros2_humble/install/ros2multicast:/home/sahruday/ros2_humble/install/ros2interface:/home/sahruday/ros2_humble/install/ros2doctor:/home/sahruday/ros2_humble/install/ros2action:/home/sahruday/ros2_humble/install/ros2cli:/home/sahruday/ros2_humble/install/quality_of_service_demo_py:/home/sahruday/ros2_humble/install/lifecycle_py:/home/sahruday/ros2_humble/install/launch_testing_ros:/home/sahruday/ros2_humble/install/launch_ros:/home/sahruday/ros2_humble/install/examples_rclpy_pointcloud_publisher:/home/sahruday/ros2_humble/install/examples_rclpy_minimal_subscriber:/home/sahruday/ros2_humble/install/examples_rclpy_minimal_service:/home/sahruday/ros2_humble/install/examples_rclpy_minimal_publisher:/home/sahruday/ros2_humble/install/examples_rclpy_minimal_client:/home/sahruday/ros2_humble/install/examples_rclpy_minimal_action_server:/home/sahruday/ros2_humble/install/examples_rclpy_minimal_action_client:/home/sahruday/ros2_humble/install/examples_rclpy_guard_conditions:/home/sahruday/ros2_humble/install/examples_rclpy_executors:/home/sahruday/ros2_humble/install/demo_nodes_py:/home/sahruday/ros2_humble/install/action_tutorials_py:/home/sahruday/ros2_humble/install/ament_uncrustify:/home/sahruday/ros2_humble/install/tracetools_trace:/home/sahruday/ros2_humble/install/tracetools_read:/home/sahruday/ros2_humble/install/test_tracetools_launch:/home/sahruday/ros2_humble/install/test_launch_ros:/home/sahruday/ros2_humble/install/sensor_msgs_py:/home/sahruday/ros2_humble/install/rpyutils:/home/sahruday/ros2_humble/install/rosidl_runtime_py:/home/sahruday/ros2_humble/install/rosidl_cli:/home/sahruday/ros2_humble/install/launch_pytest:/home/sahruday/ros2_humble/install/launch_testing:/home/sahruday/ros2_humble/install/launch_yaml:/home/sahruday/ros2_humble/install/launch_xml:/home/sahruday/ros2_humble/install/launch:/home/sahruday/ros2_humble/install/osrf_pycommon:/home/sahruday/ros2_humble/install/launch_testing_examples:/home/sahruday/ros2_humble/install/domain_coordinator:/home/sahruday/ros2_humble/install/ament_xmllint:/home/sahruday/ros2_humble/install/ament_pyflakes:/home/sahruday/ros2_humble/install/ament_pycodestyle:/home/sahruday/ros2_humble/install/ament_pep257:/home/sahruday/ros2_humble/install/ament_pclint:/home/sahruday/ros2_humble/install/ament_package:/home/sahruday/ros2_humble/install/ament_mypy:/home/sahruday/ros2_humble/install/ament_lint_cmake:/home/sahruday/ros2_humble/install/ament_flake8:/home/sahruday/ros2_humble/install/ament_copyright:/home/sahruday/ros2_humble/install/ament_lint:/home/sahruday/ros2_humble/install/ament_index_python:/home/sahruday/ros2_humble/install/ament_cpplint:/home/sahruday/ros2_humble/install/ament_cppcheck:/home/sahruday/ros2_humble/install/ament_clang_tidy:/home/sahruday/ros2_humble/install/ament_clang_format /usr/bin/cmake --build /home/sahruday/Documents/Github/Beginner_Tutorials_Ros2/build/cpp_pubsub -- -j16 -l16
[7.356s] DEBUG:colcon.colcon_core.event_handler.log_command:Invoked command in '/home/sahruday/Documents/Github/Beginner_Tutorials_Ros2/build/cpp_pubsub' returned '0': CMAKE_PREFIX_PATH=${CMAKE_PREFIX_PATH}:/home/sahruday/ros2_humble/install/rqt_bag_plugins:/home/sahruday/ros2_humble/install/rqt_bag:/home/sahruday/ros2_humble/install/ros2bag:/home/sahruday/ros2_humble/install/tracetools_test:/home/sahruday/ros2_humble/install/tracetools_launch:/home/sahruday/ros2_humble/install/topic_monitor:/home/sahruday/ros2_humble/install/tf2_tools:/home/sahruday/ros2_humble/install/examples_tf2_py:/home/sahruday/ros2_humble/install/tf2_ros_py:/home/sahruday/ros2_humble/install/sros2:/home/sahruday/ros2_humble/install/rqt_topic:/home/sahruday/ros2_humble/install/rqt_srv:/home/sahruday/ros2_humble/install/rqt_shell:/home/sahruday/ros2_humble/install/rqt_service_caller:/home/sahruday/ros2_humble/install/rqt_reconfigure:/home/sahruday/ros2_humble/install/rqt_py_console:/home/sahruday/ros2_humble/install/rqt_publisher:/home/sahruday/ros2_humble/install/rqt_plot:/home/sahruday/ros2_humble/install/rqt_action:/home/sahruday/ros2_humble/install/rqt_msg:/home/sahruday/ros2_humble/install/rqt_console:/home/sahruday/ros2_humble/install/rqt:/home/sahruday/ros2_humble/install/rqt_graph:/home/sahruday/ros2_humble/install/rqt_gui_py:/home/sahruday/ros2_humble/install/rqt_gui:/home/sahruday/ros2_humble/install/ros2trace:/home/sahruday/ros2_humble/install/ros2topic:/home/sahruday/ros2_humble/install/ros2test:/home/sahruday/ros2_humble/install/ros2component:/home/sahruday/ros2_humble/install/ros2param:/home/sahruday/ros2_humble/install/ros2lifecycle:/home/sahruday/ros2_humble/install/ros2service:/home/sahruday/ros2_humble/install/ros2run:/home/sahruday/ros2_humble/install/ros2launch:/home/sahruday/ros2_humble/install/ros2pkg:/home/sahruday/ros2_humble/install/ros2node:/home/sahruday/ros2_humble/install/ros2multicast:/home/sahruday/ros2_humble/install/ros2interface:/home/sahruday/ros2_humble/install/ros2doctor:/home/sahruday/ros2_humble/install/ros2action:/home/sahruday/ros2_humble/install/ros2cli:/home/sahruday/ros2_humble/install/quality_of_service_demo_py:/home/sahruday/ros2_humble/install/lifecycle_py:/home/sahruday/ros2_humble/install/launch_testing_ros:/home/sahruday/ros2_humble/install/launch_ros:/home/sahruday/ros2_humble/install/examples_rclpy_pointcloud_publisher:/home/sahruday/ros2_humble/install/examples_rclpy_minimal_subscriber:/home/sahruday/ros2_humble/install/examples_rclpy_minimal_service:/home/sahruday/ros2_humble/install/examples_rclpy_minimal_publisher:/home/sahruday/ros2_humble/install/examples_rclpy_minimal_client:/home/sahruday/ros2_humble/install/examples_rclpy_minimal_action_server:/home/sahruday/ros2_humble/install/examples_rclpy_minimal_action_client:/home/sahruday/ros2_humble/install/examples_rclpy_guard_conditions:/home/sahruday/ros2_humble/install/examples_rclpy_executors:/home/sahruday/ros2_humble/install/demo_nodes_py:/home/sahruday/ros2_humble/install/action_tutorials_py:/home/sahruday/ros2_humble/install/ament_uncrustify:/home/sahruday/ros2_humble/install/tracetools_trace:/home/sahruday/ros2_humble/install/tracetools_read:/home/sahruday/ros2_humble/install/test_tracetools_launch:/home/sahruday/ros2_humble/install/test_launch_ros:/home/sahruday/ros2_humble/install/sensor_msgs_py:/home/sahruday/ros2_humble/install/rpyutils:/home/sahruday/ros2_humble/install/rosidl_runtime_py:/home/sahruday/ros2_humble/install/rosidl_cli:/home/sahruday/ros2_humble/install/launch_pytest:/home/sahruday/ros2_humble/install/launch_testing:/home/sahruday/ros2_humble/install/launch_yaml:/home/sahruday/ros2_humble/install/launch_xml:/home/sahruday/ros2_humble/install/launch:/home/sahruday/ros2_humble/install/osrf_pycommon:/home/sahruday/ros2_humble/install/launch_testing_examples:/home/sahruday/ros2_humble/install/domain_coordinator:/home/sahruday/ros2_humble/install/ament_xmllint:/home/sahruday/ros2_humble/install/ament_pyflakes:/home/sahruday/ros2_humble/install/ament_pycodestyle:/home/sahruday/ros2_humble/install/ament_pep257:/home/sahruday/ros2_humble/install/ament_pclint:/home/sahruday/ros2_humble/install/ament_package:/home/sahruday/ros2_humble/install/ament_mypy:/home/sahruday/ros2_humble/install/ament_lint_cmake:/home/sahruday/ros2_humble/install/ament_flake8:/home/sahruday/ros2_humble/install/ament_copyright:/home/sahruday/ros2_humble/install/ament_lint:/home/sahruday/ros2_humble/install/ament_index_python:/home/sahruday/ros2_humble/install/ament_cpplint:/home/sahruday/ros2_humble/install/ament_cppcheck:/home/sahruday/ros2_humble/install/ament_clang_tidy:/home/sahruday/ros2_humble/install/ament_clang_format /usr/bin/cmake --build /home/sahruday/Documents/Github/Beginner_Tutorials_Ros2/build/cpp_pubsub -- -j16 -l16
[7.433s] DEBUG:colcon.colcon_core.event_handler.log_command:Invoking command in '/home/sahruday/Documents/Github/Beginner_Tutorials_Ros2/build/cpp_pubsub': CMAKE_PREFIX_PATH=${CMAKE_PREFIX_PATH}:/home/sahruday/ros2_humble/install/rqt_bag_plugins:/home/sahruday/ros2_humble/install/rqt_bag:/home/sahruday/ros2_humble/install/ros2bag:/home/sahruday/ros2_humble/install/tracetools_test:/home/sahruday/ros2_humble/install/tracetools_launch:/home/sahruday/ros2_humble/install/topic_monitor:/home/sahruday/ros2_humble/install/tf2_tools:/home/sahruday/ros2_humble/install/examples_tf2_py:/home/sahruday/ros2_humble/install/tf2_ros_py:/home/sahruday/ros2_humble/install/sros2:/home/sahruday/ros2_humble/install/rqt_topic:/home/sahruday/ros2_humble/install/rqt_srv:/home/sahruday/ros2_humble/install/rqt_shell:/home/sahruday/ros2_humble/install/rqt_service_caller:/home/sahruday/ros2_humble/install/rqt_reconfigure:/home/sahruday/ros2_humble/install/rqt_py_console:/home/sahruday/ros2_humble/install/rqt_publisher:/home/sahruday/ros2_humble/install/rqt_plot:/home/sahruday/ros2_humble/install/rqt_action:/home/sahruday/ros2_humble/install/rqt_msg:/home/sahruday/ros2_humble/install/rqt_console:/home/sahruday/ros2_humble/install/rqt:/home/sahruday/ros2_humble/install/rqt_graph:/home/sahruday/ros2_humble/install/rqt_gui_py:/home/sahruday/ros2_humble/install/rqt_gui:/home/sahruday/ros2_humble/install/ros2trace:/home/sahruday/ros2_humble/install/ros2topic:/home/sahruday/ros2_humble/install/ros2test:/home/sahruday/ros2_humble/install/ros2component:/home/sahruday/ros2_humble/install/ros2param:/home/sahruday/ros2_humble/install/ros2lifecycle:/home/sahruday/ros2_humble/install/ros2service:/home/sahruday/ros2_humble/install/ros2run:/home/sahruday/ros2_humble/install/ros2launch:/home/sahruday/ros2_humble/install/ros2pkg:/home/sahruday/ros2_humble/install/ros2node:/home/sahruday/ros2_humble/install/ros2multicast:/home/sahruday/ros2_humble/install/ros2interface:/home/sahruday/ros2_humble/install/ros2doctor:/home/sahruday/ros2_humble/install/ros2action:/home/sahruday/ros2_humble/install/ros2cli:/home/sahruday/ros2_humble/install/quality_of_service_demo_py:/home/sahruday/ros2_humble/install/lifecycle_py:/home/sahruday/ros2_humble/install/launch_testing_ros:/home/sahruday/ros2_humble/install/launch_ros:/home/sahruday/ros2_humble/install/examples_rclpy_pointcloud_publisher:/home/sahruday/ros2_humble/install/examples_rclpy_minimal_subscriber:/home/sahruday/ros2_humble/install/examples_rclpy_minimal_service:/home/sahruday/ros2_humble/install/examples_rclpy_minimal_publisher:/home/sahruday/ros2_humble/install/examples_rclpy_minimal_client:/home/sahruday/ros2_humble/install/examples_rclpy_minimal_action_server:/home/sahruday/ros2_humble/install/examples_rclpy_minimal_action_client:/home/sahruday/ros2_humble/install/examples_rclpy_guard_conditions:/home/sahruday/ros2_humble/install/examples_rclpy_executors:/home/sahruday/ros2_humble/install/demo_nodes_py:/home/sahruday/ros2_humble/install/action_tutorials_py:/home/sahruday/ros2_humble/install/ament_uncrustify:/home/sahruday/ros2_humble/install/tracetools_trace:/home/sahruday/ros2_humble/install/tracetools_read:/home/sahruday/ros2_humble/install/test_tracetools_launch:/home/sahruday/ros2_humble/install/test_launch_ros:/home/sahruday/ros2_humble/install/sensor_msgs_py:/home/sahruday/ros2_humble/install/rpyutils:/home/sahruday/ros2_humble/install/rosidl_runtime_py:/home/sahruday/ros2_humble/install/rosidl_cli:/home/sahruday/ros2_humble/install/launch_pytest:/home/sahruday/ros2_humble/install/launch_testing:/home/sahruday/ros2_humble/install/launch_yaml:/home/sahruday/ros2_humble/install/launch_xml:/home/sahruday/ros2_humble/install/launch:/home/sahruday/ros2_humble/install/osrf_pycommon:/home/sahruday/ros2_humble/install/launch_testing_examples:/home/sahruday/ros2_humble/install/domain_coordinator:/home/sahruday/ros2_humble/install/ament_xmllint:/home/sahruday/ros2_humble/install/ament_pyflakes:/home/sahruday/ros2_humble/install/ament_pycodestyle:/home/sahruday/ros2_humble/install/ament_pep257:/home/sahruday/ros2_humble/install/ament_pclint:/home/sahruday/ros2_humble/install/ament_package:/home/sahruday/ros2_humble/install/ament_mypy:/home/sahruday/ros2_humble/install/ament_lint_cmake:/home/sahruday/ros2_humble/install/ament_flake8:/home/sahruday/ros2_humble/install/ament_copyright:/home/sahruday/ros2_humble/install/ament_lint:/home/sahruday/ros2_humble/install/ament_index_python:/home/sahruday/ros2_humble/install/ament_cpplint:/home/sahruday/ros2_humble/install/ament_cppcheck:/home/sahruday/ros2_humble/install/ament_clang_tidy:/home/sahruday/ros2_humble/install/ament_clang_format /usr/bin/cmake --install /home/sahruday/Documents/Github/Beginner_Tutorials_Ros2/build/cpp_pubsub
[7.448s] Level 1:colcon.colcon_core.environment:create_environment_scripts_only(cpp_pubsub)
[7.449s] DEBUG:colcon.colcon_core.event_handler.log_command:Invoked command in '/home/sahruday/Documents/Github/Beginner_Tutorials_Ros2/build/cpp_pubsub' returned '0': CMAKE_PREFIX_PATH=${CMAKE_PREFIX_PATH}:/home/sahruday/ros2_humble/install/rqt_bag_plugins:/home/sahruday/ros2_humble/install/rqt_bag:/home/sahruday/ros2_humble/install/ros2bag:/home/sahruday/ros2_humble/install/tracetools_test:/home/sahruday/ros2_humble/install/tracetools_launch:/home/sahruday/ros2_humble/install/topic_monitor:/home/sahruday/ros2_humble/install/tf2_tools:/home/sahruday/ros2_humble/install/examples_tf2_py:/home/sahruday/ros2_humble/install/tf2_ros_py:/home/sahruday/ros2_humble/install/sros2:/home/sahruday/ros2_humble/install/rqt_topic:/home/sahruday/ros2_humble/install/rqt_srv:/home/sahruday/ros2_humble/install/rqt_shell:/home/sahruday/ros2_humble/install/rqt_service_caller:/home/sahruday/ros2_humble/install/rqt_reconfigure:/home/sahruday/ros2_humble/install/rqt_py_console:/home/sahruday/ros2_humble/install/rqt_publisher:/home/sahruday/ros2_humble/install/rqt_plot:/home/sahruday/ros2_humble/install/rqt_action:/home/sahruday/ros2_humble/install/rqt_msg:/home/sahruday/ros2_humble/install/rqt_console:/home/sahruday/ros2_humble/install/rqt:/home/sahruday/ros2_humble/install/rqt_graph:/home/sahruday/ros2_humble/install/rqt_gui_py:/home/sahruday/ros2_humble/install/rqt_gui:/home/sahruday/ros2_humble/install/ros2trace:/home/sahruday/ros2_humble/install/ros2topic:/home/sahruday/ros2_humble/install/ros2test:/home/sahruday/ros2_humble/install/ros2component:/home/sahruday/ros2_humble/install/ros2param:/home/sahruday/ros2_humble/install/ros2lifecycle:/home/sahruday/ros2_humble/install/ros2service:/home/sahruday/ros2_humble/install/ros2run:/home/sahruday/ros2_humble/install/ros2launch:/home/sahruday/ros2_humble/install/ros2pkg:/home/sahruday/ros2_humble/install/ros2node:/home/sahruday/ros2_humble/install/ros2multicast:/home/sahruday/ros2_humble/install/ros2interface:/home/sahruday/ros2_humble/install/ros2doctor:/home/sahruday/ros2_humble/install/ros2action:/home/sahruday/ros2_humble/install/ros2cli:/home/sahruday/ros2_humble/install/quality_of_service_demo_py:/home/sahruday/ros2_humble/install/lifecycle_py:/home/sahruday/ros2_humble/install/launch_testing_ros:/home/sahruday/ros2_humble/install/launch_ros:/home/sahruday/ros2_humble/install/examples_rclpy_pointcloud_publisher:/home/sahruday/ros2_humble/install/examples_rclpy_minimal_subscriber:/home/sahruday/ros2_humble/install/examples_rclpy_minimal_service:/home/sahruday/ros2_humble/install/examples_rclpy_minimal_publisher:/home/sahruday/ros2_humble/install/examples_rclpy_minimal_client:/home/sahruday/ros2_humble/install/examples_rclpy_minimal_action_server:/home/sahruday/ros2_humble/install/examples_rclpy_minimal_action_client:/home/sahruday/ros2_humble/install/examples_rclpy_guard_conditions:/home/sahruday/ros2_humble/install/examples_rclpy_executors:/home/sahruday/ros2_humble/install/demo_nodes_py:/home/sahruday/ros2_humble/install/action_tutorials_py:/home/sahruday/ros2_humble/install/ament_uncrustify:/home/sahruday/ros2_humble/install/tracetools_trace:/home/sahruday/ros2_humble/install/tracetools_read:/home/sahruday/ros2_humble/install/test_tracetools_launch:/home/sahruday/ros2_humble/install/test_launch_ros:/home/sahruday/ros2_humble/install/sensor_msgs_py:/home/sahruday/ros2_humble/install/rpyutils:/home/sahruday/ros2_humble/install/rosidl_runtime_py:/home/sahruday/ros2_humble/install/rosidl_cli:/home/sahruday/ros2_humble/install/launch_pytest:/home/sahruday/ros2_humble/install/launch_testing:/home/sahruday/ros2_humble/install/launch_yaml:/home/sahruday/ros2_humble/install/launch_xml:/home/sahruday/ros2_humble/install/launch:/home/sahruday/ros2_humble/install/osrf_pycommon:/home/sahruday/ros2_humble/install/launch_testing_examples:/home/sahruday/ros2_humble/install/domain_coordinator:/home/sahruday/ros2_humble/install/ament_xmllint:/home/sahruday/ros2_humble/install/ament_pyflakes:/home/sahruday/ros2_humble/install/ament_pycodestyle:/home/sahruday/ros2_humble/install/ament_pep257:/home/sahruday/ros2_humble/install/ament_pclint:/home/sahruday/ros2_humble/install/ament_package:/home/sahruday/ros2_humble/install/ament_mypy:/home/sahruday/ros2_humble/install/ament_lint_cmake:/home/sahruday/ros2_humble/install/ament_flake8:/home/sahruday/ros2_humble/install/ament_copyright:/home/sahruday/ros2_humble/install/ament_lint:/home/sahruday/ros2_humble/install/ament_index_python:/home/sahruday/ros2_humble/install/ament_cpplint:/home/sahruday/ros2_humble/install/ament_cppcheck:/home/sahruday/ros2_humble/install/ament_clang_tidy:/home/sahruday/ros2_humble/install/ament_clang_format /usr/bin/cmake --install /home/sahruday/Documents/Github/Beginner_Tutorials_Ros2/build/cpp_pubsub
[7.458s] Level 1:colcon.colcon_core.environment:checking '/home/sahruday/Documents/Github/Beginner_Tutorials_Ros2/install/cpp_pubsub' for CMake module files
[7.459s] Level 1:colcon.colcon_core.environment:checking '/home/sahruday/Documents/Github/Beginner_Tutorials_Ros2/install/cpp_pubsub' for CMake config files
[7.459s] Level 1:colcon.colcon_core.shell:create_environment_hook('cpp_pubsub', 'cmake_prefix_path')
[7.461s] INFO:colcon.colcon_core.shell:Creating environment hook '/home/sahruday/Documents/Github/Beginner_Tutorials_Ros2/install/cpp_pubsub/share/cpp_pubsub/hook/cmake_prefix_path.ps1'
[7.462s] INFO:colcon.colcon_core.shell:Creating environment descriptor '/home/sahruday/Documents/Github/Beginner_Tutorials_Ros2/install/cpp_pubsub/share/cpp_pubsub/hook/cmake_prefix_path.dsv'
[7.462s] INFO:colcon.colcon_core.shell:Creating environment hook '/home/sahruday/Documents/Github/Beginner_Tutorials_Ros2/install/cpp_pubsub/share/cpp_pubsub/hook/cmake_prefix_path.sh'
[7.463s] Level 1:colcon.colcon_core.environment:checking '/home/sahruday/Documents/Github/Beginner_Tutorials_Ros2/install/cpp_pubsub/lib'
[7.463s] Level 1:colcon.colcon_core.environment:checking '/home/sahruday/Documents/Github/Beginner_Tutorials_Ros2/install/cpp_pubsub/bin'
[7.463s] Level 1:colcon.colcon_core.environment:checking '/home/sahruday/Documents/Github/Beginner_Tutorials_Ros2/install/cpp_pubsub/lib/pkgconfig/cpp_pubsub.pc'
[7.467s] Level 1:colcon.colcon_core.environment:checking '/home/sahruday/Documents/Github/Beginner_Tutorials_Ros2/install/cpp_pubsub/lib/python3.10/site-packages'
[7.467s] Level 1:colcon.colcon_core.environment:checking '/home/sahruday/Documents/Github/Beginner_Tutorials_Ros2/install/cpp_pubsub/bin'
[7.470s] INFO:colcon.colcon_core.shell:Creating package script '/home/sahruday/Documents/Github/Beginner_Tutorials_Ros2/install/cpp_pubsub/share/cpp_pubsub/package.ps1'
[7.471s] INFO:colcon.colcon_core.shell:Creating package descriptor '/home/sahruday/Documents/Github/Beginner_Tutorials_Ros2/install/cpp_pubsub/share/cpp_pubsub/package.dsv'
[7.471s] INFO:colcon.colcon_core.shell:Creating package script '/home/sahruday/Documents/Github/Beginner_Tutorials_Ros2/install/cpp_pubsub/share/cpp_pubsub/package.sh'
[7.472s] INFO:colcon.colcon_core.shell:Creating package script '/home/sahruday/Documents/Github/Beginner_Tutorials_Ros2/install/cpp_pubsub/share/cpp_pubsub/package.bash'
[7.473s] INFO:colcon.colcon_core.shell:Creating package script '/home/sahruday/Documents/Github/Beginner_Tutorials_Ros2/install/cpp_pubsub/share/cpp_pubsub/package.zsh'
[7.474s] Level 1:colcon.colcon_core.environment:create_file_with_runtime_dependencies(/home/sahruday/Documents/Github/Beginner_Tutorials_Ros2/install/cpp_pubsub/share/colcon-core/packages/cpp_pubsub)
[7.534s] Level 1:colcon.colcon_core.environment:create_environment_scripts_only(cpp_pubsub)
[7.536s] Level 1:colcon.colcon_core.environment:checking '/home/sahruday/Documents/Github/Beginner_Tutorials_Ros2/install/cpp_pubsub' for CMake module files
[7.537s] Level 1:colcon.colcon_core.environment:checking '/home/sahruday/Documents/Github/Beginner_Tutorials_Ros2/install/cpp_pubsub' for CMake config files
[7.537s] Level 1:colcon.colcon_core.shell:create_environment_hook('cpp_pubsub', 'cmake_prefix_path')
[7.539s] INFO:colcon.colcon_core.shell:Creating environment hook '/home/sahruday/Documents/Github/Beginner_Tutorials_Ros2/install/cpp_pubsub/share/cpp_pubsub/hook/cmake_prefix_path.ps1'
[7.539s] INFO:colcon.colcon_core.shell:Creating environment descriptor '/home/sahruday/Documents/Github/Beginner_Tutorials_Ros2/install/cpp_pubsub/share/cpp_pubsub/hook/cmake_prefix_path.dsv'
[7.539s] INFO:colcon.colcon_core.shell:Creating environment hook '/home/sahruday/Documents/Github/Beginner_Tutorials_Ros2/install/cpp_pubsub/share/cpp_pubsub/hook/cmake_prefix_path.sh'
[7.540s] Level 1:colcon.colcon_core.environment:checking '/home/sahruday/Documents/Github/Beginner_Tutorials_Ros2/install/cpp_pubsub/lib'
[7.540s] Level 1:colcon.colcon_core.environment:checking '/home/sahruday/Documents/Github/Beginner_Tutorials_Ros2/install/cpp_pubsub/bin'
[7.540s] Level 1:colcon.colcon_core.environment:checking '/home/sahruday/Documents/Github/Beginner_Tutorials_Ros2/install/cpp_pubsub/lib/pkgconfig/cpp_pubsub.pc'
[7.540s] Level 1:colcon.colcon_core.environment:checking '/home/sahruday/Documents/Github/Beginner_Tutorials_Ros2/install/cpp_pubsub/lib/python3.10/site-packages'
[7.540s] Level 1:colcon.colcon_core.environment:checking '/home/sahruday/Documents/Github/Beginner_Tutorials_Ros2/install/cpp_pubsub/bin'
[7.542s] INFO:colcon.colcon_core.shell:Creating package script '/home/sahruday/Documents/Github/Beginner_Tutorials_Ros2/install/cpp_pubsub/share/cpp_pubsub/package.ps1'
[7.542s] INFO:colcon.colcon_core.shell:Creating package descriptor '/home/sahruday/Documents/Github/Beginner_Tutorials_Ros2/install/cpp_pubsub/share/cpp_pubsub/package.dsv'
[7.542s] INFO:colcon.colcon_core.shell:Creating package script '/home/sahruday/Documents/Github/Beginner_Tutorials_Ros2/install/cpp_pubsub/share/cpp_pubsub/package.sh'
[7.543s] INFO:colcon.colcon_core.shell:Creating package script '/home/sahruday/Documents/Github/Beginner_Tutorials_Ros2/install/cpp_pubsub/share/cpp_pubsub/package.bash'
[7.543s] INFO:colcon.colcon_core.shell:Creating package script '/home/sahruday/Documents/Github/Beginner_Tutorials_Ros2/install/cpp_pubsub/share/cpp_pubsub/package.zsh'
[7.543s] Level 1:colcon.colcon_core.environment:create_file_with_runtime_dependencies(/home/sahruday/Documents/Github/Beginner_Tutorials_Ros2/install/cpp_pubsub/share/colcon-core/packages/cpp_pubsub)
[7.543s] DEBUG:colcon.colcon_parallel_executor.executor.parallel:closing loop
[7.544s] DEBUG:colcon.colcon_parallel_executor.executor.parallel:loop closed
[7.544s] DEBUG:colcon.colcon_parallel_executor.executor.parallel:run_until_complete finished with '0'
[7.544s] DEBUG:colcon.colcon_core.event_reactor:joining thread
[7.555s] INFO:colcon.colcon_core.plugin_system:Skipping extension 'colcon_notification.desktop_notification.terminal_notifier': Not used on non-Darwin systems
[7.555s] INFO:colcon.colcon_core.plugin_system:Skipping extension 'colcon_notification.desktop_notification.win32': Not used on non-Windows systems
[7.555s] INFO:colcon.colcon_notification.desktop_notification:Sending desktop notification using 'notify2'
[7.566s] DEBUG:colcon.colcon_core.event_reactor:joined thread
[7.569s] INFO:colcon.colcon_core.shell:Creating prefix script '/home/sahruday/Documents/Github/Beginner_Tutorials_Ros2/install/local_setup.ps1'
[7.570s] INFO:colcon.colcon_core.shell:Creating prefix util module '/home/sahruday/Documents/Github/Beginner_Tutorials_Ros2/install/_local_setup_util_ps1.py'
[7.572s] INFO:colcon.colcon_core.shell:Creating prefix chain script '/home/sahruday/Documents/Github/Beginner_Tutorials_Ros2/install/setup.ps1'
[7.585s] INFO:colcon.colcon_core.shell:Creating prefix script '/home/sahruday/Documents/Github/Beginner_Tutorials_Ros2/install/local_setup.sh'
[7.586s] INFO:colcon.colcon_core.shell:Creating prefix util module '/home/sahruday/Documents/Github/Beginner_Tutorials_Ros2/install/_local_setup_util_sh.py'
[7.586s] INFO:colcon.colcon_core.shell:Creating prefix chain script '/home/sahruday/Documents/Github/Beginner_Tutorials_Ros2/install/setup.sh'
[7.600s] INFO:colcon.colcon_core.shell:Creating prefix script '/home/sahruday/Documents/Github/Beginner_Tutorials_Ros2/install/local_setup.bash'
[7.600s] INFO:colcon.colcon_core.shell:Creating prefix chain script '/home/sahruday/Documents/Github/Beginner_Tutorials_Ros2/install/setup.bash'
[7.615s] INFO:colcon.colcon_core.shell:Creating prefix script '/home/sahruday/Documents/Github/Beginner_Tutorials_Ros2/install/local_setup.zsh'
[7.615s] INFO:colcon.colcon_core.shell:Creating prefix chain script '/home/sahruday/Documents/Github/Beginner_Tutorials_Ros2/install/setup.zsh'
