running develop
running egg_info
creating examples_rclpy_minimal_service.egg-info
writing examples_rclpy_minimal_service.egg-info/PKG-INFO
writing dependency_links to examples_rclpy_minimal_service.egg-info/dependency_links.txt
writing entry points to examples_rclpy_minimal_service.egg-info/entry_points.txt
writing requirements to examples_rclpy_minimal_service.egg-info/requires.txt
writing top-level names to examples_rclpy_minimal_service.egg-info/top_level.txt
writing manifest file 'examples_rclpy_minimal_service.egg-info/SOURCES.txt'
reading manifest file 'examples_rclpy_minimal_service.egg-info/SOURCES.txt'
writing manifest file 'examples_rclpy_minimal_service.egg-info/SOURCES.txt'
/usr/lib/python3/dist-packages/setuptools/command/easy_install.py:158: EasyInstallDeprecationWarning: easy_install command is deprecated. Use build and pip and other standards-based tools.
  warnings.warn(
/usr/lib/python3/dist-packages/setuptools/command/install.py:34: SetuptoolsDeprecationWarning: setup.py install is deprecated. Use build and pip and other standards-based tools.
  warnings.warn(
/usr/lib/python3/dist-packages/pkg_resources/__init__.py:116: PkgResourcesDeprecationWarning: 1.1build1 is an invalid version and will not be supported in a future release
  warnings.warn(
/usr/lib/python3/dist-packages/pkg_resources/__init__.py:116: PkgResourcesDeprecationWarning: 0.1.43ubuntu1 is an invalid version and will not be supported in a future release
  warnings.warn(
running build_ext
Creating /home/sahruday/Documents/Github/Ros2/install/examples_rclpy_minimal_service/lib/python3.10/site-packages/examples-rclpy-minimal-service.egg-link (link to .)
Installing service script to /home/sahruday/Documents/Github/Ros2/install/examples_rclpy_minimal_service/lib/examples_rclpy_minimal_service
Installing service_member_function script to /home/sahruday/Documents/Github/Ros2/install/examples_rclpy_minimal_service/lib/examples_rclpy_minimal_service

Installed /home/sahruday/Documents/Github/Ros2/build/examples_rclpy_minimal_service
running install_data
creating /home/sahruday/Documents/Github/Ros2/install/examples_rclpy_minimal_service/share/ament_index
creating /home/sahruday/Documents/Github/Ros2/install/examples_rclpy_minimal_service/share/ament_index/resource_index
creating /home/sahruday/Documents/Github/Ros2/install/examples_rclpy_minimal_service/share/ament_index/resource_index/packages
copying resource/examples_rclpy_minimal_service -> /home/sahruday/Documents/Github/Ros2/install/examples_rclpy_minimal_service/share/ament_index/resource_index/packages
copying package.xml -> /home/sahruday/Documents/Github/Ros2/install/examples_rclpy_minimal_service/share/examples_rclpy_minimal_service
