[5.263s] Invoking command in '/home/sahruday/Documents/Github/Ros2/build/examples_rclpy_minimal_service': PYTHONPATH=/home/sahruday/Documents/Github/Ros2/install/examples_rclpy_minimal_service/lib/python3.10/site-packages:${PYTHONPATH} /usr/bin/python3 setup.py develop --prefix /home/sahruday/Documents/Github/Ros2/install/examples_rclpy_minimal_service --editable --build-directory /home/sahruday/Documents/Github/Ros2/build/examples_rclpy_minimal_service/build --no-deps install_data --install-dir /home/sahruday/Documents/Github/Ros2/install/examples_rclpy_minimal_service
[6.449s] running develop
[6.449s] running egg_info
[6.449s] creating examples_rclpy_minimal_service.egg-info
[6.449s] writing examples_rclpy_minimal_service.egg-info/PKG-INFO
[6.449s] writing dependency_links to examples_rclpy_minimal_service.egg-info/dependency_links.txt
[6.449s] writing entry points to examples_rclpy_minimal_service.egg-info/entry_points.txt
[6.449s] writing requirements to examples_rclpy_minimal_service.egg-info/requires.txt
[6.449s] writing top-level names to examples_rclpy_minimal_service.egg-info/top_level.txt
[6.449s] writing manifest file 'examples_rclpy_minimal_service.egg-info/SOURCES.txt'
[6.449s] reading manifest file 'examples_rclpy_minimal_service.egg-info/SOURCES.txt'
[6.450s] writing manifest file 'examples_rclpy_minimal_service.egg-info/SOURCES.txt'
[6.450s] /usr/lib/python3/dist-packages/setuptools/command/easy_install.py:158: EasyInstallDeprecationWarning: easy_install command is deprecated. Use build and pip and other standards-based tools.
[6.450s]   warnings.warn(
[6.450s] /usr/lib/python3/dist-packages/setuptools/command/install.py:34: SetuptoolsDeprecationWarning: setup.py install is deprecated. Use build and pip and other standards-based tools.
[6.450s]   warnings.warn(
[6.450s] /usr/lib/python3/dist-packages/pkg_resources/__init__.py:116: PkgResourcesDeprecationWarning: 1.1build1 is an invalid version and will not be supported in a future release
[6.450s]   warnings.warn(
[6.450s] /usr/lib/python3/dist-packages/pkg_resources/__init__.py:116: PkgResourcesDeprecationWarning: 0.1.43ubuntu1 is an invalid version and will not be supported in a future release
[6.450s]   warnings.warn(
[6.450s] running build_ext
[6.450s] Creating /home/sahruday/Documents/Github/Ros2/install/examples_rclpy_minimal_service/lib/python3.10/site-packages/examples-rclpy-minimal-service.egg-link (link to .)
[6.450s] Installing service script to /home/sahruday/Documents/Github/Ros2/install/examples_rclpy_minimal_service/lib/examples_rclpy_minimal_service
[6.450s] Installing service_member_function script to /home/sahruday/Documents/Github/Ros2/install/examples_rclpy_minimal_service/lib/examples_rclpy_minimal_service
[6.450s] 
[6.450s] Installed /home/sahruday/Documents/Github/Ros2/build/examples_rclpy_minimal_service
[6.452s] running install_data
[6.452s] creating /home/sahruday/Documents/Github/Ros2/install/examples_rclpy_minimal_service/share/ament_index
[6.452s] creating /home/sahruday/Documents/Github/Ros2/install/examples_rclpy_minimal_service/share/ament_index/resource_index
[6.452s] creating /home/sahruday/Documents/Github/Ros2/install/examples_rclpy_minimal_service/share/ament_index/resource_index/packages
[6.452s] copying resource/examples_rclpy_minimal_service -> /home/sahruday/Documents/Github/Ros2/install/examples_rclpy_minimal_service/share/ament_index/resource_index/packages
[6.452s] copying package.xml -> /home/sahruday/Documents/Github/Ros2/install/examples_rclpy_minimal_service/share/examples_rclpy_minimal_service
[6.582s] Invoked command in '/home/sahruday/Documents/Github/Ros2/build/examples_rclpy_minimal_service' returned '0': PYTHONPATH=/home/sahruday/Documents/Github/Ros2/install/examples_rclpy_minimal_service/lib/python3.10/site-packages:${PYTHONPATH} /usr/bin/python3 setup.py develop --prefix /home/sahruday/Documents/Github/Ros2/install/examples_rclpy_minimal_service --editable --build-directory /home/sahruday/Documents/Github/Ros2/build/examples_rclpy_minimal_service/build --no-deps install_data --install-dir /home/sahruday/Documents/Github/Ros2/install/examples_rclpy_minimal_service
