[13.732s] Invoking command in '/home/sahruday/ros2_ws/build/examples_rclpy_minimal_service': PYTHONPATH=/home/sahruday/ros2_ws/install/examples_rclpy_minimal_service/lib/python3.10/site-packages:${PYTHONPATH} /usr/bin/python3 setup.py develop --prefix /home/sahruday/ros2_ws/install/examples_rclpy_minimal_service --editable --build-directory /home/sahruday/ros2_ws/build/examples_rclpy_minimal_service/build --no-deps install_data --install-dir /home/sahruday/ros2_ws/install/examples_rclpy_minimal_service
[25.360s] running develop
[25.362s] running egg_info
[25.362s] creating examples_rclpy_minimal_service.egg-info
[25.362s] writing examples_rclpy_minimal_service.egg-info/PKG-INFO
[25.362s] writing dependency_links to examples_rclpy_minimal_service.egg-info/dependency_links.txt
[25.362s] writing entry points to examples_rclpy_minimal_service.egg-info/entry_points.txt
[25.362s] writing requirements to examples_rclpy_minimal_service.egg-info/requires.txt
[25.362s] writing top-level names to examples_rclpy_minimal_service.egg-info/top_level.txt
[25.362s] writing manifest file 'examples_rclpy_minimal_service.egg-info/SOURCES.txt'
[25.362s] reading manifest file 'examples_rclpy_minimal_service.egg-info/SOURCES.txt'
[25.363s] writing manifest file 'examples_rclpy_minimal_service.egg-info/SOURCES.txt'
[25.363s] running build_ext
[25.363s] Creating /home/sahruday/ros2_ws/install/examples_rclpy_minimal_service/lib/python3.10/site-packages/examples-rclpy-minimal-service.egg-link (link to .)
[25.363s] Installing service script to /home/sahruday/ros2_ws/install/examples_rclpy_minimal_service/lib/examples_rclpy_minimal_service
[25.363s] Installing service_member_function script to /home/sahruday/ros2_ws/install/examples_rclpy_minimal_service/lib/examples_rclpy_minimal_service
[25.363s] 
[25.363s] Installed /home/sahruday/ros2_ws/build/examples_rclpy_minimal_service
[25.363s] running install_data
[25.363s] creating /home/sahruday/ros2_ws/install/examples_rclpy_minimal_service/share/ament_index
[25.363s] creating /home/sahruday/ros2_ws/install/examples_rclpy_minimal_service/share/ament_index/resource_index
[25.363s] creating /home/sahruday/ros2_ws/install/examples_rclpy_minimal_service/share/ament_index/resource_index/packages
[25.363s] copying resource/examples_rclpy_minimal_service -> /home/sahruday/ros2_ws/install/examples_rclpy_minimal_service/share/ament_index/resource_index/packages
[25.363s] copying package.xml -> /home/sahruday/ros2_ws/install/examples_rclpy_minimal_service/share/examples_rclpy_minimal_service
[25.363s] /usr/lib/python3/dist-packages/setuptools/command/easy_install.py:158: EasyInstallDeprecationWarning: easy_install command is deprecated. Use build and pip and other standards-based tools.
[25.363s]   warnings.warn(
[25.364s] /usr/lib/python3/dist-packages/setuptools/command/install.py:34: SetuptoolsDeprecationWarning: setup.py install is deprecated. Use build and pip and other standards-based tools.
[25.364s]   warnings.warn(
[25.364s] /usr/lib/python3/dist-packages/pkg_resources/__init__.py:116: PkgResourcesDeprecationWarning: 1.1build1 is an invalid version and will not be supported in a future release
[25.364s]   warnings.warn(
[25.364s] /usr/lib/python3/dist-packages/pkg_resources/__init__.py:116: PkgResourcesDeprecationWarning: 0.1.43ubuntu1 is an invalid version and will not be supported in a future release
[25.364s]   warnings.warn(
[25.436s] Invoked command in '/home/sahruday/ros2_ws/build/examples_rclpy_minimal_service' returned '0': PYTHONPATH=/home/sahruday/ros2_ws/install/examples_rclpy_minimal_service/lib/python3.10/site-packages:${PYTHONPATH} /usr/bin/python3 setup.py develop --prefix /home/sahruday/ros2_ws/install/examples_rclpy_minimal_service --editable --build-directory /home/sahruday/ros2_ws/build/examples_rclpy_minimal_service/build --no-deps install_data --install-dir /home/sahruday/ros2_ws/install/examples_rclpy_minimal_service
