[1.699s] Invoking command in '/home/sahruday/ros2_ws/build/turtlesim': CMAKE_PREFIX_PATH=${CMAKE_PREFIX_PATH}:/home/sahruday/ros2_humble/install/rqt_bag_plugins:/home/sahruday/ros2_humble/install/rqt_bag:/home/sahruday/ros2_humble/install/ros2bag:/home/sahruday/ros2_humble/install/tracetools_test:/home/sahruday/ros2_humble/install/tracetools_launch:/home/sahruday/ros2_humble/install/topic_monitor:/home/sahruday/ros2_humble/install/tf2_tools:/home/sahruday/ros2_humble/install/examples_tf2_py:/home/sahruday/ros2_humble/install/tf2_ros_py:/home/sahruday/ros2_humble/install/sros2:/home/sahruday/ros2_humble/install/rqt_topic:/home/sahruday/ros2_humble/install/rqt_srv:/home/sahruday/ros2_humble/install/rqt_shell:/home/sahruday/ros2_humble/install/rqt_service_caller:/home/sahruday/ros2_humble/install/rqt_reconfigure:/home/sahruday/ros2_humble/install/rqt_py_console:/home/sahruday/ros2_humble/install/rqt_publisher:/home/sahruday/ros2_humble/install/rqt_plot:/home/sahruday/ros2_humble/install/rqt_action:/home/sahruday/ros2_humble/install/rqt_msg:/home/sahruday/ros2_humble/install/rqt_console:/home/sahruday/ros2_humble/install/rqt:/home/sahruday/ros2_humble/install/rqt_graph:/home/sahruday/ros2_humble/install/rqt_gui_py:/home/sahruday/ros2_humble/install/rqt_gui:/home/sahruday/ros2_humble/install/ros2trace:/home/sahruday/ros2_humble/install/ros2topic:/home/sahruday/ros2_humble/install/ros2test:/home/sahruday/ros2_humble/install/ros2component:/home/sahruday/ros2_humble/install/ros2param:/home/sahruday/ros2_humble/install/ros2lifecycle:/home/sahruday/ros2_humble/install/ros2service:/home/sahruday/ros2_humble/install/ros2run:/home/sahruday/ros2_humble/install/ros2launch:/home/sahruday/ros2_humble/install/ros2pkg:/home/sahruday/ros2_humble/install/ros2node:/home/sahruday/ros2_humble/install/ros2multicast:/home/sahruday/ros2_humble/install/ros2interface:/home/sahruday/ros2_humble/install/ros2doctor:/home/sahruday/ros2_humble/install/ros2action:/home/sahruday/ros2_humble/install/ros2cli:/home/sahruday/ros2_humble/install/quality_of_service_demo_py:/home/sahruday/ros2_humble/install/lifecycle_py:/home/sahruday/ros2_humble/install/launch_testing_ros:/home/sahruday/ros2_humble/install/launch_ros:/home/sahruday/ros2_humble/install/examples_rclpy_pointcloud_publisher:/home/sahruday/ros2_humble/install/examples_rclpy_minimal_subscriber:/home/sahruday/ros2_humble/install/examples_rclpy_minimal_service:/home/sahruday/ros2_humble/install/examples_rclpy_minimal_publisher:/home/sahruday/ros2_humble/install/examples_rclpy_minimal_client:/home/sahruday/ros2_humble/install/examples_rclpy_minimal_action_server:/home/sahruday/ros2_humble/install/examples_rclpy_minimal_action_client:/home/sahruday/ros2_humble/install/examples_rclpy_guard_conditions:/home/sahruday/ros2_humble/install/examples_rclpy_executors:/home/sahruday/ros2_humble/install/demo_nodes_py:/home/sahruday/ros2_humble/install/action_tutorials_py:/home/sahruday/ros2_humble/install/ament_uncrustify:/home/sahruday/ros2_humble/install/tracetools_trace:/home/sahruday/ros2_humble/install/tracetools_read:/home/sahruday/ros2_humble/install/test_tracetools_launch:/home/sahruday/ros2_humble/install/test_launch_ros:/home/sahruday/ros2_humble/install/sensor_msgs_py:/home/sahruday/ros2_humble/install/rpyutils:/home/sahruday/ros2_humble/install/rosidl_runtime_py:/home/sahruday/ros2_humble/install/rosidl_cli:/home/sahruday/ros2_humble/install/launch_pytest:/home/sahruday/ros2_humble/install/launch_testing:/home/sahruday/ros2_humble/install/launch_yaml:/home/sahruday/ros2_humble/install/launch_xml:/home/sahruday/ros2_humble/install/launch:/home/sahruday/ros2_humble/install/osrf_pycommon:/home/sahruday/ros2_humble/install/launch_testing_examples:/home/sahruday/ros2_humble/install/domain_coordinator:/home/sahruday/ros2_humble/install/ament_xmllint:/home/sahruday/ros2_humble/install/ament_pyflakes:/home/sahruday/ros2_humble/install/ament_pycodestyle:/home/sahruday/ros2_humble/install/ament_pep257:/home/sahruday/ros2_humble/install/ament_pclint:/home/sahruday/ros2_humble/install/ament_package:/home/sahruday/ros2_humble/install/ament_mypy:/home/sahruday/ros2_humble/install/ament_lint_cmake:/home/sahruday/ros2_humble/install/ament_flake8:/home/sahruday/ros2_humble/install/ament_copyright:/home/sahruday/ros2_humble/install/ament_lint:/home/sahruday/ros2_humble/install/ament_index_python:/home/sahruday/ros2_humble/install/ament_cpplint:/home/sahruday/ros2_humble/install/ament_cppcheck:/home/sahruday/ros2_humble/install/ament_clang_tidy:/home/sahruday/ros2_humble/install/ament_clang_format /usr/bin/cmake /home/sahruday/ros2_ws/src/ros_tutorials/turtlesim -DCMAKE_INSTALL_PREFIX=/home/sahruday/ros2_ws/install/turtlesim
[1.818s] -- The C compiler identification is GNU 11.3.0
[1.900s] -- The CXX compiler identification is GNU 11.3.0
[1.912s] -- Detecting C compiler ABI info
[2.044s] -- Detecting C compiler ABI info - done
[2.054s] -- Check for working C compiler: /usr/bin/cc - skipped
[2.055s] -- Detecting C compile features
[2.056s] -- Detecting C compile features - done
[2.059s] -- Detecting CXX compiler ABI info
[2.168s] -- Detecting CXX compiler ABI info - done
[2.181s] -- Check for working CXX compiler: /usr/bin/c++ - skipped
[2.181s] -- Detecting CXX compile features
[2.181s] -- Detecting CXX compile features - done
[2.203s] -- Found ament_cmake: 1.3.2 (/home/sahruday/ros2_humble/install/ament_cmake/share/ament_cmake/cmake)
[2.734s] -- Found Python3: /usr/bin/python3.10 (found version "3.10.6") found components: Interpreter 
[3.099s] -- Found ament_index_cpp: 1.4.0 (/home/sahruday/ros2_humble/install/ament_index_cpp/share/ament_index_cpp/cmake)
[3.107s] -- Found geometry_msgs: 4.2.2 (/home/sahruday/ros2_humble/install/geometry_msgs/share/geometry_msgs/cmake)
[3.230s] -- Found rosidl_generator_c: 3.1.3 (/home/sahruday/ros2_humble/install/rosidl_generator_c/share/rosidl_generator_c/cmake)
[3.251s] -- Found rosidl_adapter: 3.1.3 (/home/sahruday/ros2_humble/install/rosidl_adapter/share/rosidl_adapter/cmake)
[3.275s] -- Found rosidl_generator_cpp: 3.1.3 (/home/sahruday/ros2_humble/install/rosidl_generator_cpp/share/rosidl_generator_cpp/cmake)
[3.325s] -- Using all available rosidl_typesupport_c: rosidl_typesupport_introspection_c;rosidl_typesupport_fastrtps_c
[3.385s] -- Using all available rosidl_typesupport_cpp: rosidl_typesupport_introspection_cpp;rosidl_typesupport_fastrtps_cpp
[3.547s] -- Found rclcpp: 16.0.1 (/home/sahruday/ros2_humble/install/rclcpp/share/rclcpp/cmake)
[3.643s] -- Found rmw_implementation_cmake: 6.1.0 (/home/sahruday/ros2_humble/install/rmw_implementation_cmake/share/rmw_implementation_cmake/cmake)
[3.667s] -- Found rmw_fastrtps_cpp: 6.2.1 (/home/sahruday/ros2_humble/install/rmw_fastrtps_cpp/share/rmw_fastrtps_cpp/cmake)
[3.840s] -- Found OpenSSL: /usr/lib/x86_64-linux-gnu/libcrypto.so (found version "3.0.2")  
[3.881s] -- Found FastRTPS: /home/sahruday/ros2_humble/install/fastrtps/include  
[3.963s] -- Using RMW implementation 'rmw_fastrtps_cpp' as default
[4.003s] -- Looking for pthread.h
[4.080s] -- Looking for pthread.h - found
[4.080s] -- Performing Test CMAKE_HAVE_LIBC_PTHREAD
[4.160s] -- Performing Test CMAKE_HAVE_LIBC_PTHREAD - Success
[4.160s] -- Found Threads: TRUE  
[4.286s] -- Found rclcpp_action: 16.0.1 (/home/sahruday/ros2_humble/install/rclcpp_action/share/rclcpp_action/cmake)
[4.364s] -- Found rosidl_default_generators: 1.2.0 (/home/sahruday/ros2_humble/install/rosidl_default_generators/share/rosidl_default_generators/cmake)
[4.441s] -- Found std_srvs: 4.2.2 (/home/sahruday/ros2_humble/install/std_srvs/share/std_srvs/cmake)
[4.985s] -- Found ament_cmake_ros: 0.10.0 (/home/sahruday/ros2_humble/install/ament_cmake_ros/share/ament_cmake_ros/cmake)
[5.673s] -- Using all available rosidl_typesupport_c: rosidl_typesupport_introspection_c;rosidl_typesupport_fastrtps_c
[5.944s] -- Using all available rosidl_typesupport_cpp: rosidl_typesupport_introspection_cpp;rosidl_typesupport_fastrtps_cpp
[6.003s] -- Found PythonInterp: /usr/bin/python3 (found suitable version "3.10.6", minimum required is "3.6") 
[6.014s] -- Found python_cmake_module: 0.10.0 (/home/sahruday/ros2_humble/install/python_cmake_module/share/python_cmake_module/cmake)
[6.074s] -- Found PythonLibs: /usr/lib/x86_64-linux-gnu/libpython3.10.so (found suitable version "3.10.6", minimum required is "3.5") 
[6.074s] -- Using PYTHON_EXECUTABLE: /usr/bin/python3
[6.074s] -- Using PYTHON_INCLUDE_DIRS: /usr/include/python3.10
[6.074s] -- Using PYTHON_LIBRARIES: /usr/lib/x86_64-linux-gnu/libpython3.10.so
[6.121s] -- Found PythonExtra: .so  
[6.663s] -- Configuring done
[6.715s] -- Generating done
[6.717s] -- Build files have been written to: /home/sahruday/ros2_ws/build/turtlesim
[6.726s] Invoked command in '/home/sahruday/ros2_ws/build/turtlesim' returned '0': CMAKE_PREFIX_PATH=${CMAKE_PREFIX_PATH}:/home/sahruday/ros2_humble/install/rqt_bag_plugins:/home/sahruday/ros2_humble/install/rqt_bag:/home/sahruday/ros2_humble/install/ros2bag:/home/sahruday/ros2_humble/install/tracetools_test:/home/sahruday/ros2_humble/install/tracetools_launch:/home/sahruday/ros2_humble/install/topic_monitor:/home/sahruday/ros2_humble/install/tf2_tools:/home/sahruday/ros2_humble/install/examples_tf2_py:/home/sahruday/ros2_humble/install/tf2_ros_py:/home/sahruday/ros2_humble/install/sros2:/home/sahruday/ros2_humble/install/rqt_topic:/home/sahruday/ros2_humble/install/rqt_srv:/home/sahruday/ros2_humble/install/rqt_shell:/home/sahruday/ros2_humble/install/rqt_service_caller:/home/sahruday/ros2_humble/install/rqt_reconfigure:/home/sahruday/ros2_humble/install/rqt_py_console:/home/sahruday/ros2_humble/install/rqt_publisher:/home/sahruday/ros2_humble/install/rqt_plot:/home/sahruday/ros2_humble/install/rqt_action:/home/sahruday/ros2_humble/install/rqt_msg:/home/sahruday/ros2_humble/install/rqt_console:/home/sahruday/ros2_humble/install/rqt:/home/sahruday/ros2_humble/install/rqt_graph:/home/sahruday/ros2_humble/install/rqt_gui_py:/home/sahruday/ros2_humble/install/rqt_gui:/home/sahruday/ros2_humble/install/ros2trace:/home/sahruday/ros2_humble/install/ros2topic:/home/sahruday/ros2_humble/install/ros2test:/home/sahruday/ros2_humble/install/ros2component:/home/sahruday/ros2_humble/install/ros2param:/home/sahruday/ros2_humble/install/ros2lifecycle:/home/sahruday/ros2_humble/install/ros2service:/home/sahruday/ros2_humble/install/ros2run:/home/sahruday/ros2_humble/install/ros2launch:/home/sahruday/ros2_humble/install/ros2pkg:/home/sahruday/ros2_humble/install/ros2node:/home/sahruday/ros2_humble/install/ros2multicast:/home/sahruday/ros2_humble/install/ros2interface:/home/sahruday/ros2_humble/install/ros2doctor:/home/sahruday/ros2_humble/install/ros2action:/home/sahruday/ros2_humble/install/ros2cli:/home/sahruday/ros2_humble/install/quality_of_service_demo_py:/home/sahruday/ros2_humble/install/lifecycle_py:/home/sahruday/ros2_humble/install/launch_testing_ros:/home/sahruday/ros2_humble/install/launch_ros:/home/sahruday/ros2_humble/install/examples_rclpy_pointcloud_publisher:/home/sahruday/ros2_humble/install/examples_rclpy_minimal_subscriber:/home/sahruday/ros2_humble/install/examples_rclpy_minimal_service:/home/sahruday/ros2_humble/install/examples_rclpy_minimal_publisher:/home/sahruday/ros2_humble/install/examples_rclpy_minimal_client:/home/sahruday/ros2_humble/install/examples_rclpy_minimal_action_server:/home/sahruday/ros2_humble/install/examples_rclpy_minimal_action_client:/home/sahruday/ros2_humble/install/examples_rclpy_guard_conditions:/home/sahruday/ros2_humble/install/examples_rclpy_executors:/home/sahruday/ros2_humble/install/demo_nodes_py:/home/sahruday/ros2_humble/install/action_tutorials_py:/home/sahruday/ros2_humble/install/ament_uncrustify:/home/sahruday/ros2_humble/install/tracetools_trace:/home/sahruday/ros2_humble/install/tracetools_read:/home/sahruday/ros2_humble/install/test_tracetools_launch:/home/sahruday/ros2_humble/install/test_launch_ros:/home/sahruday/ros2_humble/install/sensor_msgs_py:/home/sahruday/ros2_humble/install/rpyutils:/home/sahruday/ros2_humble/install/rosidl_runtime_py:/home/sahruday/ros2_humble/install/rosidl_cli:/home/sahruday/ros2_humble/install/launch_pytest:/home/sahruday/ros2_humble/install/launch_testing:/home/sahruday/ros2_humble/install/launch_yaml:/home/sahruday/ros2_humble/install/launch_xml:/home/sahruday/ros2_humble/install/launch:/home/sahruday/ros2_humble/install/osrf_pycommon:/home/sahruday/ros2_humble/install/launch_testing_examples:/home/sahruday/ros2_humble/install/domain_coordinator:/home/sahruday/ros2_humble/install/ament_xmllint:/home/sahruday/ros2_humble/install/ament_pyflakes:/home/sahruday/ros2_humble/install/ament_pycodestyle:/home/sahruday/ros2_humble/install/ament_pep257:/home/sahruday/ros2_humble/install/ament_pclint:/home/sahruday/ros2_humble/install/ament_package:/home/sahruday/ros2_humble/install/ament_mypy:/home/sahruday/ros2_humble/install/ament_lint_cmake:/home/sahruday/ros2_humble/install/ament_flake8:/home/sahruday/ros2_humble/install/ament_copyright:/home/sahruday/ros2_humble/install/ament_lint:/home/sahruday/ros2_humble/install/ament_index_python:/home/sahruday/ros2_humble/install/ament_cpplint:/home/sahruday/ros2_humble/install/ament_cppcheck:/home/sahruday/ros2_humble/install/ament_clang_tidy:/home/sahruday/ros2_humble/install/ament_clang_format /usr/bin/cmake /home/sahruday/ros2_ws/src/ros_tutorials/turtlesim -DCMAKE_INSTALL_PREFIX=/home/sahruday/ros2_ws/install/turtlesim
[6.727s] Invoking command in '/home/sahruday/ros2_ws/build/turtlesim': CMAKE_PREFIX_PATH=${CMAKE_PREFIX_PATH}:/home/sahruday/ros2_humble/install/rqt_bag_plugins:/home/sahruday/ros2_humble/install/rqt_bag:/home/sahruday/ros2_humble/install/ros2bag:/home/sahruday/ros2_humble/install/tracetools_test:/home/sahruday/ros2_humble/install/tracetools_launch:/home/sahruday/ros2_humble/install/topic_monitor:/home/sahruday/ros2_humble/install/tf2_tools:/home/sahruday/ros2_humble/install/examples_tf2_py:/home/sahruday/ros2_humble/install/tf2_ros_py:/home/sahruday/ros2_humble/install/sros2:/home/sahruday/ros2_humble/install/rqt_topic:/home/sahruday/ros2_humble/install/rqt_srv:/home/sahruday/ros2_humble/install/rqt_shell:/home/sahruday/ros2_humble/install/rqt_service_caller:/home/sahruday/ros2_humble/install/rqt_reconfigure:/home/sahruday/ros2_humble/install/rqt_py_console:/home/sahruday/ros2_humble/install/rqt_publisher:/home/sahruday/ros2_humble/install/rqt_plot:/home/sahruday/ros2_humble/install/rqt_action:/home/sahruday/ros2_humble/install/rqt_msg:/home/sahruday/ros2_humble/install/rqt_console:/home/sahruday/ros2_humble/install/rqt:/home/sahruday/ros2_humble/install/rqt_graph:/home/sahruday/ros2_humble/install/rqt_gui_py:/home/sahruday/ros2_humble/install/rqt_gui:/home/sahruday/ros2_humble/install/ros2trace:/home/sahruday/ros2_humble/install/ros2topic:/home/sahruday/ros2_humble/install/ros2test:/home/sahruday/ros2_humble/install/ros2component:/home/sahruday/ros2_humble/install/ros2param:/home/sahruday/ros2_humble/install/ros2lifecycle:/home/sahruday/ros2_humble/install/ros2service:/home/sahruday/ros2_humble/install/ros2run:/home/sahruday/ros2_humble/install/ros2launch:/home/sahruday/ros2_humble/install/ros2pkg:/home/sahruday/ros2_humble/install/ros2node:/home/sahruday/ros2_humble/install/ros2multicast:/home/sahruday/ros2_humble/install/ros2interface:/home/sahruday/ros2_humble/install/ros2doctor:/home/sahruday/ros2_humble/install/ros2action:/home/sahruday/ros2_humble/install/ros2cli:/home/sahruday/ros2_humble/install/quality_of_service_demo_py:/home/sahruday/ros2_humble/install/lifecycle_py:/home/sahruday/ros2_humble/install/launch_testing_ros:/home/sahruday/ros2_humble/install/launch_ros:/home/sahruday/ros2_humble/install/examples_rclpy_pointcloud_publisher:/home/sahruday/ros2_humble/install/examples_rclpy_minimal_subscriber:/home/sahruday/ros2_humble/install/examples_rclpy_minimal_service:/home/sahruday/ros2_humble/install/examples_rclpy_minimal_publisher:/home/sahruday/ros2_humble/install/examples_rclpy_minimal_client:/home/sahruday/ros2_humble/install/examples_rclpy_minimal_action_server:/home/sahruday/ros2_humble/install/examples_rclpy_minimal_action_client:/home/sahruday/ros2_humble/install/examples_rclpy_guard_conditions:/home/sahruday/ros2_humble/install/examples_rclpy_executors:/home/sahruday/ros2_humble/install/demo_nodes_py:/home/sahruday/ros2_humble/install/action_tutorials_py:/home/sahruday/ros2_humble/install/ament_uncrustify:/home/sahruday/ros2_humble/install/tracetools_trace:/home/sahruday/ros2_humble/install/tracetools_read:/home/sahruday/ros2_humble/install/test_tracetools_launch:/home/sahruday/ros2_humble/install/test_launch_ros:/home/sahruday/ros2_humble/install/sensor_msgs_py:/home/sahruday/ros2_humble/install/rpyutils:/home/sahruday/ros2_humble/install/rosidl_runtime_py:/home/sahruday/ros2_humble/install/rosidl_cli:/home/sahruday/ros2_humble/install/launch_pytest:/home/sahruday/ros2_humble/install/launch_testing:/home/sahruday/ros2_humble/install/launch_yaml:/home/sahruday/ros2_humble/install/launch_xml:/home/sahruday/ros2_humble/install/launch:/home/sahruday/ros2_humble/install/osrf_pycommon:/home/sahruday/ros2_humble/install/launch_testing_examples:/home/sahruday/ros2_humble/install/domain_coordinator:/home/sahruday/ros2_humble/install/ament_xmllint:/home/sahruday/ros2_humble/install/ament_pyflakes:/home/sahruday/ros2_humble/install/ament_pycodestyle:/home/sahruday/ros2_humble/install/ament_pep257:/home/sahruday/ros2_humble/install/ament_pclint:/home/sahruday/ros2_humble/install/ament_package:/home/sahruday/ros2_humble/install/ament_mypy:/home/sahruday/ros2_humble/install/ament_lint_cmake:/home/sahruday/ros2_humble/install/ament_flake8:/home/sahruday/ros2_humble/install/ament_copyright:/home/sahruday/ros2_humble/install/ament_lint:/home/sahruday/ros2_humble/install/ament_index_python:/home/sahruday/ros2_humble/install/ament_cpplint:/home/sahruday/ros2_humble/install/ament_cppcheck:/home/sahruday/ros2_humble/install/ament_clang_tidy:/home/sahruday/ros2_humble/install/ament_clang_format /usr/bin/cmake --build /home/sahruday/ros2_ws/build/turtlesim -- -j16 -l16
[6.776s] [  1%] [34m[1mGenerating C code for ROS interfaces[0m
[6.788s] [  2%] [34m[1mGenerating C++ code for ROS interfaces[0m
[6.799s] [  2%] Built target ament_cmake_python_copy_turtlesim
[7.104s] running egg_info
[7.104s] creating turtlesim.egg-info
[7.104s] writing turtlesim.egg-info/PKG-INFO
[7.104s] writing dependency_links to turtlesim.egg-info/dependency_links.txt
[7.104s] writing top-level names to turtlesim.egg-info/top_level.txt
[7.104s] writing manifest file 'turtlesim.egg-info/SOURCES.txt'
[7.106s] reading manifest file 'turtlesim.egg-info/SOURCES.txt'
[7.106s] writing manifest file 'turtlesim.egg-info/SOURCES.txt'
[7.129s] [  2%] Built target ament_cmake_python_build_turtlesim_egg
[7.495s] [  2%] Built target turtlesim__cpp
[7.516s] [  4%] [34m[1mGenerating C++ type support dispatch for ROS interfaces[0m
[7.516s] [  4%] [34m[1mGenerating C++ introspection for ROS interfaces[0m
[7.516s] [  5%] [34m[1mGenerating C++ type support for eProsima Fast-RTPS[0m
[7.539s] [ 10%] [32mBuilding C object CMakeFiles/turtlesim__rosidl_generator_c.dir/rosidl_generator_c/turtlesim/msg/detail/color__functions.c.o[0m
[7.539s] [ 10%] [32mBuilding C object CMakeFiles/turtlesim__rosidl_generator_c.dir/rosidl_generator_c/turtlesim/srv/detail/kill__functions.c.o[0m
[7.539s] [ 10%] [32mBuilding C object CMakeFiles/turtlesim__rosidl_generator_c.dir/rosidl_generator_c/turtlesim/srv/detail/spawn__functions.c.o[0m
[7.539s] [ 10%] [32mBuilding C object CMakeFiles/turtlesim__rosidl_generator_c.dir/rosidl_generator_c/turtlesim/srv/detail/set_pen__functions.c.o[0m
[7.539s] [ 10%] [32mBuilding C object CMakeFiles/turtlesim__rosidl_generator_c.dir/rosidl_generator_c/turtlesim/msg/detail/pose__functions.c.o[0m
[7.542s] [ 11%] [32mBuilding C object CMakeFiles/turtlesim__rosidl_generator_c.dir/rosidl_generator_c/turtlesim/action/detail/rotate_absolute__functions.c.o[0m
[7.544s] [ 12%] [32mBuilding C object CMakeFiles/turtlesim__rosidl_generator_c.dir/rosidl_generator_c/turtlesim/srv/detail/teleport_absolute__functions.c.o[0m
[7.546s] [ 13%] [32mBuilding C object CMakeFiles/turtlesim__rosidl_generator_c.dir/rosidl_generator_c/turtlesim/srv/detail/teleport_relative__functions.c.o[0m
[7.666s] [ 14%] [32m[1mLinking C shared library libturtlesim__rosidl_generator_c.so[0m
[7.705s] [ 14%] Built target turtlesim__rosidl_generator_c
[7.719s] [ 17%] [34m[1mGenerating C introspection for ROS interfaces[0m
[7.719s] [ 17%] [34m[1mGenerating C type support dispatch for ROS interfaces[0m
[7.719s] [ 17%] [34m[1mGenerating C type support for eProsima Fast-RTPS[0m
[8.021s] [ 21%] [32mBuilding CXX object CMakeFiles/turtlesim__rosidl_typesupport_cpp.dir/rosidl_typesupport_cpp/turtlesim/srv/kill__type_support.cpp.o[0m
[8.021s] [ 21%] [32mBuilding CXX object CMakeFiles/turtlesim__rosidl_typesupport_cpp.dir/rosidl_typesupport_cpp/turtlesim/msg/pose__type_support.cpp.o[0m
[8.021s] [ 21%] [32mBuilding CXX object CMakeFiles/turtlesim__rosidl_typesupport_cpp.dir/rosidl_typesupport_cpp/turtlesim/srv/set_pen__type_support.cpp.o[0m
[8.021s] [ 21%] [32mBuilding CXX object CMakeFiles/turtlesim__rosidl_typesupport_cpp.dir/rosidl_typesupport_cpp/turtlesim/srv/spawn__type_support.cpp.o[0m
[8.022s] [ 22%] [32mBuilding CXX object CMakeFiles/turtlesim__rosidl_typesupport_cpp.dir/rosidl_typesupport_cpp/turtlesim/srv/teleport_absolute__type_support.cpp.o[0m
[8.022s] [ 23%] [32mBuilding CXX object CMakeFiles/turtlesim__rosidl_typesupport_cpp.dir/rosidl_typesupport_cpp/turtlesim/srv/teleport_relative__type_support.cpp.o[0m
[8.022s] [ 25%] [32mBuilding CXX object CMakeFiles/turtlesim__rosidl_typesupport_cpp.dir/rosidl_typesupport_cpp/turtlesim/action/rotate_absolute__type_support.cpp.o[0m
[8.022s] [ 25%] [32mBuilding CXX object CMakeFiles/turtlesim__rosidl_typesupport_cpp.dir/rosidl_typesupport_cpp/turtlesim/msg/color__type_support.cpp.o[0m
[8.192s] [ 26%] [32mBuilding CXX object CMakeFiles/turtlesim__rosidl_typesupport_introspection_cpp.dir/rosidl_typesupport_introspection_cpp/turtlesim/action/detail/rotate_absolute__type_support.cpp.o[0m
[8.208s] [ 27%] [32mBuilding CXX object CMakeFiles/turtlesim__rosidl_typesupport_introspection_cpp.dir/rosidl_typesupport_introspection_cpp/turtlesim/msg/detail/pose__type_support.cpp.o[0m
[8.213s] [ 28%] [32mBuilding CXX object CMakeFiles/turtlesim__rosidl_typesupport_introspection_cpp.dir/rosidl_typesupport_introspection_cpp/turtlesim/msg/detail/color__type_support.cpp.o[0m
[8.334s] [ 29%] [32mBuilding CXX object CMakeFiles/turtlesim__rosidl_typesupport_introspection_cpp.dir/rosidl_typesupport_introspection_cpp/turtlesim/srv/detail/kill__type_support.cpp.o[0m
[8.345s] [ 30%] [32mBuilding CXX object CMakeFiles/turtlesim__rosidl_typesupport_introspection_cpp.dir/rosidl_typesupport_introspection_cpp/turtlesim/srv/detail/set_pen__type_support.cpp.o[0m
[8.365s] [ 31%] [32mBuilding CXX object CMakeFiles/turtlesim__rosidl_typesupport_fastrtps_cpp.dir/rosidl_typesupport_fastrtps_cpp/turtlesim/action/detail/dds_fastrtps/rotate_absolute__type_support.cpp.o[0m
[8.378s] [ 32%] [32mBuilding CXX object CMakeFiles/turtlesim__rosidl_typesupport_fastrtps_cpp.dir/rosidl_typesupport_fastrtps_cpp/turtlesim/msg/detail/dds_fastrtps/color__type_support.cpp.o[0m
[8.379s] [ 34%] [32mBuilding CXX object CMakeFiles/turtlesim__rosidl_typesupport_introspection_cpp.dir/rosidl_typesupport_introspection_cpp/turtlesim/srv/detail/spawn__type_support.cpp.o[0m
[8.379s] [ 34%] [32mBuilding CXX object CMakeFiles/turtlesim__rosidl_typesupport_introspection_cpp.dir/rosidl_typesupport_introspection_cpp/turtlesim/srv/detail/teleport_relative__type_support.cpp.o[0m
[8.379s] [ 35%] [32mBuilding CXX object CMakeFiles/turtlesim__rosidl_typesupport_introspection_cpp.dir/rosidl_typesupport_introspection_cpp/turtlesim/srv/detail/teleport_absolute__type_support.cpp.o[0m
[8.404s] [ 36%] [32mBuilding CXX object CMakeFiles/turtlesim__rosidl_typesupport_fastrtps_cpp.dir/rosidl_typesupport_fastrtps_cpp/turtlesim/srv/detail/dds_fastrtps/kill__type_support.cpp.o[0m
[8.407s] [ 37%] [32mBuilding CXX object CMakeFiles/turtlesim__rosidl_typesupport_fastrtps_cpp.dir/rosidl_typesupport_fastrtps_cpp/turtlesim/msg/detail/dds_fastrtps/pose__type_support.cpp.o[0m
[8.462s] [ 38%] [32mBuilding CXX object CMakeFiles/turtlesim__rosidl_typesupport_c.dir/rosidl_typesupport_c/turtlesim/action/rotate_absolute__type_support.cpp.o[0m
[8.575s] [ 39%] [32mBuilding CXX object CMakeFiles/turtlesim__rosidl_typesupport_c.dir/rosidl_typesupport_c/turtlesim/msg/color__type_support.cpp.o[0m
[8.642s] [ 40%] [32mBuilding CXX object CMakeFiles/turtlesim__rosidl_typesupport_c.dir/rosidl_typesupport_c/turtlesim/msg/pose__type_support.cpp.o[0m
[8.706s] [ 41%] [32m[1mLinking CXX shared library libturtlesim__rosidl_typesupport_cpp.so[0m
[8.724s] [ 42%] [32mBuilding CXX object CMakeFiles/turtlesim__rosidl_typesupport_c.dir/rosidl_typesupport_c/turtlesim/srv/kill__type_support.cpp.o[0m
[8.793s] [ 42%] Built target turtlesim__rosidl_typesupport_cpp
[8.804s] [ 43%] [32mBuilding CXX object CMakeFiles/turtlesim__rosidl_typesupport_c.dir/rosidl_typesupport_c/turtlesim/srv/set_pen__type_support.cpp.o[0m
[8.816s] [ 44%] [32mBuilding CXX object CMakeFiles/turtlesim__rosidl_typesupport_c.dir/rosidl_typesupport_c/turtlesim/srv/spawn__type_support.cpp.o[0m
[8.835s] [ 45%] [32mBuilding CXX object CMakeFiles/turtlesim__rosidl_typesupport_c.dir/rosidl_typesupport_c/turtlesim/srv/teleport_relative__type_support.cpp.o[0m
[8.836s] [ 46%] [32mBuilding CXX object CMakeFiles/turtlesim__rosidl_typesupport_c.dir/rosidl_typesupport_c/turtlesim/srv/teleport_absolute__type_support.cpp.o[0m
[8.873s] [ 48%] [32mBuilding CXX object CMakeFiles/turtlesim__rosidl_typesupport_fastrtps_c.dir/rosidl_typesupport_fastrtps_c/turtlesim/action/detail/rotate_absolute__type_support_c.cpp.o[0m
[8.873s] [ 48%] [34m[1mGenerating include/turtlesim/moc_turtle_frame.cpp[0m
[8.896s] [ 50%] [32mBuilding C object CMakeFiles/turtlesim__rosidl_typesupport_introspection_c.dir/rosidl_typesupport_introspection_c/turtlesim/action/detail/rotate_absolute__type_support.c.o[0m
[8.896s] [ 50%] [32mBuilding CXX object CMakeFiles/turtlesim__rosidl_typesupport_fastrtps_c.dir/rosidl_typesupport_fastrtps_c/turtlesim/msg/detail/color__type_support_c.cpp.o[0m
[8.896s] [ 51%] [32mBuilding C object CMakeFiles/turtlesim__rosidl_typesupport_introspection_c.dir/rosidl_typesupport_introspection_c/turtlesim/msg/detail/color__type_support.c.o[0m
[8.905s] [ 52%] [32m[1mLinking CXX shared library libturtlesim__rosidl_typesupport_c.so[0m
[8.920s] [ 53%] [32mBuilding CXX object CMakeFiles/turtlesim__rosidl_typesupport_fastrtps_cpp.dir/rosidl_typesupport_fastrtps_cpp/turtlesim/srv/detail/dds_fastrtps/set_pen__type_support.cpp.o[0m
[8.927s] [ 54%] [32mBuilding CXX object CMakeFiles/turtlesim__rosidl_typesupport_fastrtps_cpp.dir/rosidl_typesupport_fastrtps_cpp/turtlesim/srv/detail/dds_fastrtps/spawn__type_support.cpp.o[0m
[8.933s] [ 55%] [32mBuilding CXX object CMakeFiles/turtlesim__rosidl_typesupport_fastrtps_c.dir/rosidl_typesupport_fastrtps_c/turtlesim/msg/detail/pose__type_support_c.cpp.o[0m
[8.938s] [ 56%] [32mBuilding C object CMakeFiles/turtlesim__rosidl_typesupport_introspection_c.dir/rosidl_typesupport_introspection_c/turtlesim/msg/detail/pose__type_support.c.o[0m
[8.967s] [ 57%] [32mBuilding C object CMakeFiles/turtlesim__rosidl_typesupport_introspection_c.dir/rosidl_typesupport_introspection_c/turtlesim/srv/detail/kill__type_support.c.o[0m
[8.967s] [ 58%] [32mBuilding CXX object CMakeFiles/turtlesim__rosidl_typesupport_fastrtps_c.dir/rosidl_typesupport_fastrtps_c/turtlesim/srv/detail/kill__type_support_c.cpp.o[0m
[8.987s] [ 59%] [32mBuilding C object CMakeFiles/turtlesim__rosidl_typesupport_introspection_c.dir/rosidl_typesupport_introspection_c/turtlesim/srv/detail/set_pen__type_support.c.o[0m
[9.011s] [ 60%] [32mBuilding CXX object CMakeFiles/turtlesim__rosidl_typesupport_fastrtps_cpp.dir/rosidl_typesupport_fastrtps_cpp/turtlesim/srv/detail/dds_fastrtps/teleport_absolute__type_support.cpp.o[0m
[9.012s] [ 61%] [32mBuilding C object CMakeFiles/turtlesim__rosidl_typesupport_introspection_c.dir/rosidl_typesupport_introspection_c/turtlesim/srv/detail/spawn__type_support.c.o[0m
[9.025s] [ 62%] [32mBuilding C object CMakeFiles/turtlesim__rosidl_typesupport_introspection_c.dir/rosidl_typesupport_introspection_c/turtlesim/srv/detail/teleport_absolute__type_support.c.o[0m
[9.026s] [ 63%] [32mBuilding CXX object CMakeFiles/turtlesim__rosidl_typesupport_fastrtps_cpp.dir/rosidl_typesupport_fastrtps_cpp/turtlesim/srv/detail/dds_fastrtps/teleport_relative__type_support.cpp.o[0m
[9.026s] [ 63%] Built target turtlesim__rosidl_typesupport_c
[9.053s] [ 65%] [32mBuilding CXX object CMakeFiles/turtlesim_node.dir/src/turtle.cpp.o[0m
[9.053s] [ 65%] [32mBuilding CXX object CMakeFiles/turtlesim_node.dir/src/turtlesim.cpp.o[0m
[9.078s] [ 66%] [32mBuilding C object CMakeFiles/turtlesim__rosidl_typesupport_introspection_c.dir/rosidl_typesupport_introspection_c/turtlesim/srv/detail/teleport_relative__type_support.c.o[0m
[9.099s] [ 67%] [32mBuilding CXX object CMakeFiles/turtle_teleop_key.dir/tutorials/teleop_turtle_key.cpp.o[0m
[9.100s] [ 68%] [32mBuilding CXX object CMakeFiles/turtlesim_node.dir/src/turtle_frame.cpp.o[0m
[9.108s] [ 69%] [32mBuilding CXX object CMakeFiles/turtlesim_node.dir/include/turtlesim/moc_turtle_frame.cpp.o[0m
[9.110s] [ 70%] [32m[1mLinking CXX shared library libturtlesim__rosidl_typesupport_introspection_cpp.so[0m
[9.170s] [ 71%] [32m[1mLinking C shared library libturtlesim__rosidl_typesupport_introspection_c.so[0m
[9.253s] [ 72%] [32mBuilding CXX object CMakeFiles/draw_square.dir/tutorials/draw_square.cpp.o[0m
[9.257s] [ 72%] Built target turtlesim__rosidl_typesupport_introspection_c
[9.329s] [ 73%] [32mBuilding CXX object CMakeFiles/mimic.dir/tutorials/mimic.cpp.o[0m
[9.334s] [ 73%] Built target turtlesim__rosidl_typesupport_introspection_cpp
[9.359s] [ 74%] [32mBuilding CXX object CMakeFiles/turtlesim__rosidl_typesupport_fastrtps_c.dir/rosidl_typesupport_fastrtps_c/turtlesim/srv/detail/set_pen__type_support_c.cpp.o[0m
[9.366s] [ 75%] [32mBuilding CXX object CMakeFiles/turtlesim__rosidl_typesupport_fastrtps_c.dir/rosidl_typesupport_fastrtps_c/turtlesim/srv/detail/spawn__type_support_c.cpp.o[0m
[9.445s] [ 76%] [32mBuilding CXX object CMakeFiles/turtlesim__rosidl_typesupport_fastrtps_c.dir/rosidl_typesupport_fastrtps_c/turtlesim/srv/detail/teleport_absolute__type_support_c.cpp.o[0m
[9.457s] [ 77%] [32mBuilding CXX object CMakeFiles/turtlesim__rosidl_typesupport_fastrtps_c.dir/rosidl_typesupport_fastrtps_c/turtlesim/srv/detail/teleport_relative__type_support_c.cpp.o[0m
[9.614s] [ 78%] [32m[1mLinking CXX shared library libturtlesim__rosidl_typesupport_fastrtps_cpp.so[0m
[9.717s] [ 78%] Built target turtlesim__rosidl_typesupport_fastrtps_cpp
[9.893s] [ 79%] [32m[1mLinking CXX shared library libturtlesim__rosidl_typesupport_fastrtps_c.so[0m
[9.975s] [ 79%] Built target turtlesim__rosidl_typesupport_fastrtps_c
[10.006s] [ 79%] Built target turtlesim
[10.037s] [ 80%] [34m[1mGenerating Python code for ROS interfaces[0m
[11.685s] [ 80%] Built target turtlesim__py
[11.728s] [ 88%] [32mBuilding C object CMakeFiles/turtlesim__rosidl_generator_py.dir/rosidl_generator_py/turtlesim/srv/_kill_s.c.o[0m
[11.729s] [ 88%] [32mBuilding C object CMakeFiles/turtlesim__rosidl_generator_py.dir/rosidl_generator_py/turtlesim/srv/_set_pen_s.c.o[0m
[11.729s] [ 88%] [32mBuilding C object CMakeFiles/turtlesim__rosidl_generator_py.dir/rosidl_generator_py/turtlesim/srv/_spawn_s.c.o[0m
[11.729s] [ 88%] [32mBuilding C object CMakeFiles/turtlesim__rosidl_generator_py.dir/rosidl_generator_py/turtlesim/msg/_color_s.c.o[0m
[11.729s] [ 88%] [32mBuilding C object CMakeFiles/turtlesim__rosidl_generator_py.dir/rosidl_generator_py/turtlesim/msg/_pose_s.c.o[0m
[11.729s] [ 88%] [32mBuilding C object CMakeFiles/turtlesim__rosidl_generator_py.dir/rosidl_generator_py/turtlesim/action/_rotate_absolute_s.c.o[0m
[11.729s] [ 88%] [32mBuilding C object CMakeFiles/turtlesim__rosidl_generator_py.dir/rosidl_generator_py/turtlesim/srv/_teleport_absolute_s.c.o[0m
[11.729s] [ 88%] [32mBuilding C object CMakeFiles/turtlesim__rosidl_generator_py.dir/rosidl_generator_py/turtlesim/srv/_teleport_relative_s.c.o[0m
[11.916s] [ 89%] [32m[1mLinking C shared library rosidl_generator_py/turtlesim/libturtlesim__rosidl_generator_py.so[0m
[11.963s] [ 89%] Built target turtlesim__rosidl_generator_py
[11.996s] [ 90%] [32mBuilding C object CMakeFiles/turtlesim__rosidl_typesupport_fastrtps_c__pyext.dir/rosidl_generator_py/turtlesim/_turtlesim_s.ep.rosidl_typesupport_fastrtps_c.c.o[0m
[12.007s] [ 91%] [32mBuilding C object CMakeFiles/turtlesim__rosidl_typesupport_introspection_c__pyext.dir/rosidl_generator_py/turtlesim/_turtlesim_s.ep.rosidl_typesupport_introspection_c.c.o[0m
[12.008s] [ 92%] [32mBuilding C object CMakeFiles/turtlesim__rosidl_typesupport_c__pyext.dir/rosidl_generator_py/turtlesim/_turtlesim_s.ep.rosidl_typesupport_c.c.o[0m
[12.127s] [ 93%] [32m[1mLinking C shared library rosidl_generator_py/turtlesim/turtlesim_s__rosidl_typesupport_fastrtps_c.cpython-310-x86_64-linux-gnu.so[0m
[12.174s] [ 93%] Built target turtlesim__rosidl_typesupport_fastrtps_c__pyext
[12.199s] [ 94%] [32m[1mLinking C shared library rosidl_generator_py/turtlesim/turtlesim_s__rosidl_typesupport_introspection_c.cpython-310-x86_64-linux-gnu.so[0m
[12.208s] [ 95%] [32m[1mLinking C shared library rosidl_generator_py/turtlesim/turtlesim_s__rosidl_typesupport_c.cpython-310-x86_64-linux-gnu.so[0m
[12.254s] [ 95%] Built target turtlesim__rosidl_typesupport_introspection_c__pyext
[12.265s] [ 95%] Built target turtlesim__rosidl_typesupport_c__pyext
[14.312s] [ 96%] [32m[1mLinking CXX executable turtle_teleop_key[0m
[14.890s] [ 96%] Built target turtle_teleop_key
[16.538s] [ 97%] [32m[1mLinking CXX executable mimic[0m
[17.135s] [ 97%] Built target mimic
[17.221s] [ 98%] [32m[1mLinking CXX executable draw_square[0m
[17.798s] [ 98%] Built target draw_square
[19.317s] [100%] [32m[1mLinking CXX executable turtlesim_node[0m
[21.297s] [100%] Built target turtlesim_node
[21.311s] Invoked command in '/home/sahruday/ros2_ws/build/turtlesim' returned '0': CMAKE_PREFIX_PATH=${CMAKE_PREFIX_PATH}:/home/sahruday/ros2_humble/install/rqt_bag_plugins:/home/sahruday/ros2_humble/install/rqt_bag:/home/sahruday/ros2_humble/install/ros2bag:/home/sahruday/ros2_humble/install/tracetools_test:/home/sahruday/ros2_humble/install/tracetools_launch:/home/sahruday/ros2_humble/install/topic_monitor:/home/sahruday/ros2_humble/install/tf2_tools:/home/sahruday/ros2_humble/install/examples_tf2_py:/home/sahruday/ros2_humble/install/tf2_ros_py:/home/sahruday/ros2_humble/install/sros2:/home/sahruday/ros2_humble/install/rqt_topic:/home/sahruday/ros2_humble/install/rqt_srv:/home/sahruday/ros2_humble/install/rqt_shell:/home/sahruday/ros2_humble/install/rqt_service_caller:/home/sahruday/ros2_humble/install/rqt_reconfigure:/home/sahruday/ros2_humble/install/rqt_py_console:/home/sahruday/ros2_humble/install/rqt_publisher:/home/sahruday/ros2_humble/install/rqt_plot:/home/sahruday/ros2_humble/install/rqt_action:/home/sahruday/ros2_humble/install/rqt_msg:/home/sahruday/ros2_humble/install/rqt_console:/home/sahruday/ros2_humble/install/rqt:/home/sahruday/ros2_humble/install/rqt_graph:/home/sahruday/ros2_humble/install/rqt_gui_py:/home/sahruday/ros2_humble/install/rqt_gui:/home/sahruday/ros2_humble/install/ros2trace:/home/sahruday/ros2_humble/install/ros2topic:/home/sahruday/ros2_humble/install/ros2test:/home/sahruday/ros2_humble/install/ros2component:/home/sahruday/ros2_humble/install/ros2param:/home/sahruday/ros2_humble/install/ros2lifecycle:/home/sahruday/ros2_humble/install/ros2service:/home/sahruday/ros2_humble/install/ros2run:/home/sahruday/ros2_humble/install/ros2launch:/home/sahruday/ros2_humble/install/ros2pkg:/home/sahruday/ros2_humble/install/ros2node:/home/sahruday/ros2_humble/install/ros2multicast:/home/sahruday/ros2_humble/install/ros2interface:/home/sahruday/ros2_humble/install/ros2doctor:/home/sahruday/ros2_humble/install/ros2action:/home/sahruday/ros2_humble/install/ros2cli:/home/sahruday/ros2_humble/install/quality_of_service_demo_py:/home/sahruday/ros2_humble/install/lifecycle_py:/home/sahruday/ros2_humble/install/launch_testing_ros:/home/sahruday/ros2_humble/install/launch_ros:/home/sahruday/ros2_humble/install/examples_rclpy_pointcloud_publisher:/home/sahruday/ros2_humble/install/examples_rclpy_minimal_subscriber:/home/sahruday/ros2_humble/install/examples_rclpy_minimal_service:/home/sahruday/ros2_humble/install/examples_rclpy_minimal_publisher:/home/sahruday/ros2_humble/install/examples_rclpy_minimal_client:/home/sahruday/ros2_humble/install/examples_rclpy_minimal_action_server:/home/sahruday/ros2_humble/install/examples_rclpy_minimal_action_client:/home/sahruday/ros2_humble/install/examples_rclpy_guard_conditions:/home/sahruday/ros2_humble/install/examples_rclpy_executors:/home/sahruday/ros2_humble/install/demo_nodes_py:/home/sahruday/ros2_humble/install/action_tutorials_py:/home/sahruday/ros2_humble/install/ament_uncrustify:/home/sahruday/ros2_humble/install/tracetools_trace:/home/sahruday/ros2_humble/install/tracetools_read:/home/sahruday/ros2_humble/install/test_tracetools_launch:/home/sahruday/ros2_humble/install/test_launch_ros:/home/sahruday/ros2_humble/install/sensor_msgs_py:/home/sahruday/ros2_humble/install/rpyutils:/home/sahruday/ros2_humble/install/rosidl_runtime_py:/home/sahruday/ros2_humble/install/rosidl_cli:/home/sahruday/ros2_humble/install/launch_pytest:/home/sahruday/ros2_humble/install/launch_testing:/home/sahruday/ros2_humble/install/launch_yaml:/home/sahruday/ros2_humble/install/launch_xml:/home/sahruday/ros2_humble/install/launch:/home/sahruday/ros2_humble/install/osrf_pycommon:/home/sahruday/ros2_humble/install/launch_testing_examples:/home/sahruday/ros2_humble/install/domain_coordinator:/home/sahruday/ros2_humble/install/ament_xmllint:/home/sahruday/ros2_humble/install/ament_pyflakes:/home/sahruday/ros2_humble/install/ament_pycodestyle:/home/sahruday/ros2_humble/install/ament_pep257:/home/sahruday/ros2_humble/install/ament_pclint:/home/sahruday/ros2_humble/install/ament_package:/home/sahruday/ros2_humble/install/ament_mypy:/home/sahruday/ros2_humble/install/ament_lint_cmake:/home/sahruday/ros2_humble/install/ament_flake8:/home/sahruday/ros2_humble/install/ament_copyright:/home/sahruday/ros2_humble/install/ament_lint:/home/sahruday/ros2_humble/install/ament_index_python:/home/sahruday/ros2_humble/install/ament_cpplint:/home/sahruday/ros2_humble/install/ament_cppcheck:/home/sahruday/ros2_humble/install/ament_clang_tidy:/home/sahruday/ros2_humble/install/ament_clang_format /usr/bin/cmake --build /home/sahruday/ros2_ws/build/turtlesim -- -j16 -l16
[21.744s] Invoking command in '/home/sahruday/ros2_ws/build/turtlesim': CMAKE_PREFIX_PATH=${CMAKE_PREFIX_PATH}:/home/sahruday/ros2_humble/install/rqt_bag_plugins:/home/sahruday/ros2_humble/install/rqt_bag:/home/sahruday/ros2_humble/install/ros2bag:/home/sahruday/ros2_humble/install/tracetools_test:/home/sahruday/ros2_humble/install/tracetools_launch:/home/sahruday/ros2_humble/install/topic_monitor:/home/sahruday/ros2_humble/install/tf2_tools:/home/sahruday/ros2_humble/install/examples_tf2_py:/home/sahruday/ros2_humble/install/tf2_ros_py:/home/sahruday/ros2_humble/install/sros2:/home/sahruday/ros2_humble/install/rqt_topic:/home/sahruday/ros2_humble/install/rqt_srv:/home/sahruday/ros2_humble/install/rqt_shell:/home/sahruday/ros2_humble/install/rqt_service_caller:/home/sahruday/ros2_humble/install/rqt_reconfigure:/home/sahruday/ros2_humble/install/rqt_py_console:/home/sahruday/ros2_humble/install/rqt_publisher:/home/sahruday/ros2_humble/install/rqt_plot:/home/sahruday/ros2_humble/install/rqt_action:/home/sahruday/ros2_humble/install/rqt_msg:/home/sahruday/ros2_humble/install/rqt_console:/home/sahruday/ros2_humble/install/rqt:/home/sahruday/ros2_humble/install/rqt_graph:/home/sahruday/ros2_humble/install/rqt_gui_py:/home/sahruday/ros2_humble/install/rqt_gui:/home/sahruday/ros2_humble/install/ros2trace:/home/sahruday/ros2_humble/install/ros2topic:/home/sahruday/ros2_humble/install/ros2test:/home/sahruday/ros2_humble/install/ros2component:/home/sahruday/ros2_humble/install/ros2param:/home/sahruday/ros2_humble/install/ros2lifecycle:/home/sahruday/ros2_humble/install/ros2service:/home/sahruday/ros2_humble/install/ros2run:/home/sahruday/ros2_humble/install/ros2launch:/home/sahruday/ros2_humble/install/ros2pkg:/home/sahruday/ros2_humble/install/ros2node:/home/sahruday/ros2_humble/install/ros2multicast:/home/sahruday/ros2_humble/install/ros2interface:/home/sahruday/ros2_humble/install/ros2doctor:/home/sahruday/ros2_humble/install/ros2action:/home/sahruday/ros2_humble/install/ros2cli:/home/sahruday/ros2_humble/install/quality_of_service_demo_py:/home/sahruday/ros2_humble/install/lifecycle_py:/home/sahruday/ros2_humble/install/launch_testing_ros:/home/sahruday/ros2_humble/install/launch_ros:/home/sahruday/ros2_humble/install/examples_rclpy_pointcloud_publisher:/home/sahruday/ros2_humble/install/examples_rclpy_minimal_subscriber:/home/sahruday/ros2_humble/install/examples_rclpy_minimal_service:/home/sahruday/ros2_humble/install/examples_rclpy_minimal_publisher:/home/sahruday/ros2_humble/install/examples_rclpy_minimal_client:/home/sahruday/ros2_humble/install/examples_rclpy_minimal_action_server:/home/sahruday/ros2_humble/install/examples_rclpy_minimal_action_client:/home/sahruday/ros2_humble/install/examples_rclpy_guard_conditions:/home/sahruday/ros2_humble/install/examples_rclpy_executors:/home/sahruday/ros2_humble/install/demo_nodes_py:/home/sahruday/ros2_humble/install/action_tutorials_py:/home/sahruday/ros2_humble/install/ament_uncrustify:/home/sahruday/ros2_humble/install/tracetools_trace:/home/sahruday/ros2_humble/install/tracetools_read:/home/sahruday/ros2_humble/install/test_tracetools_launch:/home/sahruday/ros2_humble/install/test_launch_ros:/home/sahruday/ros2_humble/install/sensor_msgs_py:/home/sahruday/ros2_humble/install/rpyutils:/home/sahruday/ros2_humble/install/rosidl_runtime_py:/home/sahruday/ros2_humble/install/rosidl_cli:/home/sahruday/ros2_humble/install/launch_pytest:/home/sahruday/ros2_humble/install/launch_testing:/home/sahruday/ros2_humble/install/launch_yaml:/home/sahruday/ros2_humble/install/launch_xml:/home/sahruday/ros2_humble/install/launch:/home/sahruday/ros2_humble/install/osrf_pycommon:/home/sahruday/ros2_humble/install/launch_testing_examples:/home/sahruday/ros2_humble/install/domain_coordinator:/home/sahruday/ros2_humble/install/ament_xmllint:/home/sahruday/ros2_humble/install/ament_pyflakes:/home/sahruday/ros2_humble/install/ament_pycodestyle:/home/sahruday/ros2_humble/install/ament_pep257:/home/sahruday/ros2_humble/install/ament_pclint:/home/sahruday/ros2_humble/install/ament_package:/home/sahruday/ros2_humble/install/ament_mypy:/home/sahruday/ros2_humble/install/ament_lint_cmake:/home/sahruday/ros2_humble/install/ament_flake8:/home/sahruday/ros2_humble/install/ament_copyright:/home/sahruday/ros2_humble/install/ament_lint:/home/sahruday/ros2_humble/install/ament_index_python:/home/sahruday/ros2_humble/install/ament_cpplint:/home/sahruday/ros2_humble/install/ament_cppcheck:/home/sahruday/ros2_humble/install/ament_clang_tidy:/home/sahruday/ros2_humble/install/ament_clang_format /usr/bin/cmake --install /home/sahruday/ros2_ws/build/turtlesim
[21.754s] -- Install configuration: ""
[21.754s] -- Installing: /home/sahruday/ros2_ws/install/turtlesim/share/ament_index/resource_index/rosidl_interfaces/turtlesim
[21.754s] -- Installing: /home/sahruday/ros2_ws/install/turtlesim/include/turtlesim/turtlesim
[21.754s] -- Installing: /home/sahruday/ros2_ws/install/turtlesim/include/turtlesim/turtlesim/srv
[21.755s] -- Installing: /home/sahruday/ros2_ws/install/turtlesim/include/turtlesim/turtlesim/srv/set_pen.h
[21.755s] -- Installing: /home/sahruday/ros2_ws/install/turtlesim/include/turtlesim/turtlesim/srv/teleport_absolute.h
[21.755s] -- Installing: /home/sahruday/ros2_ws/install/turtlesim/include/turtlesim/turtlesim/srv/teleport_relative.h
[21.755s] -- Installing: /home/sahruday/ros2_ws/install/turtlesim/include/turtlesim/turtlesim/srv/kill.h
[21.755s] -- Installing: /home/sahruday/ros2_ws/install/turtlesim/include/turtlesim/turtlesim/srv/detail
[21.755s] -- Installing: /home/sahruday/ros2_ws/install/turtlesim/include/turtlesim/turtlesim/srv/detail/teleport_absolute__functions.c
[21.755s] -- Installing: /home/sahruday/ros2_ws/install/turtlesim/include/turtlesim/turtlesim/srv/detail/kill__functions.c
[21.755s] -- Installing: /home/sahruday/ros2_ws/install/turtlesim/include/turtlesim/turtlesim/srv/detail/set_pen__type_support.h
[21.755s] -- Installing: /home/sahruday/ros2_ws/install/turtlesim/include/turtlesim/turtlesim/srv/detail/teleport_relative__struct.h
[21.755s] -- Installing: /home/sahruday/ros2_ws/install/turtlesim/include/turtlesim/turtlesim/srv/detail/teleport_absolute__struct.h
[21.755s] -- Installing: /home/sahruday/ros2_ws/install/turtlesim/include/turtlesim/turtlesim/srv/detail/spawn__functions.h
[21.755s] -- Installing: /home/sahruday/ros2_ws/install/turtlesim/include/turtlesim/turtlesim/srv/detail/teleport_absolute__type_support.h
[21.755s] -- Installing: /home/sahruday/ros2_ws/install/turtlesim/include/turtlesim/turtlesim/srv/detail/teleport_relative__type_support.h
[21.755s] -- Installing: /home/sahruday/ros2_ws/install/turtlesim/include/turtlesim/turtlesim/srv/detail/kill__struct.h
[21.755s] -- Installing: /home/sahruday/ros2_ws/install/turtlesim/include/turtlesim/turtlesim/srv/detail/spawn__functions.c
[21.755s] -- Installing: /home/sahruday/ros2_ws/install/turtlesim/include/turtlesim/turtlesim/srv/detail/spawn__type_support.h
[21.755s] -- Installing: /home/sahruday/ros2_ws/install/turtlesim/include/turtlesim/turtlesim/srv/detail/set_pen__functions.h
[21.755s] -- Installing: /home/sahruday/ros2_ws/install/turtlesim/include/turtlesim/turtlesim/srv/detail/teleport_relative__functions.c
[21.755s] -- Installing: /home/sahruday/ros2_ws/install/turtlesim/include/turtlesim/turtlesim/srv/detail/set_pen__struct.h
[21.756s] -- Installing: /home/sahruday/ros2_ws/install/turtlesim/include/turtlesim/turtlesim/srv/detail/teleport_relative__functions.h
[21.756s] -- Installing: /home/sahruday/ros2_ws/install/turtlesim/include/turtlesim/turtlesim/srv/detail/kill__functions.h
[21.756s] -- Installing: /home/sahruday/ros2_ws/install/turtlesim/include/turtlesim/turtlesim/srv/detail/kill__type_support.h
[21.756s] -- Installing: /home/sahruday/ros2_ws/install/turtlesim/include/turtlesim/turtlesim/srv/detail/teleport_absolute__functions.h
[21.756s] -- Installing: /home/sahruday/ros2_ws/install/turtlesim/include/turtlesim/turtlesim/srv/detail/set_pen__functions.c
[21.756s] -- Installing: /home/sahruday/ros2_ws/install/turtlesim/include/turtlesim/turtlesim/srv/detail/spawn__struct.h
[21.756s] -- Installing: /home/sahruday/ros2_ws/install/turtlesim/include/turtlesim/turtlesim/srv/spawn.h
[21.756s] -- Installing: /home/sahruday/ros2_ws/install/turtlesim/include/turtlesim/turtlesim/msg
[21.756s] -- Installing: /home/sahruday/ros2_ws/install/turtlesim/include/turtlesim/turtlesim/msg/color.h
[21.756s] -- Installing: /home/sahruday/ros2_ws/install/turtlesim/include/turtlesim/turtlesim/msg/rosidl_generator_c__visibility_control.h
[21.756s] -- Installing: /home/sahruday/ros2_ws/install/turtlesim/include/turtlesim/turtlesim/msg/pose.h
[21.756s] -- Installing: /home/sahruday/ros2_ws/install/turtlesim/include/turtlesim/turtlesim/msg/detail
[21.756s] -- Installing: /home/sahruday/ros2_ws/install/turtlesim/include/turtlesim/turtlesim/msg/detail/color__type_support.h
[21.756s] -- Installing: /home/sahruday/ros2_ws/install/turtlesim/include/turtlesim/turtlesim/msg/detail/pose__struct.h
[21.756s] -- Installing: /home/sahruday/ros2_ws/install/turtlesim/include/turtlesim/turtlesim/msg/detail/pose__functions.h
[21.756s] -- Installing: /home/sahruday/ros2_ws/install/turtlesim/include/turtlesim/turtlesim/msg/detail/pose__type_support.h
[21.756s] -- Installing: /home/sahruday/ros2_ws/install/turtlesim/include/turtlesim/turtlesim/msg/detail/color__functions.c
[21.756s] -- Installing: /home/sahruday/ros2_ws/install/turtlesim/include/turtlesim/turtlesim/msg/detail/color__struct.h
[21.756s] -- Installing: /home/sahruday/ros2_ws/install/turtlesim/include/turtlesim/turtlesim/msg/detail/pose__functions.c
[21.756s] -- Installing: /home/sahruday/ros2_ws/install/turtlesim/include/turtlesim/turtlesim/msg/detail/color__functions.h
[21.757s] -- Installing: /home/sahruday/ros2_ws/install/turtlesim/include/turtlesim/turtlesim/action
[21.757s] -- Installing: /home/sahruday/ros2_ws/install/turtlesim/include/turtlesim/turtlesim/action/detail
[21.757s] -- Installing: /home/sahruday/ros2_ws/install/turtlesim/include/turtlesim/turtlesim/action/detail/rotate_absolute__functions.c
[21.757s] -- Installing: /home/sahruday/ros2_ws/install/turtlesim/include/turtlesim/turtlesim/action/detail/rotate_absolute__functions.h
[21.757s] -- Installing: /home/sahruday/ros2_ws/install/turtlesim/include/turtlesim/turtlesim/action/detail/rotate_absolute__struct.h
[21.757s] -- Installing: /home/sahruday/ros2_ws/install/turtlesim/include/turtlesim/turtlesim/action/detail/rotate_absolute__type_support.h
[21.757s] -- Installing: /home/sahruday/ros2_ws/install/turtlesim/include/turtlesim/turtlesim/action/rotate_absolute.h
[21.757s] -- Installing: /home/sahruday/ros2_ws/install/turtlesim/share/turtlesim/environment/library_path.sh
[21.757s] -- Installing: /home/sahruday/ros2_ws/install/turtlesim/share/turtlesim/environment/library_path.dsv
[21.757s] -- Installing: /home/sahruday/ros2_ws/install/turtlesim/lib/libturtlesim__rosidl_generator_c.so
[21.757s] -- Set runtime path of "/home/sahruday/ros2_ws/install/turtlesim/lib/libturtlesim__rosidl_generator_c.so" to ""
[21.757s] -- Up-to-date: /home/sahruday/ros2_ws/install/turtlesim/include/turtlesim/turtlesim
[21.757s] -- Up-to-date: /home/sahruday/ros2_ws/install/turtlesim/include/turtlesim/turtlesim/srv
[21.757s] -- Up-to-date: /home/sahruday/ros2_ws/install/turtlesim/include/turtlesim/turtlesim/srv/detail
[21.757s] -- Installing: /home/sahruday/ros2_ws/install/turtlesim/include/turtlesim/turtlesim/srv/detail/kill__rosidl_typesupport_fastrtps_c.h
[21.757s] -- Installing: /home/sahruday/ros2_ws/install/turtlesim/include/turtlesim/turtlesim/srv/detail/set_pen__rosidl_typesupport_fastrtps_c.h
[21.757s] -- Installing: /home/sahruday/ros2_ws/install/turtlesim/include/turtlesim/turtlesim/srv/detail/teleport_relative__rosidl_typesupport_fastrtps_c.h
[21.757s] -- Installing: /home/sahruday/ros2_ws/install/turtlesim/include/turtlesim/turtlesim/srv/detail/spawn__rosidl_typesupport_fastrtps_c.h
[21.757s] -- Installing: /home/sahruday/ros2_ws/install/turtlesim/include/turtlesim/turtlesim/srv/detail/teleport_absolute__rosidl_typesupport_fastrtps_c.h
[21.757s] -- Up-to-date: /home/sahruday/ros2_ws/install/turtlesim/include/turtlesim/turtlesim/msg
[21.757s] -- Installing: /home/sahruday/ros2_ws/install/turtlesim/include/turtlesim/turtlesim/msg/rosidl_typesupport_fastrtps_c__visibility_control.h
[21.758s] -- Up-to-date: /home/sahruday/ros2_ws/install/turtlesim/include/turtlesim/turtlesim/msg/detail
[21.758s] -- Installing: /home/sahruday/ros2_ws/install/turtlesim/include/turtlesim/turtlesim/msg/detail/color__rosidl_typesupport_fastrtps_c.h
[21.758s] -- Installing: /home/sahruday/ros2_ws/install/turtlesim/include/turtlesim/turtlesim/msg/detail/pose__rosidl_typesupport_fastrtps_c.h
[21.758s] -- Up-to-date: /home/sahruday/ros2_ws/install/turtlesim/include/turtlesim/turtlesim/action
[21.758s] -- Up-to-date: /home/sahruday/ros2_ws/install/turtlesim/include/turtlesim/turtlesim/action/detail
[21.758s] -- Installing: /home/sahruday/ros2_ws/install/turtlesim/include/turtlesim/turtlesim/action/detail/rotate_absolute__rosidl_typesupport_fastrtps_c.h
[21.758s] -- Installing: /home/sahruday/ros2_ws/install/turtlesim/lib/libturtlesim__rosidl_typesupport_fastrtps_c.so
[21.758s] -- Set runtime path of "/home/sahruday/ros2_ws/install/turtlesim/lib/libturtlesim__rosidl_typesupport_fastrtps_c.so" to ""
[21.758s] -- Up-to-date: /home/sahruday/ros2_ws/install/turtlesim/include/turtlesim/turtlesim
[21.758s] -- Up-to-date: /home/sahruday/ros2_ws/install/turtlesim/include/turtlesim/turtlesim/srv
[21.758s] -- Installing: /home/sahruday/ros2_ws/install/turtlesim/include/turtlesim/turtlesim/srv/set_pen.hpp
[21.758s] -- Installing: /home/sahruday/ros2_ws/install/turtlesim/include/turtlesim/turtlesim/srv/teleport_relative.hpp
[21.758s] -- Installing: /home/sahruday/ros2_ws/install/turtlesim/include/turtlesim/turtlesim/srv/teleport_absolute.hpp
[21.758s] -- Installing: /home/sahruday/ros2_ws/install/turtlesim/include/turtlesim/turtlesim/srv/kill.hpp
[21.758s] -- Up-to-date: /home/sahruday/ros2_ws/install/turtlesim/include/turtlesim/turtlesim/srv/detail
[21.758s] -- Installing: /home/sahruday/ros2_ws/install/turtlesim/include/turtlesim/turtlesim/srv/detail/spawn__struct.hpp
[21.758s] -- Installing: /home/sahruday/ros2_ws/install/turtlesim/include/turtlesim/turtlesim/srv/detail/teleport_relative__struct.hpp
[21.758s] -- Installing: /home/sahruday/ros2_ws/install/turtlesim/include/turtlesim/turtlesim/srv/detail/teleport_absolute__struct.hpp
[21.758s] -- Installing: /home/sahruday/ros2_ws/install/turtlesim/include/turtlesim/turtlesim/srv/detail/teleport_relative__builder.hpp
[21.758s] -- Installing: /home/sahruday/ros2_ws/install/turtlesim/include/turtlesim/turtlesim/srv/detail/kill__traits.hpp
[21.759s] -- Installing: /home/sahruday/ros2_ws/install/turtlesim/include/turtlesim/turtlesim/srv/detail/spawn__traits.hpp
[21.759s] -- Installing: /home/sahruday/ros2_ws/install/turtlesim/include/turtlesim/turtlesim/srv/detail/teleport_absolute__traits.hpp
[21.759s] -- Installing: /home/sahruday/ros2_ws/install/turtlesim/include/turtlesim/turtlesim/srv/detail/set_pen__builder.hpp
[21.759s] -- Installing: /home/sahruday/ros2_ws/install/turtlesim/include/turtlesim/turtlesim/srv/detail/kill__struct.hpp
[21.759s] -- Installing: /home/sahruday/ros2_ws/install/turtlesim/include/turtlesim/turtlesim/srv/detail/kill__builder.hpp
[21.759s] -- Installing: /home/sahruday/ros2_ws/install/turtlesim/include/turtlesim/turtlesim/srv/detail/set_pen__traits.hpp
[21.759s] -- Installing: /home/sahruday/ros2_ws/install/turtlesim/include/turtlesim/turtlesim/srv/detail/spawn__builder.hpp
[21.759s] -- Installing: /home/sahruday/ros2_ws/install/turtlesim/include/turtlesim/turtlesim/srv/detail/teleport_absolute__builder.hpp
[21.759s] -- Installing: /home/sahruday/ros2_ws/install/turtlesim/include/turtlesim/turtlesim/srv/detail/set_pen__struct.hpp
[21.759s] -- Installing: /home/sahruday/ros2_ws/install/turtlesim/include/turtlesim/turtlesim/srv/detail/teleport_relative__traits.hpp
[21.759s] -- Installing: /home/sahruday/ros2_ws/install/turtlesim/include/turtlesim/turtlesim/srv/spawn.hpp
[21.759s] -- Up-to-date: /home/sahruday/ros2_ws/install/turtlesim/include/turtlesim/turtlesim/msg
[21.759s] -- Installing: /home/sahruday/ros2_ws/install/turtlesim/include/turtlesim/turtlesim/msg/color.hpp
[21.759s] -- Up-to-date: /home/sahruday/ros2_ws/install/turtlesim/include/turtlesim/turtlesim/msg/detail
[21.759s] -- Installing: /home/sahruday/ros2_ws/install/turtlesim/include/turtlesim/turtlesim/msg/detail/pose__builder.hpp
[21.759s] -- Installing: /home/sahruday/ros2_ws/install/turtlesim/include/turtlesim/turtlesim/msg/detail/color__builder.hpp
[21.759s] -- Installing: /home/sahruday/ros2_ws/install/turtlesim/include/turtlesim/turtlesim/msg/detail/pose__traits.hpp
[21.759s] -- Installing: /home/sahruday/ros2_ws/install/turtlesim/include/turtlesim/turtlesim/msg/detail/color__traits.hpp
[21.759s] -- Installing: /home/sahruday/ros2_ws/install/turtlesim/include/turtlesim/turtlesim/msg/detail/pose__struct.hpp
[21.759s] -- Installing: /home/sahruday/ros2_ws/install/turtlesim/include/turtlesim/turtlesim/msg/detail/color__struct.hpp
[21.760s] -- Installing: /home/sahruday/ros2_ws/install/turtlesim/include/turtlesim/turtlesim/msg/pose.hpp
[21.760s] -- Up-to-date: /home/sahruday/ros2_ws/install/turtlesim/include/turtlesim/turtlesim/action
[21.760s] -- Installing: /home/sahruday/ros2_ws/install/turtlesim/include/turtlesim/turtlesim/action/rotate_absolute.hpp
[21.760s] -- Up-to-date: /home/sahruday/ros2_ws/install/turtlesim/include/turtlesim/turtlesim/action/detail
[21.760s] -- Installing: /home/sahruday/ros2_ws/install/turtlesim/include/turtlesim/turtlesim/action/detail/rotate_absolute__struct.hpp
[21.760s] -- Installing: /home/sahruday/ros2_ws/install/turtlesim/include/turtlesim/turtlesim/action/detail/rotate_absolute__builder.hpp
[21.760s] -- Installing: /home/sahruday/ros2_ws/install/turtlesim/include/turtlesim/turtlesim/action/detail/rotate_absolute__traits.hpp
[21.760s] -- Up-to-date: /home/sahruday/ros2_ws/install/turtlesim/include/turtlesim/turtlesim
[21.760s] -- Up-to-date: /home/sahruday/ros2_ws/install/turtlesim/include/turtlesim/turtlesim/srv
[21.760s] -- Up-to-date: /home/sahruday/ros2_ws/install/turtlesim/include/turtlesim/turtlesim/srv/detail
[21.760s] -- Installing: /home/sahruday/ros2_ws/install/turtlesim/include/turtlesim/turtlesim/srv/detail/dds_fastrtps
[21.760s] -- Installing: /home/sahruday/ros2_ws/install/turtlesim/include/turtlesim/turtlesim/srv/detail/teleport_absolute__rosidl_typesupport_fastrtps_cpp.hpp
[21.760s] -- Installing: /home/sahruday/ros2_ws/install/turtlesim/include/turtlesim/turtlesim/srv/detail/set_pen__rosidl_typesupport_fastrtps_cpp.hpp
[21.760s] -- Installing: /home/sahruday/ros2_ws/install/turtlesim/include/turtlesim/turtlesim/srv/detail/kill__rosidl_typesupport_fastrtps_cpp.hpp
[21.760s] -- Installing: /home/sahruday/ros2_ws/install/turtlesim/include/turtlesim/turtlesim/srv/detail/spawn__rosidl_typesupport_fastrtps_cpp.hpp
[21.760s] -- Installing: /home/sahruday/ros2_ws/install/turtlesim/include/turtlesim/turtlesim/srv/detail/teleport_relative__rosidl_typesupport_fastrtps_cpp.hpp
[21.760s] -- Up-to-date: /home/sahruday/ros2_ws/install/turtlesim/include/turtlesim/turtlesim/msg
[21.760s] -- Up-to-date: /home/sahruday/ros2_ws/install/turtlesim/include/turtlesim/turtlesim/msg/detail
[21.760s] -- Installing: /home/sahruday/ros2_ws/install/turtlesim/include/turtlesim/turtlesim/msg/detail/dds_fastrtps
[21.760s] -- Installing: /home/sahruday/ros2_ws/install/turtlesim/include/turtlesim/turtlesim/msg/detail/pose__rosidl_typesupport_fastrtps_cpp.hpp
[21.760s] -- Installing: /home/sahruday/ros2_ws/install/turtlesim/include/turtlesim/turtlesim/msg/detail/color__rosidl_typesupport_fastrtps_cpp.hpp
[21.761s] -- Installing: /home/sahruday/ros2_ws/install/turtlesim/include/turtlesim/turtlesim/msg/rosidl_typesupport_fastrtps_cpp__visibility_control.h
[21.761s] -- Up-to-date: /home/sahruday/ros2_ws/install/turtlesim/include/turtlesim/turtlesim/action
[21.761s] -- Up-to-date: /home/sahruday/ros2_ws/install/turtlesim/include/turtlesim/turtlesim/action/detail
[21.761s] -- Installing: /home/sahruday/ros2_ws/install/turtlesim/include/turtlesim/turtlesim/action/detail/dds_fastrtps
[21.761s] -- Installing: /home/sahruday/ros2_ws/install/turtlesim/include/turtlesim/turtlesim/action/detail/rotate_absolute__rosidl_typesupport_fastrtps_cpp.hpp
[21.761s] -- Installing: /home/sahruday/ros2_ws/install/turtlesim/lib/libturtlesim__rosidl_typesupport_fastrtps_cpp.so
[21.761s] -- Set runtime path of "/home/sahruday/ros2_ws/install/turtlesim/lib/libturtlesim__rosidl_typesupport_fastrtps_cpp.so" to ""
[21.761s] -- Up-to-date: /home/sahruday/ros2_ws/install/turtlesim/include/turtlesim/turtlesim
[21.761s] -- Up-to-date: /home/sahruday/ros2_ws/install/turtlesim/include/turtlesim/turtlesim/srv
[21.761s] -- Up-to-date: /home/sahruday/ros2_ws/install/turtlesim/include/turtlesim/turtlesim/srv/detail
[21.761s] -- Installing: /home/sahruday/ros2_ws/install/turtlesim/include/turtlesim/turtlesim/srv/detail/kill__type_support.c
[21.761s] -- Installing: /home/sahruday/ros2_ws/install/turtlesim/include/turtlesim/turtlesim/srv/detail/spawn__rosidl_typesupport_introspection_c.h
[21.761s] -- Installing: /home/sahruday/ros2_ws/install/turtlesim/include/turtlesim/turtlesim/srv/detail/teleport_absolute__rosidl_typesupport_introspection_c.h
[21.761s] -- Installing: /home/sahruday/ros2_ws/install/turtlesim/include/turtlesim/turtlesim/srv/detail/teleport_absolute__type_support.c
[21.761s] -- Installing: /home/sahruday/ros2_ws/install/turtlesim/include/turtlesim/turtlesim/srv/detail/spawn__type_support.c
[21.761s] -- Installing: /home/sahruday/ros2_ws/install/turtlesim/include/turtlesim/turtlesim/srv/detail/kill__rosidl_typesupport_introspection_c.h
[21.761s] -- Installing: /home/sahruday/ros2_ws/install/turtlesim/include/turtlesim/turtlesim/srv/detail/teleport_relative__rosidl_typesupport_introspection_c.h
[21.761s] -- Installing: /home/sahruday/ros2_ws/install/turtlesim/include/turtlesim/turtlesim/srv/detail/teleport_relative__type_support.c
[21.761s] -- Installing: /home/sahruday/ros2_ws/install/turtlesim/include/turtlesim/turtlesim/srv/detail/set_pen__type_support.c
[21.761s] -- Installing: /home/sahruday/ros2_ws/install/turtlesim/include/turtlesim/turtlesim/srv/detail/set_pen__rosidl_typesupport_introspection_c.h
[21.762s] -- Up-to-date: /home/sahruday/ros2_ws/install/turtlesim/include/turtlesim/turtlesim/msg
[21.762s] -- Installing: /home/sahruday/ros2_ws/install/turtlesim/include/turtlesim/turtlesim/msg/rosidl_typesupport_introspection_c__visibility_control.h
[21.762s] -- Up-to-date: /home/sahruday/ros2_ws/install/turtlesim/include/turtlesim/turtlesim/msg/detail
[21.762s] -- Installing: /home/sahruday/ros2_ws/install/turtlesim/include/turtlesim/turtlesim/msg/detail/color__rosidl_typesupport_introspection_c.h
[21.762s] -- Installing: /home/sahruday/ros2_ws/install/turtlesim/include/turtlesim/turtlesim/msg/detail/pose__rosidl_typesupport_introspection_c.h
[21.762s] -- Installing: /home/sahruday/ros2_ws/install/turtlesim/include/turtlesim/turtlesim/msg/detail/color__type_support.c
[21.762s] -- Installing: /home/sahruday/ros2_ws/install/turtlesim/include/turtlesim/turtlesim/msg/detail/pose__type_support.c
[21.762s] -- Up-to-date: /home/sahruday/ros2_ws/install/turtlesim/include/turtlesim/turtlesim/action
[21.762s] -- Up-to-date: /home/sahruday/ros2_ws/install/turtlesim/include/turtlesim/turtlesim/action/detail
[21.762s] -- Installing: /home/sahruday/ros2_ws/install/turtlesim/include/turtlesim/turtlesim/action/detail/rotate_absolute__type_support.c
[21.762s] -- Installing: /home/sahruday/ros2_ws/install/turtlesim/include/turtlesim/turtlesim/action/detail/rotate_absolute__rosidl_typesupport_introspection_c.h
[21.762s] -- Installing: /home/sahruday/ros2_ws/install/turtlesim/lib/libturtlesim__rosidl_typesupport_introspection_c.so
[21.762s] -- Set runtime path of "/home/sahruday/ros2_ws/install/turtlesim/lib/libturtlesim__rosidl_typesupport_introspection_c.so" to ""
[21.762s] -- Installing: /home/sahruday/ros2_ws/install/turtlesim/lib/libturtlesim__rosidl_typesupport_c.so
[21.762s] -- Set runtime path of "/home/sahruday/ros2_ws/install/turtlesim/lib/libturtlesim__rosidl_typesupport_c.so" to ""
[21.762s] -- Up-to-date: /home/sahruday/ros2_ws/install/turtlesim/include/turtlesim/turtlesim
[21.762s] -- Up-to-date: /home/sahruday/ros2_ws/install/turtlesim/include/turtlesim/turtlesim/srv
[21.762s] -- Up-to-date: /home/sahruday/ros2_ws/install/turtlesim/include/turtlesim/turtlesim/srv/detail
[21.762s] -- Installing: /home/sahruday/ros2_ws/install/turtlesim/include/turtlesim/turtlesim/srv/detail/set_pen__rosidl_typesupport_introspection_cpp.hpp
[21.762s] -- Installing: /home/sahruday/ros2_ws/install/turtlesim/include/turtlesim/turtlesim/srv/detail/teleport_relative__rosidl_typesupport_introspection_cpp.hpp
[21.762s] -- Installing: /home/sahruday/ros2_ws/install/turtlesim/include/turtlesim/turtlesim/srv/detail/spawn__type_support.cpp
[21.762s] -- Installing: /home/sahruday/ros2_ws/install/turtlesim/include/turtlesim/turtlesim/srv/detail/kill__rosidl_typesupport_introspection_cpp.hpp
[21.763s] -- Installing: /home/sahruday/ros2_ws/install/turtlesim/include/turtlesim/turtlesim/srv/detail/teleport_absolute__rosidl_typesupport_introspection_cpp.hpp
[21.763s] -- Installing: /home/sahruday/ros2_ws/install/turtlesim/include/turtlesim/turtlesim/srv/detail/kill__type_support.cpp
[21.763s] -- Installing: /home/sahruday/ros2_ws/install/turtlesim/include/turtlesim/turtlesim/srv/detail/teleport_absolute__type_support.cpp
[21.763s] -- Installing: /home/sahruday/ros2_ws/install/turtlesim/include/turtlesim/turtlesim/srv/detail/teleport_relative__type_support.cpp
[21.763s] -- Installing: /home/sahruday/ros2_ws/install/turtlesim/include/turtlesim/turtlesim/srv/detail/set_pen__type_support.cpp
[21.763s] -- Installing: /home/sahruday/ros2_ws/install/turtlesim/include/turtlesim/turtlesim/srv/detail/spawn__rosidl_typesupport_introspection_cpp.hpp
[21.763s] -- Up-to-date: /home/sahruday/ros2_ws/install/turtlesim/include/turtlesim/turtlesim/msg
[21.763s] -- Up-to-date: /home/sahruday/ros2_ws/install/turtlesim/include/turtlesim/turtlesim/msg/detail
[21.763s] -- Installing: /home/sahruday/ros2_ws/install/turtlesim/include/turtlesim/turtlesim/msg/detail/pose__rosidl_typesupport_introspection_cpp.hpp
[21.763s] -- Installing: /home/sahruday/ros2_ws/install/turtlesim/include/turtlesim/turtlesim/msg/detail/pose__type_support.cpp
[21.763s] -- Installing: /home/sahruday/ros2_ws/install/turtlesim/include/turtlesim/turtlesim/msg/detail/color__rosidl_typesupport_introspection_cpp.hpp
[21.763s] -- Installing: /home/sahruday/ros2_ws/install/turtlesim/include/turtlesim/turtlesim/msg/detail/color__type_support.cpp
[21.763s] -- Up-to-date: /home/sahruday/ros2_ws/install/turtlesim/include/turtlesim/turtlesim/action
[21.763s] -- Up-to-date: /home/sahruday/ros2_ws/install/turtlesim/include/turtlesim/turtlesim/action/detail
[21.763s] -- Installing: /home/sahruday/ros2_ws/install/turtlesim/include/turtlesim/turtlesim/action/detail/rotate_absolute__type_support.cpp
[21.763s] -- Installing: /home/sahruday/ros2_ws/install/turtlesim/include/turtlesim/turtlesim/action/detail/rotate_absolute__rosidl_typesupport_introspection_cpp.hpp
[21.763s] -- Installing: /home/sahruday/ros2_ws/install/turtlesim/lib/libturtlesim__rosidl_typesupport_introspection_cpp.so
[21.763s] -- Set runtime path of "/home/sahruday/ros2_ws/install/turtlesim/lib/libturtlesim__rosidl_typesupport_introspection_cpp.so" to ""
[21.763s] -- Installing: /home/sahruday/ros2_ws/install/turtlesim/lib/libturtlesim__rosidl_typesupport_cpp.so
[21.763s] -- Set runtime path of "/home/sahruday/ros2_ws/install/turtlesim/lib/libturtlesim__rosidl_typesupport_cpp.so" to ""
[21.764s] -- Installing: /home/sahruday/ros2_ws/install/turtlesim/share/turtlesim/environment/pythonpath.sh
[21.764s] -- Installing: /home/sahruday/ros2_ws/install/turtlesim/share/turtlesim/environment/pythonpath.dsv
[21.764s] -- Installing: /home/sahruday/ros2_ws/install/turtlesim/local/lib/python3.10/dist-packages/turtlesim-1.4.1-py3.10.egg-info
[21.764s] -- Installing: /home/sahruday/ros2_ws/install/turtlesim/local/lib/python3.10/dist-packages/turtlesim-1.4.1-py3.10.egg-info/PKG-INFO
[21.764s] -- Installing: /home/sahruday/ros2_ws/install/turtlesim/local/lib/python3.10/dist-packages/turtlesim-1.4.1-py3.10.egg-info/SOURCES.txt
[21.764s] -- Installing: /home/sahruday/ros2_ws/install/turtlesim/local/lib/python3.10/dist-packages/turtlesim-1.4.1-py3.10.egg-info/dependency_links.txt
[21.764s] -- Installing: /home/sahruday/ros2_ws/install/turtlesim/local/lib/python3.10/dist-packages/turtlesim-1.4.1-py3.10.egg-info/top_level.txt
[21.764s] -- Installing: /home/sahruday/ros2_ws/install/turtlesim/local/lib/python3.10/dist-packages/turtlesim
[21.764s] -- Installing: /home/sahruday/ros2_ws/install/turtlesim/local/lib/python3.10/dist-packages/turtlesim/srv
[21.764s] -- Installing: /home/sahruday/ros2_ws/install/turtlesim/local/lib/python3.10/dist-packages/turtlesim/srv/_set_pen_s.c
[21.764s] -- Installing: /home/sahruday/ros2_ws/install/turtlesim/local/lib/python3.10/dist-packages/turtlesim/srv/_teleport_absolute_s.c
[21.764s] -- Installing: /home/sahruday/ros2_ws/install/turtlesim/local/lib/python3.10/dist-packages/turtlesim/srv/_kill.py
[21.764s] -- Installing: /home/sahruday/ros2_ws/install/turtlesim/local/lib/python3.10/dist-packages/turtlesim/srv/_spawn_s.c
[21.764s] -- Installing: /home/sahruday/ros2_ws/install/turtlesim/local/lib/python3.10/dist-packages/turtlesim/srv/_spawn.py
[21.764s] -- Installing: /home/sahruday/ros2_ws/install/turtlesim/local/lib/python3.10/dist-packages/turtlesim/srv/_teleport_absolute.py
[21.764s] -- Installing: /home/sahruday/ros2_ws/install/turtlesim/local/lib/python3.10/dist-packages/turtlesim/srv/__init__.py
[21.764s] -- Installing: /home/sahruday/ros2_ws/install/turtlesim/local/lib/python3.10/dist-packages/turtlesim/srv/_kill_s.c
[21.765s] -- Installing: /home/sahruday/ros2_ws/install/turtlesim/local/lib/python3.10/dist-packages/turtlesim/srv/_teleport_relative_s.c
[21.765s] -- Installing: /home/sahruday/ros2_ws/install/turtlesim/local/lib/python3.10/dist-packages/turtlesim/srv/_teleport_relative.py
[21.765s] -- Installing: /home/sahruday/ros2_ws/install/turtlesim/local/lib/python3.10/dist-packages/turtlesim/srv/_set_pen.py
[21.765s] -- Installing: /home/sahruday/ros2_ws/install/turtlesim/local/lib/python3.10/dist-packages/turtlesim/msg
[21.765s] -- Installing: /home/sahruday/ros2_ws/install/turtlesim/local/lib/python3.10/dist-packages/turtlesim/msg/_pose.py
[21.765s] -- Installing: /home/sahruday/ros2_ws/install/turtlesim/local/lib/python3.10/dist-packages/turtlesim/msg/_color_s.c
[21.765s] -- Installing: /home/sahruday/ros2_ws/install/turtlesim/local/lib/python3.10/dist-packages/turtlesim/msg/__init__.py
[21.765s] -- Installing: /home/sahruday/ros2_ws/install/turtlesim/local/lib/python3.10/dist-packages/turtlesim/msg/_color.py
[21.765s] -- Installing: /home/sahruday/ros2_ws/install/turtlesim/local/lib/python3.10/dist-packages/turtlesim/msg/_pose_s.c
[21.765s] -- Installing: /home/sahruday/ros2_ws/install/turtlesim/local/lib/python3.10/dist-packages/turtlesim/turtlesim_s__rosidl_typesupport_fastrtps_c.cpython-310-x86_64-linux-gnu.so
[21.765s] -- Installing: /home/sahruday/ros2_ws/install/turtlesim/local/lib/python3.10/dist-packages/turtlesim/_turtlesim_s.ep.rosidl_typesupport_introspection_c.c
[21.765s] -- Installing: /home/sahruday/ros2_ws/install/turtlesim/local/lib/python3.10/dist-packages/turtlesim/libturtlesim__rosidl_generator_py.so
[21.765s] -- Installing: /home/sahruday/ros2_ws/install/turtlesim/local/lib/python3.10/dist-packages/turtlesim/__init__.py
[21.765s] -- Installing: /home/sahruday/ros2_ws/install/turtlesim/local/lib/python3.10/dist-packages/turtlesim/_turtlesim_s.ep.rosidl_typesupport_fastrtps_c.c
[21.765s] -- Installing: /home/sahruday/ros2_ws/install/turtlesim/local/lib/python3.10/dist-packages/turtlesim/turtlesim_s__rosidl_typesupport_introspection_c.cpython-310-x86_64-linux-gnu.so
[21.765s] -- Installing: /home/sahruday/ros2_ws/install/turtlesim/local/lib/python3.10/dist-packages/turtlesim/action
[21.765s] -- Installing: /home/sahruday/ros2_ws/install/turtlesim/local/lib/python3.10/dist-packages/turtlesim/action/_rotate_absolute.py
[21.765s] -- Installing: /home/sahruday/ros2_ws/install/turtlesim/local/lib/python3.10/dist-packages/turtlesim/action/__init__.py
[21.765s] -- Installing: /home/sahruday/ros2_ws/install/turtlesim/local/lib/python3.10/dist-packages/turtlesim/action/_rotate_absolute_s.c
[21.766s] -- Installing: /home/sahruday/ros2_ws/install/turtlesim/local/lib/python3.10/dist-packages/turtlesim/turtlesim_s__rosidl_typesupport_c.cpython-310-x86_64-linux-gnu.so
[21.766s] -- Installing: /home/sahruday/ros2_ws/install/turtlesim/local/lib/python3.10/dist-packages/turtlesim/_turtlesim_s.ep.rosidl_typesupport_c.c
[21.871s] Listing '/home/sahruday/ros2_ws/install/turtlesim/local/lib/python3.10/dist-packages/turtlesim'...
[21.871s] Compiling '/home/sahruday/ros2_ws/install/turtlesim/local/lib/python3.10/dist-packages/turtlesim/__init__.py'...
[21.871s] Listing '/home/sahruday/ros2_ws/install/turtlesim/local/lib/python3.10/dist-packages/turtlesim/action'...
[21.871s] Compiling '/home/sahruday/ros2_ws/install/turtlesim/local/lib/python3.10/dist-packages/turtlesim/action/__init__.py'...
[21.871s] Compiling '/home/sahruday/ros2_ws/install/turtlesim/local/lib/python3.10/dist-packages/turtlesim/action/_rotate_absolute.py'...
[21.871s] Listing '/home/sahruday/ros2_ws/install/turtlesim/local/lib/python3.10/dist-packages/turtlesim/msg'...
[21.871s] Compiling '/home/sahruday/ros2_ws/install/turtlesim/local/lib/python3.10/dist-packages/turtlesim/msg/__init__.py'...
[21.871s] Compiling '/home/sahruday/ros2_ws/install/turtlesim/local/lib/python3.10/dist-packages/turtlesim/msg/_color.py'...
[21.871s] Compiling '/home/sahruday/ros2_ws/install/turtlesim/local/lib/python3.10/dist-packages/turtlesim/msg/_pose.py'...
[21.871s] Listing '/home/sahruday/ros2_ws/install/turtlesim/local/lib/python3.10/dist-packages/turtlesim/srv'...
[21.871s] Compiling '/home/sahruday/ros2_ws/install/turtlesim/local/lib/python3.10/dist-packages/turtlesim/srv/__init__.py'...
[21.871s] Compiling '/home/sahruday/ros2_ws/install/turtlesim/local/lib/python3.10/dist-packages/turtlesim/srv/_kill.py'...
[21.871s] Compiling '/home/sahruday/ros2_ws/install/turtlesim/local/lib/python3.10/dist-packages/turtlesim/srv/_set_pen.py'...
[21.871s] Compiling '/home/sahruday/ros2_ws/install/turtlesim/local/lib/python3.10/dist-packages/turtlesim/srv/_spawn.py'...
[21.871s] Compiling '/home/sahruday/ros2_ws/install/turtlesim/local/lib/python3.10/dist-packages/turtlesim/srv/_teleport_absolute.py'...
[21.871s] Compiling '/home/sahruday/ros2_ws/install/turtlesim/local/lib/python3.10/dist-packages/turtlesim/srv/_teleport_relative.py'...
[21.874s] -- Installing: /home/sahruday/ros2_ws/install/turtlesim/local/lib/python3.10/dist-packages/turtlesim/turtlesim_s__rosidl_typesupport_introspection_c.cpython-310-x86_64-linux-gnu.so
[21.874s] -- Set runtime path of "/home/sahruday/ros2_ws/install/turtlesim/local/lib/python3.10/dist-packages/turtlesim/turtlesim_s__rosidl_typesupport_introspection_c.cpython-310-x86_64-linux-gnu.so" to ""
[21.874s] -- Installing: /home/sahruday/ros2_ws/install/turtlesim/local/lib/python3.10/dist-packages/turtlesim/turtlesim_s__rosidl_typesupport_fastrtps_c.cpython-310-x86_64-linux-gnu.so
[21.874s] -- Set runtime path of "/home/sahruday/ros2_ws/install/turtlesim/local/lib/python3.10/dist-packages/turtlesim/turtlesim_s__rosidl_typesupport_fastrtps_c.cpython-310-x86_64-linux-gnu.so" to ""
[21.875s] -- Installing: /home/sahruday/ros2_ws/install/turtlesim/local/lib/python3.10/dist-packages/turtlesim/turtlesim_s__rosidl_typesupport_c.cpython-310-x86_64-linux-gnu.so
[21.875s] -- Set runtime path of "/home/sahruday/ros2_ws/install/turtlesim/local/lib/python3.10/dist-packages/turtlesim/turtlesim_s__rosidl_typesupport_c.cpython-310-x86_64-linux-gnu.so" to ""
[21.875s] -- Installing: /home/sahruday/ros2_ws/install/turtlesim/lib/libturtlesim__rosidl_generator_py.so
[21.875s] -- Set runtime path of "/home/sahruday/ros2_ws/install/turtlesim/lib/libturtlesim__rosidl_generator_py.so" to ""
[21.875s] -- Installing: /home/sahruday/ros2_ws/install/turtlesim/share/turtlesim/action/RotateAbsolute.idl
[21.875s] -- Installing: /home/sahruday/ros2_ws/install/turtlesim/share/turtlesim/msg/Color.idl
[21.875s] -- Installing: /home/sahruday/ros2_ws/install/turtlesim/share/turtlesim/msg/Pose.idl
[21.875s] -- Installing: /home/sahruday/ros2_ws/install/turtlesim/share/turtlesim/srv/Kill.idl
[21.875s] -- Installing: /home/sahruday/ros2_ws/install/turtlesim/share/turtlesim/srv/SetPen.idl
[21.876s] -- Installing: /home/sahruday/ros2_ws/install/turtlesim/share/turtlesim/srv/Spawn.idl
[21.876s] -- Installing: /home/sahruday/ros2_ws/install/turtlesim/share/turtlesim/srv/TeleportAbsolute.idl
[21.876s] -- Installing: /home/sahruday/ros2_ws/install/turtlesim/share/turtlesim/srv/TeleportRelative.idl
[21.876s] -- Installing: /home/sahruday/ros2_ws/install/turtlesim/share/turtlesim/action/RotateAbsolute.action
[21.876s] -- Installing: /home/sahruday/ros2_ws/install/turtlesim/share/turtlesim/msg/Color.msg
[21.876s] -- Installing: /home/sahruday/ros2_ws/install/turtlesim/share/turtlesim/msg/Pose.msg
[21.876s] -- Installing: /home/sahruday/ros2_ws/install/turtlesim/share/turtlesim/srv/Kill.srv
[21.876s] -- Installing: /home/sahruday/ros2_ws/install/turtlesim/share/turtlesim/srv/Kill_Request.msg
[21.876s] -- Installing: /home/sahruday/ros2_ws/install/turtlesim/share/turtlesim/srv/Kill_Response.msg
[21.876s] -- Installing: /home/sahruday/ros2_ws/install/turtlesim/share/turtlesim/srv/SetPen.srv
[21.876s] -- Installing: /home/sahruday/ros2_ws/install/turtlesim/share/turtlesim/srv/SetPen_Request.msg
[21.876s] -- Installing: /home/sahruday/ros2_ws/install/turtlesim/share/turtlesim/srv/SetPen_Response.msg
[21.876s] -- Installing: /home/sahruday/ros2_ws/install/turtlesim/share/turtlesim/srv/Spawn.srv
[21.876s] -- Installing: /home/sahruday/ros2_ws/install/turtlesim/share/turtlesim/srv/Spawn_Request.msg
[21.876s] -- Installing: /home/sahruday/ros2_ws/install/turtlesim/share/turtlesim/srv/Spawn_Response.msg
[21.876s] -- Installing: /home/sahruday/ros2_ws/install/turtlesim/share/turtlesim/srv/TeleportAbsolute.srv
[21.876s] -- Installing: /home/sahruday/ros2_ws/install/turtlesim/share/turtlesim/srv/TeleportAbsolute_Request.msg
[21.877s] -- Installing: /home/sahruday/ros2_ws/install/turtlesim/share/turtlesim/srv/TeleportAbsolute_Response.msg
[21.877s] -- Installing: /home/sahruday/ros2_ws/install/turtlesim/share/turtlesim/srv/TeleportRelative.srv
[21.877s] -- Installing: /home/sahruday/ros2_ws/install/turtlesim/share/turtlesim/srv/TeleportRelative_Request.msg
[21.877s] -- Installing: /home/sahruday/ros2_ws/install/turtlesim/share/turtlesim/srv/TeleportRelative_Response.msg
[21.877s] -- Installing: /home/sahruday/ros2_ws/install/turtlesim/lib/turtlesim/turtlesim_node
[21.882s] -- Set runtime path of "/home/sahruday/ros2_ws/install/turtlesim/lib/turtlesim/turtlesim_node" to ""
[21.883s] -- Installing: /home/sahruday/ros2_ws/install/turtlesim/lib/turtlesim/turtle_teleop_key
[21.884s] -- Set runtime path of "/home/sahruday/ros2_ws/install/turtlesim/lib/turtlesim/turtle_teleop_key" to ""
[21.884s] -- Installing: /home/sahruday/ros2_ws/install/turtlesim/lib/turtlesim/draw_square
[21.886s] -- Set runtime path of "/home/sahruday/ros2_ws/install/turtlesim/lib/turtlesim/draw_square" to ""
[21.887s] -- Installing: /home/sahruday/ros2_ws/install/turtlesim/lib/turtlesim/mimic
[21.889s] -- Set runtime path of "/home/sahruday/ros2_ws/install/turtlesim/lib/turtlesim/mimic" to ""
[21.889s] -- Installing: /home/sahruday/ros2_ws/install/turtlesim/share/turtlesim/images
[21.889s] -- Installing: /home/sahruday/ros2_ws/install/turtlesim/share/turtlesim/images/ardent.png
[21.889s] -- Installing: /home/sahruday/ros2_ws/install/turtlesim/share/turtlesim/images/crystal.png
[21.889s] -- Installing: /home/sahruday/ros2_ws/install/turtlesim/share/turtlesim/images/galactic.png
[21.889s] -- Installing: /home/sahruday/ros2_ws/install/turtlesim/share/turtlesim/images/humble.png
[21.889s] -- Installing: /home/sahruday/ros2_ws/install/turtlesim/share/turtlesim/images/foxy.png
[21.890s] -- Installing: /home/sahruday/ros2_ws/install/turtlesim/share/turtlesim/images/eloquent.png
[21.890s] -- Installing: /home/sahruday/ros2_ws/install/turtlesim/share/turtlesim/images/bouncy.png
[21.890s] -- Installing: /home/sahruday/ros2_ws/install/turtlesim/share/turtlesim/images/dashing.png
[21.890s] -- Installing: /home/sahruday/ros2_ws/install/turtlesim/share/turtlesim/images/rolling.png
[21.890s] -- Installing: /home/sahruday/ros2_ws/install/turtlesim/share/turtlesim/launch
[21.890s] -- Installing: /home/sahruday/ros2_ws/install/turtlesim/share/turtlesim/launch/multisim.launch.py
[21.890s] -- Installing: /home/sahruday/ros2_ws/install/turtlesim/share/ament_index/resource_index/package_run_dependencies/turtlesim
[21.890s] -- Installing: /home/sahruday/ros2_ws/install/turtlesim/share/ament_index/resource_index/parent_prefix_path/turtlesim
[21.890s] -- Installing: /home/sahruday/ros2_ws/install/turtlesim/share/turtlesim/environment/ament_prefix_path.sh
[21.890s] -- Installing: /home/sahruday/ros2_ws/install/turtlesim/share/turtlesim/environment/ament_prefix_path.dsv
[21.890s] -- Installing: /home/sahruday/ros2_ws/install/turtlesim/share/turtlesim/environment/path.sh
[21.890s] -- Installing: /home/sahruday/ros2_ws/install/turtlesim/share/turtlesim/environment/path.dsv
[21.890s] -- Installing: /home/sahruday/ros2_ws/install/turtlesim/share/turtlesim/local_setup.bash
[21.890s] -- Installing: /home/sahruday/ros2_ws/install/turtlesim/share/turtlesim/local_setup.sh
[21.890s] -- Installing: /home/sahruday/ros2_ws/install/turtlesim/share/turtlesim/local_setup.zsh
[21.890s] -- Installing: /home/sahruday/ros2_ws/install/turtlesim/share/turtlesim/local_setup.dsv
[21.890s] -- Installing: /home/sahruday/ros2_ws/install/turtlesim/share/turtlesim/package.dsv
[21.890s] -- Installing: /home/sahruday/ros2_ws/install/turtlesim/share/ament_index/resource_index/packages/turtlesim
[21.891s] -- Installing: /home/sahruday/ros2_ws/install/turtlesim/share/turtlesim/cmake/export_turtlesim__rosidl_generator_cExport.cmake
[21.891s] -- Installing: /home/sahruday/ros2_ws/install/turtlesim/share/turtlesim/cmake/export_turtlesim__rosidl_generator_cExport-noconfig.cmake
[21.891s] -- Installing: /home/sahruday/ros2_ws/install/turtlesim/share/turtlesim/cmake/export_turtlesim__rosidl_typesupport_fastrtps_cExport.cmake
[21.891s] -- Installing: /home/sahruday/ros2_ws/install/turtlesim/share/turtlesim/cmake/export_turtlesim__rosidl_typesupport_fastrtps_cExport-noconfig.cmake
[21.891s] -- Installing: /home/sahruday/ros2_ws/install/turtlesim/share/turtlesim/cmake/export_turtlesim__rosidl_generator_cppExport.cmake
[21.891s] -- Installing: /home/sahruday/ros2_ws/install/turtlesim/share/turtlesim/cmake/export_turtlesim__rosidl_typesupport_fastrtps_cppExport.cmake
[21.891s] -- Installing: /home/sahruday/ros2_ws/install/turtlesim/share/turtlesim/cmake/export_turtlesim__rosidl_typesupport_fastrtps_cppExport-noconfig.cmake
[21.891s] -- Installing: /home/sahruday/ros2_ws/install/turtlesim/share/turtlesim/cmake/turtlesim__rosidl_typesupport_introspection_cExport.cmake
[21.891s] -- Installing: /home/sahruday/ros2_ws/install/turtlesim/share/turtlesim/cmake/turtlesim__rosidl_typesupport_introspection_cExport-noconfig.cmake
[21.891s] -- Installing: /home/sahruday/ros2_ws/install/turtlesim/share/turtlesim/cmake/turtlesim__rosidl_typesupport_cExport.cmake
[21.891s] -- Installing: /home/sahruday/ros2_ws/install/turtlesim/share/turtlesim/cmake/turtlesim__rosidl_typesupport_cExport-noconfig.cmake
[21.891s] -- Installing: /home/sahruday/ros2_ws/install/turtlesim/share/turtlesim/cmake/turtlesim__rosidl_typesupport_introspection_cppExport.cmake
[21.891s] -- Installing: /home/sahruday/ros2_ws/install/turtlesim/share/turtlesim/cmake/turtlesim__rosidl_typesupport_introspection_cppExport-noconfig.cmake
[21.892s] -- Installing: /home/sahruday/ros2_ws/install/turtlesim/share/turtlesim/cmake/turtlesim__rosidl_typesupport_cppExport.cmake
[21.892s] -- Installing: /home/sahruday/ros2_ws/install/turtlesim/share/turtlesim/cmake/turtlesim__rosidl_typesupport_cppExport-noconfig.cmake
[21.892s] -- Installing: /home/sahruday/ros2_ws/install/turtlesim/share/turtlesim/cmake/export_turtlesim__rosidl_generator_pyExport.cmake
[21.892s] -- Installing: /home/sahruday/ros2_ws/install/turtlesim/share/turtlesim/cmake/export_turtlesim__rosidl_generator_pyExport-noconfig.cmake
[21.892s] -- Installing: /home/sahruday/ros2_ws/install/turtlesim/share/turtlesim/cmake/rosidl_cmake-extras.cmake
[21.892s] -- Installing: /home/sahruday/ros2_ws/install/turtlesim/share/turtlesim/cmake/ament_cmake_export_dependencies-extras.cmake
[21.892s] -- Installing: /home/sahruday/ros2_ws/install/turtlesim/share/turtlesim/cmake/ament_cmake_export_include_directories-extras.cmake
[21.892s] -- Installing: /home/sahruday/ros2_ws/install/turtlesim/share/turtlesim/cmake/ament_cmake_export_libraries-extras.cmake
[21.892s] -- Installing: /home/sahruday/ros2_ws/install/turtlesim/share/turtlesim/cmake/ament_cmake_export_targets-extras.cmake
[21.892s] -- Installing: /home/sahruday/ros2_ws/install/turtlesim/share/turtlesim/cmake/rosidl_cmake_export_typesupport_targets-extras.cmake
[21.892s] -- Installing: /home/sahruday/ros2_ws/install/turtlesim/share/turtlesim/cmake/rosidl_cmake_export_typesupport_libraries-extras.cmake
[21.892s] -- Installing: /home/sahruday/ros2_ws/install/turtlesim/share/turtlesim/cmake/turtlesimConfig.cmake
[21.892s] -- Installing: /home/sahruday/ros2_ws/install/turtlesim/share/turtlesim/cmake/turtlesimConfig-version.cmake
[21.892s] -- Installing: /home/sahruday/ros2_ws/install/turtlesim/share/turtlesim/package.xml
[21.894s] Invoked command in '/home/sahruday/ros2_ws/build/turtlesim' returned '0': CMAKE_PREFIX_PATH=${CMAKE_PREFIX_PATH}:/home/sahruday/ros2_humble/install/rqt_bag_plugins:/home/sahruday/ros2_humble/install/rqt_bag:/home/sahruday/ros2_humble/install/ros2bag:/home/sahruday/ros2_humble/install/tracetools_test:/home/sahruday/ros2_humble/install/tracetools_launch:/home/sahruday/ros2_humble/install/topic_monitor:/home/sahruday/ros2_humble/install/tf2_tools:/home/sahruday/ros2_humble/install/examples_tf2_py:/home/sahruday/ros2_humble/install/tf2_ros_py:/home/sahruday/ros2_humble/install/sros2:/home/sahruday/ros2_humble/install/rqt_topic:/home/sahruday/ros2_humble/install/rqt_srv:/home/sahruday/ros2_humble/install/rqt_shell:/home/sahruday/ros2_humble/install/rqt_service_caller:/home/sahruday/ros2_humble/install/rqt_reconfigure:/home/sahruday/ros2_humble/install/rqt_py_console:/home/sahruday/ros2_humble/install/rqt_publisher:/home/sahruday/ros2_humble/install/rqt_plot:/home/sahruday/ros2_humble/install/rqt_action:/home/sahruday/ros2_humble/install/rqt_msg:/home/sahruday/ros2_humble/install/rqt_console:/home/sahruday/ros2_humble/install/rqt:/home/sahruday/ros2_humble/install/rqt_graph:/home/sahruday/ros2_humble/install/rqt_gui_py:/home/sahruday/ros2_humble/install/rqt_gui:/home/sahruday/ros2_humble/install/ros2trace:/home/sahruday/ros2_humble/install/ros2topic:/home/sahruday/ros2_humble/install/ros2test:/home/sahruday/ros2_humble/install/ros2component:/home/sahruday/ros2_humble/install/ros2param:/home/sahruday/ros2_humble/install/ros2lifecycle:/home/sahruday/ros2_humble/install/ros2service:/home/sahruday/ros2_humble/install/ros2run:/home/sahruday/ros2_humble/install/ros2launch:/home/sahruday/ros2_humble/install/ros2pkg:/home/sahruday/ros2_humble/install/ros2node:/home/sahruday/ros2_humble/install/ros2multicast:/home/sahruday/ros2_humble/install/ros2interface:/home/sahruday/ros2_humble/install/ros2doctor:/home/sahruday/ros2_humble/install/ros2action:/home/sahruday/ros2_humble/install/ros2cli:/home/sahruday/ros2_humble/install/quality_of_service_demo_py:/home/sahruday/ros2_humble/install/lifecycle_py:/home/sahruday/ros2_humble/install/launch_testing_ros:/home/sahruday/ros2_humble/install/launch_ros:/home/sahruday/ros2_humble/install/examples_rclpy_pointcloud_publisher:/home/sahruday/ros2_humble/install/examples_rclpy_minimal_subscriber:/home/sahruday/ros2_humble/install/examples_rclpy_minimal_service:/home/sahruday/ros2_humble/install/examples_rclpy_minimal_publisher:/home/sahruday/ros2_humble/install/examples_rclpy_minimal_client:/home/sahruday/ros2_humble/install/examples_rclpy_minimal_action_server:/home/sahruday/ros2_humble/install/examples_rclpy_minimal_action_client:/home/sahruday/ros2_humble/install/examples_rclpy_guard_conditions:/home/sahruday/ros2_humble/install/examples_rclpy_executors:/home/sahruday/ros2_humble/install/demo_nodes_py:/home/sahruday/ros2_humble/install/action_tutorials_py:/home/sahruday/ros2_humble/install/ament_uncrustify:/home/sahruday/ros2_humble/install/tracetools_trace:/home/sahruday/ros2_humble/install/tracetools_read:/home/sahruday/ros2_humble/install/test_tracetools_launch:/home/sahruday/ros2_humble/install/test_launch_ros:/home/sahruday/ros2_humble/install/sensor_msgs_py:/home/sahruday/ros2_humble/install/rpyutils:/home/sahruday/ros2_humble/install/rosidl_runtime_py:/home/sahruday/ros2_humble/install/rosidl_cli:/home/sahruday/ros2_humble/install/launch_pytest:/home/sahruday/ros2_humble/install/launch_testing:/home/sahruday/ros2_humble/install/launch_yaml:/home/sahruday/ros2_humble/install/launch_xml:/home/sahruday/ros2_humble/install/launch:/home/sahruday/ros2_humble/install/osrf_pycommon:/home/sahruday/ros2_humble/install/launch_testing_examples:/home/sahruday/ros2_humble/install/domain_coordinator:/home/sahruday/ros2_humble/install/ament_xmllint:/home/sahruday/ros2_humble/install/ament_pyflakes:/home/sahruday/ros2_humble/install/ament_pycodestyle:/home/sahruday/ros2_humble/install/ament_pep257:/home/sahruday/ros2_humble/install/ament_pclint:/home/sahruday/ros2_humble/install/ament_package:/home/sahruday/ros2_humble/install/ament_mypy:/home/sahruday/ros2_humble/install/ament_lint_cmake:/home/sahruday/ros2_humble/install/ament_flake8:/home/sahruday/ros2_humble/install/ament_copyright:/home/sahruday/ros2_humble/install/ament_lint:/home/sahruday/ros2_humble/install/ament_index_python:/home/sahruday/ros2_humble/install/ament_cpplint:/home/sahruday/ros2_humble/install/ament_cppcheck:/home/sahruday/ros2_humble/install/ament_clang_tidy:/home/sahruday/ros2_humble/install/ament_clang_format /usr/bin/cmake --install /home/sahruday/ros2_ws/build/turtlesim
