[14.413s] Invoking command in '/home/sahruday/ros2_ws/build/examples_rclpy_minimal_publisher': PYTHONPATH=/home/sahruday/ros2_ws/install/examples_rclpy_minimal_publisher/lib/python3.10/site-packages:${PYTHONPATH} /usr/bin/python3 setup.py develop --prefix /home/sahruday/ros2_ws/install/examples_rclpy_minimal_publisher --editable --build-directory /home/sahruday/ros2_ws/build/examples_rclpy_minimal_publisher/build --no-deps install_data --install-dir /home/sahruday/ros2_ws/install/examples_rclpy_minimal_publisher
[25.462s] running develop
[25.463s] running egg_info
[25.463s] creating examples_rclpy_minimal_publisher.egg-info
[25.463s] writing examples_rclpy_minimal_publisher.egg-info/PKG-INFO
[25.463s] writing dependency_links to examples_rclpy_minimal_publisher.egg-info/dependency_links.txt
[25.463s] writing entry points to examples_rclpy_minimal_publisher.egg-info/entry_points.txt
[25.463s] writing requirements to examples_rclpy_minimal_publisher.egg-info/requires.txt
[25.463s] writing top-level names to examples_rclpy_minimal_publisher.egg-info/top_level.txt
[25.463s] writing manifest file 'examples_rclpy_minimal_publisher.egg-info/SOURCES.txt'
[25.463s] reading manifest file 'examples_rclpy_minimal_publisher.egg-info/SOURCES.txt'
[25.463s] writing manifest file 'examples_rclpy_minimal_publisher.egg-info/SOURCES.txt'
[25.463s] running build_ext
[25.463s] Creating /home/sahruday/ros2_ws/install/examples_rclpy_minimal_publisher/lib/python3.10/site-packages/examples-rclpy-minimal-publisher.egg-link (link to .)
[25.463s] Installing publisher_local_function script to /home/sahruday/ros2_ws/install/examples_rclpy_minimal_publisher/lib/examples_rclpy_minimal_publisher
[25.464s] Installing publisher_member_function script to /home/sahruday/ros2_ws/install/examples_rclpy_minimal_publisher/lib/examples_rclpy_minimal_publisher
[25.464s] Installing publisher_old_school script to /home/sahruday/ros2_ws/install/examples_rclpy_minimal_publisher/lib/examples_rclpy_minimal_publisher
[25.464s] 
[25.464s] Installed /home/sahruday/ros2_ws/build/examples_rclpy_minimal_publisher
[25.464s] running install_data
[25.464s] creating /home/sahruday/ros2_ws/install/examples_rclpy_minimal_publisher/share/ament_index
[25.464s] creating /home/sahruday/ros2_ws/install/examples_rclpy_minimal_publisher/share/ament_index/resource_index
[25.464s] creating /home/sahruday/ros2_ws/install/examples_rclpy_minimal_publisher/share/ament_index/resource_index/packages
[25.464s] copying resource/examples_rclpy_minimal_publisher -> /home/sahruday/ros2_ws/install/examples_rclpy_minimal_publisher/share/ament_index/resource_index/packages
[25.464s] copying package.xml -> /home/sahruday/ros2_ws/install/examples_rclpy_minimal_publisher/share/examples_rclpy_minimal_publisher
[25.464s] /usr/lib/python3/dist-packages/setuptools/command/easy_install.py:158: EasyInstallDeprecationWarning: easy_install command is deprecated. Use build and pip and other standards-based tools.
[25.464s]   warnings.warn(
[25.464s] /usr/lib/python3/dist-packages/setuptools/command/install.py:34: SetuptoolsDeprecationWarning: setup.py install is deprecated. Use build and pip and other standards-based tools.
[25.464s]   warnings.warn(
[25.464s] /usr/lib/python3/dist-packages/pkg_resources/__init__.py:116: PkgResourcesDeprecationWarning: 1.1build1 is an invalid version and will not be supported in a future release
[25.464s]   warnings.warn(
[25.464s] /usr/lib/python3/dist-packages/pkg_resources/__init__.py:116: PkgResourcesDeprecationWarning: 0.1.43ubuntu1 is an invalid version and will not be supported in a future release
[25.465s]   warnings.warn(
[25.610s] Invoked command in '/home/sahruday/ros2_ws/build/examples_rclpy_minimal_publisher' returned '0': PYTHONPATH=/home/sahruday/ros2_ws/install/examples_rclpy_minimal_publisher/lib/python3.10/site-packages:${PYTHONPATH} /usr/bin/python3 setup.py develop --prefix /home/sahruday/ros2_ws/install/examples_rclpy_minimal_publisher --editable --build-directory /home/sahruday/ros2_ws/build/examples_rclpy_minimal_publisher/build --no-deps install_data --install-dir /home/sahruday/ros2_ws/install/examples_rclpy_minimal_publisher
