[14.125s] Invoking command in '/home/sahruday/ros2_ws/build/examples_rclpy_minimal_client': PYTHONPATH=/home/sahruday/ros2_ws/install/examples_rclpy_minimal_client/lib/python3.10/site-packages:${PYTHONPATH} /usr/bin/python3 setup.py develop --prefix /home/sahruday/ros2_ws/install/examples_rclpy_minimal_client --editable --build-directory /home/sahruday/ros2_ws/build/examples_rclpy_minimal_client/build --no-deps install_data --install-dir /home/sahruday/ros2_ws/install/examples_rclpy_minimal_client
[25.527s] running develop
[25.528s] running egg_info
[25.528s] creating examples_rclpy_minimal_client.egg-info
[25.528s] writing examples_rclpy_minimal_client.egg-info/PKG-INFO
[25.528s] writing dependency_links to examples_rclpy_minimal_client.egg-info/dependency_links.txt
[25.528s] writing entry points to examples_rclpy_minimal_client.egg-info/entry_points.txt
[25.528s] writing requirements to examples_rclpy_minimal_client.egg-info/requires.txt
[25.528s] writing top-level names to examples_rclpy_minimal_client.egg-info/top_level.txt
[25.528s] writing manifest file 'examples_rclpy_minimal_client.egg-info/SOURCES.txt'
[25.528s] reading manifest file 'examples_rclpy_minimal_client.egg-info/SOURCES.txt'
[25.528s] writing manifest file 'examples_rclpy_minimal_client.egg-info/SOURCES.txt'
[25.528s] running build_ext
[25.528s] Creating /home/sahruday/ros2_ws/install/examples_rclpy_minimal_client/lib/python3.10/site-packages/examples-rclpy-minimal-client.egg-link (link to .)
[25.529s] Installing client script to /home/sahruday/ros2_ws/install/examples_rclpy_minimal_client/lib/examples_rclpy_minimal_client
[25.529s] Installing client_async script to /home/sahruday/ros2_ws/install/examples_rclpy_minimal_client/lib/examples_rclpy_minimal_client
[25.529s] Installing client_async_callback script to /home/sahruday/ros2_ws/install/examples_rclpy_minimal_client/lib/examples_rclpy_minimal_client
[25.529s] Installing client_async_member_function script to /home/sahruday/ros2_ws/install/examples_rclpy_minimal_client/lib/examples_rclpy_minimal_client
[25.529s] 
[25.529s] Installed /home/sahruday/ros2_ws/build/examples_rclpy_minimal_client
[25.529s] running install_data
[25.529s] creating /home/sahruday/ros2_ws/install/examples_rclpy_minimal_client/share/ament_index
[25.529s] creating /home/sahruday/ros2_ws/install/examples_rclpy_minimal_client/share/ament_index/resource_index
[25.529s] creating /home/sahruday/ros2_ws/install/examples_rclpy_minimal_client/share/ament_index/resource_index/packages
[25.529s] copying resource/examples_rclpy_minimal_client -> /home/sahruday/ros2_ws/install/examples_rclpy_minimal_client/share/ament_index/resource_index/packages
[25.529s] copying package.xml -> /home/sahruday/ros2_ws/install/examples_rclpy_minimal_client/share/examples_rclpy_minimal_client
[25.529s] /usr/lib/python3/dist-packages/setuptools/command/easy_install.py:158: EasyInstallDeprecationWarning: easy_install command is deprecated. Use build and pip and other standards-based tools.
[25.529s]   warnings.warn(
[25.529s] /usr/lib/python3/dist-packages/setuptools/command/install.py:34: SetuptoolsDeprecationWarning: setup.py install is deprecated. Use build and pip and other standards-based tools.
[25.529s]   warnings.warn(
[25.529s] /usr/lib/python3/dist-packages/pkg_resources/__init__.py:116: PkgResourcesDeprecationWarning: 1.1build1 is an invalid version and will not be supported in a future release
[25.530s]   warnings.warn(
[25.530s] /usr/lib/python3/dist-packages/pkg_resources/__init__.py:116: PkgResourcesDeprecationWarning: 0.1.43ubuntu1 is an invalid version and will not be supported in a future release
[25.530s]   warnings.warn(
[25.633s] Invoked command in '/home/sahruday/ros2_ws/build/examples_rclpy_minimal_client' returned '0': PYTHONPATH=/home/sahruday/ros2_ws/install/examples_rclpy_minimal_client/lib/python3.10/site-packages:${PYTHONPATH} /usr/bin/python3 setup.py develop --prefix /home/sahruday/ros2_ws/install/examples_rclpy_minimal_client --editable --build-directory /home/sahruday/ros2_ws/build/examples_rclpy_minimal_client/build --no-deps install_data --install-dir /home/sahruday/ros2_ws/install/examples_rclpy_minimal_client
