[0.016s] Invoking command in '/home/chotu/Beginner_Tutorials_Ros2/build/tutorial_interfaces': CMAKE_PREFIX_PATH=${CMAKE_PREFIX_PATH}:/opt/ros/humble /usr/bin/cmake /home/chotu/Beginner_Tutorials_Ros2/src/tutorial_interfaces -DCMAKE_INSTALL_PREFIX=/home/chotu/Beginner_Tutorials_Ros2/install/tutorial_interfaces
[0.053s] -- The C compiler identification is GNU 11.3.0
[0.086s] -- The CXX compiler identification is GNU 11.3.0
[0.090s] -- Detecting C compiler ABI info
[0.136s] -- Detecting C compiler ABI info - done
[0.140s] -- Check for working C compiler: /usr/bin/cc - skipped
[0.141s] -- Detecting C compile features
[0.141s] -- Detecting C compile features - done
[0.143s] -- Detecting CXX compiler ABI info
[0.188s] -- Detecting CXX compiler ABI info - done
[0.192s] -- Check for working CXX compiler: /usr/bin/c++ - skipped
[0.193s] -- Detecting CXX compile features
[0.193s] -- Detecting CXX compile features - done
[0.194s] -- Found ament_cmake: 1.3.3 (/opt/ros/humble/share/ament_cmake/cmake)
[0.306s] -- Found Python3: /usr/bin/python3.10 (found version "3.10.6") found components: Interpreter 
[0.367s] -- Found geometry_msgs: 4.2.2 (/opt/ros/humble/share/geometry_msgs/cmake)
[0.390s] -- Found rosidl_generator_c: 3.1.4 (/opt/ros/humble/share/rosidl_generator_c/cmake)
[0.393s] -- Found rosidl_adapter: 3.1.4 (/opt/ros/humble/share/rosidl_adapter/cmake)
[0.399s] -- Found rosidl_generator_cpp: 3.1.4 (/opt/ros/humble/share/rosidl_generator_cpp/cmake)
[0.407s] -- Using all available rosidl_typesupport_c: rosidl_typesupport_fastrtps_c;rosidl_typesupport_introspection_c
[0.423s] -- Using all available rosidl_typesupport_cpp: rosidl_typesupport_fastrtps_cpp;rosidl_typesupport_introspection_cpp
[0.503s] -- Found rosidl_default_generators: 1.2.0 (/opt/ros/humble/share/rosidl_default_generators/cmake)
[0.743s] -- Found ament_cmake_ros: 0.10.0 (/opt/ros/humble/share/ament_cmake_ros/cmake)
[1.056s] -- Using all available rosidl_typesupport_c: rosidl_typesupport_fastrtps_c;rosidl_typesupport_introspection_c
[1.174s] -- Using all available rosidl_typesupport_cpp: rosidl_typesupport_fastrtps_cpp;rosidl_typesupport_introspection_cpp
[1.189s] -- Found PythonInterp: /usr/bin/python3 (found suitable version "3.10.6", minimum required is "3.6") 
[1.190s] -- Found python_cmake_module: 0.10.0 (/opt/ros/humble/share/python_cmake_module/cmake)
[1.210s] -- Found PythonLibs: /usr/lib/x86_64-linux-gnu/libpython3.10.so (found suitable version "3.10.6", minimum required is "3.5") 
[1.210s] -- Using PYTHON_EXECUTABLE: /usr/bin/python3
[1.210s] -- Using PYTHON_INCLUDE_DIRS: /usr/include/python3.10
[1.210s] -- Using PYTHON_LIBRARIES: /usr/lib/x86_64-linux-gnu/libpython3.10.so
[1.225s] -- Found PythonExtra: .so  
[1.267s] -- Configuring done
[1.291s] -- Generating done
[1.292s] -- Build files have been written to: /home/chotu/Beginner_Tutorials_Ros2/build/tutorial_interfaces
[1.299s] Invoked command in '/home/chotu/Beginner_Tutorials_Ros2/build/tutorial_interfaces' returned '0': CMAKE_PREFIX_PATH=${CMAKE_PREFIX_PATH}:/opt/ros/humble /usr/bin/cmake /home/chotu/Beginner_Tutorials_Ros2/src/tutorial_interfaces -DCMAKE_INSTALL_PREFIX=/home/chotu/Beginner_Tutorials_Ros2/install/tutorial_interfaces
[1.300s] Invoking command in '/home/chotu/Beginner_Tutorials_Ros2/build/tutorial_interfaces': CMAKE_PREFIX_PATH=${CMAKE_PREFIX_PATH}:/opt/ros/humble /usr/bin/cmake --build /home/chotu/Beginner_Tutorials_Ros2/build/tutorial_interfaces -- -j16 -l16
[1.329s] [  1%] [34m[1mGenerating C code for ROS interfaces[0m
[1.335s] [  3%] [34m[1mGenerating C++ code for ROS interfaces[0m
[1.339s] [  3%] Built target ament_cmake_python_copy_tutorial_interfaces
[1.525s] running egg_info
[1.525s] creating tutorial_interfaces.egg-info
[1.525s] writing tutorial_interfaces.egg-info/PKG-INFO
[1.525s] writing dependency_links to tutorial_interfaces.egg-info/dependency_links.txt
[1.525s] writing top-level names to tutorial_interfaces.egg-info/top_level.txt
[1.525s] writing manifest file 'tutorial_interfaces.egg-info/SOURCES.txt'
[1.527s] reading manifest file 'tutorial_interfaces.egg-info/SOURCES.txt'
[1.527s] writing manifest file 'tutorial_interfaces.egg-info/SOURCES.txt'
[1.551s] [  3%] Built target ament_cmake_python_build_tutorial_interfaces_egg
[1.671s] [  3%] Built target tutorial_interfaces__cpp
[1.677s] [  4%] [34m[1mGenerating C++ introspection for ROS interfaces[0m
[1.678s] [  6%] [34m[1mGenerating C++ type support dispatch for ROS interfaces[0m
[1.678s] [  7%] [34m[1mGenerating C++ type support for eProsima Fast-RTPS[0m
[1.690s] [ 15%] [32mBuilding C object CMakeFiles/tutorial_interfaces__rosidl_generator_c.dir/rosidl_generator_c/tutorial_interfaces/srv/detail/change_string__functions.c.o[0m
[1.690s] [ 15%] [32mBuilding C object CMakeFiles/tutorial_interfaces__rosidl_generator_c.dir/rosidl_generator_c/tutorial_interfaces/srv/detail/add_three_ints__functions.c.o[0m
[1.690s] [ 15%] [32mBuilding C object CMakeFiles/tutorial_interfaces__rosidl_generator_c.dir/rosidl_generator_c/tutorial_interfaces/msg/detail/data__functions.c.o[0m
[1.690s] [ 15%] [32mBuilding C object CMakeFiles/tutorial_interfaces__rosidl_generator_c.dir/rosidl_generator_c/tutorial_interfaces/msg/detail/sphere__functions.c.o[0m
[1.690s] [ 15%] [32mBuilding C object CMakeFiles/tutorial_interfaces__rosidl_generator_c.dir/rosidl_generator_c/tutorial_interfaces/msg/detail/num__functions.c.o[0m
[1.732s] [ 17%] [32m[1mLinking C shared library libtutorial_interfaces__rosidl_generator_c.so[0m
[1.756s] [ 17%] Built target tutorial_interfaces__rosidl_generator_c
[1.761s] [ 22%] [34m[1mGenerating C type support for eProsima Fast-RTPS[0m
[1.761s] [ 22%] [34m[1mGenerating C introspection for ROS interfaces[0m
[1.761s] [ 22%] [34m[1mGenerating C type support dispatch for ROS interfaces[0m
[1.926s] [ 23%] [32mBuilding CXX object CMakeFiles/tutorial_interfaces__rosidl_typesupport_cpp.dir/rosidl_typesupport_cpp/tutorial_interfaces/msg/num__type_support.cpp.o[0m
[1.930s] [ 30%] [32mBuilding CXX object CMakeFiles/tutorial_interfaces__rosidl_typesupport_cpp.dir/rosidl_typesupport_cpp/tutorial_interfaces/srv/change_string__type_support.cpp.o[0m
[1.930s] [ 30%] [32mBuilding CXX object CMakeFiles/tutorial_interfaces__rosidl_typesupport_cpp.dir/rosidl_typesupport_cpp/tutorial_interfaces/msg/data__type_support.cpp.o[0m
[1.930s] [ 30%] [32mBuilding CXX object CMakeFiles/tutorial_interfaces__rosidl_typesupport_cpp.dir/rosidl_typesupport_cpp/tutorial_interfaces/srv/add_three_ints__type_support.cpp.o[0m
[1.930s] [ 30%] [32mBuilding CXX object CMakeFiles/tutorial_interfaces__rosidl_typesupport_cpp.dir/rosidl_typesupport_cpp/tutorial_interfaces/msg/sphere__type_support.cpp.o[0m
[1.976s] [ 38%] [32mBuilding CXX object CMakeFiles/tutorial_interfaces__rosidl_typesupport_introspection_cpp.dir/rosidl_typesupport_introspection_cpp/tutorial_interfaces/msg/detail/num__type_support.cpp.o[0m
[1.976s] [ 38%] [32mBuilding CXX object CMakeFiles/tutorial_interfaces__rosidl_typesupport_introspection_cpp.dir/rosidl_typesupport_introspection_cpp/tutorial_interfaces/srv/detail/change_string__type_support.cpp.o[0m
[1.976s] [ 38%] [32mBuilding CXX object CMakeFiles/tutorial_interfaces__rosidl_typesupport_introspection_cpp.dir/rosidl_typesupport_introspection_cpp/tutorial_interfaces/msg/detail/data__type_support.cpp.o[0m
[1.976s] [ 38%] [32mBuilding CXX object CMakeFiles/tutorial_interfaces__rosidl_typesupport_introspection_cpp.dir/rosidl_typesupport_introspection_cpp/tutorial_interfaces/srv/detail/add_three_ints__type_support.cpp.o[0m
[1.976s] [ 38%] [32mBuilding CXX object CMakeFiles/tutorial_interfaces__rosidl_typesupport_introspection_cpp.dir/rosidl_typesupport_introspection_cpp/tutorial_interfaces/msg/detail/sphere__type_support.cpp.o[0m
[2.047s] [ 39%] [32mBuilding CXX object CMakeFiles/tutorial_interfaces__rosidl_typesupport_fastrtps_cpp.dir/rosidl_typesupport_fastrtps_cpp/tutorial_interfaces/msg/detail/dds_fastrtps/sphere__type_support.cpp.o[0m
[2.056s] [ 41%] [32mBuilding CXX object CMakeFiles/tutorial_interfaces__rosidl_typesupport_fastrtps_cpp.dir/rosidl_typesupport_fastrtps_cpp/tutorial_interfaces/msg/detail/dds_fastrtps/num__type_support.cpp.o[0m
[2.069s] [ 42%] [32mBuilding CXX object CMakeFiles/tutorial_interfaces__rosidl_typesupport_fastrtps_cpp.dir/rosidl_typesupport_fastrtps_cpp/tutorial_interfaces/msg/detail/dds_fastrtps/data__type_support.cpp.o[0m
[2.091s] [ 44%] [32mBuilding CXX object CMakeFiles/tutorial_interfaces__rosidl_typesupport_c.dir/rosidl_typesupport_c/tutorial_interfaces/msg/num__type_support.cpp.o[0m
[2.154s] [ 46%] [32mBuilding CXX object CMakeFiles/tutorial_interfaces__rosidl_typesupport_c.dir/rosidl_typesupport_c/tutorial_interfaces/msg/sphere__type_support.cpp.o[0m
[2.198s] [ 47%] [32mBuilding CXX object CMakeFiles/tutorial_interfaces__rosidl_typesupport_c.dir/rosidl_typesupport_c/tutorial_interfaces/msg/data__type_support.cpp.o[0m
[2.263s] [ 49%] [32mBuilding CXX object CMakeFiles/tutorial_interfaces__rosidl_typesupport_c.dir/rosidl_typesupport_c/tutorial_interfaces/srv/add_three_ints__type_support.cpp.o[0m
[2.277s] [ 50%] [32mBuilding CXX object CMakeFiles/tutorial_interfaces__rosidl_typesupport_c.dir/rosidl_typesupport_c/tutorial_interfaces/srv/change_string__type_support.cpp.o[0m
[2.301s] [ 52%] [32mBuilding C object CMakeFiles/tutorial_interfaces__rosidl_typesupport_introspection_c.dir/rosidl_typesupport_introspection_c/tutorial_interfaces/msg/detail/num__type_support.c.o[0m
[2.309s] [ 53%] [32mBuilding C object CMakeFiles/tutorial_interfaces__rosidl_typesupport_introspection_c.dir/rosidl_typesupport_introspection_c/tutorial_interfaces/msg/detail/sphere__type_support.c.o[0m
[2.310s] [ 55%] [32mBuilding CXX object CMakeFiles/tutorial_interfaces__rosidl_typesupport_fastrtps_cpp.dir/rosidl_typesupport_fastrtps_cpp/tutorial_interfaces/srv/detail/dds_fastrtps/add_three_ints__type_support.cpp.o[0m
[2.312s] [ 57%] [32mBuilding C object CMakeFiles/tutorial_interfaces__rosidl_typesupport_introspection_c.dir/rosidl_typesupport_introspection_c/tutorial_interfaces/msg/detail/data__type_support.c.o[0m
[2.327s] [ 58%] [32mBuilding CXX object CMakeFiles/tutorial_interfaces__rosidl_typesupport_fastrtps_cpp.dir/rosidl_typesupport_fastrtps_cpp/tutorial_interfaces/srv/detail/dds_fastrtps/change_string__type_support.cpp.o[0m
[2.353s] [ 61%] [32m[1mLinking CXX shared library libtutorial_interfaces__rosidl_typesupport_c.so[0m
[2.353s] [ 61%] [32mBuilding C object CMakeFiles/tutorial_interfaces__rosidl_typesupport_introspection_c.dir/rosidl_typesupport_introspection_c/tutorial_interfaces/srv/detail/add_three_ints__type_support.c.o[0m
[2.365s] [ 63%] [32mBuilding CXX object CMakeFiles/tutorial_interfaces__rosidl_typesupport_fastrtps_c.dir/rosidl_typesupport_fastrtps_c/tutorial_interfaces/msg/detail/num__type_support_c.cpp.o[0m
[2.374s] [ 65%] [32m[1mLinking CXX shared library libtutorial_interfaces__rosidl_typesupport_cpp.so[0m
[2.377s] [ 66%] [32mBuilding C object CMakeFiles/tutorial_interfaces__rosidl_typesupport_introspection_c.dir/rosidl_typesupport_introspection_c/tutorial_interfaces/srv/detail/change_string__type_support.c.o[0m
[2.384s] [ 68%] [32mBuilding CXX object CMakeFiles/tutorial_interfaces__rosidl_typesupport_fastrtps_c.dir/rosidl_typesupport_fastrtps_c/tutorial_interfaces/msg/detail/sphere__type_support_c.cpp.o[0m
[2.421s] [ 69%] [32mBuilding CXX object CMakeFiles/tutorial_interfaces__rosidl_typesupport_fastrtps_c.dir/rosidl_typesupport_fastrtps_c/tutorial_interfaces/msg/detail/data__type_support_c.cpp.o[0m
[2.432s] [ 71%] [32m[1mLinking C shared library libtutorial_interfaces__rosidl_typesupport_introspection_c.so[0m
[2.445s] [ 71%] Built target tutorial_interfaces__rosidl_typesupport_c
[2.450s] [ 71%] Built target tutorial_interfaces__rosidl_typesupport_cpp
[2.480s] [ 73%] [32mBuilding CXX object CMakeFiles/tutorial_interfaces__rosidl_typesupport_fastrtps_c.dir/rosidl_typesupport_fastrtps_c/tutorial_interfaces/srv/detail/change_string__type_support_c.cpp.o[0m
[2.486s] [ 74%] [32mBuilding CXX object CMakeFiles/tutorial_interfaces__rosidl_typesupport_fastrtps_c.dir/rosidl_typesupport_fastrtps_c/tutorial_interfaces/srv/detail/add_three_ints__type_support_c.cpp.o[0m
[2.491s] [ 74%] Built target tutorial_interfaces__rosidl_typesupport_introspection_c
[2.581s] [ 76%] [32m[1mLinking CXX shared library libtutorial_interfaces__rosidl_typesupport_introspection_cpp.so[0m
[2.675s] [ 76%] Built target tutorial_interfaces__rosidl_typesupport_introspection_cpp
[2.805s] [ 77%] [32m[1mLinking CXX shared library libtutorial_interfaces__rosidl_typesupport_fastrtps_cpp.so[0m
[2.839s] [ 79%] [32m[1mLinking CXX shared library libtutorial_interfaces__rosidl_typesupport_fastrtps_c.so[0m
[2.863s] [ 79%] Built target tutorial_interfaces__rosidl_typesupport_fastrtps_cpp
[2.883s] [ 79%] Built target tutorial_interfaces__rosidl_typesupport_fastrtps_c
[2.893s] [ 79%] Built target tutorial_interfaces
[2.904s] [ 80%] [34m[1mGenerating Python code for ROS interfaces[0m
[3.376s] [ 80%] Built target tutorial_interfaces__py
[3.389s] [ 87%] [32mBuilding C object CMakeFiles/tutorial_interfaces__rosidl_generator_py.dir/rosidl_generator_py/tutorial_interfaces/msg/_data_s.c.o[0m
[3.389s] [ 87%] [32mBuilding C object CMakeFiles/tutorial_interfaces__rosidl_generator_py.dir/rosidl_generator_py/tutorial_interfaces/msg/_sphere_s.c.o[0m
[3.390s] [ 87%] [32mBuilding C object CMakeFiles/tutorial_interfaces__rosidl_generator_py.dir/rosidl_generator_py/tutorial_interfaces/msg/_num_s.c.o[0m
[3.390s] [ 88%] [32mBuilding C object CMakeFiles/tutorial_interfaces__rosidl_generator_py.dir/rosidl_generator_py/tutorial_interfaces/srv/_add_three_ints_s.c.o[0m
[3.390s] [ 88%] [32mBuilding C object CMakeFiles/tutorial_interfaces__rosidl_generator_py.dir/rosidl_generator_py/tutorial_interfaces/srv/_change_string_s.c.o[0m
[3.464s] [ 90%] [32m[1mLinking C shared library rosidl_generator_py/tutorial_interfaces/libtutorial_interfaces__rosidl_generator_py.so[0m
[3.488s] [ 90%] Built target tutorial_interfaces__rosidl_generator_py
[3.500s] [ 95%] [32mBuilding C object CMakeFiles/tutorial_interfaces__rosidl_typesupport_introspection_c__pyext.dir/rosidl_generator_py/tutorial_interfaces/_tutorial_interfaces_s.ep.rosidl_typesupport_introspection_c.c.o[0m
[3.500s] [ 95%] [32mBuilding C object CMakeFiles/tutorial_interfaces__rosidl_typesupport_fastrtps_c__pyext.dir/rosidl_generator_py/tutorial_interfaces/_tutorial_interfaces_s.ep.rosidl_typesupport_fastrtps_c.c.o[0m
[3.500s] [ 95%] [32mBuilding C object CMakeFiles/tutorial_interfaces__rosidl_typesupport_c__pyext.dir/rosidl_generator_py/tutorial_interfaces/_tutorial_interfaces_s.ep.rosidl_typesupport_c.c.o[0m
[3.573s] [ 98%] [32m[1mLinking C shared library rosidl_generator_py/tutorial_interfaces/tutorial_interfaces_s__rosidl_typesupport_fastrtps_c.cpython-310-x86_64-linux-gnu.so[0m
[3.573s] [ 98%] [32m[1mLinking C shared library rosidl_generator_py/tutorial_interfaces/tutorial_interfaces_s__rosidl_typesupport_introspection_c.cpython-310-x86_64-linux-gnu.so[0m
[3.573s] [100%] [32m[1mLinking C shared library rosidl_generator_py/tutorial_interfaces/tutorial_interfaces_s__rosidl_typesupport_c.cpython-310-x86_64-linux-gnu.so[0m
[3.597s] [100%] Built target tutorial_interfaces__rosidl_typesupport_c__pyext
[3.597s] [100%] Built target tutorial_interfaces__rosidl_typesupport_fastrtps_c__pyext
[3.597s] [100%] Built target tutorial_interfaces__rosidl_typesupport_introspection_c__pyext
[3.604s] Invoked command in '/home/chotu/Beginner_Tutorials_Ros2/build/tutorial_interfaces' returned '0': CMAKE_PREFIX_PATH=${CMAKE_PREFIX_PATH}:/opt/ros/humble /usr/bin/cmake --build /home/chotu/Beginner_Tutorials_Ros2/build/tutorial_interfaces -- -j16 -l16
[3.670s] Invoking command in '/home/chotu/Beginner_Tutorials_Ros2/build/tutorial_interfaces': CMAKE_PREFIX_PATH=${CMAKE_PREFIX_PATH}:/opt/ros/humble /usr/bin/cmake --install /home/chotu/Beginner_Tutorials_Ros2/build/tutorial_interfaces
[3.674s] -- Install configuration: ""
[3.674s] -- Installing: /home/chotu/Beginner_Tutorials_Ros2/install/tutorial_interfaces/share/ament_index/resource_index/rosidl_interfaces/tutorial_interfaces
[3.674s] -- Installing: /home/chotu/Beginner_Tutorials_Ros2/install/tutorial_interfaces/include/tutorial_interfaces/tutorial_interfaces
[3.674s] -- Installing: /home/chotu/Beginner_Tutorials_Ros2/install/tutorial_interfaces/include/tutorial_interfaces/tutorial_interfaces/msg
[3.674s] -- Installing: /home/chotu/Beginner_Tutorials_Ros2/install/tutorial_interfaces/include/tutorial_interfaces/tutorial_interfaces/msg/data.h
[3.674s] -- Installing: /home/chotu/Beginner_Tutorials_Ros2/install/tutorial_interfaces/include/tutorial_interfaces/tutorial_interfaces/msg/detail
[3.674s] -- Installing: /home/chotu/Beginner_Tutorials_Ros2/install/tutorial_interfaces/include/tutorial_interfaces/tutorial_interfaces/msg/detail/sphere__functions.c
[3.674s] -- Installing: /home/chotu/Beginner_Tutorials_Ros2/install/tutorial_interfaces/include/tutorial_interfaces/tutorial_interfaces/msg/detail/data__functions.c
[3.675s] -- Installing: /home/chotu/Beginner_Tutorials_Ros2/install/tutorial_interfaces/include/tutorial_interfaces/tutorial_interfaces/msg/detail/data__functions.h
[3.675s] -- Installing: /home/chotu/Beginner_Tutorials_Ros2/install/tutorial_interfaces/include/tutorial_interfaces/tutorial_interfaces/msg/detail/data__type_support.h
[3.675s] -- Installing: /home/chotu/Beginner_Tutorials_Ros2/install/tutorial_interfaces/include/tutorial_interfaces/tutorial_interfaces/msg/detail/data__struct.h
[3.675s] -- Installing: /home/chotu/Beginner_Tutorials_Ros2/install/tutorial_interfaces/include/tutorial_interfaces/tutorial_interfaces/msg/detail/sphere__functions.h
[3.675s] -- Installing: /home/chotu/Beginner_Tutorials_Ros2/install/tutorial_interfaces/include/tutorial_interfaces/tutorial_interfaces/msg/detail/num__type_support.h
[3.675s] -- Installing: /home/chotu/Beginner_Tutorials_Ros2/install/tutorial_interfaces/include/tutorial_interfaces/tutorial_interfaces/msg/detail/sphere__type_support.h
[3.675s] -- Installing: /home/chotu/Beginner_Tutorials_Ros2/install/tutorial_interfaces/include/tutorial_interfaces/tutorial_interfaces/msg/detail/num__functions.h
[3.675s] -- Installing: /home/chotu/Beginner_Tutorials_Ros2/install/tutorial_interfaces/include/tutorial_interfaces/tutorial_interfaces/msg/detail/num__functions.c
[3.675s] -- Installing: /home/chotu/Beginner_Tutorials_Ros2/install/tutorial_interfaces/include/tutorial_interfaces/tutorial_interfaces/msg/detail/num__struct.h
[3.675s] -- Installing: /home/chotu/Beginner_Tutorials_Ros2/install/tutorial_interfaces/include/tutorial_interfaces/tutorial_interfaces/msg/detail/sphere__struct.h
[3.675s] -- Installing: /home/chotu/Beginner_Tutorials_Ros2/install/tutorial_interfaces/include/tutorial_interfaces/tutorial_interfaces/msg/sphere.h
[3.675s] -- Installing: /home/chotu/Beginner_Tutorials_Ros2/install/tutorial_interfaces/include/tutorial_interfaces/tutorial_interfaces/msg/num.h
[3.675s] -- Installing: /home/chotu/Beginner_Tutorials_Ros2/install/tutorial_interfaces/include/tutorial_interfaces/tutorial_interfaces/msg/rosidl_generator_c__visibility_control.h
[3.675s] -- Installing: /home/chotu/Beginner_Tutorials_Ros2/install/tutorial_interfaces/include/tutorial_interfaces/tutorial_interfaces/srv
[3.675s] -- Installing: /home/chotu/Beginner_Tutorials_Ros2/install/tutorial_interfaces/include/tutorial_interfaces/tutorial_interfaces/srv/detail
[3.675s] -- Installing: /home/chotu/Beginner_Tutorials_Ros2/install/tutorial_interfaces/include/tutorial_interfaces/tutorial_interfaces/srv/detail/add_three_ints__struct.h
[3.675s] -- Installing: /home/chotu/Beginner_Tutorials_Ros2/install/tutorial_interfaces/include/tutorial_interfaces/tutorial_interfaces/srv/detail/add_three_ints__functions.h
[3.675s] -- Installing: /home/chotu/Beginner_Tutorials_Ros2/install/tutorial_interfaces/include/tutorial_interfaces/tutorial_interfaces/srv/detail/add_three_ints__functions.c
[3.676s] -- Installing: /home/chotu/Beginner_Tutorials_Ros2/install/tutorial_interfaces/include/tutorial_interfaces/tutorial_interfaces/srv/detail/change_string__functions.c
[3.676s] -- Installing: /home/chotu/Beginner_Tutorials_Ros2/install/tutorial_interfaces/include/tutorial_interfaces/tutorial_interfaces/srv/detail/change_string__type_support.h
[3.676s] -- Installing: /home/chotu/Beginner_Tutorials_Ros2/install/tutorial_interfaces/include/tutorial_interfaces/tutorial_interfaces/srv/detail/change_string__functions.h
[3.676s] -- Installing: /home/chotu/Beginner_Tutorials_Ros2/install/tutorial_interfaces/include/tutorial_interfaces/tutorial_interfaces/srv/detail/change_string__struct.h
[3.676s] -- Installing: /home/chotu/Beginner_Tutorials_Ros2/install/tutorial_interfaces/include/tutorial_interfaces/tutorial_interfaces/srv/detail/add_three_ints__type_support.h
[3.676s] -- Installing: /home/chotu/Beginner_Tutorials_Ros2/install/tutorial_interfaces/include/tutorial_interfaces/tutorial_interfaces/srv/change_string.h
[3.676s] -- Installing: /home/chotu/Beginner_Tutorials_Ros2/install/tutorial_interfaces/include/tutorial_interfaces/tutorial_interfaces/srv/add_three_ints.h
[3.676s] -- Installing: /home/chotu/Beginner_Tutorials_Ros2/install/tutorial_interfaces/share/tutorial_interfaces/environment/library_path.sh
[3.676s] -- Installing: /home/chotu/Beginner_Tutorials_Ros2/install/tutorial_interfaces/share/tutorial_interfaces/environment/library_path.dsv
[3.676s] -- Installing: /home/chotu/Beginner_Tutorials_Ros2/install/tutorial_interfaces/lib/libtutorial_interfaces__rosidl_generator_c.so
[3.676s] -- Set runtime path of "/home/chotu/Beginner_Tutorials_Ros2/install/tutorial_interfaces/lib/libtutorial_interfaces__rosidl_generator_c.so" to ""
[3.676s] -- Up-to-date: /home/chotu/Beginner_Tutorials_Ros2/install/tutorial_interfaces/include/tutorial_interfaces/tutorial_interfaces
[3.676s] -- Up-to-date: /home/chotu/Beginner_Tutorials_Ros2/install/tutorial_interfaces/include/tutorial_interfaces/tutorial_interfaces/msg
[3.677s] -- Up-to-date: /home/chotu/Beginner_Tutorials_Ros2/install/tutorial_interfaces/include/tutorial_interfaces/tutorial_interfaces/msg/detail
[3.677s] -- Installing: /home/chotu/Beginner_Tutorials_Ros2/install/tutorial_interfaces/include/tutorial_interfaces/tutorial_interfaces/msg/detail/data__rosidl_typesupport_fastrtps_c.h
[3.677s] -- Installing: /home/chotu/Beginner_Tutorials_Ros2/install/tutorial_interfaces/include/tutorial_interfaces/tutorial_interfaces/msg/detail/num__rosidl_typesupport_fastrtps_c.h
[3.677s] -- Installing: /home/chotu/Beginner_Tutorials_Ros2/install/tutorial_interfaces/include/tutorial_interfaces/tutorial_interfaces/msg/detail/sphere__rosidl_typesupport_fastrtps_c.h
[3.677s] -- Installing: /home/chotu/Beginner_Tutorials_Ros2/install/tutorial_interfaces/include/tutorial_interfaces/tutorial_interfaces/msg/rosidl_typesupport_fastrtps_c__visibility_control.h
[3.677s] -- Up-to-date: /home/chotu/Beginner_Tutorials_Ros2/install/tutorial_interfaces/include/tutorial_interfaces/tutorial_interfaces/srv
[3.677s] -- Up-to-date: /home/chotu/Beginner_Tutorials_Ros2/install/tutorial_interfaces/include/tutorial_interfaces/tutorial_interfaces/srv/detail
[3.677s] -- Installing: /home/chotu/Beginner_Tutorials_Ros2/install/tutorial_interfaces/include/tutorial_interfaces/tutorial_interfaces/srv/detail/change_string__rosidl_typesupport_fastrtps_c.h
[3.677s] -- Installing: /home/chotu/Beginner_Tutorials_Ros2/install/tutorial_interfaces/include/tutorial_interfaces/tutorial_interfaces/srv/detail/add_three_ints__rosidl_typesupport_fastrtps_c.h
[3.677s] -- Installing: /home/chotu/Beginner_Tutorials_Ros2/install/tutorial_interfaces/lib/libtutorial_interfaces__rosidl_typesupport_fastrtps_c.so
[3.677s] -- Set runtime path of "/home/chotu/Beginner_Tutorials_Ros2/install/tutorial_interfaces/lib/libtutorial_interfaces__rosidl_typesupport_fastrtps_c.so" to ""
[3.677s] -- Up-to-date: /home/chotu/Beginner_Tutorials_Ros2/install/tutorial_interfaces/include/tutorial_interfaces/tutorial_interfaces
[3.677s] -- Up-to-date: /home/chotu/Beginner_Tutorials_Ros2/install/tutorial_interfaces/include/tutorial_interfaces/tutorial_interfaces/msg
[3.677s] -- Up-to-date: /home/chotu/Beginner_Tutorials_Ros2/install/tutorial_interfaces/include/tutorial_interfaces/tutorial_interfaces/msg/detail
[3.677s] -- Installing: /home/chotu/Beginner_Tutorials_Ros2/install/tutorial_interfaces/include/tutorial_interfaces/tutorial_interfaces/msg/detail/num__traits.hpp
[3.677s] -- Installing: /home/chotu/Beginner_Tutorials_Ros2/install/tutorial_interfaces/include/tutorial_interfaces/tutorial_interfaces/msg/detail/data__struct.hpp
[3.677s] -- Installing: /home/chotu/Beginner_Tutorials_Ros2/install/tutorial_interfaces/include/tutorial_interfaces/tutorial_interfaces/msg/detail/sphere__traits.hpp
[3.677s] -- Installing: /home/chotu/Beginner_Tutorials_Ros2/install/tutorial_interfaces/include/tutorial_interfaces/tutorial_interfaces/msg/detail/data__builder.hpp
[3.678s] -- Installing: /home/chotu/Beginner_Tutorials_Ros2/install/tutorial_interfaces/include/tutorial_interfaces/tutorial_interfaces/msg/detail/num__struct.hpp
[3.678s] -- Installing: /home/chotu/Beginner_Tutorials_Ros2/install/tutorial_interfaces/include/tutorial_interfaces/tutorial_interfaces/msg/detail/num__builder.hpp
[3.678s] -- Installing: /home/chotu/Beginner_Tutorials_Ros2/install/tutorial_interfaces/include/tutorial_interfaces/tutorial_interfaces/msg/detail/sphere__builder.hpp
[3.678s] -- Installing: /home/chotu/Beginner_Tutorials_Ros2/install/tutorial_interfaces/include/tutorial_interfaces/tutorial_interfaces/msg/detail/data__traits.hpp
[3.678s] -- Installing: /home/chotu/Beginner_Tutorials_Ros2/install/tutorial_interfaces/include/tutorial_interfaces/tutorial_interfaces/msg/detail/sphere__struct.hpp
[3.678s] -- Installing: /home/chotu/Beginner_Tutorials_Ros2/install/tutorial_interfaces/include/tutorial_interfaces/tutorial_interfaces/msg/sphere.hpp
[3.678s] -- Installing: /home/chotu/Beginner_Tutorials_Ros2/install/tutorial_interfaces/include/tutorial_interfaces/tutorial_interfaces/msg/data.hpp
[3.678s] -- Installing: /home/chotu/Beginner_Tutorials_Ros2/install/tutorial_interfaces/include/tutorial_interfaces/tutorial_interfaces/msg/num.hpp
[3.678s] -- Up-to-date: /home/chotu/Beginner_Tutorials_Ros2/install/tutorial_interfaces/include/tutorial_interfaces/tutorial_interfaces/srv
[3.678s] -- Up-to-date: /home/chotu/Beginner_Tutorials_Ros2/install/tutorial_interfaces/include/tutorial_interfaces/tutorial_interfaces/srv/detail
[3.678s] -- Installing: /home/chotu/Beginner_Tutorials_Ros2/install/tutorial_interfaces/include/tutorial_interfaces/tutorial_interfaces/srv/detail/change_string__struct.hpp
[3.678s] -- Installing: /home/chotu/Beginner_Tutorials_Ros2/install/tutorial_interfaces/include/tutorial_interfaces/tutorial_interfaces/srv/detail/add_three_ints__traits.hpp
[3.678s] -- Installing: /home/chotu/Beginner_Tutorials_Ros2/install/tutorial_interfaces/include/tutorial_interfaces/tutorial_interfaces/srv/detail/add_three_ints__struct.hpp
[3.678s] -- Installing: /home/chotu/Beginner_Tutorials_Ros2/install/tutorial_interfaces/include/tutorial_interfaces/tutorial_interfaces/srv/detail/change_string__builder.hpp
[3.678s] -- Installing: /home/chotu/Beginner_Tutorials_Ros2/install/tutorial_interfaces/include/tutorial_interfaces/tutorial_interfaces/srv/detail/change_string__traits.hpp
[3.678s] -- Installing: /home/chotu/Beginner_Tutorials_Ros2/install/tutorial_interfaces/include/tutorial_interfaces/tutorial_interfaces/srv/detail/add_three_ints__builder.hpp
[3.678s] -- Installing: /home/chotu/Beginner_Tutorials_Ros2/install/tutorial_interfaces/include/tutorial_interfaces/tutorial_interfaces/srv/change_string.hpp
[3.678s] -- Installing: /home/chotu/Beginner_Tutorials_Ros2/install/tutorial_interfaces/include/tutorial_interfaces/tutorial_interfaces/srv/add_three_ints.hpp
[3.678s] -- Up-to-date: /home/chotu/Beginner_Tutorials_Ros2/install/tutorial_interfaces/include/tutorial_interfaces/tutorial_interfaces
[3.678s] -- Up-to-date: /home/chotu/Beginner_Tutorials_Ros2/install/tutorial_interfaces/include/tutorial_interfaces/tutorial_interfaces/msg
[3.679s] -- Up-to-date: /home/chotu/Beginner_Tutorials_Ros2/install/tutorial_interfaces/include/tutorial_interfaces/tutorial_interfaces/msg/detail
[3.679s] -- Installing: /home/chotu/Beginner_Tutorials_Ros2/install/tutorial_interfaces/include/tutorial_interfaces/tutorial_interfaces/msg/detail/sphere__rosidl_typesupport_fastrtps_cpp.hpp
[3.679s] -- Installing: /home/chotu/Beginner_Tutorials_Ros2/install/tutorial_interfaces/include/tutorial_interfaces/tutorial_interfaces/msg/detail/dds_fastrtps
[3.679s] -- Installing: /home/chotu/Beginner_Tutorials_Ros2/install/tutorial_interfaces/include/tutorial_interfaces/tutorial_interfaces/msg/detail/data__rosidl_typesupport_fastrtps_cpp.hpp
[3.679s] -- Installing: /home/chotu/Beginner_Tutorials_Ros2/install/tutorial_interfaces/include/tutorial_interfaces/tutorial_interfaces/msg/detail/num__rosidl_typesupport_fastrtps_cpp.hpp
[3.679s] -- Installing: /home/chotu/Beginner_Tutorials_Ros2/install/tutorial_interfaces/include/tutorial_interfaces/tutorial_interfaces/msg/rosidl_typesupport_fastrtps_cpp__visibility_control.h
[3.679s] -- Up-to-date: /home/chotu/Beginner_Tutorials_Ros2/install/tutorial_interfaces/include/tutorial_interfaces/tutorial_interfaces/srv
[3.679s] -- Up-to-date: /home/chotu/Beginner_Tutorials_Ros2/install/tutorial_interfaces/include/tutorial_interfaces/tutorial_interfaces/srv/detail
[3.679s] -- Installing: /home/chotu/Beginner_Tutorials_Ros2/install/tutorial_interfaces/include/tutorial_interfaces/tutorial_interfaces/srv/detail/add_three_ints__rosidl_typesupport_fastrtps_cpp.hpp
[3.679s] -- Installing: /home/chotu/Beginner_Tutorials_Ros2/install/tutorial_interfaces/include/tutorial_interfaces/tutorial_interfaces/srv/detail/dds_fastrtps
[3.679s] -- Installing: /home/chotu/Beginner_Tutorials_Ros2/install/tutorial_interfaces/include/tutorial_interfaces/tutorial_interfaces/srv/detail/change_string__rosidl_typesupport_fastrtps_cpp.hpp
[3.679s] -- Installing: /home/chotu/Beginner_Tutorials_Ros2/install/tutorial_interfaces/lib/libtutorial_interfaces__rosidl_typesupport_fastrtps_cpp.so
[3.679s] -- Set runtime path of "/home/chotu/Beginner_Tutorials_Ros2/install/tutorial_interfaces/lib/libtutorial_interfaces__rosidl_typesupport_fastrtps_cpp.so" to ""
[3.679s] -- Up-to-date: /home/chotu/Beginner_Tutorials_Ros2/install/tutorial_interfaces/include/tutorial_interfaces/tutorial_interfaces
[3.679s] -- Up-to-date: /home/chotu/Beginner_Tutorials_Ros2/install/tutorial_interfaces/include/tutorial_interfaces/tutorial_interfaces/msg
[3.679s] -- Up-to-date: /home/chotu/Beginner_Tutorials_Ros2/install/tutorial_interfaces/include/tutorial_interfaces/tutorial_interfaces/msg/detail
[3.679s] -- Installing: /home/chotu/Beginner_Tutorials_Ros2/install/tutorial_interfaces/include/tutorial_interfaces/tutorial_interfaces/msg/detail/num__rosidl_typesupport_introspection_c.h
[3.679s] -- Installing: /home/chotu/Beginner_Tutorials_Ros2/install/tutorial_interfaces/include/tutorial_interfaces/tutorial_interfaces/msg/detail/data__rosidl_typesupport_introspection_c.h
[3.679s] -- Installing: /home/chotu/Beginner_Tutorials_Ros2/install/tutorial_interfaces/include/tutorial_interfaces/tutorial_interfaces/msg/detail/sphere__type_support.c
[3.680s] -- Installing: /home/chotu/Beginner_Tutorials_Ros2/install/tutorial_interfaces/include/tutorial_interfaces/tutorial_interfaces/msg/detail/data__type_support.c
[3.680s] -- Installing: /home/chotu/Beginner_Tutorials_Ros2/install/tutorial_interfaces/include/tutorial_interfaces/tutorial_interfaces/msg/detail/num__type_support.c
[3.680s] -- Installing: /home/chotu/Beginner_Tutorials_Ros2/install/tutorial_interfaces/include/tutorial_interfaces/tutorial_interfaces/msg/detail/sphere__rosidl_typesupport_introspection_c.h
[3.680s] -- Installing: /home/chotu/Beginner_Tutorials_Ros2/install/tutorial_interfaces/include/tutorial_interfaces/tutorial_interfaces/msg/rosidl_typesupport_introspection_c__visibility_control.h
[3.680s] -- Up-to-date: /home/chotu/Beginner_Tutorials_Ros2/install/tutorial_interfaces/include/tutorial_interfaces/tutorial_interfaces/srv
[3.680s] -- Up-to-date: /home/chotu/Beginner_Tutorials_Ros2/install/tutorial_interfaces/include/tutorial_interfaces/tutorial_interfaces/srv/detail
[3.680s] -- Installing: /home/chotu/Beginner_Tutorials_Ros2/install/tutorial_interfaces/include/tutorial_interfaces/tutorial_interfaces/srv/detail/change_string__rosidl_typesupport_introspection_c.h
[3.680s] -- Installing: /home/chotu/Beginner_Tutorials_Ros2/install/tutorial_interfaces/include/tutorial_interfaces/tutorial_interfaces/srv/detail/add_three_ints__rosidl_typesupport_introspection_c.h
[3.680s] -- Installing: /home/chotu/Beginner_Tutorials_Ros2/install/tutorial_interfaces/include/tutorial_interfaces/tutorial_interfaces/srv/detail/change_string__type_support.c
[3.680s] -- Installing: /home/chotu/Beginner_Tutorials_Ros2/install/tutorial_interfaces/include/tutorial_interfaces/tutorial_interfaces/srv/detail/add_three_ints__type_support.c
[3.680s] -- Installing: /home/chotu/Beginner_Tutorials_Ros2/install/tutorial_interfaces/lib/libtutorial_interfaces__rosidl_typesupport_introspection_c.so
[3.680s] -- Set runtime path of "/home/chotu/Beginner_Tutorials_Ros2/install/tutorial_interfaces/lib/libtutorial_interfaces__rosidl_typesupport_introspection_c.so" to ""
[3.680s] -- Installing: /home/chotu/Beginner_Tutorials_Ros2/install/tutorial_interfaces/lib/libtutorial_interfaces__rosidl_typesupport_c.so
[3.680s] -- Set runtime path of "/home/chotu/Beginner_Tutorials_Ros2/install/tutorial_interfaces/lib/libtutorial_interfaces__rosidl_typesupport_c.so" to ""
[3.680s] -- Up-to-date: /home/chotu/Beginner_Tutorials_Ros2/install/tutorial_interfaces/include/tutorial_interfaces/tutorial_interfaces
[3.680s] -- Up-to-date: /home/chotu/Beginner_Tutorials_Ros2/install/tutorial_interfaces/include/tutorial_interfaces/tutorial_interfaces/msg
[3.680s] -- Up-to-date: /home/chotu/Beginner_Tutorials_Ros2/install/tutorial_interfaces/include/tutorial_interfaces/tutorial_interfaces/msg/detail
[3.680s] -- Installing: /home/chotu/Beginner_Tutorials_Ros2/install/tutorial_interfaces/include/tutorial_interfaces/tutorial_interfaces/msg/detail/data__type_support.cpp
[3.681s] -- Installing: /home/chotu/Beginner_Tutorials_Ros2/install/tutorial_interfaces/include/tutorial_interfaces/tutorial_interfaces/msg/detail/sphere__rosidl_typesupport_introspection_cpp.hpp
[3.681s] -- Installing: /home/chotu/Beginner_Tutorials_Ros2/install/tutorial_interfaces/include/tutorial_interfaces/tutorial_interfaces/msg/detail/num__rosidl_typesupport_introspection_cpp.hpp
[3.681s] -- Installing: /home/chotu/Beginner_Tutorials_Ros2/install/tutorial_interfaces/include/tutorial_interfaces/tutorial_interfaces/msg/detail/num__type_support.cpp
[3.681s] -- Installing: /home/chotu/Beginner_Tutorials_Ros2/install/tutorial_interfaces/include/tutorial_interfaces/tutorial_interfaces/msg/detail/sphere__type_support.cpp
[3.681s] -- Installing: /home/chotu/Beginner_Tutorials_Ros2/install/tutorial_interfaces/include/tutorial_interfaces/tutorial_interfaces/msg/detail/data__rosidl_typesupport_introspection_cpp.hpp
[3.681s] -- Up-to-date: /home/chotu/Beginner_Tutorials_Ros2/install/tutorial_interfaces/include/tutorial_interfaces/tutorial_interfaces/srv
[3.681s] -- Up-to-date: /home/chotu/Beginner_Tutorials_Ros2/install/tutorial_interfaces/include/tutorial_interfaces/tutorial_interfaces/srv/detail
[3.681s] -- Installing: /home/chotu/Beginner_Tutorials_Ros2/install/tutorial_interfaces/include/tutorial_interfaces/tutorial_interfaces/srv/detail/add_three_ints__type_support.cpp
[3.681s] -- Installing: /home/chotu/Beginner_Tutorials_Ros2/install/tutorial_interfaces/include/tutorial_interfaces/tutorial_interfaces/srv/detail/change_string__type_support.cpp
[3.681s] -- Installing: /home/chotu/Beginner_Tutorials_Ros2/install/tutorial_interfaces/include/tutorial_interfaces/tutorial_interfaces/srv/detail/add_three_ints__rosidl_typesupport_introspection_cpp.hpp
[3.681s] -- Installing: /home/chotu/Beginner_Tutorials_Ros2/install/tutorial_interfaces/include/tutorial_interfaces/tutorial_interfaces/srv/detail/change_string__rosidl_typesupport_introspection_cpp.hpp
[3.681s] -- Installing: /home/chotu/Beginner_Tutorials_Ros2/install/tutorial_interfaces/lib/libtutorial_interfaces__rosidl_typesupport_introspection_cpp.so
[3.681s] -- Set runtime path of "/home/chotu/Beginner_Tutorials_Ros2/install/tutorial_interfaces/lib/libtutorial_interfaces__rosidl_typesupport_introspection_cpp.so" to ""
[3.681s] -- Installing: /home/chotu/Beginner_Tutorials_Ros2/install/tutorial_interfaces/lib/libtutorial_interfaces__rosidl_typesupport_cpp.so
[3.681s] -- Set runtime path of "/home/chotu/Beginner_Tutorials_Ros2/install/tutorial_interfaces/lib/libtutorial_interfaces__rosidl_typesupport_cpp.so" to ""
[3.681s] -- Installing: /home/chotu/Beginner_Tutorials_Ros2/install/tutorial_interfaces/share/tutorial_interfaces/environment/pythonpath.sh
[3.681s] -- Installing: /home/chotu/Beginner_Tutorials_Ros2/install/tutorial_interfaces/share/tutorial_interfaces/environment/pythonpath.dsv
[3.682s] -- Installing: /home/chotu/Beginner_Tutorials_Ros2/install/tutorial_interfaces/local/lib/python3.10/dist-packages/tutorial_interfaces-0.0.0-py3.10.egg-info
[3.682s] -- Installing: /home/chotu/Beginner_Tutorials_Ros2/install/tutorial_interfaces/local/lib/python3.10/dist-packages/tutorial_interfaces-0.0.0-py3.10.egg-info/SOURCES.txt
[3.682s] -- Installing: /home/chotu/Beginner_Tutorials_Ros2/install/tutorial_interfaces/local/lib/python3.10/dist-packages/tutorial_interfaces-0.0.0-py3.10.egg-info/PKG-INFO
[3.682s] -- Installing: /home/chotu/Beginner_Tutorials_Ros2/install/tutorial_interfaces/local/lib/python3.10/dist-packages/tutorial_interfaces-0.0.0-py3.10.egg-info/top_level.txt
[3.682s] -- Installing: /home/chotu/Beginner_Tutorials_Ros2/install/tutorial_interfaces/local/lib/python3.10/dist-packages/tutorial_interfaces-0.0.0-py3.10.egg-info/dependency_links.txt
[3.682s] -- Installing: /home/chotu/Beginner_Tutorials_Ros2/install/tutorial_interfaces/local/lib/python3.10/dist-packages/tutorial_interfaces
[3.682s] -- Installing: /home/chotu/Beginner_Tutorials_Ros2/install/tutorial_interfaces/local/lib/python3.10/dist-packages/tutorial_interfaces/msg
[3.682s] -- Installing: /home/chotu/Beginner_Tutorials_Ros2/install/tutorial_interfaces/local/lib/python3.10/dist-packages/tutorial_interfaces/msg/_num.py
[3.682s] -- Installing: /home/chotu/Beginner_Tutorials_Ros2/install/tutorial_interfaces/local/lib/python3.10/dist-packages/tutorial_interfaces/msg/__init__.py
[3.682s] -- Installing: /home/chotu/Beginner_Tutorials_Ros2/install/tutorial_interfaces/local/lib/python3.10/dist-packages/tutorial_interfaces/msg/_sphere_s.c
[3.682s] -- Installing: /home/chotu/Beginner_Tutorials_Ros2/install/tutorial_interfaces/local/lib/python3.10/dist-packages/tutorial_interfaces/msg/_data.py
[3.682s] -- Installing: /home/chotu/Beginner_Tutorials_Ros2/install/tutorial_interfaces/local/lib/python3.10/dist-packages/tutorial_interfaces/msg/_data_s.c
[3.682s] -- Installing: /home/chotu/Beginner_Tutorials_Ros2/install/tutorial_interfaces/local/lib/python3.10/dist-packages/tutorial_interfaces/msg/_sphere.py
[3.682s] -- Installing: /home/chotu/Beginner_Tutorials_Ros2/install/tutorial_interfaces/local/lib/python3.10/dist-packages/tutorial_interfaces/msg/_num_s.c
[3.682s] -- Installing: /home/chotu/Beginner_Tutorials_Ros2/install/tutorial_interfaces/local/lib/python3.10/dist-packages/tutorial_interfaces/tutorial_interfaces_s__rosidl_typesupport_c.cpython-310-x86_64-linux-gnu.so
[3.682s] -- Installing: /home/chotu/Beginner_Tutorials_Ros2/install/tutorial_interfaces/local/lib/python3.10/dist-packages/tutorial_interfaces/_tutorial_interfaces_s.ep.rosidl_typesupport_introspection_c.c
[3.682s] -- Installing: /home/chotu/Beginner_Tutorials_Ros2/install/tutorial_interfaces/local/lib/python3.10/dist-packages/tutorial_interfaces/_tutorial_interfaces_s.ep.rosidl_typesupport_fastrtps_c.c
[3.683s] -- Installing: /home/chotu/Beginner_Tutorials_Ros2/install/tutorial_interfaces/local/lib/python3.10/dist-packages/tutorial_interfaces/__init__.py
[3.683s] -- Installing: /home/chotu/Beginner_Tutorials_Ros2/install/tutorial_interfaces/local/lib/python3.10/dist-packages/tutorial_interfaces/srv
[3.683s] -- Installing: /home/chotu/Beginner_Tutorials_Ros2/install/tutorial_interfaces/local/lib/python3.10/dist-packages/tutorial_interfaces/srv/__init__.py
[3.683s] -- Installing: /home/chotu/Beginner_Tutorials_Ros2/install/tutorial_interfaces/local/lib/python3.10/dist-packages/tutorial_interfaces/srv/_add_three_ints_s.c
[3.683s] -- Installing: /home/chotu/Beginner_Tutorials_Ros2/install/tutorial_interfaces/local/lib/python3.10/dist-packages/tutorial_interfaces/srv/_add_three_ints.py
[3.683s] -- Installing: /home/chotu/Beginner_Tutorials_Ros2/install/tutorial_interfaces/local/lib/python3.10/dist-packages/tutorial_interfaces/srv/_change_string.py
[3.683s] -- Installing: /home/chotu/Beginner_Tutorials_Ros2/install/tutorial_interfaces/local/lib/python3.10/dist-packages/tutorial_interfaces/srv/_change_string_s.c
[3.683s] -- Installing: /home/chotu/Beginner_Tutorials_Ros2/install/tutorial_interfaces/local/lib/python3.10/dist-packages/tutorial_interfaces/tutorial_interfaces_s__rosidl_typesupport_introspection_c.cpython-310-x86_64-linux-gnu.so
[3.683s] -- Installing: /home/chotu/Beginner_Tutorials_Ros2/install/tutorial_interfaces/local/lib/python3.10/dist-packages/tutorial_interfaces/libtutorial_interfaces__rosidl_generator_py.so
[3.683s] -- Installing: /home/chotu/Beginner_Tutorials_Ros2/install/tutorial_interfaces/local/lib/python3.10/dist-packages/tutorial_interfaces/_tutorial_interfaces_s.ep.rosidl_typesupport_c.c
[3.683s] -- Installing: /home/chotu/Beginner_Tutorials_Ros2/install/tutorial_interfaces/local/lib/python3.10/dist-packages/tutorial_interfaces/tutorial_interfaces_s__rosidl_typesupport_fastrtps_c.cpython-310-x86_64-linux-gnu.so
[3.707s] Listing '/home/chotu/Beginner_Tutorials_Ros2/install/tutorial_interfaces/local/lib/python3.10/dist-packages/tutorial_interfaces'...
[3.707s] Compiling '/home/chotu/Beginner_Tutorials_Ros2/install/tutorial_interfaces/local/lib/python3.10/dist-packages/tutorial_interfaces/__init__.py'...
[3.707s] Listing '/home/chotu/Beginner_Tutorials_Ros2/install/tutorial_interfaces/local/lib/python3.10/dist-packages/tutorial_interfaces/msg'...
[3.708s] Compiling '/home/chotu/Beginner_Tutorials_Ros2/install/tutorial_interfaces/local/lib/python3.10/dist-packages/tutorial_interfaces/msg/__init__.py'...
[3.708s] Compiling '/home/chotu/Beginner_Tutorials_Ros2/install/tutorial_interfaces/local/lib/python3.10/dist-packages/tutorial_interfaces/msg/_data.py'...
[3.708s] Compiling '/home/chotu/Beginner_Tutorials_Ros2/install/tutorial_interfaces/local/lib/python3.10/dist-packages/tutorial_interfaces/msg/_num.py'...
[3.708s] Compiling '/home/chotu/Beginner_Tutorials_Ros2/install/tutorial_interfaces/local/lib/python3.10/dist-packages/tutorial_interfaces/msg/_sphere.py'...
[3.708s] Listing '/home/chotu/Beginner_Tutorials_Ros2/install/tutorial_interfaces/local/lib/python3.10/dist-packages/tutorial_interfaces/srv'...
[3.708s] Compiling '/home/chotu/Beginner_Tutorials_Ros2/install/tutorial_interfaces/local/lib/python3.10/dist-packages/tutorial_interfaces/srv/__init__.py'...
[3.708s] Compiling '/home/chotu/Beginner_Tutorials_Ros2/install/tutorial_interfaces/local/lib/python3.10/dist-packages/tutorial_interfaces/srv/_add_three_ints.py'...
[3.708s] Compiling '/home/chotu/Beginner_Tutorials_Ros2/install/tutorial_interfaces/local/lib/python3.10/dist-packages/tutorial_interfaces/srv/_change_string.py'...
[3.711s] -- Installing: /home/chotu/Beginner_Tutorials_Ros2/install/tutorial_interfaces/local/lib/python3.10/dist-packages/tutorial_interfaces/tutorial_interfaces_s__rosidl_typesupport_fastrtps_c.cpython-310-x86_64-linux-gnu.so
[3.712s] -- Set runtime path of "/home/chotu/Beginner_Tutorials_Ros2/install/tutorial_interfaces/local/lib/python3.10/dist-packages/tutorial_interfaces/tutorial_interfaces_s__rosidl_typesupport_fastrtps_c.cpython-310-x86_64-linux-gnu.so" to ""
[3.712s] -- Installing: /home/chotu/Beginner_Tutorials_Ros2/install/tutorial_interfaces/local/lib/python3.10/dist-packages/tutorial_interfaces/tutorial_interfaces_s__rosidl_typesupport_introspection_c.cpython-310-x86_64-linux-gnu.so
[3.712s] -- Set runtime path of "/home/chotu/Beginner_Tutorials_Ros2/install/tutorial_interfaces/local/lib/python3.10/dist-packages/tutorial_interfaces/tutorial_interfaces_s__rosidl_typesupport_introspection_c.cpython-310-x86_64-linux-gnu.so" to ""
[3.712s] -- Installing: /home/chotu/Beginner_Tutorials_Ros2/install/tutorial_interfaces/local/lib/python3.10/dist-packages/tutorial_interfaces/tutorial_interfaces_s__rosidl_typesupport_c.cpython-310-x86_64-linux-gnu.so
[3.713s] -- Set runtime path of "/home/chotu/Beginner_Tutorials_Ros2/install/tutorial_interfaces/local/lib/python3.10/dist-packages/tutorial_interfaces/tutorial_interfaces_s__rosidl_typesupport_c.cpython-310-x86_64-linux-gnu.so" to ""
[3.713s] -- Installing: /home/chotu/Beginner_Tutorials_Ros2/install/tutorial_interfaces/lib/libtutorial_interfaces__rosidl_generator_py.so
[3.713s] -- Set runtime path of "/home/chotu/Beginner_Tutorials_Ros2/install/tutorial_interfaces/lib/libtutorial_interfaces__rosidl_generator_py.so" to ""
[3.713s] -- Installing: /home/chotu/Beginner_Tutorials_Ros2/install/tutorial_interfaces/share/tutorial_interfaces/msg/Num.idl
[3.713s] -- Installing: /home/chotu/Beginner_Tutorials_Ros2/install/tutorial_interfaces/share/tutorial_interfaces/msg/Sphere.idl
[3.714s] -- Installing: /home/chotu/Beginner_Tutorials_Ros2/install/tutorial_interfaces/share/tutorial_interfaces/msg/Data.idl
[3.714s] -- Installing: /home/chotu/Beginner_Tutorials_Ros2/install/tutorial_interfaces/share/tutorial_interfaces/srv/AddThreeInts.idl
[3.714s] -- Installing: /home/chotu/Beginner_Tutorials_Ros2/install/tutorial_interfaces/share/tutorial_interfaces/srv/ChangeString.idl
[3.714s] -- Installing: /home/chotu/Beginner_Tutorials_Ros2/install/tutorial_interfaces/share/tutorial_interfaces/msg/Num.msg
[3.714s] -- Installing: /home/chotu/Beginner_Tutorials_Ros2/install/tutorial_interfaces/share/tutorial_interfaces/msg/Sphere.msg
[3.714s] -- Installing: /home/chotu/Beginner_Tutorials_Ros2/install/tutorial_interfaces/share/tutorial_interfaces/msg/Data.msg
[3.714s] -- Installing: /home/chotu/Beginner_Tutorials_Ros2/install/tutorial_interfaces/share/tutorial_interfaces/srv/AddThreeInts.srv
[3.715s] -- Installing: /home/chotu/Beginner_Tutorials_Ros2/install/tutorial_interfaces/share/tutorial_interfaces/srv/AddThreeInts_Request.msg
[3.715s] -- Installing: /home/chotu/Beginner_Tutorials_Ros2/install/tutorial_interfaces/share/tutorial_interfaces/srv/AddThreeInts_Response.msg
[3.715s] -- Installing: /home/chotu/Beginner_Tutorials_Ros2/install/tutorial_interfaces/share/tutorial_interfaces/srv/ChangeString.srv
[3.715s] -- Installing: /home/chotu/Beginner_Tutorials_Ros2/install/tutorial_interfaces/share/tutorial_interfaces/srv/ChangeString_Request.msg
[3.715s] -- Installing: /home/chotu/Beginner_Tutorials_Ros2/install/tutorial_interfaces/share/tutorial_interfaces/srv/ChangeString_Response.msg
[3.715s] -- Installing: /home/chotu/Beginner_Tutorials_Ros2/install/tutorial_interfaces/share/ament_index/resource_index/package_run_dependencies/tutorial_interfaces
[3.715s] -- Installing: /home/chotu/Beginner_Tutorials_Ros2/install/tutorial_interfaces/share/ament_index/resource_index/parent_prefix_path/tutorial_interfaces
[3.716s] -- Installing: /home/chotu/Beginner_Tutorials_Ros2/install/tutorial_interfaces/share/tutorial_interfaces/environment/ament_prefix_path.sh
[3.716s] -- Installing: /home/chotu/Beginner_Tutorials_Ros2/install/tutorial_interfaces/share/tutorial_interfaces/environment/ament_prefix_path.dsv
[3.716s] -- Installing: /home/chotu/Beginner_Tutorials_Ros2/install/tutorial_interfaces/share/tutorial_interfaces/environment/path.sh
[3.716s] -- Installing: /home/chotu/Beginner_Tutorials_Ros2/install/tutorial_interfaces/share/tutorial_interfaces/environment/path.dsv
[3.716s] -- Installing: /home/chotu/Beginner_Tutorials_Ros2/install/tutorial_interfaces/share/tutorial_interfaces/local_setup.bash
[3.716s] -- Installing: /home/chotu/Beginner_Tutorials_Ros2/install/tutorial_interfaces/share/tutorial_interfaces/local_setup.sh
[3.716s] -- Installing: /home/chotu/Beginner_Tutorials_Ros2/install/tutorial_interfaces/share/tutorial_interfaces/local_setup.zsh
[3.717s] -- Installing: /home/chotu/Beginner_Tutorials_Ros2/install/tutorial_interfaces/share/tutorial_interfaces/local_setup.dsv
[3.717s] -- Installing: /home/chotu/Beginner_Tutorials_Ros2/install/tutorial_interfaces/share/tutorial_interfaces/package.dsv
[3.717s] -- Installing: /home/chotu/Beginner_Tutorials_Ros2/install/tutorial_interfaces/share/ament_index/resource_index/packages/tutorial_interfaces
[3.717s] -- Installing: /home/chotu/Beginner_Tutorials_Ros2/install/tutorial_interfaces/share/tutorial_interfaces/cmake/export_tutorial_interfaces__rosidl_generator_cExport.cmake
[3.717s] -- Installing: /home/chotu/Beginner_Tutorials_Ros2/install/tutorial_interfaces/share/tutorial_interfaces/cmake/export_tutorial_interfaces__rosidl_generator_cExport-noconfig.cmake
[3.718s] -- Installing: /home/chotu/Beginner_Tutorials_Ros2/install/tutorial_interfaces/share/tutorial_interfaces/cmake/export_tutorial_interfaces__rosidl_typesupport_fastrtps_cExport.cmake
[3.718s] -- Installing: /home/chotu/Beginner_Tutorials_Ros2/install/tutorial_interfaces/share/tutorial_interfaces/cmake/export_tutorial_interfaces__rosidl_typesupport_fastrtps_cExport-noconfig.cmake
[3.718s] -- Installing: /home/chotu/Beginner_Tutorials_Ros2/install/tutorial_interfaces/share/tutorial_interfaces/cmake/export_tutorial_interfaces__rosidl_generator_cppExport.cmake
[3.718s] -- Installing: /home/chotu/Beginner_Tutorials_Ros2/install/tutorial_interfaces/share/tutorial_interfaces/cmake/export_tutorial_interfaces__rosidl_typesupport_fastrtps_cppExport.cmake
[3.718s] -- Installing: /home/chotu/Beginner_Tutorials_Ros2/install/tutorial_interfaces/share/tutorial_interfaces/cmake/export_tutorial_interfaces__rosidl_typesupport_fastrtps_cppExport-noconfig.cmake
[3.718s] -- Installing: /home/chotu/Beginner_Tutorials_Ros2/install/tutorial_interfaces/share/tutorial_interfaces/cmake/tutorial_interfaces__rosidl_typesupport_introspection_cExport.cmake
[3.718s] -- Installing: /home/chotu/Beginner_Tutorials_Ros2/install/tutorial_interfaces/share/tutorial_interfaces/cmake/tutorial_interfaces__rosidl_typesupport_introspection_cExport-noconfig.cmake
[3.718s] -- Installing: /home/chotu/Beginner_Tutorials_Ros2/install/tutorial_interfaces/share/tutorial_interfaces/cmake/tutorial_interfaces__rosidl_typesupport_cExport.cmake
[3.718s] -- Installing: /home/chotu/Beginner_Tutorials_Ros2/install/tutorial_interfaces/share/tutorial_interfaces/cmake/tutorial_interfaces__rosidl_typesupport_cExport-noconfig.cmake
[3.718s] -- Installing: /home/chotu/Beginner_Tutorials_Ros2/install/tutorial_interfaces/share/tutorial_interfaces/cmake/tutorial_interfaces__rosidl_typesupport_introspection_cppExport.cmake
[3.719s] -- Installing: /home/chotu/Beginner_Tutorials_Ros2/install/tutorial_interfaces/share/tutorial_interfaces/cmake/tutorial_interfaces__rosidl_typesupport_introspection_cppExport-noconfig.cmake
[3.719s] -- Installing: /home/chotu/Beginner_Tutorials_Ros2/install/tutorial_interfaces/share/tutorial_interfaces/cmake/tutorial_interfaces__rosidl_typesupport_cppExport.cmake
[3.719s] -- Installing: /home/chotu/Beginner_Tutorials_Ros2/install/tutorial_interfaces/share/tutorial_interfaces/cmake/tutorial_interfaces__rosidl_typesupport_cppExport-noconfig.cmake
[3.719s] -- Installing: /home/chotu/Beginner_Tutorials_Ros2/install/tutorial_interfaces/share/tutorial_interfaces/cmake/export_tutorial_interfaces__rosidl_generator_pyExport.cmake
[3.719s] -- Installing: /home/chotu/Beginner_Tutorials_Ros2/install/tutorial_interfaces/share/tutorial_interfaces/cmake/export_tutorial_interfaces__rosidl_generator_pyExport-noconfig.cmake
[3.719s] -- Installing: /home/chotu/Beginner_Tutorials_Ros2/install/tutorial_interfaces/share/tutorial_interfaces/cmake/rosidl_cmake-extras.cmake
[3.720s] -- Installing: /home/chotu/Beginner_Tutorials_Ros2/install/tutorial_interfaces/share/tutorial_interfaces/cmake/ament_cmake_export_dependencies-extras.cmake
[3.720s] -- Installing: /home/chotu/Beginner_Tutorials_Ros2/install/tutorial_interfaces/share/tutorial_interfaces/cmake/ament_cmake_export_include_directories-extras.cmake
[3.720s] -- Installing: /home/chotu/Beginner_Tutorials_Ros2/install/tutorial_interfaces/share/tutorial_interfaces/cmake/ament_cmake_export_libraries-extras.cmake
[3.720s] -- Installing: /home/chotu/Beginner_Tutorials_Ros2/install/tutorial_interfaces/share/tutorial_interfaces/cmake/ament_cmake_export_targets-extras.cmake
[3.720s] -- Installing: /home/chotu/Beginner_Tutorials_Ros2/install/tutorial_interfaces/share/tutorial_interfaces/cmake/rosidl_cmake_export_typesupport_targets-extras.cmake
[3.720s] -- Installing: /home/chotu/Beginner_Tutorials_Ros2/install/tutorial_interfaces/share/tutorial_interfaces/cmake/rosidl_cmake_export_typesupport_libraries-extras.cmake
[3.720s] -- Installing: /home/chotu/Beginner_Tutorials_Ros2/install/tutorial_interfaces/share/tutorial_interfaces/cmake/tutorial_interfacesConfig.cmake
[3.720s] -- Installing: /home/chotu/Beginner_Tutorials_Ros2/install/tutorial_interfaces/share/tutorial_interfaces/cmake/tutorial_interfacesConfig-version.cmake
[3.720s] -- Installing: /home/chotu/Beginner_Tutorials_Ros2/install/tutorial_interfaces/share/tutorial_interfaces/package.xml
[3.722s] Invoked command in '/home/chotu/Beginner_Tutorials_Ros2/build/tutorial_interfaces' returned '0': CMAKE_PREFIX_PATH=${CMAKE_PREFIX_PATH}:/opt/ros/humble /usr/bin/cmake --install /home/chotu/Beginner_Tutorials_Ros2/build/tutorial_interfaces
