[3.326s] Invoking command in '/home/sahruday/ros2_ws/build/examples_rclpy_minimal_publisher': PYTHONPATH=/home/sahruday/ros2_ws/install/examples_rclpy_minimal_publisher/lib/python3.10/site-packages:${PYTHONPATH} /usr/bin/python3 setup.py develop --prefix /home/sahruday/ros2_ws/install/examples_rclpy_minimal_publisher --uninstall --editable --build-directory /home/sahruday/ros2_ws/build/examples_rclpy_minimal_publisher/build
[3.707s] running develop
[3.707s] /usr/lib/python3/dist-packages/setuptools/command/easy_install.py:158: EasyInstallDeprecationWarning: easy_install command is deprecated. Use build and pip and other standards-based tools.
[3.707s]   warnings.warn(
[3.708s] /usr/lib/python3/dist-packages/setuptools/command/install.py:34: SetuptoolsDeprecationWarning: setup.py install is deprecated. Use build and pip and other standards-based tools.
[3.708s]   warnings.warn(
[3.773s] /usr/lib/python3/dist-packages/pkg_resources/__init__.py:116: PkgResourcesDeprecationWarning: 1.1build1 is an invalid version and will not be supported in a future release
[3.774s]   warnings.warn(
[3.774s] /usr/lib/python3/dist-packages/pkg_resources/__init__.py:116: PkgResourcesDeprecationWarning: 0.1.43ubuntu1 is an invalid version and will not be supported in a future release
[3.774s]   warnings.warn(
[3.917s] Invoked command in '/home/sahruday/ros2_ws/build/examples_rclpy_minimal_publisher' returned '0': PYTHONPATH=/home/sahruday/ros2_ws/install/examples_rclpy_minimal_publisher/lib/python3.10/site-packages:${PYTHONPATH} /usr/bin/python3 setup.py develop --prefix /home/sahruday/ros2_ws/install/examples_rclpy_minimal_publisher --uninstall --editable --build-directory /home/sahruday/ros2_ws/build/examples_rclpy_minimal_publisher/build
[3.919s] Invoking command in '/home/sahruday/ros2_ws/src/examples/rclpy/topics/minimal_publisher': PYTHONPATH=/home/sahruday/ros2_ws/install/examples_rclpy_minimal_publisher/lib/python3.10/site-packages:${PYTHONPATH} /usr/bin/python3 setup.py egg_info --egg-base ../../../../../build/examples_rclpy_minimal_publisher build --build-base /home/sahruday/ros2_ws/build/examples_rclpy_minimal_publisher/build install --prefix /home/sahruday/ros2_ws/install/examples_rclpy_minimal_publisher --record /home/sahruday/ros2_ws/build/examples_rclpy_minimal_publisher/install.log --single-version-externally-managed
[4.272s] running egg_info
[4.273s] writing ../../../../../build/examples_rclpy_minimal_publisher/examples_rclpy_minimal_publisher.egg-info/PKG-INFO
[4.273s] writing dependency_links to ../../../../../build/examples_rclpy_minimal_publisher/examples_rclpy_minimal_publisher.egg-info/dependency_links.txt
[4.273s] writing entry points to ../../../../../build/examples_rclpy_minimal_publisher/examples_rclpy_minimal_publisher.egg-info/entry_points.txt
[4.273s] writing requirements to ../../../../../build/examples_rclpy_minimal_publisher/examples_rclpy_minimal_publisher.egg-info/requires.txt
[4.273s] writing top-level names to ../../../../../build/examples_rclpy_minimal_publisher/examples_rclpy_minimal_publisher.egg-info/top_level.txt
[4.275s] reading manifest file '../../../../../build/examples_rclpy_minimal_publisher/examples_rclpy_minimal_publisher.egg-info/SOURCES.txt'
[4.276s] writing manifest file '../../../../../build/examples_rclpy_minimal_publisher/examples_rclpy_minimal_publisher.egg-info/SOURCES.txt'
[4.276s] running build
[4.276s] running build_py
[4.276s] running install
[4.276s] /usr/lib/python3/dist-packages/setuptools/command/install.py:34: SetuptoolsDeprecationWarning: setup.py install is deprecated. Use build and pip and other standards-based tools.
[4.276s]   warnings.warn(
[4.277s] running install_lib
[4.279s] running install_data
[4.280s] running install_egg_info
[4.282s] removing '/home/sahruday/ros2_ws/install/examples_rclpy_minimal_publisher/lib/python3.10/site-packages/examples_rclpy_minimal_publisher-0.15.0-py3.10.egg-info' (and everything under it)
[4.282s] Copying ../../../../../build/examples_rclpy_minimal_publisher/examples_rclpy_minimal_publisher.egg-info to /home/sahruday/ros2_ws/install/examples_rclpy_minimal_publisher/lib/python3.10/site-packages/examples_rclpy_minimal_publisher-0.15.0-py3.10.egg-info
[4.283s] running install_scripts
[4.312s] Installing publisher_local_function script to /home/sahruday/ros2_ws/install/examples_rclpy_minimal_publisher/lib/examples_rclpy_minimal_publisher
[4.312s] Installing publisher_member_function script to /home/sahruday/ros2_ws/install/examples_rclpy_minimal_publisher/lib/examples_rclpy_minimal_publisher
[4.313s] Installing publisher_old_school script to /home/sahruday/ros2_ws/install/examples_rclpy_minimal_publisher/lib/examples_rclpy_minimal_publisher
[4.313s] writing list of installed files to '/home/sahruday/ros2_ws/build/examples_rclpy_minimal_publisher/install.log'
[4.344s] Invoked command in '/home/sahruday/ros2_ws/src/examples/rclpy/topics/minimal_publisher' returned '0': PYTHONPATH=/home/sahruday/ros2_ws/install/examples_rclpy_minimal_publisher/lib/python3.10/site-packages:${PYTHONPATH} /usr/bin/python3 setup.py egg_info --egg-base ../../../../../build/examples_rclpy_minimal_publisher build --build-base /home/sahruday/ros2_ws/build/examples_rclpy_minimal_publisher/build install --prefix /home/sahruday/ros2_ws/install/examples_rclpy_minimal_publisher --record /home/sahruday/ros2_ws/build/examples_rclpy_minimal_publisher/install.log --single-version-externally-managed
