[3.092s] Invoking command in '/home/sahruday/ros2_ws/build/examples_rclpy_guard_conditions': PYTHONPATH=/home/sahruday/ros2_ws/install/examples_rclpy_guard_conditions/lib/python3.10/site-packages:${PYTHONPATH} /usr/bin/python3 setup.py develop --prefix /home/sahruday/ros2_ws/install/examples_rclpy_guard_conditions --uninstall --editable --build-directory /home/sahruday/ros2_ws/build/examples_rclpy_guard_conditions/build
[4.060s] /usr/lib/python3/dist-packages/setuptools/command/easy_install.py:158: EasyInstallDeprecationWarning: easy_install command is deprecated. Use build and pip and other standards-based tools.
[4.060s]   warnings.warn(
[4.061s] /usr/lib/python3/dist-packages/setuptools/command/install.py:34: SetuptoolsDeprecationWarning: setup.py install is deprecated. Use build and pip and other standards-based tools.
[4.061s]   warnings.warn(
[4.061s] /usr/lib/python3/dist-packages/pkg_resources/__init__.py:116: PkgResourcesDeprecationWarning: 1.1build1 is an invalid version and will not be supported in a future release
[4.061s]   warnings.warn(
[4.061s] /usr/lib/python3/dist-packages/pkg_resources/__init__.py:116: PkgResourcesDeprecationWarning: 0.1.43ubuntu1 is an invalid version and will not be supported in a future release
[4.061s]   warnings.warn(
[4.061s] running develop
[4.083s] Invoked command in '/home/sahruday/ros2_ws/build/examples_rclpy_guard_conditions' returned '0': PYTHONPATH=/home/sahruday/ros2_ws/install/examples_rclpy_guard_conditions/lib/python3.10/site-packages:${PYTHONPATH} /usr/bin/python3 setup.py develop --prefix /home/sahruday/ros2_ws/install/examples_rclpy_guard_conditions --uninstall --editable --build-directory /home/sahruday/ros2_ws/build/examples_rclpy_guard_conditions/build
[4.084s] Invoking command in '/home/sahruday/ros2_ws/src/examples/rclpy/guard_conditions': PYTHONPATH=/home/sahruday/ros2_ws/install/examples_rclpy_guard_conditions/lib/python3.10/site-packages:${PYTHONPATH} /usr/bin/python3 setup.py egg_info --egg-base ../../../../build/examples_rclpy_guard_conditions build --build-base /home/sahruday/ros2_ws/build/examples_rclpy_guard_conditions/build install --prefix /home/sahruday/ros2_ws/install/examples_rclpy_guard_conditions --record /home/sahruday/ros2_ws/build/examples_rclpy_guard_conditions/install.log --single-version-externally-managed
[4.695s] running egg_info
[4.696s] writing ../../../../build/examples_rclpy_guard_conditions/examples_rclpy_guard_conditions.egg-info/PKG-INFO
[4.696s] writing dependency_links to ../../../../build/examples_rclpy_guard_conditions/examples_rclpy_guard_conditions.egg-info/dependency_links.txt
[4.696s] writing entry points to ../../../../build/examples_rclpy_guard_conditions/examples_rclpy_guard_conditions.egg-info/entry_points.txt
[4.697s] writing requirements to ../../../../build/examples_rclpy_guard_conditions/examples_rclpy_guard_conditions.egg-info/requires.txt
[4.697s] writing top-level names to ../../../../build/examples_rclpy_guard_conditions/examples_rclpy_guard_conditions.egg-info/top_level.txt
[4.700s] reading manifest file '../../../../build/examples_rclpy_guard_conditions/examples_rclpy_guard_conditions.egg-info/SOURCES.txt'
[4.701s] writing manifest file '../../../../build/examples_rclpy_guard_conditions/examples_rclpy_guard_conditions.egg-info/SOURCES.txt'
[4.701s] running build
[4.701s] running build_py
[4.702s] running install
[4.702s] /usr/lib/python3/dist-packages/setuptools/command/install.py:34: SetuptoolsDeprecationWarning: setup.py install is deprecated. Use build and pip and other standards-based tools.
[4.702s]   warnings.warn(
[4.702s] running install_lib
[4.706s] running install_data
[4.708s] running install_egg_info
[4.712s] removing '/home/sahruday/ros2_ws/install/examples_rclpy_guard_conditions/lib/python3.10/site-packages/examples_rclpy_guard_conditions-0.15.0-py3.10.egg-info' (and everything under it)
[4.712s] Copying ../../../../build/examples_rclpy_guard_conditions/examples_rclpy_guard_conditions.egg-info to /home/sahruday/ros2_ws/install/examples_rclpy_guard_conditions/lib/python3.10/site-packages/examples_rclpy_guard_conditions-0.15.0-py3.10.egg-info
[4.715s] running install_scripts
[4.770s] Installing trigger_guard_condition script to /home/sahruday/ros2_ws/install/examples_rclpy_guard_conditions/lib/examples_rclpy_guard_conditions
[4.771s] writing list of installed files to '/home/sahruday/ros2_ws/build/examples_rclpy_guard_conditions/install.log'
[4.837s] Invoked command in '/home/sahruday/ros2_ws/src/examples/rclpy/guard_conditions' returned '0': PYTHONPATH=/home/sahruday/ros2_ws/install/examples_rclpy_guard_conditions/lib/python3.10/site-packages:${PYTHONPATH} /usr/bin/python3 setup.py egg_info --egg-base ../../../../build/examples_rclpy_guard_conditions build --build-base /home/sahruday/ros2_ws/build/examples_rclpy_guard_conditions/build install --prefix /home/sahruday/ros2_ws/install/examples_rclpy_guard_conditions --record /home/sahruday/ros2_ws/build/examples_rclpy_guard_conditions/install.log --single-version-externally-managed
