[3.431s] Invoking command in '/home/sahruday/Documents/Github/Ros2/src/examples/rclpy/actions/minimal_action_client': PYTHONPATH=/home/sahruday/Documents/Github/Ros2/install/examples_rclpy_minimal_action_client/lib/python3.10/site-packages:${PYTHONPATH} /usr/bin/python3 setup.py egg_info --egg-base ../../../../../build/examples_rclpy_minimal_action_client build --build-base /home/sahruday/Documents/Github/Ros2/build/examples_rclpy_minimal_action_client/build install --prefix /home/sahruday/Documents/Github/Ros2/install/examples_rclpy_minimal_action_client --record /home/sahruday/Documents/Github/Ros2/build/examples_rclpy_minimal_action_client/install.log --single-version-externally-managed
[5.737s] /usr/lib/python3/dist-packages/setuptools/command/install.py:34: SetuptoolsDeprecationWarning: setup.py install is deprecated. Use build and pip and other standards-based tools.
[5.737s]   warnings.warn(
[5.738s] running egg_info
[5.738s] creating ../../../../../build/examples_rclpy_minimal_action_client/examples_rclpy_minimal_action_client.egg-info
[5.738s] writing ../../../../../build/examples_rclpy_minimal_action_client/examples_rclpy_minimal_action_client.egg-info/PKG-INFO
[5.738s] writing dependency_links to ../../../../../build/examples_rclpy_minimal_action_client/examples_rclpy_minimal_action_client.egg-info/dependency_links.txt
[5.738s] writing entry points to ../../../../../build/examples_rclpy_minimal_action_client/examples_rclpy_minimal_action_client.egg-info/entry_points.txt
[5.738s] writing requirements to ../../../../../build/examples_rclpy_minimal_action_client/examples_rclpy_minimal_action_client.egg-info/requires.txt
[5.738s] writing top-level names to ../../../../../build/examples_rclpy_minimal_action_client/examples_rclpy_minimal_action_client.egg-info/top_level.txt
[5.739s] writing manifest file '../../../../../build/examples_rclpy_minimal_action_client/examples_rclpy_minimal_action_client.egg-info/SOURCES.txt'
[5.739s] reading manifest file '../../../../../build/examples_rclpy_minimal_action_client/examples_rclpy_minimal_action_client.egg-info/SOURCES.txt'
[5.739s] writing manifest file '../../../../../build/examples_rclpy_minimal_action_client/examples_rclpy_minimal_action_client.egg-info/SOURCES.txt'
[5.740s] running build
[5.740s] running build_py
[5.740s] creating /home/sahruday/Documents/Github/Ros2/build/examples_rclpy_minimal_action_client/build
[5.740s] creating /home/sahruday/Documents/Github/Ros2/build/examples_rclpy_minimal_action_client/build/lib
[5.740s] creating /home/sahruday/Documents/Github/Ros2/build/examples_rclpy_minimal_action_client/build/lib/examples_rclpy_minimal_action_client
[5.740s] copying examples_rclpy_minimal_action_client/client.py -> /home/sahruday/Documents/Github/Ros2/build/examples_rclpy_minimal_action_client/build/lib/examples_rclpy_minimal_action_client
[5.740s] copying examples_rclpy_minimal_action_client/__init__.py -> /home/sahruday/Documents/Github/Ros2/build/examples_rclpy_minimal_action_client/build/lib/examples_rclpy_minimal_action_client
[5.740s] copying examples_rclpy_minimal_action_client/client_cancel.py -> /home/sahruday/Documents/Github/Ros2/build/examples_rclpy_minimal_action_client/build/lib/examples_rclpy_minimal_action_client
[5.740s] copying examples_rclpy_minimal_action_client/client_asyncio.py -> /home/sahruday/Documents/Github/Ros2/build/examples_rclpy_minimal_action_client/build/lib/examples_rclpy_minimal_action_client
[5.740s] copying examples_rclpy_minimal_action_client/client_not_composable.py -> /home/sahruday/Documents/Github/Ros2/build/examples_rclpy_minimal_action_client/build/lib/examples_rclpy_minimal_action_client
[5.740s] running install
[5.740s] running install_lib
[5.740s] creating /home/sahruday/Documents/Github/Ros2/install/examples_rclpy_minimal_action_client/lib/python3.10/site-packages/examples_rclpy_minimal_action_client
[5.741s] copying /home/sahruday/Documents/Github/Ros2/build/examples_rclpy_minimal_action_client/build/lib/examples_rclpy_minimal_action_client/client.py -> /home/sahruday/Documents/Github/Ros2/install/examples_rclpy_minimal_action_client/lib/python3.10/site-packages/examples_rclpy_minimal_action_client
[5.741s] copying /home/sahruday/Documents/Github/Ros2/build/examples_rclpy_minimal_action_client/build/lib/examples_rclpy_minimal_action_client/__init__.py -> /home/sahruday/Documents/Github/Ros2/install/examples_rclpy_minimal_action_client/lib/python3.10/site-packages/examples_rclpy_minimal_action_client
[5.741s] copying /home/sahruday/Documents/Github/Ros2/build/examples_rclpy_minimal_action_client/build/lib/examples_rclpy_minimal_action_client/client_cancel.py -> /home/sahruday/Documents/Github/Ros2/install/examples_rclpy_minimal_action_client/lib/python3.10/site-packages/examples_rclpy_minimal_action_client
[5.741s] copying /home/sahruday/Documents/Github/Ros2/build/examples_rclpy_minimal_action_client/build/lib/examples_rclpy_minimal_action_client/client_asyncio.py -> /home/sahruday/Documents/Github/Ros2/install/examples_rclpy_minimal_action_client/lib/python3.10/site-packages/examples_rclpy_minimal_action_client
[5.741s] copying /home/sahruday/Documents/Github/Ros2/build/examples_rclpy_minimal_action_client/build/lib/examples_rclpy_minimal_action_client/client_not_composable.py -> /home/sahruday/Documents/Github/Ros2/install/examples_rclpy_minimal_action_client/lib/python3.10/site-packages/examples_rclpy_minimal_action_client
[5.741s] byte-compiling /home/sahruday/Documents/Github/Ros2/install/examples_rclpy_minimal_action_client/lib/python3.10/site-packages/examples_rclpy_minimal_action_client/client.py to client.cpython-310.pyc
[5.741s] byte-compiling /home/sahruday/Documents/Github/Ros2/install/examples_rclpy_minimal_action_client/lib/python3.10/site-packages/examples_rclpy_minimal_action_client/__init__.py to __init__.cpython-310.pyc
[5.741s] byte-compiling /home/sahruday/Documents/Github/Ros2/install/examples_rclpy_minimal_action_client/lib/python3.10/site-packages/examples_rclpy_minimal_action_client/client_cancel.py to client_cancel.cpython-310.pyc
[5.741s] byte-compiling /home/sahruday/Documents/Github/Ros2/install/examples_rclpy_minimal_action_client/lib/python3.10/site-packages/examples_rclpy_minimal_action_client/client_asyncio.py to client_asyncio.cpython-310.pyc
[5.741s] byte-compiling /home/sahruday/Documents/Github/Ros2/install/examples_rclpy_minimal_action_client/lib/python3.10/site-packages/examples_rclpy_minimal_action_client/client_not_composable.py to client_not_composable.cpython-310.pyc
[5.741s] running install_data
[5.741s] creating /home/sahruday/Documents/Github/Ros2/install/examples_rclpy_minimal_action_client/share/ament_index
[5.742s] creating /home/sahruday/Documents/Github/Ros2/install/examples_rclpy_minimal_action_client/share/ament_index/resource_index
[5.742s] creating /home/sahruday/Documents/Github/Ros2/install/examples_rclpy_minimal_action_client/share/ament_index/resource_index/packages
[5.742s] copying resource/examples_rclpy_minimal_action_client -> /home/sahruday/Documents/Github/Ros2/install/examples_rclpy_minimal_action_client/share/ament_index/resource_index/packages
[5.742s] copying package.xml -> /home/sahruday/Documents/Github/Ros2/install/examples_rclpy_minimal_action_client/share/examples_rclpy_minimal_action_client
[5.742s] running install_egg_info
[5.742s] Copying ../../../../../build/examples_rclpy_minimal_action_client/examples_rclpy_minimal_action_client.egg-info to /home/sahruday/Documents/Github/Ros2/install/examples_rclpy_minimal_action_client/lib/python3.10/site-packages/examples_rclpy_minimal_action_client-0.15.0-py3.10.egg-info
[5.742s] running install_scripts
[5.742s] Installing client script to /home/sahruday/Documents/Github/Ros2/install/examples_rclpy_minimal_action_client/lib/examples_rclpy_minimal_action_client
[5.742s] Installing client_asyncio script to /home/sahruday/Documents/Github/Ros2/install/examples_rclpy_minimal_action_client/lib/examples_rclpy_minimal_action_client
[5.742s] Installing client_cancel script to /home/sahruday/Documents/Github/Ros2/install/examples_rclpy_minimal_action_client/lib/examples_rclpy_minimal_action_client
[5.742s] Installing client_not_composable script to /home/sahruday/Documents/Github/Ros2/install/examples_rclpy_minimal_action_client/lib/examples_rclpy_minimal_action_client
[5.742s] writing list of installed files to '/home/sahruday/Documents/Github/Ros2/build/examples_rclpy_minimal_action_client/install.log'
[5.804s] Invoked command in '/home/sahruday/Documents/Github/Ros2/src/examples/rclpy/actions/minimal_action_client' returned '0': PYTHONPATH=/home/sahruday/Documents/Github/Ros2/install/examples_rclpy_minimal_action_client/lib/python3.10/site-packages:${PYTHONPATH} /usr/bin/python3 setup.py egg_info --egg-base ../../../../../build/examples_rclpy_minimal_action_client build --build-base /home/sahruday/Documents/Github/Ros2/build/examples_rclpy_minimal_action_client/build install --prefix /home/sahruday/Documents/Github/Ros2/install/examples_rclpy_minimal_action_client --record /home/sahruday/Documents/Github/Ros2/build/examples_rclpy_minimal_action_client/install.log --single-version-externally-managed
