[11.947s] Invoking command in '/home/sahruday/Documents/Github/Ros2/src/examples/rclpy/actions/minimal_action_server': PYTHONPATH=/home/sahruday/Documents/Github/Ros2/install/examples_rclpy_minimal_action_server/lib/python3.10/site-packages:${PYTHONPATH} /usr/bin/python3 setup.py egg_info --egg-base ../../../../../build/examples_rclpy_minimal_action_server build --build-base /home/sahruday/Documents/Github/Ros2/build/examples_rclpy_minimal_action_server/build install --prefix /home/sahruday/Documents/Github/Ros2/install/examples_rclpy_minimal_action_server --record /home/sahruday/Documents/Github/Ros2/build/examples_rclpy_minimal_action_server/install.log --single-version-externally-managed
[41.743s] running egg_info
[41.743s] creating ../../../../../build/examples_rclpy_minimal_action_server/examples_rclpy_minimal_action_server.egg-info
[41.743s] writing ../../../../../build/examples_rclpy_minimal_action_server/examples_rclpy_minimal_action_server.egg-info/PKG-INFO
[41.743s] writing dependency_links to ../../../../../build/examples_rclpy_minimal_action_server/examples_rclpy_minimal_action_server.egg-info/dependency_links.txt
[41.744s] writing entry points to ../../../../../build/examples_rclpy_minimal_action_server/examples_rclpy_minimal_action_server.egg-info/entry_points.txt
[41.744s] writing requirements to ../../../../../build/examples_rclpy_minimal_action_server/examples_rclpy_minimal_action_server.egg-info/requires.txt
[41.744s] writing top-level names to ../../../../../build/examples_rclpy_minimal_action_server/examples_rclpy_minimal_action_server.egg-info/top_level.txt
[41.744s] writing manifest file '../../../../../build/examples_rclpy_minimal_action_server/examples_rclpy_minimal_action_server.egg-info/SOURCES.txt'
[41.744s] reading manifest file '../../../../../build/examples_rclpy_minimal_action_server/examples_rclpy_minimal_action_server.egg-info/SOURCES.txt'
[41.744s] writing manifest file '../../../../../build/examples_rclpy_minimal_action_server/examples_rclpy_minimal_action_server.egg-info/SOURCES.txt'
[41.744s] running build
[41.744s] running build_py
[41.744s] creating /home/sahruday/Documents/Github/Ros2/build/examples_rclpy_minimal_action_server/build
[41.744s] creating /home/sahruday/Documents/Github/Ros2/build/examples_rclpy_minimal_action_server/build/lib
[41.744s] creating /home/sahruday/Documents/Github/Ros2/build/examples_rclpy_minimal_action_server/build/lib/examples_rclpy_minimal_action_server
[41.744s] copying examples_rclpy_minimal_action_server/server_queue_goals.py -> /home/sahruday/Documents/Github/Ros2/build/examples_rclpy_minimal_action_server/build/lib/examples_rclpy_minimal_action_server
[41.744s] copying examples_rclpy_minimal_action_server/server_defer.py -> /home/sahruday/Documents/Github/Ros2/build/examples_rclpy_minimal_action_server/build/lib/examples_rclpy_minimal_action_server
[41.745s] copying examples_rclpy_minimal_action_server/server_not_composable.py -> /home/sahruday/Documents/Github/Ros2/build/examples_rclpy_minimal_action_server/build/lib/examples_rclpy_minimal_action_server
[41.745s] copying examples_rclpy_minimal_action_server/__init__.py -> /home/sahruday/Documents/Github/Ros2/build/examples_rclpy_minimal_action_server/build/lib/examples_rclpy_minimal_action_server
[41.745s] copying examples_rclpy_minimal_action_server/server.py -> /home/sahruday/Documents/Github/Ros2/build/examples_rclpy_minimal_action_server/build/lib/examples_rclpy_minimal_action_server
[41.745s] copying examples_rclpy_minimal_action_server/server_single_goal.py -> /home/sahruday/Documents/Github/Ros2/build/examples_rclpy_minimal_action_server/build/lib/examples_rclpy_minimal_action_server
[41.745s] running install
[41.745s] running install_lib
[41.745s] creating /home/sahruday/Documents/Github/Ros2/install/examples_rclpy_minimal_action_server/lib/python3.10/site-packages/examples_rclpy_minimal_action_server
[41.745s] copying /home/sahruday/Documents/Github/Ros2/build/examples_rclpy_minimal_action_server/build/lib/examples_rclpy_minimal_action_server/server_queue_goals.py -> /home/sahruday/Documents/Github/Ros2/install/examples_rclpy_minimal_action_server/lib/python3.10/site-packages/examples_rclpy_minimal_action_server
[41.745s] copying /home/sahruday/Documents/Github/Ros2/build/examples_rclpy_minimal_action_server/build/lib/examples_rclpy_minimal_action_server/server_defer.py -> /home/sahruday/Documents/Github/Ros2/install/examples_rclpy_minimal_action_server/lib/python3.10/site-packages/examples_rclpy_minimal_action_server
[41.745s] copying /home/sahruday/Documents/Github/Ros2/build/examples_rclpy_minimal_action_server/build/lib/examples_rclpy_minimal_action_server/server_not_composable.py -> /home/sahruday/Documents/Github/Ros2/install/examples_rclpy_minimal_action_server/lib/python3.10/site-packages/examples_rclpy_minimal_action_server
[41.745s] copying /home/sahruday/Documents/Github/Ros2/build/examples_rclpy_minimal_action_server/build/lib/examples_rclpy_minimal_action_server/__init__.py -> /home/sahruday/Documents/Github/Ros2/install/examples_rclpy_minimal_action_server/lib/python3.10/site-packages/examples_rclpy_minimal_action_server
[41.745s] copying /home/sahruday/Documents/Github/Ros2/build/examples_rclpy_minimal_action_server/build/lib/examples_rclpy_minimal_action_server/server.py -> /home/sahruday/Documents/Github/Ros2/install/examples_rclpy_minimal_action_server/lib/python3.10/site-packages/examples_rclpy_minimal_action_server
[41.745s] copying /home/sahruday/Documents/Github/Ros2/build/examples_rclpy_minimal_action_server/build/lib/examples_rclpy_minimal_action_server/server_single_goal.py -> /home/sahruday/Documents/Github/Ros2/install/examples_rclpy_minimal_action_server/lib/python3.10/site-packages/examples_rclpy_minimal_action_server
[41.746s] byte-compiling /home/sahruday/Documents/Github/Ros2/install/examples_rclpy_minimal_action_server/lib/python3.10/site-packages/examples_rclpy_minimal_action_server/server_queue_goals.py to server_queue_goals.cpython-310.pyc
[41.746s] byte-compiling /home/sahruday/Documents/Github/Ros2/install/examples_rclpy_minimal_action_server/lib/python3.10/site-packages/examples_rclpy_minimal_action_server/server_defer.py to server_defer.cpython-310.pyc
[41.746s] byte-compiling /home/sahruday/Documents/Github/Ros2/install/examples_rclpy_minimal_action_server/lib/python3.10/site-packages/examples_rclpy_minimal_action_server/server_not_composable.py to server_not_composable.cpython-310.pyc
[41.746s] byte-compiling /home/sahruday/Documents/Github/Ros2/install/examples_rclpy_minimal_action_server/lib/python3.10/site-packages/examples_rclpy_minimal_action_server/__init__.py to __init__.cpython-310.pyc
[41.746s] byte-compiling /home/sahruday/Documents/Github/Ros2/install/examples_rclpy_minimal_action_server/lib/python3.10/site-packages/examples_rclpy_minimal_action_server/server.py to server.cpython-310.pyc
[41.746s] byte-compiling /home/sahruday/Documents/Github/Ros2/install/examples_rclpy_minimal_action_server/lib/python3.10/site-packages/examples_rclpy_minimal_action_server/server_single_goal.py to server_single_goal.cpython-310.pyc
[41.746s] running install_data
[41.746s] creating /home/sahruday/Documents/Github/Ros2/install/examples_rclpy_minimal_action_server/share/ament_index
[41.746s] creating /home/sahruday/Documents/Github/Ros2/install/examples_rclpy_minimal_action_server/share/ament_index/resource_index
[41.746s] creating /home/sahruday/Documents/Github/Ros2/install/examples_rclpy_minimal_action_server/share/ament_index/resource_index/packages
[41.746s] copying resource/examples_rclpy_minimal_action_server -> /home/sahruday/Documents/Github/Ros2/install/examples_rclpy_minimal_action_server/share/ament_index/resource_index/packages
[41.746s] copying package.xml -> /home/sahruday/Documents/Github/Ros2/install/examples_rclpy_minimal_action_server/share/examples_rclpy_minimal_action_server
[41.746s] running install_egg_info
[41.746s] Copying ../../../../../build/examples_rclpy_minimal_action_server/examples_rclpy_minimal_action_server.egg-info to /home/sahruday/Documents/Github/Ros2/install/examples_rclpy_minimal_action_server/lib/python3.10/site-packages/examples_rclpy_minimal_action_server-0.15.0-py3.10.egg-info
[41.746s] running install_scripts
[41.747s] Installing server script to /home/sahruday/Documents/Github/Ros2/install/examples_rclpy_minimal_action_server/lib/examples_rclpy_minimal_action_server
[41.747s] Installing server_defer script to /home/sahruday/Documents/Github/Ros2/install/examples_rclpy_minimal_action_server/lib/examples_rclpy_minimal_action_server
[41.747s] Installing server_not_composable script to /home/sahruday/Documents/Github/Ros2/install/examples_rclpy_minimal_action_server/lib/examples_rclpy_minimal_action_server
[41.747s] Installing server_queue_goals script to /home/sahruday/Documents/Github/Ros2/install/examples_rclpy_minimal_action_server/lib/examples_rclpy_minimal_action_server
[41.747s] Installing server_single_goal script to /home/sahruday/Documents/Github/Ros2/install/examples_rclpy_minimal_action_server/lib/examples_rclpy_minimal_action_server
[41.747s] writing list of installed files to '/home/sahruday/Documents/Github/Ros2/build/examples_rclpy_minimal_action_server/install.log'
[41.747s] /usr/lib/python3/dist-packages/setuptools/command/install.py:34: SetuptoolsDeprecationWarning: setup.py install is deprecated. Use build and pip and other standards-based tools.
[41.748s]   warnings.warn(
