[0.096s] Invoking command in '/home/sahruday/Documents/Github/Ros2/build/turtlesim': CMAKE_PREFIX_PATH=${CMAKE_PREFIX_PATH}:/home/sahruday/Documents/Github/Ros2/install/launch_testing_examples:/home/sahruday/Documents/Github/Ros2/install/examples_rclpy_pointcloud_publisher:/home/sahruday/Documents/Github/Ros2/install/examples_rclpy_minimal_subscriber:/home/sahruday/Documents/Github/Ros2/install/examples_rclpy_minimal_service:/home/sahruday/Documents/Github/Ros2/install/examples_rclpy_minimal_publisher:/home/sahruday/Documents/Github/Ros2/install/examples_rclpy_minimal_client:/home/sahruday/Documents/Github/Ros2/install/examples_rclpy_minimal_action_server:/home/sahruday/Documents/Github/Ros2/install/examples_rclpy_minimal_action_client:/home/sahruday/Documents/Github/Ros2/install/examples_rclpy_guard_conditions:/home/sahruday/Documents/Github/Ros2/install/examples_rclpy_executors:/home/sahruday/ros2_humble/install/rqt_bag_plugins:/home/sahruday/ros2_humble/install/rqt_bag:/home/sahruday/ros2_humble/install/ros2bag:/home/sahruday/ros2_humble/install/tracetools_test:/home/sahruday/ros2_humble/install/tracetools_launch:/home/sahruday/ros2_humble/install/topic_monitor:/home/sahruday/ros2_humble/install/tf2_tools:/home/sahruday/ros2_humble/install/examples_tf2_py:/home/sahruday/ros2_humble/install/tf2_ros_py:/home/sahruday/ros2_humble/install/sros2:/home/sahruday/ros2_humble/install/rqt_topic:/home/sahruday/ros2_humble/install/rqt_srv:/home/sahruday/ros2_humble/install/rqt_shell:/home/sahruday/ros2_humble/install/rqt_service_caller:/home/sahruday/ros2_humble/install/rqt_reconfigure:/home/sahruday/ros2_humble/install/rqt_py_console:/home/sahruday/ros2_humble/install/rqt_publisher:/home/sahruday/ros2_humble/install/rqt_plot:/home/sahruday/ros2_humble/install/rqt_action:/home/sahruday/ros2_humble/install/rqt_msg:/home/sahruday/ros2_humble/install/rqt_console:/home/sahruday/ros2_humble/install/rqt:/home/sahruday/ros2_humble/install/rqt_graph:/home/sahruday/ros2_humble/install/rqt_gui_py:/home/sahruday/ros2_humble/install/rqt_gui:/home/sahruday/ros2_humble/install/ros2trace:/home/sahruday/ros2_humble/install/ros2topic:/home/sahruday/ros2_humble/install/ros2test:/home/sahruday/ros2_humble/install/ros2component:/home/sahruday/ros2_humble/install/ros2param:/home/sahruday/ros2_humble/install/ros2lifecycle:/home/sahruday/ros2_humble/install/ros2service:/home/sahruday/ros2_humble/install/ros2run:/home/sahruday/ros2_humble/install/ros2launch:/home/sahruday/ros2_humble/install/ros2pkg:/home/sahruday/ros2_humble/install/ros2node:/home/sahruday/ros2_humble/install/ros2multicast:/home/sahruday/ros2_humble/install/ros2interface:/home/sahruday/ros2_humble/install/ros2doctor:/home/sahruday/ros2_humble/install/ros2action:/home/sahruday/ros2_humble/install/ros2cli:/home/sahruday/ros2_humble/install/quality_of_service_demo_py:/home/sahruday/ros2_humble/install/lifecycle_py:/home/sahruday/ros2_humble/install/launch_testing_ros:/home/sahruday/ros2_humble/install/launch_ros:/home/sahruday/ros2_humble/install/examples_rclpy_pointcloud_publisher:/home/sahruday/ros2_humble/install/examples_rclpy_minimal_subscriber:/home/sahruday/ros2_humble/install/examples_rclpy_minimal_service:/home/sahruday/ros2_humble/install/examples_rclpy_minimal_publisher:/home/sahruday/ros2_humble/install/examples_rclpy_minimal_client:/home/sahruday/ros2_humble/install/examples_rclpy_minimal_action_server:/home/sahruday/ros2_humble/install/examples_rclpy_minimal_action_client:/home/sahruday/ros2_humble/install/examples_rclpy_guard_conditions:/home/sahruday/ros2_humble/install/examples_rclpy_executors:/home/sahruday/ros2_humble/install/demo_nodes_py:/home/sahruday/ros2_humble/install/action_tutorials_py:/home/sahruday/ros2_humble/install/ament_uncrustify:/home/sahruday/ros2_humble/install/tracetools_trace:/home/sahruday/ros2_humble/install/tracetools_read:/home/sahruday/ros2_humble/install/test_tracetools_launch:/home/sahruday/ros2_humble/install/test_launch_ros:/home/sahruday/ros2_humble/install/sensor_msgs_py:/home/sahruday/ros2_humble/install/rpyutils:/home/sahruday/ros2_humble/install/rosidl_runtime_py:/home/sahruday/ros2_humble/install/rosidl_cli:/home/sahruday/ros2_humble/install/launch_pytest:/home/sahruday/ros2_humble/install/launch_testing:/home/sahruday/ros2_humble/install/launch_yaml:/home/sahruday/ros2_humble/install/launch_xml:/home/sahruday/ros2_humble/install/launch:/home/sahruday/ros2_humble/install/osrf_pycommon:/home/sahruday/ros2_humble/install/launch_testing_examples:/home/sahruday/ros2_humble/install/domain_coordinator:/home/sahruday/ros2_humble/install/ament_xmllint:/home/sahruday/ros2_humble/install/ament_pyflakes:/home/sahruday/ros2_humble/install/ament_pycodestyle:/home/sahruday/ros2_humble/install/ament_pep257:/home/sahruday/ros2_humble/install/ament_pclint:/home/sahruday/ros2_humble/install/ament_package:/home/sahruday/ros2_humble/install/ament_mypy:/home/sahruday/ros2_humble/install/ament_lint_cmake:/home/sahruday/ros2_humble/install/ament_flake8:/home/sahruday/ros2_humble/install/ament_copyright:/home/sahruday/ros2_humble/install/ament_lint:/home/sahruday/ros2_humble/install/ament_index_python:/home/sahruday/ros2_humble/install/ament_cpplint:/home/sahruday/ros2_humble/install/ament_cppcheck:/home/sahruday/ros2_humble/install/ament_clang_tidy:/home/sahruday/ros2_humble/install/ament_clang_format /usr/bin/cmake /home/sahruday/Documents/Github/Ros2/src/ros_tutorials/turtlesim -DAMENT_CMAKE_SYMLINK_INSTALL=1 -DCMAKE_INSTALL_PREFIX=/home/sahruday/Documents/Github/Ros2/install/turtlesim
[1.142s] -- The C compiler identification is GNU 11.3.0
[1.142s] -- The CXX compiler identification is GNU 11.3.0
[1.142s] -- Detecting C compiler ABI info
[1.142s] -- Detecting C compiler ABI info - done
[1.143s] -- Check for working C compiler: /usr/bin/cc - skipped
[1.143s] -- Detecting C compile features
[1.143s] -- Detecting C compile features - done
[1.143s] -- Detecting CXX compiler ABI info
[1.143s] -- Detecting CXX compiler ABI info - done
[1.143s] -- Check for working CXX compiler: /usr/bin/c++ - skipped
[1.143s] -- Detecting CXX compile features
[1.143s] -- Detecting CXX compile features - done
[1.143s] -- Found ament_cmake: 1.3.2 (/home/sahruday/ros2_humble/install/ament_cmake/share/ament_cmake/cmake)
[2.021s] -- Found Python3: /usr/bin/python3.10 (found version "3.10.6") found components: Interpreter 
[2.370s] -- Override CMake install command with custom implementation using symlinks instead of copying resources
[2.731s] -- Found ament_index_cpp: 1.4.0 (/home/sahruday/ros2_humble/install/ament_index_cpp/share/ament_index_cpp/cmake)
[2.747s] -- Found geometry_msgs: 4.2.2 (/home/sahruday/ros2_humble/install/geometry_msgs/share/geometry_msgs/cmake)
[2.975s] -- Found rosidl_generator_c: 3.1.3 (/home/sahruday/ros2_humble/install/rosidl_generator_c/share/rosidl_generator_c/cmake)
[3.018s] -- Found rosidl_adapter: 3.1.3 (/home/sahruday/ros2_humble/install/rosidl_adapter/share/rosidl_adapter/cmake)
[3.063s] -- Found rosidl_generator_cpp: 3.1.3 (/home/sahruday/ros2_humble/install/rosidl_generator_cpp/share/rosidl_generator_cpp/cmake)
[3.152s] -- Using all available rosidl_typesupport_c: rosidl_typesupport_introspection_c;rosidl_typesupport_fastrtps_c
[3.260s] -- Using all available rosidl_typesupport_cpp: rosidl_typesupport_introspection_cpp;rosidl_typesupport_fastrtps_cpp
[3.574s] -- Found rclcpp: 16.0.1 (/home/sahruday/ros2_humble/install/rclcpp/share/rclcpp/cmake)
[3.789s] -- Found rmw_implementation_cmake: 6.1.0 (/home/sahruday/ros2_humble/install/rmw_implementation_cmake/share/rmw_implementation_cmake/cmake)
[3.840s] -- Found rmw_fastrtps_cpp: 6.2.1 (/home/sahruday/ros2_humble/install/rmw_fastrtps_cpp/share/rmw_fastrtps_cpp/cmake)
[4.118s] -- Found OpenSSL: /usr/lib/x86_64-linux-gnu/libcrypto.so (found version "3.0.2")  
[4.191s] -- Found FastRTPS: /home/sahruday/ros2_humble/install/fastrtps/include  
[4.314s] -- Using RMW implementation 'rmw_fastrtps_cpp' as default
[4.363s] -- Looking for pthread.h
[4.493s] -- Looking for pthread.h - found
[4.493s] -- Performing Test CMAKE_HAVE_LIBC_PTHREAD
[4.630s] -- Performing Test CMAKE_HAVE_LIBC_PTHREAD - Success
[4.631s] -- Found Threads: TRUE  
[4.796s] -- Found rclcpp_action: 16.0.1 (/home/sahruday/ros2_humble/install/rclcpp_action/share/rclcpp_action/cmake)
[4.911s] -- Found rosidl_default_generators: 1.2.0 (/home/sahruday/ros2_humble/install/rosidl_default_generators/share/rosidl_default_generators/cmake)
[5.019s] -- Found std_srvs: 4.2.2 (/home/sahruday/ros2_humble/install/std_srvs/share/std_srvs/cmake)
[6.169s] -- Found ament_cmake_ros: 0.10.0 (/home/sahruday/ros2_humble/install/ament_cmake_ros/share/ament_cmake_ros/cmake)
[7.392s] -- Using all available rosidl_typesupport_c: rosidl_typesupport_introspection_c;rosidl_typesupport_fastrtps_c
[7.766s] -- Using all available rosidl_typesupport_cpp: rosidl_typesupport_introspection_cpp;rosidl_typesupport_fastrtps_cpp
[7.849s] -- Found PythonInterp: /usr/bin/python3 (found suitable version "3.10.6", minimum required is "3.6") 
[7.866s] -- Found python_cmake_module: 0.10.0 (/home/sahruday/ros2_humble/install/python_cmake_module/share/python_cmake_module/cmake)
[7.954s] -- Found PythonLibs: /usr/lib/x86_64-linux-gnu/libpython3.10.so (found suitable version "3.10.6", minimum required is "3.5") 
[7.954s] -- Using PYTHON_EXECUTABLE: /usr/bin/python3
[7.954s] -- Using PYTHON_INCLUDE_DIRS: /usr/include/python3.10
[7.954s] -- Using PYTHON_LIBRARIES: /usr/lib/x86_64-linux-gnu/libpython3.10.so
[8.032s] -- Found PythonExtra: .so  
[8.783s] -- Configuring done
[8.856s] -- Generating done
[8.859s] -- Build files have been written to: /home/sahruday/Documents/Github/Ros2/build/turtlesim
[8.890s] Invoked command in '/home/sahruday/Documents/Github/Ros2/build/turtlesim' returned '0': CMAKE_PREFIX_PATH=${CMAKE_PREFIX_PATH}:/home/sahruday/Documents/Github/Ros2/install/launch_testing_examples:/home/sahruday/Documents/Github/Ros2/install/examples_rclpy_pointcloud_publisher:/home/sahruday/Documents/Github/Ros2/install/examples_rclpy_minimal_subscriber:/home/sahruday/Documents/Github/Ros2/install/examples_rclpy_minimal_service:/home/sahruday/Documents/Github/Ros2/install/examples_rclpy_minimal_publisher:/home/sahruday/Documents/Github/Ros2/install/examples_rclpy_minimal_client:/home/sahruday/Documents/Github/Ros2/install/examples_rclpy_minimal_action_server:/home/sahruday/Documents/Github/Ros2/install/examples_rclpy_minimal_action_client:/home/sahruday/Documents/Github/Ros2/install/examples_rclpy_guard_conditions:/home/sahruday/Documents/Github/Ros2/install/examples_rclpy_executors:/home/sahruday/ros2_humble/install/rqt_bag_plugins:/home/sahruday/ros2_humble/install/rqt_bag:/home/sahruday/ros2_humble/install/ros2bag:/home/sahruday/ros2_humble/install/tracetools_test:/home/sahruday/ros2_humble/install/tracetools_launch:/home/sahruday/ros2_humble/install/topic_monitor:/home/sahruday/ros2_humble/install/tf2_tools:/home/sahruday/ros2_humble/install/examples_tf2_py:/home/sahruday/ros2_humble/install/tf2_ros_py:/home/sahruday/ros2_humble/install/sros2:/home/sahruday/ros2_humble/install/rqt_topic:/home/sahruday/ros2_humble/install/rqt_srv:/home/sahruday/ros2_humble/install/rqt_shell:/home/sahruday/ros2_humble/install/rqt_service_caller:/home/sahruday/ros2_humble/install/rqt_reconfigure:/home/sahruday/ros2_humble/install/rqt_py_console:/home/sahruday/ros2_humble/install/rqt_publisher:/home/sahruday/ros2_humble/install/rqt_plot:/home/sahruday/ros2_humble/install/rqt_action:/home/sahruday/ros2_humble/install/rqt_msg:/home/sahruday/ros2_humble/install/rqt_console:/home/sahruday/ros2_humble/install/rqt:/home/sahruday/ros2_humble/install/rqt_graph:/home/sahruday/ros2_humble/install/rqt_gui_py:/home/sahruday/ros2_humble/install/rqt_gui:/home/sahruday/ros2_humble/install/ros2trace:/home/sahruday/ros2_humble/install/ros2topic:/home/sahruday/ros2_humble/install/ros2test:/home/sahruday/ros2_humble/install/ros2component:/home/sahruday/ros2_humble/install/ros2param:/home/sahruday/ros2_humble/install/ros2lifecycle:/home/sahruday/ros2_humble/install/ros2service:/home/sahruday/ros2_humble/install/ros2run:/home/sahruday/ros2_humble/install/ros2launch:/home/sahruday/ros2_humble/install/ros2pkg:/home/sahruday/ros2_humble/install/ros2node:/home/sahruday/ros2_humble/install/ros2multicast:/home/sahruday/ros2_humble/install/ros2interface:/home/sahruday/ros2_humble/install/ros2doctor:/home/sahruday/ros2_humble/install/ros2action:/home/sahruday/ros2_humble/install/ros2cli:/home/sahruday/ros2_humble/install/quality_of_service_demo_py:/home/sahruday/ros2_humble/install/lifecycle_py:/home/sahruday/ros2_humble/install/launch_testing_ros:/home/sahruday/ros2_humble/install/launch_ros:/home/sahruday/ros2_humble/install/examples_rclpy_pointcloud_publisher:/home/sahruday/ros2_humble/install/examples_rclpy_minimal_subscriber:/home/sahruday/ros2_humble/install/examples_rclpy_minimal_service:/home/sahruday/ros2_humble/install/examples_rclpy_minimal_publisher:/home/sahruday/ros2_humble/install/examples_rclpy_minimal_client:/home/sahruday/ros2_humble/install/examples_rclpy_minimal_action_server:/home/sahruday/ros2_humble/install/examples_rclpy_minimal_action_client:/home/sahruday/ros2_humble/install/examples_rclpy_guard_conditions:/home/sahruday/ros2_humble/install/examples_rclpy_executors:/home/sahruday/ros2_humble/install/demo_nodes_py:/home/sahruday/ros2_humble/install/action_tutorials_py:/home/sahruday/ros2_humble/install/ament_uncrustify:/home/sahruday/ros2_humble/install/tracetools_trace:/home/sahruday/ros2_humble/install/tracetools_read:/home/sahruday/ros2_humble/install/test_tracetools_launch:/home/sahruday/ros2_humble/install/test_launch_ros:/home/sahruday/ros2_humble/install/sensor_msgs_py:/home/sahruday/ros2_humble/install/rpyutils:/home/sahruday/ros2_humble/install/rosidl_runtime_py:/home/sahruday/ros2_humble/install/rosidl_cli:/home/sahruday/ros2_humble/install/launch_pytest:/home/sahruday/ros2_humble/install/launch_testing:/home/sahruday/ros2_humble/install/launch_yaml:/home/sahruday/ros2_humble/install/launch_xml:/home/sahruday/ros2_humble/install/launch:/home/sahruday/ros2_humble/install/osrf_pycommon:/home/sahruday/ros2_humble/install/launch_testing_examples:/home/sahruday/ros2_humble/install/domain_coordinator:/home/sahruday/ros2_humble/install/ament_xmllint:/home/sahruday/ros2_humble/install/ament_pyflakes:/home/sahruday/ros2_humble/install/ament_pycodestyle:/home/sahruday/ros2_humble/install/ament_pep257:/home/sahruday/ros2_humble/install/ament_pclint:/home/sahruday/ros2_humble/install/ament_package:/home/sahruday/ros2_humble/install/ament_mypy:/home/sahruday/ros2_humble/install/ament_lint_cmake:/home/sahruday/ros2_humble/install/ament_flake8:/home/sahruday/ros2_humble/install/ament_copyright:/home/sahruday/ros2_humble/install/ament_lint:/home/sahruday/ros2_humble/install/ament_index_python:/home/sahruday/ros2_humble/install/ament_cpplint:/home/sahruday/ros2_humble/install/ament_cppcheck:/home/sahruday/ros2_humble/install/ament_clang_tidy:/home/sahruday/ros2_humble/install/ament_clang_format /usr/bin/cmake /home/sahruday/Documents/Github/Ros2/src/ros_tutorials/turtlesim -DAMENT_CMAKE_SYMLINK_INSTALL=1 -DCMAKE_INSTALL_PREFIX=/home/sahruday/Documents/Github/Ros2/install/turtlesim
[8.893s] Invoking command in '/home/sahruday/Documents/Github/Ros2/build/turtlesim': CMAKE_PREFIX_PATH=${CMAKE_PREFIX_PATH}:/home/sahruday/Documents/Github/Ros2/install/launch_testing_examples:/home/sahruday/Documents/Github/Ros2/install/examples_rclpy_pointcloud_publisher:/home/sahruday/Documents/Github/Ros2/install/examples_rclpy_minimal_subscriber:/home/sahruday/Documents/Github/Ros2/install/examples_rclpy_minimal_service:/home/sahruday/Documents/Github/Ros2/install/examples_rclpy_minimal_publisher:/home/sahruday/Documents/Github/Ros2/install/examples_rclpy_minimal_client:/home/sahruday/Documents/Github/Ros2/install/examples_rclpy_minimal_action_server:/home/sahruday/Documents/Github/Ros2/install/examples_rclpy_minimal_action_client:/home/sahruday/Documents/Github/Ros2/install/examples_rclpy_guard_conditions:/home/sahruday/Documents/Github/Ros2/install/examples_rclpy_executors:/home/sahruday/ros2_humble/install/rqt_bag_plugins:/home/sahruday/ros2_humble/install/rqt_bag:/home/sahruday/ros2_humble/install/ros2bag:/home/sahruday/ros2_humble/install/tracetools_test:/home/sahruday/ros2_humble/install/tracetools_launch:/home/sahruday/ros2_humble/install/topic_monitor:/home/sahruday/ros2_humble/install/tf2_tools:/home/sahruday/ros2_humble/install/examples_tf2_py:/home/sahruday/ros2_humble/install/tf2_ros_py:/home/sahruday/ros2_humble/install/sros2:/home/sahruday/ros2_humble/install/rqt_topic:/home/sahruday/ros2_humble/install/rqt_srv:/home/sahruday/ros2_humble/install/rqt_shell:/home/sahruday/ros2_humble/install/rqt_service_caller:/home/sahruday/ros2_humble/install/rqt_reconfigure:/home/sahruday/ros2_humble/install/rqt_py_console:/home/sahruday/ros2_humble/install/rqt_publisher:/home/sahruday/ros2_humble/install/rqt_plot:/home/sahruday/ros2_humble/install/rqt_action:/home/sahruday/ros2_humble/install/rqt_msg:/home/sahruday/ros2_humble/install/rqt_console:/home/sahruday/ros2_humble/install/rqt:/home/sahruday/ros2_humble/install/rqt_graph:/home/sahruday/ros2_humble/install/rqt_gui_py:/home/sahruday/ros2_humble/install/rqt_gui:/home/sahruday/ros2_humble/install/ros2trace:/home/sahruday/ros2_humble/install/ros2topic:/home/sahruday/ros2_humble/install/ros2test:/home/sahruday/ros2_humble/install/ros2component:/home/sahruday/ros2_humble/install/ros2param:/home/sahruday/ros2_humble/install/ros2lifecycle:/home/sahruday/ros2_humble/install/ros2service:/home/sahruday/ros2_humble/install/ros2run:/home/sahruday/ros2_humble/install/ros2launch:/home/sahruday/ros2_humble/install/ros2pkg:/home/sahruday/ros2_humble/install/ros2node:/home/sahruday/ros2_humble/install/ros2multicast:/home/sahruday/ros2_humble/install/ros2interface:/home/sahruday/ros2_humble/install/ros2doctor:/home/sahruday/ros2_humble/install/ros2action:/home/sahruday/ros2_humble/install/ros2cli:/home/sahruday/ros2_humble/install/quality_of_service_demo_py:/home/sahruday/ros2_humble/install/lifecycle_py:/home/sahruday/ros2_humble/install/launch_testing_ros:/home/sahruday/ros2_humble/install/launch_ros:/home/sahruday/ros2_humble/install/examples_rclpy_pointcloud_publisher:/home/sahruday/ros2_humble/install/examples_rclpy_minimal_subscriber:/home/sahruday/ros2_humble/install/examples_rclpy_minimal_service:/home/sahruday/ros2_humble/install/examples_rclpy_minimal_publisher:/home/sahruday/ros2_humble/install/examples_rclpy_minimal_client:/home/sahruday/ros2_humble/install/examples_rclpy_minimal_action_server:/home/sahruday/ros2_humble/install/examples_rclpy_minimal_action_client:/home/sahruday/ros2_humble/install/examples_rclpy_guard_conditions:/home/sahruday/ros2_humble/install/examples_rclpy_executors:/home/sahruday/ros2_humble/install/demo_nodes_py:/home/sahruday/ros2_humble/install/action_tutorials_py:/home/sahruday/ros2_humble/install/ament_uncrustify:/home/sahruday/ros2_humble/install/tracetools_trace:/home/sahruday/ros2_humble/install/tracetools_read:/home/sahruday/ros2_humble/install/test_tracetools_launch:/home/sahruday/ros2_humble/install/test_launch_ros:/home/sahruday/ros2_humble/install/sensor_msgs_py:/home/sahruday/ros2_humble/install/rpyutils:/home/sahruday/ros2_humble/install/rosidl_runtime_py:/home/sahruday/ros2_humble/install/rosidl_cli:/home/sahruday/ros2_humble/install/launch_pytest:/home/sahruday/ros2_humble/install/launch_testing:/home/sahruday/ros2_humble/install/launch_yaml:/home/sahruday/ros2_humble/install/launch_xml:/home/sahruday/ros2_humble/install/launch:/home/sahruday/ros2_humble/install/osrf_pycommon:/home/sahruday/ros2_humble/install/launch_testing_examples:/home/sahruday/ros2_humble/install/domain_coordinator:/home/sahruday/ros2_humble/install/ament_xmllint:/home/sahruday/ros2_humble/install/ament_pyflakes:/home/sahruday/ros2_humble/install/ament_pycodestyle:/home/sahruday/ros2_humble/install/ament_pep257:/home/sahruday/ros2_humble/install/ament_pclint:/home/sahruday/ros2_humble/install/ament_package:/home/sahruday/ros2_humble/install/ament_mypy:/home/sahruday/ros2_humble/install/ament_lint_cmake:/home/sahruday/ros2_humble/install/ament_flake8:/home/sahruday/ros2_humble/install/ament_copyright:/home/sahruday/ros2_humble/install/ament_lint:/home/sahruday/ros2_humble/install/ament_index_python:/home/sahruday/ros2_humble/install/ament_cpplint:/home/sahruday/ros2_humble/install/ament_cppcheck:/home/sahruday/ros2_humble/install/ament_clang_tidy:/home/sahruday/ros2_humble/install/ament_clang_format /usr/bin/cmake --build /home/sahruday/Documents/Github/Ros2/build/turtlesim -- -j16 -l16
[8.987s] [  1%] [34m[1mGenerating C++ code for ROS interfaces[0m
[10.248s] [  1%] Built target turtlesim__cpp
[10.295s] [  1%] Built target ament_cmake_python_symlink_turtlesim
[10.310s] [  2%] [34m[1mGenerating C++ introspection for ROS interfaces[0m
[11.105s] [  3%] [32mBuilding CXX object CMakeFiles/turtlesim__rosidl_typesupport_introspection_cpp.dir/rosidl_typesupport_introspection_cpp/turtlesim/action/detail/rotate_absolute__type_support.cpp.o[0m
[11.556s] [  4%] [32mBuilding CXX object CMakeFiles/turtlesim__rosidl_typesupport_introspection_cpp.dir/rosidl_typesupport_introspection_cpp/turtlesim/srv/detail/teleport_relative__type_support.cpp.o[0m
[11.820s] [  5%] [32mBuilding CXX object CMakeFiles/turtlesim__rosidl_typesupport_introspection_cpp.dir/rosidl_typesupport_introspection_cpp/turtlesim/srv/detail/teleport_absolute__type_support.cpp.o[0m
[12.083s] [  6%] [32mBuilding CXX object CMakeFiles/turtlesim__rosidl_typesupport_introspection_cpp.dir/rosidl_typesupport_introspection_cpp/turtlesim/srv/detail/spawn__type_support.cpp.o[0m
[12.348s] [  7%] [32mBuilding CXX object CMakeFiles/turtlesim__rosidl_typesupport_introspection_cpp.dir/rosidl_typesupport_introspection_cpp/turtlesim/srv/detail/set_pen__type_support.cpp.o[0m
[12.619s] [  8%] [32mBuilding CXX object CMakeFiles/turtlesim__rosidl_typesupport_introspection_cpp.dir/rosidl_typesupport_introspection_cpp/turtlesim/srv/detail/kill__type_support.cpp.o[0m
[12.929s] [  9%] [32mBuilding CXX object CMakeFiles/turtlesim__rosidl_typesupport_introspection_cpp.dir/rosidl_typesupport_introspection_cpp/turtlesim/msg/detail/pose__type_support.cpp.o[0m
[13.191s] [ 10%] [32mBuilding CXX object CMakeFiles/turtlesim__rosidl_typesupport_introspection_cpp.dir/rosidl_typesupport_introspection_cpp/turtlesim/msg/detail/color__type_support.cpp.o[0m
[13.462s] [ 11%] [32m[1mLinking CXX shared library libturtlesim__rosidl_typesupport_introspection_cpp.so[0m
[13.534s] [ 11%] Built target turtlesim__rosidl_typesupport_introspection_cpp
[13.888s] running egg_info
[13.888s] creating turtlesim.egg-info
[13.888s] writing turtlesim.egg-info/PKG-INFO
[13.889s] writing dependency_links to turtlesim.egg-info/dependency_links.txt
[13.889s] writing top-level names to turtlesim.egg-info/top_level.txt
[13.889s] writing manifest file 'turtlesim.egg-info/SOURCES.txt'
[13.890s] reading manifest file 'turtlesim.egg-info/SOURCES.txt'
[13.891s] writing manifest file 'turtlesim.egg-info/SOURCES.txt'
[13.922s] [ 11%] Built target ament_cmake_python_build_turtlesim_egg
[13.939s] [ 12%] [34m[1mGenerating C++ type support for eProsima Fast-RTPS[0m
[14.747s] [ 13%] [32mBuilding CXX object CMakeFiles/turtlesim__rosidl_typesupport_fastrtps_cpp.dir/rosidl_typesupport_fastrtps_cpp/turtlesim/action/detail/dds_fastrtps/rotate_absolute__type_support.cpp.o[0m
[15.158s] [ 14%] [32mBuilding CXX object CMakeFiles/turtlesim__rosidl_typesupport_fastrtps_cpp.dir/rosidl_typesupport_fastrtps_cpp/turtlesim/srv/detail/dds_fastrtps/teleport_relative__type_support.cpp.o[0m
[15.492s] [ 15%] [32mBuilding CXX object CMakeFiles/turtlesim__rosidl_typesupport_fastrtps_cpp.dir/rosidl_typesupport_fastrtps_cpp/turtlesim/srv/detail/dds_fastrtps/teleport_absolute__type_support.cpp.o[0m
[15.807s] [ 16%] [32mBuilding CXX object CMakeFiles/turtlesim__rosidl_typesupport_fastrtps_cpp.dir/rosidl_typesupport_fastrtps_cpp/turtlesim/srv/detail/dds_fastrtps/spawn__type_support.cpp.o[0m
[16.098s] [ 17%] [32mBuilding CXX object CMakeFiles/turtlesim__rosidl_typesupport_fastrtps_cpp.dir/rosidl_typesupport_fastrtps_cpp/turtlesim/srv/detail/dds_fastrtps/set_pen__type_support.cpp.o[0m
[16.396s] [ 18%] [32mBuilding CXX object CMakeFiles/turtlesim__rosidl_typesupport_fastrtps_cpp.dir/rosidl_typesupport_fastrtps_cpp/turtlesim/srv/detail/dds_fastrtps/kill__type_support.cpp.o[0m
[16.668s] [ 19%] [32mBuilding CXX object CMakeFiles/turtlesim__rosidl_typesupport_fastrtps_cpp.dir/rosidl_typesupport_fastrtps_cpp/turtlesim/msg/detail/dds_fastrtps/pose__type_support.cpp.o[0m
[16.930s] [ 20%] [32mBuilding CXX object CMakeFiles/turtlesim__rosidl_typesupport_fastrtps_cpp.dir/rosidl_typesupport_fastrtps_cpp/turtlesim/msg/detail/dds_fastrtps/color__type_support.cpp.o[0m
[17.185s] [ 21%] [32m[1mLinking CXX shared library libturtlesim__rosidl_typesupport_fastrtps_cpp.so[0m
[17.261s] [ 21%] Built target turtlesim__rosidl_typesupport_fastrtps_cpp
[17.277s] [ 22%] [34m[1mGenerating C++ type support dispatch for ROS interfaces[0m
[17.796s] [ 23%] [32mBuilding CXX object CMakeFiles/turtlesim__rosidl_typesupport_cpp.dir/rosidl_typesupport_cpp/turtlesim/action/rotate_absolute__type_support.cpp.o[0m
[18.103s] [ 24%] [32mBuilding CXX object CMakeFiles/turtlesim__rosidl_typesupport_cpp.dir/rosidl_typesupport_cpp/turtlesim/srv/teleport_relative__type_support.cpp.o[0m
[18.283s] [ 25%] [32mBuilding CXX object CMakeFiles/turtlesim__rosidl_typesupport_cpp.dir/rosidl_typesupport_cpp/turtlesim/srv/teleport_absolute__type_support.cpp.o[0m
[18.475s] [ 26%] [32mBuilding CXX object CMakeFiles/turtlesim__rosidl_typesupport_cpp.dir/rosidl_typesupport_cpp/turtlesim/srv/spawn__type_support.cpp.o[0m
[18.659s] [ 27%] [32mBuilding CXX object CMakeFiles/turtlesim__rosidl_typesupport_cpp.dir/rosidl_typesupport_cpp/turtlesim/srv/set_pen__type_support.cpp.o[0m
[18.857s] [ 28%] [32mBuilding CXX object CMakeFiles/turtlesim__rosidl_typesupport_cpp.dir/rosidl_typesupport_cpp/turtlesim/srv/kill__type_support.cpp.o[0m
[19.055s] [ 29%] [32mBuilding CXX object CMakeFiles/turtlesim__rosidl_typesupport_cpp.dir/rosidl_typesupport_cpp/turtlesim/msg/pose__type_support.cpp.o[0m
[19.246s] [ 30%] [32mBuilding CXX object CMakeFiles/turtlesim__rosidl_typesupport_cpp.dir/rosidl_typesupport_cpp/turtlesim/msg/color__type_support.cpp.o[0m
[19.431s] [ 31%] [32m[1mLinking CXX shared library libturtlesim__rosidl_typesupport_cpp.so[0m
[19.484s] [ 31%] Built target turtlesim__rosidl_typesupport_cpp
[19.499s] [ 32%] [34m[1mGenerating C code for ROS interfaces[0m
[20.666s] [ 33%] [32mBuilding C object CMakeFiles/turtlesim__rosidl_generator_c.dir/rosidl_generator_c/turtlesim/action/detail/rotate_absolute__functions.c.o[0m
[20.777s] [ 34%] [32mBuilding C object CMakeFiles/turtlesim__rosidl_generator_c.dir/rosidl_generator_c/turtlesim/srv/detail/teleport_relative__functions.c.o[0m
[20.828s] [ 35%] [32mBuilding C object CMakeFiles/turtlesim__rosidl_generator_c.dir/rosidl_generator_c/turtlesim/srv/detail/teleport_absolute__functions.c.o[0m
[20.880s] [ 36%] [32mBuilding C object CMakeFiles/turtlesim__rosidl_generator_c.dir/rosidl_generator_c/turtlesim/srv/detail/spawn__functions.c.o[0m
[20.939s] [ 37%] [32mBuilding C object CMakeFiles/turtlesim__rosidl_generator_c.dir/rosidl_generator_c/turtlesim/srv/detail/set_pen__functions.c.o[0m
[20.992s] [ 38%] [32mBuilding C object CMakeFiles/turtlesim__rosidl_generator_c.dir/rosidl_generator_c/turtlesim/srv/detail/kill__functions.c.o[0m
[21.046s] [ 39%] [32mBuilding C object CMakeFiles/turtlesim__rosidl_generator_c.dir/rosidl_generator_c/turtlesim/msg/detail/pose__functions.c.o[0m
[21.090s] [ 40%] [32mBuilding C object CMakeFiles/turtlesim__rosidl_generator_c.dir/rosidl_generator_c/turtlesim/msg/detail/color__functions.c.o[0m
[21.130s] [ 41%] [32m[1mLinking C shared library libturtlesim__rosidl_generator_c.so[0m
[21.168s] [ 41%] Built target turtlesim__rosidl_generator_c
[21.198s] [ 42%] [32mBuilding CXX object CMakeFiles/mimic.dir/tutorials/mimic.cpp.o[0m
[26.802s] [ 43%] [32m[1mLinking CXX executable mimic[0m
[27.301s] [ 43%] Built target mimic
[27.316s] [ 45%] [34m[1mGenerating C type support dispatch for ROS interfaces[0m
[27.316s] [ 45%] [34m[1mGenerating C introspection for ROS interfaces[0m
[27.790s] [ 49%] [32mBuilding CXX object CMakeFiles/turtlesim__rosidl_typesupport_c.dir/rosidl_typesupport_c/turtlesim/srv/teleport_absolute__type_support.cpp.o[0m
[27.790s] [ 49%] [32mBuilding CXX object CMakeFiles/turtlesim__rosidl_typesupport_c.dir/rosidl_typesupport_c/turtlesim/action/rotate_absolute__type_support.cpp.o[0m
[27.790s] [ 49%] [32mBuilding CXX object CMakeFiles/turtlesim__rosidl_typesupport_c.dir/rosidl_typesupport_c/turtlesim/msg/color__type_support.cpp.o[0m
[27.790s] [ 50%] [32mBuilding CXX object CMakeFiles/turtlesim__rosidl_typesupport_c.dir/rosidl_typesupport_c/turtlesim/msg/pose__type_support.cpp.o[0m
[27.790s] [ 50%] [32mBuilding CXX object CMakeFiles/turtlesim__rosidl_typesupport_c.dir/rosidl_typesupport_c/turtlesim/srv/spawn__type_support.cpp.o[0m
[27.792s] [ 51%] [32mBuilding CXX object CMakeFiles/turtlesim__rosidl_typesupport_c.dir/rosidl_typesupport_c/turtlesim/srv/kill__type_support.cpp.o[0m
[27.795s] [ 52%] [32mBuilding CXX object CMakeFiles/turtlesim__rosidl_typesupport_c.dir/rosidl_typesupport_c/turtlesim/srv/set_pen__type_support.cpp.o[0m
[27.826s] [ 53%] [32mBuilding CXX object CMakeFiles/turtlesim__rosidl_typesupport_c.dir/rosidl_typesupport_c/turtlesim/srv/teleport_relative__type_support.cpp.o[0m
[27.857s] [ 54%] [32m[1mLinking CXX shared library libturtlesim__rosidl_typesupport_c.so[0m
[27.901s] [ 54%] Built target turtlesim__rosidl_typesupport_c
[27.915s] [ 56%] [34m[1mGenerating C type support for eProsima Fast-RTPS[0m
[27.915s] [ 56%] [34m[1mGenerating include/turtlesim/moc_turtle_frame.cpp[0m
[27.930s] [ 58%] [32mBuilding CXX object CMakeFiles/turtle_teleop_key.dir/tutorials/teleop_turtle_key.cpp.o[0m
[27.930s] [ 58%] [32mBuilding CXX object CMakeFiles/draw_square.dir/tutorials/draw_square.cpp.o[0m
[27.944s] [ 62%] [32mBuilding C object CMakeFiles/turtlesim__rosidl_typesupport_introspection_c.dir/rosidl_typesupport_introspection_c/turtlesim/msg/detail/color__type_support.c.o[0m
[27.944s] [ 62%] [32mBuilding C object CMakeFiles/turtlesim__rosidl_typesupport_introspection_c.dir/rosidl_typesupport_introspection_c/turtlesim/srv/detail/kill__type_support.c.o[0m
[27.944s] [ 62%] [32mBuilding C object CMakeFiles/turtlesim__rosidl_typesupport_introspection_c.dir/rosidl_typesupport_introspection_c/turtlesim/srv/detail/spawn__type_support.c.o[0m
[27.944s] [ 62%] [32mBuilding C object CMakeFiles/turtlesim__rosidl_typesupport_introspection_c.dir/rosidl_typesupport_introspection_c/turtlesim/action/detail/rotate_absolute__type_support.c.o[0m
[27.945s] [ 63%] [32mBuilding C object CMakeFiles/turtlesim__rosidl_typesupport_introspection_c.dir/rosidl_typesupport_introspection_c/turtlesim/srv/detail/set_pen__type_support.c.o[0m
[27.946s] [ 64%] [32mBuilding C object CMakeFiles/turtlesim__rosidl_typesupport_introspection_c.dir/rosidl_typesupport_introspection_c/turtlesim/srv/detail/teleport_absolute__type_support.c.o[0m
[27.950s] [ 65%] [32mBuilding C object CMakeFiles/turtlesim__rosidl_typesupport_introspection_c.dir/rosidl_typesupport_introspection_c/turtlesim/msg/detail/pose__type_support.c.o[0m
[27.986s] [ 66%] [32mBuilding C object CMakeFiles/turtlesim__rosidl_typesupport_introspection_c.dir/rosidl_typesupport_introspection_c/turtlesim/srv/detail/teleport_relative__type_support.c.o[0m
[28.011s] [ 69%] [32mBuilding CXX object CMakeFiles/turtlesim_node.dir/src/turtle_frame.cpp.o[0m
[28.011s] [ 69%] [32mBuilding CXX object CMakeFiles/turtlesim_node.dir/src/turtle.cpp.o[0m
[28.012s] [ 69%] [32mBuilding CXX object CMakeFiles/turtlesim_node.dir/src/turtlesim.cpp.o[0m
[28.019s] [ 70%] [32mBuilding CXX object CMakeFiles/turtlesim_node.dir/include/turtlesim/moc_turtle_frame.cpp.o[0m
[28.026s] [ 71%] [32m[1mLinking C shared library libturtlesim__rosidl_typesupport_introspection_c.so[0m
[28.089s] [ 71%] Built target turtlesim__rosidl_typesupport_introspection_c
[28.783s] [ 75%] [32mBuilding CXX object CMakeFiles/turtlesim__rosidl_typesupport_fastrtps_c.dir/rosidl_typesupport_fastrtps_c/turtlesim/msg/detail/color__type_support_c.cpp.o[0m
[28.783s] [ 75%] [32mBuilding CXX object CMakeFiles/turtlesim__rosidl_typesupport_fastrtps_c.dir/rosidl_typesupport_fastrtps_c/turtlesim/action/detail/rotate_absolute__type_support_c.cpp.o[0m
[28.783s] [ 75%] [32mBuilding CXX object CMakeFiles/turtlesim__rosidl_typesupport_fastrtps_c.dir/rosidl_typesupport_fastrtps_c/turtlesim/msg/detail/pose__type_support_c.cpp.o[0m
[28.783s] [ 76%] [32mBuilding CXX object CMakeFiles/turtlesim__rosidl_typesupport_fastrtps_c.dir/rosidl_typesupport_fastrtps_c/turtlesim/srv/detail/kill__type_support_c.cpp.o[0m
[28.783s] [ 76%] [32mBuilding CXX object CMakeFiles/turtlesim__rosidl_typesupport_fastrtps_c.dir/rosidl_typesupport_fastrtps_c/turtlesim/srv/detail/set_pen__type_support_c.cpp.o[0m
[28.784s] [ 78%] [32mBuilding CXX object CMakeFiles/turtlesim__rosidl_typesupport_fastrtps_c.dir/rosidl_typesupport_fastrtps_c/turtlesim/srv/detail/teleport_absolute__type_support_c.cpp.o[0m
[28.784s] [ 78%] [32mBuilding CXX object CMakeFiles/turtlesim__rosidl_typesupport_fastrtps_c.dir/rosidl_typesupport_fastrtps_c/turtlesim/srv/detail/spawn__type_support_c.cpp.o[0m
[29.227s] [ 79%] [32mBuilding CXX object CMakeFiles/turtlesim__rosidl_typesupport_fastrtps_c.dir/rosidl_typesupport_fastrtps_c/turtlesim/srv/detail/teleport_relative__type_support_c.cpp.o[0m
[29.521s] [ 80%] [32m[1mLinking CXX shared library libturtlesim__rosidl_typesupport_fastrtps_c.so[0m
[29.605s] [ 80%] Built target turtlesim__rosidl_typesupport_fastrtps_c
[29.640s] [ 80%] Built target turtlesim
[29.676s] [ 81%] [34m[1mGenerating Python code for ROS interfaces[0m
[31.278s] [ 81%] Built target turtlesim__py
[31.317s] [ 82%] [32mBuilding C object CMakeFiles/turtlesim__rosidl_generator_py.dir/rosidl_generator_py/turtlesim/msg/_color_s.c.o[0m
[31.318s] [ 84%] [32mBuilding C object CMakeFiles/turtlesim__rosidl_generator_py.dir/rosidl_generator_py/turtlesim/msg/_pose_s.c.o[0m
[31.318s] [ 84%] [32mBuilding C object CMakeFiles/turtlesim__rosidl_generator_py.dir/rosidl_generator_py/turtlesim/srv/_spawn_s.c.o[0m
[31.318s] [ 85%] [32mBuilding C object CMakeFiles/turtlesim__rosidl_generator_py.dir/rosidl_generator_py/turtlesim/action/_rotate_absolute_s.c.o[0m
[31.318s] [ 86%] [32mBuilding C object CMakeFiles/turtlesim__rosidl_generator_py.dir/rosidl_generator_py/turtlesim/srv/_kill_s.c.o[0m
[31.318s] [ 87%] [32mBuilding C object CMakeFiles/turtlesim__rosidl_generator_py.dir/rosidl_generator_py/turtlesim/srv/_teleport_absolute_s.c.o[0m
[31.319s] [ 88%] [32mBuilding C object CMakeFiles/turtlesim__rosidl_generator_py.dir/rosidl_generator_py/turtlesim/srv/_set_pen_s.c.o[0m
[31.453s] [ 89%] [32mBuilding C object CMakeFiles/turtlesim__rosidl_generator_py.dir/rosidl_generator_py/turtlesim/srv/_teleport_relative_s.c.o[0m
[31.541s] [ 90%] [32m[1mLinking C shared library rosidl_generator_py/turtlesim/libturtlesim__rosidl_generator_py.so[0m
[31.589s] [ 90%] Built target turtlesim__rosidl_generator_py
[31.621s] [ 92%] [32mBuilding C object CMakeFiles/turtlesim__rosidl_typesupport_c__pyext.dir/rosidl_generator_py/turtlesim/_turtlesim_s.ep.rosidl_typesupport_c.c.o[0m
[31.621s] [ 92%] [32mBuilding C object CMakeFiles/turtlesim__rosidl_typesupport_fastrtps_c__pyext.dir/rosidl_generator_py/turtlesim/_turtlesim_s.ep.rosidl_typesupport_fastrtps_c.c.o[0m
[31.634s] [ 93%] [32mBuilding C object CMakeFiles/turtlesim__rosidl_typesupport_introspection_c__pyext.dir/rosidl_generator_py/turtlesim/_turtlesim_s.ep.rosidl_typesupport_introspection_c.c.o[0m
[31.751s] [ 95%] [32m[1mLinking C shared library rosidl_generator_py/turtlesim/turtlesim_s__rosidl_typesupport_fastrtps_c.cpython-310-x86_64-linux-gnu.so[0m
[31.751s] [ 95%] [32m[1mLinking C shared library rosidl_generator_py/turtlesim/turtlesim_s__rosidl_typesupport_c.cpython-310-x86_64-linux-gnu.so[0m
[31.798s] [ 95%] Built target turtlesim__rosidl_typesupport_c__pyext
[31.798s] [ 95%] Built target turtlesim__rosidl_typesupport_fastrtps_c__pyext
[31.839s] [ 96%] [32m[1mLinking C shared library rosidl_generator_py/turtlesim/turtlesim_s__rosidl_typesupport_introspection_c.cpython-310-x86_64-linux-gnu.so[0m
[31.886s] [ 96%] Built target turtlesim__rosidl_typesupport_introspection_c__pyext
[33.219s] [ 97%] [32m[1mLinking CXX executable turtle_teleop_key[0m
[33.773s] [ 97%] Built target turtle_teleop_key
[35.762s] [ 98%] [32m[1mLinking CXX executable draw_square[0m
[36.380s] [ 98%] Built target draw_square
[38.050s] [100%] [32m[1mLinking CXX executable turtlesim_node[0m
[40.044s] [100%] Built target turtlesim_node
[40.056s] Invoked command in '/home/sahruday/Documents/Github/Ros2/build/turtlesim' returned '0': CMAKE_PREFIX_PATH=${CMAKE_PREFIX_PATH}:/home/sahruday/Documents/Github/Ros2/install/launch_testing_examples:/home/sahruday/Documents/Github/Ros2/install/examples_rclpy_pointcloud_publisher:/home/sahruday/Documents/Github/Ros2/install/examples_rclpy_minimal_subscriber:/home/sahruday/Documents/Github/Ros2/install/examples_rclpy_minimal_service:/home/sahruday/Documents/Github/Ros2/install/examples_rclpy_minimal_publisher:/home/sahruday/Documents/Github/Ros2/install/examples_rclpy_minimal_client:/home/sahruday/Documents/Github/Ros2/install/examples_rclpy_minimal_action_server:/home/sahruday/Documents/Github/Ros2/install/examples_rclpy_minimal_action_client:/home/sahruday/Documents/Github/Ros2/install/examples_rclpy_guard_conditions:/home/sahruday/Documents/Github/Ros2/install/examples_rclpy_executors:/home/sahruday/ros2_humble/install/rqt_bag_plugins:/home/sahruday/ros2_humble/install/rqt_bag:/home/sahruday/ros2_humble/install/ros2bag:/home/sahruday/ros2_humble/install/tracetools_test:/home/sahruday/ros2_humble/install/tracetools_launch:/home/sahruday/ros2_humble/install/topic_monitor:/home/sahruday/ros2_humble/install/tf2_tools:/home/sahruday/ros2_humble/install/examples_tf2_py:/home/sahruday/ros2_humble/install/tf2_ros_py:/home/sahruday/ros2_humble/install/sros2:/home/sahruday/ros2_humble/install/rqt_topic:/home/sahruday/ros2_humble/install/rqt_srv:/home/sahruday/ros2_humble/install/rqt_shell:/home/sahruday/ros2_humble/install/rqt_service_caller:/home/sahruday/ros2_humble/install/rqt_reconfigure:/home/sahruday/ros2_humble/install/rqt_py_console:/home/sahruday/ros2_humble/install/rqt_publisher:/home/sahruday/ros2_humble/install/rqt_plot:/home/sahruday/ros2_humble/install/rqt_action:/home/sahruday/ros2_humble/install/rqt_msg:/home/sahruday/ros2_humble/install/rqt_console:/home/sahruday/ros2_humble/install/rqt:/home/sahruday/ros2_humble/install/rqt_graph:/home/sahruday/ros2_humble/install/rqt_gui_py:/home/sahruday/ros2_humble/install/rqt_gui:/home/sahruday/ros2_humble/install/ros2trace:/home/sahruday/ros2_humble/install/ros2topic:/home/sahruday/ros2_humble/install/ros2test:/home/sahruday/ros2_humble/install/ros2component:/home/sahruday/ros2_humble/install/ros2param:/home/sahruday/ros2_humble/install/ros2lifecycle:/home/sahruday/ros2_humble/install/ros2service:/home/sahruday/ros2_humble/install/ros2run:/home/sahruday/ros2_humble/install/ros2launch:/home/sahruday/ros2_humble/install/ros2pkg:/home/sahruday/ros2_humble/install/ros2node:/home/sahruday/ros2_humble/install/ros2multicast:/home/sahruday/ros2_humble/install/ros2interface:/home/sahruday/ros2_humble/install/ros2doctor:/home/sahruday/ros2_humble/install/ros2action:/home/sahruday/ros2_humble/install/ros2cli:/home/sahruday/ros2_humble/install/quality_of_service_demo_py:/home/sahruday/ros2_humble/install/lifecycle_py:/home/sahruday/ros2_humble/install/launch_testing_ros:/home/sahruday/ros2_humble/install/launch_ros:/home/sahruday/ros2_humble/install/examples_rclpy_pointcloud_publisher:/home/sahruday/ros2_humble/install/examples_rclpy_minimal_subscriber:/home/sahruday/ros2_humble/install/examples_rclpy_minimal_service:/home/sahruday/ros2_humble/install/examples_rclpy_minimal_publisher:/home/sahruday/ros2_humble/install/examples_rclpy_minimal_client:/home/sahruday/ros2_humble/install/examples_rclpy_minimal_action_server:/home/sahruday/ros2_humble/install/examples_rclpy_minimal_action_client:/home/sahruday/ros2_humble/install/examples_rclpy_guard_conditions:/home/sahruday/ros2_humble/install/examples_rclpy_executors:/home/sahruday/ros2_humble/install/demo_nodes_py:/home/sahruday/ros2_humble/install/action_tutorials_py:/home/sahruday/ros2_humble/install/ament_uncrustify:/home/sahruday/ros2_humble/install/tracetools_trace:/home/sahruday/ros2_humble/install/tracetools_read:/home/sahruday/ros2_humble/install/test_tracetools_launch:/home/sahruday/ros2_humble/install/test_launch_ros:/home/sahruday/ros2_humble/install/sensor_msgs_py:/home/sahruday/ros2_humble/install/rpyutils:/home/sahruday/ros2_humble/install/rosidl_runtime_py:/home/sahruday/ros2_humble/install/rosidl_cli:/home/sahruday/ros2_humble/install/launch_pytest:/home/sahruday/ros2_humble/install/launch_testing:/home/sahruday/ros2_humble/install/launch_yaml:/home/sahruday/ros2_humble/install/launch_xml:/home/sahruday/ros2_humble/install/launch:/home/sahruday/ros2_humble/install/osrf_pycommon:/home/sahruday/ros2_humble/install/launch_testing_examples:/home/sahruday/ros2_humble/install/domain_coordinator:/home/sahruday/ros2_humble/install/ament_xmllint:/home/sahruday/ros2_humble/install/ament_pyflakes:/home/sahruday/ros2_humble/install/ament_pycodestyle:/home/sahruday/ros2_humble/install/ament_pep257:/home/sahruday/ros2_humble/install/ament_pclint:/home/sahruday/ros2_humble/install/ament_package:/home/sahruday/ros2_humble/install/ament_mypy:/home/sahruday/ros2_humble/install/ament_lint_cmake:/home/sahruday/ros2_humble/install/ament_flake8:/home/sahruday/ros2_humble/install/ament_copyright:/home/sahruday/ros2_humble/install/ament_lint:/home/sahruday/ros2_humble/install/ament_index_python:/home/sahruday/ros2_humble/install/ament_cpplint:/home/sahruday/ros2_humble/install/ament_cppcheck:/home/sahruday/ros2_humble/install/ament_clang_tidy:/home/sahruday/ros2_humble/install/ament_clang_format /usr/bin/cmake --build /home/sahruday/Documents/Github/Ros2/build/turtlesim -- -j16 -l16
[40.652s] Invoking command in '/home/sahruday/Documents/Github/Ros2/build/turtlesim': CMAKE_PREFIX_PATH=${CMAKE_PREFIX_PATH}:/home/sahruday/Documents/Github/Ros2/install/launch_testing_examples:/home/sahruday/Documents/Github/Ros2/install/examples_rclpy_pointcloud_publisher:/home/sahruday/Documents/Github/Ros2/install/examples_rclpy_minimal_subscriber:/home/sahruday/Documents/Github/Ros2/install/examples_rclpy_minimal_service:/home/sahruday/Documents/Github/Ros2/install/examples_rclpy_minimal_publisher:/home/sahruday/Documents/Github/Ros2/install/examples_rclpy_minimal_client:/home/sahruday/Documents/Github/Ros2/install/examples_rclpy_minimal_action_server:/home/sahruday/Documents/Github/Ros2/install/examples_rclpy_minimal_action_client:/home/sahruday/Documents/Github/Ros2/install/examples_rclpy_guard_conditions:/home/sahruday/Documents/Github/Ros2/install/examples_rclpy_executors:/home/sahruday/ros2_humble/install/rqt_bag_plugins:/home/sahruday/ros2_humble/install/rqt_bag:/home/sahruday/ros2_humble/install/ros2bag:/home/sahruday/ros2_humble/install/tracetools_test:/home/sahruday/ros2_humble/install/tracetools_launch:/home/sahruday/ros2_humble/install/topic_monitor:/home/sahruday/ros2_humble/install/tf2_tools:/home/sahruday/ros2_humble/install/examples_tf2_py:/home/sahruday/ros2_humble/install/tf2_ros_py:/home/sahruday/ros2_humble/install/sros2:/home/sahruday/ros2_humble/install/rqt_topic:/home/sahruday/ros2_humble/install/rqt_srv:/home/sahruday/ros2_humble/install/rqt_shell:/home/sahruday/ros2_humble/install/rqt_service_caller:/home/sahruday/ros2_humble/install/rqt_reconfigure:/home/sahruday/ros2_humble/install/rqt_py_console:/home/sahruday/ros2_humble/install/rqt_publisher:/home/sahruday/ros2_humble/install/rqt_plot:/home/sahruday/ros2_humble/install/rqt_action:/home/sahruday/ros2_humble/install/rqt_msg:/home/sahruday/ros2_humble/install/rqt_console:/home/sahruday/ros2_humble/install/rqt:/home/sahruday/ros2_humble/install/rqt_graph:/home/sahruday/ros2_humble/install/rqt_gui_py:/home/sahruday/ros2_humble/install/rqt_gui:/home/sahruday/ros2_humble/install/ros2trace:/home/sahruday/ros2_humble/install/ros2topic:/home/sahruday/ros2_humble/install/ros2test:/home/sahruday/ros2_humble/install/ros2component:/home/sahruday/ros2_humble/install/ros2param:/home/sahruday/ros2_humble/install/ros2lifecycle:/home/sahruday/ros2_humble/install/ros2service:/home/sahruday/ros2_humble/install/ros2run:/home/sahruday/ros2_humble/install/ros2launch:/home/sahruday/ros2_humble/install/ros2pkg:/home/sahruday/ros2_humble/install/ros2node:/home/sahruday/ros2_humble/install/ros2multicast:/home/sahruday/ros2_humble/install/ros2interface:/home/sahruday/ros2_humble/install/ros2doctor:/home/sahruday/ros2_humble/install/ros2action:/home/sahruday/ros2_humble/install/ros2cli:/home/sahruday/ros2_humble/install/quality_of_service_demo_py:/home/sahruday/ros2_humble/install/lifecycle_py:/home/sahruday/ros2_humble/install/launch_testing_ros:/home/sahruday/ros2_humble/install/launch_ros:/home/sahruday/ros2_humble/install/examples_rclpy_pointcloud_publisher:/home/sahruday/ros2_humble/install/examples_rclpy_minimal_subscriber:/home/sahruday/ros2_humble/install/examples_rclpy_minimal_service:/home/sahruday/ros2_humble/install/examples_rclpy_minimal_publisher:/home/sahruday/ros2_humble/install/examples_rclpy_minimal_client:/home/sahruday/ros2_humble/install/examples_rclpy_minimal_action_server:/home/sahruday/ros2_humble/install/examples_rclpy_minimal_action_client:/home/sahruday/ros2_humble/install/examples_rclpy_guard_conditions:/home/sahruday/ros2_humble/install/examples_rclpy_executors:/home/sahruday/ros2_humble/install/demo_nodes_py:/home/sahruday/ros2_humble/install/action_tutorials_py:/home/sahruday/ros2_humble/install/ament_uncrustify:/home/sahruday/ros2_humble/install/tracetools_trace:/home/sahruday/ros2_humble/install/tracetools_read:/home/sahruday/ros2_humble/install/test_tracetools_launch:/home/sahruday/ros2_humble/install/test_launch_ros:/home/sahruday/ros2_humble/install/sensor_msgs_py:/home/sahruday/ros2_humble/install/rpyutils:/home/sahruday/ros2_humble/install/rosidl_runtime_py:/home/sahruday/ros2_humble/install/rosidl_cli:/home/sahruday/ros2_humble/install/launch_pytest:/home/sahruday/ros2_humble/install/launch_testing:/home/sahruday/ros2_humble/install/launch_yaml:/home/sahruday/ros2_humble/install/launch_xml:/home/sahruday/ros2_humble/install/launch:/home/sahruday/ros2_humble/install/osrf_pycommon:/home/sahruday/ros2_humble/install/launch_testing_examples:/home/sahruday/ros2_humble/install/domain_coordinator:/home/sahruday/ros2_humble/install/ament_xmllint:/home/sahruday/ros2_humble/install/ament_pyflakes:/home/sahruday/ros2_humble/install/ament_pycodestyle:/home/sahruday/ros2_humble/install/ament_pep257:/home/sahruday/ros2_humble/install/ament_pclint:/home/sahruday/ros2_humble/install/ament_package:/home/sahruday/ros2_humble/install/ament_mypy:/home/sahruday/ros2_humble/install/ament_lint_cmake:/home/sahruday/ros2_humble/install/ament_flake8:/home/sahruday/ros2_humble/install/ament_copyright:/home/sahruday/ros2_humble/install/ament_lint:/home/sahruday/ros2_humble/install/ament_index_python:/home/sahruday/ros2_humble/install/ament_cpplint:/home/sahruday/ros2_humble/install/ament_cppcheck:/home/sahruday/ros2_humble/install/ament_clang_tidy:/home/sahruday/ros2_humble/install/ament_clang_format /usr/bin/cmake --install /home/sahruday/Documents/Github/Ros2/build/turtlesim
[40.666s] -- Install configuration: ""
[40.667s] -- Execute custom install script
[40.667s] -- Symlinking: /home/sahruday/Documents/Github/Ros2/install/turtlesim/share/ament_index/resource_index/rosidl_interfaces/turtlesim
[40.682s] -- Symlinking: /home/sahruday/Documents/Github/Ros2/install/turtlesim/include/turtlesim/turtlesim/action/detail/rotate_absolute__functions.h
[40.696s] -- Symlinking: /home/sahruday/Documents/Github/Ros2/install/turtlesim/include/turtlesim/turtlesim/action/detail/rotate_absolute__struct.h
[40.710s] -- Symlinking: /home/sahruday/Documents/Github/Ros2/install/turtlesim/include/turtlesim/turtlesim/action/detail/rotate_absolute__type_support.h
[40.721s] -- Symlinking: /home/sahruday/Documents/Github/Ros2/install/turtlesim/include/turtlesim/turtlesim/action/rotate_absolute.h
[40.733s] -- Symlinking: /home/sahruday/Documents/Github/Ros2/install/turtlesim/include/turtlesim/turtlesim/msg/color.h
[40.746s] -- Symlinking: /home/sahruday/Documents/Github/Ros2/install/turtlesim/include/turtlesim/turtlesim/msg/detail/color__functions.h
[40.758s] -- Symlinking: /home/sahruday/Documents/Github/Ros2/install/turtlesim/include/turtlesim/turtlesim/msg/detail/color__struct.h
[40.768s] -- Symlinking: /home/sahruday/Documents/Github/Ros2/install/turtlesim/include/turtlesim/turtlesim/msg/detail/color__type_support.h
[40.780s] -- Symlinking: /home/sahruday/Documents/Github/Ros2/install/turtlesim/include/turtlesim/turtlesim/msg/detail/pose__functions.h
[40.791s] -- Symlinking: /home/sahruday/Documents/Github/Ros2/install/turtlesim/include/turtlesim/turtlesim/msg/detail/pose__struct.h
[40.803s] -- Symlinking: /home/sahruday/Documents/Github/Ros2/install/turtlesim/include/turtlesim/turtlesim/msg/detail/pose__type_support.h
[40.814s] -- Symlinking: /home/sahruday/Documents/Github/Ros2/install/turtlesim/include/turtlesim/turtlesim/msg/pose.h
[40.823s] -- Symlinking: /home/sahruday/Documents/Github/Ros2/install/turtlesim/include/turtlesim/turtlesim/msg/rosidl_generator_c__visibility_control.h
[40.834s] -- Symlinking: /home/sahruday/Documents/Github/Ros2/install/turtlesim/include/turtlesim/turtlesim/srv/detail/kill__functions.h
[40.845s] -- Symlinking: /home/sahruday/Documents/Github/Ros2/install/turtlesim/include/turtlesim/turtlesim/srv/detail/kill__struct.h
[40.859s] -- Symlinking: /home/sahruday/Documents/Github/Ros2/install/turtlesim/include/turtlesim/turtlesim/srv/detail/kill__type_support.h
[40.869s] -- Symlinking: /home/sahruday/Documents/Github/Ros2/install/turtlesim/include/turtlesim/turtlesim/srv/detail/set_pen__functions.h
[40.880s] -- Symlinking: /home/sahruday/Documents/Github/Ros2/install/turtlesim/include/turtlesim/turtlesim/srv/detail/set_pen__struct.h
[40.890s] -- Symlinking: /home/sahruday/Documents/Github/Ros2/install/turtlesim/include/turtlesim/turtlesim/srv/detail/set_pen__type_support.h
[40.901s] -- Symlinking: /home/sahruday/Documents/Github/Ros2/install/turtlesim/include/turtlesim/turtlesim/srv/detail/spawn__functions.h
[40.911s] -- Symlinking: /home/sahruday/Documents/Github/Ros2/install/turtlesim/include/turtlesim/turtlesim/srv/detail/spawn__struct.h
[40.922s] -- Symlinking: /home/sahruday/Documents/Github/Ros2/install/turtlesim/include/turtlesim/turtlesim/srv/detail/spawn__type_support.h
[40.932s] -- Symlinking: /home/sahruday/Documents/Github/Ros2/install/turtlesim/include/turtlesim/turtlesim/srv/detail/teleport_absolute__functions.h
[40.943s] -- Symlinking: /home/sahruday/Documents/Github/Ros2/install/turtlesim/include/turtlesim/turtlesim/srv/detail/teleport_absolute__struct.h
[40.958s] -- Symlinking: /home/sahruday/Documents/Github/Ros2/install/turtlesim/include/turtlesim/turtlesim/srv/detail/teleport_absolute__type_support.h
[40.971s] -- Symlinking: /home/sahruday/Documents/Github/Ros2/install/turtlesim/include/turtlesim/turtlesim/srv/detail/teleport_relative__functions.h
[40.985s] -- Symlinking: /home/sahruday/Documents/Github/Ros2/install/turtlesim/include/turtlesim/turtlesim/srv/detail/teleport_relative__struct.h
[40.997s] -- Symlinking: /home/sahruday/Documents/Github/Ros2/install/turtlesim/include/turtlesim/turtlesim/srv/detail/teleport_relative__type_support.h
[41.010s] -- Symlinking: /home/sahruday/Documents/Github/Ros2/install/turtlesim/include/turtlesim/turtlesim/srv/kill.h
[41.022s] -- Symlinking: /home/sahruday/Documents/Github/Ros2/install/turtlesim/include/turtlesim/turtlesim/srv/set_pen.h
[41.034s] -- Symlinking: /home/sahruday/Documents/Github/Ros2/install/turtlesim/include/turtlesim/turtlesim/srv/spawn.h
[41.047s] -- Symlinking: /home/sahruday/Documents/Github/Ros2/install/turtlesim/include/turtlesim/turtlesim/srv/teleport_absolute.h
[41.059s] -- Symlinking: /home/sahruday/Documents/Github/Ros2/install/turtlesim/include/turtlesim/turtlesim/srv/teleport_relative.h
[41.071s] -- Symlinking: /home/sahruday/Documents/Github/Ros2/install/turtlesim/share/turtlesim/environment/library_path.sh
[41.084s] -- Symlinking: /home/sahruday/Documents/Github/Ros2/install/turtlesim/share/turtlesim/environment/library_path.dsv
[41.097s] -- Symlinking: /home/sahruday/Documents/Github/Ros2/install/turtlesim/include/turtlesim/turtlesim/action/detail/rotate_absolute__rosidl_typesupport_fastrtps_c.h
[41.110s] -- Symlinking: /home/sahruday/Documents/Github/Ros2/install/turtlesim/include/turtlesim/turtlesim/msg/detail/color__rosidl_typesupport_fastrtps_c.h
[41.121s] -- Symlinking: /home/sahruday/Documents/Github/Ros2/install/turtlesim/include/turtlesim/turtlesim/msg/detail/pose__rosidl_typesupport_fastrtps_c.h
[41.133s] -- Symlinking: /home/sahruday/Documents/Github/Ros2/install/turtlesim/include/turtlesim/turtlesim/msg/rosidl_typesupport_fastrtps_c__visibility_control.h
[41.147s] -- Symlinking: /home/sahruday/Documents/Github/Ros2/install/turtlesim/include/turtlesim/turtlesim/srv/detail/kill__rosidl_typesupport_fastrtps_c.h
[41.160s] -- Symlinking: /home/sahruday/Documents/Github/Ros2/install/turtlesim/include/turtlesim/turtlesim/srv/detail/set_pen__rosidl_typesupport_fastrtps_c.h
[41.172s] -- Symlinking: /home/sahruday/Documents/Github/Ros2/install/turtlesim/include/turtlesim/turtlesim/srv/detail/spawn__rosidl_typesupport_fastrtps_c.h
[41.183s] -- Symlinking: /home/sahruday/Documents/Github/Ros2/install/turtlesim/include/turtlesim/turtlesim/srv/detail/teleport_absolute__rosidl_typesupport_fastrtps_c.h
[41.195s] -- Symlinking: /home/sahruday/Documents/Github/Ros2/install/turtlesim/include/turtlesim/turtlesim/srv/detail/teleport_relative__rosidl_typesupport_fastrtps_c.h
[41.207s] -- Symlinking: /home/sahruday/Documents/Github/Ros2/install/turtlesim/include/turtlesim/turtlesim/action/detail/rotate_absolute__builder.hpp
[41.219s] -- Symlinking: /home/sahruday/Documents/Github/Ros2/install/turtlesim/include/turtlesim/turtlesim/action/detail/rotate_absolute__struct.hpp
[41.230s] -- Symlinking: /home/sahruday/Documents/Github/Ros2/install/turtlesim/include/turtlesim/turtlesim/action/detail/rotate_absolute__traits.hpp
[41.246s] -- Symlinking: /home/sahruday/Documents/Github/Ros2/install/turtlesim/include/turtlesim/turtlesim/action/rotate_absolute.hpp
[41.260s] -- Symlinking: /home/sahruday/Documents/Github/Ros2/install/turtlesim/include/turtlesim/turtlesim/msg/color.hpp
[41.272s] -- Symlinking: /home/sahruday/Documents/Github/Ros2/install/turtlesim/include/turtlesim/turtlesim/msg/detail/color__builder.hpp
[41.284s] -- Symlinking: /home/sahruday/Documents/Github/Ros2/install/turtlesim/include/turtlesim/turtlesim/msg/detail/color__struct.hpp
[41.296s] -- Symlinking: /home/sahruday/Documents/Github/Ros2/install/turtlesim/include/turtlesim/turtlesim/msg/detail/color__traits.hpp
[41.308s] -- Symlinking: /home/sahruday/Documents/Github/Ros2/install/turtlesim/include/turtlesim/turtlesim/msg/detail/pose__builder.hpp
[41.320s] -- Symlinking: /home/sahruday/Documents/Github/Ros2/install/turtlesim/include/turtlesim/turtlesim/msg/detail/pose__struct.hpp
[41.333s] -- Symlinking: /home/sahruday/Documents/Github/Ros2/install/turtlesim/include/turtlesim/turtlesim/msg/detail/pose__traits.hpp
[41.347s] -- Symlinking: /home/sahruday/Documents/Github/Ros2/install/turtlesim/include/turtlesim/turtlesim/msg/pose.hpp
[41.359s] -- Symlinking: /home/sahruday/Documents/Github/Ros2/install/turtlesim/include/turtlesim/turtlesim/srv/detail/kill__builder.hpp
[41.373s] -- Symlinking: /home/sahruday/Documents/Github/Ros2/install/turtlesim/include/turtlesim/turtlesim/srv/detail/kill__struct.hpp
[41.386s] -- Symlinking: /home/sahruday/Documents/Github/Ros2/install/turtlesim/include/turtlesim/turtlesim/srv/detail/kill__traits.hpp
[41.398s] -- Symlinking: /home/sahruday/Documents/Github/Ros2/install/turtlesim/include/turtlesim/turtlesim/srv/detail/set_pen__builder.hpp
[41.409s] -- Symlinking: /home/sahruday/Documents/Github/Ros2/install/turtlesim/include/turtlesim/turtlesim/srv/detail/set_pen__struct.hpp
[41.420s] -- Symlinking: /home/sahruday/Documents/Github/Ros2/install/turtlesim/include/turtlesim/turtlesim/srv/detail/set_pen__traits.hpp
[41.432s] -- Symlinking: /home/sahruday/Documents/Github/Ros2/install/turtlesim/include/turtlesim/turtlesim/srv/detail/spawn__builder.hpp
[41.445s] -- Symlinking: /home/sahruday/Documents/Github/Ros2/install/turtlesim/include/turtlesim/turtlesim/srv/detail/spawn__struct.hpp
[41.457s] -- Symlinking: /home/sahruday/Documents/Github/Ros2/install/turtlesim/include/turtlesim/turtlesim/srv/detail/spawn__traits.hpp
[41.470s] -- Symlinking: /home/sahruday/Documents/Github/Ros2/install/turtlesim/include/turtlesim/turtlesim/srv/detail/teleport_absolute__builder.hpp
[41.483s] -- Symlinking: /home/sahruday/Documents/Github/Ros2/install/turtlesim/include/turtlesim/turtlesim/srv/detail/teleport_absolute__struct.hpp
[41.495s] -- Symlinking: /home/sahruday/Documents/Github/Ros2/install/turtlesim/include/turtlesim/turtlesim/srv/detail/teleport_absolute__traits.hpp
[41.507s] -- Symlinking: /home/sahruday/Documents/Github/Ros2/install/turtlesim/include/turtlesim/turtlesim/srv/detail/teleport_relative__builder.hpp
[41.519s] -- Symlinking: /home/sahruday/Documents/Github/Ros2/install/turtlesim/include/turtlesim/turtlesim/srv/detail/teleport_relative__struct.hpp
[41.529s] -- Symlinking: /home/sahruday/Documents/Github/Ros2/install/turtlesim/include/turtlesim/turtlesim/srv/detail/teleport_relative__traits.hpp
[41.543s] -- Symlinking: /home/sahruday/Documents/Github/Ros2/install/turtlesim/include/turtlesim/turtlesim/srv/kill.hpp
[41.556s] -- Symlinking: /home/sahruday/Documents/Github/Ros2/install/turtlesim/include/turtlesim/turtlesim/srv/set_pen.hpp
[41.569s] -- Symlinking: /home/sahruday/Documents/Github/Ros2/install/turtlesim/include/turtlesim/turtlesim/srv/spawn.hpp
[41.582s] -- Symlinking: /home/sahruday/Documents/Github/Ros2/install/turtlesim/include/turtlesim/turtlesim/srv/teleport_absolute.hpp
[41.596s] -- Symlinking: /home/sahruday/Documents/Github/Ros2/install/turtlesim/include/turtlesim/turtlesim/srv/teleport_relative.hpp
[41.610s] -- Symlinking: /home/sahruday/Documents/Github/Ros2/install/turtlesim/include/turtlesim/turtlesim/action/detail/rotate_absolute__rosidl_typesupport_fastrtps_cpp.hpp
[41.622s] -- Symlinking: /home/sahruday/Documents/Github/Ros2/install/turtlesim/include/turtlesim/turtlesim/msg/detail/color__rosidl_typesupport_fastrtps_cpp.hpp
[41.636s] -- Symlinking: /home/sahruday/Documents/Github/Ros2/install/turtlesim/include/turtlesim/turtlesim/msg/detail/pose__rosidl_typesupport_fastrtps_cpp.hpp
[41.649s] -- Symlinking: /home/sahruday/Documents/Github/Ros2/install/turtlesim/include/turtlesim/turtlesim/msg/rosidl_typesupport_fastrtps_cpp__visibility_control.h
[41.660s] -- Symlinking: /home/sahruday/Documents/Github/Ros2/install/turtlesim/include/turtlesim/turtlesim/srv/detail/kill__rosidl_typesupport_fastrtps_cpp.hpp
[41.673s] -- Symlinking: /home/sahruday/Documents/Github/Ros2/install/turtlesim/include/turtlesim/turtlesim/srv/detail/set_pen__rosidl_typesupport_fastrtps_cpp.hpp
[41.685s] -- Symlinking: /home/sahruday/Documents/Github/Ros2/install/turtlesim/include/turtlesim/turtlesim/srv/detail/spawn__rosidl_typesupport_fastrtps_cpp.hpp
[41.696s] -- Symlinking: /home/sahruday/Documents/Github/Ros2/install/turtlesim/include/turtlesim/turtlesim/srv/detail/teleport_absolute__rosidl_typesupport_fastrtps_cpp.hpp
[41.707s] -- Symlinking: /home/sahruday/Documents/Github/Ros2/install/turtlesim/include/turtlesim/turtlesim/srv/detail/teleport_relative__rosidl_typesupport_fastrtps_cpp.hpp
[41.720s] -- Symlinking: /home/sahruday/Documents/Github/Ros2/install/turtlesim/include/turtlesim/turtlesim/action/detail/rotate_absolute__rosidl_typesupport_introspection_c.h
[41.732s] -- Symlinking: /home/sahruday/Documents/Github/Ros2/install/turtlesim/include/turtlesim/turtlesim/msg/detail/color__rosidl_typesupport_introspection_c.h
[41.745s] -- Symlinking: /home/sahruday/Documents/Github/Ros2/install/turtlesim/include/turtlesim/turtlesim/msg/detail/pose__rosidl_typesupport_introspection_c.h
[41.757s] -- Symlinking: /home/sahruday/Documents/Github/Ros2/install/turtlesim/include/turtlesim/turtlesim/msg/rosidl_typesupport_introspection_c__visibility_control.h
[41.769s] -- Symlinking: /home/sahruday/Documents/Github/Ros2/install/turtlesim/include/turtlesim/turtlesim/srv/detail/kill__rosidl_typesupport_introspection_c.h
[41.782s] -- Symlinking: /home/sahruday/Documents/Github/Ros2/install/turtlesim/include/turtlesim/turtlesim/srv/detail/set_pen__rosidl_typesupport_introspection_c.h
[41.793s] -- Symlinking: /home/sahruday/Documents/Github/Ros2/install/turtlesim/include/turtlesim/turtlesim/srv/detail/spawn__rosidl_typesupport_introspection_c.h
[41.804s] -- Symlinking: /home/sahruday/Documents/Github/Ros2/install/turtlesim/include/turtlesim/turtlesim/srv/detail/teleport_absolute__rosidl_typesupport_introspection_c.h
[41.815s] -- Symlinking: /home/sahruday/Documents/Github/Ros2/install/turtlesim/include/turtlesim/turtlesim/srv/detail/teleport_relative__rosidl_typesupport_introspection_c.h
[41.827s] -- Symlinking: /home/sahruday/Documents/Github/Ros2/install/turtlesim/include/turtlesim/turtlesim/action/detail/rotate_absolute__rosidl_typesupport_introspection_cpp.hpp
[41.839s] -- Symlinking: /home/sahruday/Documents/Github/Ros2/install/turtlesim/include/turtlesim/turtlesim/msg/detail/color__rosidl_typesupport_introspection_cpp.hpp
[41.851s] -- Symlinking: /home/sahruday/Documents/Github/Ros2/install/turtlesim/include/turtlesim/turtlesim/msg/detail/pose__rosidl_typesupport_introspection_cpp.hpp
[41.864s] -- Symlinking: /home/sahruday/Documents/Github/Ros2/install/turtlesim/include/turtlesim/turtlesim/srv/detail/kill__rosidl_typesupport_introspection_cpp.hpp
[41.875s] -- Symlinking: /home/sahruday/Documents/Github/Ros2/install/turtlesim/include/turtlesim/turtlesim/srv/detail/set_pen__rosidl_typesupport_introspection_cpp.hpp
[41.886s] -- Symlinking: /home/sahruday/Documents/Github/Ros2/install/turtlesim/include/turtlesim/turtlesim/srv/detail/spawn__rosidl_typesupport_introspection_cpp.hpp
[41.897s] -- Symlinking: /home/sahruday/Documents/Github/Ros2/install/turtlesim/include/turtlesim/turtlesim/srv/detail/teleport_absolute__rosidl_typesupport_introspection_cpp.hpp
[41.908s] -- Symlinking: /home/sahruday/Documents/Github/Ros2/install/turtlesim/include/turtlesim/turtlesim/srv/detail/teleport_relative__rosidl_typesupport_introspection_cpp.hpp
[41.921s] -- Symlinking: /home/sahruday/Documents/Github/Ros2/install/turtlesim/share/turtlesim/environment/pythonpath.sh
[41.934s] -- Symlinking: /home/sahruday/Documents/Github/Ros2/install/turtlesim/share/turtlesim/environment/pythonpath.dsv
[41.948s] -- Symlinking: /home/sahruday/Documents/Github/Ros2/install/turtlesim/local/lib/python3.10/dist-packages/turtlesim-1.4.1-py3.10.egg-info/PKG-INFO
[41.959s] -- Symlinking: /home/sahruday/Documents/Github/Ros2/install/turtlesim/local/lib/python3.10/dist-packages/turtlesim-1.4.1-py3.10.egg-info/SOURCES.txt
[41.971s] -- Symlinking: /home/sahruday/Documents/Github/Ros2/install/turtlesim/local/lib/python3.10/dist-packages/turtlesim-1.4.1-py3.10.egg-info/dependency_links.txt
[41.982s] -- Symlinking: /home/sahruday/Documents/Github/Ros2/install/turtlesim/local/lib/python3.10/dist-packages/turtlesim-1.4.1-py3.10.egg-info/top_level.txt
[41.994s] -- Symlinking: /home/sahruday/Documents/Github/Ros2/install/turtlesim/local/lib/python3.10/dist-packages/turtlesim/__init__.py
[42.003s] -- Symlinking: /home/sahruday/Documents/Github/Ros2/install/turtlesim/local/lib/python3.10/dist-packages/turtlesim/_turtlesim_s.ep.rosidl_typesupport_c.c
[42.014s] -- Symlinking: /home/sahruday/Documents/Github/Ros2/install/turtlesim/local/lib/python3.10/dist-packages/turtlesim/_turtlesim_s.ep.rosidl_typesupport_fastrtps_c.c
[42.024s] -- Symlinking: /home/sahruday/Documents/Github/Ros2/install/turtlesim/local/lib/python3.10/dist-packages/turtlesim/_turtlesim_s.ep.rosidl_typesupport_introspection_c.c
[42.034s] -- Symlinking: /home/sahruday/Documents/Github/Ros2/install/turtlesim/local/lib/python3.10/dist-packages/turtlesim/action/__init__.py
[42.047s] -- Symlinking: /home/sahruday/Documents/Github/Ros2/install/turtlesim/local/lib/python3.10/dist-packages/turtlesim/action/_rotate_absolute.py
[42.058s] -- Symlinking: /home/sahruday/Documents/Github/Ros2/install/turtlesim/local/lib/python3.10/dist-packages/turtlesim/action/_rotate_absolute_s.c
[42.071s] -- Symlinking: /home/sahruday/Documents/Github/Ros2/install/turtlesim/local/lib/python3.10/dist-packages/turtlesim/libturtlesim__rosidl_generator_py.so
[42.083s] -- Symlinking: /home/sahruday/Documents/Github/Ros2/install/turtlesim/local/lib/python3.10/dist-packages/turtlesim/msg/__init__.py
[42.093s] -- Symlinking: /home/sahruday/Documents/Github/Ros2/install/turtlesim/local/lib/python3.10/dist-packages/turtlesim/msg/_color.py
[42.106s] -- Symlinking: /home/sahruday/Documents/Github/Ros2/install/turtlesim/local/lib/python3.10/dist-packages/turtlesim/msg/_color_s.c
[42.115s] -- Symlinking: /home/sahruday/Documents/Github/Ros2/install/turtlesim/local/lib/python3.10/dist-packages/turtlesim/msg/_pose.py
[42.127s] -- Symlinking: /home/sahruday/Documents/Github/Ros2/install/turtlesim/local/lib/python3.10/dist-packages/turtlesim/msg/_pose_s.c
[42.137s] -- Symlinking: /home/sahruday/Documents/Github/Ros2/install/turtlesim/local/lib/python3.10/dist-packages/turtlesim/srv/__init__.py
[42.150s] -- Symlinking: /home/sahruday/Documents/Github/Ros2/install/turtlesim/local/lib/python3.10/dist-packages/turtlesim/srv/_kill.py
[42.160s] -- Symlinking: /home/sahruday/Documents/Github/Ros2/install/turtlesim/local/lib/python3.10/dist-packages/turtlesim/srv/_kill_s.c
[42.170s] -- Symlinking: /home/sahruday/Documents/Github/Ros2/install/turtlesim/local/lib/python3.10/dist-packages/turtlesim/srv/_set_pen.py
[42.182s] -- Symlinking: /home/sahruday/Documents/Github/Ros2/install/turtlesim/local/lib/python3.10/dist-packages/turtlesim/srv/_set_pen_s.c
[42.193s] -- Symlinking: /home/sahruday/Documents/Github/Ros2/install/turtlesim/local/lib/python3.10/dist-packages/turtlesim/srv/_spawn.py
[42.204s] -- Symlinking: /home/sahruday/Documents/Github/Ros2/install/turtlesim/local/lib/python3.10/dist-packages/turtlesim/srv/_spawn_s.c
[42.217s] -- Symlinking: /home/sahruday/Documents/Github/Ros2/install/turtlesim/local/lib/python3.10/dist-packages/turtlesim/srv/_teleport_absolute.py
[42.229s] -- Symlinking: /home/sahruday/Documents/Github/Ros2/install/turtlesim/local/lib/python3.10/dist-packages/turtlesim/srv/_teleport_absolute_s.c
[42.243s] -- Symlinking: /home/sahruday/Documents/Github/Ros2/install/turtlesim/local/lib/python3.10/dist-packages/turtlesim/srv/_teleport_relative.py
[42.256s] -- Symlinking: /home/sahruday/Documents/Github/Ros2/install/turtlesim/local/lib/python3.10/dist-packages/turtlesim/srv/_teleport_relative_s.c
[42.271s] -- Symlinking: /home/sahruday/Documents/Github/Ros2/install/turtlesim/local/lib/python3.10/dist-packages/turtlesim/turtlesim_s__rosidl_typesupport_c.cpython-310-x86_64-linux-gnu.so
[42.287s] -- Symlinking: /home/sahruday/Documents/Github/Ros2/install/turtlesim/local/lib/python3.10/dist-packages/turtlesim/turtlesim_s__rosidl_typesupport_fastrtps_c.cpython-310-x86_64-linux-gnu.so
[42.301s] -- Symlinking: /home/sahruday/Documents/Github/Ros2/install/turtlesim/local/lib/python3.10/dist-packages/turtlesim/turtlesim_s__rosidl_typesupport_introspection_c.cpython-310-x86_64-linux-gnu.so
[42.314s] -- Up-to-date symlink: /home/sahruday/Documents/Github/Ros2/install/turtlesim/local/lib/python3.10/dist-packages/turtlesim/turtlesim_s__rosidl_typesupport_introspection_c.cpython-310-x86_64-linux-gnu.so
[42.314s] -- Up-to-date symlink: /home/sahruday/Documents/Github/Ros2/install/turtlesim/local/lib/python3.10/dist-packages/turtlesim/turtlesim_s__rosidl_typesupport_fastrtps_c.cpython-310-x86_64-linux-gnu.so
[42.315s] -- Up-to-date symlink: /home/sahruday/Documents/Github/Ros2/install/turtlesim/local/lib/python3.10/dist-packages/turtlesim/turtlesim_s__rosidl_typesupport_c.cpython-310-x86_64-linux-gnu.so
[42.315s] -- Symlinking: /home/sahruday/Documents/Github/Ros2/install/turtlesim/share/turtlesim/action/RotateAbsolute.idl
[42.325s] -- Symlinking: /home/sahruday/Documents/Github/Ros2/install/turtlesim/share/turtlesim/msg/Color.idl
[42.335s] -- Symlinking: /home/sahruday/Documents/Github/Ros2/install/turtlesim/share/turtlesim/msg/Pose.idl
[42.346s] -- Symlinking: /home/sahruday/Documents/Github/Ros2/install/turtlesim/share/turtlesim/srv/Kill.idl
[42.357s] -- Symlinking: /home/sahruday/Documents/Github/Ros2/install/turtlesim/share/turtlesim/srv/SetPen.idl
[42.367s] -- Symlinking: /home/sahruday/Documents/Github/Ros2/install/turtlesim/share/turtlesim/srv/Spawn.idl
[42.379s] -- Symlinking: /home/sahruday/Documents/Github/Ros2/install/turtlesim/share/turtlesim/srv/TeleportAbsolute.idl
[42.389s] -- Symlinking: /home/sahruday/Documents/Github/Ros2/install/turtlesim/share/turtlesim/srv/TeleportRelative.idl
[42.400s] -- Symlinking: /home/sahruday/Documents/Github/Ros2/install/turtlesim/share/turtlesim/action/RotateAbsolute.action
[42.410s] -- Symlinking: /home/sahruday/Documents/Github/Ros2/install/turtlesim/share/turtlesim/msg/Color.msg
[42.422s] -- Symlinking: /home/sahruday/Documents/Github/Ros2/install/turtlesim/share/turtlesim/msg/Pose.msg
[42.432s] -- Symlinking: /home/sahruday/Documents/Github/Ros2/install/turtlesim/share/turtlesim/srv/Kill.srv
[42.444s] -- Symlinking: /home/sahruday/Documents/Github/Ros2/install/turtlesim/share/turtlesim/srv/Kill_Request.msg
[42.455s] -- Symlinking: /home/sahruday/Documents/Github/Ros2/install/turtlesim/share/turtlesim/srv/Kill_Response.msg
[42.467s] -- Symlinking: /home/sahruday/Documents/Github/Ros2/install/turtlesim/share/turtlesim/srv/SetPen.srv
[42.478s] -- Symlinking: /home/sahruday/Documents/Github/Ros2/install/turtlesim/share/turtlesim/srv/SetPen_Request.msg
[42.489s] -- Symlinking: /home/sahruday/Documents/Github/Ros2/install/turtlesim/share/turtlesim/srv/SetPen_Response.msg
[42.500s] -- Symlinking: /home/sahruday/Documents/Github/Ros2/install/turtlesim/share/turtlesim/srv/Spawn.srv
[42.511s] -- Symlinking: /home/sahruday/Documents/Github/Ros2/install/turtlesim/share/turtlesim/srv/Spawn_Request.msg
[42.521s] -- Symlinking: /home/sahruday/Documents/Github/Ros2/install/turtlesim/share/turtlesim/srv/Spawn_Response.msg
[42.532s] -- Symlinking: /home/sahruday/Documents/Github/Ros2/install/turtlesim/share/turtlesim/srv/TeleportAbsolute.srv
[42.542s] -- Symlinking: /home/sahruday/Documents/Github/Ros2/install/turtlesim/share/turtlesim/srv/TeleportAbsolute_Request.msg
[42.554s] -- Symlinking: /home/sahruday/Documents/Github/Ros2/install/turtlesim/share/turtlesim/srv/TeleportAbsolute_Response.msg
[42.564s] -- Symlinking: /home/sahruday/Documents/Github/Ros2/install/turtlesim/share/turtlesim/srv/TeleportRelative.srv
[42.576s] -- Symlinking: /home/sahruday/Documents/Github/Ros2/install/turtlesim/share/turtlesim/srv/TeleportRelative_Request.msg
[42.586s] -- Symlinking: /home/sahruday/Documents/Github/Ros2/install/turtlesim/share/turtlesim/srv/TeleportRelative_Response.msg
[42.597s] -- Symlinking: /home/sahruday/Documents/Github/Ros2/install/turtlesim/lib/turtlesim/turtlesim_node
[42.607s] -- Symlinking: /home/sahruday/Documents/Github/Ros2/install/turtlesim/lib/turtlesim/turtle_teleop_key
[42.617s] -- Symlinking: /home/sahruday/Documents/Github/Ros2/install/turtlesim/lib/turtlesim/draw_square
[42.627s] -- Symlinking: /home/sahruday/Documents/Github/Ros2/install/turtlesim/lib/turtlesim/mimic
[42.638s] -- Symlinking: /home/sahruday/Documents/Github/Ros2/install/turtlesim/share/turtlesim/launch/multisim.launch.py
[42.649s] -- Symlinking: /home/sahruday/Documents/Github/Ros2/install/turtlesim/share/ament_index/resource_index/package_run_dependencies/turtlesim
[42.661s] -- Symlinking: /home/sahruday/Documents/Github/Ros2/install/turtlesim/share/ament_index/resource_index/parent_prefix_path/turtlesim
[42.672s] -- Symlinking: /home/sahruday/Documents/Github/Ros2/install/turtlesim/share/turtlesim/environment/ament_prefix_path.sh
[42.683s] -- Symlinking: /home/sahruday/Documents/Github/Ros2/install/turtlesim/share/turtlesim/environment/ament_prefix_path.dsv
[42.694s] -- Symlinking: /home/sahruday/Documents/Github/Ros2/install/turtlesim/share/turtlesim/environment/path.sh
[42.706s] -- Symlinking: /home/sahruday/Documents/Github/Ros2/install/turtlesim/share/turtlesim/environment/path.dsv
[42.715s] -- Symlinking: /home/sahruday/Documents/Github/Ros2/install/turtlesim/share/turtlesim/local_setup.bash
[42.726s] -- Symlinking: /home/sahruday/Documents/Github/Ros2/install/turtlesim/share/turtlesim/local_setup.sh
[42.736s] -- Symlinking: /home/sahruday/Documents/Github/Ros2/install/turtlesim/share/turtlesim/local_setup.zsh
[42.749s] -- Symlinking: /home/sahruday/Documents/Github/Ros2/install/turtlesim/share/turtlesim/local_setup.dsv
[42.761s] -- Symlinking: /home/sahruday/Documents/Github/Ros2/install/turtlesim/share/turtlesim/package.dsv
[42.773s] -- Symlinking: /home/sahruday/Documents/Github/Ros2/install/turtlesim/share/ament_index/resource_index/packages/turtlesim
[42.783s] -- Symlinking: /home/sahruday/Documents/Github/Ros2/install/turtlesim/share/turtlesim/cmake/rosidl_cmake-extras.cmake
[42.794s] -- Symlinking: /home/sahruday/Documents/Github/Ros2/install/turtlesim/share/turtlesim/cmake/ament_cmake_export_dependencies-extras.cmake
[42.804s] -- Symlinking: /home/sahruday/Documents/Github/Ros2/install/turtlesim/share/turtlesim/cmake/ament_cmake_export_include_directories-extras.cmake
[42.813s] -- Symlinking: /home/sahruday/Documents/Github/Ros2/install/turtlesim/share/turtlesim/cmake/ament_cmake_export_libraries-extras.cmake
[42.822s] -- Symlinking: /home/sahruday/Documents/Github/Ros2/install/turtlesim/share/turtlesim/cmake/ament_cmake_export_targets-extras.cmake
[42.831s] -- Symlinking: /home/sahruday/Documents/Github/Ros2/install/turtlesim/share/turtlesim/cmake/rosidl_cmake_export_typesupport_targets-extras.cmake
[42.841s] -- Symlinking: /home/sahruday/Documents/Github/Ros2/install/turtlesim/share/turtlesim/cmake/rosidl_cmake_export_typesupport_libraries-extras.cmake
[42.853s] -- Symlinking: /home/sahruday/Documents/Github/Ros2/install/turtlesim/share/turtlesim/cmake/turtlesimConfig.cmake
[42.863s] -- Symlinking: /home/sahruday/Documents/Github/Ros2/install/turtlesim/share/turtlesim/cmake/turtlesimConfig-version.cmake
[42.875s] -- Symlinking: /home/sahruday/Documents/Github/Ros2/install/turtlesim/share/turtlesim/package.xml
[42.885s] -- Installing: /home/sahruday/Documents/Github/Ros2/install/turtlesim/lib/libturtlesim__rosidl_generator_c.so
[42.886s] -- Set runtime path of "/home/sahruday/Documents/Github/Ros2/install/turtlesim/lib/libturtlesim__rosidl_generator_c.so" to ""
[42.886s] -- Installing: /home/sahruday/Documents/Github/Ros2/install/turtlesim/lib/libturtlesim__rosidl_typesupport_fastrtps_c.so
[42.886s] -- Set runtime path of "/home/sahruday/Documents/Github/Ros2/install/turtlesim/lib/libturtlesim__rosidl_typesupport_fastrtps_c.so" to ""
[42.886s] -- Installing: /home/sahruday/Documents/Github/Ros2/install/turtlesim/lib/libturtlesim__rosidl_typesupport_fastrtps_cpp.so
[42.886s] -- Set runtime path of "/home/sahruday/Documents/Github/Ros2/install/turtlesim/lib/libturtlesim__rosidl_typesupport_fastrtps_cpp.so" to ""
[42.886s] -- Installing: /home/sahruday/Documents/Github/Ros2/install/turtlesim/lib/libturtlesim__rosidl_typesupport_introspection_c.so
[42.887s] -- Set runtime path of "/home/sahruday/Documents/Github/Ros2/install/turtlesim/lib/libturtlesim__rosidl_typesupport_introspection_c.so" to ""
[42.887s] -- Installing: /home/sahruday/Documents/Github/Ros2/install/turtlesim/lib/libturtlesim__rosidl_typesupport_c.so
[42.887s] -- Set runtime path of "/home/sahruday/Documents/Github/Ros2/install/turtlesim/lib/libturtlesim__rosidl_typesupport_c.so" to ""
[42.887s] -- Installing: /home/sahruday/Documents/Github/Ros2/install/turtlesim/lib/libturtlesim__rosidl_typesupport_introspection_cpp.so
[42.888s] -- Set runtime path of "/home/sahruday/Documents/Github/Ros2/install/turtlesim/lib/libturtlesim__rosidl_typesupport_introspection_cpp.so" to ""
[42.888s] -- Installing: /home/sahruday/Documents/Github/Ros2/install/turtlesim/lib/libturtlesim__rosidl_typesupport_cpp.so
[42.888s] -- Set runtime path of "/home/sahruday/Documents/Github/Ros2/install/turtlesim/lib/libturtlesim__rosidl_typesupport_cpp.so" to ""
[43.006s] Listing '/home/sahruday/Documents/Github/Ros2/install/turtlesim/local/lib/python3.10/dist-packages/turtlesim'...
[43.006s] Compiling '/home/sahruday/Documents/Github/Ros2/install/turtlesim/local/lib/python3.10/dist-packages/turtlesim/__init__.py'...
[43.006s] Listing '/home/sahruday/Documents/Github/Ros2/install/turtlesim/local/lib/python3.10/dist-packages/turtlesim/action'...
[43.006s] Compiling '/home/sahruday/Documents/Github/Ros2/install/turtlesim/local/lib/python3.10/dist-packages/turtlesim/action/__init__.py'...
[43.006s] Compiling '/home/sahruday/Documents/Github/Ros2/install/turtlesim/local/lib/python3.10/dist-packages/turtlesim/action/_rotate_absolute.py'...
[43.006s] Listing '/home/sahruday/Documents/Github/Ros2/install/turtlesim/local/lib/python3.10/dist-packages/turtlesim/msg'...
[43.006s] Compiling '/home/sahruday/Documents/Github/Ros2/install/turtlesim/local/lib/python3.10/dist-packages/turtlesim/msg/__init__.py'...
[43.006s] Compiling '/home/sahruday/Documents/Github/Ros2/install/turtlesim/local/lib/python3.10/dist-packages/turtlesim/msg/_color.py'...
[43.006s] Compiling '/home/sahruday/Documents/Github/Ros2/install/turtlesim/local/lib/python3.10/dist-packages/turtlesim/msg/_pose.py'...
[43.006s] Listing '/home/sahruday/Documents/Github/Ros2/install/turtlesim/local/lib/python3.10/dist-packages/turtlesim/srv'...
[43.007s] Compiling '/home/sahruday/Documents/Github/Ros2/install/turtlesim/local/lib/python3.10/dist-packages/turtlesim/srv/__init__.py'...
[43.007s] Compiling '/home/sahruday/Documents/Github/Ros2/install/turtlesim/local/lib/python3.10/dist-packages/turtlesim/srv/_kill.py'...
[43.007s] Compiling '/home/sahruday/Documents/Github/Ros2/install/turtlesim/local/lib/python3.10/dist-packages/turtlesim/srv/_set_pen.py'...
[43.007s] Compiling '/home/sahruday/Documents/Github/Ros2/install/turtlesim/local/lib/python3.10/dist-packages/turtlesim/srv/_spawn.py'...
[43.007s] Compiling '/home/sahruday/Documents/Github/Ros2/install/turtlesim/local/lib/python3.10/dist-packages/turtlesim/srv/_teleport_absolute.py'...
[43.007s] Compiling '/home/sahruday/Documents/Github/Ros2/install/turtlesim/local/lib/python3.10/dist-packages/turtlesim/srv/_teleport_relative.py'...
[43.009s] -- Installing: /home/sahruday/Documents/Github/Ros2/install/turtlesim/lib/libturtlesim__rosidl_generator_py.so
[43.009s] -- Set runtime path of "/home/sahruday/Documents/Github/Ros2/install/turtlesim/lib/libturtlesim__rosidl_generator_py.so" to ""
[43.009s] -- Installing: /home/sahruday/Documents/Github/Ros2/install/turtlesim/share/turtlesim/images
[43.009s] -- Installing: /home/sahruday/Documents/Github/Ros2/install/turtlesim/share/turtlesim/images/ardent.png
[43.009s] -- Installing: /home/sahruday/Documents/Github/Ros2/install/turtlesim/share/turtlesim/images/crystal.png
[43.010s] -- Installing: /home/sahruday/Documents/Github/Ros2/install/turtlesim/share/turtlesim/images/galactic.png
[43.010s] -- Installing: /home/sahruday/Documents/Github/Ros2/install/turtlesim/share/turtlesim/images/humble.png
[43.010s] -- Installing: /home/sahruday/Documents/Github/Ros2/install/turtlesim/share/turtlesim/images/foxy.png
[43.010s] -- Installing: /home/sahruday/Documents/Github/Ros2/install/turtlesim/share/turtlesim/images/eloquent.png
[43.010s] -- Installing: /home/sahruday/Documents/Github/Ros2/install/turtlesim/share/turtlesim/images/bouncy.png
[43.010s] -- Installing: /home/sahruday/Documents/Github/Ros2/install/turtlesim/share/turtlesim/images/dashing.png
[43.011s] -- Installing: /home/sahruday/Documents/Github/Ros2/install/turtlesim/share/turtlesim/images/rolling.png
[43.011s] -- Installing: /home/sahruday/Documents/Github/Ros2/install/turtlesim/share/turtlesim/cmake/export_turtlesim__rosidl_generator_cExport.cmake
[43.011s] -- Installing: /home/sahruday/Documents/Github/Ros2/install/turtlesim/share/turtlesim/cmake/export_turtlesim__rosidl_generator_cExport-noconfig.cmake
[43.011s] -- Installing: /home/sahruday/Documents/Github/Ros2/install/turtlesim/share/turtlesim/cmake/export_turtlesim__rosidl_typesupport_fastrtps_cExport.cmake
[43.011s] -- Installing: /home/sahruday/Documents/Github/Ros2/install/turtlesim/share/turtlesim/cmake/export_turtlesim__rosidl_typesupport_fastrtps_cExport-noconfig.cmake
[43.011s] -- Installing: /home/sahruday/Documents/Github/Ros2/install/turtlesim/share/turtlesim/cmake/export_turtlesim__rosidl_generator_cppExport.cmake
[43.012s] -- Installing: /home/sahruday/Documents/Github/Ros2/install/turtlesim/share/turtlesim/cmake/export_turtlesim__rosidl_typesupport_fastrtps_cppExport.cmake
[43.012s] -- Installing: /home/sahruday/Documents/Github/Ros2/install/turtlesim/share/turtlesim/cmake/export_turtlesim__rosidl_typesupport_fastrtps_cppExport-noconfig.cmake
[43.012s] -- Installing: /home/sahruday/Documents/Github/Ros2/install/turtlesim/share/turtlesim/cmake/turtlesim__rosidl_typesupport_introspection_cExport.cmake
[43.012s] -- Installing: /home/sahruday/Documents/Github/Ros2/install/turtlesim/share/turtlesim/cmake/turtlesim__rosidl_typesupport_introspection_cExport-noconfig.cmake
[43.012s] -- Installing: /home/sahruday/Documents/Github/Ros2/install/turtlesim/share/turtlesim/cmake/turtlesim__rosidl_typesupport_cExport.cmake
[43.012s] -- Installing: /home/sahruday/Documents/Github/Ros2/install/turtlesim/share/turtlesim/cmake/turtlesim__rosidl_typesupport_cExport-noconfig.cmake
[43.012s] -- Installing: /home/sahruday/Documents/Github/Ros2/install/turtlesim/share/turtlesim/cmake/turtlesim__rosidl_typesupport_introspection_cppExport.cmake
[43.012s] -- Installing: /home/sahruday/Documents/Github/Ros2/install/turtlesim/share/turtlesim/cmake/turtlesim__rosidl_typesupport_introspection_cppExport-noconfig.cmake
[43.013s] -- Installing: /home/sahruday/Documents/Github/Ros2/install/turtlesim/share/turtlesim/cmake/turtlesim__rosidl_typesupport_cppExport.cmake
[43.013s] -- Installing: /home/sahruday/Documents/Github/Ros2/install/turtlesim/share/turtlesim/cmake/turtlesim__rosidl_typesupport_cppExport-noconfig.cmake
[43.013s] -- Installing: /home/sahruday/Documents/Github/Ros2/install/turtlesim/share/turtlesim/cmake/export_turtlesim__rosidl_generator_pyExport.cmake
[43.013s] -- Installing: /home/sahruday/Documents/Github/Ros2/install/turtlesim/share/turtlesim/cmake/export_turtlesim__rosidl_generator_pyExport-noconfig.cmake
[43.019s] Invoked command in '/home/sahruday/Documents/Github/Ros2/build/turtlesim' returned '0': CMAKE_PREFIX_PATH=${CMAKE_PREFIX_PATH}:/home/sahruday/Documents/Github/Ros2/install/launch_testing_examples:/home/sahruday/Documents/Github/Ros2/install/examples_rclpy_pointcloud_publisher:/home/sahruday/Documents/Github/Ros2/install/examples_rclpy_minimal_subscriber:/home/sahruday/Documents/Github/Ros2/install/examples_rclpy_minimal_service:/home/sahruday/Documents/Github/Ros2/install/examples_rclpy_minimal_publisher:/home/sahruday/Documents/Github/Ros2/install/examples_rclpy_minimal_client:/home/sahruday/Documents/Github/Ros2/install/examples_rclpy_minimal_action_server:/home/sahruday/Documents/Github/Ros2/install/examples_rclpy_minimal_action_client:/home/sahruday/Documents/Github/Ros2/install/examples_rclpy_guard_conditions:/home/sahruday/Documents/Github/Ros2/install/examples_rclpy_executors:/home/sahruday/ros2_humble/install/rqt_bag_plugins:/home/sahruday/ros2_humble/install/rqt_bag:/home/sahruday/ros2_humble/install/ros2bag:/home/sahruday/ros2_humble/install/tracetools_test:/home/sahruday/ros2_humble/install/tracetools_launch:/home/sahruday/ros2_humble/install/topic_monitor:/home/sahruday/ros2_humble/install/tf2_tools:/home/sahruday/ros2_humble/install/examples_tf2_py:/home/sahruday/ros2_humble/install/tf2_ros_py:/home/sahruday/ros2_humble/install/sros2:/home/sahruday/ros2_humble/install/rqt_topic:/home/sahruday/ros2_humble/install/rqt_srv:/home/sahruday/ros2_humble/install/rqt_shell:/home/sahruday/ros2_humble/install/rqt_service_caller:/home/sahruday/ros2_humble/install/rqt_reconfigure:/home/sahruday/ros2_humble/install/rqt_py_console:/home/sahruday/ros2_humble/install/rqt_publisher:/home/sahruday/ros2_humble/install/rqt_plot:/home/sahruday/ros2_humble/install/rqt_action:/home/sahruday/ros2_humble/install/rqt_msg:/home/sahruday/ros2_humble/install/rqt_console:/home/sahruday/ros2_humble/install/rqt:/home/sahruday/ros2_humble/install/rqt_graph:/home/sahruday/ros2_humble/install/rqt_gui_py:/home/sahruday/ros2_humble/install/rqt_gui:/home/sahruday/ros2_humble/install/ros2trace:/home/sahruday/ros2_humble/install/ros2topic:/home/sahruday/ros2_humble/install/ros2test:/home/sahruday/ros2_humble/install/ros2component:/home/sahruday/ros2_humble/install/ros2param:/home/sahruday/ros2_humble/install/ros2lifecycle:/home/sahruday/ros2_humble/install/ros2service:/home/sahruday/ros2_humble/install/ros2run:/home/sahruday/ros2_humble/install/ros2launch:/home/sahruday/ros2_humble/install/ros2pkg:/home/sahruday/ros2_humble/install/ros2node:/home/sahruday/ros2_humble/install/ros2multicast:/home/sahruday/ros2_humble/install/ros2interface:/home/sahruday/ros2_humble/install/ros2doctor:/home/sahruday/ros2_humble/install/ros2action:/home/sahruday/ros2_humble/install/ros2cli:/home/sahruday/ros2_humble/install/quality_of_service_demo_py:/home/sahruday/ros2_humble/install/lifecycle_py:/home/sahruday/ros2_humble/install/launch_testing_ros:/home/sahruday/ros2_humble/install/launch_ros:/home/sahruday/ros2_humble/install/examples_rclpy_pointcloud_publisher:/home/sahruday/ros2_humble/install/examples_rclpy_minimal_subscriber:/home/sahruday/ros2_humble/install/examples_rclpy_minimal_service:/home/sahruday/ros2_humble/install/examples_rclpy_minimal_publisher:/home/sahruday/ros2_humble/install/examples_rclpy_minimal_client:/home/sahruday/ros2_humble/install/examples_rclpy_minimal_action_server:/home/sahruday/ros2_humble/install/examples_rclpy_minimal_action_client:/home/sahruday/ros2_humble/install/examples_rclpy_guard_conditions:/home/sahruday/ros2_humble/install/examples_rclpy_executors:/home/sahruday/ros2_humble/install/demo_nodes_py:/home/sahruday/ros2_humble/install/action_tutorials_py:/home/sahruday/ros2_humble/install/ament_uncrustify:/home/sahruday/ros2_humble/install/tracetools_trace:/home/sahruday/ros2_humble/install/tracetools_read:/home/sahruday/ros2_humble/install/test_tracetools_launch:/home/sahruday/ros2_humble/install/test_launch_ros:/home/sahruday/ros2_humble/install/sensor_msgs_py:/home/sahruday/ros2_humble/install/rpyutils:/home/sahruday/ros2_humble/install/rosidl_runtime_py:/home/sahruday/ros2_humble/install/rosidl_cli:/home/sahruday/ros2_humble/install/launch_pytest:/home/sahruday/ros2_humble/install/launch_testing:/home/sahruday/ros2_humble/install/launch_yaml:/home/sahruday/ros2_humble/install/launch_xml:/home/sahruday/ros2_humble/install/launch:/home/sahruday/ros2_humble/install/osrf_pycommon:/home/sahruday/ros2_humble/install/launch_testing_examples:/home/sahruday/ros2_humble/install/domain_coordinator:/home/sahruday/ros2_humble/install/ament_xmllint:/home/sahruday/ros2_humble/install/ament_pyflakes:/home/sahruday/ros2_humble/install/ament_pycodestyle:/home/sahruday/ros2_humble/install/ament_pep257:/home/sahruday/ros2_humble/install/ament_pclint:/home/sahruday/ros2_humble/install/ament_package:/home/sahruday/ros2_humble/install/ament_mypy:/home/sahruday/ros2_humble/install/ament_lint_cmake:/home/sahruday/ros2_humble/install/ament_flake8:/home/sahruday/ros2_humble/install/ament_copyright:/home/sahruday/ros2_humble/install/ament_lint:/home/sahruday/ros2_humble/install/ament_index_python:/home/sahruday/ros2_humble/install/ament_cpplint:/home/sahruday/ros2_humble/install/ament_cppcheck:/home/sahruday/ros2_humble/install/ament_clang_tidy:/home/sahruday/ros2_humble/install/ament_clang_format /usr/bin/cmake --install /home/sahruday/Documents/Github/Ros2/build/turtlesim
