[2.687s] Invoking command in '/home/sahruday/ros2_ws/build/examples_rclpy_pointcloud_publisher': PYTHONPATH=/home/sahruday/ros2_ws/install/examples_rclpy_pointcloud_publisher/lib/python3.10/site-packages:${PYTHONPATH} /usr/bin/python3 setup.py develop --prefix /home/sahruday/ros2_ws/install/examples_rclpy_pointcloud_publisher --uninstall --editable --build-directory /home/sahruday/ros2_ws/build/examples_rclpy_pointcloud_publisher/build
[3.094s] running develop
[3.095s] /usr/lib/python3/dist-packages/setuptools/command/easy_install.py:158: EasyInstallDeprecationWarning: easy_install command is deprecated. Use build and pip and other standards-based tools.
[3.095s]   warnings.warn(
[3.096s] /usr/lib/python3/dist-packages/setuptools/command/install.py:34: SetuptoolsDeprecationWarning: setup.py install is deprecated. Use build and pip and other standards-based tools.
[3.096s]   warnings.warn(
[3.159s] /usr/lib/python3/dist-packages/pkg_resources/__init__.py:116: PkgResourcesDeprecationWarning: 1.1build1 is an invalid version and will not be supported in a future release
[3.159s]   warnings.warn(
[3.159s] /usr/lib/python3/dist-packages/pkg_resources/__init__.py:116: PkgResourcesDeprecationWarning: 0.1.43ubuntu1 is an invalid version and will not be supported in a future release
[3.159s]   warnings.warn(
[3.267s] Removing /home/sahruday/ros2_ws/install/examples_rclpy_pointcloud_publisher/lib/python3.10/site-packages/examples-rclpy-pointcloud-publisher.egg-link (link to .)
[3.302s] Invoked command in '/home/sahruday/ros2_ws/build/examples_rclpy_pointcloud_publisher' returned '0': PYTHONPATH=/home/sahruday/ros2_ws/install/examples_rclpy_pointcloud_publisher/lib/python3.10/site-packages:${PYTHONPATH} /usr/bin/python3 setup.py develop --prefix /home/sahruday/ros2_ws/install/examples_rclpy_pointcloud_publisher --uninstall --editable --build-directory /home/sahruday/ros2_ws/build/examples_rclpy_pointcloud_publisher/build
[3.303s] Invoking command in '/home/sahruday/ros2_ws/src/examples/rclpy/topics/pointcloud_publisher': PYTHONPATH=/home/sahruday/ros2_ws/install/examples_rclpy_pointcloud_publisher/lib/python3.10/site-packages:${PYTHONPATH} /usr/bin/python3 setup.py egg_info --egg-base ../../../../../build/examples_rclpy_pointcloud_publisher build --build-base /home/sahruday/ros2_ws/build/examples_rclpy_pointcloud_publisher/build install --prefix /home/sahruday/ros2_ws/install/examples_rclpy_pointcloud_publisher --record /home/sahruday/ros2_ws/build/examples_rclpy_pointcloud_publisher/install.log --single-version-externally-managed
[3.624s] running egg_info
[3.625s] writing ../../../../../build/examples_rclpy_pointcloud_publisher/examples_rclpy_pointcloud_publisher.egg-info/PKG-INFO
[3.625s] writing dependency_links to ../../../../../build/examples_rclpy_pointcloud_publisher/examples_rclpy_pointcloud_publisher.egg-info/dependency_links.txt
[3.626s] writing entry points to ../../../../../build/examples_rclpy_pointcloud_publisher/examples_rclpy_pointcloud_publisher.egg-info/entry_points.txt
[3.626s] writing requirements to ../../../../../build/examples_rclpy_pointcloud_publisher/examples_rclpy_pointcloud_publisher.egg-info/requires.txt
[3.626s] writing top-level names to ../../../../../build/examples_rclpy_pointcloud_publisher/examples_rclpy_pointcloud_publisher.egg-info/top_level.txt
[3.628s] reading manifest file '../../../../../build/examples_rclpy_pointcloud_publisher/examples_rclpy_pointcloud_publisher.egg-info/SOURCES.txt'
[3.628s] writing manifest file '../../../../../build/examples_rclpy_pointcloud_publisher/examples_rclpy_pointcloud_publisher.egg-info/SOURCES.txt'
[3.628s] running build
[3.628s] running build_py
[3.629s] creating /home/sahruday/ros2_ws/build/examples_rclpy_pointcloud_publisher/build
[3.629s] creating /home/sahruday/ros2_ws/build/examples_rclpy_pointcloud_publisher/build/lib
[3.629s] creating /home/sahruday/ros2_ws/build/examples_rclpy_pointcloud_publisher/build/lib/examples_rclpy_pointcloud_publisher
[3.629s] copying examples_rclpy_pointcloud_publisher/pointcloud_publisher.py -> /home/sahruday/ros2_ws/build/examples_rclpy_pointcloud_publisher/build/lib/examples_rclpy_pointcloud_publisher
[3.629s] copying examples_rclpy_pointcloud_publisher/__init__.py -> /home/sahruday/ros2_ws/build/examples_rclpy_pointcloud_publisher/build/lib/examples_rclpy_pointcloud_publisher
[3.629s] running install
[3.629s] /usr/lib/python3/dist-packages/setuptools/command/install.py:34: SetuptoolsDeprecationWarning: setup.py install is deprecated. Use build and pip and other standards-based tools.
[3.629s]   warnings.warn(
[3.629s] running install_lib
[3.630s] creating /home/sahruday/ros2_ws/install/examples_rclpy_pointcloud_publisher/lib/python3.10/site-packages/examples_rclpy_pointcloud_publisher
[3.630s] copying /home/sahruday/ros2_ws/build/examples_rclpy_pointcloud_publisher/build/lib/examples_rclpy_pointcloud_publisher/pointcloud_publisher.py -> /home/sahruday/ros2_ws/install/examples_rclpy_pointcloud_publisher/lib/python3.10/site-packages/examples_rclpy_pointcloud_publisher
[3.630s] copying /home/sahruday/ros2_ws/build/examples_rclpy_pointcloud_publisher/build/lib/examples_rclpy_pointcloud_publisher/__init__.py -> /home/sahruday/ros2_ws/install/examples_rclpy_pointcloud_publisher/lib/python3.10/site-packages/examples_rclpy_pointcloud_publisher
[3.632s] byte-compiling /home/sahruday/ros2_ws/install/examples_rclpy_pointcloud_publisher/lib/python3.10/site-packages/examples_rclpy_pointcloud_publisher/pointcloud_publisher.py to pointcloud_publisher.cpython-310.pyc
[3.633s] byte-compiling /home/sahruday/ros2_ws/install/examples_rclpy_pointcloud_publisher/lib/python3.10/site-packages/examples_rclpy_pointcloud_publisher/__init__.py to __init__.cpython-310.pyc
[3.633s] running install_data
[3.633s] running install_egg_info
[3.636s] Copying ../../../../../build/examples_rclpy_pointcloud_publisher/examples_rclpy_pointcloud_publisher.egg-info to /home/sahruday/ros2_ws/install/examples_rclpy_pointcloud_publisher/lib/python3.10/site-packages/examples_rclpy_pointcloud_publisher-0.15.0-py3.10.egg-info
[3.637s] running install_scripts
[3.678s] Installing pointcloud_publisher script to /home/sahruday/ros2_ws/install/examples_rclpy_pointcloud_publisher/lib/examples_rclpy_pointcloud_publisher
[3.678s] writing list of installed files to '/home/sahruday/ros2_ws/build/examples_rclpy_pointcloud_publisher/install.log'
[3.722s] Invoked command in '/home/sahruday/ros2_ws/src/examples/rclpy/topics/pointcloud_publisher' returned '0': PYTHONPATH=/home/sahruday/ros2_ws/install/examples_rclpy_pointcloud_publisher/lib/python3.10/site-packages:${PYTHONPATH} /usr/bin/python3 setup.py egg_info --egg-base ../../../../../build/examples_rclpy_pointcloud_publisher build --build-base /home/sahruday/ros2_ws/build/examples_rclpy_pointcloud_publisher/build install --prefix /home/sahruday/ros2_ws/install/examples_rclpy_pointcloud_publisher --record /home/sahruday/ros2_ws/build/examples_rclpy_pointcloud_publisher/install.log --single-version-externally-managed
