[4.150s] Invoking command in '/home/sahruday/ros2_ws/build/examples_rclpy_guard_conditions': PYTHONPATH=/home/sahruday/ros2_ws/install/examples_rclpy_guard_conditions/lib/python3.10/site-packages:${PYTHONPATH} /usr/bin/python3 setup.py develop --prefix /home/sahruday/ros2_ws/install/examples_rclpy_guard_conditions --uninstall --editable --build-directory /home/sahruday/ros2_ws/build/examples_rclpy_guard_conditions/build
[4.692s] running develop
[4.692s] /usr/lib/python3/dist-packages/setuptools/command/easy_install.py:158: EasyInstallDeprecationWarning: easy_install command is deprecated. Use build and pip and other standards-based tools.
[4.692s]   warnings.warn(
[4.694s] /usr/lib/python3/dist-packages/setuptools/command/install.py:34: SetuptoolsDeprecationWarning: setup.py install is deprecated. Use build and pip and other standards-based tools.
[4.694s]   warnings.warn(
[4.794s] /usr/lib/python3/dist-packages/pkg_resources/__init__.py:116: PkgResourcesDeprecationWarning: 1.1build1 is an invalid version and will not be supported in a future release
[4.795s]   warnings.warn(
[4.795s] /usr/lib/python3/dist-packages/pkg_resources/__init__.py:116: PkgResourcesDeprecationWarning: 0.1.43ubuntu1 is an invalid version and will not be supported in a future release
[4.795s]   warnings.warn(
[4.972s] Invoked command in '/home/sahruday/ros2_ws/build/examples_rclpy_guard_conditions' returned '0': PYTHONPATH=/home/sahruday/ros2_ws/install/examples_rclpy_guard_conditions/lib/python3.10/site-packages:${PYTHONPATH} /usr/bin/python3 setup.py develop --prefix /home/sahruday/ros2_ws/install/examples_rclpy_guard_conditions --uninstall --editable --build-directory /home/sahruday/ros2_ws/build/examples_rclpy_guard_conditions/build
[4.974s] Invoking command in '/home/sahruday/ros2_ws/src/examples/rclpy/guard_conditions': PYTHONPATH=/home/sahruday/ros2_ws/install/examples_rclpy_guard_conditions/lib/python3.10/site-packages:${PYTHONPATH} /usr/bin/python3 setup.py egg_info --egg-base ../../../../build/examples_rclpy_guard_conditions build --build-base /home/sahruday/ros2_ws/build/examples_rclpy_guard_conditions/build install --prefix /home/sahruday/ros2_ws/install/examples_rclpy_guard_conditions --record /home/sahruday/ros2_ws/build/examples_rclpy_guard_conditions/install.log --single-version-externally-managed
[5.320s] running egg_info
[5.321s] writing ../../../../build/examples_rclpy_guard_conditions/examples_rclpy_guard_conditions.egg-info/PKG-INFO
[5.321s] writing dependency_links to ../../../../build/examples_rclpy_guard_conditions/examples_rclpy_guard_conditions.egg-info/dependency_links.txt
[5.321s] writing entry points to ../../../../build/examples_rclpy_guard_conditions/examples_rclpy_guard_conditions.egg-info/entry_points.txt
[5.322s] writing requirements to ../../../../build/examples_rclpy_guard_conditions/examples_rclpy_guard_conditions.egg-info/requires.txt
[5.322s] writing top-level names to ../../../../build/examples_rclpy_guard_conditions/examples_rclpy_guard_conditions.egg-info/top_level.txt
[5.323s] reading manifest file '../../../../build/examples_rclpy_guard_conditions/examples_rclpy_guard_conditions.egg-info/SOURCES.txt'
[5.324s] writing manifest file '../../../../build/examples_rclpy_guard_conditions/examples_rclpy_guard_conditions.egg-info/SOURCES.txt'
[5.324s] running build
[5.324s] running build_py
[5.324s] running install
[5.324s] /usr/lib/python3/dist-packages/setuptools/command/install.py:34: SetuptoolsDeprecationWarning: setup.py install is deprecated. Use build and pip and other standards-based tools.
[5.324s]   warnings.warn(
[5.324s] running install_lib
[5.327s] running install_data
[5.327s] running install_egg_info
[5.330s] removing '/home/sahruday/ros2_ws/install/examples_rclpy_guard_conditions/lib/python3.10/site-packages/examples_rclpy_guard_conditions-0.15.0-py3.10.egg-info' (and everything under it)
[5.330s] Copying ../../../../build/examples_rclpy_guard_conditions/examples_rclpy_guard_conditions.egg-info to /home/sahruday/ros2_ws/install/examples_rclpy_guard_conditions/lib/python3.10/site-packages/examples_rclpy_guard_conditions-0.15.0-py3.10.egg-info
[5.330s] running install_scripts
[5.364s] Installing trigger_guard_condition script to /home/sahruday/ros2_ws/install/examples_rclpy_guard_conditions/lib/examples_rclpy_guard_conditions
[5.364s] writing list of installed files to '/home/sahruday/ros2_ws/build/examples_rclpy_guard_conditions/install.log'
[5.397s] Invoked command in '/home/sahruday/ros2_ws/src/examples/rclpy/guard_conditions' returned '0': PYTHONPATH=/home/sahruday/ros2_ws/install/examples_rclpy_guard_conditions/lib/python3.10/site-packages:${PYTHONPATH} /usr/bin/python3 setup.py egg_info --egg-base ../../../../build/examples_rclpy_guard_conditions build --build-base /home/sahruday/ros2_ws/build/examples_rclpy_guard_conditions/build install --prefix /home/sahruday/ros2_ws/install/examples_rclpy_guard_conditions --record /home/sahruday/ros2_ws/build/examples_rclpy_guard_conditions/install.log --single-version-externally-managed
