[10.588s] Invoking command in '/home/sahruday/ros2_ws/build/examples_rclpy_pointcloud_publisher': PYTHONPATH=/home/sahruday/ros2_ws/install/examples_rclpy_pointcloud_publisher/lib/python3.10/site-packages:${PYTHONPATH} /usr/bin/python3 setup.py develop --prefix /home/sahruday/ros2_ws/install/examples_rclpy_pointcloud_publisher --editable --build-directory /home/sahruday/ros2_ws/build/examples_rclpy_pointcloud_publisher/build --no-deps install_data --install-dir /home/sahruday/ros2_ws/install/examples_rclpy_pointcloud_publisher
[11.886s] running develop
[11.899s] /usr/lib/python3/dist-packages/setuptools/command/easy_install.py:158: EasyInstallDeprecationWarning: easy_install command is deprecated. Use build and pip and other standards-based tools.
[11.899s]   warnings.warn(
[11.908s] /usr/lib/python3/dist-packages/setuptools/command/install.py:34: SetuptoolsDeprecationWarning: setup.py install is deprecated. Use build and pip and other standards-based tools.
[11.908s]   warnings.warn(
[12.231s] /usr/lib/python3/dist-packages/pkg_resources/__init__.py:116: PkgResourcesDeprecationWarning: 1.1build1 is an invalid version and will not be supported in a future release
[12.231s]   warnings.warn(
[12.232s] /usr/lib/python3/dist-packages/pkg_resources/__init__.py:116: PkgResourcesDeprecationWarning: 0.1.43ubuntu1 is an invalid version and will not be supported in a future release
[12.232s]   warnings.warn(
[12.865s] running egg_info
[12.865s] creating examples_rclpy_pointcloud_publisher.egg-info
[12.866s] writing examples_rclpy_pointcloud_publisher.egg-info/PKG-INFO
[12.866s] writing dependency_links to examples_rclpy_pointcloud_publisher.egg-info/dependency_links.txt
[12.866s] writing entry points to examples_rclpy_pointcloud_publisher.egg-info/entry_points.txt
[12.866s] writing requirements to examples_rclpy_pointcloud_publisher.egg-info/requires.txt
[12.866s] writing top-level names to examples_rclpy_pointcloud_publisher.egg-info/top_level.txt
[12.867s] writing manifest file 'examples_rclpy_pointcloud_publisher.egg-info/SOURCES.txt'
[12.876s] reading manifest file 'examples_rclpy_pointcloud_publisher.egg-info/SOURCES.txt'
[12.877s] writing manifest file 'examples_rclpy_pointcloud_publisher.egg-info/SOURCES.txt'
[12.900s] running build_ext
[12.900s] Creating /home/sahruday/ros2_ws/install/examples_rclpy_pointcloud_publisher/lib/python3.10/site-packages/examples-rclpy-pointcloud-publisher.egg-link (link to .)
[12.902s] Installing pointcloud_publisher script to /home/sahruday/ros2_ws/install/examples_rclpy_pointcloud_publisher/lib/examples_rclpy_pointcloud_publisher
[12.902s] 
[12.902s] Installed /home/sahruday/ros2_ws/build/examples_rclpy_pointcloud_publisher
[12.903s] running install_data
[12.903s] creating /home/sahruday/ros2_ws/install/examples_rclpy_pointcloud_publisher/share/ament_index
[12.903s] creating /home/sahruday/ros2_ws/install/examples_rclpy_pointcloud_publisher/share/ament_index/resource_index
[12.903s] creating /home/sahruday/ros2_ws/install/examples_rclpy_pointcloud_publisher/share/ament_index/resource_index/packages
[12.903s] copying resource/examples_rclpy_pointcloud_publisher -> /home/sahruday/ros2_ws/install/examples_rclpy_pointcloud_publisher/share/ament_index/resource_index/packages
[12.903s] copying package.xml -> /home/sahruday/ros2_ws/install/examples_rclpy_pointcloud_publisher/share/examples_rclpy_pointcloud_publisher
[13.111s] Invoked command in '/home/sahruday/ros2_ws/build/examples_rclpy_pointcloud_publisher' returned '0': PYTHONPATH=/home/sahruday/ros2_ws/install/examples_rclpy_pointcloud_publisher/lib/python3.10/site-packages:${PYTHONPATH} /usr/bin/python3 setup.py develop --prefix /home/sahruday/ros2_ws/install/examples_rclpy_pointcloud_publisher --editable --build-directory /home/sahruday/ros2_ws/build/examples_rclpy_pointcloud_publisher/build --no-deps install_data --install-dir /home/sahruday/ros2_ws/install/examples_rclpy_pointcloud_publisher
