[2.812s] Invoking command in '/home/sahruday/ros2_ws/build/examples_rclpy_minimal_client': PYTHONPATH=/home/sahruday/ros2_ws/install/examples_rclpy_minimal_client/lib/python3.10/site-packages:${PYTHONPATH} /usr/bin/python3 setup.py develop --prefix /home/sahruday/ros2_ws/install/examples_rclpy_minimal_client --uninstall --editable --build-directory /home/sahruday/ros2_ws/build/examples_rclpy_minimal_client/build
[3.191s] running develop
[3.191s] /usr/lib/python3/dist-packages/setuptools/command/easy_install.py:158: EasyInstallDeprecationWarning: easy_install command is deprecated. Use build and pip and other standards-based tools.
[3.191s]   warnings.warn(
[3.192s] /usr/lib/python3/dist-packages/setuptools/command/install.py:34: SetuptoolsDeprecationWarning: setup.py install is deprecated. Use build and pip and other standards-based tools.
[3.192s]   warnings.warn(
[3.256s] /usr/lib/python3/dist-packages/pkg_resources/__init__.py:116: PkgResourcesDeprecationWarning: 1.1build1 is an invalid version and will not be supported in a future release
[3.256s]   warnings.warn(
[3.257s] /usr/lib/python3/dist-packages/pkg_resources/__init__.py:116: PkgResourcesDeprecationWarning: 0.1.43ubuntu1 is an invalid version and will not be supported in a future release
[3.257s]   warnings.warn(
[3.360s] Removing /home/sahruday/ros2_ws/install/examples_rclpy_minimal_client/lib/python3.10/site-packages/examples-rclpy-minimal-client.egg-link (link to .)
[3.385s] Invoked command in '/home/sahruday/ros2_ws/build/examples_rclpy_minimal_client' returned '0': PYTHONPATH=/home/sahruday/ros2_ws/install/examples_rclpy_minimal_client/lib/python3.10/site-packages:${PYTHONPATH} /usr/bin/python3 setup.py develop --prefix /home/sahruday/ros2_ws/install/examples_rclpy_minimal_client --uninstall --editable --build-directory /home/sahruday/ros2_ws/build/examples_rclpy_minimal_client/build
[3.386s] Invoking command in '/home/sahruday/ros2_ws/src/examples/rclpy/services/minimal_client': PYTHONPATH=/home/sahruday/ros2_ws/install/examples_rclpy_minimal_client/lib/python3.10/site-packages:${PYTHONPATH} /usr/bin/python3 setup.py egg_info --egg-base ../../../../../build/examples_rclpy_minimal_client build --build-base /home/sahruday/ros2_ws/build/examples_rclpy_minimal_client/build install --prefix /home/sahruday/ros2_ws/install/examples_rclpy_minimal_client --record /home/sahruday/ros2_ws/build/examples_rclpy_minimal_client/install.log --single-version-externally-managed
[3.760s] running egg_info
[3.760s] writing ../../../../../build/examples_rclpy_minimal_client/examples_rclpy_minimal_client.egg-info/PKG-INFO
[3.760s] writing dependency_links to ../../../../../build/examples_rclpy_minimal_client/examples_rclpy_minimal_client.egg-info/dependency_links.txt
[3.761s] writing entry points to ../../../../../build/examples_rclpy_minimal_client/examples_rclpy_minimal_client.egg-info/entry_points.txt
[3.761s] writing requirements to ../../../../../build/examples_rclpy_minimal_client/examples_rclpy_minimal_client.egg-info/requires.txt
[3.761s] writing top-level names to ../../../../../build/examples_rclpy_minimal_client/examples_rclpy_minimal_client.egg-info/top_level.txt
[3.762s] reading manifest file '../../../../../build/examples_rclpy_minimal_client/examples_rclpy_minimal_client.egg-info/SOURCES.txt'
[3.768s] writing manifest file '../../../../../build/examples_rclpy_minimal_client/examples_rclpy_minimal_client.egg-info/SOURCES.txt'
[3.768s] running build
[3.769s] running build_py
[3.769s] creating /home/sahruday/ros2_ws/build/examples_rclpy_minimal_client/build
[3.769s] creating /home/sahruday/ros2_ws/build/examples_rclpy_minimal_client/build/lib
[3.769s] creating /home/sahruday/ros2_ws/build/examples_rclpy_minimal_client/build/lib/examples_rclpy_minimal_client
[3.769s] copying examples_rclpy_minimal_client/client_async_member_function.py -> /home/sahruday/ros2_ws/build/examples_rclpy_minimal_client/build/lib/examples_rclpy_minimal_client
[3.769s] copying examples_rclpy_minimal_client/client.py -> /home/sahruday/ros2_ws/build/examples_rclpy_minimal_client/build/lib/examples_rclpy_minimal_client
[3.770s] copying examples_rclpy_minimal_client/client_async_callback.py -> /home/sahruday/ros2_ws/build/examples_rclpy_minimal_client/build/lib/examples_rclpy_minimal_client
[3.770s] copying examples_rclpy_minimal_client/client_async.py -> /home/sahruday/ros2_ws/build/examples_rclpy_minimal_client/build/lib/examples_rclpy_minimal_client
[3.770s] copying examples_rclpy_minimal_client/__init__.py -> /home/sahruday/ros2_ws/build/examples_rclpy_minimal_client/build/lib/examples_rclpy_minimal_client
[3.770s] running install
[3.770s] running install_lib
[3.771s] /usr/lib/python3/dist-packages/setuptools/command/install.py:34: SetuptoolsDeprecationWarning: setup.py install is deprecated. Use build and pip and other standards-based tools.
[3.771s]   warnings.warn(
[3.771s] creating /home/sahruday/ros2_ws/install/examples_rclpy_minimal_client/lib/python3.10/site-packages/examples_rclpy_minimal_client
[3.771s] copying /home/sahruday/ros2_ws/build/examples_rclpy_minimal_client/build/lib/examples_rclpy_minimal_client/client_async_member_function.py -> /home/sahruday/ros2_ws/install/examples_rclpy_minimal_client/lib/python3.10/site-packages/examples_rclpy_minimal_client
[3.771s] copying /home/sahruday/ros2_ws/build/examples_rclpy_minimal_client/build/lib/examples_rclpy_minimal_client/client.py -> /home/sahruday/ros2_ws/install/examples_rclpy_minimal_client/lib/python3.10/site-packages/examples_rclpy_minimal_client
[3.771s] copying /home/sahruday/ros2_ws/build/examples_rclpy_minimal_client/build/lib/examples_rclpy_minimal_client/client_async_callback.py -> /home/sahruday/ros2_ws/install/examples_rclpy_minimal_client/lib/python3.10/site-packages/examples_rclpy_minimal_client
[3.771s] copying /home/sahruday/ros2_ws/build/examples_rclpy_minimal_client/build/lib/examples_rclpy_minimal_client/client_async.py -> /home/sahruday/ros2_ws/install/examples_rclpy_minimal_client/lib/python3.10/site-packages/examples_rclpy_minimal_client
[3.772s] copying /home/sahruday/ros2_ws/build/examples_rclpy_minimal_client/build/lib/examples_rclpy_minimal_client/__init__.py -> /home/sahruday/ros2_ws/install/examples_rclpy_minimal_client/lib/python3.10/site-packages/examples_rclpy_minimal_client
[3.772s] byte-compiling /home/sahruday/ros2_ws/install/examples_rclpy_minimal_client/lib/python3.10/site-packages/examples_rclpy_minimal_client/client_async_member_function.py to client_async_member_function.cpython-310.pyc
[3.772s] byte-compiling /home/sahruday/ros2_ws/install/examples_rclpy_minimal_client/lib/python3.10/site-packages/examples_rclpy_minimal_client/client.py to client.cpython-310.pyc
[3.772s] byte-compiling /home/sahruday/ros2_ws/install/examples_rclpy_minimal_client/lib/python3.10/site-packages/examples_rclpy_minimal_client/client_async_callback.py to client_async_callback.cpython-310.pyc
[3.773s] byte-compiling /home/sahruday/ros2_ws/install/examples_rclpy_minimal_client/lib/python3.10/site-packages/examples_rclpy_minimal_client/client_async.py to client_async.cpython-310.pyc
[3.773s] byte-compiling /home/sahruday/ros2_ws/install/examples_rclpy_minimal_client/lib/python3.10/site-packages/examples_rclpy_minimal_client/__init__.py to __init__.cpython-310.pyc
[3.773s] running install_data
[3.773s] running install_egg_info
[3.776s] Copying ../../../../../build/examples_rclpy_minimal_client/examples_rclpy_minimal_client.egg-info to /home/sahruday/ros2_ws/install/examples_rclpy_minimal_client/lib/python3.10/site-packages/examples_rclpy_minimal_client-0.15.0-py3.10.egg-info
[3.776s] running install_scripts
[3.807s] Installing client script to /home/sahruday/ros2_ws/install/examples_rclpy_minimal_client/lib/examples_rclpy_minimal_client
[3.807s] Installing client_async script to /home/sahruday/ros2_ws/install/examples_rclpy_minimal_client/lib/examples_rclpy_minimal_client
[3.807s] Installing client_async_callback script to /home/sahruday/ros2_ws/install/examples_rclpy_minimal_client/lib/examples_rclpy_minimal_client
[3.807s] Installing client_async_member_function script to /home/sahruday/ros2_ws/install/examples_rclpy_minimal_client/lib/examples_rclpy_minimal_client
[3.808s] writing list of installed files to '/home/sahruday/ros2_ws/build/examples_rclpy_minimal_client/install.log'
[3.863s] Invoked command in '/home/sahruday/ros2_ws/src/examples/rclpy/services/minimal_client' returned '0': PYTHONPATH=/home/sahruday/ros2_ws/install/examples_rclpy_minimal_client/lib/python3.10/site-packages:${PYTHONPATH} /usr/bin/python3 setup.py egg_info --egg-base ../../../../../build/examples_rclpy_minimal_client build --build-base /home/sahruday/ros2_ws/build/examples_rclpy_minimal_client/build install --prefix /home/sahruday/ros2_ws/install/examples_rclpy_minimal_client --record /home/sahruday/ros2_ws/build/examples_rclpy_minimal_client/install.log --single-version-externally-managed
