[4.498s] Invoking command in '/home/sahruday/Documents/Github/Ros2/build/examples_rclpy_guard_conditions': PYTHONPATH=/home/sahruday/Documents/Github/Ros2/install/examples_rclpy_guard_conditions/lib/python3.10/site-packages:${PYTHONPATH} /usr/bin/python3 setup.py develop --prefix /home/sahruday/Documents/Github/Ros2/install/examples_rclpy_guard_conditions --editable --build-directory /home/sahruday/Documents/Github/Ros2/build/examples_rclpy_guard_conditions/build --no-deps install_data --install-dir /home/sahruday/Documents/Github/Ros2/install/examples_rclpy_guard_conditions
[6.131s] /usr/lib/python3/dist-packages/setuptools/command/easy_install.py:158: EasyInstallDeprecationWarning: easy_install command is deprecated. Use build and pip and other standards-based tools.
[6.131s]   warnings.warn(
[6.132s] /usr/lib/python3/dist-packages/setuptools/command/install.py:34: SetuptoolsDeprecationWarning: setup.py install is deprecated. Use build and pip and other standards-based tools.
[6.132s]   warnings.warn(
[6.132s] /usr/lib/python3/dist-packages/pkg_resources/__init__.py:116: PkgResourcesDeprecationWarning: 1.1build1 is an invalid version and will not be supported in a future release
[6.132s]   warnings.warn(
[6.132s] /usr/lib/python3/dist-packages/pkg_resources/__init__.py:116: PkgResourcesDeprecationWarning: 0.1.43ubuntu1 is an invalid version and will not be supported in a future release
[6.132s]   warnings.warn(
[6.132s] running develop
[6.132s] running egg_info
[6.133s] writing examples_rclpy_guard_conditions.egg-info/PKG-INFO
[6.133s] writing dependency_links to examples_rclpy_guard_conditions.egg-info/dependency_links.txt
[6.133s] writing entry points to examples_rclpy_guard_conditions.egg-info/entry_points.txt
[6.133s] writing requirements to examples_rclpy_guard_conditions.egg-info/requires.txt
[6.133s] writing top-level names to examples_rclpy_guard_conditions.egg-info/top_level.txt
[6.133s] reading manifest file 'examples_rclpy_guard_conditions.egg-info/SOURCES.txt'
[6.134s] writing manifest file 'examples_rclpy_guard_conditions.egg-info/SOURCES.txt'
[6.134s] running build_ext
[6.134s] Creating /home/sahruday/Documents/Github/Ros2/install/examples_rclpy_guard_conditions/lib/python3.10/site-packages/examples-rclpy-guard-conditions.egg-link (link to .)
[6.134s] Installing trigger_guard_condition script to /home/sahruday/Documents/Github/Ros2/install/examples_rclpy_guard_conditions/lib/examples_rclpy_guard_conditions
[6.134s] 
[6.134s] Installed /home/sahruday/Documents/Github/Ros2/build/examples_rclpy_guard_conditions
[6.134s] running install_data
[6.224s] Invoked command in '/home/sahruday/Documents/Github/Ros2/build/examples_rclpy_guard_conditions' returned '0': PYTHONPATH=/home/sahruday/Documents/Github/Ros2/install/examples_rclpy_guard_conditions/lib/python3.10/site-packages:${PYTHONPATH} /usr/bin/python3 setup.py develop --prefix /home/sahruday/Documents/Github/Ros2/install/examples_rclpy_guard_conditions --editable --build-directory /home/sahruday/Documents/Github/Ros2/build/examples_rclpy_guard_conditions/build --no-deps install_data --install-dir /home/sahruday/Documents/Github/Ros2/install/examples_rclpy_guard_conditions
