[4.116s] Invoking command in '/home/sahruday/ros2_ws/build/examples_rclpy_minimal_action_server': PYTHONPATH=/home/sahruday/ros2_ws/install/examples_rclpy_minimal_action_server/lib/python3.10/site-packages:${PYTHONPATH} /usr/bin/python3 setup.py develop --prefix /home/sahruday/ros2_ws/install/examples_rclpy_minimal_action_server --uninstall --editable --build-directory /home/sahruday/ros2_ws/build/examples_rclpy_minimal_action_server/build
[4.756s] running develop
[4.756s] /usr/lib/python3/dist-packages/setuptools/command/easy_install.py:158: EasyInstallDeprecationWarning: easy_install command is deprecated. Use build and pip and other standards-based tools.
[4.756s]   warnings.warn(
[4.759s] /usr/lib/python3/dist-packages/setuptools/command/install.py:34: SetuptoolsDeprecationWarning: setup.py install is deprecated. Use build and pip and other standards-based tools.
[4.759s]   warnings.warn(
[4.861s] /usr/lib/python3/dist-packages/pkg_resources/__init__.py:116: PkgResourcesDeprecationWarning: 1.1build1 is an invalid version and will not be supported in a future release
[4.861s]   warnings.warn(
[4.862s] /usr/lib/python3/dist-packages/pkg_resources/__init__.py:116: PkgResourcesDeprecationWarning: 0.1.43ubuntu1 is an invalid version and will not be supported in a future release
[4.862s]   warnings.warn(
[5.073s] Invoked command in '/home/sahruday/ros2_ws/build/examples_rclpy_minimal_action_server' returned '0': PYTHONPATH=/home/sahruday/ros2_ws/install/examples_rclpy_minimal_action_server/lib/python3.10/site-packages:${PYTHONPATH} /usr/bin/python3 setup.py develop --prefix /home/sahruday/ros2_ws/install/examples_rclpy_minimal_action_server --uninstall --editable --build-directory /home/sahruday/ros2_ws/build/examples_rclpy_minimal_action_server/build
[5.075s] Invoking command in '/home/sahruday/ros2_ws/src/examples/rclpy/actions/minimal_action_server': PYTHONPATH=/home/sahruday/ros2_ws/install/examples_rclpy_minimal_action_server/lib/python3.10/site-packages:${PYTHONPATH} /usr/bin/python3 setup.py egg_info --egg-base ../../../../../build/examples_rclpy_minimal_action_server build --build-base /home/sahruday/ros2_ws/build/examples_rclpy_minimal_action_server/build install --prefix /home/sahruday/ros2_ws/install/examples_rclpy_minimal_action_server --record /home/sahruday/ros2_ws/build/examples_rclpy_minimal_action_server/install.log --single-version-externally-managed
[5.663s] running egg_info
[5.664s] writing ../../../../../build/examples_rclpy_minimal_action_server/examples_rclpy_minimal_action_server.egg-info/PKG-INFO
[5.664s] writing dependency_links to ../../../../../build/examples_rclpy_minimal_action_server/examples_rclpy_minimal_action_server.egg-info/dependency_links.txt
[5.664s] writing entry points to ../../../../../build/examples_rclpy_minimal_action_server/examples_rclpy_minimal_action_server.egg-info/entry_points.txt
[5.665s] writing requirements to ../../../../../build/examples_rclpy_minimal_action_server/examples_rclpy_minimal_action_server.egg-info/requires.txt
[5.665s] writing top-level names to ../../../../../build/examples_rclpy_minimal_action_server/examples_rclpy_minimal_action_server.egg-info/top_level.txt
[5.667s] reading manifest file '../../../../../build/examples_rclpy_minimal_action_server/examples_rclpy_minimal_action_server.egg-info/SOURCES.txt'
[5.668s] writing manifest file '../../../../../build/examples_rclpy_minimal_action_server/examples_rclpy_minimal_action_server.egg-info/SOURCES.txt'
[5.668s] running build
[5.668s] running build_py
[5.669s] running install
[5.669s] /usr/lib/python3/dist-packages/setuptools/command/install.py:34: SetuptoolsDeprecationWarning: setup.py install is deprecated. Use build and pip and other standards-based tools.
[5.669s]   warnings.warn(
[5.669s] running install_lib
[5.674s] running install_data
[5.674s] running install_egg_info
[5.678s] removing '/home/sahruday/ros2_ws/install/examples_rclpy_minimal_action_server/lib/python3.10/site-packages/examples_rclpy_minimal_action_server-0.15.0-py3.10.egg-info' (and everything under it)
[5.679s] Copying ../../../../../build/examples_rclpy_minimal_action_server/examples_rclpy_minimal_action_server.egg-info to /home/sahruday/ros2_ws/install/examples_rclpy_minimal_action_server/lib/python3.10/site-packages/examples_rclpy_minimal_action_server-0.15.0-py3.10.egg-info
[5.680s] running install_scripts
[5.739s] Installing server script to /home/sahruday/ros2_ws/install/examples_rclpy_minimal_action_server/lib/examples_rclpy_minimal_action_server
[5.739s] Installing server_defer script to /home/sahruday/ros2_ws/install/examples_rclpy_minimal_action_server/lib/examples_rclpy_minimal_action_server
[5.739s] Installing server_not_composable script to /home/sahruday/ros2_ws/install/examples_rclpy_minimal_action_server/lib/examples_rclpy_minimal_action_server
[5.739s] Installing server_queue_goals script to /home/sahruday/ros2_ws/install/examples_rclpy_minimal_action_server/lib/examples_rclpy_minimal_action_server
[5.739s] Installing server_single_goal script to /home/sahruday/ros2_ws/install/examples_rclpy_minimal_action_server/lib/examples_rclpy_minimal_action_server
[5.740s] writing list of installed files to '/home/sahruday/ros2_ws/build/examples_rclpy_minimal_action_server/install.log'
[5.783s] Invoked command in '/home/sahruday/ros2_ws/src/examples/rclpy/actions/minimal_action_server' returned '0': PYTHONPATH=/home/sahruday/ros2_ws/install/examples_rclpy_minimal_action_server/lib/python3.10/site-packages:${PYTHONPATH} /usr/bin/python3 setup.py egg_info --egg-base ../../../../../build/examples_rclpy_minimal_action_server build --build-base /home/sahruday/ros2_ws/build/examples_rclpy_minimal_action_server/build install --prefix /home/sahruday/ros2_ws/install/examples_rclpy_minimal_action_server --record /home/sahruday/ros2_ws/build/examples_rclpy_minimal_action_server/install.log --single-version-externally-managed
