[3.526s] Invoking command in '/home/sahruday/Documents/Github/Ros2/src/examples/rclpy/executors': PYTHONPATH=/home/sahruday/Documents/Github/Ros2/install/examples_rclpy_executors/lib/python3.10/site-packages:${PYTHONPATH} /usr/bin/python3 setup.py egg_info --egg-base ../../../../build/examples_rclpy_executors build --build-base /home/sahruday/Documents/Github/Ros2/build/examples_rclpy_executors/build install --prefix /home/sahruday/Documents/Github/Ros2/install/examples_rclpy_executors --record /home/sahruday/Documents/Github/Ros2/build/examples_rclpy_executors/install.log --single-version-externally-managed
[5.814s] running egg_info
[5.815s] creating ../../../../build/examples_rclpy_executors/examples_rclpy_executors.egg-info
[5.815s] writing ../../../../build/examples_rclpy_executors/examples_rclpy_executors.egg-info/PKG-INFO
[5.815s] writing dependency_links to ../../../../build/examples_rclpy_executors/examples_rclpy_executors.egg-info/dependency_links.txt
[5.815s] writing entry points to ../../../../build/examples_rclpy_executors/examples_rclpy_executors.egg-info/entry_points.txt
[5.815s] writing requirements to ../../../../build/examples_rclpy_executors/examples_rclpy_executors.egg-info/requires.txt
[5.815s] writing top-level names to ../../../../build/examples_rclpy_executors/examples_rclpy_executors.egg-info/top_level.txt
[5.815s] writing manifest file '../../../../build/examples_rclpy_executors/examples_rclpy_executors.egg-info/SOURCES.txt'
[5.815s] reading manifest file '../../../../build/examples_rclpy_executors/examples_rclpy_executors.egg-info/SOURCES.txt'
[5.815s] writing manifest file '../../../../build/examples_rclpy_executors/examples_rclpy_executors.egg-info/SOURCES.txt'
[5.815s] running build
[5.815s] running build_py
[5.815s] creating /home/sahruday/Documents/Github/Ros2/build/examples_rclpy_executors/build
[5.815s] creating /home/sahruday/Documents/Github/Ros2/build/examples_rclpy_executors/build/lib
[5.816s] creating /home/sahruday/Documents/Github/Ros2/build/examples_rclpy_executors/build/lib/examples_rclpy_executors
[5.816s] copying examples_rclpy_executors/custom_callback_group.py -> /home/sahruday/Documents/Github/Ros2/build/examples_rclpy_executors/build/lib/examples_rclpy_executors
[5.816s] copying examples_rclpy_executors/callback_group.py -> /home/sahruday/Documents/Github/Ros2/build/examples_rclpy_executors/build/lib/examples_rclpy_executors
[5.816s] copying examples_rclpy_executors/composed.py -> /home/sahruday/Documents/Github/Ros2/build/examples_rclpy_executors/build/lib/examples_rclpy_executors
[5.816s] copying examples_rclpy_executors/talker.py -> /home/sahruday/Documents/Github/Ros2/build/examples_rclpy_executors/build/lib/examples_rclpy_executors
[5.816s] copying examples_rclpy_executors/listener.py -> /home/sahruday/Documents/Github/Ros2/build/examples_rclpy_executors/build/lib/examples_rclpy_executors
[5.816s] copying examples_rclpy_executors/__init__.py -> /home/sahruday/Documents/Github/Ros2/build/examples_rclpy_executors/build/lib/examples_rclpy_executors
[5.816s] copying examples_rclpy_executors/custom_executor.py -> /home/sahruday/Documents/Github/Ros2/build/examples_rclpy_executors/build/lib/examples_rclpy_executors
[5.816s] running install
[5.816s] running install_lib
[5.816s] creating /home/sahruday/Documents/Github/Ros2/install/examples_rclpy_executors/lib/python3.10/site-packages/examples_rclpy_executors
[5.816s] copying /home/sahruday/Documents/Github/Ros2/build/examples_rclpy_executors/build/lib/examples_rclpy_executors/custom_callback_group.py -> /home/sahruday/Documents/Github/Ros2/install/examples_rclpy_executors/lib/python3.10/site-packages/examples_rclpy_executors
[5.816s] copying /home/sahruday/Documents/Github/Ros2/build/examples_rclpy_executors/build/lib/examples_rclpy_executors/callback_group.py -> /home/sahruday/Documents/Github/Ros2/install/examples_rclpy_executors/lib/python3.10/site-packages/examples_rclpy_executors
[5.816s] copying /home/sahruday/Documents/Github/Ros2/build/examples_rclpy_executors/build/lib/examples_rclpy_executors/composed.py -> /home/sahruday/Documents/Github/Ros2/install/examples_rclpy_executors/lib/python3.10/site-packages/examples_rclpy_executors
[5.817s] copying /home/sahruday/Documents/Github/Ros2/build/examples_rclpy_executors/build/lib/examples_rclpy_executors/talker.py -> /home/sahruday/Documents/Github/Ros2/install/examples_rclpy_executors/lib/python3.10/site-packages/examples_rclpy_executors
[5.817s] copying /home/sahruday/Documents/Github/Ros2/build/examples_rclpy_executors/build/lib/examples_rclpy_executors/listener.py -> /home/sahruday/Documents/Github/Ros2/install/examples_rclpy_executors/lib/python3.10/site-packages/examples_rclpy_executors
[5.817s] copying /home/sahruday/Documents/Github/Ros2/build/examples_rclpy_executors/build/lib/examples_rclpy_executors/__init__.py -> /home/sahruday/Documents/Github/Ros2/install/examples_rclpy_executors/lib/python3.10/site-packages/examples_rclpy_executors
[5.817s] copying /home/sahruday/Documents/Github/Ros2/build/examples_rclpy_executors/build/lib/examples_rclpy_executors/custom_executor.py -> /home/sahruday/Documents/Github/Ros2/install/examples_rclpy_executors/lib/python3.10/site-packages/examples_rclpy_executors
[5.817s] byte-compiling /home/sahruday/Documents/Github/Ros2/install/examples_rclpy_executors/lib/python3.10/site-packages/examples_rclpy_executors/custom_callback_group.py to custom_callback_group.cpython-310.pyc
[5.817s] byte-compiling /home/sahruday/Documents/Github/Ros2/install/examples_rclpy_executors/lib/python3.10/site-packages/examples_rclpy_executors/callback_group.py to callback_group.cpython-310.pyc
[5.817s] byte-compiling /home/sahruday/Documents/Github/Ros2/install/examples_rclpy_executors/lib/python3.10/site-packages/examples_rclpy_executors/composed.py to composed.cpython-310.pyc
[5.817s] byte-compiling /home/sahruday/Documents/Github/Ros2/install/examples_rclpy_executors/lib/python3.10/site-packages/examples_rclpy_executors/talker.py to talker.cpython-310.pyc
[5.817s] byte-compiling /home/sahruday/Documents/Github/Ros2/install/examples_rclpy_executors/lib/python3.10/site-packages/examples_rclpy_executors/listener.py to listener.cpython-310.pyc
[5.817s] byte-compiling /home/sahruday/Documents/Github/Ros2/install/examples_rclpy_executors/lib/python3.10/site-packages/examples_rclpy_executors/__init__.py to __init__.cpython-310.pyc
[5.817s] byte-compiling /home/sahruday/Documents/Github/Ros2/install/examples_rclpy_executors/lib/python3.10/site-packages/examples_rclpy_executors/custom_executor.py to custom_executor.cpython-310.pyc
[5.817s] running install_data
[5.818s] creating /home/sahruday/Documents/Github/Ros2/install/examples_rclpy_executors/share/ament_index
[5.818s] creating /home/sahruday/Documents/Github/Ros2/install/examples_rclpy_executors/share/ament_index/resource_index
[5.818s] creating /home/sahruday/Documents/Github/Ros2/install/examples_rclpy_executors/share/ament_index/resource_index/packages
[5.818s] copying resource/examples_rclpy_executors -> /home/sahruday/Documents/Github/Ros2/install/examples_rclpy_executors/share/ament_index/resource_index/packages
[5.818s] copying package.xml -> /home/sahruday/Documents/Github/Ros2/install/examples_rclpy_executors/share/examples_rclpy_executors
[5.818s] running install_egg_info
[5.818s] Copying ../../../../build/examples_rclpy_executors/examples_rclpy_executors.egg-info to /home/sahruday/Documents/Github/Ros2/install/examples_rclpy_executors/lib/python3.10/site-packages/examples_rclpy_executors-0.15.0-py3.10.egg-info
[5.818s] running install_scripts
[5.818s] Installing callback_group script to /home/sahruday/Documents/Github/Ros2/install/examples_rclpy_executors/lib/examples_rclpy_executors
[5.818s] Installing composed script to /home/sahruday/Documents/Github/Ros2/install/examples_rclpy_executors/lib/examples_rclpy_executors
[5.818s] Installing custom_callback_group script to /home/sahruday/Documents/Github/Ros2/install/examples_rclpy_executors/lib/examples_rclpy_executors
[5.818s] Installing custom_executor script to /home/sahruday/Documents/Github/Ros2/install/examples_rclpy_executors/lib/examples_rclpy_executors
[5.818s] Installing listener script to /home/sahruday/Documents/Github/Ros2/install/examples_rclpy_executors/lib/examples_rclpy_executors
[5.818s] Installing talker script to /home/sahruday/Documents/Github/Ros2/install/examples_rclpy_executors/lib/examples_rclpy_executors
[5.818s] writing list of installed files to '/home/sahruday/Documents/Github/Ros2/build/examples_rclpy_executors/install.log'
[5.819s] /usr/lib/python3/dist-packages/setuptools/command/install.py:34: SetuptoolsDeprecationWarning: setup.py install is deprecated. Use build and pip and other standards-based tools.
[5.819s]   warnings.warn(
[6.010s] Invoked command in '/home/sahruday/Documents/Github/Ros2/src/examples/rclpy/executors' returned '0': PYTHONPATH=/home/sahruday/Documents/Github/Ros2/install/examples_rclpy_executors/lib/python3.10/site-packages:${PYTHONPATH} /usr/bin/python3 setup.py egg_info --egg-base ../../../../build/examples_rclpy_executors build --build-base /home/sahruday/Documents/Github/Ros2/build/examples_rclpy_executors/build install --prefix /home/sahruday/Documents/Github/Ros2/install/examples_rclpy_executors --record /home/sahruday/Documents/Github/Ros2/build/examples_rclpy_executors/install.log --single-version-externally-managed
