-- Found ament_cmake: 1.3.2 (/home/sahruday/ros2_humble/install/ament_cmake/share/ament_cmake/cmake)
-- Found pluginlib: 5.1.0 (/home/sahruday/ros2_humble/install/pluginlib/share/pluginlib/cmake)
-- Configuring done
-- Generating done
-- Build files have been written to: /home/sahruday/Documents/Github/Beginner_Tutorials_Ros2/build/polygon_base
[35m[1mConsolidate compiler generated dependencies of target area_node[0m
[100%] Built target area_node
-- Install configuration: ""
-- Up-to-date: /home/sahruday/Documents/Github/Beginner_Tutorials_Ros2/install/polygon_base/lib/polygon_base/area_node
-- Up-to-date: /home/sahruday/Documents/Github/Beginner_Tutorials_Ros2/install/polygon_base/include
-- Up-to-date: /home/sahruday/Documents/Github/Beginner_Tutorials_Ros2/install/polygon_base/include/polygon_base
-- Up-to-date: /home/sahruday/Documents/Github/Beginner_Tutorials_Ros2/install/polygon_base/include/polygon_base/regular_polygon.hpp
-- Up-to-date: /home/sahruday/Documents/Github/Beginner_Tutorials_Ros2/install/polygon_base/share/ament_index/resource_index/package_run_dependencies/polygon_base
-- Installing: /home/sahruday/Documents/Github/Beginner_Tutorials_Ros2/install/polygon_base/share/ament_index/resource_index/parent_prefix_path/polygon_base
-- Installing: /home/sahruday/Documents/Github/Beginner_Tutorials_Ros2/install/polygon_base/share/polygon_base/environment/ament_prefix_path.dsv
-- Installing: /home/sahruday/Documents/Github/Beginner_Tutorials_Ros2/install/polygon_base/share/polygon_base/environment/path.dsv
-- Up-to-date: /home/sahruday/Documents/Github/Beginner_Tutorials_Ros2/install/polygon_base/share/polygon_base/local_setup.bash
-- Up-to-date: /home/sahruday/Documents/Github/Beginner_Tutorials_Ros2/install/polygon_base/share/polygon_base/local_setup.sh
-- Up-to-date: /home/sahruday/Documents/Github/Beginner_Tutorials_Ros2/install/polygon_base/share/polygon_base/local_setup.zsh
-- Installing: /home/sahruday/Documents/Github/Beginner_Tutorials_Ros2/install/polygon_base/share/polygon_base/local_setup.dsv
-- Installing: /home/sahruday/Documents/Github/Beginner_Tutorials_Ros2/install/polygon_base/share/polygon_base/package.dsv
-- Up-to-date: /home/sahruday/Documents/Github/Beginner_Tutorials_Ros2/install/polygon_base/share/ament_index/resource_index/packages/polygon_base
-- Up-to-date: /home/sahruday/Documents/Github/Beginner_Tutorials_Ros2/install/polygon_base/share/polygon_base/cmake/ament_cmake_export_include_directories-extras.cmake
-- Up-to-date: /home/sahruday/Documents/Github/Beginner_Tutorials_Ros2/install/polygon_base/share/polygon_base/cmake/polygon_baseConfig.cmake
-- Up-to-date: /home/sahruday/Documents/Github/Beginner_Tutorials_Ros2/install/polygon_base/share/polygon_base/cmake/polygon_baseConfig-version.cmake
-- Up-to-date: /home/sahruday/Documents/Github/Beginner_Tutorials_Ros2/install/polygon_base/share/polygon_base/package.xml
