[2.979s] Invoking command in '/home/sahruday/ros2_ws/build/examples_rclpy_minimal_publisher': PYTHONPATH=/home/sahruday/ros2_ws/install/examples_rclpy_minimal_publisher/lib/python3.10/site-packages:${PYTHONPATH} /usr/bin/python3 setup.py develop --prefix /home/sahruday/ros2_ws/install/examples_rclpy_minimal_publisher --uninstall --editable --build-directory /home/sahruday/ros2_ws/build/examples_rclpy_minimal_publisher/build
[3.361s] running develop
[3.361s] /usr/lib/python3/dist-packages/setuptools/command/easy_install.py:158: EasyInstallDeprecationWarning: easy_install command is deprecated. Use build and pip and other standards-based tools.
[3.361s]   warnings.warn(
[3.362s] /usr/lib/python3/dist-packages/setuptools/command/install.py:34: SetuptoolsDeprecationWarning: setup.py install is deprecated. Use build and pip and other standards-based tools.
[3.362s]   warnings.warn(
[3.428s] /usr/lib/python3/dist-packages/pkg_resources/__init__.py:116: PkgResourcesDeprecationWarning: 1.1build1 is an invalid version and will not be supported in a future release
[3.429s]   warnings.warn(
[3.429s] /usr/lib/python3/dist-packages/pkg_resources/__init__.py:116: PkgResourcesDeprecationWarning: 0.1.43ubuntu1 is an invalid version and will not be supported in a future release
[3.429s]   warnings.warn(
[3.582s] Invoked command in '/home/sahruday/ros2_ws/build/examples_rclpy_minimal_publisher' returned '0': PYTHONPATH=/home/sahruday/ros2_ws/install/examples_rclpy_minimal_publisher/lib/python3.10/site-packages:${PYTHONPATH} /usr/bin/python3 setup.py develop --prefix /home/sahruday/ros2_ws/install/examples_rclpy_minimal_publisher --uninstall --editable --build-directory /home/sahruday/ros2_ws/build/examples_rclpy_minimal_publisher/build
[3.584s] Invoking command in '/home/sahruday/ros2_ws/src/examples/rclpy/topics/minimal_publisher': PYTHONPATH=/home/sahruday/ros2_ws/install/examples_rclpy_minimal_publisher/lib/python3.10/site-packages:${PYTHONPATH} /usr/bin/python3 setup.py egg_info --egg-base ../../../../../build/examples_rclpy_minimal_publisher build --build-base /home/sahruday/ros2_ws/build/examples_rclpy_minimal_publisher/build install --prefix /home/sahruday/ros2_ws/install/examples_rclpy_minimal_publisher --record /home/sahruday/ros2_ws/build/examples_rclpy_minimal_publisher/install.log --single-version-externally-managed
[3.950s] running egg_info
[3.951s] writing ../../../../../build/examples_rclpy_minimal_publisher/examples_rclpy_minimal_publisher.egg-info/PKG-INFO
[3.952s] writing dependency_links to ../../../../../build/examples_rclpy_minimal_publisher/examples_rclpy_minimal_publisher.egg-info/dependency_links.txt
[3.952s] writing entry points to ../../../../../build/examples_rclpy_minimal_publisher/examples_rclpy_minimal_publisher.egg-info/entry_points.txt
[3.952s] writing requirements to ../../../../../build/examples_rclpy_minimal_publisher/examples_rclpy_minimal_publisher.egg-info/requires.txt
[3.952s] writing top-level names to ../../../../../build/examples_rclpy_minimal_publisher/examples_rclpy_minimal_publisher.egg-info/top_level.txt
[3.955s] reading manifest file '../../../../../build/examples_rclpy_minimal_publisher/examples_rclpy_minimal_publisher.egg-info/SOURCES.txt'
[3.955s] writing manifest file '../../../../../build/examples_rclpy_minimal_publisher/examples_rclpy_minimal_publisher.egg-info/SOURCES.txt'
[3.955s] running build
[3.955s] running build_py
[3.955s] running install
[3.956s] /usr/lib/python3/dist-packages/setuptools/command/install.py:34: SetuptoolsDeprecationWarning: setup.py install is deprecated. Use build and pip and other standards-based tools.
[3.956s]   warnings.warn(
[3.956s] running install_lib
[3.958s] running install_data
[3.959s] running install_egg_info
[3.961s] removing '/home/sahruday/ros2_ws/install/examples_rclpy_minimal_publisher/lib/python3.10/site-packages/examples_rclpy_minimal_publisher-0.15.0-py3.10.egg-info' (and everything under it)
[3.961s] Copying ../../../../../build/examples_rclpy_minimal_publisher/examples_rclpy_minimal_publisher.egg-info to /home/sahruday/ros2_ws/install/examples_rclpy_minimal_publisher/lib/python3.10/site-packages/examples_rclpy_minimal_publisher-0.15.0-py3.10.egg-info
[3.962s] running install_scripts
[3.993s] Installing publisher_local_function script to /home/sahruday/ros2_ws/install/examples_rclpy_minimal_publisher/lib/examples_rclpy_minimal_publisher
[3.993s] Installing publisher_member_function script to /home/sahruday/ros2_ws/install/examples_rclpy_minimal_publisher/lib/examples_rclpy_minimal_publisher
[3.994s] Installing publisher_old_school script to /home/sahruday/ros2_ws/install/examples_rclpy_minimal_publisher/lib/examples_rclpy_minimal_publisher
[3.994s] writing list of installed files to '/home/sahruday/ros2_ws/build/examples_rclpy_minimal_publisher/install.log'
[4.028s] Invoked command in '/home/sahruday/ros2_ws/src/examples/rclpy/topics/minimal_publisher' returned '0': PYTHONPATH=/home/sahruday/ros2_ws/install/examples_rclpy_minimal_publisher/lib/python3.10/site-packages:${PYTHONPATH} /usr/bin/python3 setup.py egg_info --egg-base ../../../../../build/examples_rclpy_minimal_publisher build --build-base /home/sahruday/ros2_ws/build/examples_rclpy_minimal_publisher/build install --prefix /home/sahruday/ros2_ws/install/examples_rclpy_minimal_publisher --record /home/sahruday/ros2_ws/build/examples_rclpy_minimal_publisher/install.log --single-version-externally-managed
