[0.203s] DEBUG:colcon:Command line arguments: ['/usr/bin/colcon', 'build']
[0.204s] DEBUG:colcon:Parsed command line arguments: Namespace(log_base=None, log_level=None, verb_name='build', build_base='build', install_base='install', merge_install=False, symlink_install=False, test_result_base=None, continue_on_error=False, executor='parallel', parallel_workers=16, event_handlers=None, ignore_user_meta=False, metas=['./colcon.meta'], base_paths=['.'], packages_ignore=None, packages_ignore_regex=None, paths=None, packages_up_to=None, packages_up_to_regex=None, packages_above=None, packages_above_and_dependencies=None, packages_above_depth=None, packages_select_by_dep=None, packages_skip_by_dep=None, packages_skip_up_to=None, packages_select_build_failed=False, packages_skip_build_finished=False, packages_select_test_failures=False, packages_skip_test_passed=False, packages_select=None, packages_skip=None, packages_select_regex=None, packages_skip_regex=None, packages_start=None, packages_end=None, allow_overriding=[], cmake_args=None, cmake_target=None, cmake_target_skip_unavailable=False, cmake_clean_cache=False, cmake_clean_first=False, cmake_force_configure=False, ament_cmake_args=None, catkin_cmake_args=None, catkin_skip_building_tests=False, verb_parser=<colcon_defaults.argument_parser.defaults.DefaultArgumentsDecorator object at 0x7fc415081ff0>, verb_extension=<colcon_core.verb.build.BuildVerb object at 0x7fc4159b04f0>, main=<bound method BuildVerb.main of <colcon_core.verb.build.BuildVerb object at 0x7fc4159b04f0>>)
[0.225s] Level 1:colcon.colcon_core.package_discovery:discover_packages(colcon_meta) check parameters
[0.225s] Level 1:colcon.colcon_core.package_discovery:discover_packages(recursive) check parameters
[0.225s] Level 1:colcon.colcon_core.package_discovery:discover_packages(ignore) check parameters
[0.225s] Level 1:colcon.colcon_core.package_discovery:discover_packages(path) check parameters
[0.225s] Level 1:colcon.colcon_core.package_discovery:discover_packages(colcon_meta) discover
[0.226s] Level 1:colcon.colcon_core.package_discovery:discover_packages(recursive) discover
[0.226s] INFO:colcon.colcon_core.package_discovery:Crawling recursively for packages in '/home/chotu/Beginner_Tutorials_Ros2'
[0.226s] Level 1:colcon.colcon_core.package_identification:_identify(.) by extensions ['ignore', 'ignore_ament_install']
[0.226s] Level 1:colcon.colcon_core.package_identification:_identify(.) by extension 'ignore'
[0.226s] Level 1:colcon.colcon_core.package_identification:_identify(.) by extension 'ignore_ament_install'
[0.226s] Level 1:colcon.colcon_core.package_identification:_identify(.) by extensions ['colcon_pkg']
[0.226s] Level 1:colcon.colcon_core.package_identification:_identify(.) by extension 'colcon_pkg'
[0.226s] Level 1:colcon.colcon_core.package_identification:_identify(.) by extensions ['colcon_meta']
[0.226s] Level 1:colcon.colcon_core.package_identification:_identify(.) by extension 'colcon_meta'
[0.226s] Level 1:colcon.colcon_core.package_identification:_identify(.) by extensions ['ros']
[0.226s] Level 1:colcon.colcon_core.package_identification:_identify(.) by extension 'ros'
[0.235s] DEBUG:colcon.colcon_core.package_identification:Package '.' with type 'ros.ament_cmake' and name 'serverpublisher'
[0.235s] Level 1:colcon.colcon_core.package_discovery:discover_packages(recursive) using defaults
[0.235s] Level 1:colcon.colcon_core.package_discovery:discover_packages(ignore) discover
[0.235s] Level 1:colcon.colcon_core.package_discovery:discover_packages(ignore) using defaults
[0.235s] Level 1:colcon.colcon_core.package_discovery:discover_packages(path) discover
[0.235s] Level 1:colcon.colcon_core.package_discovery:discover_packages(path) using defaults
[0.250s] Level 1:colcon.colcon_core.package_discovery:discover_packages(prefix_path) check parameters
[0.250s] Level 1:colcon.colcon_core.package_discovery:discover_packages(prefix_path) discover
[0.252s] DEBUG:colcon.colcon_installed_package_information.package_discovery:Found 371 installed packages in /opt/ros/humble
[0.253s] Level 1:colcon.colcon_core.package_discovery:discover_packages(prefix_path) using defaults
[0.297s] Level 5:colcon.colcon_core.verb:set package 'serverpublisher' build argument 'cmake_args' from command line to 'None'
[0.298s] Level 5:colcon.colcon_core.verb:set package 'serverpublisher' build argument 'cmake_target' from command line to 'None'
[0.298s] Level 5:colcon.colcon_core.verb:set package 'serverpublisher' build argument 'cmake_target_skip_unavailable' from command line to 'False'
[0.298s] Level 5:colcon.colcon_core.verb:set package 'serverpublisher' build argument 'cmake_clean_cache' from command line to 'False'
[0.298s] Level 5:colcon.colcon_core.verb:set package 'serverpublisher' build argument 'cmake_clean_first' from command line to 'False'
[0.298s] Level 5:colcon.colcon_core.verb:set package 'serverpublisher' build argument 'cmake_force_configure' from command line to 'False'
[0.298s] Level 5:colcon.colcon_core.verb:set package 'serverpublisher' build argument 'ament_cmake_args' from command line to 'None'
[0.298s] Level 5:colcon.colcon_core.verb:set package 'serverpublisher' build argument 'catkin_cmake_args' from command line to 'None'
[0.298s] Level 5:colcon.colcon_core.verb:set package 'serverpublisher' build argument 'catkin_skip_building_tests' from command line to 'False'
[0.298s] DEBUG:colcon.colcon_core.verb:Building package 'serverpublisher' with the following arguments: {'ament_cmake_args': None, 'build_base': '/home/chotu/Beginner_Tutorials_Ros2/build/serverpublisher', 'catkin_cmake_args': None, 'catkin_skip_building_tests': False, 'cmake_args': None, 'cmake_clean_cache': False, 'cmake_clean_first': False, 'cmake_force_configure': False, 'cmake_target': None, 'cmake_target_skip_unavailable': False, 'install_base': '/home/chotu/Beginner_Tutorials_Ros2/install/serverpublisher', 'merge_install': False, 'path': '/home/chotu/Beginner_Tutorials_Ros2', 'symlink_install': False, 'test_result_base': None}
[0.298s] INFO:colcon.colcon_core.executor:Executing jobs using 'parallel' executor
[0.301s] DEBUG:colcon.colcon_parallel_executor.executor.parallel:run_until_complete
[0.301s] INFO:colcon.colcon_ros.task.ament_cmake.build:Building ROS package in '/home/chotu/Beginner_Tutorials_Ros2' with build type 'ament_cmake'
[0.301s] INFO:colcon.colcon_cmake.task.cmake.build:Building CMake package in '/home/chotu/Beginner_Tutorials_Ros2'
[0.303s] INFO:colcon.colcon_core.plugin_system:Skipping extension 'colcon_core.shell.bat': Not used on non-Windows systems
[0.304s] INFO:colcon.colcon_core.shell:Skip shell extension 'powershell' for command environment: Not usable outside of PowerShell
[0.304s] DEBUG:colcon.colcon_core.shell:Skip shell extension 'dsv' for command environment
[0.310s] DEBUG:colcon.colcon_core.event_handler.log_command:Invoking command in '/home/chotu/Beginner_Tutorials_Ros2/build/serverpublisher': CMAKE_PREFIX_PATH=/opt/ros/humble /usr/bin/cmake /home/chotu/Beginner_Tutorials_Ros2 -DCMAKE_INSTALL_PREFIX=/home/chotu/Beginner_Tutorials_Ros2/install/serverpublisher
[2.182s] DEBUG:colcon.colcon_core.event_handler.log_command:Invoked command in '/home/chotu/Beginner_Tutorials_Ros2/build/serverpublisher' returned '0': CMAKE_PREFIX_PATH=/opt/ros/humble /usr/bin/cmake /home/chotu/Beginner_Tutorials_Ros2 -DCMAKE_INSTALL_PREFIX=/home/chotu/Beginner_Tutorials_Ros2/install/serverpublisher
[2.184s] DEBUG:colcon.colcon_core.event_handler.log_command:Invoking command in '/home/chotu/Beginner_Tutorials_Ros2/build/serverpublisher': CMAKE_PREFIX_PATH=/opt/ros/humble /usr/bin/cmake --build /home/chotu/Beginner_Tutorials_Ros2/build/serverpublisher -- -j16 -l16
[13.014s] DEBUG:colcon.colcon_core.event_handler.log_command:Invoked command in '/home/chotu/Beginner_Tutorials_Ros2/build/serverpublisher' returned '0': CMAKE_PREFIX_PATH=/opt/ros/humble /usr/bin/cmake --build /home/chotu/Beginner_Tutorials_Ros2/build/serverpublisher -- -j16 -l16
[13.088s] DEBUG:colcon.colcon_core.event_handler.log_command:Invoking command in '/home/chotu/Beginner_Tutorials_Ros2/build/serverpublisher': CMAKE_PREFIX_PATH=/opt/ros/humble /usr/bin/cmake --install /home/chotu/Beginner_Tutorials_Ros2/build/serverpublisher
[13.142s] Level 1:colcon.colcon_core.environment:create_environment_scripts_only(serverpublisher)
[13.143s] DEBUG:colcon.colcon_core.event_handler.log_command:Invoked command in '/home/chotu/Beginner_Tutorials_Ros2/build/serverpublisher' returned '0': CMAKE_PREFIX_PATH=/opt/ros/humble /usr/bin/cmake --install /home/chotu/Beginner_Tutorials_Ros2/build/serverpublisher
[13.147s] Level 1:colcon.colcon_core.environment:checking '/home/chotu/Beginner_Tutorials_Ros2/install/serverpublisher' for CMake module files
[13.148s] Level 1:colcon.colcon_core.environment:checking '/home/chotu/Beginner_Tutorials_Ros2/install/serverpublisher' for CMake config files
[13.149s] Level 1:colcon.colcon_core.shell:create_environment_hook('serverpublisher', 'cmake_prefix_path')
[13.150s] INFO:colcon.colcon_core.shell:Creating environment hook '/home/chotu/Beginner_Tutorials_Ros2/install/serverpublisher/share/serverpublisher/hook/cmake_prefix_path.ps1'
[13.151s] INFO:colcon.colcon_core.shell:Creating environment descriptor '/home/chotu/Beginner_Tutorials_Ros2/install/serverpublisher/share/serverpublisher/hook/cmake_prefix_path.dsv'
[13.151s] INFO:colcon.colcon_core.shell:Creating environment hook '/home/chotu/Beginner_Tutorials_Ros2/install/serverpublisher/share/serverpublisher/hook/cmake_prefix_path.sh'
[13.152s] Level 1:colcon.colcon_core.environment:checking '/home/chotu/Beginner_Tutorials_Ros2/install/serverpublisher/lib'
[13.153s] Level 1:colcon.colcon_core.shell:create_environment_hook('serverpublisher', 'ld_library_path_lib')
[13.154s] INFO:colcon.colcon_core.shell:Creating environment hook '/home/chotu/Beginner_Tutorials_Ros2/install/serverpublisher/share/serverpublisher/hook/ld_library_path_lib.ps1'
[13.154s] INFO:colcon.colcon_core.shell:Creating environment descriptor '/home/chotu/Beginner_Tutorials_Ros2/install/serverpublisher/share/serverpublisher/hook/ld_library_path_lib.dsv'
[13.154s] INFO:colcon.colcon_core.shell:Creating environment hook '/home/chotu/Beginner_Tutorials_Ros2/install/serverpublisher/share/serverpublisher/hook/ld_library_path_lib.sh'
[13.155s] Level 1:colcon.colcon_core.environment:checking '/home/chotu/Beginner_Tutorials_Ros2/install/serverpublisher/bin'
[13.155s] Level 1:colcon.colcon_core.environment:checking '/home/chotu/Beginner_Tutorials_Ros2/install/serverpublisher/lib/pkgconfig/serverpublisher.pc'
[13.155s] Level 1:colcon.colcon_core.environment:checking '/home/chotu/Beginner_Tutorials_Ros2/install/serverpublisher/lib/python3.10/site-packages'
[13.155s] Level 1:colcon.colcon_core.environment:checking '/home/chotu/Beginner_Tutorials_Ros2/install/serverpublisher/bin'
[13.157s] INFO:colcon.colcon_core.shell:Creating package script '/home/chotu/Beginner_Tutorials_Ros2/install/serverpublisher/share/serverpublisher/package.ps1'
[13.157s] INFO:colcon.colcon_core.shell:Creating package descriptor '/home/chotu/Beginner_Tutorials_Ros2/install/serverpublisher/share/serverpublisher/package.dsv'
[13.158s] INFO:colcon.colcon_core.shell:Creating package script '/home/chotu/Beginner_Tutorials_Ros2/install/serverpublisher/share/serverpublisher/package.sh'
[13.159s] INFO:colcon.colcon_core.shell:Creating package script '/home/chotu/Beginner_Tutorials_Ros2/install/serverpublisher/share/serverpublisher/package.bash'
[13.159s] INFO:colcon.colcon_core.shell:Creating package script '/home/chotu/Beginner_Tutorials_Ros2/install/serverpublisher/share/serverpublisher/package.zsh'
[13.160s] Level 1:colcon.colcon_core.environment:create_file_with_runtime_dependencies(/home/chotu/Beginner_Tutorials_Ros2/install/serverpublisher/share/colcon-core/packages/serverpublisher)
[13.227s] Level 1:colcon.colcon_core.environment:create_environment_scripts_only(serverpublisher)
[13.229s] Level 1:colcon.colcon_core.environment:checking '/home/chotu/Beginner_Tutorials_Ros2/install/serverpublisher' for CMake module files
[13.230s] Level 1:colcon.colcon_core.environment:checking '/home/chotu/Beginner_Tutorials_Ros2/install/serverpublisher' for CMake config files
[13.230s] Level 1:colcon.colcon_core.shell:create_environment_hook('serverpublisher', 'cmake_prefix_path')
[13.231s] INFO:colcon.colcon_core.shell:Creating environment hook '/home/chotu/Beginner_Tutorials_Ros2/install/serverpublisher/share/serverpublisher/hook/cmake_prefix_path.ps1'
[13.231s] INFO:colcon.colcon_core.shell:Creating environment descriptor '/home/chotu/Beginner_Tutorials_Ros2/install/serverpublisher/share/serverpublisher/hook/cmake_prefix_path.dsv'
[13.232s] INFO:colcon.colcon_core.shell:Creating environment hook '/home/chotu/Beginner_Tutorials_Ros2/install/serverpublisher/share/serverpublisher/hook/cmake_prefix_path.sh'
[13.232s] Level 1:colcon.colcon_core.environment:checking '/home/chotu/Beginner_Tutorials_Ros2/install/serverpublisher/lib'
[13.232s] Level 1:colcon.colcon_core.shell:create_environment_hook('serverpublisher', 'ld_library_path_lib')
[13.233s] INFO:colcon.colcon_core.shell:Creating environment hook '/home/chotu/Beginner_Tutorials_Ros2/install/serverpublisher/share/serverpublisher/hook/ld_library_path_lib.ps1'
[13.233s] INFO:colcon.colcon_core.shell:Creating environment descriptor '/home/chotu/Beginner_Tutorials_Ros2/install/serverpublisher/share/serverpublisher/hook/ld_library_path_lib.dsv'
[13.233s] INFO:colcon.colcon_core.shell:Creating environment hook '/home/chotu/Beginner_Tutorials_Ros2/install/serverpublisher/share/serverpublisher/hook/ld_library_path_lib.sh'
[13.233s] Level 1:colcon.colcon_core.environment:checking '/home/chotu/Beginner_Tutorials_Ros2/install/serverpublisher/bin'
[13.233s] Level 1:colcon.colcon_core.environment:checking '/home/chotu/Beginner_Tutorials_Ros2/install/serverpublisher/lib/pkgconfig/serverpublisher.pc'
[13.233s] Level 1:colcon.colcon_core.environment:checking '/home/chotu/Beginner_Tutorials_Ros2/install/serverpublisher/lib/python3.10/site-packages'
[13.234s] Level 1:colcon.colcon_core.environment:checking '/home/chotu/Beginner_Tutorials_Ros2/install/serverpublisher/bin'
[13.234s] INFO:colcon.colcon_core.shell:Creating package script '/home/chotu/Beginner_Tutorials_Ros2/install/serverpublisher/share/serverpublisher/package.ps1'
[13.235s] INFO:colcon.colcon_core.shell:Creating package descriptor '/home/chotu/Beginner_Tutorials_Ros2/install/serverpublisher/share/serverpublisher/package.dsv'
[13.235s] INFO:colcon.colcon_core.shell:Creating package script '/home/chotu/Beginner_Tutorials_Ros2/install/serverpublisher/share/serverpublisher/package.sh'
[13.235s] INFO:colcon.colcon_core.shell:Creating package script '/home/chotu/Beginner_Tutorials_Ros2/install/serverpublisher/share/serverpublisher/package.bash'
[13.235s] INFO:colcon.colcon_core.shell:Creating package script '/home/chotu/Beginner_Tutorials_Ros2/install/serverpublisher/share/serverpublisher/package.zsh'
[13.236s] Level 1:colcon.colcon_core.environment:create_file_with_runtime_dependencies(/home/chotu/Beginner_Tutorials_Ros2/install/serverpublisher/share/colcon-core/packages/serverpublisher)
[13.236s] DEBUG:colcon.colcon_parallel_executor.executor.parallel:closing loop
[13.236s] DEBUG:colcon.colcon_parallel_executor.executor.parallel:loop closed
[13.236s] DEBUG:colcon.colcon_parallel_executor.executor.parallel:run_until_complete finished with '0'
[13.236s] DEBUG:colcon.colcon_core.event_reactor:joining thread
[13.241s] INFO:colcon.colcon_core.plugin_system:Skipping extension 'colcon_notification.desktop_notification.terminal_notifier': Not used on non-Darwin systems
[13.241s] INFO:colcon.colcon_core.plugin_system:Skipping extension 'colcon_notification.desktop_notification.win32': Not used on non-Windows systems
[13.241s] INFO:colcon.colcon_notification.desktop_notification:Sending desktop notification using 'notify2'
[13.250s] DEBUG:colcon.colcon_core.event_reactor:joined thread
[13.251s] INFO:colcon.colcon_core.shell:Creating prefix script '/home/chotu/Beginner_Tutorials_Ros2/install/local_setup.ps1'
[13.252s] INFO:colcon.colcon_core.shell:Creating prefix util module '/home/chotu/Beginner_Tutorials_Ros2/install/_local_setup_util_ps1.py'
[13.253s] INFO:colcon.colcon_core.shell:Creating prefix chain script '/home/chotu/Beginner_Tutorials_Ros2/install/setup.ps1'
[13.254s] INFO:colcon.colcon_core.shell:Creating prefix script '/home/chotu/Beginner_Tutorials_Ros2/install/local_setup.sh'
[13.254s] INFO:colcon.colcon_core.shell:Creating prefix util module '/home/chotu/Beginner_Tutorials_Ros2/install/_local_setup_util_sh.py'
[13.255s] INFO:colcon.colcon_core.shell:Creating prefix chain script '/home/chotu/Beginner_Tutorials_Ros2/install/setup.sh'
[13.255s] INFO:colcon.colcon_core.shell:Creating prefix script '/home/chotu/Beginner_Tutorials_Ros2/install/local_setup.bash'
[13.256s] INFO:colcon.colcon_core.shell:Creating prefix chain script '/home/chotu/Beginner_Tutorials_Ros2/install/setup.bash'
[13.256s] INFO:colcon.colcon_core.shell:Creating prefix script '/home/chotu/Beginner_Tutorials_Ros2/install/local_setup.zsh'
[13.257s] INFO:colcon.colcon_core.shell:Creating prefix chain script '/home/chotu/Beginner_Tutorials_Ros2/install/setup.zsh'
