[5.466s] Invoking command in '/home/sahruday/Documents/Github/Ros2/build/examples_rclpy_minimal_client': PYTHONPATH=/home/sahruday/Documents/Github/Ros2/install/examples_rclpy_minimal_client/lib/python3.10/site-packages:${PYTHONPATH} /usr/bin/python3 setup.py develop --prefix /home/sahruday/Documents/Github/Ros2/install/examples_rclpy_minimal_client --editable --build-directory /home/sahruday/Documents/Github/Ros2/build/examples_rclpy_minimal_client/build --no-deps install_data --install-dir /home/sahruday/Documents/Github/Ros2/install/examples_rclpy_minimal_client
[6.214s] running develop
[6.214s] /usr/lib/python3/dist-packages/setuptools/command/easy_install.py:158: EasyInstallDeprecationWarning: easy_install command is deprecated. Use build and pip and other standards-based tools.
[6.214s]   warnings.warn(
[6.217s] /usr/lib/python3/dist-packages/setuptools/command/install.py:34: SetuptoolsDeprecationWarning: setup.py install is deprecated. Use build and pip and other standards-based tools.
[6.217s]   warnings.warn(
[6.319s] /usr/lib/python3/dist-packages/pkg_resources/__init__.py:116: PkgResourcesDeprecationWarning: 1.1build1 is an invalid version and will not be supported in a future release
[6.319s]   warnings.warn(
[6.319s] /usr/lib/python3/dist-packages/pkg_resources/__init__.py:116: PkgResourcesDeprecationWarning: 0.1.43ubuntu1 is an invalid version and will not be supported in a future release
[6.319s]   warnings.warn(
[6.500s] running egg_info
[6.500s] writing examples_rclpy_minimal_client.egg-info/PKG-INFO
[6.500s] writing dependency_links to examples_rclpy_minimal_client.egg-info/dependency_links.txt
[6.501s] writing entry points to examples_rclpy_minimal_client.egg-info/entry_points.txt
[6.501s] writing requirements to examples_rclpy_minimal_client.egg-info/requires.txt
[6.501s] writing top-level names to examples_rclpy_minimal_client.egg-info/top_level.txt
[6.504s] reading manifest file 'examples_rclpy_minimal_client.egg-info/SOURCES.txt'
[6.505s] writing manifest file 'examples_rclpy_minimal_client.egg-info/SOURCES.txt'
[6.521s] running build_ext
[6.521s] Creating /home/sahruday/Documents/Github/Ros2/install/examples_rclpy_minimal_client/lib/python3.10/site-packages/examples-rclpy-minimal-client.egg-link (link to .)
[6.521s] Installing client script to /home/sahruday/Documents/Github/Ros2/install/examples_rclpy_minimal_client/lib/examples_rclpy_minimal_client
[6.521s] Installing client_async script to /home/sahruday/Documents/Github/Ros2/install/examples_rclpy_minimal_client/lib/examples_rclpy_minimal_client
[6.521s] Installing client_async_callback script to /home/sahruday/Documents/Github/Ros2/install/examples_rclpy_minimal_client/lib/examples_rclpy_minimal_client
[6.521s] Installing client_async_member_function script to /home/sahruday/Documents/Github/Ros2/install/examples_rclpy_minimal_client/lib/examples_rclpy_minimal_client
[6.521s] 
[6.521s] Installed /home/sahruday/Documents/Github/Ros2/build/examples_rclpy_minimal_client
[6.521s] running install_data
[6.652s] Invoked command in '/home/sahruday/Documents/Github/Ros2/build/examples_rclpy_minimal_client' returned '0': PYTHONPATH=/home/sahruday/Documents/Github/Ros2/install/examples_rclpy_minimal_client/lib/python3.10/site-packages:${PYTHONPATH} /usr/bin/python3 setup.py develop --prefix /home/sahruday/Documents/Github/Ros2/install/examples_rclpy_minimal_client --editable --build-directory /home/sahruday/Documents/Github/Ros2/build/examples_rclpy_minimal_client/build --no-deps install_data --install-dir /home/sahruday/Documents/Github/Ros2/install/examples_rclpy_minimal_client
