[3.615s] Invoking command in '/home/sahruday/ros2_ws/build/examples_rclpy_minimal_action_server': PYTHONPATH=/home/sahruday/ros2_ws/install/examples_rclpy_minimal_action_server/lib/python3.10/site-packages:${PYTHONPATH} /usr/bin/python3 setup.py develop --prefix /home/sahruday/ros2_ws/install/examples_rclpy_minimal_action_server --editable --build-directory /home/sahruday/ros2_ws/build/examples_rclpy_minimal_action_server/build --no-deps install_data --install-dir /home/sahruday/ros2_ws/install/examples_rclpy_minimal_action_server
[5.438s] running develop
[5.438s] running egg_info
[5.438s] creating examples_rclpy_minimal_action_server.egg-info
[5.438s] writing examples_rclpy_minimal_action_server.egg-info/PKG-INFO
[5.438s] writing dependency_links to examples_rclpy_minimal_action_server.egg-info/dependency_links.txt
[5.438s] writing entry points to examples_rclpy_minimal_action_server.egg-info/entry_points.txt
[5.438s] writing requirements to examples_rclpy_minimal_action_server.egg-info/requires.txt
[5.439s] writing top-level names to examples_rclpy_minimal_action_server.egg-info/top_level.txt
[5.439s] writing manifest file 'examples_rclpy_minimal_action_server.egg-info/SOURCES.txt'
[5.439s] reading manifest file 'examples_rclpy_minimal_action_server.egg-info/SOURCES.txt'
[5.439s] writing manifest file 'examples_rclpy_minimal_action_server.egg-info/SOURCES.txt'
[5.439s] running build_ext
[5.439s] Creating /home/sahruday/ros2_ws/install/examples_rclpy_minimal_action_server/lib/python3.10/site-packages/examples-rclpy-minimal-action-server.egg-link (link to .)
[5.439s] Installing server script to /home/sahruday/ros2_ws/install/examples_rclpy_minimal_action_server/lib/examples_rclpy_minimal_action_server
[5.439s] Installing server_defer script to /home/sahruday/ros2_ws/install/examples_rclpy_minimal_action_server/lib/examples_rclpy_minimal_action_server
[5.439s] Installing server_not_composable script to /home/sahruday/ros2_ws/install/examples_rclpy_minimal_action_server/lib/examples_rclpy_minimal_action_server
[5.439s] Installing server_queue_goals script to /home/sahruday/ros2_ws/install/examples_rclpy_minimal_action_server/lib/examples_rclpy_minimal_action_server
[5.439s] Installing server_single_goal script to /home/sahruday/ros2_ws/install/examples_rclpy_minimal_action_server/lib/examples_rclpy_minimal_action_server
[5.439s] 
[5.439s] Installed /home/sahruday/ros2_ws/build/examples_rclpy_minimal_action_server
[5.439s] running install_data
[5.439s] creating /home/sahruday/ros2_ws/install/examples_rclpy_minimal_action_server/share/ament_index
[5.440s] creating /home/sahruday/ros2_ws/install/examples_rclpy_minimal_action_server/share/ament_index/resource_index
[5.440s] creating /home/sahruday/ros2_ws/install/examples_rclpy_minimal_action_server/share/ament_index/resource_index/packages
[5.440s] copying resource/examples_rclpy_minimal_action_server -> /home/sahruday/ros2_ws/install/examples_rclpy_minimal_action_server/share/ament_index/resource_index/packages
[5.440s] copying package.xml -> /home/sahruday/ros2_ws/install/examples_rclpy_minimal_action_server/share/examples_rclpy_minimal_action_server
[5.440s] /usr/lib/python3/dist-packages/setuptools/command/easy_install.py:158: EasyInstallDeprecationWarning: easy_install command is deprecated. Use build and pip and other standards-based tools.
[5.440s]   warnings.warn(
[5.440s] /usr/lib/python3/dist-packages/setuptools/command/install.py:34: SetuptoolsDeprecationWarning: setup.py install is deprecated. Use build and pip and other standards-based tools.
[5.440s]   warnings.warn(
[5.440s] /usr/lib/python3/dist-packages/pkg_resources/__init__.py:116: PkgResourcesDeprecationWarning: 1.1build1 is an invalid version and will not be supported in a future release
[5.440s]   warnings.warn(
[5.440s] /usr/lib/python3/dist-packages/pkg_resources/__init__.py:116: PkgResourcesDeprecationWarning: 0.1.43ubuntu1 is an invalid version and will not be supported in a future release
[5.440s]   warnings.warn(
[5.501s] Invoked command in '/home/sahruday/ros2_ws/build/examples_rclpy_minimal_action_server' returned '0': PYTHONPATH=/home/sahruday/ros2_ws/install/examples_rclpy_minimal_action_server/lib/python3.10/site-packages:${PYTHONPATH} /usr/bin/python3 setup.py develop --prefix /home/sahruday/ros2_ws/install/examples_rclpy_minimal_action_server --editable --build-directory /home/sahruday/ros2_ws/build/examples_rclpy_minimal_action_server/build --no-deps install_data --install-dir /home/sahruday/ros2_ws/install/examples_rclpy_minimal_action_server
