[3.306s] Invoking command in '/home/sahruday/ros2_ws/build/examples_rclpy_executors': PYTHONPATH=/home/sahruday/ros2_ws/install/examples_rclpy_executors/lib/python3.10/site-packages:${PYTHONPATH} /usr/bin/python3 setup.py develop --prefix /home/sahruday/ros2_ws/install/examples_rclpy_executors --uninstall --editable --build-directory /home/sahruday/ros2_ws/build/examples_rclpy_executors/build
[4.282s] running develop
[4.282s] Removing /home/sahruday/ros2_ws/install/examples_rclpy_executors/lib/python3.10/site-packages/examples-rclpy-executors.egg-link (link to .)
[4.282s] /usr/lib/python3/dist-packages/setuptools/command/easy_install.py:158: EasyInstallDeprecationWarning: easy_install command is deprecated. Use build and pip and other standards-based tools.
[4.282s]   warnings.warn(
[4.282s] /usr/lib/python3/dist-packages/setuptools/command/install.py:34: SetuptoolsDeprecationWarning: setup.py install is deprecated. Use build and pip and other standards-based tools.
[4.282s]   warnings.warn(
[4.282s] /usr/lib/python3/dist-packages/pkg_resources/__init__.py:116: PkgResourcesDeprecationWarning: 1.1build1 is an invalid version and will not be supported in a future release
[4.283s]   warnings.warn(
[4.283s] /usr/lib/python3/dist-packages/pkg_resources/__init__.py:116: PkgResourcesDeprecationWarning: 0.1.43ubuntu1 is an invalid version and will not be supported in a future release
[4.283s]   warnings.warn(
[4.978s] Invoked command in '/home/sahruday/ros2_ws/build/examples_rclpy_executors' returned '0': PYTHONPATH=/home/sahruday/ros2_ws/install/examples_rclpy_executors/lib/python3.10/site-packages:${PYTHONPATH} /usr/bin/python3 setup.py develop --prefix /home/sahruday/ros2_ws/install/examples_rclpy_executors --uninstall --editable --build-directory /home/sahruday/ros2_ws/build/examples_rclpy_executors/build
[4.979s] Invoking command in '/home/sahruday/ros2_ws/src/examples/rclpy/executors': PYTHONPATH=/home/sahruday/ros2_ws/install/examples_rclpy_executors/lib/python3.10/site-packages:${PYTHONPATH} /usr/bin/python3 setup.py egg_info --egg-base ../../../../build/examples_rclpy_executors build --build-base /home/sahruday/ros2_ws/build/examples_rclpy_executors/build install --prefix /home/sahruday/ros2_ws/install/examples_rclpy_executors --record /home/sahruday/ros2_ws/build/examples_rclpy_executors/install.log --single-version-externally-managed
[5.552s] running egg_info
[5.554s] writing ../../../../build/examples_rclpy_executors/examples_rclpy_executors.egg-info/PKG-INFO
[5.554s] writing dependency_links to ../../../../build/examples_rclpy_executors/examples_rclpy_executors.egg-info/dependency_links.txt
[5.554s] writing entry points to ../../../../build/examples_rclpy_executors/examples_rclpy_executors.egg-info/entry_points.txt
[5.557s] writing requirements to ../../../../build/examples_rclpy_executors/examples_rclpy_executors.egg-info/requires.txt
[5.557s] writing top-level names to ../../../../build/examples_rclpy_executors/examples_rclpy_executors.egg-info/top_level.txt
[5.558s] reading manifest file '../../../../build/examples_rclpy_executors/examples_rclpy_executors.egg-info/SOURCES.txt'
[5.558s] writing manifest file '../../../../build/examples_rclpy_executors/examples_rclpy_executors.egg-info/SOURCES.txt'
[5.559s] running build
[5.559s] running build_py
[5.559s] creating /home/sahruday/ros2_ws/build/examples_rclpy_executors/build
[5.559s] creating /home/sahruday/ros2_ws/build/examples_rclpy_executors/build/lib
[5.559s] creating /home/sahruday/ros2_ws/build/examples_rclpy_executors/build/lib/examples_rclpy_executors
[5.559s] copying examples_rclpy_executors/custom_callback_group.py -> /home/sahruday/ros2_ws/build/examples_rclpy_executors/build/lib/examples_rclpy_executors
[5.560s] copying examples_rclpy_executors/callback_group.py -> /home/sahruday/ros2_ws/build/examples_rclpy_executors/build/lib/examples_rclpy_executors
[5.560s] copying examples_rclpy_executors/composed.py -> /home/sahruday/ros2_ws/build/examples_rclpy_executors/build/lib/examples_rclpy_executors
[5.560s] copying examples_rclpy_executors/talker.py -> /home/sahruday/ros2_ws/build/examples_rclpy_executors/build/lib/examples_rclpy_executors
[5.560s] copying examples_rclpy_executors/listener.py -> /home/sahruday/ros2_ws/build/examples_rclpy_executors/build/lib/examples_rclpy_executors
[5.560s] copying examples_rclpy_executors/__init__.py -> /home/sahruday/ros2_ws/build/examples_rclpy_executors/build/lib/examples_rclpy_executors
[5.560s] copying examples_rclpy_executors/custom_executor.py -> /home/sahruday/ros2_ws/build/examples_rclpy_executors/build/lib/examples_rclpy_executors
[5.561s] running install
[5.561s] /usr/lib/python3/dist-packages/setuptools/command/install.py:34: SetuptoolsDeprecationWarning: setup.py install is deprecated. Use build and pip and other standards-based tools.
[5.561s]   warnings.warn(
[5.561s] running install_lib
[5.563s] creating /home/sahruday/ros2_ws/install/examples_rclpy_executors/lib/python3.10/site-packages/examples_rclpy_executors
[5.563s] copying /home/sahruday/ros2_ws/build/examples_rclpy_executors/build/lib/examples_rclpy_executors/custom_callback_group.py -> /home/sahruday/ros2_ws/install/examples_rclpy_executors/lib/python3.10/site-packages/examples_rclpy_executors
[5.564s] copying /home/sahruday/ros2_ws/build/examples_rclpy_executors/build/lib/examples_rclpy_executors/callback_group.py -> /home/sahruday/ros2_ws/install/examples_rclpy_executors/lib/python3.10/site-packages/examples_rclpy_executors
[5.564s] copying /home/sahruday/ros2_ws/build/examples_rclpy_executors/build/lib/examples_rclpy_executors/composed.py -> /home/sahruday/ros2_ws/install/examples_rclpy_executors/lib/python3.10/site-packages/examples_rclpy_executors
[5.564s] copying /home/sahruday/ros2_ws/build/examples_rclpy_executors/build/lib/examples_rclpy_executors/talker.py -> /home/sahruday/ros2_ws/install/examples_rclpy_executors/lib/python3.10/site-packages/examples_rclpy_executors
[5.564s] copying /home/sahruday/ros2_ws/build/examples_rclpy_executors/build/lib/examples_rclpy_executors/listener.py -> /home/sahruday/ros2_ws/install/examples_rclpy_executors/lib/python3.10/site-packages/examples_rclpy_executors
[5.564s] copying /home/sahruday/ros2_ws/build/examples_rclpy_executors/build/lib/examples_rclpy_executors/__init__.py -> /home/sahruday/ros2_ws/install/examples_rclpy_executors/lib/python3.10/site-packages/examples_rclpy_executors
[5.564s] copying /home/sahruday/ros2_ws/build/examples_rclpy_executors/build/lib/examples_rclpy_executors/custom_executor.py -> /home/sahruday/ros2_ws/install/examples_rclpy_executors/lib/python3.10/site-packages/examples_rclpy_executors
[5.567s] byte-compiling /home/sahruday/ros2_ws/install/examples_rclpy_executors/lib/python3.10/site-packages/examples_rclpy_executors/custom_callback_group.py to custom_callback_group.cpython-310.pyc
[5.568s] byte-compiling /home/sahruday/ros2_ws/install/examples_rclpy_executors/lib/python3.10/site-packages/examples_rclpy_executors/callback_group.py to callback_group.cpython-310.pyc
[5.569s] byte-compiling /home/sahruday/ros2_ws/install/examples_rclpy_executors/lib/python3.10/site-packages/examples_rclpy_executors/composed.py to composed.cpython-310.pyc
[5.569s] byte-compiling /home/sahruday/ros2_ws/install/examples_rclpy_executors/lib/python3.10/site-packages/examples_rclpy_executors/talker.py to talker.cpython-310.pyc
[5.569s] byte-compiling /home/sahruday/ros2_ws/install/examples_rclpy_executors/lib/python3.10/site-packages/examples_rclpy_executors/listener.py to listener.cpython-310.pyc
[5.570s] byte-compiling /home/sahruday/ros2_ws/install/examples_rclpy_executors/lib/python3.10/site-packages/examples_rclpy_executors/__init__.py to __init__.cpython-310.pyc
[5.570s] byte-compiling /home/sahruday/ros2_ws/install/examples_rclpy_executors/lib/python3.10/site-packages/examples_rclpy_executors/custom_executor.py to custom_executor.cpython-310.pyc
[5.570s] running install_data
[5.571s] running install_egg_info
[5.577s] Copying ../../../../build/examples_rclpy_executors/examples_rclpy_executors.egg-info to /home/sahruday/ros2_ws/install/examples_rclpy_executors/lib/python3.10/site-packages/examples_rclpy_executors-0.15.0-py3.10.egg-info
[5.580s] running install_scripts
[5.638s] Installing callback_group script to /home/sahruday/ros2_ws/install/examples_rclpy_executors/lib/examples_rclpy_executors
[5.638s] Installing composed script to /home/sahruday/ros2_ws/install/examples_rclpy_executors/lib/examples_rclpy_executors
[5.638s] Installing custom_callback_group script to /home/sahruday/ros2_ws/install/examples_rclpy_executors/lib/examples_rclpy_executors
[5.638s] Installing custom_executor script to /home/sahruday/ros2_ws/install/examples_rclpy_executors/lib/examples_rclpy_executors
[5.638s] Installing listener script to /home/sahruday/ros2_ws/install/examples_rclpy_executors/lib/examples_rclpy_executors
[5.639s] Installing talker script to /home/sahruday/ros2_ws/install/examples_rclpy_executors/lib/examples_rclpy_executors
[5.639s] writing list of installed files to '/home/sahruday/ros2_ws/build/examples_rclpy_executors/install.log'
[5.707s] Invoked command in '/home/sahruday/ros2_ws/src/examples/rclpy/executors' returned '0': PYTHONPATH=/home/sahruday/ros2_ws/install/examples_rclpy_executors/lib/python3.10/site-packages:${PYTHONPATH} /usr/bin/python3 setup.py egg_info --egg-base ../../../../build/examples_rclpy_executors build --build-base /home/sahruday/ros2_ws/build/examples_rclpy_executors/build install --prefix /home/sahruday/ros2_ws/install/examples_rclpy_executors --record /home/sahruday/ros2_ws/build/examples_rclpy_executors/install.log --single-version-externally-managed
