[3.288s] Invoking command in '/home/sahruday/ros2_ws/build/examples_rclpy_guard_conditions': PYTHONPATH=/home/sahruday/ros2_ws/install/examples_rclpy_guard_conditions/lib/python3.10/site-packages:${PYTHONPATH} /usr/bin/python3 setup.py develop --prefix /home/sahruday/ros2_ws/install/examples_rclpy_guard_conditions --uninstall --editable --build-directory /home/sahruday/ros2_ws/build/examples_rclpy_guard_conditions/build
[4.265s] running develop
[4.265s] Removing /home/sahruday/ros2_ws/install/examples_rclpy_guard_conditions/lib/python3.10/site-packages/examples-rclpy-guard-conditions.egg-link (link to .)
[4.265s] /usr/lib/python3/dist-packages/setuptools/command/easy_install.py:158: EasyInstallDeprecationWarning: easy_install command is deprecated. Use build and pip and other standards-based tools.
[4.265s]   warnings.warn(
[4.265s] /usr/lib/python3/dist-packages/setuptools/command/install.py:34: SetuptoolsDeprecationWarning: setup.py install is deprecated. Use build and pip and other standards-based tools.
[4.266s]   warnings.warn(
[4.266s] /usr/lib/python3/dist-packages/pkg_resources/__init__.py:116: PkgResourcesDeprecationWarning: 1.1build1 is an invalid version and will not be supported in a future release
[4.266s]   warnings.warn(
[4.266s] /usr/lib/python3/dist-packages/pkg_resources/__init__.py:116: PkgResourcesDeprecationWarning: 0.1.43ubuntu1 is an invalid version and will not be supported in a future release
[4.266s]   warnings.warn(
[4.964s] Invoked command in '/home/sahruday/ros2_ws/build/examples_rclpy_guard_conditions' returned '0': PYTHONPATH=/home/sahruday/ros2_ws/install/examples_rclpy_guard_conditions/lib/python3.10/site-packages:${PYTHONPATH} /usr/bin/python3 setup.py develop --prefix /home/sahruday/ros2_ws/install/examples_rclpy_guard_conditions --uninstall --editable --build-directory /home/sahruday/ros2_ws/build/examples_rclpy_guard_conditions/build
[4.965s] Invoking command in '/home/sahruday/ros2_ws/src/examples/rclpy/guard_conditions': PYTHONPATH=/home/sahruday/ros2_ws/install/examples_rclpy_guard_conditions/lib/python3.10/site-packages:${PYTHONPATH} /usr/bin/python3 setup.py egg_info --egg-base ../../../../build/examples_rclpy_guard_conditions build --build-base /home/sahruday/ros2_ws/build/examples_rclpy_guard_conditions/build install --prefix /home/sahruday/ros2_ws/install/examples_rclpy_guard_conditions --record /home/sahruday/ros2_ws/build/examples_rclpy_guard_conditions/install.log --single-version-externally-managed
[5.554s] running egg_info
[5.556s] writing ../../../../build/examples_rclpy_guard_conditions/examples_rclpy_guard_conditions.egg-info/PKG-INFO
[5.556s] writing dependency_links to ../../../../build/examples_rclpy_guard_conditions/examples_rclpy_guard_conditions.egg-info/dependency_links.txt
[5.557s] writing entry points to ../../../../build/examples_rclpy_guard_conditions/examples_rclpy_guard_conditions.egg-info/entry_points.txt
[5.557s] writing requirements to ../../../../build/examples_rclpy_guard_conditions/examples_rclpy_guard_conditions.egg-info/requires.txt
[5.557s] writing top-level names to ../../../../build/examples_rclpy_guard_conditions/examples_rclpy_guard_conditions.egg-info/top_level.txt
[5.561s] reading manifest file '../../../../build/examples_rclpy_guard_conditions/examples_rclpy_guard_conditions.egg-info/SOURCES.txt'
[5.563s] writing manifest file '../../../../build/examples_rclpy_guard_conditions/examples_rclpy_guard_conditions.egg-info/SOURCES.txt'
[5.563s] running build
[5.563s] running build_py
[5.563s] creating /home/sahruday/ros2_ws/build/examples_rclpy_guard_conditions/build
[5.563s] creating /home/sahruday/ros2_ws/build/examples_rclpy_guard_conditions/build/lib
[5.563s] creating /home/sahruday/ros2_ws/build/examples_rclpy_guard_conditions/build/lib/examples_rclpy_guard_conditions
[5.564s] copying examples_rclpy_guard_conditions/trigger_guard_condition.py -> /home/sahruday/ros2_ws/build/examples_rclpy_guard_conditions/build/lib/examples_rclpy_guard_conditions
[5.564s] copying examples_rclpy_guard_conditions/__init__.py -> /home/sahruday/ros2_ws/build/examples_rclpy_guard_conditions/build/lib/examples_rclpy_guard_conditions
[5.564s] running install
[5.564s] /usr/lib/python3/dist-packages/setuptools/command/install.py:34: SetuptoolsDeprecationWarning: setup.py install is deprecated. Use build and pip and other standards-based tools.
[5.564s]   warnings.warn(
[5.564s] running install_lib
[5.566s] creating /home/sahruday/ros2_ws/install/examples_rclpy_guard_conditions/lib/python3.10/site-packages/examples_rclpy_guard_conditions
[5.566s] copying /home/sahruday/ros2_ws/build/examples_rclpy_guard_conditions/build/lib/examples_rclpy_guard_conditions/trigger_guard_condition.py -> /home/sahruday/ros2_ws/install/examples_rclpy_guard_conditions/lib/python3.10/site-packages/examples_rclpy_guard_conditions
[5.566s] copying /home/sahruday/ros2_ws/build/examples_rclpy_guard_conditions/build/lib/examples_rclpy_guard_conditions/__init__.py -> /home/sahruday/ros2_ws/install/examples_rclpy_guard_conditions/lib/python3.10/site-packages/examples_rclpy_guard_conditions
[5.569s] byte-compiling /home/sahruday/ros2_ws/install/examples_rclpy_guard_conditions/lib/python3.10/site-packages/examples_rclpy_guard_conditions/trigger_guard_condition.py to trigger_guard_condition.cpython-310.pyc
[5.569s] byte-compiling /home/sahruday/ros2_ws/install/examples_rclpy_guard_conditions/lib/python3.10/site-packages/examples_rclpy_guard_conditions/__init__.py to __init__.cpython-310.pyc
[5.569s] running install_data
[5.570s] running install_egg_info
[5.576s] Copying ../../../../build/examples_rclpy_guard_conditions/examples_rclpy_guard_conditions.egg-info to /home/sahruday/ros2_ws/install/examples_rclpy_guard_conditions/lib/python3.10/site-packages/examples_rclpy_guard_conditions-0.15.0-py3.10.egg-info
[5.577s] running install_scripts
[5.634s] Installing trigger_guard_condition script to /home/sahruday/ros2_ws/install/examples_rclpy_guard_conditions/lib/examples_rclpy_guard_conditions
[5.634s] writing list of installed files to '/home/sahruday/ros2_ws/build/examples_rclpy_guard_conditions/install.log'
[5.708s] Invoked command in '/home/sahruday/ros2_ws/src/examples/rclpy/guard_conditions' returned '0': PYTHONPATH=/home/sahruday/ros2_ws/install/examples_rclpy_guard_conditions/lib/python3.10/site-packages:${PYTHONPATH} /usr/bin/python3 setup.py egg_info --egg-base ../../../../build/examples_rclpy_guard_conditions build --build-base /home/sahruday/ros2_ws/build/examples_rclpy_guard_conditions/build install --prefix /home/sahruday/ros2_ws/install/examples_rclpy_guard_conditions --record /home/sahruday/ros2_ws/build/examples_rclpy_guard_conditions/install.log --single-version-externally-managed
