[0.196s] DEBUG:colcon:Command line arguments: ['/usr/bin/colcon', 'build']
[0.196s] DEBUG:colcon:Parsed command line arguments: Namespace(log_base=None, log_level=None, verb_name='build', build_base='build', install_base='install', merge_install=False, symlink_install=False, test_result_base=None, continue_on_error=False, executor='parallel', parallel_workers=16, event_handlers=None, ignore_user_meta=False, metas=['./colcon.meta'], base_paths=['.'], packages_ignore=None, packages_ignore_regex=None, paths=None, packages_up_to=None, packages_up_to_regex=None, packages_above=None, packages_above_and_dependencies=None, packages_above_depth=None, packages_select_by_dep=None, packages_skip_by_dep=None, packages_skip_up_to=None, packages_select_build_failed=False, packages_skip_build_finished=False, packages_select_test_failures=False, packages_skip_test_passed=False, packages_select=None, packages_skip=None, packages_select_regex=None, packages_skip_regex=None, packages_start=None, packages_end=None, allow_overriding=[], cmake_args=None, cmake_target=None, cmake_target_skip_unavailable=False, cmake_clean_cache=False, cmake_clean_first=False, cmake_force_configure=False, ament_cmake_args=None, catkin_cmake_args=None, catkin_skip_building_tests=False, verb_parser=<colcon_defaults.argument_parser.defaults.DefaultArgumentsDecorator object at 0x7fe58bc8fdc0>, verb_extension=<colcon_core.verb.build.BuildVerb object at 0x7fe58c5db940>, main=<bound method BuildVerb.main of <colcon_core.verb.build.BuildVerb object at 0x7fe58c5db940>>)
[0.216s] Level 1:colcon.colcon_core.package_discovery:discover_packages(colcon_meta) check parameters
[0.216s] Level 1:colcon.colcon_core.package_discovery:discover_packages(recursive) check parameters
[0.216s] Level 1:colcon.colcon_core.package_discovery:discover_packages(ignore) check parameters
[0.216s] Level 1:colcon.colcon_core.package_discovery:discover_packages(path) check parameters
[0.216s] Level 1:colcon.colcon_core.package_discovery:discover_packages(colcon_meta) discover
[0.216s] Level 1:colcon.colcon_core.package_discovery:discover_packages(recursive) discover
[0.216s] INFO:colcon.colcon_core.package_discovery:Crawling recursively for packages in '/home/chotu/Beginner_Tutorials_Ros2'
[0.216s] Level 1:colcon.colcon_core.package_identification:_identify(.) by extensions ['ignore', 'ignore_ament_install']
[0.216s] Level 1:colcon.colcon_core.package_identification:_identify(.) by extension 'ignore'
[0.217s] Level 1:colcon.colcon_core.package_identification:_identify(.) by extension 'ignore_ament_install'
[0.217s] Level 1:colcon.colcon_core.package_identification:_identify(.) by extensions ['colcon_pkg']
[0.217s] Level 1:colcon.colcon_core.package_identification:_identify(.) by extension 'colcon_pkg'
[0.217s] Level 1:colcon.colcon_core.package_identification:_identify(.) by extensions ['colcon_meta']
[0.217s] Level 1:colcon.colcon_core.package_identification:_identify(.) by extension 'colcon_meta'
[0.217s] Level 1:colcon.colcon_core.package_identification:_identify(.) by extensions ['ros']
[0.217s] Level 1:colcon.colcon_core.package_identification:_identify(.) by extension 'ros'
[0.223s] Level 1:colcon.colcon_core.package_identification:_identify(.) by extensions ['cmake', 'python']
[0.223s] Level 1:colcon.colcon_core.package_identification:_identify(.) by extension 'cmake'
[0.224s] Level 1:colcon.colcon_core.package_identification:_identify(.) by extension 'python'
[0.224s] Level 1:colcon.colcon_core.package_identification:_identify(.) by extensions ['python_setup_py']
[0.224s] Level 1:colcon.colcon_core.package_identification:_identify(.) by extension 'python_setup_py'
[0.224s] Level 1:colcon.colcon_core.package_identification:_identify(Results) by extensions ['ignore', 'ignore_ament_install']
[0.224s] Level 1:colcon.colcon_core.package_identification:_identify(Results) by extension 'ignore'
[0.224s] Level 1:colcon.colcon_core.package_identification:_identify(Results) by extension 'ignore_ament_install'
[0.224s] Level 1:colcon.colcon_core.package_identification:_identify(Results) by extensions ['colcon_pkg']
[0.224s] Level 1:colcon.colcon_core.package_identification:_identify(Results) by extension 'colcon_pkg'
[0.224s] Level 1:colcon.colcon_core.package_identification:_identify(Results) by extensions ['colcon_meta']
[0.224s] Level 1:colcon.colcon_core.package_identification:_identify(Results) by extension 'colcon_meta'
[0.224s] Level 1:colcon.colcon_core.package_identification:_identify(Results) by extensions ['ros']
[0.224s] Level 1:colcon.colcon_core.package_identification:_identify(Results) by extension 'ros'
[0.224s] Level 1:colcon.colcon_core.package_identification:_identify(Results) by extensions ['cmake', 'python']
[0.224s] Level 1:colcon.colcon_core.package_identification:_identify(Results) by extension 'cmake'
[0.224s] Level 1:colcon.colcon_core.package_identification:_identify(Results) by extension 'python'
[0.224s] Level 1:colcon.colcon_core.package_identification:_identify(Results) by extensions ['python_setup_py']
[0.224s] Level 1:colcon.colcon_core.package_identification:_identify(Results) by extension 'python_setup_py'
[0.224s] Level 1:colcon.colcon_core.package_identification:_identify(build) by extensions ['ignore', 'ignore_ament_install']
[0.224s] Level 1:colcon.colcon_core.package_identification:_identify(build) by extension 'ignore'
[0.224s] Level 1:colcon.colcon_core.package_identification:_identify(build) ignored
[0.224s] Level 1:colcon.colcon_core.package_identification:_identify(install) by extensions ['ignore', 'ignore_ament_install']
[0.224s] Level 1:colcon.colcon_core.package_identification:_identify(install) by extension 'ignore'
[0.224s] Level 1:colcon.colcon_core.package_identification:_identify(install) ignored
[0.224s] Level 1:colcon.colcon_core.package_identification:_identify(log) by extensions ['ignore', 'ignore_ament_install']
[0.225s] Level 1:colcon.colcon_core.package_identification:_identify(log) by extension 'ignore'
[0.225s] Level 1:colcon.colcon_core.package_identification:_identify(log) ignored
[0.225s] Level 1:colcon.colcon_core.package_identification:_identify(src) by extensions ['ignore', 'ignore_ament_install']
[0.225s] Level 1:colcon.colcon_core.package_identification:_identify(src) by extension 'ignore'
[0.225s] Level 1:colcon.colcon_core.package_identification:_identify(src) by extension 'ignore_ament_install'
[0.225s] Level 1:colcon.colcon_core.package_identification:_identify(src) by extensions ['colcon_pkg']
[0.225s] Level 1:colcon.colcon_core.package_identification:_identify(src) by extension 'colcon_pkg'
[0.225s] Level 1:colcon.colcon_core.package_identification:_identify(src) by extensions ['colcon_meta']
[0.225s] Level 1:colcon.colcon_core.package_identification:_identify(src) by extension 'colcon_meta'
[0.225s] Level 1:colcon.colcon_core.package_identification:_identify(src) by extensions ['ros']
[0.225s] Level 1:colcon.colcon_core.package_identification:_identify(src) by extension 'ros'
[0.225s] Level 1:colcon.colcon_core.package_identification:_identify(src) by extensions ['cmake', 'python']
[0.225s] Level 1:colcon.colcon_core.package_identification:_identify(src) by extension 'cmake'
[0.225s] Level 1:colcon.colcon_core.package_identification:_identify(src) by extension 'python'
[0.225s] Level 1:colcon.colcon_core.package_identification:_identify(src) by extensions ['python_setup_py']
[0.225s] Level 1:colcon.colcon_core.package_identification:_identify(src) by extension 'python_setup_py'
[0.225s] Level 1:colcon.colcon_core.package_identification:_identify(src/serverpublisher) by extensions ['ignore', 'ignore_ament_install']
[0.225s] Level 1:colcon.colcon_core.package_identification:_identify(src/serverpublisher) by extension 'ignore'
[0.225s] Level 1:colcon.colcon_core.package_identification:_identify(src/serverpublisher) by extension 'ignore_ament_install'
[0.225s] Level 1:colcon.colcon_core.package_identification:_identify(src/serverpublisher) by extensions ['colcon_pkg']
[0.225s] Level 1:colcon.colcon_core.package_identification:_identify(src/serverpublisher) by extension 'colcon_pkg'
[0.225s] Level 1:colcon.colcon_core.package_identification:_identify(src/serverpublisher) by extensions ['colcon_meta']
[0.225s] Level 1:colcon.colcon_core.package_identification:_identify(src/serverpublisher) by extension 'colcon_meta'
[0.225s] Level 1:colcon.colcon_core.package_identification:_identify(src/serverpublisher) by extensions ['ros']
[0.225s] Level 1:colcon.colcon_core.package_identification:_identify(src/serverpublisher) by extension 'ros'
[0.227s] DEBUG:colcon.colcon_core.package_identification:Package 'src/serverpublisher' with type 'ros.ament_cmake' and name 'serverpublisher'
[0.227s] Level 1:colcon.colcon_core.package_identification:_identify(src/tutorial_interfaces) by extensions ['ignore', 'ignore_ament_install']
[0.227s] Level 1:colcon.colcon_core.package_identification:_identify(src/tutorial_interfaces) by extension 'ignore'
[0.227s] Level 1:colcon.colcon_core.package_identification:_identify(src/tutorial_interfaces) by extension 'ignore_ament_install'
[0.227s] Level 1:colcon.colcon_core.package_identification:_identify(src/tutorial_interfaces) by extensions ['colcon_pkg']
[0.227s] Level 1:colcon.colcon_core.package_identification:_identify(src/tutorial_interfaces) by extension 'colcon_pkg'
[0.227s] Level 1:colcon.colcon_core.package_identification:_identify(src/tutorial_interfaces) by extensions ['colcon_meta']
[0.227s] Level 1:colcon.colcon_core.package_identification:_identify(src/tutorial_interfaces) by extension 'colcon_meta'
[0.227s] Level 1:colcon.colcon_core.package_identification:_identify(src/tutorial_interfaces) by extensions ['ros']
[0.227s] Level 1:colcon.colcon_core.package_identification:_identify(src/tutorial_interfaces) by extension 'ros'
[0.228s] DEBUG:colcon.colcon_core.package_identification:Package 'src/tutorial_interfaces' with type 'ros.ament_cmake' and name 'tutorial_interfaces'
[0.228s] Level 1:colcon.colcon_core.package_discovery:discover_packages(recursive) using defaults
[0.228s] Level 1:colcon.colcon_core.package_discovery:discover_packages(ignore) discover
[0.228s] Level 1:colcon.colcon_core.package_discovery:discover_packages(ignore) using defaults
[0.228s] Level 1:colcon.colcon_core.package_discovery:discover_packages(path) discover
[0.228s] Level 1:colcon.colcon_core.package_discovery:discover_packages(path) using defaults
[0.243s] Level 1:colcon.colcon_core.package_discovery:discover_packages(prefix_path) check parameters
[0.243s] Level 1:colcon.colcon_core.package_discovery:discover_packages(prefix_path) discover
[0.244s] WARNING:colcon.colcon_ros.prefix_path.ament:The path '/home/chotu/Beginner_Tutorials_Ros2/install/learning_tf2_cpp' in the environment variable AMENT_PREFIX_PATH doesn't exist
[0.244s] WARNING:colcon.colcon_ros.prefix_path.ament:The path '/home/chotu/Beginner_Tutorials_Ros2/install/bag_recorder_nodes' in the environment variable AMENT_PREFIX_PATH doesn't exist
[0.244s] WARNING:colcon.colcon_ros.prefix_path.ament:The path '/home/chotu/Beginner_Tutorials_Ros2/install/serverpublisher' in the environment variable AMENT_PREFIX_PATH doesn't exist
[0.244s] WARNING:colcon.colcon_ros.prefix_path.ament:The path '/home/chotu/Beginner_Tutorials_Ros2/install/tutorial_interfaces' in the environment variable AMENT_PREFIX_PATH doesn't exist
[0.244s] WARNING:colcon.colcon_ros.prefix_path.catkin:The path '/home/chotu/Beginner_Tutorials_Ros2/install/learning_tf2_cpp' in the environment variable CMAKE_PREFIX_PATH doesn't exist
[0.244s] WARNING:colcon.colcon_ros.prefix_path.catkin:The path '/home/chotu/Beginner_Tutorials_Ros2/install/bag_recorder_nodes' in the environment variable CMAKE_PREFIX_PATH doesn't exist
[0.244s] WARNING:colcon.colcon_ros.prefix_path.catkin:The path '/home/chotu/Beginner_Tutorials_Ros2/install/serverpublisher' in the environment variable CMAKE_PREFIX_PATH doesn't exist
[0.244s] WARNING:colcon.colcon_ros.prefix_path.catkin:The path '/home/chotu/Beginner_Tutorials_Ros2/install/tutorial_interfaces' in the environment variable CMAKE_PREFIX_PATH doesn't exist
[0.245s] DEBUG:colcon.colcon_installed_package_information.package_discovery:Found 0 installed packages in /home/chotu/Beginner_Tutorials_Ros2/install
[0.246s] DEBUG:colcon.colcon_installed_package_information.package_discovery:Found 388 installed packages in /opt/ros/humble
[0.248s] Level 1:colcon.colcon_core.package_discovery:discover_packages(prefix_path) using defaults
[0.306s] Level 5:colcon.colcon_core.verb:set package 'tutorial_interfaces' build argument 'cmake_args' from command line to 'None'
[0.306s] Level 5:colcon.colcon_core.verb:set package 'tutorial_interfaces' build argument 'cmake_target' from command line to 'None'
[0.306s] Level 5:colcon.colcon_core.verb:set package 'tutorial_interfaces' build argument 'cmake_target_skip_unavailable' from command line to 'False'
[0.306s] Level 5:colcon.colcon_core.verb:set package 'tutorial_interfaces' build argument 'cmake_clean_cache' from command line to 'False'
[0.306s] Level 5:colcon.colcon_core.verb:set package 'tutorial_interfaces' build argument 'cmake_clean_first' from command line to 'False'
[0.306s] Level 5:colcon.colcon_core.verb:set package 'tutorial_interfaces' build argument 'cmake_force_configure' from command line to 'False'
[0.306s] Level 5:colcon.colcon_core.verb:set package 'tutorial_interfaces' build argument 'ament_cmake_args' from command line to 'None'
[0.306s] Level 5:colcon.colcon_core.verb:set package 'tutorial_interfaces' build argument 'catkin_cmake_args' from command line to 'None'
[0.306s] Level 5:colcon.colcon_core.verb:set package 'tutorial_interfaces' build argument 'catkin_skip_building_tests' from command line to 'False'
[0.306s] DEBUG:colcon.colcon_core.verb:Building package 'tutorial_interfaces' with the following arguments: {'ament_cmake_args': None, 'build_base': '/home/chotu/Beginner_Tutorials_Ros2/build/tutorial_interfaces', 'catkin_cmake_args': None, 'catkin_skip_building_tests': False, 'cmake_args': None, 'cmake_clean_cache': False, 'cmake_clean_first': False, 'cmake_force_configure': False, 'cmake_target': None, 'cmake_target_skip_unavailable': False, 'install_base': '/home/chotu/Beginner_Tutorials_Ros2/install/tutorial_interfaces', 'merge_install': False, 'path': '/home/chotu/Beginner_Tutorials_Ros2/src/tutorial_interfaces', 'symlink_install': False, 'test_result_base': None}
[0.307s] Level 5:colcon.colcon_core.verb:set package 'serverpublisher' build argument 'cmake_args' from command line to 'None'
[0.307s] Level 5:colcon.colcon_core.verb:set package 'serverpublisher' build argument 'cmake_target' from command line to 'None'
[0.307s] Level 5:colcon.colcon_core.verb:set package 'serverpublisher' build argument 'cmake_target_skip_unavailable' from command line to 'False'
[0.307s] Level 5:colcon.colcon_core.verb:set package 'serverpublisher' build argument 'cmake_clean_cache' from command line to 'False'
[0.307s] Level 5:colcon.colcon_core.verb:set package 'serverpublisher' build argument 'cmake_clean_first' from command line to 'False'
[0.307s] Level 5:colcon.colcon_core.verb:set package 'serverpublisher' build argument 'cmake_force_configure' from command line to 'False'
[0.307s] Level 5:colcon.colcon_core.verb:set package 'serverpublisher' build argument 'ament_cmake_args' from command line to 'None'
[0.307s] Level 5:colcon.colcon_core.verb:set package 'serverpublisher' build argument 'catkin_cmake_args' from command line to 'None'
[0.307s] Level 5:colcon.colcon_core.verb:set package 'serverpublisher' build argument 'catkin_skip_building_tests' from command line to 'False'
[0.307s] DEBUG:colcon.colcon_core.verb:Building package 'serverpublisher' with the following arguments: {'ament_cmake_args': None, 'build_base': '/home/chotu/Beginner_Tutorials_Ros2/build/serverpublisher', 'catkin_cmake_args': None, 'catkin_skip_building_tests': False, 'cmake_args': None, 'cmake_clean_cache': False, 'cmake_clean_first': False, 'cmake_force_configure': False, 'cmake_target': None, 'cmake_target_skip_unavailable': False, 'install_base': '/home/chotu/Beginner_Tutorials_Ros2/install/serverpublisher', 'merge_install': False, 'path': '/home/chotu/Beginner_Tutorials_Ros2/src/serverpublisher', 'symlink_install': False, 'test_result_base': None}
[0.308s] INFO:colcon.colcon_core.executor:Executing jobs using 'parallel' executor
[0.312s] DEBUG:colcon.colcon_parallel_executor.executor.parallel:run_until_complete
[0.312s] INFO:colcon.colcon_ros.task.ament_cmake.build:Building ROS package in '/home/chotu/Beginner_Tutorials_Ros2/src/tutorial_interfaces' with build type 'ament_cmake'
[0.312s] INFO:colcon.colcon_cmake.task.cmake.build:Building CMake package in '/home/chotu/Beginner_Tutorials_Ros2/src/tutorial_interfaces'
[0.316s] INFO:colcon.colcon_core.plugin_system:Skipping extension 'colcon_core.shell.bat': Not used on non-Windows systems
[0.317s] INFO:colcon.colcon_core.shell:Skip shell extension 'powershell' for command environment: Not usable outside of PowerShell
[0.317s] DEBUG:colcon.colcon_core.shell:Skip shell extension 'dsv' for command environment
[0.329s] DEBUG:colcon.colcon_core.event_handler.log_command:Invoking command in '/home/chotu/Beginner_Tutorials_Ros2/build/tutorial_interfaces': CMAKE_PREFIX_PATH=${CMAKE_PREFIX_PATH}:/opt/ros/humble /usr/bin/cmake /home/chotu/Beginner_Tutorials_Ros2/src/tutorial_interfaces -DCMAKE_INSTALL_PREFIX=/home/chotu/Beginner_Tutorials_Ros2/install/tutorial_interfaces
[1.611s] DEBUG:colcon.colcon_core.event_handler.log_command:Invoked command in '/home/chotu/Beginner_Tutorials_Ros2/build/tutorial_interfaces' returned '0': CMAKE_PREFIX_PATH=${CMAKE_PREFIX_PATH}:/opt/ros/humble /usr/bin/cmake /home/chotu/Beginner_Tutorials_Ros2/src/tutorial_interfaces -DCMAKE_INSTALL_PREFIX=/home/chotu/Beginner_Tutorials_Ros2/install/tutorial_interfaces
[1.613s] DEBUG:colcon.colcon_core.event_handler.log_command:Invoking command in '/home/chotu/Beginner_Tutorials_Ros2/build/tutorial_interfaces': CMAKE_PREFIX_PATH=${CMAKE_PREFIX_PATH}:/opt/ros/humble /usr/bin/cmake --build /home/chotu/Beginner_Tutorials_Ros2/build/tutorial_interfaces -- -j16 -l16
[3.916s] DEBUG:colcon.colcon_core.event_handler.log_command:Invoked command in '/home/chotu/Beginner_Tutorials_Ros2/build/tutorial_interfaces' returned '0': CMAKE_PREFIX_PATH=${CMAKE_PREFIX_PATH}:/opt/ros/humble /usr/bin/cmake --build /home/chotu/Beginner_Tutorials_Ros2/build/tutorial_interfaces -- -j16 -l16
[3.983s] DEBUG:colcon.colcon_core.event_handler.log_command:Invoking command in '/home/chotu/Beginner_Tutorials_Ros2/build/tutorial_interfaces': CMAKE_PREFIX_PATH=${CMAKE_PREFIX_PATH}:/opt/ros/humble /usr/bin/cmake --install /home/chotu/Beginner_Tutorials_Ros2/build/tutorial_interfaces
[4.035s] Level 1:colcon.colcon_core.environment:create_environment_scripts_only(tutorial_interfaces)
[4.035s] DEBUG:colcon.colcon_core.event_handler.log_command:Invoked command in '/home/chotu/Beginner_Tutorials_Ros2/build/tutorial_interfaces' returned '0': CMAKE_PREFIX_PATH=${CMAKE_PREFIX_PATH}:/opt/ros/humble /usr/bin/cmake --install /home/chotu/Beginner_Tutorials_Ros2/build/tutorial_interfaces
[4.039s] Level 1:colcon.colcon_core.environment:checking '/home/chotu/Beginner_Tutorials_Ros2/install/tutorial_interfaces' for CMake module files
[4.039s] Level 1:colcon.colcon_core.environment:checking '/home/chotu/Beginner_Tutorials_Ros2/install/tutorial_interfaces' for CMake config files
[4.040s] Level 1:colcon.colcon_core.shell:create_environment_hook('tutorial_interfaces', 'cmake_prefix_path')
[4.040s] INFO:colcon.colcon_core.shell:Creating environment hook '/home/chotu/Beginner_Tutorials_Ros2/install/tutorial_interfaces/share/tutorial_interfaces/hook/cmake_prefix_path.ps1'
[4.041s] INFO:colcon.colcon_core.shell:Creating environment descriptor '/home/chotu/Beginner_Tutorials_Ros2/install/tutorial_interfaces/share/tutorial_interfaces/hook/cmake_prefix_path.dsv'
[4.041s] INFO:colcon.colcon_core.shell:Creating environment hook '/home/chotu/Beginner_Tutorials_Ros2/install/tutorial_interfaces/share/tutorial_interfaces/hook/cmake_prefix_path.sh'
[4.042s] Level 1:colcon.colcon_core.environment:checking '/home/chotu/Beginner_Tutorials_Ros2/install/tutorial_interfaces/lib'
[4.042s] Level 1:colcon.colcon_core.shell:create_environment_hook('tutorial_interfaces', 'ld_library_path_lib')
[4.043s] INFO:colcon.colcon_core.shell:Creating environment hook '/home/chotu/Beginner_Tutorials_Ros2/install/tutorial_interfaces/share/tutorial_interfaces/hook/ld_library_path_lib.ps1'
[4.043s] INFO:colcon.colcon_core.shell:Creating environment descriptor '/home/chotu/Beginner_Tutorials_Ros2/install/tutorial_interfaces/share/tutorial_interfaces/hook/ld_library_path_lib.dsv'
[4.043s] INFO:colcon.colcon_core.shell:Creating environment hook '/home/chotu/Beginner_Tutorials_Ros2/install/tutorial_interfaces/share/tutorial_interfaces/hook/ld_library_path_lib.sh'
[4.043s] Level 1:colcon.colcon_core.environment:checking '/home/chotu/Beginner_Tutorials_Ros2/install/tutorial_interfaces/bin'
[4.043s] Level 1:colcon.colcon_core.environment:checking '/home/chotu/Beginner_Tutorials_Ros2/install/tutorial_interfaces/lib/pkgconfig/tutorial_interfaces.pc'
[4.043s] Level 1:colcon.colcon_core.environment:checking '/home/chotu/Beginner_Tutorials_Ros2/install/tutorial_interfaces/lib/python3.10/site-packages'
[4.044s] Level 1:colcon.colcon_core.environment:checking '/home/chotu/Beginner_Tutorials_Ros2/install/tutorial_interfaces/bin'
[4.044s] INFO:colcon.colcon_core.shell:Creating package script '/home/chotu/Beginner_Tutorials_Ros2/install/tutorial_interfaces/share/tutorial_interfaces/package.ps1'
[4.045s] INFO:colcon.colcon_core.shell:Creating package descriptor '/home/chotu/Beginner_Tutorials_Ros2/install/tutorial_interfaces/share/tutorial_interfaces/package.dsv'
[4.045s] INFO:colcon.colcon_core.shell:Creating package script '/home/chotu/Beginner_Tutorials_Ros2/install/tutorial_interfaces/share/tutorial_interfaces/package.sh'
[4.046s] INFO:colcon.colcon_core.shell:Creating package script '/home/chotu/Beginner_Tutorials_Ros2/install/tutorial_interfaces/share/tutorial_interfaces/package.bash'
[4.046s] INFO:colcon.colcon_core.shell:Creating package script '/home/chotu/Beginner_Tutorials_Ros2/install/tutorial_interfaces/share/tutorial_interfaces/package.zsh'
[4.047s] Level 1:colcon.colcon_core.environment:create_file_with_runtime_dependencies(/home/chotu/Beginner_Tutorials_Ros2/install/tutorial_interfaces/share/colcon-core/packages/tutorial_interfaces)
[4.110s] Level 1:colcon.colcon_core.environment:create_environment_scripts_only(tutorial_interfaces)
[4.111s] Level 1:colcon.colcon_core.environment:checking '/home/chotu/Beginner_Tutorials_Ros2/install/tutorial_interfaces' for CMake module files
[4.112s] Level 1:colcon.colcon_core.environment:checking '/home/chotu/Beginner_Tutorials_Ros2/install/tutorial_interfaces' for CMake config files
[4.112s] Level 1:colcon.colcon_core.shell:create_environment_hook('tutorial_interfaces', 'cmake_prefix_path')
[4.113s] INFO:colcon.colcon_core.shell:Creating environment hook '/home/chotu/Beginner_Tutorials_Ros2/install/tutorial_interfaces/share/tutorial_interfaces/hook/cmake_prefix_path.ps1'
[4.114s] INFO:colcon.colcon_core.shell:Creating environment descriptor '/home/chotu/Beginner_Tutorials_Ros2/install/tutorial_interfaces/share/tutorial_interfaces/hook/cmake_prefix_path.dsv'
[4.114s] INFO:colcon.colcon_core.shell:Creating environment hook '/home/chotu/Beginner_Tutorials_Ros2/install/tutorial_interfaces/share/tutorial_interfaces/hook/cmake_prefix_path.sh'
[4.114s] Level 1:colcon.colcon_core.environment:checking '/home/chotu/Beginner_Tutorials_Ros2/install/tutorial_interfaces/lib'
[4.114s] Level 1:colcon.colcon_core.shell:create_environment_hook('tutorial_interfaces', 'ld_library_path_lib')
[4.115s] INFO:colcon.colcon_core.shell:Creating environment hook '/home/chotu/Beginner_Tutorials_Ros2/install/tutorial_interfaces/share/tutorial_interfaces/hook/ld_library_path_lib.ps1'
[4.116s] INFO:colcon.colcon_core.shell:Creating environment descriptor '/home/chotu/Beginner_Tutorials_Ros2/install/tutorial_interfaces/share/tutorial_interfaces/hook/ld_library_path_lib.dsv'
[4.116s] INFO:colcon.colcon_core.shell:Creating environment hook '/home/chotu/Beginner_Tutorials_Ros2/install/tutorial_interfaces/share/tutorial_interfaces/hook/ld_library_path_lib.sh'
[4.117s] Level 1:colcon.colcon_core.environment:checking '/home/chotu/Beginner_Tutorials_Ros2/install/tutorial_interfaces/bin'
[4.117s] Level 1:colcon.colcon_core.environment:checking '/home/chotu/Beginner_Tutorials_Ros2/install/tutorial_interfaces/lib/pkgconfig/tutorial_interfaces.pc'
[4.117s] Level 1:colcon.colcon_core.environment:checking '/home/chotu/Beginner_Tutorials_Ros2/install/tutorial_interfaces/lib/python3.10/site-packages'
[4.117s] Level 1:colcon.colcon_core.environment:checking '/home/chotu/Beginner_Tutorials_Ros2/install/tutorial_interfaces/bin'
[4.118s] INFO:colcon.colcon_core.shell:Creating package script '/home/chotu/Beginner_Tutorials_Ros2/install/tutorial_interfaces/share/tutorial_interfaces/package.ps1'
[4.118s] INFO:colcon.colcon_core.shell:Creating package descriptor '/home/chotu/Beginner_Tutorials_Ros2/install/tutorial_interfaces/share/tutorial_interfaces/package.dsv'
[4.119s] INFO:colcon.colcon_core.shell:Creating package script '/home/chotu/Beginner_Tutorials_Ros2/install/tutorial_interfaces/share/tutorial_interfaces/package.sh'
[4.119s] INFO:colcon.colcon_core.shell:Creating package script '/home/chotu/Beginner_Tutorials_Ros2/install/tutorial_interfaces/share/tutorial_interfaces/package.bash'
[4.119s] INFO:colcon.colcon_core.shell:Creating package script '/home/chotu/Beginner_Tutorials_Ros2/install/tutorial_interfaces/share/tutorial_interfaces/package.zsh'
[4.120s] Level 1:colcon.colcon_core.environment:create_file_with_runtime_dependencies(/home/chotu/Beginner_Tutorials_Ros2/install/tutorial_interfaces/share/colcon-core/packages/tutorial_interfaces)
[4.120s] INFO:colcon.colcon_ros.task.ament_cmake.build:Building ROS package in '/home/chotu/Beginner_Tutorials_Ros2/src/serverpublisher' with build type 'ament_cmake'
[4.120s] INFO:colcon.colcon_cmake.task.cmake.build:Building CMake package in '/home/chotu/Beginner_Tutorials_Ros2/src/serverpublisher'
[4.121s] INFO:colcon.colcon_core.shell:Skip shell extension 'powershell' for command environment: Not usable outside of PowerShell
[4.121s] DEBUG:colcon.colcon_core.shell:Skip shell extension 'dsv' for command environment
[4.131s] DEBUG:colcon.colcon_core.event_handler.log_command:Invoking command in '/home/chotu/Beginner_Tutorials_Ros2/build/serverpublisher': CMAKE_PREFIX_PATH=/home/chotu/Beginner_Tutorials_Ros2/install/tutorial_interfaces:/home/chotu/Beginner_Tutorials_Ros2/install/learning_tf2_cpp:/home/chotu/Beginner_Tutorials_Ros2/install/bag_recorder_nodes:/home/chotu/Beginner_Tutorials_Ros2/install/serverpublisher:/opt/ros/humble /usr/bin/cmake /home/chotu/Beginner_Tutorials_Ros2/src/serverpublisher -DCMAKE_INSTALL_PREFIX=/home/chotu/Beginner_Tutorials_Ros2/install/serverpublisher
[5.365s] DEBUG:colcon.colcon_core.event_handler.log_command:Invoked command in '/home/chotu/Beginner_Tutorials_Ros2/build/serverpublisher' returned '0': CMAKE_PREFIX_PATH=/home/chotu/Beginner_Tutorials_Ros2/install/tutorial_interfaces:/home/chotu/Beginner_Tutorials_Ros2/install/learning_tf2_cpp:/home/chotu/Beginner_Tutorials_Ros2/install/bag_recorder_nodes:/home/chotu/Beginner_Tutorials_Ros2/install/serverpublisher:/opt/ros/humble /usr/bin/cmake /home/chotu/Beginner_Tutorials_Ros2/src/serverpublisher -DCMAKE_INSTALL_PREFIX=/home/chotu/Beginner_Tutorials_Ros2/install/serverpublisher
[5.367s] DEBUG:colcon.colcon_core.event_handler.log_command:Invoking command in '/home/chotu/Beginner_Tutorials_Ros2/build/serverpublisher': CMAKE_PREFIX_PATH=/home/chotu/Beginner_Tutorials_Ros2/install/tutorial_interfaces:/home/chotu/Beginner_Tutorials_Ros2/install/learning_tf2_cpp:/home/chotu/Beginner_Tutorials_Ros2/install/bag_recorder_nodes:/home/chotu/Beginner_Tutorials_Ros2/install/serverpublisher:/opt/ros/humble /usr/bin/cmake --build /home/chotu/Beginner_Tutorials_Ros2/build/serverpublisher -- -j16 -l16
[12.843s] DEBUG:colcon.colcon_core.event_handler.log_command:Invoked command in '/home/chotu/Beginner_Tutorials_Ros2/build/serverpublisher' returned '0': CMAKE_PREFIX_PATH=/home/chotu/Beginner_Tutorials_Ros2/install/tutorial_interfaces:/home/chotu/Beginner_Tutorials_Ros2/install/learning_tf2_cpp:/home/chotu/Beginner_Tutorials_Ros2/install/bag_recorder_nodes:/home/chotu/Beginner_Tutorials_Ros2/install/serverpublisher:/opt/ros/humble /usr/bin/cmake --build /home/chotu/Beginner_Tutorials_Ros2/build/serverpublisher -- -j16 -l16
[12.869s] DEBUG:colcon.colcon_core.event_handler.log_command:Invoking command in '/home/chotu/Beginner_Tutorials_Ros2/build/serverpublisher': CMAKE_PREFIX_PATH=/home/chotu/Beginner_Tutorials_Ros2/install/tutorial_interfaces:/home/chotu/Beginner_Tutorials_Ros2/install/learning_tf2_cpp:/home/chotu/Beginner_Tutorials_Ros2/install/bag_recorder_nodes:/home/chotu/Beginner_Tutorials_Ros2/install/serverpublisher:/opt/ros/humble /usr/bin/cmake --install /home/chotu/Beginner_Tutorials_Ros2/build/serverpublisher
[12.886s] Level 1:colcon.colcon_core.environment:create_environment_scripts_only(serverpublisher)
[12.886s] DEBUG:colcon.colcon_core.event_handler.log_command:Invoked command in '/home/chotu/Beginner_Tutorials_Ros2/build/serverpublisher' returned '0': CMAKE_PREFIX_PATH=/home/chotu/Beginner_Tutorials_Ros2/install/tutorial_interfaces:/home/chotu/Beginner_Tutorials_Ros2/install/learning_tf2_cpp:/home/chotu/Beginner_Tutorials_Ros2/install/bag_recorder_nodes:/home/chotu/Beginner_Tutorials_Ros2/install/serverpublisher:/opt/ros/humble /usr/bin/cmake --install /home/chotu/Beginner_Tutorials_Ros2/build/serverpublisher
[12.888s] Level 1:colcon.colcon_core.environment:checking '/home/chotu/Beginner_Tutorials_Ros2/install/serverpublisher' for CMake module files
[12.888s] Level 1:colcon.colcon_core.environment:checking '/home/chotu/Beginner_Tutorials_Ros2/install/serverpublisher' for CMake config files
[12.888s] Level 1:colcon.colcon_core.shell:create_environment_hook('serverpublisher', 'cmake_prefix_path')
[12.889s] INFO:colcon.colcon_core.shell:Creating environment hook '/home/chotu/Beginner_Tutorials_Ros2/install/serverpublisher/share/serverpublisher/hook/cmake_prefix_path.ps1'
[12.890s] INFO:colcon.colcon_core.shell:Creating environment descriptor '/home/chotu/Beginner_Tutorials_Ros2/install/serverpublisher/share/serverpublisher/hook/cmake_prefix_path.dsv'
[12.890s] INFO:colcon.colcon_core.shell:Creating environment hook '/home/chotu/Beginner_Tutorials_Ros2/install/serverpublisher/share/serverpublisher/hook/cmake_prefix_path.sh'
[12.890s] Level 1:colcon.colcon_core.environment:checking '/home/chotu/Beginner_Tutorials_Ros2/install/serverpublisher/lib'
[12.890s] Level 1:colcon.colcon_core.environment:checking '/home/chotu/Beginner_Tutorials_Ros2/install/serverpublisher/bin'
[12.890s] Level 1:colcon.colcon_core.environment:checking '/home/chotu/Beginner_Tutorials_Ros2/install/serverpublisher/lib/pkgconfig/serverpublisher.pc'
[12.890s] Level 1:colcon.colcon_core.environment:checking '/home/chotu/Beginner_Tutorials_Ros2/install/serverpublisher/lib/python3.10/site-packages'
[12.891s] Level 1:colcon.colcon_core.environment:checking '/home/chotu/Beginner_Tutorials_Ros2/install/serverpublisher/bin'
[12.891s] INFO:colcon.colcon_core.shell:Creating package script '/home/chotu/Beginner_Tutorials_Ros2/install/serverpublisher/share/serverpublisher/package.ps1'
[12.892s] INFO:colcon.colcon_core.shell:Creating package descriptor '/home/chotu/Beginner_Tutorials_Ros2/install/serverpublisher/share/serverpublisher/package.dsv'
[12.892s] INFO:colcon.colcon_core.shell:Creating package script '/home/chotu/Beginner_Tutorials_Ros2/install/serverpublisher/share/serverpublisher/package.sh'
[12.892s] INFO:colcon.colcon_core.shell:Creating package script '/home/chotu/Beginner_Tutorials_Ros2/install/serverpublisher/share/serverpublisher/package.bash'
[12.892s] INFO:colcon.colcon_core.shell:Creating package script '/home/chotu/Beginner_Tutorials_Ros2/install/serverpublisher/share/serverpublisher/package.zsh'
[12.893s] Level 1:colcon.colcon_core.environment:create_file_with_runtime_dependencies(/home/chotu/Beginner_Tutorials_Ros2/install/serverpublisher/share/colcon-core/packages/serverpublisher)
[12.914s] Level 1:colcon.colcon_core.environment:create_environment_scripts_only(serverpublisher)
[12.915s] Level 1:colcon.colcon_core.environment:checking '/home/chotu/Beginner_Tutorials_Ros2/install/serverpublisher' for CMake module files
[12.916s] Level 1:colcon.colcon_core.environment:checking '/home/chotu/Beginner_Tutorials_Ros2/install/serverpublisher' for CMake config files
[12.916s] Level 1:colcon.colcon_core.shell:create_environment_hook('serverpublisher', 'cmake_prefix_path')
[12.917s] INFO:colcon.colcon_core.shell:Creating environment hook '/home/chotu/Beginner_Tutorials_Ros2/install/serverpublisher/share/serverpublisher/hook/cmake_prefix_path.ps1'
[12.917s] INFO:colcon.colcon_core.shell:Creating environment descriptor '/home/chotu/Beginner_Tutorials_Ros2/install/serverpublisher/share/serverpublisher/hook/cmake_prefix_path.dsv'
[12.917s] INFO:colcon.colcon_core.shell:Creating environment hook '/home/chotu/Beginner_Tutorials_Ros2/install/serverpublisher/share/serverpublisher/hook/cmake_prefix_path.sh'
[12.918s] Level 1:colcon.colcon_core.environment:checking '/home/chotu/Beginner_Tutorials_Ros2/install/serverpublisher/lib'
[12.918s] Level 1:colcon.colcon_core.environment:checking '/home/chotu/Beginner_Tutorials_Ros2/install/serverpublisher/bin'
[12.918s] Level 1:colcon.colcon_core.environment:checking '/home/chotu/Beginner_Tutorials_Ros2/install/serverpublisher/lib/pkgconfig/serverpublisher.pc'
[12.918s] Level 1:colcon.colcon_core.environment:checking '/home/chotu/Beginner_Tutorials_Ros2/install/serverpublisher/lib/python3.10/site-packages'
[12.918s] Level 1:colcon.colcon_core.environment:checking '/home/chotu/Beginner_Tutorials_Ros2/install/serverpublisher/bin'
[12.919s] INFO:colcon.colcon_core.shell:Creating package script '/home/chotu/Beginner_Tutorials_Ros2/install/serverpublisher/share/serverpublisher/package.ps1'
[12.919s] INFO:colcon.colcon_core.shell:Creating package descriptor '/home/chotu/Beginner_Tutorials_Ros2/install/serverpublisher/share/serverpublisher/package.dsv'
[12.919s] INFO:colcon.colcon_core.shell:Creating package script '/home/chotu/Beginner_Tutorials_Ros2/install/serverpublisher/share/serverpublisher/package.sh'
[12.920s] INFO:colcon.colcon_core.shell:Creating package script '/home/chotu/Beginner_Tutorials_Ros2/install/serverpublisher/share/serverpublisher/package.bash'
[12.920s] INFO:colcon.colcon_core.shell:Creating package script '/home/chotu/Beginner_Tutorials_Ros2/install/serverpublisher/share/serverpublisher/package.zsh'
[12.920s] Level 1:colcon.colcon_core.environment:create_file_with_runtime_dependencies(/home/chotu/Beginner_Tutorials_Ros2/install/serverpublisher/share/colcon-core/packages/serverpublisher)
[12.920s] DEBUG:colcon.colcon_parallel_executor.executor.parallel:closing loop
[12.921s] DEBUG:colcon.colcon_parallel_executor.executor.parallel:loop closed
[12.921s] DEBUG:colcon.colcon_parallel_executor.executor.parallel:run_until_complete finished with '0'
[12.921s] DEBUG:colcon.colcon_core.event_reactor:joining thread
[12.925s] INFO:colcon.colcon_core.plugin_system:Skipping extension 'colcon_notification.desktop_notification.terminal_notifier': Not used on non-Darwin systems
[12.925s] INFO:colcon.colcon_core.plugin_system:Skipping extension 'colcon_notification.desktop_notification.win32': Not used on non-Windows systems
[12.925s] INFO:colcon.colcon_notification.desktop_notification:Sending desktop notification using 'notify2'
[12.936s] DEBUG:colcon.colcon_core.event_reactor:joined thread
[12.938s] INFO:colcon.colcon_core.shell:Creating prefix script '/home/chotu/Beginner_Tutorials_Ros2/install/local_setup.ps1'
[12.939s] INFO:colcon.colcon_core.shell:Creating prefix util module '/home/chotu/Beginner_Tutorials_Ros2/install/_local_setup_util_ps1.py'
[12.940s] INFO:colcon.colcon_core.shell:Creating prefix chain script '/home/chotu/Beginner_Tutorials_Ros2/install/setup.ps1'
[12.941s] INFO:colcon.colcon_core.shell:Creating prefix script '/home/chotu/Beginner_Tutorials_Ros2/install/local_setup.sh'
[12.942s] INFO:colcon.colcon_core.shell:Creating prefix util module '/home/chotu/Beginner_Tutorials_Ros2/install/_local_setup_util_sh.py'
[12.942s] INFO:colcon.colcon_core.shell:Creating prefix chain script '/home/chotu/Beginner_Tutorials_Ros2/install/setup.sh'
[12.943s] INFO:colcon.colcon_core.shell:Creating prefix script '/home/chotu/Beginner_Tutorials_Ros2/install/local_setup.bash'
[12.944s] INFO:colcon.colcon_core.shell:Creating prefix chain script '/home/chotu/Beginner_Tutorials_Ros2/install/setup.bash'
[12.945s] INFO:colcon.colcon_core.shell:Creating prefix script '/home/chotu/Beginner_Tutorials_Ros2/install/local_setup.zsh'
[12.945s] INFO:colcon.colcon_core.shell:Creating prefix chain script '/home/chotu/Beginner_Tutorials_Ros2/install/setup.zsh'
