[3.538s] Invoking command in '/home/sahruday/Documents/Github/Ros2/src/examples/rclpy/guard_conditions': PYTHONPATH=/home/sahruday/Documents/Github/Ros2/install/examples_rclpy_guard_conditions/lib/python3.10/site-packages:${PYTHONPATH} /usr/bin/python3 setup.py egg_info --egg-base ../../../../build/examples_rclpy_guard_conditions build --build-base /home/sahruday/Documents/Github/Ros2/build/examples_rclpy_guard_conditions/build install --prefix /home/sahruday/Documents/Github/Ros2/install/examples_rclpy_guard_conditions --record /home/sahruday/Documents/Github/Ros2/build/examples_rclpy_guard_conditions/install.log --single-version-externally-managed
[5.791s] running egg_info
[5.791s] creating ../../../../build/examples_rclpy_guard_conditions/examples_rclpy_guard_conditions.egg-info
[5.791s] writing ../../../../build/examples_rclpy_guard_conditions/examples_rclpy_guard_conditions.egg-info/PKG-INFO
[5.791s] writing dependency_links to ../../../../build/examples_rclpy_guard_conditions/examples_rclpy_guard_conditions.egg-info/dependency_links.txt
[5.791s] writing entry points to ../../../../build/examples_rclpy_guard_conditions/examples_rclpy_guard_conditions.egg-info/entry_points.txt
[5.791s] writing requirements to ../../../../build/examples_rclpy_guard_conditions/examples_rclpy_guard_conditions.egg-info/requires.txt
[5.791s] writing top-level names to ../../../../build/examples_rclpy_guard_conditions/examples_rclpy_guard_conditions.egg-info/top_level.txt
[5.791s] writing manifest file '../../../../build/examples_rclpy_guard_conditions/examples_rclpy_guard_conditions.egg-info/SOURCES.txt'
[5.791s] reading manifest file '../../../../build/examples_rclpy_guard_conditions/examples_rclpy_guard_conditions.egg-info/SOURCES.txt'
[5.791s] writing manifest file '../../../../build/examples_rclpy_guard_conditions/examples_rclpy_guard_conditions.egg-info/SOURCES.txt'
[5.791s] running build
[5.792s] running build_py
[5.792s] creating /home/sahruday/Documents/Github/Ros2/build/examples_rclpy_guard_conditions/build
[5.792s] creating /home/sahruday/Documents/Github/Ros2/build/examples_rclpy_guard_conditions/build/lib
[5.792s] creating /home/sahruday/Documents/Github/Ros2/build/examples_rclpy_guard_conditions/build/lib/examples_rclpy_guard_conditions
[5.792s] copying examples_rclpy_guard_conditions/trigger_guard_condition.py -> /home/sahruday/Documents/Github/Ros2/build/examples_rclpy_guard_conditions/build/lib/examples_rclpy_guard_conditions
[5.792s] copying examples_rclpy_guard_conditions/__init__.py -> /home/sahruday/Documents/Github/Ros2/build/examples_rclpy_guard_conditions/build/lib/examples_rclpy_guard_conditions
[5.792s] running install
[5.792s] running install_lib
[5.792s] creating /home/sahruday/Documents/Github/Ros2/install/examples_rclpy_guard_conditions/lib/python3.10/site-packages/examples_rclpy_guard_conditions
[5.792s] copying /home/sahruday/Documents/Github/Ros2/build/examples_rclpy_guard_conditions/build/lib/examples_rclpy_guard_conditions/trigger_guard_condition.py -> /home/sahruday/Documents/Github/Ros2/install/examples_rclpy_guard_conditions/lib/python3.10/site-packages/examples_rclpy_guard_conditions
[5.792s] copying /home/sahruday/Documents/Github/Ros2/build/examples_rclpy_guard_conditions/build/lib/examples_rclpy_guard_conditions/__init__.py -> /home/sahruday/Documents/Github/Ros2/install/examples_rclpy_guard_conditions/lib/python3.10/site-packages/examples_rclpy_guard_conditions
[5.792s] byte-compiling /home/sahruday/Documents/Github/Ros2/install/examples_rclpy_guard_conditions/lib/python3.10/site-packages/examples_rclpy_guard_conditions/trigger_guard_condition.py to trigger_guard_condition.cpython-310.pyc
[5.792s] byte-compiling /home/sahruday/Documents/Github/Ros2/install/examples_rclpy_guard_conditions/lib/python3.10/site-packages/examples_rclpy_guard_conditions/__init__.py to __init__.cpython-310.pyc
[5.792s] running install_data
[5.792s] creating /home/sahruday/Documents/Github/Ros2/install/examples_rclpy_guard_conditions/share/ament_index
[5.793s] creating /home/sahruday/Documents/Github/Ros2/install/examples_rclpy_guard_conditions/share/ament_index/resource_index
[5.793s] creating /home/sahruday/Documents/Github/Ros2/install/examples_rclpy_guard_conditions/share/ament_index/resource_index/packages
[5.793s] copying resource/examples_rclpy_guard_conditions -> /home/sahruday/Documents/Github/Ros2/install/examples_rclpy_guard_conditions/share/ament_index/resource_index/packages
[5.793s] copying package.xml -> /home/sahruday/Documents/Github/Ros2/install/examples_rclpy_guard_conditions/share/examples_rclpy_guard_conditions
[5.793s] running install_egg_info
[5.793s] Copying ../../../../build/examples_rclpy_guard_conditions/examples_rclpy_guard_conditions.egg-info to /home/sahruday/Documents/Github/Ros2/install/examples_rclpy_guard_conditions/lib/python3.10/site-packages/examples_rclpy_guard_conditions-0.15.0-py3.10.egg-info
[5.793s] running install_scripts
[5.793s] Installing trigger_guard_condition script to /home/sahruday/Documents/Github/Ros2/install/examples_rclpy_guard_conditions/lib/examples_rclpy_guard_conditions
[5.793s] writing list of installed files to '/home/sahruday/Documents/Github/Ros2/build/examples_rclpy_guard_conditions/install.log'
[5.793s] /usr/lib/python3/dist-packages/setuptools/command/install.py:34: SetuptoolsDeprecationWarning: setup.py install is deprecated. Use build and pip and other standards-based tools.
[5.793s]   warnings.warn(
[6.011s] Invoked command in '/home/sahruday/Documents/Github/Ros2/src/examples/rclpy/guard_conditions' returned '0': PYTHONPATH=/home/sahruday/Documents/Github/Ros2/install/examples_rclpy_guard_conditions/lib/python3.10/site-packages:${PYTHONPATH} /usr/bin/python3 setup.py egg_info --egg-base ../../../../build/examples_rclpy_guard_conditions build --build-base /home/sahruday/Documents/Github/Ros2/build/examples_rclpy_guard_conditions/build install --prefix /home/sahruday/Documents/Github/Ros2/install/examples_rclpy_guard_conditions --record /home/sahruday/Documents/Github/Ros2/build/examples_rclpy_guard_conditions/install.log --single-version-externally-managed
