[0.000000] (-) TimerEvent: {}
[0.000506] (serverpublisher) JobQueued: {'identifier': 'serverpublisher', 'dependencies': OrderedDict()}
[0.000532] (serverpublisher) JobStarted: {'identifier': 'serverpublisher'}
[0.007958] (serverpublisher) JobProgress: {'identifier': 'serverpublisher', 'progress': 'cmake'}
[0.008194] (serverpublisher) Command: {'cmd': ['/usr/bin/cmake', '/home/chotu/Beginner_Tutorials_Ros2', '-DCMAKE_BUILD_TYPE=Debug', '-DCMAKE_CXX_FLAGS=--coverage', '-DCMAKE_CXX_OUTPUT_EXTENSION_REPLACE=ON', '-DARG_CONFIG_FILE=/home/chotu/uncrustify_google_cpp_allman.cfg', '-DCMAKE_INSTALL_PREFIX=/home/chotu/Beginner_Tutorials_Ros2/install/serverpublisher'], 'cwd': '/home/chotu/Beginner_Tutorials_Ros2/build/serverpublisher', 'env': OrderedDict([('USER', 'chotu'), ('XDG_SESSION_TYPE', 'x11'), ('SHLVL', '1'), ('LD_LIBRARY_PATH', '/usr/lib/x86_64-linux-gnu/gazebo-11/plugins:/opt/ros/humble/opt/rviz_ogre_vendor/lib:/opt/ros/humble/lib/x86_64-linux-gnu:/opt/ros/humble/lib'), ('HOME', '/home/chotu'), ('OLDPWD', '/home/chotu'), ('DESKTOP_SESSION', 'ubuntu'), ('ROS_PYTHON_VERSION', '3'), ('GNOME_SHELL_SESSION_MODE', 'ubuntu'), ('GTK_MODULES', 'gail:atk-bridge'), ('SYSTEMD_EXEC_PID', '2746'), ('DBUS_SESSION_BUS_ADDRESS', 'unix:path=/run/user/1000/bus'), ('COLORTERM', 'truecolor'), ('_colcon_cd_root', '/opt/ros/humble/'), ('ROS_DISTRO', 'humble'), ('LOGNAME', 'chotu'), ('_', '/usr/bin/colcon'), ('ROS_VERSION', '2'), ('XDG_SESSION_CLASS', 'user'), ('USERNAME', 'chotu'), ('TERM', 'xterm-256color'), ('GNOME_DESKTOP_SESSION_ID', 'this-is-deprecated'), ('ROS_LOCALHOST_ONLY', '1'), ('WINDOWPATH', '2'), ('PATH', '/opt/ros/humble/bin:/usr/local/sbin:/usr/local/bin:/usr/sbin:/usr/bin:/sbin:/bin:/usr/games:/usr/local/games:/snap/bin:/snap/bin'), ('SESSION_MANAGER', 'local/chotu25:@/tmp/.ICE-unix/2484,unix/chotu25:/tmp/.ICE-unix/2484'), ('XDG_MENU_PREFIX', 'gnome-'), ('GNOME_TERMINAL_SCREEN', '/org/gnome/Terminal/screen/0e008e94_72fb_4fcc_8663_b45e969db978'), ('XDG_RUNTIME_DIR', '/run/user/1000'), ('DISPLAY', ':0'), ('LANG', 'en_US.UTF-8'), ('XDG_CURRENT_DESKTOP', 'ubuntu:GNOME'), ('XMODIFIERS', '@im=ibus'), ('XDG_SESSION_DESKTOP', 'ubuntu'), ('XAUTHORITY', '/run/user/1000/gdm/Xauthority'), ('GNOME_TERMINAL_SERVICE', ':1.97'), ('SSH_AGENT_LAUNCHER', 'gnome-keyring'), ('SSH_AUTH_SOCK', '/run/user/1000/keyring/ssh'), ('AMENT_PREFIX_PATH', '/opt/ros/humble'), ('SHELL', '/bin/bash'), ('QT_ACCESSIBILITY', '1'), ('GDMSESSION', 'ubuntu'), ('GPG_AGENT_INFO', '/run/user/1000/gnupg/S.gpg-agent:0:1'), ('QT_IM_MODULE', 'ibus'), ('PWD', '/home/chotu/Beginner_Tutorials_Ros2/build/serverpublisher'), ('LC_ALL', 'en_US.UTF-8'), ('XDG_CONFIG_DIRS', '/etc/xdg/xdg-ubuntu:/etc/xdg'), ('XDG_DATA_DIRS', '/usr/share/ubuntu:/usr/share/gnome:/usr/local/share/:/usr/share/:/var/lib/snapd/desktop'), ('PYTHONPATH', '/opt/ros/humble/lib/python3.10/site-packages:/opt/ros/humble/local/lib/python3.10/dist-packages'), ('COLCON', '1'), ('VTE_VERSION', '6800'), ('CMAKE_PREFIX_PATH', '/opt/ros/humble')]), 'shell': False}
[0.087685] (serverpublisher) StdoutLine: {'line': b'-- The C compiler identification is GNU 11.3.0\n'}
[0.099300] (-) TimerEvent: {}
[0.152036] (serverpublisher) StdoutLine: {'line': b'-- The CXX compiler identification is GNU 11.3.0\n'}
[0.158714] (serverpublisher) StdoutLine: {'line': b'-- Detecting C compiler ABI info\n'}
[0.198758] (serverpublisher) StdoutLine: {'line': b'-- Detecting C compiler ABI info - done\n'}
[0.199373] (-) TimerEvent: {}
[0.203905] (serverpublisher) StdoutLine: {'line': b'-- Check for working C compiler: /usr/bin/cc - skipped\n'}
[0.204000] (serverpublisher) StdoutLine: {'line': b'-- Detecting C compile features\n'}
[0.204189] (serverpublisher) StdoutLine: {'line': b'-- Detecting C compile features - done\n'}
[0.206520] (serverpublisher) StdoutLine: {'line': b'-- Detecting CXX compiler ABI info\n'}
[0.249039] (serverpublisher) StdoutLine: {'line': b'-- Detecting CXX compiler ABI info - done\n'}
[0.254027] (serverpublisher) StdoutLine: {'line': b'-- Check for working CXX compiler: /usr/bin/c++ - skipped\n'}
[0.254217] (serverpublisher) StdoutLine: {'line': b'-- Detecting CXX compile features\n'}
[0.254544] (serverpublisher) StdoutLine: {'line': b'-- Detecting CXX compile features - done\n'}
[0.258326] (serverpublisher) StdoutLine: {'line': b'-- Found ament_cmake: 1.3.3 (/opt/ros/humble/share/ament_cmake/cmake)\n'}
[0.299470] (-) TimerEvent: {}
[0.369925] (serverpublisher) StdoutLine: {'line': b'-- Found Python3: /usr/bin/python3.10 (found version "3.10.6") found components: Interpreter \n'}
[0.399560] (-) TimerEvent: {}
[0.431444] (serverpublisher) StdoutLine: {'line': b'-- Found rclcpp: 16.0.2 (/opt/ros/humble/share/rclcpp/cmake)\n'}
[0.473270] (serverpublisher) StdoutLine: {'line': b'-- Found rosidl_generator_c: 3.1.4 (/opt/ros/humble/share/rosidl_generator_c/cmake)\n'}
[0.477177] (serverpublisher) StdoutLine: {'line': b'-- Found rosidl_adapter: 3.1.4 (/opt/ros/humble/share/rosidl_adapter/cmake)\n'}
[0.485387] (serverpublisher) StdoutLine: {'line': b'-- Found rosidl_generator_cpp: 3.1.4 (/opt/ros/humble/share/rosidl_generator_cpp/cmake)\n'}
[0.497234] (serverpublisher) StdoutLine: {'line': b'-- Using all available rosidl_typesupport_c: rosidl_typesupport_fastrtps_c;rosidl_typesupport_introspection_c\n'}
[0.499632] (-) TimerEvent: {}
[0.512536] (serverpublisher) StdoutLine: {'line': b'-- Using all available rosidl_typesupport_cpp: rosidl_typesupport_fastrtps_cpp;rosidl_typesupport_introspection_cpp\n'}
[0.563414] (serverpublisher) StdoutLine: {'line': b'-- Found rmw_implementation_cmake: 6.1.1 (/opt/ros/humble/share/rmw_implementation_cmake/cmake)\n'}
[0.565698] (serverpublisher) StdoutLine: {'line': b'-- Found rmw_fastrtps_cpp: 6.2.2 (/opt/ros/humble/share/rmw_fastrtps_cpp/cmake)\n'}
[0.599711] (-) TimerEvent: {}
[0.627534] (serverpublisher) StdoutLine: {'line': b'-- Found OpenSSL: /usr/lib/x86_64-linux-gnu/libcrypto.so (found version "3.0.2")  \n'}
[0.646810] (serverpublisher) StdoutLine: {'line': b'-- Found FastRTPS: /opt/ros/humble/include  \n'}
[0.676170] (serverpublisher) StdoutLine: {'line': b"-- Using RMW implementation 'rmw_fastrtps_cpp' as default\n"}
[0.683973] (serverpublisher) StdoutLine: {'line': b'-- Looking for pthread.h\n'}
[0.699817] (-) TimerEvent: {}
[0.734019] (serverpublisher) StdoutLine: {'line': b'-- Looking for pthread.h - found\n'}
[0.734302] (serverpublisher) StdoutLine: {'line': b'-- Performing Test CMAKE_HAVE_LIBC_PTHREAD\n'}
[0.785721] (serverpublisher) StdoutLine: {'line': b'-- Performing Test CMAKE_HAVE_LIBC_PTHREAD - Success\n'}
[0.786400] (serverpublisher) StdoutLine: {'line': b'-- Found Threads: TRUE  \n'}
[0.799884] (-) TimerEvent: {}
[0.899712] (serverpublisher) StdoutLine: {'line': b'-- Found tf2: 0.25.1 (/opt/ros/humble/share/tf2/cmake)\n'}
[0.899963] (-) TimerEvent: {}
[0.944933] (serverpublisher) StdoutLine: {'line': b'-- Found tf2_ros: 0.25.1 (/opt/ros/humble/share/tf2_ros/cmake)\n'}
[1.000044] (-) TimerEvent: {}
[1.100211] (-) TimerEvent: {}
[1.179113] (serverpublisher) StdoutLine: {'line': b'-- Found turtlesim: 1.4.2 (/opt/ros/humble/share/turtlesim/cmake)\n'}
[1.200286] (-) TimerEvent: {}
[1.214819] (serverpublisher) StdoutLine: {'line': b'-- Found rosidl_default_generators: 1.2.0 (/opt/ros/humble/share/rosidl_default_generators/cmake)\n'}
[1.300849] (-) TimerEvent: {}
[1.401094] (-) TimerEvent: {}
[1.436689] (serverpublisher) StdoutLine: {'line': b'-- Found ament_cmake_ros: 0.10.0 (/opt/ros/humble/share/ament_cmake_ros/cmake)\n'}
[1.501191] (-) TimerEvent: {}
[1.601418] (-) TimerEvent: {}
[1.701683] (-) TimerEvent: {}
[1.704824] (serverpublisher) StdoutLine: {'line': b'-- Using all available rosidl_typesupport_c: rosidl_typesupport_fastrtps_c;rosidl_typesupport_introspection_c\n'}
[1.801784] (-) TimerEvent: {}
[1.817030] (serverpublisher) StdoutLine: {'line': b'-- Using all available rosidl_typesupport_cpp: rosidl_typesupport_fastrtps_cpp;rosidl_typesupport_introspection_cpp\n'}
[1.833274] (serverpublisher) StdoutLine: {'line': b'-- Found PythonInterp: /usr/bin/python3 (found suitable version "3.10.6", minimum required is "3.6") \n'}
[1.834513] (serverpublisher) StdoutLine: {'line': b'-- Found python_cmake_module: 0.10.0 (/opt/ros/humble/share/python_cmake_module/cmake)\n'}
[1.854953] (serverpublisher) StdoutLine: {'line': b'-- Found PythonLibs: /usr/lib/x86_64-linux-gnu/libpython3.10.so (found suitable version "3.10.6", minimum required is "3.5") \n'}
[1.855118] (serverpublisher) StdoutLine: {'line': b'-- Using PYTHON_EXECUTABLE: /usr/bin/python3\n'}
[1.855172] (serverpublisher) StdoutLine: {'line': b'-- Using PYTHON_INCLUDE_DIRS: /usr/include/python3.10\n'}
[1.855218] (serverpublisher) StdoutLine: {'line': b'-- Using PYTHON_LIBRARIES: /usr/lib/x86_64-linux-gnu/libpython3.10.so\n'}
[1.869873] (serverpublisher) StdoutLine: {'line': b'-- Found PythonExtra: .so  \n'}
[1.901861] (-) TimerEvent: {}
[1.908972] (serverpublisher) StdoutLine: {'line': b'-- Found ament_lint_auto: 0.12.4 (/opt/ros/humble/share/ament_lint_auto/cmake)\n'}
[1.920889] (serverpublisher) StdoutLine: {'line': b"-- Found gtest sources under '/opt/ros/humble/src/gtest_vendor': C++ tests using 'Google Test' will be built\n"}
[1.958235] (serverpublisher) StdoutLine: {'line': b"-- Added test 'pep257' to check Python code against some of the docstring style conventions in PEP 257\n"}
[1.959349] (serverpublisher) StdoutLine: {'line': b'-- Configuring done\n'}
[1.998090] (serverpublisher) StdoutLine: {'line': b'-- Generating done\n'}
[2.000153] (serverpublisher) StderrLine: {'line': b'\x1b[33mCMake Warning:\n'}
[2.000263] (serverpublisher) StderrLine: {'line': b'  Manually-specified variables were not used by the project:\n'}
[2.000332] (serverpublisher) StderrLine: {'line': b'\n'}
[2.000400] (serverpublisher) StderrLine: {'line': b'    ARG_CONFIG_FILE\n'}
[2.000444] (serverpublisher) StderrLine: {'line': b'\n'}
[2.000491] (serverpublisher) StderrLine: {'line': b'\x1b[0m\n'}
[2.000564] (serverpublisher) StdoutLine: {'line': b'-- Build files have been written to: /home/chotu/Beginner_Tutorials_Ros2/build/serverpublisher\n'}
[2.001934] (-) TimerEvent: {}
[2.009788] (serverpublisher) CommandEnded: {'returncode': 0}
[2.010294] (serverpublisher) JobProgress: {'identifier': 'serverpublisher', 'progress': 'build'}
[2.011370] (serverpublisher) Command: {'cmd': ['/usr/bin/cmake', '--build', '/home/chotu/Beginner_Tutorials_Ros2/build/serverpublisher', '--', '-j16', '-l16'], 'cwd': '/home/chotu/Beginner_Tutorials_Ros2/build/serverpublisher', 'env': OrderedDict([('USER', 'chotu'), ('XDG_SESSION_TYPE', 'x11'), ('SHLVL', '1'), ('LD_LIBRARY_PATH', '/usr/lib/x86_64-linux-gnu/gazebo-11/plugins:/opt/ros/humble/opt/rviz_ogre_vendor/lib:/opt/ros/humble/lib/x86_64-linux-gnu:/opt/ros/humble/lib'), ('HOME', '/home/chotu'), ('OLDPWD', '/home/chotu'), ('DESKTOP_SESSION', 'ubuntu'), ('ROS_PYTHON_VERSION', '3'), ('GNOME_SHELL_SESSION_MODE', 'ubuntu'), ('GTK_MODULES', 'gail:atk-bridge'), ('SYSTEMD_EXEC_PID', '2746'), ('DBUS_SESSION_BUS_ADDRESS', 'unix:path=/run/user/1000/bus'), ('COLORTERM', 'truecolor'), ('_colcon_cd_root', '/opt/ros/humble/'), ('ROS_DISTRO', 'humble'), ('LOGNAME', 'chotu'), ('_', '/usr/bin/colcon'), ('ROS_VERSION', '2'), ('XDG_SESSION_CLASS', 'user'), ('USERNAME', 'chotu'), ('TERM', 'xterm-256color'), ('GNOME_DESKTOP_SESSION_ID', 'this-is-deprecated'), ('ROS_LOCALHOST_ONLY', '1'), ('WINDOWPATH', '2'), ('PATH', '/opt/ros/humble/bin:/usr/local/sbin:/usr/local/bin:/usr/sbin:/usr/bin:/sbin:/bin:/usr/games:/usr/local/games:/snap/bin:/snap/bin'), ('SESSION_MANAGER', 'local/chotu25:@/tmp/.ICE-unix/2484,unix/chotu25:/tmp/.ICE-unix/2484'), ('XDG_MENU_PREFIX', 'gnome-'), ('GNOME_TERMINAL_SCREEN', '/org/gnome/Terminal/screen/0e008e94_72fb_4fcc_8663_b45e969db978'), ('XDG_RUNTIME_DIR', '/run/user/1000'), ('DISPLAY', ':0'), ('LANG', 'en_US.UTF-8'), ('XDG_CURRENT_DESKTOP', 'ubuntu:GNOME'), ('XMODIFIERS', '@im=ibus'), ('XDG_SESSION_DESKTOP', 'ubuntu'), ('XAUTHORITY', '/run/user/1000/gdm/Xauthority'), ('GNOME_TERMINAL_SERVICE', ':1.97'), ('SSH_AGENT_LAUNCHER', 'gnome-keyring'), ('SSH_AUTH_SOCK', '/run/user/1000/keyring/ssh'), ('AMENT_PREFIX_PATH', '/opt/ros/humble'), ('SHELL', '/bin/bash'), ('QT_ACCESSIBILITY', '1'), ('GDMSESSION', 'ubuntu'), ('GPG_AGENT_INFO', '/run/user/1000/gnupg/S.gpg-agent:0:1'), ('QT_IM_MODULE', 'ibus'), ('PWD', '/home/chotu/Beginner_Tutorials_Ros2/build/serverpublisher'), ('LC_ALL', 'en_US.UTF-8'), ('XDG_CONFIG_DIRS', '/etc/xdg/xdg-ubuntu:/etc/xdg'), ('XDG_DATA_DIRS', '/usr/share/ubuntu:/usr/share/gnome:/usr/local/share/:/usr/share/:/var/lib/snapd/desktop'), ('PYTHONPATH', '/opt/ros/humble/lib/python3.10/site-packages:/opt/ros/humble/local/lib/python3.10/dist-packages'), ('COLCON', '1'), ('VTE_VERSION', '6800'), ('CMAKE_PREFIX_PATH', '/opt/ros/humble')]), 'shell': False}
[2.040252] (serverpublisher) StdoutLine: {'line': b'[  1%] \x1b[34m\x1b[1mGenerating C code for ROS interfaces\x1b[0m\n'}
[2.045300] (serverpublisher) StdoutLine: {'line': b'[  3%] \x1b[32mBuilding CXX object gtest/CMakeFiles/gtest_main.dir/src/gtest_main.o\x1b[0m\n'}
[2.045513] (serverpublisher) StdoutLine: {'line': b'[  3%] \x1b[32mBuilding CXX object gtest/CMakeFiles/gtest.dir/src/gtest-all.o\x1b[0m\n'}
[2.045580] (serverpublisher) StdoutLine: {'line': b'[  5%] \x1b[34m\x1b[1mGenerating C++ code for ROS interfaces\x1b[0m\n'}
[2.050208] (serverpublisher) StdoutLine: {'line': b'[  5%] Built target ament_cmake_python_copy_serverpublisher\n'}
[2.102081] (-) TimerEvent: {}
[2.202465] (-) TimerEvent: {}
[2.215614] (serverpublisher) StdoutLine: {'line': b'running egg_info\n'}
[2.216023] (serverpublisher) StdoutLine: {'line': b'creating serverpublisher.egg-info\n'}
[2.216175] (serverpublisher) StdoutLine: {'line': b'writing serverpublisher.egg-info/PKG-INFO\n'}
[2.216290] (serverpublisher) StdoutLine: {'line': b'writing dependency_links to serverpublisher.egg-info/dependency_links.txt\n'}
[2.216418] (serverpublisher) StdoutLine: {'line': b'writing top-level names to serverpublisher.egg-info/top_level.txt\n'}
[2.216535] (serverpublisher) StdoutLine: {'line': b"writing manifest file 'serverpublisher.egg-info/SOURCES.txt'\n"}
[2.218180] (serverpublisher) StdoutLine: {'line': b"reading manifest file 'serverpublisher.egg-info/SOURCES.txt'\n"}
[2.218499] (serverpublisher) StdoutLine: {'line': b"writing manifest file 'serverpublisher.egg-info/SOURCES.txt'\n"}
[2.242405] (serverpublisher) StdoutLine: {'line': b'[  5%] Built target ament_cmake_python_build_serverpublisher_egg\n'}
[2.302571] (-) TimerEvent: {}
[2.343498] (serverpublisher) StdoutLine: {'line': b'[  5%] Built target serverpublisher__cpp\n'}
[2.350011] (serverpublisher) StdoutLine: {'line': b'[  8%] \x1b[34m\x1b[1mGenerating C++ type support dispatch for ROS interfaces\x1b[0m\n'}
[2.350273] (serverpublisher) StdoutLine: {'line': b'[  8%] \x1b[34m\x1b[1mGenerating C++ introspection for ROS interfaces\x1b[0m\n'}
[2.350344] (serverpublisher) StdoutLine: {'line': b'[  8%] \x1b[34m\x1b[1mGenerating C++ type support for eProsima Fast-RTPS\x1b[0m\n'}
[2.381044] (serverpublisher) StdoutLine: {'line': b'[ 15%] \x1b[32mBuilding C object CMakeFiles/serverpublisher__rosidl_generator_c.dir/rosidl_generator_c/serverpublisher/srv/detail/add_three_ints__functions.c.o\x1b[0m\n'}
[2.381310] (serverpublisher) StdoutLine: {'line': b'[ 15%] \x1b[32mBuilding C object CMakeFiles/serverpublisher__rosidl_generator_c.dir/rosidl_generator_c/serverpublisher/msg/detail/sphere__functions.c.o\x1b[0m\n'}
[2.381457] (serverpublisher) StdoutLine: {'line': b'[ 15%] \x1b[32mBuilding C object CMakeFiles/serverpublisher__rosidl_generator_c.dir/rosidl_generator_c/serverpublisher/srv/detail/change_string__functions.c.o\x1b[0m\n'}
[2.381586] (serverpublisher) StdoutLine: {'line': b'[ 15%] \x1b[32mBuilding C object CMakeFiles/serverpublisher__rosidl_generator_c.dir/rosidl_generator_c/serverpublisher/msg/detail/num__functions.c.o\x1b[0m\n'}
[2.381690] (serverpublisher) StdoutLine: {'line': b'[ 15%] \x1b[32mBuilding C object CMakeFiles/serverpublisher__rosidl_generator_c.dir/rosidl_generator_c/serverpublisher/msg/detail/data__functions.c.o\x1b[0m\n'}
[2.402705] (-) TimerEvent: {}
[2.421820] (serverpublisher) StdoutLine: {'line': b'[ 16%] \x1b[32m\x1b[1mLinking C shared library libserverpublisher__rosidl_generator_c.so\x1b[0m\n'}
[2.446195] (serverpublisher) StdoutLine: {'line': b'[ 16%] Built target serverpublisher__rosidl_generator_c\n'}
[2.452431] (serverpublisher) StdoutLine: {'line': b'[ 20%] \x1b[34m\x1b[1mGenerating C introspection for ROS interfaces\x1b[0m\n'}
[2.452627] (serverpublisher) StdoutLine: {'line': b'[ 20%] \x1b[34m\x1b[1mGenerating C type support dispatch for ROS interfaces\x1b[0m\n'}
[2.452724] (serverpublisher) StdoutLine: {'line': b'[ 20%] \x1b[34m\x1b[1mGenerating C type support for eProsima Fast-RTPS\x1b[0m\n'}
[2.502786] (-) TimerEvent: {}
[2.583799] (serverpublisher) StdoutLine: {'line': b'[ 22%] \x1b[32mBuilding CXX object CMakeFiles/serverpublisher__rosidl_typesupport_cpp.dir/rosidl_typesupport_cpp/serverpublisher/msg/sphere__type_support.o\x1b[0m\n'}
[2.584024] (serverpublisher) StdoutLine: {'line': b'[ 22%] \x1b[32mBuilding CXX object CMakeFiles/serverpublisher__rosidl_typesupport_cpp.dir/rosidl_typesupport_cpp/serverpublisher/msg/num__type_support.o\x1b[0m\n'}
[2.584533] (serverpublisher) StdoutLine: {'line': b'[ 24%] \x1b[32mBuilding CXX object CMakeFiles/serverpublisher__rosidl_typesupport_cpp.dir/rosidl_typesupport_cpp/serverpublisher/msg/data__type_support.o\x1b[0m\n'}
[2.584690] (serverpublisher) StdoutLine: {'line': b'[ 25%] \x1b[32mBuilding CXX object CMakeFiles/serverpublisher__rosidl_typesupport_cpp.dir/rosidl_typesupport_cpp/serverpublisher/srv/add_three_ints__type_support.o\x1b[0m\n'}
[2.584857] (serverpublisher) StdoutLine: {'line': b'[ 26%] \x1b[32mBuilding CXX object CMakeFiles/serverpublisher__rosidl_typesupport_cpp.dir/rosidl_typesupport_cpp/serverpublisher/srv/change_string__type_support.o\x1b[0m\n'}
[2.602898] (-) TimerEvent: {}
[2.685947] (serverpublisher) StdoutLine: {'line': b'[ 32%] \x1b[32mBuilding CXX object CMakeFiles/serverpublisher__rosidl_typesupport_c.dir/rosidl_typesupport_c/serverpublisher/msg/sphere__type_support.o\x1b[0m\n'}
[2.686261] (serverpublisher) StdoutLine: {'line': b'[ 32%] \x1b[32mBuilding CXX object CMakeFiles/serverpublisher__rosidl_typesupport_c.dir/rosidl_typesupport_c/serverpublisher/srv/change_string__type_support.o\x1b[0m\n'}
[2.686491] (serverpublisher) StdoutLine: {'line': b'[ 32%] \x1b[32mBuilding CXX object CMakeFiles/serverpublisher__rosidl_typesupport_c.dir/rosidl_typesupport_c/serverpublisher/msg/data__type_support.o\x1b[0m\n'}
[2.686634] (serverpublisher) StdoutLine: {'line': b'[ 32%] \x1b[32mBuilding CXX object CMakeFiles/serverpublisher__rosidl_typesupport_c.dir/rosidl_typesupport_c/serverpublisher/msg/num__type_support.o\x1b[0m\n'}
[2.686755] (serverpublisher) StdoutLine: {'line': b'[ 32%] \x1b[32mBuilding CXX object CMakeFiles/serverpublisher__rosidl_typesupport_c.dir/rosidl_typesupport_c/serverpublisher/srv/add_three_ints__type_support.o\x1b[0m\n'}
[2.703015] (-) TimerEvent: {}
[2.719066] (serverpublisher) StdoutLine: {'line': b'[ 34%] \x1b[32m\x1b[1mLinking CXX shared library libserverpublisher__rosidl_typesupport_c.so\x1b[0m\n'}
[2.745735] (serverpublisher) StdoutLine: {'line': b'[ 40%] \x1b[32mBuilding CXX object CMakeFiles/serverpublisher__rosidl_typesupport_fastrtps_cpp.dir/rosidl_typesupport_fastrtps_cpp/serverpublisher/srv/detail/dds_fastrtps/change_string__type_support.o\x1b[0m\n'}
[2.746096] (serverpublisher) StdoutLine: {'line': b'[ 40%] \x1b[32mBuilding CXX object CMakeFiles/serverpublisher__rosidl_typesupport_fastrtps_cpp.dir/rosidl_typesupport_fastrtps_cpp/serverpublisher/srv/detail/dds_fastrtps/add_three_ints__type_support.o\x1b[0m\n'}
[2.746282] (serverpublisher) StdoutLine: {'line': b'[ 40%] \x1b[32mBuilding CXX object CMakeFiles/serverpublisher__rosidl_typesupport_fastrtps_cpp.dir/rosidl_typesupport_fastrtps_cpp/serverpublisher/msg/detail/dds_fastrtps/sphere__type_support.o\x1b[0m\n'}
[2.746534] (serverpublisher) StdoutLine: {'line': b'[ 40%] \x1b[32mBuilding CXX object CMakeFiles/serverpublisher__rosidl_typesupport_fastrtps_cpp.dir/rosidl_typesupport_fastrtps_cpp/serverpublisher/msg/detail/dds_fastrtps/num__type_support.o\x1b[0m\n'}
[2.746683] (serverpublisher) StdoutLine: {'line': b'[ 40%] \x1b[32mBuilding CXX object CMakeFiles/serverpublisher__rosidl_typesupport_fastrtps_cpp.dir/rosidl_typesupport_fastrtps_cpp/serverpublisher/msg/detail/dds_fastrtps/data__type_support.o\x1b[0m\n'}
[2.781663] (serverpublisher) StdoutLine: {'line': b'[ 40%] Built target serverpublisher__rosidl_typesupport_c\n'}
[2.803179] (-) TimerEvent: {}
[2.839160] (serverpublisher) StdoutLine: {'line': b'[ 43%] \x1b[32mBuilding C object CMakeFiles/serverpublisher__rosidl_typesupport_introspection_c.dir/rosidl_typesupport_introspection_c/serverpublisher/msg/detail/num__type_support.c.o\x1b[0m\n'}
[2.839512] (serverpublisher) StdoutLine: {'line': b'[ 43%] \x1b[32mBuilding C object CMakeFiles/serverpublisher__rosidl_typesupport_introspection_c.dir/rosidl_typesupport_introspection_c/serverpublisher/msg/detail/sphere__type_support.c.o\x1b[0m\n'}
[2.862944] (serverpublisher) StdoutLine: {'line': b'[ 44%] \x1b[32mBuilding CXX object CMakeFiles/serverpublisher__rosidl_typesupport_fastrtps_c.dir/rosidl_typesupport_fastrtps_c/serverpublisher/msg/detail/num__type_support_c.o\x1b[0m\n'}
[2.880040] (serverpublisher) StdoutLine: {'line': b'[ 45%] \x1b[32mBuilding C object CMakeFiles/serverpublisher__rosidl_typesupport_introspection_c.dir/rosidl_typesupport_introspection_c/serverpublisher/msg/detail/data__type_support.c.o\x1b[0m\n'}
[2.889135] (serverpublisher) StdoutLine: {'line': b'[ 48%] \x1b[32mBuilding C object CMakeFiles/serverpublisher__rosidl_typesupport_introspection_c.dir/rosidl_typesupport_introspection_c/serverpublisher/srv/detail/add_three_ints__type_support.c.o\x1b[0m\n'}
[2.889520] (serverpublisher) StdoutLine: {'line': b'[ 48%] \x1b[32m\x1b[1mLinking CXX static library libgtest_main.a\x1b[0m\n'}
[2.903310] (-) TimerEvent: {}
[2.924297] (serverpublisher) StdoutLine: {'line': b'[ 49%] \x1b[32mBuilding CXX object CMakeFiles/serverpublisher__rosidl_typesupport_introspection_cpp.dir/rosidl_typesupport_introspection_cpp/serverpublisher/msg/detail/num__type_support.o\x1b[0m\n'}
[2.924726] (serverpublisher) StdoutLine: {'line': b'[ 50%] \x1b[32mBuilding C object CMakeFiles/serverpublisher__rosidl_typesupport_introspection_c.dir/rosidl_typesupport_introspection_c/serverpublisher/srv/detail/change_string__type_support.c.o\x1b[0m\n'}
[2.932797] (serverpublisher) StdoutLine: {'line': b'[ 51%] \x1b[32mBuilding CXX object CMakeFiles/serverpublisher__rosidl_typesupport_fastrtps_c.dir/rosidl_typesupport_fastrtps_c/serverpublisher/msg/detail/sphere__type_support_c.o\x1b[0m\n'}
[2.933613] (serverpublisher) StdoutLine: {'line': b'[ 53%] \x1b[32mBuilding CXX object CMakeFiles/serverpublisher__rosidl_typesupport_introspection_cpp.dir/rosidl_typesupport_introspection_cpp/serverpublisher/msg/detail/sphere__type_support.o\x1b[0m\n'}
[2.934965] (serverpublisher) StdoutLine: {'line': b'[ 54%] \x1b[32mBuilding CXX object CMakeFiles/serverpublisher__rosidl_typesupport_introspection_cpp.dir/rosidl_typesupport_introspection_cpp/serverpublisher/msg/detail/data__type_support.o\x1b[0m\n'}
[2.936476] (serverpublisher) StdoutLine: {'line': b'[ 56%] \x1b[32mBuilding CXX object CMakeFiles/serverpublisher__rosidl_typesupport_fastrtps_c.dir/rosidl_typesupport_fastrtps_c/serverpublisher/msg/detail/data__type_support_c.o\x1b[0m\n'}
[2.936695] (serverpublisher) StdoutLine: {'line': b'[ 56%] \x1b[32mBuilding CXX object CMakeFiles/serverpublisher__rosidl_typesupport_introspection_cpp.dir/rosidl_typesupport_introspection_cpp/serverpublisher/srv/detail/add_three_ints__type_support.o\x1b[0m\n'}
[2.946924] (serverpublisher) StdoutLine: {'line': b'[ 58%] \x1b[32m\x1b[1mLinking CXX shared library libserverpublisher__rosidl_typesupport_cpp.so\x1b[0m\n'}
[2.978474] (serverpublisher) StdoutLine: {'line': b'[ 59%] \x1b[32m\x1b[1mLinking C shared library libserverpublisher__rosidl_typesupport_introspection_c.so\x1b[0m\n'}
[3.003466] (-) TimerEvent: {}
[3.024390] (serverpublisher) StdoutLine: {'line': b'[ 59%] Built target serverpublisher__rosidl_typesupport_introspection_c\n'}
[3.027599] (serverpublisher) StdoutLine: {'line': b'[ 59%] Built target serverpublisher__rosidl_typesupport_cpp\n'}
[3.036357] (serverpublisher) StdoutLine: {'line': b'[ 60%] \x1b[32mBuilding CXX object CMakeFiles/serverpublisher__rosidl_typesupport_fastrtps_c.dir/rosidl_typesupport_fastrtps_c/serverpublisher/srv/detail/add_three_ints__type_support_c.o\x1b[0m\n'}
[3.050849] (serverpublisher) StdoutLine: {'line': b'[ 62%] \x1b[32mBuilding CXX object CMakeFiles/talker.dir/src/publisher_member_function.o\x1b[0m\n'}
[3.058504] (serverpublisher) StdoutLine: {'line': b'[ 62%] Built target gtest_main\n'}
[3.103614] (-) TimerEvent: {}
[3.104413] (serverpublisher) StdoutLine: {'line': b'[ 63%] \x1b[32mBuilding CXX object CMakeFiles/talkerandlistner.dir/src/pub_sub_node.o\x1b[0m\n'}
[3.204099] (-) TimerEvent: {}
[3.293953] (serverpublisher) StdoutLine: {'line': b'[ 64%] \x1b[32mBuilding CXX object CMakeFiles/server.dir/src/add_two_ints_server.o\x1b[0m\n'}
[3.304244] (-) TimerEvent: {}
[3.310300] (serverpublisher) StdoutLine: {'line': b'[ 65%] \x1b[32mBuilding CXX object CMakeFiles/serverpublisher__rosidl_typesupport_fastrtps_c.dir/rosidl_typesupport_fastrtps_c/serverpublisher/srv/detail/change_string__type_support_c.o\x1b[0m\n'}
[3.323393] (serverpublisher) StdoutLine: {'line': b'[ 67%] \x1b[32mBuilding CXX object CMakeFiles/stringserver.dir/src/change_string_server.o\x1b[0m\n'}
[3.328550] (serverpublisher) StdoutLine: {'line': b'[ 68%] \x1b[32m\x1b[1mLinking CXX shared library libserverpublisher__rosidl_typesupport_fastrtps_cpp.so\x1b[0m\n'}
[3.338341] (serverpublisher) StdoutLine: {'line': b'[ 70%] \x1b[32mBuilding CXX object CMakeFiles/serverpublisher__rosidl_typesupport_introspection_cpp.dir/rosidl_typesupport_introspection_cpp/serverpublisher/srv/detail/change_string__type_support.o\x1b[0m\n'}
[3.338794] (serverpublisher) StdoutLine: {'line': b'[ 70%] \x1b[32mBuilding CXX object CMakeFiles/static_transform_publisher.dir/src/static_transform_publisher.o\x1b[0m\n'}
[3.405091] (-) TimerEvent: {}
[3.485109] (serverpublisher) StdoutLine: {'line': b'[ 70%] Built target serverpublisher__rosidl_typesupport_fastrtps_cpp\n'}
[3.505210] (-) TimerEvent: {}
[3.605635] (-) TimerEvent: {}
[3.645554] (serverpublisher) StdoutLine: {'line': b'[ 72%] \x1b[32m\x1b[1mLinking CXX shared library libserverpublisher__rosidl_typesupport_fastrtps_c.so\x1b[0m\n'}
[3.675646] (serverpublisher) StdoutLine: {'line': b'[ 73%] \x1b[32m\x1b[1mLinking CXX shared library libserverpublisher__rosidl_typesupport_introspection_cpp.so\x1b[0m\n'}
[3.705775] (-) TimerEvent: {}
[3.730744] (serverpublisher) StdoutLine: {'line': b'[ 73%] Built target serverpublisher__rosidl_typesupport_fastrtps_c\n'}
[3.747598] (serverpublisher) StdoutLine: {'line': b'[ 73%] Built target serverpublisher__rosidl_typesupport_introspection_cpp\n'}
[3.759728] (serverpublisher) StdoutLine: {'line': b'[ 73%] Built target serverpublisher\n'}
[3.772391] (serverpublisher) StdoutLine: {'line': b'[ 74%] \x1b[34m\x1b[1mGenerating Python code for ROS interfaces\x1b[0m\n'}
[3.805872] (-) TimerEvent: {}
[3.906192] (-) TimerEvent: {}
[4.006520] (-) TimerEvent: {}
[4.106803] (-) TimerEvent: {}
[4.207113] (-) TimerEvent: {}
[4.270727] (serverpublisher) StdoutLine: {'line': b'[ 74%] Built target serverpublisher__py\n'}
[4.283990] (serverpublisher) StdoutLine: {'line': b'[ 81%] \x1b[32mBuilding C object CMakeFiles/serverpublisher__rosidl_generator_py.dir/rosidl_generator_py/serverpublisher/msg/_num_s.c.o\x1b[0m\n'}
[4.284291] (serverpublisher) StdoutLine: {'line': b'[ 81%] \x1b[32mBuilding C object CMakeFiles/serverpublisher__rosidl_generator_py.dir/rosidl_generator_py/serverpublisher/srv/_change_string_s.c.o\x1b[0m\n'}
[4.284384] (serverpublisher) StdoutLine: {'line': b'[ 81%] \x1b[32mBuilding C object CMakeFiles/serverpublisher__rosidl_generator_py.dir/rosidl_generator_py/serverpublisher/msg/_data_s.c.o\x1b[0m\n'}
[4.284448] (serverpublisher) StdoutLine: {'line': b'[ 81%] \x1b[32mBuilding C object CMakeFiles/serverpublisher__rosidl_generator_py.dir/rosidl_generator_py/serverpublisher/msg/_sphere_s.c.o\x1b[0m\n'}
[4.284512] (serverpublisher) StdoutLine: {'line': b'[ 81%] \x1b[32mBuilding C object CMakeFiles/serverpublisher__rosidl_generator_py.dir/rosidl_generator_py/serverpublisher/srv/_add_three_ints_s.c.o\x1b[0m\n'}
[4.307266] (-) TimerEvent: {}
[4.407699] (-) TimerEvent: {}
[4.408273] (serverpublisher) StdoutLine: {'line': b'[ 82%] \x1b[32m\x1b[1mLinking C shared library rosidl_generator_py/serverpublisher/libserverpublisher__rosidl_generator_py.so\x1b[0m\n'}
[4.437484] (serverpublisher) StdoutLine: {'line': b'[ 82%] Built target serverpublisher__rosidl_generator_py\n'}
[4.450771] (serverpublisher) StdoutLine: {'line': b'[ 84%] \x1b[32mBuilding C object CMakeFiles/serverpublisher__rosidl_typesupport_c__pyext.dir/rosidl_generator_py/serverpublisher/_serverpublisher_s.ep.rosidl_typesupport_c.c.o\x1b[0m\n'}
[4.451078] (serverpublisher) StdoutLine: {'line': b'[ 84%] \x1b[32mBuilding C object CMakeFiles/serverpublisher__rosidl_typesupport_introspection_c__pyext.dir/rosidl_generator_py/serverpublisher/_serverpublisher_s.ep.rosidl_typesupport_introspection_c.c.o\x1b[0m\n'}
[4.451309] (serverpublisher) StdoutLine: {'line': b'[ 86%] \x1b[32mBuilding C object CMakeFiles/serverpublisher__rosidl_typesupport_fastrtps_c__pyext.dir/rosidl_generator_py/serverpublisher/_serverpublisher_s.ep.rosidl_typesupport_fastrtps_c.c.o\x1b[0m\n'}
[4.507858] (-) TimerEvent: {}
[4.532290] (serverpublisher) StdoutLine: {'line': b'[ 88%] \x1b[32m\x1b[1mLinking C shared library rosidl_generator_py/serverpublisher/serverpublisher_s__rosidl_typesupport_c.cpython-310-x86_64-linux-gnu.so\x1b[0m\n'}
[4.532613] (serverpublisher) StdoutLine: {'line': b'[ 88%] \x1b[32m\x1b[1mLinking C shared library rosidl_generator_py/serverpublisher/serverpublisher_s__rosidl_typesupport_introspection_c.cpython-310-x86_64-linux-gnu.so\x1b[0m\n'}
[4.559289] (serverpublisher) StdoutLine: {'line': b'[ 88%] Built target serverpublisher__rosidl_typesupport_introspection_c__pyext\n'}
[4.559579] (serverpublisher) StdoutLine: {'line': b'[ 88%] Built target serverpublisher__rosidl_typesupport_c__pyext\n'}
[4.581486] (serverpublisher) StdoutLine: {'line': b'[ 89%] \x1b[32m\x1b[1mLinking C shared library rosidl_generator_py/serverpublisher/serverpublisher_s__rosidl_typesupport_fastrtps_c.cpython-310-x86_64-linux-gnu.so\x1b[0m\n'}
[4.607544] (serverpublisher) StdoutLine: {'line': b'[ 89%] Built target serverpublisher__rosidl_typesupport_fastrtps_c__pyext\n'}
[4.607901] (-) TimerEvent: {}
[4.708136] (-) TimerEvent: {}
[4.808448] (-) TimerEvent: {}
[4.908768] (-) TimerEvent: {}
[5.009071] (-) TimerEvent: {}
[5.109386] (-) TimerEvent: {}
[5.209707] (-) TimerEvent: {}
[5.310025] (-) TimerEvent: {}
[5.410339] (-) TimerEvent: {}
[5.510639] (-) TimerEvent: {}
[5.610918] (-) TimerEvent: {}
[5.711228] (-) TimerEvent: {}
[5.811611] (-) TimerEvent: {}
[5.911935] (-) TimerEvent: {}
[5.955160] (serverpublisher) StdoutLine: {'line': b'[ 91%] \x1b[32m\x1b[1mLinking CXX static library libgtest.a\x1b[0m\n'}
[6.012055] (-) TimerEvent: {}
[6.029528] (serverpublisher) StdoutLine: {'line': b'[ 91%] Built target gtest\n'}
[6.042502] (serverpublisher) StdoutLine: {'line': b'[ 92%] \x1b[32mBuilding CXX object CMakeFiles/test_serverpublisher.dir/test/test_server.o\x1b[0m\n'}
[6.112192] (-) TimerEvent: {}
[6.212596] (-) TimerEvent: {}
[6.312958] (-) TimerEvent: {}
[6.413747] (-) TimerEvent: {}
[6.514202] (-) TimerEvent: {}
[6.614558] (-) TimerEvent: {}
[6.714883] (-) TimerEvent: {}
[6.815231] (-) TimerEvent: {}
[6.915525] (-) TimerEvent: {}
[7.015839] (-) TimerEvent: {}
[7.116230] (-) TimerEvent: {}
[7.155609] (serverpublisher) StdoutLine: {'line': b'[ 93%] \x1b[32m\x1b[1mLinking CXX executable server\x1b[0m\n'}
[7.161839] (serverpublisher) StdoutLine: {'line': b'[ 94%] \x1b[32m\x1b[1mLinking CXX executable stringserver\x1b[0m\n'}
[7.216390] (-) TimerEvent: {}
[7.316760] (-) TimerEvent: {}
[7.322534] (serverpublisher) StdoutLine: {'line': b'[ 94%] Built target server\n'}
[7.322755] (serverpublisher) StdoutLine: {'line': b'[ 94%] Built target stringserver\n'}
[7.416866] (-) TimerEvent: {}
[7.517150] (-) TimerEvent: {}
[7.617417] (-) TimerEvent: {}
[7.717699] (-) TimerEvent: {}
[7.817986] (-) TimerEvent: {}
[7.918264] (-) TimerEvent: {}
[8.018561] (-) TimerEvent: {}
[8.118866] (-) TimerEvent: {}
[8.219130] (-) TimerEvent: {}
[8.319415] (-) TimerEvent: {}
[8.419750] (-) TimerEvent: {}
[8.520080] (-) TimerEvent: {}
[8.618697] (serverpublisher) StdoutLine: {'line': b'[ 96%] \x1b[32m\x1b[1mLinking CXX executable static_transform_publisher\x1b[0m\n'}
[8.620153] (-) TimerEvent: {}
[8.720395] (-) TimerEvent: {}
[8.816606] (serverpublisher) StdoutLine: {'line': b'[ 96%] Built target static_transform_publisher\n'}
[8.820457] (-) TimerEvent: {}
[8.920686] (-) TimerEvent: {}
[9.020960] (-) TimerEvent: {}
[9.121251] (-) TimerEvent: {}
[9.221542] (-) TimerEvent: {}
[9.321802] (-) TimerEvent: {}
[9.422070] (-) TimerEvent: {}
[9.522330] (-) TimerEvent: {}
[9.622600] (-) TimerEvent: {}
[9.722853] (-) TimerEvent: {}
[9.823111] (-) TimerEvent: {}
[9.923364] (-) TimerEvent: {}
[10.023618] (-) TimerEvent: {}
[10.123874] (-) TimerEvent: {}
[10.224132] (-) TimerEvent: {}
[10.324382] (-) TimerEvent: {}
[10.424629] (-) TimerEvent: {}
[10.435520] (serverpublisher) StdoutLine: {'line': b'[ 97%] \x1b[32m\x1b[1mLinking CXX executable test_serverpublisher\x1b[0m\n'}
[10.524734] (-) TimerEvent: {}
[10.619465] (serverpublisher) StdoutLine: {'line': b'[ 97%] Built target test_serverpublisher\n'}
[10.624794] (-) TimerEvent: {}
[10.725001] (-) TimerEvent: {}
[10.825251] (-) TimerEvent: {}
[10.925501] (-) TimerEvent: {}
[11.025754] (-) TimerEvent: {}
[11.126003] (-) TimerEvent: {}
[11.226251] (-) TimerEvent: {}
[11.326503] (-) TimerEvent: {}
[11.426759] (-) TimerEvent: {}
[11.527011] (-) TimerEvent: {}
[11.627266] (-) TimerEvent: {}
[11.727521] (-) TimerEvent: {}
[11.827816] (-) TimerEvent: {}
[11.928122] (-) TimerEvent: {}
[12.028388] (-) TimerEvent: {}
[12.128656] (-) TimerEvent: {}
[12.228906] (-) TimerEvent: {}
[12.329150] (-) TimerEvent: {}
[12.429403] (-) TimerEvent: {}
[12.529666] (-) TimerEvent: {}
[12.629929] (-) TimerEvent: {}
[12.730205] (-) TimerEvent: {}
[12.830465] (-) TimerEvent: {}
[12.930724] (-) TimerEvent: {}
[12.954623] (serverpublisher) StdoutLine: {'line': b'[ 98%] \x1b[32m\x1b[1mLinking CXX executable talker\x1b[0m\n'}
[13.030816] (-) TimerEvent: {}
[13.131081] (-) TimerEvent: {}
[13.231359] (-) TimerEvent: {}
[13.312109] (serverpublisher) StdoutLine: {'line': b'[ 98%] Built target talker\n'}
[13.331450] (-) TimerEvent: {}
[13.408851] (serverpublisher) StdoutLine: {'line': b'[100%] \x1b[32m\x1b[1mLinking CXX executable talkerandlistner\x1b[0m\n'}
[13.431567] (-) TimerEvent: {}
[13.531853] (-) TimerEvent: {}
[13.632117] (-) TimerEvent: {}
[13.732385] (-) TimerEvent: {}
[13.736531] (serverpublisher) StdoutLine: {'line': b'[100%] Built target talkerandlistner\n'}
[13.745454] (serverpublisher) CommandEnded: {'returncode': 0}
[13.819159] (serverpublisher) JobProgress: {'identifier': 'serverpublisher', 'progress': 'install'}
[13.825578] (serverpublisher) Command: {'cmd': ['/usr/bin/cmake', '--install', '/home/chotu/Beginner_Tutorials_Ros2/build/serverpublisher'], 'cwd': '/home/chotu/Beginner_Tutorials_Ros2/build/serverpublisher', 'env': OrderedDict([('USER', 'chotu'), ('XDG_SESSION_TYPE', 'x11'), ('SHLVL', '1'), ('LD_LIBRARY_PATH', '/usr/lib/x86_64-linux-gnu/gazebo-11/plugins:/opt/ros/humble/opt/rviz_ogre_vendor/lib:/opt/ros/humble/lib/x86_64-linux-gnu:/opt/ros/humble/lib'), ('HOME', '/home/chotu'), ('OLDPWD', '/home/chotu'), ('DESKTOP_SESSION', 'ubuntu'), ('ROS_PYTHON_VERSION', '3'), ('GNOME_SHELL_SESSION_MODE', 'ubuntu'), ('GTK_MODULES', 'gail:atk-bridge'), ('SYSTEMD_EXEC_PID', '2746'), ('DBUS_SESSION_BUS_ADDRESS', 'unix:path=/run/user/1000/bus'), ('COLORTERM', 'truecolor'), ('_colcon_cd_root', '/opt/ros/humble/'), ('ROS_DISTRO', 'humble'), ('LOGNAME', 'chotu'), ('_', '/usr/bin/colcon'), ('ROS_VERSION', '2'), ('XDG_SESSION_CLASS', 'user'), ('USERNAME', 'chotu'), ('TERM', 'xterm-256color'), ('GNOME_DESKTOP_SESSION_ID', 'this-is-deprecated'), ('ROS_LOCALHOST_ONLY', '1'), ('WINDOWPATH', '2'), ('PATH', '/opt/ros/humble/bin:/usr/local/sbin:/usr/local/bin:/usr/sbin:/usr/bin:/sbin:/bin:/usr/games:/usr/local/games:/snap/bin:/snap/bin'), ('SESSION_MANAGER', 'local/chotu25:@/tmp/.ICE-unix/2484,unix/chotu25:/tmp/.ICE-unix/2484'), ('XDG_MENU_PREFIX', 'gnome-'), ('GNOME_TERMINAL_SCREEN', '/org/gnome/Terminal/screen/0e008e94_72fb_4fcc_8663_b45e969db978'), ('XDG_RUNTIME_DIR', '/run/user/1000'), ('DISPLAY', ':0'), ('LANG', 'en_US.UTF-8'), ('XDG_CURRENT_DESKTOP', 'ubuntu:GNOME'), ('XMODIFIERS', '@im=ibus'), ('XDG_SESSION_DESKTOP', 'ubuntu'), ('XAUTHORITY', '/run/user/1000/gdm/Xauthority'), ('GNOME_TERMINAL_SERVICE', ':1.97'), ('SSH_AGENT_LAUNCHER', 'gnome-keyring'), ('SSH_AUTH_SOCK', '/run/user/1000/keyring/ssh'), ('AMENT_PREFIX_PATH', '/opt/ros/humble'), ('SHELL', '/bin/bash'), ('QT_ACCESSIBILITY', '1'), ('GDMSESSION', 'ubuntu'), ('GPG_AGENT_INFO', '/run/user/1000/gnupg/S.gpg-agent:0:1'), ('QT_IM_MODULE', 'ibus'), ('PWD', '/home/chotu/Beginner_Tutorials_Ros2/build/serverpublisher'), ('LC_ALL', 'en_US.UTF-8'), ('XDG_CONFIG_DIRS', '/etc/xdg/xdg-ubuntu:/etc/xdg'), ('XDG_DATA_DIRS', '/usr/share/ubuntu:/usr/share/gnome:/usr/local/share/:/usr/share/:/var/lib/snapd/desktop'), ('PYTHONPATH', '/opt/ros/humble/lib/python3.10/site-packages:/opt/ros/humble/local/lib/python3.10/dist-packages'), ('COLCON', '1'), ('VTE_VERSION', '6800'), ('CMAKE_PREFIX_PATH', '/opt/ros/humble')]), 'shell': False}
[13.831916] (serverpublisher) StdoutLine: {'line': b'-- Install configuration: "Debug"\n'}
[13.832159] (serverpublisher) StdoutLine: {'line': b'-- Installing: /home/chotu/Beginner_Tutorials_Ros2/install/serverpublisher/share/ament_index/resource_index/rosidl_interfaces/serverpublisher\n'}
[13.832330] (serverpublisher) StdoutLine: {'line': b'-- Installing: /home/chotu/Beginner_Tutorials_Ros2/install/serverpublisher/include/serverpublisher/serverpublisher\n'}
[13.832422] (-) TimerEvent: {}
[13.832548] (serverpublisher) StdoutLine: {'line': b'-- Installing: /home/chotu/Beginner_Tutorials_Ros2/install/serverpublisher/include/serverpublisher/serverpublisher/msg\n'}
[13.832632] (serverpublisher) StdoutLine: {'line': b'-- Installing: /home/chotu/Beginner_Tutorials_Ros2/install/serverpublisher/include/serverpublisher/serverpublisher/msg/data.h\n'}
[13.832739] (serverpublisher) StdoutLine: {'line': b'-- Installing: /home/chotu/Beginner_Tutorials_Ros2/install/serverpublisher/include/serverpublisher/serverpublisher/msg/detail\n'}
[13.832820] (serverpublisher) StdoutLine: {'line': b'-- Installing: /home/chotu/Beginner_Tutorials_Ros2/install/serverpublisher/include/serverpublisher/serverpublisher/msg/detail/sphere__functions.c\n'}
[13.832885] (serverpublisher) StdoutLine: {'line': b'-- Installing: /home/chotu/Beginner_Tutorials_Ros2/install/serverpublisher/include/serverpublisher/serverpublisher/msg/detail/data__functions.c\n'}
[13.832977] (serverpublisher) StdoutLine: {'line': b'-- Installing: /home/chotu/Beginner_Tutorials_Ros2/install/serverpublisher/include/serverpublisher/serverpublisher/msg/detail/data__functions.h\n'}
[13.833043] (serverpublisher) StdoutLine: {'line': b'-- Installing: /home/chotu/Beginner_Tutorials_Ros2/install/serverpublisher/include/serverpublisher/serverpublisher/msg/detail/data__type_support.h\n'}
[13.833106] (serverpublisher) StdoutLine: {'line': b'-- Installing: /home/chotu/Beginner_Tutorials_Ros2/install/serverpublisher/include/serverpublisher/serverpublisher/msg/detail/data__struct.h\n'}
[13.833196] (serverpublisher) StdoutLine: {'line': b'-- Installing: /home/chotu/Beginner_Tutorials_Ros2/install/serverpublisher/include/serverpublisher/serverpublisher/msg/detail/sphere__functions.h\n'}
[13.833263] (serverpublisher) StdoutLine: {'line': b'-- Installing: /home/chotu/Beginner_Tutorials_Ros2/install/serverpublisher/include/serverpublisher/serverpublisher/msg/detail/num__type_support.h\n'}
[13.833326] (serverpublisher) StdoutLine: {'line': b'-- Installing: /home/chotu/Beginner_Tutorials_Ros2/install/serverpublisher/include/serverpublisher/serverpublisher/msg/detail/sphere__type_support.h\n'}
[13.833410] (serverpublisher) StdoutLine: {'line': b'-- Installing: /home/chotu/Beginner_Tutorials_Ros2/install/serverpublisher/include/serverpublisher/serverpublisher/msg/detail/num__functions.h\n'}
[13.833478] (serverpublisher) StdoutLine: {'line': b'-- Installing: /home/chotu/Beginner_Tutorials_Ros2/install/serverpublisher/include/serverpublisher/serverpublisher/msg/detail/num__functions.c\n'}
[13.833571] (serverpublisher) StdoutLine: {'line': b'-- Installing: /home/chotu/Beginner_Tutorials_Ros2/install/serverpublisher/include/serverpublisher/serverpublisher/msg/detail/num__struct.h\n'}
[13.833635] (serverpublisher) StdoutLine: {'line': b'-- Installing: /home/chotu/Beginner_Tutorials_Ros2/install/serverpublisher/include/serverpublisher/serverpublisher/msg/detail/sphere__struct.h\n'}
[13.833699] (serverpublisher) StdoutLine: {'line': b'-- Installing: /home/chotu/Beginner_Tutorials_Ros2/install/serverpublisher/include/serverpublisher/serverpublisher/msg/sphere.h\n'}
[13.833791] (serverpublisher) StdoutLine: {'line': b'-- Installing: /home/chotu/Beginner_Tutorials_Ros2/install/serverpublisher/include/serverpublisher/serverpublisher/msg/num.h\n'}
[13.833859] (serverpublisher) StdoutLine: {'line': b'-- Installing: /home/chotu/Beginner_Tutorials_Ros2/install/serverpublisher/include/serverpublisher/serverpublisher/msg/rosidl_generator_c__visibility_control.h\n'}
[13.833922] (serverpublisher) StdoutLine: {'line': b'-- Installing: /home/chotu/Beginner_Tutorials_Ros2/install/serverpublisher/include/serverpublisher/serverpublisher/srv\n'}
[13.833982] (serverpublisher) StdoutLine: {'line': b'-- Installing: /home/chotu/Beginner_Tutorials_Ros2/install/serverpublisher/include/serverpublisher/serverpublisher/srv/detail\n'}
[13.834072] (serverpublisher) StdoutLine: {'line': b'-- Installing: /home/chotu/Beginner_Tutorials_Ros2/install/serverpublisher/include/serverpublisher/serverpublisher/srv/detail/add_three_ints__struct.h\n'}
[13.834138] (serverpublisher) StdoutLine: {'line': b'-- Installing: /home/chotu/Beginner_Tutorials_Ros2/install/serverpublisher/include/serverpublisher/serverpublisher/srv/detail/add_three_ints__functions.h\n'}
[13.834207] (serverpublisher) StdoutLine: {'line': b'-- Installing: /home/chotu/Beginner_Tutorials_Ros2/install/serverpublisher/include/serverpublisher/serverpublisher/srv/detail/add_three_ints__functions.c\n'}
[13.834287] (serverpublisher) StdoutLine: {'line': b'-- Installing: /home/chotu/Beginner_Tutorials_Ros2/install/serverpublisher/include/serverpublisher/serverpublisher/srv/detail/change_string__functions.c\n'}
[13.834371] (serverpublisher) StdoutLine: {'line': b'-- Installing: /home/chotu/Beginner_Tutorials_Ros2/install/serverpublisher/include/serverpublisher/serverpublisher/srv/detail/change_string__type_support.h\n'}
[13.834474] (serverpublisher) StdoutLine: {'line': b'-- Installing: /home/chotu/Beginner_Tutorials_Ros2/install/serverpublisher/include/serverpublisher/serverpublisher/srv/detail/change_string__functions.h\n'}
[13.834578] (serverpublisher) StdoutLine: {'line': b'-- Installing: /home/chotu/Beginner_Tutorials_Ros2/install/serverpublisher/include/serverpublisher/serverpublisher/srv/detail/change_string__struct.h\n'}
[13.834695] (serverpublisher) StdoutLine: {'line': b'-- Installing: /home/chotu/Beginner_Tutorials_Ros2/install/serverpublisher/include/serverpublisher/serverpublisher/srv/detail/add_three_ints__type_support.h\n'}
[13.834774] (serverpublisher) StdoutLine: {'line': b'-- Installing: /home/chotu/Beginner_Tutorials_Ros2/install/serverpublisher/include/serverpublisher/serverpublisher/srv/change_string.h\n'}
[13.834837] (serverpublisher) StdoutLine: {'line': b'-- Installing: /home/chotu/Beginner_Tutorials_Ros2/install/serverpublisher/include/serverpublisher/serverpublisher/srv/add_three_ints.h\n'}
[13.834914] (serverpublisher) StdoutLine: {'line': b'-- Installing: /home/chotu/Beginner_Tutorials_Ros2/install/serverpublisher/share/serverpublisher/environment/library_path.sh\n'}
[13.834999] (serverpublisher) StdoutLine: {'line': b'-- Installing: /home/chotu/Beginner_Tutorials_Ros2/install/serverpublisher/share/serverpublisher/environment/library_path.dsv\n'}
[13.835156] (serverpublisher) StdoutLine: {'line': b'-- Installing: /home/chotu/Beginner_Tutorials_Ros2/install/serverpublisher/lib/libserverpublisher__rosidl_generator_c.so\n'}
[13.835534] (serverpublisher) StdoutLine: {'line': b'-- Set runtime path of "/home/chotu/Beginner_Tutorials_Ros2/install/serverpublisher/lib/libserverpublisher__rosidl_generator_c.so" to ""\n'}
[13.835620] (serverpublisher) StdoutLine: {'line': b'-- Up-to-date: /home/chotu/Beginner_Tutorials_Ros2/install/serverpublisher/include/serverpublisher/serverpublisher\n'}
[13.835711] (serverpublisher) StdoutLine: {'line': b'-- Up-to-date: /home/chotu/Beginner_Tutorials_Ros2/install/serverpublisher/include/serverpublisher/serverpublisher/msg\n'}
[13.835760] (serverpublisher) StdoutLine: {'line': b'-- Up-to-date: /home/chotu/Beginner_Tutorials_Ros2/install/serverpublisher/include/serverpublisher/serverpublisher/msg/detail\n'}
[13.835803] (serverpublisher) StdoutLine: {'line': b'-- Installing: /home/chotu/Beginner_Tutorials_Ros2/install/serverpublisher/include/serverpublisher/serverpublisher/msg/detail/data__rosidl_typesupport_fastrtps_c.h\n'}
[13.835866] (serverpublisher) StdoutLine: {'line': b'-- Installing: /home/chotu/Beginner_Tutorials_Ros2/install/serverpublisher/include/serverpublisher/serverpublisher/msg/detail/num__rosidl_typesupport_fastrtps_c.h\n'}
[13.835926] (serverpublisher) StdoutLine: {'line': b'-- Installing: /home/chotu/Beginner_Tutorials_Ros2/install/serverpublisher/include/serverpublisher/serverpublisher/msg/detail/sphere__rosidl_typesupport_fastrtps_c.h\n'}
[13.835977] (serverpublisher) StdoutLine: {'line': b'-- Installing: /home/chotu/Beginner_Tutorials_Ros2/install/serverpublisher/include/serverpublisher/serverpublisher/msg/rosidl_typesupport_fastrtps_c__visibility_control.h\n'}
[13.836023] (serverpublisher) StdoutLine: {'line': b'-- Up-to-date: /home/chotu/Beginner_Tutorials_Ros2/install/serverpublisher/include/serverpublisher/serverpublisher/srv\n'}
[13.836068] (serverpublisher) StdoutLine: {'line': b'-- Up-to-date: /home/chotu/Beginner_Tutorials_Ros2/install/serverpublisher/include/serverpublisher/serverpublisher/srv/detail\n'}
[13.836129] (serverpublisher) StdoutLine: {'line': b'-- Installing: /home/chotu/Beginner_Tutorials_Ros2/install/serverpublisher/include/serverpublisher/serverpublisher/srv/detail/change_string__rosidl_typesupport_fastrtps_c.h\n'}
[13.836199] (serverpublisher) StdoutLine: {'line': b'-- Installing: /home/chotu/Beginner_Tutorials_Ros2/install/serverpublisher/include/serverpublisher/serverpublisher/srv/detail/add_three_ints__rosidl_typesupport_fastrtps_c.h\n'}
[13.836243] (serverpublisher) StdoutLine: {'line': b'-- Installing: /home/chotu/Beginner_Tutorials_Ros2/install/serverpublisher/lib/libserverpublisher__rosidl_typesupport_fastrtps_c.so\n'}
[13.836692] (serverpublisher) StdoutLine: {'line': b'-- Set runtime path of "/home/chotu/Beginner_Tutorials_Ros2/install/serverpublisher/lib/libserverpublisher__rosidl_typesupport_fastrtps_c.so" to ""\n'}
[13.836796] (serverpublisher) StdoutLine: {'line': b'-- Up-to-date: /home/chotu/Beginner_Tutorials_Ros2/install/serverpublisher/include/serverpublisher/serverpublisher\n'}
[13.836896] (serverpublisher) StdoutLine: {'line': b'-- Up-to-date: /home/chotu/Beginner_Tutorials_Ros2/install/serverpublisher/include/serverpublisher/serverpublisher/msg\n'}
[13.836999] (serverpublisher) StdoutLine: {'line': b'-- Up-to-date: /home/chotu/Beginner_Tutorials_Ros2/install/serverpublisher/include/serverpublisher/serverpublisher/msg/detail\n'}
[13.837065] (serverpublisher) StdoutLine: {'line': b'-- Installing: /home/chotu/Beginner_Tutorials_Ros2/install/serverpublisher/include/serverpublisher/serverpublisher/msg/detail/num__traits.hpp\n'}
[13.837127] (serverpublisher) StdoutLine: {'line': b'-- Installing: /home/chotu/Beginner_Tutorials_Ros2/install/serverpublisher/include/serverpublisher/serverpublisher/msg/detail/data__struct.hpp\n'}
[13.837186] (serverpublisher) StdoutLine: {'line': b'-- Installing: /home/chotu/Beginner_Tutorials_Ros2/install/serverpublisher/include/serverpublisher/serverpublisher/msg/detail/sphere__traits.hpp\n'}
[13.837245] (serverpublisher) StdoutLine: {'line': b'-- Installing: /home/chotu/Beginner_Tutorials_Ros2/install/serverpublisher/include/serverpublisher/serverpublisher/msg/detail/data__builder.hpp\n'}
[13.837321] (serverpublisher) StdoutLine: {'line': b'-- Installing: /home/chotu/Beginner_Tutorials_Ros2/install/serverpublisher/include/serverpublisher/serverpublisher/msg/detail/num__struct.hpp\n'}
[13.837417] (serverpublisher) StdoutLine: {'line': b'-- Installing: /home/chotu/Beginner_Tutorials_Ros2/install/serverpublisher/include/serverpublisher/serverpublisher/msg/detail/num__builder.hpp\n'}
[13.837480] (serverpublisher) StdoutLine: {'line': b'-- Installing: /home/chotu/Beginner_Tutorials_Ros2/install/serverpublisher/include/serverpublisher/serverpublisher/msg/detail/sphere__builder.hpp\n'}
[13.837540] (serverpublisher) StdoutLine: {'line': b'-- Installing: /home/chotu/Beginner_Tutorials_Ros2/install/serverpublisher/include/serverpublisher/serverpublisher/msg/detail/data__traits.hpp\n'}
[13.837599] (serverpublisher) StdoutLine: {'line': b'-- Installing: /home/chotu/Beginner_Tutorials_Ros2/install/serverpublisher/include/serverpublisher/serverpublisher/msg/detail/sphere__struct.hpp\n'}
[13.837657] (serverpublisher) StdoutLine: {'line': b'-- Installing: /home/chotu/Beginner_Tutorials_Ros2/install/serverpublisher/include/serverpublisher/serverpublisher/msg/sphere.hpp\n'}
[13.837715] (serverpublisher) StdoutLine: {'line': b'-- Installing: /home/chotu/Beginner_Tutorials_Ros2/install/serverpublisher/include/serverpublisher/serverpublisher/msg/data.hpp\n'}
[13.837771] (serverpublisher) StdoutLine: {'line': b'-- Installing: /home/chotu/Beginner_Tutorials_Ros2/install/serverpublisher/include/serverpublisher/serverpublisher/msg/num.hpp\n'}
[13.837845] (serverpublisher) StdoutLine: {'line': b'-- Up-to-date: /home/chotu/Beginner_Tutorials_Ros2/install/serverpublisher/include/serverpublisher/serverpublisher/srv\n'}
[13.837901] (serverpublisher) StdoutLine: {'line': b'-- Up-to-date: /home/chotu/Beginner_Tutorials_Ros2/install/serverpublisher/include/serverpublisher/serverpublisher/srv/detail\n'}
[13.837956] (serverpublisher) StdoutLine: {'line': b'-- Installing: /home/chotu/Beginner_Tutorials_Ros2/install/serverpublisher/include/serverpublisher/serverpublisher/srv/detail/change_string__struct.hpp\n'}
[13.838000] (serverpublisher) StdoutLine: {'line': b'-- Installing: /home/chotu/Beginner_Tutorials_Ros2/install/serverpublisher/include/serverpublisher/serverpublisher/srv/detail/add_three_ints__traits.hpp\n'}
[13.838063] (serverpublisher) StdoutLine: {'line': b'-- Installing: /home/chotu/Beginner_Tutorials_Ros2/install/serverpublisher/include/serverpublisher/serverpublisher/srv/detail/add_three_ints__struct.hpp\n'}
[13.838115] (serverpublisher) StdoutLine: {'line': b'-- Installing: /home/chotu/Beginner_Tutorials_Ros2/install/serverpublisher/include/serverpublisher/serverpublisher/srv/detail/change_string__builder.hpp\n'}
[13.838160] (serverpublisher) StdoutLine: {'line': b'-- Installing: /home/chotu/Beginner_Tutorials_Ros2/install/serverpublisher/include/serverpublisher/serverpublisher/srv/detail/change_string__traits.hpp\n'}
[13.838204] (serverpublisher) StdoutLine: {'line': b'-- Installing: /home/chotu/Beginner_Tutorials_Ros2/install/serverpublisher/include/serverpublisher/serverpublisher/srv/detail/add_three_ints__builder.hpp\n'}
[13.838248] (serverpublisher) StdoutLine: {'line': b'-- Installing: /home/chotu/Beginner_Tutorials_Ros2/install/serverpublisher/include/serverpublisher/serverpublisher/srv/change_string.hpp\n'}
[13.838290] (serverpublisher) StdoutLine: {'line': b'-- Installing: /home/chotu/Beginner_Tutorials_Ros2/install/serverpublisher/include/serverpublisher/serverpublisher/srv/add_three_ints.hpp\n'}
[13.838333] (serverpublisher) StdoutLine: {'line': b'-- Up-to-date: /home/chotu/Beginner_Tutorials_Ros2/install/serverpublisher/include/serverpublisher/serverpublisher\n'}
[13.838375] (serverpublisher) StdoutLine: {'line': b'-- Up-to-date: /home/chotu/Beginner_Tutorials_Ros2/install/serverpublisher/include/serverpublisher/serverpublisher/msg\n'}
[13.838418] (serverpublisher) StdoutLine: {'line': b'-- Up-to-date: /home/chotu/Beginner_Tutorials_Ros2/install/serverpublisher/include/serverpublisher/serverpublisher/msg/detail\n'}
[13.838461] (serverpublisher) StdoutLine: {'line': b'-- Installing: /home/chotu/Beginner_Tutorials_Ros2/install/serverpublisher/include/serverpublisher/serverpublisher/msg/detail/sphere__rosidl_typesupport_fastrtps_cpp.hpp\n'}
[13.838530] (serverpublisher) StdoutLine: {'line': b'-- Installing: /home/chotu/Beginner_Tutorials_Ros2/install/serverpublisher/include/serverpublisher/serverpublisher/msg/detail/dds_fastrtps\n'}
[13.838576] (serverpublisher) StdoutLine: {'line': b'-- Installing: /home/chotu/Beginner_Tutorials_Ros2/install/serverpublisher/include/serverpublisher/serverpublisher/msg/detail/data__rosidl_typesupport_fastrtps_cpp.hpp\n'}
[13.838624] (serverpublisher) StdoutLine: {'line': b'-- Installing: /home/chotu/Beginner_Tutorials_Ros2/install/serverpublisher/include/serverpublisher/serverpublisher/msg/detail/num__rosidl_typesupport_fastrtps_cpp.hpp\n'}
[13.838687] (serverpublisher) StdoutLine: {'line': b'-- Installing: /home/chotu/Beginner_Tutorials_Ros2/install/serverpublisher/include/serverpublisher/serverpublisher/msg/rosidl_typesupport_fastrtps_cpp__visibility_control.h\n'}
[13.838738] (serverpublisher) StdoutLine: {'line': b'-- Up-to-date: /home/chotu/Beginner_Tutorials_Ros2/install/serverpublisher/include/serverpublisher/serverpublisher/srv\n'}
[13.838786] (serverpublisher) StdoutLine: {'line': b'-- Up-to-date: /home/chotu/Beginner_Tutorials_Ros2/install/serverpublisher/include/serverpublisher/serverpublisher/srv/detail\n'}
[13.838834] (serverpublisher) StdoutLine: {'line': b'-- Installing: /home/chotu/Beginner_Tutorials_Ros2/install/serverpublisher/include/serverpublisher/serverpublisher/srv/detail/add_three_ints__rosidl_typesupport_fastrtps_cpp.hpp\n'}
[13.838881] (serverpublisher) StdoutLine: {'line': b'-- Installing: /home/chotu/Beginner_Tutorials_Ros2/install/serverpublisher/include/serverpublisher/serverpublisher/srv/detail/dds_fastrtps\n'}
[13.838927] (serverpublisher) StdoutLine: {'line': b'-- Installing: /home/chotu/Beginner_Tutorials_Ros2/install/serverpublisher/include/serverpublisher/serverpublisher/srv/detail/change_string__rosidl_typesupport_fastrtps_cpp.hpp\n'}
[13.838972] (serverpublisher) StdoutLine: {'line': b'-- Installing: /home/chotu/Beginner_Tutorials_Ros2/install/serverpublisher/lib/libserverpublisher__rosidl_typesupport_fastrtps_cpp.so\n'}
[13.839155] (serverpublisher) StdoutLine: {'line': b'-- Set runtime path of "/home/chotu/Beginner_Tutorials_Ros2/install/serverpublisher/lib/libserverpublisher__rosidl_typesupport_fastrtps_cpp.so" to ""\n'}
[13.839224] (serverpublisher) StdoutLine: {'line': b'-- Up-to-date: /home/chotu/Beginner_Tutorials_Ros2/install/serverpublisher/include/serverpublisher/serverpublisher\n'}
[13.839291] (serverpublisher) StdoutLine: {'line': b'-- Up-to-date: /home/chotu/Beginner_Tutorials_Ros2/install/serverpublisher/include/serverpublisher/serverpublisher/msg\n'}
[13.839340] (serverpublisher) StdoutLine: {'line': b'-- Up-to-date: /home/chotu/Beginner_Tutorials_Ros2/install/serverpublisher/include/serverpublisher/serverpublisher/msg/detail\n'}
[13.839389] (serverpublisher) StdoutLine: {'line': b'-- Installing: /home/chotu/Beginner_Tutorials_Ros2/install/serverpublisher/include/serverpublisher/serverpublisher/msg/detail/num__rosidl_typesupport_introspection_c.h\n'}
[13.839456] (serverpublisher) StdoutLine: {'line': b'-- Installing: /home/chotu/Beginner_Tutorials_Ros2/install/serverpublisher/include/serverpublisher/serverpublisher/msg/detail/data__rosidl_typesupport_introspection_c.h\n'}
[13.839524] (serverpublisher) StdoutLine: {'line': b'-- Installing: /home/chotu/Beginner_Tutorials_Ros2/install/serverpublisher/include/serverpublisher/serverpublisher/msg/detail/sphere__type_support.c\n'}
[13.839576] (serverpublisher) StdoutLine: {'line': b'-- Installing: /home/chotu/Beginner_Tutorials_Ros2/install/serverpublisher/include/serverpublisher/serverpublisher/msg/detail/data__type_support.c\n'}
[13.839625] (serverpublisher) StdoutLine: {'line': b'-- Installing: /home/chotu/Beginner_Tutorials_Ros2/install/serverpublisher/include/serverpublisher/serverpublisher/msg/detail/num__type_support.c\n'}
[13.839689] (serverpublisher) StdoutLine: {'line': b'-- Installing: /home/chotu/Beginner_Tutorials_Ros2/install/serverpublisher/include/serverpublisher/serverpublisher/msg/detail/sphere__rosidl_typesupport_introspection_c.h\n'}
[13.839757] (serverpublisher) StdoutLine: {'line': b'-- Installing: /home/chotu/Beginner_Tutorials_Ros2/install/serverpublisher/include/serverpublisher/serverpublisher/msg/rosidl_typesupport_introspection_c__visibility_control.h\n'}
[13.839808] (serverpublisher) StdoutLine: {'line': b'-- Up-to-date: /home/chotu/Beginner_Tutorials_Ros2/install/serverpublisher/include/serverpublisher/serverpublisher/srv\n'}
[13.839872] (serverpublisher) StdoutLine: {'line': b'-- Up-to-date: /home/chotu/Beginner_Tutorials_Ros2/install/serverpublisher/include/serverpublisher/serverpublisher/srv/detail\n'}
[13.839921] (serverpublisher) StdoutLine: {'line': b'-- Installing: /home/chotu/Beginner_Tutorials_Ros2/install/serverpublisher/include/serverpublisher/serverpublisher/srv/detail/change_string__rosidl_typesupport_introspection_c.h\n'}
[13.839975] (serverpublisher) StdoutLine: {'line': b'-- Installing: /home/chotu/Beginner_Tutorials_Ros2/install/serverpublisher/include/serverpublisher/serverpublisher/srv/detail/add_three_ints__rosidl_typesupport_introspection_c.h\n'}
[13.840028] (serverpublisher) StdoutLine: {'line': b'-- Installing: /home/chotu/Beginner_Tutorials_Ros2/install/serverpublisher/include/serverpublisher/serverpublisher/srv/detail/change_string__type_support.c\n'}
[13.840098] (serverpublisher) StdoutLine: {'line': b'-- Installing: /home/chotu/Beginner_Tutorials_Ros2/install/serverpublisher/include/serverpublisher/serverpublisher/srv/detail/add_three_ints__type_support.c\n'}
[13.840151] (serverpublisher) StdoutLine: {'line': b'-- Installing: /home/chotu/Beginner_Tutorials_Ros2/install/serverpublisher/lib/libserverpublisher__rosidl_typesupport_introspection_c.so\n'}
[13.840273] (serverpublisher) StdoutLine: {'line': b'-- Set runtime path of "/home/chotu/Beginner_Tutorials_Ros2/install/serverpublisher/lib/libserverpublisher__rosidl_typesupport_introspection_c.so" to ""\n'}
[13.840356] (serverpublisher) StdoutLine: {'line': b'-- Installing: /home/chotu/Beginner_Tutorials_Ros2/install/serverpublisher/lib/libserverpublisher__rosidl_typesupport_c.so\n'}
[13.840610] (serverpublisher) StdoutLine: {'line': b'-- Set runtime path of "/home/chotu/Beginner_Tutorials_Ros2/install/serverpublisher/lib/libserverpublisher__rosidl_typesupport_c.so" to ""\n'}
[13.840679] (serverpublisher) StdoutLine: {'line': b'-- Up-to-date: /home/chotu/Beginner_Tutorials_Ros2/install/serverpublisher/include/serverpublisher/serverpublisher\n'}
[13.840747] (serverpublisher) StdoutLine: {'line': b'-- Up-to-date: /home/chotu/Beginner_Tutorials_Ros2/install/serverpublisher/include/serverpublisher/serverpublisher/msg\n'}
[13.840797] (serverpublisher) StdoutLine: {'line': b'-- Up-to-date: /home/chotu/Beginner_Tutorials_Ros2/install/serverpublisher/include/serverpublisher/serverpublisher/msg/detail\n'}
[13.840847] (serverpublisher) StdoutLine: {'line': b'-- Installing: /home/chotu/Beginner_Tutorials_Ros2/install/serverpublisher/include/serverpublisher/serverpublisher/msg/detail/data__type_support.cpp\n'}
[13.840915] (serverpublisher) StdoutLine: {'line': b'-- Installing: /home/chotu/Beginner_Tutorials_Ros2/install/serverpublisher/include/serverpublisher/serverpublisher/msg/detail/sphere__rosidl_typesupport_introspection_cpp.hpp\n'}
[13.840967] (serverpublisher) StdoutLine: {'line': b'-- Installing: /home/chotu/Beginner_Tutorials_Ros2/install/serverpublisher/include/serverpublisher/serverpublisher/msg/detail/num__rosidl_typesupport_introspection_cpp.hpp\n'}
[13.841019] (serverpublisher) StdoutLine: {'line': b'-- Installing: /home/chotu/Beginner_Tutorials_Ros2/install/serverpublisher/include/serverpublisher/serverpublisher/msg/detail/num__type_support.cpp\n'}
[13.841087] (serverpublisher) StdoutLine: {'line': b'-- Installing: /home/chotu/Beginner_Tutorials_Ros2/install/serverpublisher/include/serverpublisher/serverpublisher/msg/detail/sphere__type_support.cpp\n'}
[13.841158] (serverpublisher) StdoutLine: {'line': b'-- Installing: /home/chotu/Beginner_Tutorials_Ros2/install/serverpublisher/include/serverpublisher/serverpublisher/msg/detail/data__rosidl_typesupport_introspection_cpp.hpp\n'}
[13.841214] (serverpublisher) StdoutLine: {'line': b'-- Up-to-date: /home/chotu/Beginner_Tutorials_Ros2/install/serverpublisher/include/serverpublisher/serverpublisher/srv\n'}
[13.841263] (serverpublisher) StdoutLine: {'line': b'-- Up-to-date: /home/chotu/Beginner_Tutorials_Ros2/install/serverpublisher/include/serverpublisher/serverpublisher/srv/detail\n'}
[13.841321] (serverpublisher) StdoutLine: {'line': b'-- Installing: /home/chotu/Beginner_Tutorials_Ros2/install/serverpublisher/include/serverpublisher/serverpublisher/srv/detail/add_three_ints__type_support.cpp\n'}
[13.841386] (serverpublisher) StdoutLine: {'line': b'-- Installing: /home/chotu/Beginner_Tutorials_Ros2/install/serverpublisher/include/serverpublisher/serverpublisher/srv/detail/change_string__type_support.cpp\n'}
[13.841435] (serverpublisher) StdoutLine: {'line': b'-- Installing: /home/chotu/Beginner_Tutorials_Ros2/install/serverpublisher/include/serverpublisher/serverpublisher/srv/detail/add_three_ints__rosidl_typesupport_introspection_cpp.hpp\n'}
[13.841484] (serverpublisher) StdoutLine: {'line': b'-- Installing: /home/chotu/Beginner_Tutorials_Ros2/install/serverpublisher/include/serverpublisher/serverpublisher/srv/detail/change_string__rosidl_typesupport_introspection_cpp.hpp\n'}
[13.841546] (serverpublisher) StdoutLine: {'line': b'-- Installing: /home/chotu/Beginner_Tutorials_Ros2/install/serverpublisher/lib/libserverpublisher__rosidl_typesupport_introspection_cpp.so\n'}
[13.841867] (serverpublisher) StdoutLine: {'line': b'-- Set runtime path of "/home/chotu/Beginner_Tutorials_Ros2/install/serverpublisher/lib/libserverpublisher__rosidl_typesupport_introspection_cpp.so" to ""\n'}
[13.841928] (serverpublisher) StdoutLine: {'line': b'-- Installing: /home/chotu/Beginner_Tutorials_Ros2/install/serverpublisher/lib/libserverpublisher__rosidl_typesupport_cpp.so\n'}
[13.842236] (serverpublisher) StdoutLine: {'line': b'-- Set runtime path of "/home/chotu/Beginner_Tutorials_Ros2/install/serverpublisher/lib/libserverpublisher__rosidl_typesupport_cpp.so" to ""\n'}
[13.842294] (serverpublisher) StdoutLine: {'line': b'-- Installing: /home/chotu/Beginner_Tutorials_Ros2/install/serverpublisher/share/serverpublisher/environment/pythonpath.sh\n'}
[13.842362] (serverpublisher) StdoutLine: {'line': b'-- Installing: /home/chotu/Beginner_Tutorials_Ros2/install/serverpublisher/share/serverpublisher/environment/pythonpath.dsv\n'}
[13.842473] (serverpublisher) StdoutLine: {'line': b'-- Installing: /home/chotu/Beginner_Tutorials_Ros2/install/serverpublisher/local/lib/python3.10/dist-packages/serverpublisher-0.0.0-py3.10.egg-info\n'}
[13.842589] (serverpublisher) StdoutLine: {'line': b'-- Installing: /home/chotu/Beginner_Tutorials_Ros2/install/serverpublisher/local/lib/python3.10/dist-packages/serverpublisher-0.0.0-py3.10.egg-info/SOURCES.txt\n'}
[13.842698] (serverpublisher) StdoutLine: {'line': b'-- Installing: /home/chotu/Beginner_Tutorials_Ros2/install/serverpublisher/local/lib/python3.10/dist-packages/serverpublisher-0.0.0-py3.10.egg-info/PKG-INFO\n'}
[13.842778] (serverpublisher) StdoutLine: {'line': b'-- Installing: /home/chotu/Beginner_Tutorials_Ros2/install/serverpublisher/local/lib/python3.10/dist-packages/serverpublisher-0.0.0-py3.10.egg-info/top_level.txt\n'}
[13.842857] (serverpublisher) StdoutLine: {'line': b'-- Installing: /home/chotu/Beginner_Tutorials_Ros2/install/serverpublisher/local/lib/python3.10/dist-packages/serverpublisher-0.0.0-py3.10.egg-info/dependency_links.txt\n'}
[13.842930] (serverpublisher) StdoutLine: {'line': b'-- Installing: /home/chotu/Beginner_Tutorials_Ros2/install/serverpublisher/local/lib/python3.10/dist-packages/serverpublisher\n'}
[13.843012] (serverpublisher) StdoutLine: {'line': b'-- Installing: /home/chotu/Beginner_Tutorials_Ros2/install/serverpublisher/local/lib/python3.10/dist-packages/serverpublisher/msg\n'}
[13.843081] (serverpublisher) StdoutLine: {'line': b'-- Installing: /home/chotu/Beginner_Tutorials_Ros2/install/serverpublisher/local/lib/python3.10/dist-packages/serverpublisher/msg/_num.py\n'}
[13.843166] (serverpublisher) StdoutLine: {'line': b'-- Installing: /home/chotu/Beginner_Tutorials_Ros2/install/serverpublisher/local/lib/python3.10/dist-packages/serverpublisher/msg/__init__.py\n'}
[13.843231] (serverpublisher) StdoutLine: {'line': b'-- Installing: /home/chotu/Beginner_Tutorials_Ros2/install/serverpublisher/local/lib/python3.10/dist-packages/serverpublisher/msg/_sphere_s.c\n'}
[13.843317] (serverpublisher) StdoutLine: {'line': b'-- Installing: /home/chotu/Beginner_Tutorials_Ros2/install/serverpublisher/local/lib/python3.10/dist-packages/serverpublisher/msg/_data.py\n'}
[13.843379] (serverpublisher) StdoutLine: {'line': b'-- Installing: /home/chotu/Beginner_Tutorials_Ros2/install/serverpublisher/local/lib/python3.10/dist-packages/serverpublisher/msg/_data_s.c\n'}
[13.843439] (serverpublisher) StdoutLine: {'line': b'-- Installing: /home/chotu/Beginner_Tutorials_Ros2/install/serverpublisher/local/lib/python3.10/dist-packages/serverpublisher/msg/_sphere.py\n'}
[13.843523] (serverpublisher) StdoutLine: {'line': b'-- Installing: /home/chotu/Beginner_Tutorials_Ros2/install/serverpublisher/local/lib/python3.10/dist-packages/serverpublisher/msg/_num_s.c\n'}
[13.843587] (serverpublisher) StdoutLine: {'line': b'-- Installing: /home/chotu/Beginner_Tutorials_Ros2/install/serverpublisher/local/lib/python3.10/dist-packages/serverpublisher/serverpublisher_s__rosidl_typesupport_introspection_c.cpython-310-x86_64-linux-gnu.so\n'}
[13.843671] (serverpublisher) StdoutLine: {'line': b'-- Installing: /home/chotu/Beginner_Tutorials_Ros2/install/serverpublisher/local/lib/python3.10/dist-packages/serverpublisher/__init__.py\n'}
[13.843744] (serverpublisher) StdoutLine: {'line': b'-- Installing: /home/chotu/Beginner_Tutorials_Ros2/install/serverpublisher/local/lib/python3.10/dist-packages/serverpublisher/srv\n'}
[13.843789] (serverpublisher) StdoutLine: {'line': b'-- Installing: /home/chotu/Beginner_Tutorials_Ros2/install/serverpublisher/local/lib/python3.10/dist-packages/serverpublisher/srv/__init__.py\n'}
[13.843834] (serverpublisher) StdoutLine: {'line': b'-- Installing: /home/chotu/Beginner_Tutorials_Ros2/install/serverpublisher/local/lib/python3.10/dist-packages/serverpublisher/srv/_add_three_ints_s.c\n'}
[13.843893] (serverpublisher) StdoutLine: {'line': b'-- Installing: /home/chotu/Beginner_Tutorials_Ros2/install/serverpublisher/local/lib/python3.10/dist-packages/serverpublisher/srv/_add_three_ints.py\n'}
[13.843938] (serverpublisher) StdoutLine: {'line': b'-- Installing: /home/chotu/Beginner_Tutorials_Ros2/install/serverpublisher/local/lib/python3.10/dist-packages/serverpublisher/srv/_change_string.py\n'}
[13.843998] (serverpublisher) StdoutLine: {'line': b'-- Installing: /home/chotu/Beginner_Tutorials_Ros2/install/serverpublisher/local/lib/python3.10/dist-packages/serverpublisher/srv/_change_string_s.c\n'}
[13.844044] (serverpublisher) StdoutLine: {'line': b'-- Installing: /home/chotu/Beginner_Tutorials_Ros2/install/serverpublisher/local/lib/python3.10/dist-packages/serverpublisher/serverpublisher_s__rosidl_typesupport_c.cpython-310-x86_64-linux-gnu.so\n'}
[13.844096] (serverpublisher) StdoutLine: {'line': b'-- Installing: /home/chotu/Beginner_Tutorials_Ros2/install/serverpublisher/local/lib/python3.10/dist-packages/serverpublisher/_serverpublisher_s.ep.rosidl_typesupport_fastrtps_c.c\n'}
[13.844170] (serverpublisher) StdoutLine: {'line': b'-- Installing: /home/chotu/Beginner_Tutorials_Ros2/install/serverpublisher/local/lib/python3.10/dist-packages/serverpublisher/_serverpublisher_s.ep.rosidl_typesupport_introspection_c.c\n'}
[13.844259] (serverpublisher) StdoutLine: {'line': b'-- Installing: /home/chotu/Beginner_Tutorials_Ros2/install/serverpublisher/local/lib/python3.10/dist-packages/serverpublisher/libserverpublisher__rosidl_generator_py.so\n'}
[13.844471] (serverpublisher) StdoutLine: {'line': b'-- Installing: /home/chotu/Beginner_Tutorials_Ros2/install/serverpublisher/local/lib/python3.10/dist-packages/serverpublisher/serverpublisher_s__rosidl_typesupport_fastrtps_c.cpython-310-x86_64-linux-gnu.so\n'}
[13.844571] (serverpublisher) StdoutLine: {'line': b'-- Installing: /home/chotu/Beginner_Tutorials_Ros2/install/serverpublisher/local/lib/python3.10/dist-packages/serverpublisher/_serverpublisher_s.ep.rosidl_typesupport_c.c\n'}
[13.874673] (serverpublisher) StdoutLine: {'line': b"Listing '/home/chotu/Beginner_Tutorials_Ros2/install/serverpublisher/local/lib/python3.10/dist-packages/serverpublisher'...\n"}
[13.874800] (serverpublisher) StdoutLine: {'line': b"Compiling '/home/chotu/Beginner_Tutorials_Ros2/install/serverpublisher/local/lib/python3.10/dist-packages/serverpublisher/__init__.py'...\n"}
[13.874858] (serverpublisher) StdoutLine: {'line': b"Listing '/home/chotu/Beginner_Tutorials_Ros2/install/serverpublisher/local/lib/python3.10/dist-packages/serverpublisher/msg'...\n"}
[13.874908] (serverpublisher) StdoutLine: {'line': b"Compiling '/home/chotu/Beginner_Tutorials_Ros2/install/serverpublisher/local/lib/python3.10/dist-packages/serverpublisher/msg/__init__.py'...\n"}
[13.874954] (serverpublisher) StdoutLine: {'line': b"Compiling '/home/chotu/Beginner_Tutorials_Ros2/install/serverpublisher/local/lib/python3.10/dist-packages/serverpublisher/msg/_data.py'...\n"}
[13.874997] (serverpublisher) StdoutLine: {'line': b"Compiling '/home/chotu/Beginner_Tutorials_Ros2/install/serverpublisher/local/lib/python3.10/dist-packages/serverpublisher/msg/_num.py'...\n"}
[13.875039] (serverpublisher) StdoutLine: {'line': b"Compiling '/home/chotu/Beginner_Tutorials_Ros2/install/serverpublisher/local/lib/python3.10/dist-packages/serverpublisher/msg/_sphere.py'...\n"}
[13.875080] (serverpublisher) StdoutLine: {'line': b"Listing '/home/chotu/Beginner_Tutorials_Ros2/install/serverpublisher/local/lib/python3.10/dist-packages/serverpublisher/srv'...\n"}
[13.875120] (serverpublisher) StdoutLine: {'line': b"Compiling '/home/chotu/Beginner_Tutorials_Ros2/install/serverpublisher/local/lib/python3.10/dist-packages/serverpublisher/srv/__init__.py'...\n"}
[13.875161] (serverpublisher) StdoutLine: {'line': b"Compiling '/home/chotu/Beginner_Tutorials_Ros2/install/serverpublisher/local/lib/python3.10/dist-packages/serverpublisher/srv/_add_three_ints.py'...\n"}
[13.875201] (serverpublisher) StdoutLine: {'line': b"Compiling '/home/chotu/Beginner_Tutorials_Ros2/install/serverpublisher/local/lib/python3.10/dist-packages/serverpublisher/srv/_change_string.py'...\n"}
[13.877436] (serverpublisher) StdoutLine: {'line': b'-- Installing: /home/chotu/Beginner_Tutorials_Ros2/install/serverpublisher/local/lib/python3.10/dist-packages/serverpublisher/serverpublisher_s__rosidl_typesupport_fastrtps_c.cpython-310-x86_64-linux-gnu.so\n'}
[13.877705] (serverpublisher) StdoutLine: {'line': b'-- Set runtime path of "/home/chotu/Beginner_Tutorials_Ros2/install/serverpublisher/local/lib/python3.10/dist-packages/serverpublisher/serverpublisher_s__rosidl_typesupport_fastrtps_c.cpython-310-x86_64-linux-gnu.so" to ""\n'}
[13.877844] (serverpublisher) StdoutLine: {'line': b'-- Installing: /home/chotu/Beginner_Tutorials_Ros2/install/serverpublisher/local/lib/python3.10/dist-packages/serverpublisher/serverpublisher_s__rosidl_typesupport_introspection_c.cpython-310-x86_64-linux-gnu.so\n'}
[13.878084] (serverpublisher) StdoutLine: {'line': b'-- Set runtime path of "/home/chotu/Beginner_Tutorials_Ros2/install/serverpublisher/local/lib/python3.10/dist-packages/serverpublisher/serverpublisher_s__rosidl_typesupport_introspection_c.cpython-310-x86_64-linux-gnu.so" to ""\n'}
[13.878212] (serverpublisher) StdoutLine: {'line': b'-- Installing: /home/chotu/Beginner_Tutorials_Ros2/install/serverpublisher/local/lib/python3.10/dist-packages/serverpublisher/serverpublisher_s__rosidl_typesupport_c.cpython-310-x86_64-linux-gnu.so\n'}
[13.878455] (serverpublisher) StdoutLine: {'line': b'-- Set runtime path of "/home/chotu/Beginner_Tutorials_Ros2/install/serverpublisher/local/lib/python3.10/dist-packages/serverpublisher/serverpublisher_s__rosidl_typesupport_c.cpython-310-x86_64-linux-gnu.so" to ""\n'}
[13.878568] (serverpublisher) StdoutLine: {'line': b'-- Installing: /home/chotu/Beginner_Tutorials_Ros2/install/serverpublisher/lib/libserverpublisher__rosidl_generator_py.so\n'}
[13.878814] (serverpublisher) StdoutLine: {'line': b'-- Set runtime path of "/home/chotu/Beginner_Tutorials_Ros2/install/serverpublisher/lib/libserverpublisher__rosidl_generator_py.so" to ""\n'}
[13.878936] (serverpublisher) StdoutLine: {'line': b'-- Installing: /home/chotu/Beginner_Tutorials_Ros2/install/serverpublisher/share/serverpublisher/msg/Num.idl\n'}
[13.879017] (serverpublisher) StdoutLine: {'line': b'-- Installing: /home/chotu/Beginner_Tutorials_Ros2/install/serverpublisher/share/serverpublisher/msg/Sphere.idl\n'}
[13.879088] (serverpublisher) StdoutLine: {'line': b'-- Installing: /home/chotu/Beginner_Tutorials_Ros2/install/serverpublisher/share/serverpublisher/msg/Data.idl\n'}
[13.879161] (serverpublisher) StdoutLine: {'line': b'-- Installing: /home/chotu/Beginner_Tutorials_Ros2/install/serverpublisher/share/serverpublisher/srv/AddThreeInts.idl\n'}
[13.879236] (serverpublisher) StdoutLine: {'line': b'-- Installing: /home/chotu/Beginner_Tutorials_Ros2/install/serverpublisher/share/serverpublisher/srv/ChangeString.idl\n'}
[13.879308] (serverpublisher) StdoutLine: {'line': b'-- Installing: /home/chotu/Beginner_Tutorials_Ros2/install/serverpublisher/share/serverpublisher/msg/Num.msg\n'}
[13.879377] (serverpublisher) StdoutLine: {'line': b'-- Installing: /home/chotu/Beginner_Tutorials_Ros2/install/serverpublisher/share/serverpublisher/msg/Sphere.msg\n'}
[13.879455] (serverpublisher) StdoutLine: {'line': b'-- Installing: /home/chotu/Beginner_Tutorials_Ros2/install/serverpublisher/share/serverpublisher/msg/Data.msg\n'}
[13.879541] (serverpublisher) StdoutLine: {'line': b'-- Installing: /home/chotu/Beginner_Tutorials_Ros2/install/serverpublisher/share/serverpublisher/srv/AddThreeInts.srv\n'}
[13.879620] (serverpublisher) StdoutLine: {'line': b'-- Installing: /home/chotu/Beginner_Tutorials_Ros2/install/serverpublisher/share/serverpublisher/srv/AddThreeInts_Request.msg\n'}
[13.879701] (serverpublisher) StdoutLine: {'line': b'-- Installing: /home/chotu/Beginner_Tutorials_Ros2/install/serverpublisher/share/serverpublisher/srv/AddThreeInts_Response.msg\n'}
[13.879781] (serverpublisher) StdoutLine: {'line': b'-- Installing: /home/chotu/Beginner_Tutorials_Ros2/install/serverpublisher/share/serverpublisher/srv/ChangeString.srv\n'}
[13.879861] (serverpublisher) StdoutLine: {'line': b'-- Installing: /home/chotu/Beginner_Tutorials_Ros2/install/serverpublisher/share/serverpublisher/srv/ChangeString_Request.msg\n'}
[13.879944] (serverpublisher) StdoutLine: {'line': b'-- Installing: /home/chotu/Beginner_Tutorials_Ros2/install/serverpublisher/share/serverpublisher/srv/ChangeString_Response.msg\n'}
[13.880071] (serverpublisher) StdoutLine: {'line': b'-- Installing: /home/chotu/Beginner_Tutorials_Ros2/install/serverpublisher/lib/serverpublisher/test_serverpublisher\n'}
[13.885912] (serverpublisher) StdoutLine: {'line': b'-- Set runtime path of "/home/chotu/Beginner_Tutorials_Ros2/install/serverpublisher/lib/serverpublisher/test_serverpublisher" to ""\n'}
[13.885985] (serverpublisher) StdoutLine: {'line': b'-- Installing: /home/chotu/Beginner_Tutorials_Ros2/install/serverpublisher/lib/serverpublisher/talker\n'}
[13.901917] (serverpublisher) StdoutLine: {'line': b'-- Set runtime path of "/home/chotu/Beginner_Tutorials_Ros2/install/serverpublisher/lib/serverpublisher/talker" to ""\n'}
[13.902077] (serverpublisher) StdoutLine: {'line': b'-- Installing: /home/chotu/Beginner_Tutorials_Ros2/install/serverpublisher/lib/serverpublisher/talkerandlistner\n'}
[13.919685] (serverpublisher) StdoutLine: {'line': b'-- Set runtime path of "/home/chotu/Beginner_Tutorials_Ros2/install/serverpublisher/lib/serverpublisher/talkerandlistner" to ""\n'}
[13.919853] (serverpublisher) StdoutLine: {'line': b'-- Installing: /home/chotu/Beginner_Tutorials_Ros2/install/serverpublisher/lib/serverpublisher/server\n'}
[13.922013] (serverpublisher) StdoutLine: {'line': b'-- Set runtime path of "/home/chotu/Beginner_Tutorials_Ros2/install/serverpublisher/lib/serverpublisher/server" to ""\n'}
[13.922127] (serverpublisher) StdoutLine: {'line': b'-- Installing: /home/chotu/Beginner_Tutorials_Ros2/install/serverpublisher/share/serverpublisher/launch\n'}
[13.922209] (serverpublisher) StdoutLine: {'line': b'-- Installing: /home/chotu/Beginner_Tutorials_Ros2/install/serverpublisher/share/serverpublisher/launch/cpp_pubsub_launch.py\n'}
[13.923258] (serverpublisher) StdoutLine: {'line': b'-- Installing: /home/chotu/Beginner_Tutorials_Ros2/install/serverpublisher/share/serverpublisher/launch/rosbag_launch.py\n'}
[13.923461] (serverpublisher) StdoutLine: {'line': b'-- Installing: /home/chotu/Beginner_Tutorials_Ros2/install/serverpublisher/share/serverpublisher/launch/bag_launch.py\n'}
[13.923725] (serverpublisher) StdoutLine: {'line': b'-- Installing: /home/chotu/Beginner_Tutorials_Ros2/install/serverpublisher/share/ament_index/resource_index/package_run_dependencies/serverpublisher\n'}
[13.923864] (serverpublisher) StdoutLine: {'line': b'-- Installing: /home/chotu/Beginner_Tutorials_Ros2/install/serverpublisher/share/ament_index/resource_index/parent_prefix_path/serverpublisher\n'}
[13.923974] (serverpublisher) StdoutLine: {'line': b'-- Installing: /home/chotu/Beginner_Tutorials_Ros2/install/serverpublisher/share/serverpublisher/environment/ament_prefix_path.sh\n'}
[13.924079] (serverpublisher) StdoutLine: {'line': b'-- Installing: /home/chotu/Beginner_Tutorials_Ros2/install/serverpublisher/share/serverpublisher/environment/ament_prefix_path.dsv\n'}
[13.924172] (serverpublisher) StdoutLine: {'line': b'-- Installing: /home/chotu/Beginner_Tutorials_Ros2/install/serverpublisher/share/serverpublisher/environment/path.sh\n'}
[13.924260] (serverpublisher) StdoutLine: {'line': b'-- Installing: /home/chotu/Beginner_Tutorials_Ros2/install/serverpublisher/share/serverpublisher/environment/path.dsv\n'}
[13.924373] (serverpublisher) StdoutLine: {'line': b'-- Installing: /home/chotu/Beginner_Tutorials_Ros2/install/serverpublisher/share/serverpublisher/local_setup.bash\n'}
[13.924461] (serverpublisher) StdoutLine: {'line': b'-- Installing: /home/chotu/Beginner_Tutorials_Ros2/install/serverpublisher/share/serverpublisher/local_setup.sh\n'}
[13.924544] (serverpublisher) StdoutLine: {'line': b'-- Installing: /home/chotu/Beginner_Tutorials_Ros2/install/serverpublisher/share/serverpublisher/local_setup.zsh\n'}
[13.924634] (serverpublisher) StdoutLine: {'line': b'-- Installing: /home/chotu/Beginner_Tutorials_Ros2/install/serverpublisher/share/serverpublisher/local_setup.dsv\n'}
[13.924718] (serverpublisher) StdoutLine: {'line': b'-- Installing: /home/chotu/Beginner_Tutorials_Ros2/install/serverpublisher/share/serverpublisher/package.dsv\n'}
[13.924799] (serverpublisher) StdoutLine: {'line': b'-- Installing: /home/chotu/Beginner_Tutorials_Ros2/install/serverpublisher/share/ament_index/resource_index/packages/serverpublisher\n'}
[13.924878] (serverpublisher) StdoutLine: {'line': b'-- Installing: /home/chotu/Beginner_Tutorials_Ros2/install/serverpublisher/share/serverpublisher/cmake/export_serverpublisher__rosidl_generator_cExport.cmake\n'}
[13.924964] (serverpublisher) StdoutLine: {'line': b'-- Installing: /home/chotu/Beginner_Tutorials_Ros2/install/serverpublisher/share/serverpublisher/cmake/export_serverpublisher__rosidl_generator_cExport-debug.cmake\n'}
[13.925048] (serverpublisher) StdoutLine: {'line': b'-- Installing: /home/chotu/Beginner_Tutorials_Ros2/install/serverpublisher/share/serverpublisher/cmake/export_serverpublisher__rosidl_typesupport_fastrtps_cExport.cmake\n'}
[13.925129] (serverpublisher) StdoutLine: {'line': b'-- Installing: /home/chotu/Beginner_Tutorials_Ros2/install/serverpublisher/share/serverpublisher/cmake/export_serverpublisher__rosidl_typesupport_fastrtps_cExport-debug.cmake\n'}
[13.925210] (serverpublisher) StdoutLine: {'line': b'-- Installing: /home/chotu/Beginner_Tutorials_Ros2/install/serverpublisher/share/serverpublisher/cmake/export_serverpublisher__rosidl_generator_cppExport.cmake\n'}
[13.925292] (serverpublisher) StdoutLine: {'line': b'-- Installing: /home/chotu/Beginner_Tutorials_Ros2/install/serverpublisher/share/serverpublisher/cmake/export_serverpublisher__rosidl_typesupport_fastrtps_cppExport.cmake\n'}
[13.925371] (serverpublisher) StdoutLine: {'line': b'-- Installing: /home/chotu/Beginner_Tutorials_Ros2/install/serverpublisher/share/serverpublisher/cmake/export_serverpublisher__rosidl_typesupport_fastrtps_cppExport-debug.cmake\n'}
[13.925453] (serverpublisher) StdoutLine: {'line': b'-- Installing: /home/chotu/Beginner_Tutorials_Ros2/install/serverpublisher/share/serverpublisher/cmake/serverpublisher__rosidl_typesupport_introspection_cExport.cmake\n'}
[13.925533] (serverpublisher) StdoutLine: {'line': b'-- Installing: /home/chotu/Beginner_Tutorials_Ros2/install/serverpublisher/share/serverpublisher/cmake/serverpublisher__rosidl_typesupport_introspection_cExport-debug.cmake\n'}
[13.925614] (serverpublisher) StdoutLine: {'line': b'-- Installing: /home/chotu/Beginner_Tutorials_Ros2/install/serverpublisher/share/serverpublisher/cmake/serverpublisher__rosidl_typesupport_cExport.cmake\n'}
[13.925691] (serverpublisher) StdoutLine: {'line': b'-- Installing: /home/chotu/Beginner_Tutorials_Ros2/install/serverpublisher/share/serverpublisher/cmake/serverpublisher__rosidl_typesupport_cExport-debug.cmake\n'}
[13.925773] (serverpublisher) StdoutLine: {'line': b'-- Installing: /home/chotu/Beginner_Tutorials_Ros2/install/serverpublisher/share/serverpublisher/cmake/serverpublisher__rosidl_typesupport_introspection_cppExport.cmake\n'}
[13.925848] (serverpublisher) StdoutLine: {'line': b'-- Installing: /home/chotu/Beginner_Tutorials_Ros2/install/serverpublisher/share/serverpublisher/cmake/serverpublisher__rosidl_typesupport_introspection_cppExport-debug.cmake\n'}
[13.925929] (serverpublisher) StdoutLine: {'line': b'-- Installing: /home/chotu/Beginner_Tutorials_Ros2/install/serverpublisher/share/serverpublisher/cmake/serverpublisher__rosidl_typesupport_cppExport.cmake\n'}
[13.926007] (serverpublisher) StdoutLine: {'line': b'-- Installing: /home/chotu/Beginner_Tutorials_Ros2/install/serverpublisher/share/serverpublisher/cmake/serverpublisher__rosidl_typesupport_cppExport-debug.cmake\n'}
[13.926087] (serverpublisher) StdoutLine: {'line': b'-- Installing: /home/chotu/Beginner_Tutorials_Ros2/install/serverpublisher/share/serverpublisher/cmake/export_serverpublisher__rosidl_generator_pyExport.cmake\n'}
[13.926163] (serverpublisher) StdoutLine: {'line': b'-- Installing: /home/chotu/Beginner_Tutorials_Ros2/install/serverpublisher/share/serverpublisher/cmake/export_serverpublisher__rosidl_generator_pyExport-debug.cmake\n'}
[13.926239] (serverpublisher) StdoutLine: {'line': b'-- Installing: /home/chotu/Beginner_Tutorials_Ros2/install/serverpublisher/share/serverpublisher/cmake/rosidl_cmake-extras.cmake\n'}
[13.926311] (serverpublisher) StdoutLine: {'line': b'-- Installing: /home/chotu/Beginner_Tutorials_Ros2/install/serverpublisher/share/serverpublisher/cmake/ament_cmake_export_dependencies-extras.cmake\n'}
[13.926387] (serverpublisher) StdoutLine: {'line': b'-- Installing: /home/chotu/Beginner_Tutorials_Ros2/install/serverpublisher/share/serverpublisher/cmake/ament_cmake_export_include_directories-extras.cmake\n'}
[13.926457] (serverpublisher) StdoutLine: {'line': b'-- Installing: /home/chotu/Beginner_Tutorials_Ros2/install/serverpublisher/share/serverpublisher/cmake/ament_cmake_export_libraries-extras.cmake\n'}
[13.926535] (serverpublisher) StdoutLine: {'line': b'-- Installing: /home/chotu/Beginner_Tutorials_Ros2/install/serverpublisher/share/serverpublisher/cmake/ament_cmake_export_targets-extras.cmake\n'}
[13.926606] (serverpublisher) StdoutLine: {'line': b'-- Installing: /home/chotu/Beginner_Tutorials_Ros2/install/serverpublisher/share/serverpublisher/cmake/rosidl_cmake_export_typesupport_targets-extras.cmake\n'}
[13.926680] (serverpublisher) StdoutLine: {'line': b'-- Installing: /home/chotu/Beginner_Tutorials_Ros2/install/serverpublisher/share/serverpublisher/cmake/rosidl_cmake_export_typesupport_libraries-extras.cmake\n'}
[13.926754] (serverpublisher) StdoutLine: {'line': b'-- Installing: /home/chotu/Beginner_Tutorials_Ros2/install/serverpublisher/share/serverpublisher/cmake/serverpublisherConfig.cmake\n'}
[13.926817] (serverpublisher) StdoutLine: {'line': b'-- Installing: /home/chotu/Beginner_Tutorials_Ros2/install/serverpublisher/share/serverpublisher/cmake/serverpublisherConfig-version.cmake\n'}
[13.926878] (serverpublisher) StdoutLine: {'line': b'-- Installing: /home/chotu/Beginner_Tutorials_Ros2/install/serverpublisher/share/serverpublisher/package.xml\n'}
[13.928482] (serverpublisher) CommandEnded: {'returncode': 0}
[13.932498] (-) TimerEvent: {}
[14.018491] (serverpublisher) JobEnded: {'identifier': 'serverpublisher', 'rc': 0}
[14.019217] (-) EventReactorShutdown: {}
