[3.048s] Invoking command in '/home/sahruday/Documents/Github/Ros2/build/examples_rclpy_minimal_action_server': PYTHONPATH=/home/sahruday/Documents/Github/Ros2/install/examples_rclpy_minimal_action_server/lib/python3.10/site-packages:${PYTHONPATH} /usr/bin/python3 setup.py develop --prefix /home/sahruday/Documents/Github/Ros2/install/examples_rclpy_minimal_action_server --editable --build-directory /home/sahruday/Documents/Github/Ros2/build/examples_rclpy_minimal_action_server/build --no-deps install_data --install-dir /home/sahruday/Documents/Github/Ros2/install/examples_rclpy_minimal_action_server
[4.015s] running develop
[4.015s] /usr/lib/python3/dist-packages/setuptools/command/easy_install.py:158: EasyInstallDeprecationWarning: easy_install command is deprecated. Use build and pip and other standards-based tools.
[4.016s]   warnings.warn(
[4.018s] /usr/lib/python3/dist-packages/setuptools/command/install.py:34: SetuptoolsDeprecationWarning: setup.py install is deprecated. Use build and pip and other standards-based tools.
[4.018s]   warnings.warn(
[4.148s] /usr/lib/python3/dist-packages/pkg_resources/__init__.py:116: PkgResourcesDeprecationWarning: 1.1build1 is an invalid version and will not be supported in a future release
[4.149s]   warnings.warn(
[4.149s] /usr/lib/python3/dist-packages/pkg_resources/__init__.py:116: PkgResourcesDeprecationWarning: 0.1.43ubuntu1 is an invalid version and will not be supported in a future release
[4.149s]   warnings.warn(
[4.357s] running egg_info
[4.358s] writing examples_rclpy_minimal_action_server.egg-info/PKG-INFO
[4.358s] writing dependency_links to examples_rclpy_minimal_action_server.egg-info/dependency_links.txt
[4.359s] writing entry points to examples_rclpy_minimal_action_server.egg-info/entry_points.txt
[4.359s] writing requirements to examples_rclpy_minimal_action_server.egg-info/requires.txt
[4.359s] writing top-level names to examples_rclpy_minimal_action_server.egg-info/top_level.txt
[4.364s] reading manifest file 'examples_rclpy_minimal_action_server.egg-info/SOURCES.txt'
[4.365s] writing manifest file 'examples_rclpy_minimal_action_server.egg-info/SOURCES.txt'
[4.376s] running build_ext
[4.376s] Creating /home/sahruday/Documents/Github/Ros2/install/examples_rclpy_minimal_action_server/lib/python3.10/site-packages/examples-rclpy-minimal-action-server.egg-link (link to .)
[4.378s] Installing server script to /home/sahruday/Documents/Github/Ros2/install/examples_rclpy_minimal_action_server/lib/examples_rclpy_minimal_action_server
[4.378s] Installing server_defer script to /home/sahruday/Documents/Github/Ros2/install/examples_rclpy_minimal_action_server/lib/examples_rclpy_minimal_action_server
[4.379s] Installing server_not_composable script to /home/sahruday/Documents/Github/Ros2/install/examples_rclpy_minimal_action_server/lib/examples_rclpy_minimal_action_server
[4.379s] Installing server_queue_goals script to /home/sahruday/Documents/Github/Ros2/install/examples_rclpy_minimal_action_server/lib/examples_rclpy_minimal_action_server
[4.379s] Installing server_single_goal script to /home/sahruday/Documents/Github/Ros2/install/examples_rclpy_minimal_action_server/lib/examples_rclpy_minimal_action_server
[4.379s] 
[4.380s] Installed /home/sahruday/Documents/Github/Ros2/build/examples_rclpy_minimal_action_server
[4.380s] running install_data
[6.119s] Invoked command in '/home/sahruday/Documents/Github/Ros2/build/examples_rclpy_minimal_action_server' returned '0': PYTHONPATH=/home/sahruday/Documents/Github/Ros2/install/examples_rclpy_minimal_action_server/lib/python3.10/site-packages:${PYTHONPATH} /usr/bin/python3 setup.py develop --prefix /home/sahruday/Documents/Github/Ros2/install/examples_rclpy_minimal_action_server --editable --build-directory /home/sahruday/Documents/Github/Ros2/build/examples_rclpy_minimal_action_server/build --no-deps install_data --install-dir /home/sahruday/Documents/Github/Ros2/install/examples_rclpy_minimal_action_server
