-- The C compiler identification is GNU 11.3.0
-- The CXX compiler identification is GNU 11.3.0
-- Detecting C compiler ABI info
-- Detecting C compiler ABI info - done
-- Check for working C compiler: /usr/bin/cc - skipped
-- Detecting C compile features
-- Detecting C compile features - done
-- Detecting CXX compiler ABI info
-- Detecting CXX compiler ABI info - done
-- Check for working CXX compiler: /usr/bin/c++ - skipped
-- Detecting CXX compile features
-- Detecting CXX compile features - done
-- Found ament_cmake: 1.3.3 (/opt/ros/humble/share/ament_cmake/cmake)
-- Found Python3: /usr/bin/python3.10 (found version "3.10.6") found components: Interpreter 
-- Found rclcpp: 16.0.2 (/opt/ros/humble/share/rclcpp/cmake)
-- Found rosidl_generator_c: 3.1.4 (/opt/ros/humble/share/rosidl_generator_c/cmake)
-- Found rosidl_adapter: 3.1.4 (/opt/ros/humble/share/rosidl_adapter/cmake)
-- Found rosidl_generator_cpp: 3.1.4 (/opt/ros/humble/share/rosidl_generator_cpp/cmake)
-- Using all available rosidl_typesupport_c: rosidl_typesupport_fastrtps_c;rosidl_typesupport_introspection_c
-- Using all available rosidl_typesupport_cpp: rosidl_typesupport_fastrtps_cpp;rosidl_typesupport_introspection_cpp
-- Found rmw_implementation_cmake: 6.1.1 (/opt/ros/humble/share/rmw_implementation_cmake/cmake)
-- Found rmw_fastrtps_cpp: 6.2.2 (/opt/ros/humble/share/rmw_fastrtps_cpp/cmake)
-- Found OpenSSL: /usr/lib/x86_64-linux-gnu/libcrypto.so (found version "3.0.2")  
-- Found FastRTPS: /opt/ros/humble/include  
-- Using RMW implementation 'rmw_fastrtps_cpp' as default
-- Looking for pthread.h
-- Looking for pthread.h - found
-- Performing Test CMAKE_HAVE_LIBC_PTHREAD
-- Performing Test CMAKE_HAVE_LIBC_PTHREAD - Success
-- Found Threads: TRUE  
-- Found tf2: 0.25.1 (/opt/ros/humble/share/tf2/cmake)
-- Found tf2_ros: 0.25.1 (/opt/ros/humble/share/tf2_ros/cmake)
-- Found tutorial_interfaces: 0.0.0 (/home/chotu/Beginner_Tutorials_Ros2/install/tutorial_interfaces/share/tutorial_interfaces/cmake)
-- Found ament_cmake_gtest: 1.3.3 (/opt/ros/humble/share/ament_cmake_gtest/cmake)
-- Found ament_lint_auto: 0.12.4 (/opt/ros/humble/share/ament_lint_auto/cmake)
-- Added test 'pep257' to check Python code against some of the docstring style conventions in PEP 257
-- Added test 'clang_format' to check C / C++ code style
-- Configuring done
-- Generating done
-- Build files have been written to: /home/chotu/Beginner_Tutorials_Ros2/build/serverpublisher
[ 50%] [32mBuilding CXX object CMakeFiles/talkerandlistner.dir/src/pub_sub_node.cpp.o[0m
[ 50%] [32mBuilding CXX object CMakeFiles/client_string.dir/src/client_change_string.cpp.o[0m
[ 50%] [32mBuilding CXX object CMakeFiles/stringserver.dir/src/change_string_server.cpp.o[0m
[ 50%] [32mBuilding CXX object CMakeFiles/talker.dir/src/publisher_member_function.cpp.o[0m
[ 50%] [32mBuilding CXX object CMakeFiles/static_transform_publisher.dir/src/static_transform_publisher.cpp.o[0m
[ 50%] [32mBuilding CXX object CMakeFiles/server.dir/src/add_two_ints_server.cpp.o[0m
[ 58%] [32m[1mLinking CXX executable server[0m
[ 66%] [32m[1mLinking CXX executable stringserver[0m
[ 66%] Built target server
[ 66%] Built target stringserver
[ 75%] [32m[1mLinking CXX executable static_transform_publisher[0m
[ 75%] Built target static_transform_publisher
[ 83%] [32m[1mLinking CXX executable client_string[0m
[ 83%] Built target client_string
[ 91%] [32m[1mLinking CXX executable talker[0m
[100%] [32m[1mLinking CXX executable talkerandlistner[0m
[100%] Built target talker
[100%] Built target talkerandlistner
-- Install configuration: ""
-- Installing: /home/chotu/Beginner_Tutorials_Ros2/install/serverpublisher/lib/serverpublisher/talker
-- Set runtime path of "/home/chotu/Beginner_Tutorials_Ros2/install/serverpublisher/lib/serverpublisher/talker" to ""
-- Installing: /home/chotu/Beginner_Tutorials_Ros2/install/serverpublisher/lib/serverpublisher/talkerandlistner
-- Set runtime path of "/home/chotu/Beginner_Tutorials_Ros2/install/serverpublisher/lib/serverpublisher/talkerandlistner" to ""
-- Installing: /home/chotu/Beginner_Tutorials_Ros2/install/serverpublisher/lib/serverpublisher/server
-- Set runtime path of "/home/chotu/Beginner_Tutorials_Ros2/install/serverpublisher/lib/serverpublisher/server" to ""
-- Installing: /home/chotu/Beginner_Tutorials_Ros2/install/serverpublisher/lib/serverpublisher/stringserver
-- Set runtime path of "/home/chotu/Beginner_Tutorials_Ros2/install/serverpublisher/lib/serverpublisher/stringserver" to ""
-- Installing: /home/chotu/Beginner_Tutorials_Ros2/install/serverpublisher/lib/serverpublisher/static_transform_publisher
-- Set runtime path of "/home/chotu/Beginner_Tutorials_Ros2/install/serverpublisher/lib/serverpublisher/static_transform_publisher" to ""
-- Installing: /home/chotu/Beginner_Tutorials_Ros2/install/serverpublisher/lib/serverpublisher/client_string
-- Set runtime path of "/home/chotu/Beginner_Tutorials_Ros2/install/serverpublisher/lib/serverpublisher/client_string" to ""
-- Installing: /home/chotu/Beginner_Tutorials_Ros2/install/serverpublisher/share/serverpublisher/launch
-- Installing: /home/chotu/Beginner_Tutorials_Ros2/install/serverpublisher/share/serverpublisher/launch/cpp_pubsub_launch.py
-- Installing: /home/chotu/Beginner_Tutorials_Ros2/install/serverpublisher/share/serverpublisher/launch/rosbag_launch.py
-- Installing: /home/chotu/Beginner_Tutorials_Ros2/install/serverpublisher/share/serverpublisher/launch/bag_launch.py
-- Installing: /home/chotu/Beginner_Tutorials_Ros2/install/serverpublisher/share/ament_index/resource_index/package_run_dependencies/serverpublisher
-- Installing: /home/chotu/Beginner_Tutorials_Ros2/install/serverpublisher/share/ament_index/resource_index/parent_prefix_path/serverpublisher
-- Installing: /home/chotu/Beginner_Tutorials_Ros2/install/serverpublisher/share/serverpublisher/environment/ament_prefix_path.sh
-- Installing: /home/chotu/Beginner_Tutorials_Ros2/install/serverpublisher/share/serverpublisher/environment/ament_prefix_path.dsv
-- Installing: /home/chotu/Beginner_Tutorials_Ros2/install/serverpublisher/share/serverpublisher/environment/path.sh
-- Installing: /home/chotu/Beginner_Tutorials_Ros2/install/serverpublisher/share/serverpublisher/environment/path.dsv
-- Installing: /home/chotu/Beginner_Tutorials_Ros2/install/serverpublisher/share/serverpublisher/local_setup.bash
-- Installing: /home/chotu/Beginner_Tutorials_Ros2/install/serverpublisher/share/serverpublisher/local_setup.sh
-- Installing: /home/chotu/Beginner_Tutorials_Ros2/install/serverpublisher/share/serverpublisher/local_setup.zsh
-- Installing: /home/chotu/Beginner_Tutorials_Ros2/install/serverpublisher/share/serverpublisher/local_setup.dsv
-- Installing: /home/chotu/Beginner_Tutorials_Ros2/install/serverpublisher/share/serverpublisher/package.dsv
-- Installing: /home/chotu/Beginner_Tutorials_Ros2/install/serverpublisher/share/ament_index/resource_index/packages/serverpublisher
-- Installing: /home/chotu/Beginner_Tutorials_Ros2/install/serverpublisher/share/serverpublisher/cmake/serverpublisherConfig.cmake
-- Installing: /home/chotu/Beginner_Tutorials_Ros2/install/serverpublisher/share/serverpublisher/cmake/serverpublisherConfig-version.cmake
-- Installing: /home/chotu/Beginner_Tutorials_Ros2/install/serverpublisher/share/serverpublisher/package.xml
