[3.145s] Invoking command in '/home/sahruday/ros2_ws/build/examples_rclpy_minimal_action_client': PYTHONPATH=/home/sahruday/ros2_ws/install/examples_rclpy_minimal_action_client/lib/python3.10/site-packages:${PYTHONPATH} /usr/bin/python3 setup.py develop --prefix /home/sahruday/ros2_ws/install/examples_rclpy_minimal_action_client --uninstall --editable --build-directory /home/sahruday/ros2_ws/build/examples_rclpy_minimal_action_client/build
[4.134s] running develop
[4.134s] /usr/lib/python3/dist-packages/setuptools/command/easy_install.py:158: EasyInstallDeprecationWarning: easy_install command is deprecated. Use build and pip and other standards-based tools.
[4.134s]   warnings.warn(
[4.134s] /usr/lib/python3/dist-packages/setuptools/command/install.py:34: SetuptoolsDeprecationWarning: setup.py install is deprecated. Use build and pip and other standards-based tools.
[4.134s]   warnings.warn(
[4.135s] /usr/lib/python3/dist-packages/pkg_resources/__init__.py:116: PkgResourcesDeprecationWarning: 1.1build1 is an invalid version and will not be supported in a future release
[4.135s]   warnings.warn(
[4.135s] /usr/lib/python3/dist-packages/pkg_resources/__init__.py:116: PkgResourcesDeprecationWarning: 0.1.43ubuntu1 is an invalid version and will not be supported in a future release
[4.135s]   warnings.warn(
[4.157s] Invoked command in '/home/sahruday/ros2_ws/build/examples_rclpy_minimal_action_client' returned '0': PYTHONPATH=/home/sahruday/ros2_ws/install/examples_rclpy_minimal_action_client/lib/python3.10/site-packages:${PYTHONPATH} /usr/bin/python3 setup.py develop --prefix /home/sahruday/ros2_ws/install/examples_rclpy_minimal_action_client --uninstall --editable --build-directory /home/sahruday/ros2_ws/build/examples_rclpy_minimal_action_client/build
[4.157s] Invoking command in '/home/sahruday/ros2_ws/src/examples/rclpy/actions/minimal_action_client': PYTHONPATH=/home/sahruday/ros2_ws/install/examples_rclpy_minimal_action_client/lib/python3.10/site-packages:${PYTHONPATH} /usr/bin/python3 setup.py egg_info --egg-base ../../../../../build/examples_rclpy_minimal_action_client build --build-base /home/sahruday/ros2_ws/build/examples_rclpy_minimal_action_client/build install --prefix /home/sahruday/ros2_ws/install/examples_rclpy_minimal_action_client --record /home/sahruday/ros2_ws/build/examples_rclpy_minimal_action_client/install.log --single-version-externally-managed
[4.666s] running egg_info
[4.666s] writing ../../../../../build/examples_rclpy_minimal_action_client/examples_rclpy_minimal_action_client.egg-info/PKG-INFO
[4.666s] writing dependency_links to ../../../../../build/examples_rclpy_minimal_action_client/examples_rclpy_minimal_action_client.egg-info/dependency_links.txt
[4.667s] writing entry points to ../../../../../build/examples_rclpy_minimal_action_client/examples_rclpy_minimal_action_client.egg-info/entry_points.txt
[4.667s] writing requirements to ../../../../../build/examples_rclpy_minimal_action_client/examples_rclpy_minimal_action_client.egg-info/requires.txt
[4.667s] writing top-level names to ../../../../../build/examples_rclpy_minimal_action_client/examples_rclpy_minimal_action_client.egg-info/top_level.txt
[4.668s] reading manifest file '../../../../../build/examples_rclpy_minimal_action_client/examples_rclpy_minimal_action_client.egg-info/SOURCES.txt'
[4.669s] writing manifest file '../../../../../build/examples_rclpy_minimal_action_client/examples_rclpy_minimal_action_client.egg-info/SOURCES.txt'
[4.669s] running build
[4.669s] running build_py
[4.669s] running install
[4.670s] /usr/lib/python3/dist-packages/setuptools/command/install.py:34: SetuptoolsDeprecationWarning: setup.py install is deprecated. Use build and pip and other standards-based tools.
[4.670s]   warnings.warn(
[4.670s] running install_lib
[4.673s] running install_data
[4.673s] running install_egg_info
[4.677s] removing '/home/sahruday/ros2_ws/install/examples_rclpy_minimal_action_client/lib/python3.10/site-packages/examples_rclpy_minimal_action_client-0.15.0-py3.10.egg-info' (and everything under it)
[4.677s] Copying ../../../../../build/examples_rclpy_minimal_action_client/examples_rclpy_minimal_action_client.egg-info to /home/sahruday/ros2_ws/install/examples_rclpy_minimal_action_client/lib/python3.10/site-packages/examples_rclpy_minimal_action_client-0.15.0-py3.10.egg-info
[4.677s] running install_scripts
[4.712s] Installing client script to /home/sahruday/ros2_ws/install/examples_rclpy_minimal_action_client/lib/examples_rclpy_minimal_action_client
[4.712s] Installing client_asyncio script to /home/sahruday/ros2_ws/install/examples_rclpy_minimal_action_client/lib/examples_rclpy_minimal_action_client
[4.712s] Installing client_cancel script to /home/sahruday/ros2_ws/install/examples_rclpy_minimal_action_client/lib/examples_rclpy_minimal_action_client
[4.712s] Installing client_not_composable script to /home/sahruday/ros2_ws/install/examples_rclpy_minimal_action_client/lib/examples_rclpy_minimal_action_client
[4.712s] writing list of installed files to '/home/sahruday/ros2_ws/build/examples_rclpy_minimal_action_client/install.log'
[4.748s] Invoked command in '/home/sahruday/ros2_ws/src/examples/rclpy/actions/minimal_action_client' returned '0': PYTHONPATH=/home/sahruday/ros2_ws/install/examples_rclpy_minimal_action_client/lib/python3.10/site-packages:${PYTHONPATH} /usr/bin/python3 setup.py egg_info --egg-base ../../../../../build/examples_rclpy_minimal_action_client build --build-base /home/sahruday/ros2_ws/build/examples_rclpy_minimal_action_client/build install --prefix /home/sahruday/ros2_ws/install/examples_rclpy_minimal_action_client --record /home/sahruday/ros2_ws/build/examples_rclpy_minimal_action_client/install.log --single-version-externally-managed
