[3.146s] Invoking command in '/home/sahruday/ros2_ws/build/examples_rclpy_minimal_service': PYTHONPATH=/home/sahruday/ros2_ws/install/examples_rclpy_minimal_service/lib/python3.10/site-packages:${PYTHONPATH} /usr/bin/python3 setup.py develop --prefix /home/sahruday/ros2_ws/install/examples_rclpy_minimal_service --uninstall --editable --build-directory /home/sahruday/ros2_ws/build/examples_rclpy_minimal_service/build
[3.777s] running develop
[3.777s] /usr/lib/python3/dist-packages/setuptools/command/easy_install.py:158: EasyInstallDeprecationWarning: easy_install command is deprecated. Use build and pip and other standards-based tools.
[3.777s]   warnings.warn(
[3.779s] /usr/lib/python3/dist-packages/setuptools/command/install.py:34: SetuptoolsDeprecationWarning: setup.py install is deprecated. Use build and pip and other standards-based tools.
[3.779s]   warnings.warn(
[3.881s] /usr/lib/python3/dist-packages/pkg_resources/__init__.py:116: PkgResourcesDeprecationWarning: 1.1build1 is an invalid version and will not be supported in a future release
[3.881s]   warnings.warn(
[3.882s] /usr/lib/python3/dist-packages/pkg_resources/__init__.py:116: PkgResourcesDeprecationWarning: 0.1.43ubuntu1 is an invalid version and will not be supported in a future release
[3.882s]   warnings.warn(
[4.031s] Invoked command in '/home/sahruday/ros2_ws/build/examples_rclpy_minimal_service' returned '0': PYTHONPATH=/home/sahruday/ros2_ws/install/examples_rclpy_minimal_service/lib/python3.10/site-packages:${PYTHONPATH} /usr/bin/python3 setup.py develop --prefix /home/sahruday/ros2_ws/install/examples_rclpy_minimal_service --uninstall --editable --build-directory /home/sahruday/ros2_ws/build/examples_rclpy_minimal_service/build
[4.032s] Invoking command in '/home/sahruday/ros2_ws/src/examples/rclpy/services/minimal_service': PYTHONPATH=/home/sahruday/ros2_ws/install/examples_rclpy_minimal_service/lib/python3.10/site-packages:${PYTHONPATH} /usr/bin/python3 setup.py egg_info --egg-base ../../../../../build/examples_rclpy_minimal_service build --build-base /home/sahruday/ros2_ws/build/examples_rclpy_minimal_service/build install --prefix /home/sahruday/ros2_ws/install/examples_rclpy_minimal_service --record /home/sahruday/ros2_ws/build/examples_rclpy_minimal_service/install.log --single-version-externally-managed
[4.359s] running egg_info
[4.359s] writing ../../../../../build/examples_rclpy_minimal_service/examples_rclpy_minimal_service.egg-info/PKG-INFO
[4.360s] writing dependency_links to ../../../../../build/examples_rclpy_minimal_service/examples_rclpy_minimal_service.egg-info/dependency_links.txt
[4.360s] writing entry points to ../../../../../build/examples_rclpy_minimal_service/examples_rclpy_minimal_service.egg-info/entry_points.txt
[4.360s] writing requirements to ../../../../../build/examples_rclpy_minimal_service/examples_rclpy_minimal_service.egg-info/requires.txt
[4.360s] writing top-level names to ../../../../../build/examples_rclpy_minimal_service/examples_rclpy_minimal_service.egg-info/top_level.txt
[4.361s] reading manifest file '../../../../../build/examples_rclpy_minimal_service/examples_rclpy_minimal_service.egg-info/SOURCES.txt'
[4.362s] writing manifest file '../../../../../build/examples_rclpy_minimal_service/examples_rclpy_minimal_service.egg-info/SOURCES.txt'
[4.362s] running build
[4.362s] running build_py
[4.362s] running install
[4.362s] /usr/lib/python3/dist-packages/setuptools/command/install.py:34: SetuptoolsDeprecationWarning: setup.py install is deprecated. Use build and pip and other standards-based tools.
[4.362s]   warnings.warn(
[4.362s] running install_lib
[4.364s] running install_data
[4.365s] running install_egg_info
[4.367s] removing '/home/sahruday/ros2_ws/install/examples_rclpy_minimal_service/lib/python3.10/site-packages/examples_rclpy_minimal_service-0.15.0-py3.10.egg-info' (and everything under it)
[4.367s] Copying ../../../../../build/examples_rclpy_minimal_service/examples_rclpy_minimal_service.egg-info to /home/sahruday/ros2_ws/install/examples_rclpy_minimal_service/lib/python3.10/site-packages/examples_rclpy_minimal_service-0.15.0-py3.10.egg-info
[4.368s] running install_scripts
[4.395s] Installing service script to /home/sahruday/ros2_ws/install/examples_rclpy_minimal_service/lib/examples_rclpy_minimal_service
[4.395s] Installing service_member_function script to /home/sahruday/ros2_ws/install/examples_rclpy_minimal_service/lib/examples_rclpy_minimal_service
[4.395s] writing list of installed files to '/home/sahruday/ros2_ws/build/examples_rclpy_minimal_service/install.log'
[4.414s] Invoked command in '/home/sahruday/ros2_ws/src/examples/rclpy/services/minimal_service' returned '0': PYTHONPATH=/home/sahruday/ros2_ws/install/examples_rclpy_minimal_service/lib/python3.10/site-packages:${PYTHONPATH} /usr/bin/python3 setup.py egg_info --egg-base ../../../../../build/examples_rclpy_minimal_service build --build-base /home/sahruday/ros2_ws/build/examples_rclpy_minimal_service/build install --prefix /home/sahruday/ros2_ws/install/examples_rclpy_minimal_service --record /home/sahruday/ros2_ws/build/examples_rclpy_minimal_service/install.log --single-version-externally-managed
