[2.883s] Invoking command in '/home/sahruday/ros2_ws/build/examples_rclpy_minimal_publisher': PYTHONPATH=/home/sahruday/ros2_ws/install/examples_rclpy_minimal_publisher/lib/python3.10/site-packages:${PYTHONPATH} /usr/bin/python3 setup.py develop --prefix /home/sahruday/ros2_ws/install/examples_rclpy_minimal_publisher --uninstall --editable --build-directory /home/sahruday/ros2_ws/build/examples_rclpy_minimal_publisher/build
[3.268s] running develop
[3.268s] /usr/lib/python3/dist-packages/setuptools/command/easy_install.py:158: EasyInstallDeprecationWarning: easy_install command is deprecated. Use build and pip and other standards-based tools.
[3.268s]   warnings.warn(
[3.269s] /usr/lib/python3/dist-packages/setuptools/command/install.py:34: SetuptoolsDeprecationWarning: setup.py install is deprecated. Use build and pip and other standards-based tools.
[3.269s]   warnings.warn(
[3.331s] /usr/lib/python3/dist-packages/pkg_resources/__init__.py:116: PkgResourcesDeprecationWarning: 1.1build1 is an invalid version and will not be supported in a future release
[3.331s]   warnings.warn(
[3.332s] /usr/lib/python3/dist-packages/pkg_resources/__init__.py:116: PkgResourcesDeprecationWarning: 0.1.43ubuntu1 is an invalid version and will not be supported in a future release
[3.332s]   warnings.warn(
[3.437s] Removing /home/sahruday/ros2_ws/install/examples_rclpy_minimal_publisher/lib/python3.10/site-packages/examples-rclpy-minimal-publisher.egg-link (link to .)
[3.467s] Invoked command in '/home/sahruday/ros2_ws/build/examples_rclpy_minimal_publisher' returned '0': PYTHONPATH=/home/sahruday/ros2_ws/install/examples_rclpy_minimal_publisher/lib/python3.10/site-packages:${PYTHONPATH} /usr/bin/python3 setup.py develop --prefix /home/sahruday/ros2_ws/install/examples_rclpy_minimal_publisher --uninstall --editable --build-directory /home/sahruday/ros2_ws/build/examples_rclpy_minimal_publisher/build
[3.468s] Invoking command in '/home/sahruday/ros2_ws/src/examples/rclpy/topics/minimal_publisher': PYTHONPATH=/home/sahruday/ros2_ws/install/examples_rclpy_minimal_publisher/lib/python3.10/site-packages:${PYTHONPATH} /usr/bin/python3 setup.py egg_info --egg-base ../../../../../build/examples_rclpy_minimal_publisher build --build-base /home/sahruday/ros2_ws/build/examples_rclpy_minimal_publisher/build install --prefix /home/sahruday/ros2_ws/install/examples_rclpy_minimal_publisher --record /home/sahruday/ros2_ws/build/examples_rclpy_minimal_publisher/install.log --single-version-externally-managed
[3.790s] running egg_info
[3.791s] writing ../../../../../build/examples_rclpy_minimal_publisher/examples_rclpy_minimal_publisher.egg-info/PKG-INFO
[3.792s] writing dependency_links to ../../../../../build/examples_rclpy_minimal_publisher/examples_rclpy_minimal_publisher.egg-info/dependency_links.txt
[3.792s] writing entry points to ../../../../../build/examples_rclpy_minimal_publisher/examples_rclpy_minimal_publisher.egg-info/entry_points.txt
[3.792s] writing requirements to ../../../../../build/examples_rclpy_minimal_publisher/examples_rclpy_minimal_publisher.egg-info/requires.txt
[3.792s] writing top-level names to ../../../../../build/examples_rclpy_minimal_publisher/examples_rclpy_minimal_publisher.egg-info/top_level.txt
[3.795s] reading manifest file '../../../../../build/examples_rclpy_minimal_publisher/examples_rclpy_minimal_publisher.egg-info/SOURCES.txt'
[3.795s] writing manifest file '../../../../../build/examples_rclpy_minimal_publisher/examples_rclpy_minimal_publisher.egg-info/SOURCES.txt'
[3.796s] running build
[3.796s] running build_py
[3.796s] creating /home/sahruday/ros2_ws/build/examples_rclpy_minimal_publisher/build
[3.796s] creating /home/sahruday/ros2_ws/build/examples_rclpy_minimal_publisher/build/lib
[3.796s] creating /home/sahruday/ros2_ws/build/examples_rclpy_minimal_publisher/build/lib/examples_rclpy_minimal_publisher
[3.796s] copying examples_rclpy_minimal_publisher/publisher_old_school.py -> /home/sahruday/ros2_ws/build/examples_rclpy_minimal_publisher/build/lib/examples_rclpy_minimal_publisher
[3.796s] copying examples_rclpy_minimal_publisher/publisher_local_function.py -> /home/sahruday/ros2_ws/build/examples_rclpy_minimal_publisher/build/lib/examples_rclpy_minimal_publisher
[3.796s] copying examples_rclpy_minimal_publisher/__init__.py -> /home/sahruday/ros2_ws/build/examples_rclpy_minimal_publisher/build/lib/examples_rclpy_minimal_publisher
[3.796s] copying examples_rclpy_minimal_publisher/publisher_member_function.py -> /home/sahruday/ros2_ws/build/examples_rclpy_minimal_publisher/build/lib/examples_rclpy_minimal_publisher
[3.796s] running install
[3.797s] /usr/lib/python3/dist-packages/setuptools/command/install.py:34: SetuptoolsDeprecationWarning: setup.py install is deprecated. Use build and pip and other standards-based tools.
[3.797s]   warnings.warn(
[3.797s] running install_lib
[3.797s] creating /home/sahruday/ros2_ws/install/examples_rclpy_minimal_publisher/lib/python3.10/site-packages/examples_rclpy_minimal_publisher
[3.798s] copying /home/sahruday/ros2_ws/build/examples_rclpy_minimal_publisher/build/lib/examples_rclpy_minimal_publisher/publisher_old_school.py -> /home/sahruday/ros2_ws/install/examples_rclpy_minimal_publisher/lib/python3.10/site-packages/examples_rclpy_minimal_publisher
[3.798s] copying /home/sahruday/ros2_ws/build/examples_rclpy_minimal_publisher/build/lib/examples_rclpy_minimal_publisher/publisher_local_function.py -> /home/sahruday/ros2_ws/install/examples_rclpy_minimal_publisher/lib/python3.10/site-packages/examples_rclpy_minimal_publisher
[3.798s] copying /home/sahruday/ros2_ws/build/examples_rclpy_minimal_publisher/build/lib/examples_rclpy_minimal_publisher/__init__.py -> /home/sahruday/ros2_ws/install/examples_rclpy_minimal_publisher/lib/python3.10/site-packages/examples_rclpy_minimal_publisher
[3.798s] copying /home/sahruday/ros2_ws/build/examples_rclpy_minimal_publisher/build/lib/examples_rclpy_minimal_publisher/publisher_member_function.py -> /home/sahruday/ros2_ws/install/examples_rclpy_minimal_publisher/lib/python3.10/site-packages/examples_rclpy_minimal_publisher
[3.800s] byte-compiling /home/sahruday/ros2_ws/install/examples_rclpy_minimal_publisher/lib/python3.10/site-packages/examples_rclpy_minimal_publisher/publisher_old_school.py to publisher_old_school.cpython-310.pyc
[3.800s] byte-compiling /home/sahruday/ros2_ws/install/examples_rclpy_minimal_publisher/lib/python3.10/site-packages/examples_rclpy_minimal_publisher/publisher_local_function.py to publisher_local_function.cpython-310.pyc
[3.801s] byte-compiling /home/sahruday/ros2_ws/install/examples_rclpy_minimal_publisher/lib/python3.10/site-packages/examples_rclpy_minimal_publisher/__init__.py to __init__.cpython-310.pyc
[3.801s] byte-compiling /home/sahruday/ros2_ws/install/examples_rclpy_minimal_publisher/lib/python3.10/site-packages/examples_rclpy_minimal_publisher/publisher_member_function.py to publisher_member_function.cpython-310.pyc
[3.801s] running install_data
[3.802s] running install_egg_info
[3.805s] Copying ../../../../../build/examples_rclpy_minimal_publisher/examples_rclpy_minimal_publisher.egg-info to /home/sahruday/ros2_ws/install/examples_rclpy_minimal_publisher/lib/python3.10/site-packages/examples_rclpy_minimal_publisher-0.15.0-py3.10.egg-info
[3.806s] running install_scripts
[3.847s] Installing publisher_local_function script to /home/sahruday/ros2_ws/install/examples_rclpy_minimal_publisher/lib/examples_rclpy_minimal_publisher
[3.847s] Installing publisher_member_function script to /home/sahruday/ros2_ws/install/examples_rclpy_minimal_publisher/lib/examples_rclpy_minimal_publisher
[3.847s] Installing publisher_old_school script to /home/sahruday/ros2_ws/install/examples_rclpy_minimal_publisher/lib/examples_rclpy_minimal_publisher
[3.847s] writing list of installed files to '/home/sahruday/ros2_ws/build/examples_rclpy_minimal_publisher/install.log'
[3.878s] Invoked command in '/home/sahruday/ros2_ws/src/examples/rclpy/topics/minimal_publisher' returned '0': PYTHONPATH=/home/sahruday/ros2_ws/install/examples_rclpy_minimal_publisher/lib/python3.10/site-packages:${PYTHONPATH} /usr/bin/python3 setup.py egg_info --egg-base ../../../../../build/examples_rclpy_minimal_publisher build --build-base /home/sahruday/ros2_ws/build/examples_rclpy_minimal_publisher/build install --prefix /home/sahruday/ros2_ws/install/examples_rclpy_minimal_publisher --record /home/sahruday/ros2_ws/build/examples_rclpy_minimal_publisher/install.log --single-version-externally-managed
