[ 50%] [32mBuilding CXX object CMakeFiles/client.dir/src/add_two_ints_client.cpp.o[0m
[ 50%] [32mBuilding CXX object CMakeFiles/server.dir/src/add_two_ints_server.cpp.o[0m
[ 75%] [32m[1mLinking CXX executable server[0m
[100%] [32m[1mLinking CXX executable client[0m
[100%] Built target server
[100%] Built target client
-- Install configuration: ""
-- Execute custom install script
-- Symlinking: /home/sahruday/Documents/Github/Beginner_Tutorials_Ros2/install/cpp_srvcli/lib/cpp_srvcli/server
-- Symlinking: /home/sahruday/Documents/Github/Beginner_Tutorials_Ros2/install/cpp_srvcli/lib/cpp_srvcli/client
-- Symlinking: /home/sahruday/Documents/Github/Beginner_Tutorials_Ros2/install/cpp_srvcli/share/ament_index/resource_index/package_run_dependencies/cpp_srvcli
-- Symlinking: /home/sahruday/Documents/Github/Beginner_Tutorials_Ros2/install/cpp_srvcli/share/ament_index/resource_index/parent_prefix_path/cpp_srvcli
-- Symlinking: /home/sahruday/Documents/Github/Beginner_Tutorials_Ros2/install/cpp_srvcli/share/cpp_srvcli/environment/ament_prefix_path.sh
-- Symlinking: /home/sahruday/Documents/Github/Beginner_Tutorials_Ros2/install/cpp_srvcli/share/cpp_srvcli/environment/ament_prefix_path.dsv
-- Symlinking: /home/sahruday/Documents/Github/Beginner_Tutorials_Ros2/install/cpp_srvcli/share/cpp_srvcli/environment/path.sh
-- Symlinking: /home/sahruday/Documents/Github/Beginner_Tutorials_Ros2/install/cpp_srvcli/share/cpp_srvcli/environment/path.dsv
-- Symlinking: /home/sahruday/Documents/Github/Beginner_Tutorials_Ros2/install/cpp_srvcli/share/cpp_srvcli/local_setup.bash
-- Symlinking: /home/sahruday/Documents/Github/Beginner_Tutorials_Ros2/install/cpp_srvcli/share/cpp_srvcli/local_setup.sh
-- Symlinking: /home/sahruday/Documents/Github/Beginner_Tutorials_Ros2/install/cpp_srvcli/share/cpp_srvcli/local_setup.zsh
-- Symlinking: /home/sahruday/Documents/Github/Beginner_Tutorials_Ros2/install/cpp_srvcli/share/cpp_srvcli/local_setup.dsv
-- Symlinking: /home/sahruday/Documents/Github/Beginner_Tutorials_Ros2/install/cpp_srvcli/share/cpp_srvcli/package.dsv
-- Symlinking: /home/sahruday/Documents/Github/Beginner_Tutorials_Ros2/install/cpp_srvcli/share/ament_index/resource_index/packages/cpp_srvcli
-- Symlinking: /home/sahruday/Documents/Github/Beginner_Tutorials_Ros2/install/cpp_srvcli/share/cpp_srvcli/cmake/cpp_srvcliConfig.cmake
-- Symlinking: /home/sahruday/Documents/Github/Beginner_Tutorials_Ros2/install/cpp_srvcli/share/cpp_srvcli/cmake/cpp_srvcliConfig-version.cmake
-- Symlinking: /home/sahruday/Documents/Github/Beginner_Tutorials_Ros2/install/cpp_srvcli/share/cpp_srvcli/package.xml
