[0.011s] Invoking command in '/home/chotu/Beginner_Tutorials_Ros2/build/serverpublisher': CMAKE_PREFIX_PATH=/opt/ros/humble /usr/bin/cmake /home/chotu/Beginner_Tutorials_Ros2 -DCMAKE_INSTALL_PREFIX=/home/chotu/Beginner_Tutorials_Ros2/install/serverpublisher
[0.024s] -- Found ament_cmake: 1.3.3 (/opt/ros/humble/share/ament_cmake/cmake)
[0.136s] -- Found rclcpp: 16.0.2 (/opt/ros/humble/share/rclcpp/cmake)
[0.168s] -- Found rosidl_generator_c: 3.1.4 (/opt/ros/humble/share/rosidl_generator_c/cmake)
[0.171s] -- Found rosidl_adapter: 3.1.4 (/opt/ros/humble/share/rosidl_adapter/cmake)
[0.177s] -- Found rosidl_generator_cpp: 3.1.4 (/opt/ros/humble/share/rosidl_generator_cpp/cmake)
[0.186s] -- Using all available rosidl_typesupport_c: rosidl_typesupport_fastrtps_c;rosidl_typesupport_introspection_c
[0.199s] -- Using all available rosidl_typesupport_cpp: rosidl_typesupport_fastrtps_cpp;rosidl_typesupport_introspection_cpp
[0.245s] -- Found rmw_implementation_cmake: 6.1.1 (/opt/ros/humble/share/rmw_implementation_cmake/cmake)
[0.246s] -- Found rmw_fastrtps_cpp: 6.2.2 (/opt/ros/humble/share/rmw_fastrtps_cpp/cmake)
[0.332s] -- Using RMW implementation 'rmw_fastrtps_cpp' as default
[0.443s] -- Found tf2: 0.25.1 (/opt/ros/humble/share/tf2/cmake)
[0.482s] -- Found tf2_ros: 0.25.1 (/opt/ros/humble/share/tf2_ros/cmake)
[0.709s] -- Found turtlesim: 1.4.2 (/opt/ros/humble/share/turtlesim/cmake)
[0.744s] -- Found rosidl_default_generators: 1.2.0 (/opt/ros/humble/share/rosidl_default_generators/cmake)
[0.982s] -- Found ament_cmake_ros: 0.10.0 (/opt/ros/humble/share/ament_cmake_ros/cmake)
[1.259s] -- Using all available rosidl_typesupport_c: rosidl_typesupport_fastrtps_c;rosidl_typesupport_introspection_c
[1.366s] -- Using all available rosidl_typesupport_cpp: rosidl_typesupport_fastrtps_cpp;rosidl_typesupport_introspection_cpp
[1.380s] -- Found python_cmake_module: 0.10.0 (/opt/ros/humble/share/python_cmake_module/cmake)
[1.398s] -- Using PYTHON_EXECUTABLE: /usr/bin/python3
[1.398s] -- Using PYTHON_INCLUDE_DIRS: /usr/include/python3.10
[1.398s] -- Using PYTHON_LIBRARIES: /usr/lib/x86_64-linux-gnu/libpython3.10.so
[1.421s] -- Found ament_lint_auto: 0.12.4 (/opt/ros/humble/share/ament_lint_auto/cmake)
[1.431s] -- Found gtest sources under '/opt/ros/humble/src/gtest_vendor': C++ tests using 'Google Test' will be built
[1.469s] -- Added test 'pep257' to check Python code against some of the docstring style conventions in PEP 257
[1.470s] -- Configuring done
[1.522s] -- Generating done
[1.525s] -- Build files have been written to: /home/chotu/Beginner_Tutorials_Ros2/build/serverpublisher
[1.535s] Invoked command in '/home/chotu/Beginner_Tutorials_Ros2/build/serverpublisher' returned '0': CMAKE_PREFIX_PATH=/opt/ros/humble /usr/bin/cmake /home/chotu/Beginner_Tutorials_Ros2 -DCMAKE_INSTALL_PREFIX=/home/chotu/Beginner_Tutorials_Ros2/install/serverpublisher
[1.536s] Invoking command in '/home/chotu/Beginner_Tutorials_Ros2/build/serverpublisher': CMAKE_PREFIX_PATH=/opt/ros/humble /usr/bin/cmake --build /home/chotu/Beginner_Tutorials_Ros2/build/serverpublisher -- -j16 -l16
[1.561s] [35m[1mConsolidate compiler generated dependencies of target serverpublisher__rosidl_generator_c[0m
[1.561s] [35m[1mConsolidate compiler generated dependencies of target gtest[0m
[1.561s] [35m[1mConsolidate compiler generated dependencies of target gtest_main[0m
[1.566s] [  1%] Built target serverpublisher__cpp
[1.571s] [ 10%] Built target serverpublisher__rosidl_generator_c
[1.572s] [ 12%] Built target gtest_main
[1.572s] [ 12%] Built target ament_cmake_python_copy_serverpublisher
[1.572s] [ 15%] Built target gtest
[1.573s] [35m[1mConsolidate compiler generated dependencies of target serverpublisher__rosidl_typesupport_cpp[0m
[1.573s] [35m[1mConsolidate compiler generated dependencies of target serverpublisher__rosidl_typesupport_introspection_cpp[0m
[1.573s] [35m[1mConsolidate compiler generated dependencies of target serverpublisher__rosidl_typesupport_fastrtps_cpp[0m
[1.578s] [35m[1mConsolidate compiler generated dependencies of target serverpublisher__rosidl_typesupport_introspection_c[0m
[1.578s] [35m[1mConsolidate compiler generated dependencies of target serverpublisher__rosidl_typesupport_c[0m
[1.578s] [35m[1mConsolidate compiler generated dependencies of target test_serverpublisher[0m
[1.579s] [35m[1mConsolidate compiler generated dependencies of target serverpublisher__rosidl_typesupport_fastrtps_c[0m
[1.584s] [ 31%] Built target serverpublisher__rosidl_typesupport_c
[1.584s] [ 34%] Built target serverpublisher__rosidl_typesupport_introspection_cpp
[1.584s] [ 43%] Built target serverpublisher__rosidl_typesupport_cpp
[1.584s] [ 50%] Built target serverpublisher__rosidl_typesupport_introspection_c
[1.585s] [ 59%] Built target serverpublisher__rosidl_typesupport_fastrtps_cpp
[1.591s] [35m[1mConsolidate compiler generated dependencies of target server[0m
[1.591s] [35m[1mConsolidate compiler generated dependencies of target static_transform_publisher[0m
[1.591s] [35m[1mConsolidate compiler generated dependencies of target stringserver[0m
[1.591s] [35m[1mConsolidate compiler generated dependencies of target talkerandlistner[0m
[1.591s] [35m[1mConsolidate compiler generated dependencies of target talker[0m
[1.591s] [ 68%] Built target serverpublisher__rosidl_typesupport_fastrtps_c
[1.596s] [ 70%] Built target test_serverpublisher
[1.602s] [ 75%] Built target stringserver
[1.602s] [ 75%] Built target serverpublisher
[1.602s] [ 77%] Built target talker
[1.602s] [ 78%] Built target server
[1.602s] [ 81%] Built target static_transform_publisher
[1.602s] [ 83%] Built target talkerandlistner
[1.612s] [ 84%] Built target serverpublisher__py
[1.617s] [35m[1mConsolidate compiler generated dependencies of target serverpublisher__rosidl_generator_py[0m
[1.628s] [ 92%] Built target serverpublisher__rosidl_generator_py
[1.633s] [35m[1mConsolidate compiler generated dependencies of target serverpublisher__rosidl_typesupport_introspection_c__pyext[0m
[1.633s] [35m[1mConsolidate compiler generated dependencies of target serverpublisher__rosidl_typesupport_fastrtps_c__pyext[0m
[1.634s] [35m[1mConsolidate compiler generated dependencies of target serverpublisher__rosidl_typesupport_c__pyext[0m
[1.641s] [ 98%] Built target serverpublisher__rosidl_typesupport_introspection_c__pyext
[1.641s] [ 98%] Built target serverpublisher__rosidl_typesupport_fastrtps_c__pyext
[1.641s] [100%] Built target serverpublisher__rosidl_typesupport_c__pyext
[1.731s] running egg_info
[1.732s] writing serverpublisher.egg-info/PKG-INFO
[1.732s] writing dependency_links to serverpublisher.egg-info/dependency_links.txt
[1.732s] writing top-level names to serverpublisher.egg-info/top_level.txt
[1.734s] reading manifest file 'serverpublisher.egg-info/SOURCES.txt'
[1.734s] writing manifest file 'serverpublisher.egg-info/SOURCES.txt'
[1.750s] [100%] Built target ament_cmake_python_build_serverpublisher_egg
[1.756s] Invoked command in '/home/chotu/Beginner_Tutorials_Ros2/build/serverpublisher' returned '0': CMAKE_PREFIX_PATH=/opt/ros/humble /usr/bin/cmake --build /home/chotu/Beginner_Tutorials_Ros2/build/serverpublisher -- -j16 -l16
[1.825s] Invoking command in '/home/chotu/Beginner_Tutorials_Ros2/build/serverpublisher': CMAKE_PREFIX_PATH=/opt/ros/humble /usr/bin/cmake --install /home/chotu/Beginner_Tutorials_Ros2/build/serverpublisher
[1.829s] -- Install configuration: "Debug"
[1.829s] -- Up-to-date: /home/chotu/Beginner_Tutorials_Ros2/install/serverpublisher/share/ament_index/resource_index/rosidl_interfaces/serverpublisher
[1.829s] -- Up-to-date: /home/chotu/Beginner_Tutorials_Ros2/install/serverpublisher/include/serverpublisher/serverpublisher
[1.829s] -- Up-to-date: /home/chotu/Beginner_Tutorials_Ros2/install/serverpublisher/include/serverpublisher/serverpublisher/msg
[1.829s] -- Up-to-date: /home/chotu/Beginner_Tutorials_Ros2/install/serverpublisher/include/serverpublisher/serverpublisher/msg/data.h
[1.829s] -- Up-to-date: /home/chotu/Beginner_Tutorials_Ros2/install/serverpublisher/include/serverpublisher/serverpublisher/msg/detail
[1.830s] -- Up-to-date: /home/chotu/Beginner_Tutorials_Ros2/install/serverpublisher/include/serverpublisher/serverpublisher/msg/detail/sphere__functions.c
[1.830s] -- Up-to-date: /home/chotu/Beginner_Tutorials_Ros2/install/serverpublisher/include/serverpublisher/serverpublisher/msg/detail/data__functions.c
[1.830s] -- Up-to-date: /home/chotu/Beginner_Tutorials_Ros2/install/serverpublisher/include/serverpublisher/serverpublisher/msg/detail/data__functions.h
[1.830s] -- Up-to-date: /home/chotu/Beginner_Tutorials_Ros2/install/serverpublisher/include/serverpublisher/serverpublisher/msg/detail/data__type_support.h
[1.830s] -- Up-to-date: /home/chotu/Beginner_Tutorials_Ros2/install/serverpublisher/include/serverpublisher/serverpublisher/msg/detail/data__struct.h
[1.830s] -- Up-to-date: /home/chotu/Beginner_Tutorials_Ros2/install/serverpublisher/include/serverpublisher/serverpublisher/msg/detail/sphere__functions.h
[1.830s] -- Up-to-date: /home/chotu/Beginner_Tutorials_Ros2/install/serverpublisher/include/serverpublisher/serverpublisher/msg/detail/num__type_support.h
[1.830s] -- Up-to-date: /home/chotu/Beginner_Tutorials_Ros2/install/serverpublisher/include/serverpublisher/serverpublisher/msg/detail/sphere__type_support.h
[1.830s] -- Up-to-date: /home/chotu/Beginner_Tutorials_Ros2/install/serverpublisher/include/serverpublisher/serverpublisher/msg/detail/num__functions.h
[1.830s] -- Up-to-date: /home/chotu/Beginner_Tutorials_Ros2/install/serverpublisher/include/serverpublisher/serverpublisher/msg/detail/num__functions.c
[1.830s] -- Up-to-date: /home/chotu/Beginner_Tutorials_Ros2/install/serverpublisher/include/serverpublisher/serverpublisher/msg/detail/num__struct.h
[1.830s] -- Up-to-date: /home/chotu/Beginner_Tutorials_Ros2/install/serverpublisher/include/serverpublisher/serverpublisher/msg/detail/sphere__struct.h
[1.830s] -- Up-to-date: /home/chotu/Beginner_Tutorials_Ros2/install/serverpublisher/include/serverpublisher/serverpublisher/msg/sphere.h
[1.830s] -- Up-to-date: /home/chotu/Beginner_Tutorials_Ros2/install/serverpublisher/include/serverpublisher/serverpublisher/msg/num.h
[1.830s] -- Up-to-date: /home/chotu/Beginner_Tutorials_Ros2/install/serverpublisher/include/serverpublisher/serverpublisher/msg/rosidl_generator_c__visibility_control.h
[1.830s] -- Up-to-date: /home/chotu/Beginner_Tutorials_Ros2/install/serverpublisher/include/serverpublisher/serverpublisher/srv
[1.830s] -- Up-to-date: /home/chotu/Beginner_Tutorials_Ros2/install/serverpublisher/include/serverpublisher/serverpublisher/srv/detail
[1.830s] -- Up-to-date: /home/chotu/Beginner_Tutorials_Ros2/install/serverpublisher/include/serverpublisher/serverpublisher/srv/detail/add_three_ints__struct.h
[1.831s] -- Up-to-date: /home/chotu/Beginner_Tutorials_Ros2/install/serverpublisher/include/serverpublisher/serverpublisher/srv/detail/add_three_ints__functions.h
[1.831s] -- Up-to-date: /home/chotu/Beginner_Tutorials_Ros2/install/serverpublisher/include/serverpublisher/serverpublisher/srv/detail/add_three_ints__functions.c
[1.831s] -- Up-to-date: /home/chotu/Beginner_Tutorials_Ros2/install/serverpublisher/include/serverpublisher/serverpublisher/srv/detail/change_string__functions.c
[1.831s] -- Up-to-date: /home/chotu/Beginner_Tutorials_Ros2/install/serverpublisher/include/serverpublisher/serverpublisher/srv/detail/change_string__type_support.h
[1.831s] -- Up-to-date: /home/chotu/Beginner_Tutorials_Ros2/install/serverpublisher/include/serverpublisher/serverpublisher/srv/detail/change_string__functions.h
[1.831s] -- Up-to-date: /home/chotu/Beginner_Tutorials_Ros2/install/serverpublisher/include/serverpublisher/serverpublisher/srv/detail/change_string__struct.h
[1.831s] -- Up-to-date: /home/chotu/Beginner_Tutorials_Ros2/install/serverpublisher/include/serverpublisher/serverpublisher/srv/detail/add_three_ints__type_support.h
[1.831s] -- Up-to-date: /home/chotu/Beginner_Tutorials_Ros2/install/serverpublisher/include/serverpublisher/serverpublisher/srv/change_string.h
[1.831s] -- Up-to-date: /home/chotu/Beginner_Tutorials_Ros2/install/serverpublisher/include/serverpublisher/serverpublisher/srv/add_three_ints.h
[1.831s] -- Up-to-date: /home/chotu/Beginner_Tutorials_Ros2/install/serverpublisher/share/serverpublisher/environment/library_path.sh
[1.831s] -- Installing: /home/chotu/Beginner_Tutorials_Ros2/install/serverpublisher/share/serverpublisher/environment/library_path.dsv
[1.831s] -- Up-to-date: /home/chotu/Beginner_Tutorials_Ros2/install/serverpublisher/lib/libserverpublisher__rosidl_generator_c.so
[1.831s] -- Up-to-date: /home/chotu/Beginner_Tutorials_Ros2/install/serverpublisher/include/serverpublisher/serverpublisher
[1.831s] -- Up-to-date: /home/chotu/Beginner_Tutorials_Ros2/install/serverpublisher/include/serverpublisher/serverpublisher/msg
[1.831s] -- Up-to-date: /home/chotu/Beginner_Tutorials_Ros2/install/serverpublisher/include/serverpublisher/serverpublisher/msg/detail
[1.831s] -- Up-to-date: /home/chotu/Beginner_Tutorials_Ros2/install/serverpublisher/include/serverpublisher/serverpublisher/msg/detail/data__rosidl_typesupport_fastrtps_c.h
[1.832s] -- Up-to-date: /home/chotu/Beginner_Tutorials_Ros2/install/serverpublisher/include/serverpublisher/serverpublisher/msg/detail/num__rosidl_typesupport_fastrtps_c.h
[1.832s] -- Up-to-date: /home/chotu/Beginner_Tutorials_Ros2/install/serverpublisher/include/serverpublisher/serverpublisher/msg/detail/sphere__rosidl_typesupport_fastrtps_c.h
[1.832s] -- Up-to-date: /home/chotu/Beginner_Tutorials_Ros2/install/serverpublisher/include/serverpublisher/serverpublisher/msg/rosidl_typesupport_fastrtps_c__visibility_control.h
[1.832s] -- Up-to-date: /home/chotu/Beginner_Tutorials_Ros2/install/serverpublisher/include/serverpublisher/serverpublisher/srv
[1.832s] -- Up-to-date: /home/chotu/Beginner_Tutorials_Ros2/install/serverpublisher/include/serverpublisher/serverpublisher/srv/detail
[1.832s] -- Up-to-date: /home/chotu/Beginner_Tutorials_Ros2/install/serverpublisher/include/serverpublisher/serverpublisher/srv/detail/change_string__rosidl_typesupport_fastrtps_c.h
[1.832s] -- Up-to-date: /home/chotu/Beginner_Tutorials_Ros2/install/serverpublisher/include/serverpublisher/serverpublisher/srv/detail/add_three_ints__rosidl_typesupport_fastrtps_c.h
[1.832s] -- Up-to-date: /home/chotu/Beginner_Tutorials_Ros2/install/serverpublisher/lib/libserverpublisher__rosidl_typesupport_fastrtps_c.so
[1.832s] -- Up-to-date: /home/chotu/Beginner_Tutorials_Ros2/install/serverpublisher/include/serverpublisher/serverpublisher
[1.832s] -- Up-to-date: /home/chotu/Beginner_Tutorials_Ros2/install/serverpublisher/include/serverpublisher/serverpublisher/msg
[1.832s] -- Up-to-date: /home/chotu/Beginner_Tutorials_Ros2/install/serverpublisher/include/serverpublisher/serverpublisher/msg/detail
[1.832s] -- Up-to-date: /home/chotu/Beginner_Tutorials_Ros2/install/serverpublisher/include/serverpublisher/serverpublisher/msg/detail/num__traits.hpp
[1.832s] -- Up-to-date: /home/chotu/Beginner_Tutorials_Ros2/install/serverpublisher/include/serverpublisher/serverpublisher/msg/detail/data__struct.hpp
[1.832s] -- Up-to-date: /home/chotu/Beginner_Tutorials_Ros2/install/serverpublisher/include/serverpublisher/serverpublisher/msg/detail/sphere__traits.hpp
[1.833s] -- Up-to-date: /home/chotu/Beginner_Tutorials_Ros2/install/serverpublisher/include/serverpublisher/serverpublisher/msg/detail/data__builder.hpp
[1.833s] -- Up-to-date: /home/chotu/Beginner_Tutorials_Ros2/install/serverpublisher/include/serverpublisher/serverpublisher/msg/detail/num__struct.hpp
[1.833s] -- Up-to-date: /home/chotu/Beginner_Tutorials_Ros2/install/serverpublisher/include/serverpublisher/serverpublisher/msg/detail/num__builder.hpp
[1.833s] -- Up-to-date: /home/chotu/Beginner_Tutorials_Ros2/install/serverpublisher/include/serverpublisher/serverpublisher/msg/detail/sphere__builder.hpp
[1.833s] -- Up-to-date: /home/chotu/Beginner_Tutorials_Ros2/install/serverpublisher/include/serverpublisher/serverpublisher/msg/detail/data__traits.hpp
[1.833s] -- Up-to-date: /home/chotu/Beginner_Tutorials_Ros2/install/serverpublisher/include/serverpublisher/serverpublisher/msg/detail/sphere__struct.hpp
[1.833s] -- Up-to-date: /home/chotu/Beginner_Tutorials_Ros2/install/serverpublisher/include/serverpublisher/serverpublisher/msg/sphere.hpp
[1.833s] -- Up-to-date: /home/chotu/Beginner_Tutorials_Ros2/install/serverpublisher/include/serverpublisher/serverpublisher/msg/data.hpp
[1.833s] -- Up-to-date: /home/chotu/Beginner_Tutorials_Ros2/install/serverpublisher/include/serverpublisher/serverpublisher/msg/num.hpp
[1.833s] -- Up-to-date: /home/chotu/Beginner_Tutorials_Ros2/install/serverpublisher/include/serverpublisher/serverpublisher/srv
[1.833s] -- Up-to-date: /home/chotu/Beginner_Tutorials_Ros2/install/serverpublisher/include/serverpublisher/serverpublisher/srv/detail
[1.833s] -- Up-to-date: /home/chotu/Beginner_Tutorials_Ros2/install/serverpublisher/include/serverpublisher/serverpublisher/srv/detail/change_string__struct.hpp
[1.833s] -- Up-to-date: /home/chotu/Beginner_Tutorials_Ros2/install/serverpublisher/include/serverpublisher/serverpublisher/srv/detail/add_three_ints__traits.hpp
[1.833s] -- Up-to-date: /home/chotu/Beginner_Tutorials_Ros2/install/serverpublisher/include/serverpublisher/serverpublisher/srv/detail/add_three_ints__struct.hpp
[1.833s] -- Up-to-date: /home/chotu/Beginner_Tutorials_Ros2/install/serverpublisher/include/serverpublisher/serverpublisher/srv/detail/change_string__builder.hpp
[1.833s] -- Up-to-date: /home/chotu/Beginner_Tutorials_Ros2/install/serverpublisher/include/serverpublisher/serverpublisher/srv/detail/change_string__traits.hpp
[1.833s] -- Up-to-date: /home/chotu/Beginner_Tutorials_Ros2/install/serverpublisher/include/serverpublisher/serverpublisher/srv/detail/add_three_ints__builder.hpp
[1.833s] -- Up-to-date: /home/chotu/Beginner_Tutorials_Ros2/install/serverpublisher/include/serverpublisher/serverpublisher/srv/change_string.hpp
[1.833s] -- Up-to-date: /home/chotu/Beginner_Tutorials_Ros2/install/serverpublisher/include/serverpublisher/serverpublisher/srv/add_three_ints.hpp
[1.833s] -- Up-to-date: /home/chotu/Beginner_Tutorials_Ros2/install/serverpublisher/include/serverpublisher/serverpublisher
[1.834s] -- Up-to-date: /home/chotu/Beginner_Tutorials_Ros2/install/serverpublisher/include/serverpublisher/serverpublisher/msg
[1.834s] -- Up-to-date: /home/chotu/Beginner_Tutorials_Ros2/install/serverpublisher/include/serverpublisher/serverpublisher/msg/detail
[1.834s] -- Up-to-date: /home/chotu/Beginner_Tutorials_Ros2/install/serverpublisher/include/serverpublisher/serverpublisher/msg/detail/sphere__rosidl_typesupport_fastrtps_cpp.hpp
[1.834s] -- Up-to-date: /home/chotu/Beginner_Tutorials_Ros2/install/serverpublisher/include/serverpublisher/serverpublisher/msg/detail/dds_fastrtps
[1.834s] -- Up-to-date: /home/chotu/Beginner_Tutorials_Ros2/install/serverpublisher/include/serverpublisher/serverpublisher/msg/detail/data__rosidl_typesupport_fastrtps_cpp.hpp
[1.834s] -- Up-to-date: /home/chotu/Beginner_Tutorials_Ros2/install/serverpublisher/include/serverpublisher/serverpublisher/msg/detail/num__rosidl_typesupport_fastrtps_cpp.hpp
[1.834s] -- Up-to-date: /home/chotu/Beginner_Tutorials_Ros2/install/serverpublisher/include/serverpublisher/serverpublisher/msg/rosidl_typesupport_fastrtps_cpp__visibility_control.h
[1.834s] -- Up-to-date: /home/chotu/Beginner_Tutorials_Ros2/install/serverpublisher/include/serverpublisher/serverpublisher/srv
[1.834s] -- Up-to-date: /home/chotu/Beginner_Tutorials_Ros2/install/serverpublisher/include/serverpublisher/serverpublisher/srv/detail
[1.834s] -- Up-to-date: /home/chotu/Beginner_Tutorials_Ros2/install/serverpublisher/include/serverpublisher/serverpublisher/srv/detail/add_three_ints__rosidl_typesupport_fastrtps_cpp.hpp
[1.834s] -- Up-to-date: /home/chotu/Beginner_Tutorials_Ros2/install/serverpublisher/include/serverpublisher/serverpublisher/srv/detail/dds_fastrtps
[1.834s] -- Up-to-date: /home/chotu/Beginner_Tutorials_Ros2/install/serverpublisher/include/serverpublisher/serverpublisher/srv/detail/change_string__rosidl_typesupport_fastrtps_cpp.hpp
[1.834s] -- Up-to-date: /home/chotu/Beginner_Tutorials_Ros2/install/serverpublisher/lib/libserverpublisher__rosidl_typesupport_fastrtps_cpp.so
[1.834s] -- Up-to-date: /home/chotu/Beginner_Tutorials_Ros2/install/serverpublisher/include/serverpublisher/serverpublisher
[1.834s] -- Up-to-date: /home/chotu/Beginner_Tutorials_Ros2/install/serverpublisher/include/serverpublisher/serverpublisher/msg
[1.834s] -- Up-to-date: /home/chotu/Beginner_Tutorials_Ros2/install/serverpublisher/include/serverpublisher/serverpublisher/msg/detail
[1.834s] -- Up-to-date: /home/chotu/Beginner_Tutorials_Ros2/install/serverpublisher/include/serverpublisher/serverpublisher/msg/detail/num__rosidl_typesupport_introspection_c.h
[1.834s] -- Up-to-date: /home/chotu/Beginner_Tutorials_Ros2/install/serverpublisher/include/serverpublisher/serverpublisher/msg/detail/data__rosidl_typesupport_introspection_c.h
[1.834s] -- Up-to-date: /home/chotu/Beginner_Tutorials_Ros2/install/serverpublisher/include/serverpublisher/serverpublisher/msg/detail/sphere__type_support.c
[1.835s] -- Up-to-date: /home/chotu/Beginner_Tutorials_Ros2/install/serverpublisher/include/serverpublisher/serverpublisher/msg/detail/data__type_support.c
[1.835s] -- Up-to-date: /home/chotu/Beginner_Tutorials_Ros2/install/serverpublisher/include/serverpublisher/serverpublisher/msg/detail/num__type_support.c
[1.835s] -- Up-to-date: /home/chotu/Beginner_Tutorials_Ros2/install/serverpublisher/include/serverpublisher/serverpublisher/msg/detail/sphere__rosidl_typesupport_introspection_c.h
[1.835s] -- Up-to-date: /home/chotu/Beginner_Tutorials_Ros2/install/serverpublisher/include/serverpublisher/serverpublisher/msg/rosidl_typesupport_introspection_c__visibility_control.h
[1.835s] -- Up-to-date: /home/chotu/Beginner_Tutorials_Ros2/install/serverpublisher/include/serverpublisher/serverpublisher/srv
[1.835s] -- Up-to-date: /home/chotu/Beginner_Tutorials_Ros2/install/serverpublisher/include/serverpublisher/serverpublisher/srv/detail
[1.835s] -- Up-to-date: /home/chotu/Beginner_Tutorials_Ros2/install/serverpublisher/include/serverpublisher/serverpublisher/srv/detail/change_string__rosidl_typesupport_introspection_c.h
[1.835s] -- Up-to-date: /home/chotu/Beginner_Tutorials_Ros2/install/serverpublisher/include/serverpublisher/serverpublisher/srv/detail/add_three_ints__rosidl_typesupport_introspection_c.h
[1.835s] -- Up-to-date: /home/chotu/Beginner_Tutorials_Ros2/install/serverpublisher/include/serverpublisher/serverpublisher/srv/detail/change_string__type_support.c
[1.835s] -- Up-to-date: /home/chotu/Beginner_Tutorials_Ros2/install/serverpublisher/include/serverpublisher/serverpublisher/srv/detail/add_three_ints__type_support.c
[1.835s] -- Up-to-date: /home/chotu/Beginner_Tutorials_Ros2/install/serverpublisher/lib/libserverpublisher__rosidl_typesupport_introspection_c.so
[1.835s] -- Up-to-date: /home/chotu/Beginner_Tutorials_Ros2/install/serverpublisher/lib/libserverpublisher__rosidl_typesupport_c.so
[1.835s] -- Up-to-date: /home/chotu/Beginner_Tutorials_Ros2/install/serverpublisher/include/serverpublisher/serverpublisher
[1.835s] -- Up-to-date: /home/chotu/Beginner_Tutorials_Ros2/install/serverpublisher/include/serverpublisher/serverpublisher/msg
[1.835s] -- Up-to-date: /home/chotu/Beginner_Tutorials_Ros2/install/serverpublisher/include/serverpublisher/serverpublisher/msg/detail
[1.835s] -- Up-to-date: /home/chotu/Beginner_Tutorials_Ros2/install/serverpublisher/include/serverpublisher/serverpublisher/msg/detail/data__type_support.cpp
[1.835s] -- Up-to-date: /home/chotu/Beginner_Tutorials_Ros2/install/serverpublisher/include/serverpublisher/serverpublisher/msg/detail/sphere__rosidl_typesupport_introspection_cpp.hpp
[1.835s] -- Up-to-date: /home/chotu/Beginner_Tutorials_Ros2/install/serverpublisher/include/serverpublisher/serverpublisher/msg/detail/num__rosidl_typesupport_introspection_cpp.hpp
[1.835s] -- Up-to-date: /home/chotu/Beginner_Tutorials_Ros2/install/serverpublisher/include/serverpublisher/serverpublisher/msg/detail/num__type_support.cpp
[1.836s] -- Up-to-date: /home/chotu/Beginner_Tutorials_Ros2/install/serverpublisher/include/serverpublisher/serverpublisher/msg/detail/sphere__type_support.cpp
[1.836s] -- Up-to-date: /home/chotu/Beginner_Tutorials_Ros2/install/serverpublisher/include/serverpublisher/serverpublisher/msg/detail/data__rosidl_typesupport_introspection_cpp.hpp
[1.836s] -- Up-to-date: /home/chotu/Beginner_Tutorials_Ros2/install/serverpublisher/include/serverpublisher/serverpublisher/srv
[1.836s] -- Up-to-date: /home/chotu/Beginner_Tutorials_Ros2/install/serverpublisher/include/serverpublisher/serverpublisher/srv/detail
[1.836s] -- Up-to-date: /home/chotu/Beginner_Tutorials_Ros2/install/serverpublisher/include/serverpublisher/serverpublisher/srv/detail/add_three_ints__type_support.cpp
[1.836s] -- Up-to-date: /home/chotu/Beginner_Tutorials_Ros2/install/serverpublisher/include/serverpublisher/serverpublisher/srv/detail/change_string__type_support.cpp
[1.836s] -- Up-to-date: /home/chotu/Beginner_Tutorials_Ros2/install/serverpublisher/include/serverpublisher/serverpublisher/srv/detail/add_three_ints__rosidl_typesupport_introspection_cpp.hpp
[1.836s] -- Up-to-date: /home/chotu/Beginner_Tutorials_Ros2/install/serverpublisher/include/serverpublisher/serverpublisher/srv/detail/change_string__rosidl_typesupport_introspection_cpp.hpp
[1.836s] -- Up-to-date: /home/chotu/Beginner_Tutorials_Ros2/install/serverpublisher/lib/libserverpublisher__rosidl_typesupport_introspection_cpp.so
[1.836s] -- Up-to-date: /home/chotu/Beginner_Tutorials_Ros2/install/serverpublisher/lib/libserverpublisher__rosidl_typesupport_cpp.so
[1.836s] -- Up-to-date: /home/chotu/Beginner_Tutorials_Ros2/install/serverpublisher/share/serverpublisher/environment/pythonpath.sh
[1.836s] -- Installing: /home/chotu/Beginner_Tutorials_Ros2/install/serverpublisher/share/serverpublisher/environment/pythonpath.dsv
[1.836s] -- Up-to-date: /home/chotu/Beginner_Tutorials_Ros2/install/serverpublisher/local/lib/python3.10/dist-packages/serverpublisher-0.0.0-py3.10.egg-info
[1.836s] -- Installing: /home/chotu/Beginner_Tutorials_Ros2/install/serverpublisher/local/lib/python3.10/dist-packages/serverpublisher-0.0.0-py3.10.egg-info/SOURCES.txt
[1.836s] -- Installing: /home/chotu/Beginner_Tutorials_Ros2/install/serverpublisher/local/lib/python3.10/dist-packages/serverpublisher-0.0.0-py3.10.egg-info/PKG-INFO
[1.836s] -- Installing: /home/chotu/Beginner_Tutorials_Ros2/install/serverpublisher/local/lib/python3.10/dist-packages/serverpublisher-0.0.0-py3.10.egg-info/top_level.txt
[1.836s] -- Installing: /home/chotu/Beginner_Tutorials_Ros2/install/serverpublisher/local/lib/python3.10/dist-packages/serverpublisher-0.0.0-py3.10.egg-info/dependency_links.txt
[1.836s] -- Up-to-date: /home/chotu/Beginner_Tutorials_Ros2/install/serverpublisher/local/lib/python3.10/dist-packages/serverpublisher
[1.836s] -- Up-to-date: /home/chotu/Beginner_Tutorials_Ros2/install/serverpublisher/local/lib/python3.10/dist-packages/serverpublisher/msg
[1.836s] -- Up-to-date: /home/chotu/Beginner_Tutorials_Ros2/install/serverpublisher/local/lib/python3.10/dist-packages/serverpublisher/msg/_num.py
[1.837s] -- Up-to-date: /home/chotu/Beginner_Tutorials_Ros2/install/serverpublisher/local/lib/python3.10/dist-packages/serverpublisher/msg/__init__.py
[1.837s] -- Up-to-date: /home/chotu/Beginner_Tutorials_Ros2/install/serverpublisher/local/lib/python3.10/dist-packages/serverpublisher/msg/_sphere_s.c
[1.837s] -- Up-to-date: /home/chotu/Beginner_Tutorials_Ros2/install/serverpublisher/local/lib/python3.10/dist-packages/serverpublisher/msg/_data.py
[1.837s] -- Up-to-date: /home/chotu/Beginner_Tutorials_Ros2/install/serverpublisher/local/lib/python3.10/dist-packages/serverpublisher/msg/_data_s.c
[1.837s] -- Up-to-date: /home/chotu/Beginner_Tutorials_Ros2/install/serverpublisher/local/lib/python3.10/dist-packages/serverpublisher/msg/_sphere.py
[1.837s] -- Up-to-date: /home/chotu/Beginner_Tutorials_Ros2/install/serverpublisher/local/lib/python3.10/dist-packages/serverpublisher/msg/_num_s.c
[1.837s] -- Up-to-date: /home/chotu/Beginner_Tutorials_Ros2/install/serverpublisher/local/lib/python3.10/dist-packages/serverpublisher/serverpublisher_s__rosidl_typesupport_introspection_c.cpython-310-x86_64-linux-gnu.so
[1.837s] -- Installing: /home/chotu/Beginner_Tutorials_Ros2/install/serverpublisher/local/lib/python3.10/dist-packages/serverpublisher/__init__.py
[1.837s] -- Up-to-date: /home/chotu/Beginner_Tutorials_Ros2/install/serverpublisher/local/lib/python3.10/dist-packages/serverpublisher/srv
[1.837s] -- Up-to-date: /home/chotu/Beginner_Tutorials_Ros2/install/serverpublisher/local/lib/python3.10/dist-packages/serverpublisher/srv/__init__.py
[1.837s] -- Up-to-date: /home/chotu/Beginner_Tutorials_Ros2/install/serverpublisher/local/lib/python3.10/dist-packages/serverpublisher/srv/_add_three_ints_s.c
[1.837s] -- Up-to-date: /home/chotu/Beginner_Tutorials_Ros2/install/serverpublisher/local/lib/python3.10/dist-packages/serverpublisher/srv/_add_three_ints.py
[1.837s] -- Up-to-date: /home/chotu/Beginner_Tutorials_Ros2/install/serverpublisher/local/lib/python3.10/dist-packages/serverpublisher/srv/_change_string.py
[1.837s] -- Up-to-date: /home/chotu/Beginner_Tutorials_Ros2/install/serverpublisher/local/lib/python3.10/dist-packages/serverpublisher/srv/_change_string_s.c
[1.837s] -- Up-to-date: /home/chotu/Beginner_Tutorials_Ros2/install/serverpublisher/local/lib/python3.10/dist-packages/serverpublisher/serverpublisher_s__rosidl_typesupport_c.cpython-310-x86_64-linux-gnu.so
[1.837s] -- Up-to-date: /home/chotu/Beginner_Tutorials_Ros2/install/serverpublisher/local/lib/python3.10/dist-packages/serverpublisher/_serverpublisher_s.ep.rosidl_typesupport_fastrtps_c.c
[1.837s] -- Up-to-date: /home/chotu/Beginner_Tutorials_Ros2/install/serverpublisher/local/lib/python3.10/dist-packages/serverpublisher/_serverpublisher_s.ep.rosidl_typesupport_introspection_c.c
[1.837s] -- Up-to-date: /home/chotu/Beginner_Tutorials_Ros2/install/serverpublisher/local/lib/python3.10/dist-packages/serverpublisher/libserverpublisher__rosidl_generator_py.so
[1.837s] -- Up-to-date: /home/chotu/Beginner_Tutorials_Ros2/install/serverpublisher/local/lib/python3.10/dist-packages/serverpublisher/serverpublisher_s__rosidl_typesupport_fastrtps_c.cpython-310-x86_64-linux-gnu.so
[1.837s] -- Up-to-date: /home/chotu/Beginner_Tutorials_Ros2/install/serverpublisher/local/lib/python3.10/dist-packages/serverpublisher/_serverpublisher_s.ep.rosidl_typesupport_c.c
[1.854s] Listing '/home/chotu/Beginner_Tutorials_Ros2/install/serverpublisher/local/lib/python3.10/dist-packages/serverpublisher'...
[1.854s] Compiling '/home/chotu/Beginner_Tutorials_Ros2/install/serverpublisher/local/lib/python3.10/dist-packages/serverpublisher/__init__.py'...
[1.854s] Listing '/home/chotu/Beginner_Tutorials_Ros2/install/serverpublisher/local/lib/python3.10/dist-packages/serverpublisher/msg'...
[1.854s] Listing '/home/chotu/Beginner_Tutorials_Ros2/install/serverpublisher/local/lib/python3.10/dist-packages/serverpublisher/srv'...
[1.857s] -- Up-to-date: /home/chotu/Beginner_Tutorials_Ros2/install/serverpublisher/local/lib/python3.10/dist-packages/serverpublisher/serverpublisher_s__rosidl_typesupport_fastrtps_c.cpython-310-x86_64-linux-gnu.so
[1.858s] -- Up-to-date: /home/chotu/Beginner_Tutorials_Ros2/install/serverpublisher/local/lib/python3.10/dist-packages/serverpublisher/serverpublisher_s__rosidl_typesupport_introspection_c.cpython-310-x86_64-linux-gnu.so
[1.858s] -- Up-to-date: /home/chotu/Beginner_Tutorials_Ros2/install/serverpublisher/local/lib/python3.10/dist-packages/serverpublisher/serverpublisher_s__rosidl_typesupport_c.cpython-310-x86_64-linux-gnu.so
[1.858s] -- Up-to-date: /home/chotu/Beginner_Tutorials_Ros2/install/serverpublisher/lib/libserverpublisher__rosidl_generator_py.so
[1.859s] -- Up-to-date: /home/chotu/Beginner_Tutorials_Ros2/install/serverpublisher/share/serverpublisher/msg/Num.idl
[1.859s] -- Up-to-date: /home/chotu/Beginner_Tutorials_Ros2/install/serverpublisher/share/serverpublisher/msg/Sphere.idl
[1.859s] -- Up-to-date: /home/chotu/Beginner_Tutorials_Ros2/install/serverpublisher/share/serverpublisher/msg/Data.idl
[1.859s] -- Up-to-date: /home/chotu/Beginner_Tutorials_Ros2/install/serverpublisher/share/serverpublisher/srv/AddThreeInts.idl
[1.859s] -- Up-to-date: /home/chotu/Beginner_Tutorials_Ros2/install/serverpublisher/share/serverpublisher/srv/ChangeString.idl
[1.859s] -- Up-to-date: /home/chotu/Beginner_Tutorials_Ros2/install/serverpublisher/share/serverpublisher/msg/Num.msg
[1.859s] -- Up-to-date: /home/chotu/Beginner_Tutorials_Ros2/install/serverpublisher/share/serverpublisher/msg/Sphere.msg
[1.859s] -- Up-to-date: /home/chotu/Beginner_Tutorials_Ros2/install/serverpublisher/share/serverpublisher/msg/Data.msg
[1.859s] -- Up-to-date: /home/chotu/Beginner_Tutorials_Ros2/install/serverpublisher/share/serverpublisher/srv/AddThreeInts.srv
[1.859s] -- Up-to-date: /home/chotu/Beginner_Tutorials_Ros2/install/serverpublisher/share/serverpublisher/srv/AddThreeInts_Request.msg
[1.859s] -- Up-to-date: /home/chotu/Beginner_Tutorials_Ros2/install/serverpublisher/share/serverpublisher/srv/AddThreeInts_Response.msg
[1.859s] -- Up-to-date: /home/chotu/Beginner_Tutorials_Ros2/install/serverpublisher/share/serverpublisher/srv/ChangeString.srv
[1.859s] -- Up-to-date: /home/chotu/Beginner_Tutorials_Ros2/install/serverpublisher/share/serverpublisher/srv/ChangeString_Request.msg
[1.859s] -- Up-to-date: /home/chotu/Beginner_Tutorials_Ros2/install/serverpublisher/share/serverpublisher/srv/ChangeString_Response.msg
[1.859s] -- Up-to-date: /home/chotu/Beginner_Tutorials_Ros2/install/serverpublisher/lib/serverpublisher/test_serverpublisher
[1.860s] -- Up-to-date: /home/chotu/Beginner_Tutorials_Ros2/install/serverpublisher/lib/serverpublisher/talker
[1.860s] -- Up-to-date: /home/chotu/Beginner_Tutorials_Ros2/install/serverpublisher/lib/serverpublisher/talkerandlistner
[1.861s] -- Up-to-date: /home/chotu/Beginner_Tutorials_Ros2/install/serverpublisher/lib/serverpublisher/server
[1.861s] -- Up-to-date: /home/chotu/Beginner_Tutorials_Ros2/install/serverpublisher/share/serverpublisher/launch
[1.861s] -- Up-to-date: /home/chotu/Beginner_Tutorials_Ros2/install/serverpublisher/share/serverpublisher/launch/cpp_pubsub_launch.py
[1.861s] -- Up-to-date: /home/chotu/Beginner_Tutorials_Ros2/install/serverpublisher/share/serverpublisher/launch/rosbag_launch.py
[1.861s] -- Up-to-date: /home/chotu/Beginner_Tutorials_Ros2/install/serverpublisher/share/serverpublisher/launch/bag_launch.py
[1.861s] -- Up-to-date: /home/chotu/Beginner_Tutorials_Ros2/install/serverpublisher/share/ament_index/resource_index/package_run_dependencies/serverpublisher
[1.861s] -- Up-to-date: /home/chotu/Beginner_Tutorials_Ros2/install/serverpublisher/share/ament_index/resource_index/parent_prefix_path/serverpublisher
[1.861s] -- Up-to-date: /home/chotu/Beginner_Tutorials_Ros2/install/serverpublisher/share/serverpublisher/environment/ament_prefix_path.sh
[1.861s] -- Installing: /home/chotu/Beginner_Tutorials_Ros2/install/serverpublisher/share/serverpublisher/environment/ament_prefix_path.dsv
[1.861s] -- Up-to-date: /home/chotu/Beginner_Tutorials_Ros2/install/serverpublisher/share/serverpublisher/environment/path.sh
[1.861s] -- Installing: /home/chotu/Beginner_Tutorials_Ros2/install/serverpublisher/share/serverpublisher/environment/path.dsv
[1.861s] -- Up-to-date: /home/chotu/Beginner_Tutorials_Ros2/install/serverpublisher/share/serverpublisher/local_setup.bash
[1.862s] -- Up-to-date: /home/chotu/Beginner_Tutorials_Ros2/install/serverpublisher/share/serverpublisher/local_setup.sh
[1.862s] -- Up-to-date: /home/chotu/Beginner_Tutorials_Ros2/install/serverpublisher/share/serverpublisher/local_setup.zsh
[1.862s] -- Installing: /home/chotu/Beginner_Tutorials_Ros2/install/serverpublisher/share/serverpublisher/local_setup.dsv
[1.862s] -- Installing: /home/chotu/Beginner_Tutorials_Ros2/install/serverpublisher/share/serverpublisher/package.dsv
[1.862s] -- Up-to-date: /home/chotu/Beginner_Tutorials_Ros2/install/serverpublisher/share/ament_index/resource_index/packages/serverpublisher
[1.862s] -- Up-to-date: /home/chotu/Beginner_Tutorials_Ros2/install/serverpublisher/share/serverpublisher/cmake/export_serverpublisher__rosidl_generator_cExport.cmake
[1.862s] -- Up-to-date: /home/chotu/Beginner_Tutorials_Ros2/install/serverpublisher/share/serverpublisher/cmake/export_serverpublisher__rosidl_generator_cExport-debug.cmake
[1.862s] -- Up-to-date: /home/chotu/Beginner_Tutorials_Ros2/install/serverpublisher/share/serverpublisher/cmake/export_serverpublisher__rosidl_typesupport_fastrtps_cExport.cmake
[1.862s] -- Up-to-date: /home/chotu/Beginner_Tutorials_Ros2/install/serverpublisher/share/serverpublisher/cmake/export_serverpublisher__rosidl_typesupport_fastrtps_cExport-debug.cmake
[1.862s] -- Up-to-date: /home/chotu/Beginner_Tutorials_Ros2/install/serverpublisher/share/serverpublisher/cmake/export_serverpublisher__rosidl_generator_cppExport.cmake
[1.862s] -- Up-to-date: /home/chotu/Beginner_Tutorials_Ros2/install/serverpublisher/share/serverpublisher/cmake/export_serverpublisher__rosidl_typesupport_fastrtps_cppExport.cmake
[1.862s] -- Up-to-date: /home/chotu/Beginner_Tutorials_Ros2/install/serverpublisher/share/serverpublisher/cmake/export_serverpublisher__rosidl_typesupport_fastrtps_cppExport-debug.cmake
[1.862s] -- Up-to-date: /home/chotu/Beginner_Tutorials_Ros2/install/serverpublisher/share/serverpublisher/cmake/serverpublisher__rosidl_typesupport_introspection_cExport.cmake
[1.862s] -- Up-to-date: /home/chotu/Beginner_Tutorials_Ros2/install/serverpublisher/share/serverpublisher/cmake/serverpublisher__rosidl_typesupport_introspection_cExport-debug.cmake
[1.862s] -- Up-to-date: /home/chotu/Beginner_Tutorials_Ros2/install/serverpublisher/share/serverpublisher/cmake/serverpublisher__rosidl_typesupport_cExport.cmake
[1.862s] -- Up-to-date: /home/chotu/Beginner_Tutorials_Ros2/install/serverpublisher/share/serverpublisher/cmake/serverpublisher__rosidl_typesupport_cExport-debug.cmake
[1.863s] -- Up-to-date: /home/chotu/Beginner_Tutorials_Ros2/install/serverpublisher/share/serverpublisher/cmake/serverpublisher__rosidl_typesupport_introspection_cppExport.cmake
[1.863s] -- Up-to-date: /home/chotu/Beginner_Tutorials_Ros2/install/serverpublisher/share/serverpublisher/cmake/serverpublisher__rosidl_typesupport_introspection_cppExport-debug.cmake
[1.863s] -- Up-to-date: /home/chotu/Beginner_Tutorials_Ros2/install/serverpublisher/share/serverpublisher/cmake/serverpublisher__rosidl_typesupport_cppExport.cmake
[1.863s] -- Up-to-date: /home/chotu/Beginner_Tutorials_Ros2/install/serverpublisher/share/serverpublisher/cmake/serverpublisher__rosidl_typesupport_cppExport-debug.cmake
[1.863s] -- Up-to-date: /home/chotu/Beginner_Tutorials_Ros2/install/serverpublisher/share/serverpublisher/cmake/export_serverpublisher__rosidl_generator_pyExport.cmake
[1.863s] -- Up-to-date: /home/chotu/Beginner_Tutorials_Ros2/install/serverpublisher/share/serverpublisher/cmake/export_serverpublisher__rosidl_generator_pyExport-debug.cmake
[1.863s] -- Up-to-date: /home/chotu/Beginner_Tutorials_Ros2/install/serverpublisher/share/serverpublisher/cmake/rosidl_cmake-extras.cmake
[1.863s] -- Up-to-date: /home/chotu/Beginner_Tutorials_Ros2/install/serverpublisher/share/serverpublisher/cmake/ament_cmake_export_dependencies-extras.cmake
[1.863s] -- Up-to-date: /home/chotu/Beginner_Tutorials_Ros2/install/serverpublisher/share/serverpublisher/cmake/ament_cmake_export_include_directories-extras.cmake
[1.863s] -- Up-to-date: /home/chotu/Beginner_Tutorials_Ros2/install/serverpublisher/share/serverpublisher/cmake/ament_cmake_export_libraries-extras.cmake
[1.863s] -- Up-to-date: /home/chotu/Beginner_Tutorials_Ros2/install/serverpublisher/share/serverpublisher/cmake/ament_cmake_export_targets-extras.cmake
[1.863s] -- Up-to-date: /home/chotu/Beginner_Tutorials_Ros2/install/serverpublisher/share/serverpublisher/cmake/rosidl_cmake_export_typesupport_targets-extras.cmake
[1.863s] -- Up-to-date: /home/chotu/Beginner_Tutorials_Ros2/install/serverpublisher/share/serverpublisher/cmake/rosidl_cmake_export_typesupport_libraries-extras.cmake
[1.863s] -- Up-to-date: /home/chotu/Beginner_Tutorials_Ros2/install/serverpublisher/share/serverpublisher/cmake/serverpublisherConfig.cmake
[1.863s] -- Up-to-date: /home/chotu/Beginner_Tutorials_Ros2/install/serverpublisher/share/serverpublisher/cmake/serverpublisherConfig-version.cmake
[1.863s] -- Up-to-date: /home/chotu/Beginner_Tutorials_Ros2/install/serverpublisher/share/serverpublisher/package.xml
[1.864s] Invoked command in '/home/chotu/Beginner_Tutorials_Ros2/build/serverpublisher' returned '0': CMAKE_PREFIX_PATH=/opt/ros/humble /usr/bin/cmake --install /home/chotu/Beginner_Tutorials_Ros2/build/serverpublisher
