[3.588s] Invoking command in '/home/sahruday/ros2_ws/build/examples_rclpy_minimal_action_client': PYTHONPATH=/home/sahruday/ros2_ws/install/examples_rclpy_minimal_action_client/lib/python3.10/site-packages:${PYTHONPATH} /usr/bin/python3 setup.py develop --prefix /home/sahruday/ros2_ws/install/examples_rclpy_minimal_action_client --editable --build-directory /home/sahruday/ros2_ws/build/examples_rclpy_minimal_action_client/build --no-deps install_data --install-dir /home/sahruday/ros2_ws/install/examples_rclpy_minimal_action_client
[5.460s] running develop
[5.460s] running egg_info
[5.460s] creating examples_rclpy_minimal_action_client.egg-info
[5.460s] writing examples_rclpy_minimal_action_client.egg-info/PKG-INFO
[5.460s] writing dependency_links to examples_rclpy_minimal_action_client.egg-info/dependency_links.txt
[5.461s] writing entry points to examples_rclpy_minimal_action_client.egg-info/entry_points.txt
[5.461s] writing requirements to examples_rclpy_minimal_action_client.egg-info/requires.txt
[5.461s] writing top-level names to examples_rclpy_minimal_action_client.egg-info/top_level.txt
[5.461s] writing manifest file 'examples_rclpy_minimal_action_client.egg-info/SOURCES.txt'
[5.461s] reading manifest file 'examples_rclpy_minimal_action_client.egg-info/SOURCES.txt'
[5.461s] writing manifest file 'examples_rclpy_minimal_action_client.egg-info/SOURCES.txt'
[5.461s] running build_ext
[5.461s] Creating /home/sahruday/ros2_ws/install/examples_rclpy_minimal_action_client/lib/python3.10/site-packages/examples-rclpy-minimal-action-client.egg-link (link to .)
[5.461s] Installing client script to /home/sahruday/ros2_ws/install/examples_rclpy_minimal_action_client/lib/examples_rclpy_minimal_action_client
[5.461s] Installing client_asyncio script to /home/sahruday/ros2_ws/install/examples_rclpy_minimal_action_client/lib/examples_rclpy_minimal_action_client
[5.461s] Installing client_cancel script to /home/sahruday/ros2_ws/install/examples_rclpy_minimal_action_client/lib/examples_rclpy_minimal_action_client
[5.461s] Installing client_not_composable script to /home/sahruday/ros2_ws/install/examples_rclpy_minimal_action_client/lib/examples_rclpy_minimal_action_client
[5.462s] 
[5.462s] Installed /home/sahruday/ros2_ws/build/examples_rclpy_minimal_action_client
[5.462s] running install_data
[5.462s] creating /home/sahruday/ros2_ws/install/examples_rclpy_minimal_action_client/share/ament_index
[5.462s] creating /home/sahruday/ros2_ws/install/examples_rclpy_minimal_action_client/share/ament_index/resource_index
[5.462s] creating /home/sahruday/ros2_ws/install/examples_rclpy_minimal_action_client/share/ament_index/resource_index/packages
[5.462s] copying resource/examples_rclpy_minimal_action_client -> /home/sahruday/ros2_ws/install/examples_rclpy_minimal_action_client/share/ament_index/resource_index/packages
[5.462s] copying package.xml -> /home/sahruday/ros2_ws/install/examples_rclpy_minimal_action_client/share/examples_rclpy_minimal_action_client
[5.462s] /usr/lib/python3/dist-packages/setuptools/command/easy_install.py:158: EasyInstallDeprecationWarning: easy_install command is deprecated. Use build and pip and other standards-based tools.
[5.462s]   warnings.warn(
[5.462s] /usr/lib/python3/dist-packages/setuptools/command/install.py:34: SetuptoolsDeprecationWarning: setup.py install is deprecated. Use build and pip and other standards-based tools.
[5.462s]   warnings.warn(
[5.462s] /usr/lib/python3/dist-packages/pkg_resources/__init__.py:116: PkgResourcesDeprecationWarning: 1.1build1 is an invalid version and will not be supported in a future release
[5.463s]   warnings.warn(
[5.463s] /usr/lib/python3/dist-packages/pkg_resources/__init__.py:116: PkgResourcesDeprecationWarning: 0.1.43ubuntu1 is an invalid version and will not be supported in a future release
[5.463s]   warnings.warn(
[5.482s] Invoked command in '/home/sahruday/ros2_ws/build/examples_rclpy_minimal_action_client' returned '0': PYTHONPATH=/home/sahruday/ros2_ws/install/examples_rclpy_minimal_action_client/lib/python3.10/site-packages:${PYTHONPATH} /usr/bin/python3 setup.py develop --prefix /home/sahruday/ros2_ws/install/examples_rclpy_minimal_action_client --editable --build-directory /home/sahruday/ros2_ws/build/examples_rclpy_minimal_action_client/build --no-deps install_data --install-dir /home/sahruday/ros2_ws/install/examples_rclpy_minimal_action_client
