[0.197s] DEBUG:colcon:Command line arguments: ['/usr/bin/colcon', 'build']
[0.197s] DEBUG:colcon:Parsed command line arguments: Namespace(log_base=None, log_level=None, verb_name='build', build_base='build', install_base='install', merge_install=False, symlink_install=False, test_result_base=None, continue_on_error=False, executor='parallel', parallel_workers=16, event_handlers=None, ignore_user_meta=False, metas=['./colcon.meta'], base_paths=['.'], packages_ignore=None, packages_ignore_regex=None, paths=None, packages_up_to=None, packages_up_to_regex=None, packages_above=None, packages_above_and_dependencies=None, packages_above_depth=None, packages_select_by_dep=None, packages_skip_by_dep=None, packages_skip_up_to=None, packages_select_build_failed=False, packages_skip_build_finished=False, packages_select_test_failures=False, packages_skip_test_passed=False, packages_select=None, packages_skip=None, packages_select_regex=None, packages_skip_regex=None, packages_start=None, packages_end=None, allow_overriding=[], cmake_args=None, cmake_target=None, cmake_target_skip_unavailable=False, cmake_clean_cache=False, cmake_clean_first=False, cmake_force_configure=False, ament_cmake_args=None, catkin_cmake_args=None, catkin_skip_building_tests=False, verb_parser=<colcon_defaults.argument_parser.defaults.DefaultArgumentsDecorator object at 0x7f571b979d50>, verb_extension=<colcon_core.verb.build.BuildVerb object at 0x7f571c2aa440>, main=<bound method BuildVerb.main of <colcon_core.verb.build.BuildVerb object at 0x7f571c2aa440>>)
[0.215s] Level 1:colcon.colcon_core.package_discovery:discover_packages(colcon_meta) check parameters
[0.215s] Level 1:colcon.colcon_core.package_discovery:discover_packages(recursive) check parameters
[0.215s] Level 1:colcon.colcon_core.package_discovery:discover_packages(ignore) check parameters
[0.215s] Level 1:colcon.colcon_core.package_discovery:discover_packages(path) check parameters
[0.215s] Level 1:colcon.colcon_core.package_discovery:discover_packages(colcon_meta) discover
[0.216s] Level 1:colcon.colcon_core.package_discovery:discover_packages(recursive) discover
[0.216s] INFO:colcon.colcon_core.package_discovery:Crawling recursively for packages in '/home/chotu/Beginner_Tutorials_Ros2'
[0.216s] Level 1:colcon.colcon_core.package_identification:_identify(.) by extensions ['ignore', 'ignore_ament_install']
[0.216s] Level 1:colcon.colcon_core.package_identification:_identify(.) by extension 'ignore'
[0.216s] Level 1:colcon.colcon_core.package_identification:_identify(.) by extension 'ignore_ament_install'
[0.216s] Level 1:colcon.colcon_core.package_identification:_identify(.) by extensions ['colcon_pkg']
[0.216s] Level 1:colcon.colcon_core.package_identification:_identify(.) by extension 'colcon_pkg'
[0.216s] Level 1:colcon.colcon_core.package_identification:_identify(.) by extensions ['colcon_meta']
[0.216s] Level 1:colcon.colcon_core.package_identification:_identify(.) by extension 'colcon_meta'
[0.216s] Level 1:colcon.colcon_core.package_identification:_identify(.) by extensions ['ros']
[0.216s] Level 1:colcon.colcon_core.package_identification:_identify(.) by extension 'ros'
[0.232s] DEBUG:colcon.colcon_core.package_identification:Package '.' with type 'ros.ament_cmake' and name 'serverpublisher'
[0.232s] Level 1:colcon.colcon_core.package_discovery:discover_packages(recursive) using defaults
[0.232s] Level 1:colcon.colcon_core.package_discovery:discover_packages(ignore) discover
[0.232s] Level 1:colcon.colcon_core.package_discovery:discover_packages(ignore) using defaults
[0.232s] Level 1:colcon.colcon_core.package_discovery:discover_packages(path) discover
[0.232s] Level 1:colcon.colcon_core.package_discovery:discover_packages(path) using defaults
[0.246s] Level 1:colcon.colcon_core.package_discovery:discover_packages(prefix_path) check parameters
[0.246s] Level 1:colcon.colcon_core.package_discovery:discover_packages(prefix_path) discover
[0.248s] DEBUG:colcon.colcon_installed_package_information.package_discovery:Found 371 installed packages in /opt/ros/humble
[0.249s] Level 1:colcon.colcon_core.package_discovery:discover_packages(prefix_path) using defaults
[0.292s] Level 5:colcon.colcon_core.verb:set package 'serverpublisher' build argument 'cmake_args' from command line to 'None'
[0.292s] Level 5:colcon.colcon_core.verb:set package 'serverpublisher' build argument 'cmake_target' from command line to 'None'
[0.292s] Level 5:colcon.colcon_core.verb:set package 'serverpublisher' build argument 'cmake_target_skip_unavailable' from command line to 'False'
[0.292s] Level 5:colcon.colcon_core.verb:set package 'serverpublisher' build argument 'cmake_clean_cache' from command line to 'False'
[0.292s] Level 5:colcon.colcon_core.verb:set package 'serverpublisher' build argument 'cmake_clean_first' from command line to 'False'
[0.292s] Level 5:colcon.colcon_core.verb:set package 'serverpublisher' build argument 'cmake_force_configure' from command line to 'False'
[0.292s] Level 5:colcon.colcon_core.verb:set package 'serverpublisher' build argument 'ament_cmake_args' from command line to 'None'
[0.292s] Level 5:colcon.colcon_core.verb:set package 'serverpublisher' build argument 'catkin_cmake_args' from command line to 'None'
[0.292s] Level 5:colcon.colcon_core.verb:set package 'serverpublisher' build argument 'catkin_skip_building_tests' from command line to 'False'
[0.292s] DEBUG:colcon.colcon_core.verb:Building package 'serverpublisher' with the following arguments: {'ament_cmake_args': None, 'build_base': '/home/chotu/Beginner_Tutorials_Ros2/build/serverpublisher', 'catkin_cmake_args': None, 'catkin_skip_building_tests': False, 'cmake_args': None, 'cmake_clean_cache': False, 'cmake_clean_first': False, 'cmake_force_configure': False, 'cmake_target': None, 'cmake_target_skip_unavailable': False, 'install_base': '/home/chotu/Beginner_Tutorials_Ros2/install/serverpublisher', 'merge_install': False, 'path': '/home/chotu/Beginner_Tutorials_Ros2', 'symlink_install': False, 'test_result_base': None}
[0.292s] INFO:colcon.colcon_core.executor:Executing jobs using 'parallel' executor
[0.295s] DEBUG:colcon.colcon_parallel_executor.executor.parallel:run_until_complete
[0.295s] INFO:colcon.colcon_ros.task.ament_cmake.build:Building ROS package in '/home/chotu/Beginner_Tutorials_Ros2' with build type 'ament_cmake'
[0.295s] INFO:colcon.colcon_cmake.task.cmake.build:Building CMake package in '/home/chotu/Beginner_Tutorials_Ros2'
[0.298s] INFO:colcon.colcon_core.plugin_system:Skipping extension 'colcon_core.shell.bat': Not used on non-Windows systems
[0.298s] INFO:colcon.colcon_core.shell:Skip shell extension 'powershell' for command environment: Not usable outside of PowerShell
[0.298s] DEBUG:colcon.colcon_core.shell:Skip shell extension 'dsv' for command environment
[0.304s] DEBUG:colcon.colcon_core.event_handler.log_command:Invoking command in '/home/chotu/Beginner_Tutorials_Ros2/build/serverpublisher': CMAKE_PREFIX_PATH=/opt/ros/humble /usr/bin/cmake --build /home/chotu/Beginner_Tutorials_Ros2/build/serverpublisher -- -j16 -l16
[7.226s] DEBUG:colcon.colcon_core.event_handler.log_command:Invoked command in '/home/chotu/Beginner_Tutorials_Ros2/build/serverpublisher' returned '0': CMAKE_PREFIX_PATH=/opt/ros/humble /usr/bin/cmake --build /home/chotu/Beginner_Tutorials_Ros2/build/serverpublisher -- -j16 -l16
[7.299s] DEBUG:colcon.colcon_core.event_handler.log_command:Invoking command in '/home/chotu/Beginner_Tutorials_Ros2/build/serverpublisher': CMAKE_PREFIX_PATH=/opt/ros/humble /usr/bin/cmake --install /home/chotu/Beginner_Tutorials_Ros2/build/serverpublisher
[7.355s] Level 1:colcon.colcon_core.environment:create_environment_scripts_only(serverpublisher)
[7.355s] DEBUG:colcon.colcon_core.event_handler.log_command:Invoked command in '/home/chotu/Beginner_Tutorials_Ros2/build/serverpublisher' returned '0': CMAKE_PREFIX_PATH=/opt/ros/humble /usr/bin/cmake --install /home/chotu/Beginner_Tutorials_Ros2/build/serverpublisher
[7.359s] Level 1:colcon.colcon_core.environment:checking '/home/chotu/Beginner_Tutorials_Ros2/install/serverpublisher' for CMake module files
[7.359s] Level 1:colcon.colcon_core.environment:checking '/home/chotu/Beginner_Tutorials_Ros2/install/serverpublisher' for CMake config files
[7.360s] Level 1:colcon.colcon_core.shell:create_environment_hook('serverpublisher', 'cmake_prefix_path')
[7.361s] INFO:colcon.colcon_core.shell:Creating environment hook '/home/chotu/Beginner_Tutorials_Ros2/install/serverpublisher/share/serverpublisher/hook/cmake_prefix_path.ps1'
[7.362s] INFO:colcon.colcon_core.shell:Creating environment descriptor '/home/chotu/Beginner_Tutorials_Ros2/install/serverpublisher/share/serverpublisher/hook/cmake_prefix_path.dsv'
[7.362s] INFO:colcon.colcon_core.shell:Creating environment hook '/home/chotu/Beginner_Tutorials_Ros2/install/serverpublisher/share/serverpublisher/hook/cmake_prefix_path.sh'
[7.363s] Level 1:colcon.colcon_core.environment:checking '/home/chotu/Beginner_Tutorials_Ros2/install/serverpublisher/lib'
[7.363s] Level 1:colcon.colcon_core.shell:create_environment_hook('serverpublisher', 'ld_library_path_lib')
[7.364s] INFO:colcon.colcon_core.shell:Creating environment hook '/home/chotu/Beginner_Tutorials_Ros2/install/serverpublisher/share/serverpublisher/hook/ld_library_path_lib.ps1'
[7.364s] INFO:colcon.colcon_core.shell:Creating environment descriptor '/home/chotu/Beginner_Tutorials_Ros2/install/serverpublisher/share/serverpublisher/hook/ld_library_path_lib.dsv'
[7.365s] INFO:colcon.colcon_core.shell:Creating environment hook '/home/chotu/Beginner_Tutorials_Ros2/install/serverpublisher/share/serverpublisher/hook/ld_library_path_lib.sh'
[7.365s] Level 1:colcon.colcon_core.environment:checking '/home/chotu/Beginner_Tutorials_Ros2/install/serverpublisher/bin'
[7.365s] Level 1:colcon.colcon_core.environment:checking '/home/chotu/Beginner_Tutorials_Ros2/install/serverpublisher/lib/pkgconfig/serverpublisher.pc'
[7.365s] Level 1:colcon.colcon_core.environment:checking '/home/chotu/Beginner_Tutorials_Ros2/install/serverpublisher/lib/python3.10/site-packages'
[7.366s] Level 1:colcon.colcon_core.environment:checking '/home/chotu/Beginner_Tutorials_Ros2/install/serverpublisher/bin'
[7.367s] INFO:colcon.colcon_core.shell:Creating package script '/home/chotu/Beginner_Tutorials_Ros2/install/serverpublisher/share/serverpublisher/package.ps1'
[7.368s] INFO:colcon.colcon_core.shell:Creating package descriptor '/home/chotu/Beginner_Tutorials_Ros2/install/serverpublisher/share/serverpublisher/package.dsv'
[7.368s] INFO:colcon.colcon_core.shell:Creating package script '/home/chotu/Beginner_Tutorials_Ros2/install/serverpublisher/share/serverpublisher/package.sh'
[7.369s] INFO:colcon.colcon_core.shell:Creating package script '/home/chotu/Beginner_Tutorials_Ros2/install/serverpublisher/share/serverpublisher/package.bash'
[7.369s] INFO:colcon.colcon_core.shell:Creating package script '/home/chotu/Beginner_Tutorials_Ros2/install/serverpublisher/share/serverpublisher/package.zsh'
[7.370s] Level 1:colcon.colcon_core.environment:create_file_with_runtime_dependencies(/home/chotu/Beginner_Tutorials_Ros2/install/serverpublisher/share/colcon-core/packages/serverpublisher)
[7.440s] Level 1:colcon.colcon_core.environment:create_environment_scripts_only(serverpublisher)
[7.442s] Level 1:colcon.colcon_core.environment:checking '/home/chotu/Beginner_Tutorials_Ros2/install/serverpublisher' for CMake module files
[7.442s] Level 1:colcon.colcon_core.environment:checking '/home/chotu/Beginner_Tutorials_Ros2/install/serverpublisher' for CMake config files
[7.443s] Level 1:colcon.colcon_core.shell:create_environment_hook('serverpublisher', 'cmake_prefix_path')
[7.444s] INFO:colcon.colcon_core.shell:Creating environment hook '/home/chotu/Beginner_Tutorials_Ros2/install/serverpublisher/share/serverpublisher/hook/cmake_prefix_path.ps1'
[7.445s] INFO:colcon.colcon_core.shell:Creating environment descriptor '/home/chotu/Beginner_Tutorials_Ros2/install/serverpublisher/share/serverpublisher/hook/cmake_prefix_path.dsv'
[7.445s] INFO:colcon.colcon_core.shell:Creating environment hook '/home/chotu/Beginner_Tutorials_Ros2/install/serverpublisher/share/serverpublisher/hook/cmake_prefix_path.sh'
[7.445s] Level 1:colcon.colcon_core.environment:checking '/home/chotu/Beginner_Tutorials_Ros2/install/serverpublisher/lib'
[7.445s] Level 1:colcon.colcon_core.shell:create_environment_hook('serverpublisher', 'ld_library_path_lib')
[7.447s] INFO:colcon.colcon_core.shell:Creating environment hook '/home/chotu/Beginner_Tutorials_Ros2/install/serverpublisher/share/serverpublisher/hook/ld_library_path_lib.ps1'
[7.447s] INFO:colcon.colcon_core.shell:Creating environment descriptor '/home/chotu/Beginner_Tutorials_Ros2/install/serverpublisher/share/serverpublisher/hook/ld_library_path_lib.dsv'
[7.447s] INFO:colcon.colcon_core.shell:Creating environment hook '/home/chotu/Beginner_Tutorials_Ros2/install/serverpublisher/share/serverpublisher/hook/ld_library_path_lib.sh'
[7.448s] Level 1:colcon.colcon_core.environment:checking '/home/chotu/Beginner_Tutorials_Ros2/install/serverpublisher/bin'
[7.448s] Level 1:colcon.colcon_core.environment:checking '/home/chotu/Beginner_Tutorials_Ros2/install/serverpublisher/lib/pkgconfig/serverpublisher.pc'
[7.448s] Level 1:colcon.colcon_core.environment:checking '/home/chotu/Beginner_Tutorials_Ros2/install/serverpublisher/lib/python3.10/site-packages'
[7.448s] Level 1:colcon.colcon_core.environment:checking '/home/chotu/Beginner_Tutorials_Ros2/install/serverpublisher/bin'
[7.450s] INFO:colcon.colcon_core.shell:Creating package script '/home/chotu/Beginner_Tutorials_Ros2/install/serverpublisher/share/serverpublisher/package.ps1'
[7.450s] INFO:colcon.colcon_core.shell:Creating package descriptor '/home/chotu/Beginner_Tutorials_Ros2/install/serverpublisher/share/serverpublisher/package.dsv'
[7.451s] INFO:colcon.colcon_core.shell:Creating package script '/home/chotu/Beginner_Tutorials_Ros2/install/serverpublisher/share/serverpublisher/package.sh'
[7.451s] INFO:colcon.colcon_core.shell:Creating package script '/home/chotu/Beginner_Tutorials_Ros2/install/serverpublisher/share/serverpublisher/package.bash'
[7.451s] INFO:colcon.colcon_core.shell:Creating package script '/home/chotu/Beginner_Tutorials_Ros2/install/serverpublisher/share/serverpublisher/package.zsh'
[7.452s] Level 1:colcon.colcon_core.environment:create_file_with_runtime_dependencies(/home/chotu/Beginner_Tutorials_Ros2/install/serverpublisher/share/colcon-core/packages/serverpublisher)
[7.452s] DEBUG:colcon.colcon_parallel_executor.executor.parallel:closing loop
[7.452s] DEBUG:colcon.colcon_parallel_executor.executor.parallel:loop closed
[7.452s] DEBUG:colcon.colcon_parallel_executor.executor.parallel:run_until_complete finished with '0'
[7.452s] DEBUG:colcon.colcon_core.event_reactor:joining thread
[7.456s] INFO:colcon.colcon_core.plugin_system:Skipping extension 'colcon_notification.desktop_notification.terminal_notifier': Not used on non-Darwin systems
[7.456s] INFO:colcon.colcon_core.plugin_system:Skipping extension 'colcon_notification.desktop_notification.win32': Not used on non-Windows systems
[7.456s] INFO:colcon.colcon_notification.desktop_notification:Sending desktop notification using 'notify2'
[7.466s] DEBUG:colcon.colcon_core.event_reactor:joined thread
[7.468s] INFO:colcon.colcon_core.shell:Creating prefix script '/home/chotu/Beginner_Tutorials_Ros2/install/local_setup.ps1'
[7.469s] INFO:colcon.colcon_core.shell:Creating prefix util module '/home/chotu/Beginner_Tutorials_Ros2/install/_local_setup_util_ps1.py'
[7.470s] INFO:colcon.colcon_core.shell:Creating prefix chain script '/home/chotu/Beginner_Tutorials_Ros2/install/setup.ps1'
[7.472s] INFO:colcon.colcon_core.shell:Creating prefix script '/home/chotu/Beginner_Tutorials_Ros2/install/local_setup.sh'
[7.472s] INFO:colcon.colcon_core.shell:Creating prefix util module '/home/chotu/Beginner_Tutorials_Ros2/install/_local_setup_util_sh.py'
[7.473s] INFO:colcon.colcon_core.shell:Creating prefix chain script '/home/chotu/Beginner_Tutorials_Ros2/install/setup.sh'
[7.474s] INFO:colcon.colcon_core.shell:Creating prefix script '/home/chotu/Beginner_Tutorials_Ros2/install/local_setup.bash'
[7.474s] INFO:colcon.colcon_core.shell:Creating prefix chain script '/home/chotu/Beginner_Tutorials_Ros2/install/setup.bash'
[7.475s] INFO:colcon.colcon_core.shell:Creating prefix script '/home/chotu/Beginner_Tutorials_Ros2/install/local_setup.zsh'
[7.475s] INFO:colcon.colcon_core.shell:Creating prefix chain script '/home/chotu/Beginner_Tutorials_Ros2/install/setup.zsh'
