[0.009s] Invoking command in '/home/chotu/Beginner_Tutorials_Ros2/build/serverpublisher': CMAKE_PREFIX_PATH=/opt/ros/humble /usr/bin/cmake --build /home/chotu/Beginner_Tutorials_Ros2/build/serverpublisher -- -j16 -l16
[0.037s] [35m[1mConsolidate compiler generated dependencies of target gtest_main[0m
[0.037s] [35m[1mConsolidate compiler generated dependencies of target gtest[0m
[0.037s] [35m[1mConsolidate compiler generated dependencies of target serverpublisher__rosidl_generator_c[0m
[0.043s] [  1%] Built target serverpublisher__cpp
[0.044s] [  6%] Built target gtest_main
[0.044s] [ 12%] Built target serverpublisher__rosidl_generator_c
[0.044s] [ 15%] Built target gtest
[0.049s] [ 15%] Built target ament_cmake_python_copy_serverpublisher
[0.049s] [35m[1mConsolidate compiler generated dependencies of target serverpublisher__rosidl_typesupport_c[0m
[0.049s] [35m[1mConsolidate compiler generated dependencies of target serverpublisher__rosidl_typesupport_cpp[0m
[0.050s] [35m[1mConsolidate compiler generated dependencies of target serverpublisher__rosidl_typesupport_introspection_c[0m
[0.050s] [35m[1mConsolidate compiler generated dependencies of target serverpublisher__rosidl_typesupport_introspection_cpp[0m
[0.050s] [35m[1mConsolidate compiler generated dependencies of target serverpublisher__rosidl_typesupport_fastrtps_cpp[0m
[0.050s] [35m[1mConsolidate compiler generated dependencies of target serverpublisher__rosidl_typesupport_fastrtps_c[0m
[0.057s] [ 32%] Built target serverpublisher__rosidl_typesupport_c
[0.057s] [ 32%] Built target serverpublisher__rosidl_typesupport_introspection_c
[0.059s] [ 41%] Built target serverpublisher__rosidl_typesupport_introspection_cpp
[0.059s] [ 50%] Built target serverpublisher__rosidl_typesupport_cpp
[0.060s] [ 59%] Built target serverpublisher__rosidl_typesupport_fastrtps_c
[0.061s] [ 68%] Built target serverpublisher__rosidl_typesupport_fastrtps_cpp
[0.066s] [35m[1mConsolidate compiler generated dependencies of target talker[0m
[0.066s] [35m[1mConsolidate compiler generated dependencies of target server[0m
[0.066s] [35m[1mConsolidate compiler generated dependencies of target stringserver[0m
[0.066s] [35m[1mConsolidate compiler generated dependencies of target talkerandlistner[0m
[0.066s] [35m[1mConsolidate compiler generated dependencies of target server_test[0m
[0.066s] [35m[1mConsolidate compiler generated dependencies of target static_transform_publisher[0m
[0.073s] [ 68%] Built target serverpublisher
[0.078s] [ 77%] Built target talker
[0.078s] [ 77%] [32mBuilding CXX object CMakeFiles/server_test.dir/test/test_server.cpp.o[0m
[0.078s] [ 77%] Built target static_transform_publisher
[0.078s] [ 77%] Built target stringserver
[0.078s] [ 79%] Built target talkerandlistner
[0.081s] [ 82%] Built target server
[0.084s] [ 83%] Built target serverpublisher__py
[0.090s] [35m[1mConsolidate compiler generated dependencies of target serverpublisher__rosidl_generator_py[0m
[0.100s] [ 91%] Built target serverpublisher__rosidl_generator_py
[0.107s] [35m[1mConsolidate compiler generated dependencies of target serverpublisher__rosidl_typesupport_introspection_c__pyext[0m
[0.107s] [35m[1mConsolidate compiler generated dependencies of target serverpublisher__rosidl_typesupport_fastrtps_c__pyext[0m
[0.107s] [35m[1mConsolidate compiler generated dependencies of target serverpublisher__rosidl_typesupport_c__pyext[0m
[0.116s] [ 98%] Built target serverpublisher__rosidl_typesupport_c__pyext
[0.116s] [ 98%] Built target serverpublisher__rosidl_typesupport_introspection_c__pyext
[0.116s] [ 98%] Built target serverpublisher__rosidl_typesupport_fastrtps_c__pyext
[0.225s] running egg_info
[0.225s] writing serverpublisher.egg-info/PKG-INFO
[0.225s] writing dependency_links to serverpublisher.egg-info/dependency_links.txt
[0.225s] writing top-level names to serverpublisher.egg-info/top_level.txt
[0.228s] reading manifest file 'serverpublisher.egg-info/SOURCES.txt'
[0.228s] writing manifest file 'serverpublisher.egg-info/SOURCES.txt'
[0.251s] [ 98%] Built target ament_cmake_python_build_serverpublisher_egg
[6.618s] [100%] [32m[1mLinking CXX executable server_test[0m
[6.922s] [100%] Built target server_test
[6.931s] Invoked command in '/home/chotu/Beginner_Tutorials_Ros2/build/serverpublisher' returned '0': CMAKE_PREFIX_PATH=/opt/ros/humble /usr/bin/cmake --build /home/chotu/Beginner_Tutorials_Ros2/build/serverpublisher -- -j16 -l16
[7.003s] Invoking command in '/home/chotu/Beginner_Tutorials_Ros2/build/serverpublisher': CMAKE_PREFIX_PATH=/opt/ros/humble /usr/bin/cmake --install /home/chotu/Beginner_Tutorials_Ros2/build/serverpublisher
[7.008s] -- Install configuration: ""
[7.008s] -- Installing: /home/chotu/Beginner_Tutorials_Ros2/install/serverpublisher/share/ament_index/resource_index/rosidl_interfaces/serverpublisher
[7.008s] -- Installing: /home/chotu/Beginner_Tutorials_Ros2/install/serverpublisher/include/serverpublisher/serverpublisher
[7.008s] -- Installing: /home/chotu/Beginner_Tutorials_Ros2/install/serverpublisher/include/serverpublisher/serverpublisher/msg
[7.009s] -- Installing: /home/chotu/Beginner_Tutorials_Ros2/install/serverpublisher/include/serverpublisher/serverpublisher/msg/data.h
[7.009s] -- Installing: /home/chotu/Beginner_Tutorials_Ros2/install/serverpublisher/include/serverpublisher/serverpublisher/msg/detail
[7.009s] -- Installing: /home/chotu/Beginner_Tutorials_Ros2/install/serverpublisher/include/serverpublisher/serverpublisher/msg/detail/sphere__functions.c
[7.009s] -- Installing: /home/chotu/Beginner_Tutorials_Ros2/install/serverpublisher/include/serverpublisher/serverpublisher/msg/detail/data__functions.c
[7.009s] -- Installing: /home/chotu/Beginner_Tutorials_Ros2/install/serverpublisher/include/serverpublisher/serverpublisher/msg/detail/data__functions.h
[7.009s] -- Installing: /home/chotu/Beginner_Tutorials_Ros2/install/serverpublisher/include/serverpublisher/serverpublisher/msg/detail/data__type_support.h
[7.009s] -- Installing: /home/chotu/Beginner_Tutorials_Ros2/install/serverpublisher/include/serverpublisher/serverpublisher/msg/detail/data__struct.h
[7.009s] -- Installing: /home/chotu/Beginner_Tutorials_Ros2/install/serverpublisher/include/serverpublisher/serverpublisher/msg/detail/sphere__functions.h
[7.009s] -- Installing: /home/chotu/Beginner_Tutorials_Ros2/install/serverpublisher/include/serverpublisher/serverpublisher/msg/detail/num__type_support.h
[7.009s] -- Installing: /home/chotu/Beginner_Tutorials_Ros2/install/serverpublisher/include/serverpublisher/serverpublisher/msg/detail/sphere__type_support.h
[7.009s] -- Installing: /home/chotu/Beginner_Tutorials_Ros2/install/serverpublisher/include/serverpublisher/serverpublisher/msg/detail/num__functions.h
[7.009s] -- Installing: /home/chotu/Beginner_Tutorials_Ros2/install/serverpublisher/include/serverpublisher/serverpublisher/msg/detail/num__functions.c
[7.009s] -- Installing: /home/chotu/Beginner_Tutorials_Ros2/install/serverpublisher/include/serverpublisher/serverpublisher/msg/detail/num__struct.h
[7.009s] -- Installing: /home/chotu/Beginner_Tutorials_Ros2/install/serverpublisher/include/serverpublisher/serverpublisher/msg/detail/sphere__struct.h
[7.009s] -- Installing: /home/chotu/Beginner_Tutorials_Ros2/install/serverpublisher/include/serverpublisher/serverpublisher/msg/sphere.h
[7.009s] -- Installing: /home/chotu/Beginner_Tutorials_Ros2/install/serverpublisher/include/serverpublisher/serverpublisher/msg/num.h
[7.009s] -- Installing: /home/chotu/Beginner_Tutorials_Ros2/install/serverpublisher/include/serverpublisher/serverpublisher/msg/rosidl_generator_c__visibility_control.h
[7.009s] -- Installing: /home/chotu/Beginner_Tutorials_Ros2/install/serverpublisher/include/serverpublisher/serverpublisher/srv
[7.009s] -- Installing: /home/chotu/Beginner_Tutorials_Ros2/install/serverpublisher/include/serverpublisher/serverpublisher/srv/detail
[7.010s] -- Installing: /home/chotu/Beginner_Tutorials_Ros2/install/serverpublisher/include/serverpublisher/serverpublisher/srv/detail/add_three_ints__struct.h
[7.010s] -- Installing: /home/chotu/Beginner_Tutorials_Ros2/install/serverpublisher/include/serverpublisher/serverpublisher/srv/detail/add_three_ints__functions.h
[7.010s] -- Installing: /home/chotu/Beginner_Tutorials_Ros2/install/serverpublisher/include/serverpublisher/serverpublisher/srv/detail/add_three_ints__functions.c
[7.010s] -- Installing: /home/chotu/Beginner_Tutorials_Ros2/install/serverpublisher/include/serverpublisher/serverpublisher/srv/detail/change_string__functions.c
[7.010s] -- Installing: /home/chotu/Beginner_Tutorials_Ros2/install/serverpublisher/include/serverpublisher/serverpublisher/srv/detail/change_string__type_support.h
[7.010s] -- Installing: /home/chotu/Beginner_Tutorials_Ros2/install/serverpublisher/include/serverpublisher/serverpublisher/srv/detail/change_string__functions.h
[7.010s] -- Installing: /home/chotu/Beginner_Tutorials_Ros2/install/serverpublisher/include/serverpublisher/serverpublisher/srv/detail/change_string__struct.h
[7.010s] -- Installing: /home/chotu/Beginner_Tutorials_Ros2/install/serverpublisher/include/serverpublisher/serverpublisher/srv/detail/add_three_ints__type_support.h
[7.010s] -- Installing: /home/chotu/Beginner_Tutorials_Ros2/install/serverpublisher/include/serverpublisher/serverpublisher/srv/change_string.h
[7.010s] -- Installing: /home/chotu/Beginner_Tutorials_Ros2/install/serverpublisher/include/serverpublisher/serverpublisher/srv/add_three_ints.h
[7.010s] -- Installing: /home/chotu/Beginner_Tutorials_Ros2/install/serverpublisher/share/serverpublisher/environment/library_path.sh
[7.010s] -- Installing: /home/chotu/Beginner_Tutorials_Ros2/install/serverpublisher/share/serverpublisher/environment/library_path.dsv
[7.010s] -- Installing: /home/chotu/Beginner_Tutorials_Ros2/install/serverpublisher/lib/libserverpublisher__rosidl_generator_c.so
[7.010s] -- Set runtime path of "/home/chotu/Beginner_Tutorials_Ros2/install/serverpublisher/lib/libserverpublisher__rosidl_generator_c.so" to ""
[7.010s] -- Up-to-date: /home/chotu/Beginner_Tutorials_Ros2/install/serverpublisher/include/serverpublisher/serverpublisher
[7.010s] -- Up-to-date: /home/chotu/Beginner_Tutorials_Ros2/install/serverpublisher/include/serverpublisher/serverpublisher/msg
[7.010s] -- Up-to-date: /home/chotu/Beginner_Tutorials_Ros2/install/serverpublisher/include/serverpublisher/serverpublisher/msg/detail
[7.011s] -- Installing: /home/chotu/Beginner_Tutorials_Ros2/install/serverpublisher/include/serverpublisher/serverpublisher/msg/detail/data__rosidl_typesupport_fastrtps_c.h
[7.011s] -- Installing: /home/chotu/Beginner_Tutorials_Ros2/install/serverpublisher/include/serverpublisher/serverpublisher/msg/detail/num__rosidl_typesupport_fastrtps_c.h
[7.011s] -- Installing: /home/chotu/Beginner_Tutorials_Ros2/install/serverpublisher/include/serverpublisher/serverpublisher/msg/detail/sphere__rosidl_typesupport_fastrtps_c.h
[7.011s] -- Installing: /home/chotu/Beginner_Tutorials_Ros2/install/serverpublisher/include/serverpublisher/serverpublisher/msg/rosidl_typesupport_fastrtps_c__visibility_control.h
[7.011s] -- Up-to-date: /home/chotu/Beginner_Tutorials_Ros2/install/serverpublisher/include/serverpublisher/serverpublisher/srv
[7.011s] -- Up-to-date: /home/chotu/Beginner_Tutorials_Ros2/install/serverpublisher/include/serverpublisher/serverpublisher/srv/detail
[7.011s] -- Installing: /home/chotu/Beginner_Tutorials_Ros2/install/serverpublisher/include/serverpublisher/serverpublisher/srv/detail/change_string__rosidl_typesupport_fastrtps_c.h
[7.011s] -- Installing: /home/chotu/Beginner_Tutorials_Ros2/install/serverpublisher/include/serverpublisher/serverpublisher/srv/detail/add_three_ints__rosidl_typesupport_fastrtps_c.h
[7.011s] -- Installing: /home/chotu/Beginner_Tutorials_Ros2/install/serverpublisher/lib/libserverpublisher__rosidl_typesupport_fastrtps_c.so
[7.011s] -- Set runtime path of "/home/chotu/Beginner_Tutorials_Ros2/install/serverpublisher/lib/libserverpublisher__rosidl_typesupport_fastrtps_c.so" to ""
[7.011s] -- Up-to-date: /home/chotu/Beginner_Tutorials_Ros2/install/serverpublisher/include/serverpublisher/serverpublisher
[7.011s] -- Up-to-date: /home/chotu/Beginner_Tutorials_Ros2/install/serverpublisher/include/serverpublisher/serverpublisher/msg
[7.011s] -- Up-to-date: /home/chotu/Beginner_Tutorials_Ros2/install/serverpublisher/include/serverpublisher/serverpublisher/msg/detail
[7.011s] -- Installing: /home/chotu/Beginner_Tutorials_Ros2/install/serverpublisher/include/serverpublisher/serverpublisher/msg/detail/num__traits.hpp
[7.011s] -- Installing: /home/chotu/Beginner_Tutorials_Ros2/install/serverpublisher/include/serverpublisher/serverpublisher/msg/detail/data__struct.hpp
[7.011s] -- Installing: /home/chotu/Beginner_Tutorials_Ros2/install/serverpublisher/include/serverpublisher/serverpublisher/msg/detail/sphere__traits.hpp
[7.011s] -- Installing: /home/chotu/Beginner_Tutorials_Ros2/install/serverpublisher/include/serverpublisher/serverpublisher/msg/detail/data__builder.hpp
[7.011s] -- Installing: /home/chotu/Beginner_Tutorials_Ros2/install/serverpublisher/include/serverpublisher/serverpublisher/msg/detail/num__struct.hpp
[7.012s] -- Installing: /home/chotu/Beginner_Tutorials_Ros2/install/serverpublisher/include/serverpublisher/serverpublisher/msg/detail/num__builder.hpp
[7.012s] -- Installing: /home/chotu/Beginner_Tutorials_Ros2/install/serverpublisher/include/serverpublisher/serverpublisher/msg/detail/sphere__builder.hpp
[7.012s] -- Installing: /home/chotu/Beginner_Tutorials_Ros2/install/serverpublisher/include/serverpublisher/serverpublisher/msg/detail/data__traits.hpp
[7.012s] -- Installing: /home/chotu/Beginner_Tutorials_Ros2/install/serverpublisher/include/serverpublisher/serverpublisher/msg/detail/sphere__struct.hpp
[7.012s] -- Installing: /home/chotu/Beginner_Tutorials_Ros2/install/serverpublisher/include/serverpublisher/serverpublisher/msg/sphere.hpp
[7.012s] -- Installing: /home/chotu/Beginner_Tutorials_Ros2/install/serverpublisher/include/serverpublisher/serverpublisher/msg/data.hpp
[7.012s] -- Installing: /home/chotu/Beginner_Tutorials_Ros2/install/serverpublisher/include/serverpublisher/serverpublisher/msg/num.hpp
[7.012s] -- Up-to-date: /home/chotu/Beginner_Tutorials_Ros2/install/serverpublisher/include/serverpublisher/serverpublisher/srv
[7.012s] -- Up-to-date: /home/chotu/Beginner_Tutorials_Ros2/install/serverpublisher/include/serverpublisher/serverpublisher/srv/detail
[7.012s] -- Installing: /home/chotu/Beginner_Tutorials_Ros2/install/serverpublisher/include/serverpublisher/serverpublisher/srv/detail/change_string__struct.hpp
[7.012s] -- Installing: /home/chotu/Beginner_Tutorials_Ros2/install/serverpublisher/include/serverpublisher/serverpublisher/srv/detail/add_three_ints__traits.hpp
[7.012s] -- Installing: /home/chotu/Beginner_Tutorials_Ros2/install/serverpublisher/include/serverpublisher/serverpublisher/srv/detail/add_three_ints__struct.hpp
[7.012s] -- Installing: /home/chotu/Beginner_Tutorials_Ros2/install/serverpublisher/include/serverpublisher/serverpublisher/srv/detail/change_string__builder.hpp
[7.012s] -- Installing: /home/chotu/Beginner_Tutorials_Ros2/install/serverpublisher/include/serverpublisher/serverpublisher/srv/detail/change_string__traits.hpp
[7.012s] -- Installing: /home/chotu/Beginner_Tutorials_Ros2/install/serverpublisher/include/serverpublisher/serverpublisher/srv/detail/add_three_ints__builder.hpp
[7.012s] -- Installing: /home/chotu/Beginner_Tutorials_Ros2/install/serverpublisher/include/serverpublisher/serverpublisher/srv/change_string.hpp
[7.012s] -- Installing: /home/chotu/Beginner_Tutorials_Ros2/install/serverpublisher/include/serverpublisher/serverpublisher/srv/add_three_ints.hpp
[7.012s] -- Up-to-date: /home/chotu/Beginner_Tutorials_Ros2/install/serverpublisher/include/serverpublisher/serverpublisher
[7.012s] -- Up-to-date: /home/chotu/Beginner_Tutorials_Ros2/install/serverpublisher/include/serverpublisher/serverpublisher/msg
[7.012s] -- Up-to-date: /home/chotu/Beginner_Tutorials_Ros2/install/serverpublisher/include/serverpublisher/serverpublisher/msg/detail
[7.013s] -- Installing: /home/chotu/Beginner_Tutorials_Ros2/install/serverpublisher/include/serverpublisher/serverpublisher/msg/detail/sphere__rosidl_typesupport_fastrtps_cpp.hpp
[7.013s] -- Installing: /home/chotu/Beginner_Tutorials_Ros2/install/serverpublisher/include/serverpublisher/serverpublisher/msg/detail/dds_fastrtps
[7.013s] -- Installing: /home/chotu/Beginner_Tutorials_Ros2/install/serverpublisher/include/serverpublisher/serverpublisher/msg/detail/data__rosidl_typesupport_fastrtps_cpp.hpp
[7.013s] -- Installing: /home/chotu/Beginner_Tutorials_Ros2/install/serverpublisher/include/serverpublisher/serverpublisher/msg/detail/num__rosidl_typesupport_fastrtps_cpp.hpp
[7.013s] -- Installing: /home/chotu/Beginner_Tutorials_Ros2/install/serverpublisher/include/serverpublisher/serverpublisher/msg/rosidl_typesupport_fastrtps_cpp__visibility_control.h
[7.013s] -- Up-to-date: /home/chotu/Beginner_Tutorials_Ros2/install/serverpublisher/include/serverpublisher/serverpublisher/srv
[7.013s] -- Up-to-date: /home/chotu/Beginner_Tutorials_Ros2/install/serverpublisher/include/serverpublisher/serverpublisher/srv/detail
[7.013s] -- Installing: /home/chotu/Beginner_Tutorials_Ros2/install/serverpublisher/include/serverpublisher/serverpublisher/srv/detail/add_three_ints__rosidl_typesupport_fastrtps_cpp.hpp
[7.013s] -- Installing: /home/chotu/Beginner_Tutorials_Ros2/install/serverpublisher/include/serverpublisher/serverpublisher/srv/detail/dds_fastrtps
[7.013s] -- Installing: /home/chotu/Beginner_Tutorials_Ros2/install/serverpublisher/include/serverpublisher/serverpublisher/srv/detail/change_string__rosidl_typesupport_fastrtps_cpp.hpp
[7.013s] -- Installing: /home/chotu/Beginner_Tutorials_Ros2/install/serverpublisher/lib/libserverpublisher__rosidl_typesupport_fastrtps_cpp.so
[7.013s] -- Set runtime path of "/home/chotu/Beginner_Tutorials_Ros2/install/serverpublisher/lib/libserverpublisher__rosidl_typesupport_fastrtps_cpp.so" to ""
[7.013s] -- Up-to-date: /home/chotu/Beginner_Tutorials_Ros2/install/serverpublisher/include/serverpublisher/serverpublisher
[7.013s] -- Up-to-date: /home/chotu/Beginner_Tutorials_Ros2/install/serverpublisher/include/serverpublisher/serverpublisher/msg
[7.013s] -- Up-to-date: /home/chotu/Beginner_Tutorials_Ros2/install/serverpublisher/include/serverpublisher/serverpublisher/msg/detail
[7.013s] -- Installing: /home/chotu/Beginner_Tutorials_Ros2/install/serverpublisher/include/serverpublisher/serverpublisher/msg/detail/num__rosidl_typesupport_introspection_c.h
[7.013s] -- Installing: /home/chotu/Beginner_Tutorials_Ros2/install/serverpublisher/include/serverpublisher/serverpublisher/msg/detail/data__rosidl_typesupport_introspection_c.h
[7.013s] -- Installing: /home/chotu/Beginner_Tutorials_Ros2/install/serverpublisher/include/serverpublisher/serverpublisher/msg/detail/sphere__type_support.c
[7.013s] -- Installing: /home/chotu/Beginner_Tutorials_Ros2/install/serverpublisher/include/serverpublisher/serverpublisher/msg/detail/data__type_support.c
[7.013s] -- Installing: /home/chotu/Beginner_Tutorials_Ros2/install/serverpublisher/include/serverpublisher/serverpublisher/msg/detail/num__type_support.c
[7.013s] -- Installing: /home/chotu/Beginner_Tutorials_Ros2/install/serverpublisher/include/serverpublisher/serverpublisher/msg/detail/sphere__rosidl_typesupport_introspection_c.h
[7.013s] -- Installing: /home/chotu/Beginner_Tutorials_Ros2/install/serverpublisher/include/serverpublisher/serverpublisher/msg/rosidl_typesupport_introspection_c__visibility_control.h
[7.013s] -- Up-to-date: /home/chotu/Beginner_Tutorials_Ros2/install/serverpublisher/include/serverpublisher/serverpublisher/srv
[7.014s] -- Up-to-date: /home/chotu/Beginner_Tutorials_Ros2/install/serverpublisher/include/serverpublisher/serverpublisher/srv/detail
[7.014s] -- Installing: /home/chotu/Beginner_Tutorials_Ros2/install/serverpublisher/include/serverpublisher/serverpublisher/srv/detail/change_string__rosidl_typesupport_introspection_c.h
[7.014s] -- Installing: /home/chotu/Beginner_Tutorials_Ros2/install/serverpublisher/include/serverpublisher/serverpublisher/srv/detail/add_three_ints__rosidl_typesupport_introspection_c.h
[7.014s] -- Installing: /home/chotu/Beginner_Tutorials_Ros2/install/serverpublisher/include/serverpublisher/serverpublisher/srv/detail/change_string__type_support.c
[7.014s] -- Installing: /home/chotu/Beginner_Tutorials_Ros2/install/serverpublisher/include/serverpublisher/serverpublisher/srv/detail/add_three_ints__type_support.c
[7.014s] -- Installing: /home/chotu/Beginner_Tutorials_Ros2/install/serverpublisher/lib/libserverpublisher__rosidl_typesupport_introspection_c.so
[7.014s] -- Set runtime path of "/home/chotu/Beginner_Tutorials_Ros2/install/serverpublisher/lib/libserverpublisher__rosidl_typesupport_introspection_c.so" to ""
[7.014s] -- Installing: /home/chotu/Beginner_Tutorials_Ros2/install/serverpublisher/lib/libserverpublisher__rosidl_typesupport_c.so
[7.014s] -- Set runtime path of "/home/chotu/Beginner_Tutorials_Ros2/install/serverpublisher/lib/libserverpublisher__rosidl_typesupport_c.so" to ""
[7.014s] -- Up-to-date: /home/chotu/Beginner_Tutorials_Ros2/install/serverpublisher/include/serverpublisher/serverpublisher
[7.014s] -- Up-to-date: /home/chotu/Beginner_Tutorials_Ros2/install/serverpublisher/include/serverpublisher/serverpublisher/msg
[7.014s] -- Up-to-date: /home/chotu/Beginner_Tutorials_Ros2/install/serverpublisher/include/serverpublisher/serverpublisher/msg/detail
[7.014s] -- Installing: /home/chotu/Beginner_Tutorials_Ros2/install/serverpublisher/include/serverpublisher/serverpublisher/msg/detail/data__type_support.cpp
[7.014s] -- Installing: /home/chotu/Beginner_Tutorials_Ros2/install/serverpublisher/include/serverpublisher/serverpublisher/msg/detail/sphere__rosidl_typesupport_introspection_cpp.hpp
[7.014s] -- Installing: /home/chotu/Beginner_Tutorials_Ros2/install/serverpublisher/include/serverpublisher/serverpublisher/msg/detail/num__rosidl_typesupport_introspection_cpp.hpp
[7.014s] -- Installing: /home/chotu/Beginner_Tutorials_Ros2/install/serverpublisher/include/serverpublisher/serverpublisher/msg/detail/num__type_support.cpp
[7.014s] -- Installing: /home/chotu/Beginner_Tutorials_Ros2/install/serverpublisher/include/serverpublisher/serverpublisher/msg/detail/sphere__type_support.cpp
[7.014s] -- Installing: /home/chotu/Beginner_Tutorials_Ros2/install/serverpublisher/include/serverpublisher/serverpublisher/msg/detail/data__rosidl_typesupport_introspection_cpp.hpp
[7.014s] -- Up-to-date: /home/chotu/Beginner_Tutorials_Ros2/install/serverpublisher/include/serverpublisher/serverpublisher/srv
[7.014s] -- Up-to-date: /home/chotu/Beginner_Tutorials_Ros2/install/serverpublisher/include/serverpublisher/serverpublisher/srv/detail
[7.015s] -- Installing: /home/chotu/Beginner_Tutorials_Ros2/install/serverpublisher/include/serverpublisher/serverpublisher/srv/detail/add_three_ints__type_support.cpp
[7.015s] -- Installing: /home/chotu/Beginner_Tutorials_Ros2/install/serverpublisher/include/serverpublisher/serverpublisher/srv/detail/change_string__type_support.cpp
[7.015s] -- Installing: /home/chotu/Beginner_Tutorials_Ros2/install/serverpublisher/include/serverpublisher/serverpublisher/srv/detail/add_three_ints__rosidl_typesupport_introspection_cpp.hpp
[7.015s] -- Installing: /home/chotu/Beginner_Tutorials_Ros2/install/serverpublisher/include/serverpublisher/serverpublisher/srv/detail/change_string__rosidl_typesupport_introspection_cpp.hpp
[7.015s] -- Installing: /home/chotu/Beginner_Tutorials_Ros2/install/serverpublisher/lib/libserverpublisher__rosidl_typesupport_introspection_cpp.so
[7.015s] -- Set runtime path of "/home/chotu/Beginner_Tutorials_Ros2/install/serverpublisher/lib/libserverpublisher__rosidl_typesupport_introspection_cpp.so" to ""
[7.015s] -- Installing: /home/chotu/Beginner_Tutorials_Ros2/install/serverpublisher/lib/libserverpublisher__rosidl_typesupport_cpp.so
[7.015s] -- Set runtime path of "/home/chotu/Beginner_Tutorials_Ros2/install/serverpublisher/lib/libserverpublisher__rosidl_typesupport_cpp.so" to ""
[7.015s] -- Installing: /home/chotu/Beginner_Tutorials_Ros2/install/serverpublisher/share/serverpublisher/environment/pythonpath.sh
[7.015s] -- Installing: /home/chotu/Beginner_Tutorials_Ros2/install/serverpublisher/share/serverpublisher/environment/pythonpath.dsv
[7.015s] -- Installing: /home/chotu/Beginner_Tutorials_Ros2/install/serverpublisher/local/lib/python3.10/dist-packages/serverpublisher-0.0.0-py3.10.egg-info
[7.015s] -- Installing: /home/chotu/Beginner_Tutorials_Ros2/install/serverpublisher/local/lib/python3.10/dist-packages/serverpublisher-0.0.0-py3.10.egg-info/SOURCES.txt
[7.015s] -- Installing: /home/chotu/Beginner_Tutorials_Ros2/install/serverpublisher/local/lib/python3.10/dist-packages/serverpublisher-0.0.0-py3.10.egg-info/PKG-INFO
[7.015s] -- Installing: /home/chotu/Beginner_Tutorials_Ros2/install/serverpublisher/local/lib/python3.10/dist-packages/serverpublisher-0.0.0-py3.10.egg-info/top_level.txt
[7.015s] -- Installing: /home/chotu/Beginner_Tutorials_Ros2/install/serverpublisher/local/lib/python3.10/dist-packages/serverpublisher-0.0.0-py3.10.egg-info/dependency_links.txt
[7.016s] -- Installing: /home/chotu/Beginner_Tutorials_Ros2/install/serverpublisher/local/lib/python3.10/dist-packages/serverpublisher
[7.016s] -- Installing: /home/chotu/Beginner_Tutorials_Ros2/install/serverpublisher/local/lib/python3.10/dist-packages/serverpublisher/msg
[7.016s] -- Installing: /home/chotu/Beginner_Tutorials_Ros2/install/serverpublisher/local/lib/python3.10/dist-packages/serverpublisher/msg/_num.py
[7.016s] -- Installing: /home/chotu/Beginner_Tutorials_Ros2/install/serverpublisher/local/lib/python3.10/dist-packages/serverpublisher/msg/__init__.py
[7.016s] -- Installing: /home/chotu/Beginner_Tutorials_Ros2/install/serverpublisher/local/lib/python3.10/dist-packages/serverpublisher/msg/_sphere_s.c
[7.016s] -- Installing: /home/chotu/Beginner_Tutorials_Ros2/install/serverpublisher/local/lib/python3.10/dist-packages/serverpublisher/msg/_data.py
[7.016s] -- Installing: /home/chotu/Beginner_Tutorials_Ros2/install/serverpublisher/local/lib/python3.10/dist-packages/serverpublisher/msg/_data_s.c
[7.016s] -- Installing: /home/chotu/Beginner_Tutorials_Ros2/install/serverpublisher/local/lib/python3.10/dist-packages/serverpublisher/msg/_sphere.py
[7.016s] -- Installing: /home/chotu/Beginner_Tutorials_Ros2/install/serverpublisher/local/lib/python3.10/dist-packages/serverpublisher/msg/_num_s.c
[7.016s] -- Installing: /home/chotu/Beginner_Tutorials_Ros2/install/serverpublisher/local/lib/python3.10/dist-packages/serverpublisher/serverpublisher_s__rosidl_typesupport_introspection_c.cpython-310-x86_64-linux-gnu.so
[7.016s] -- Installing: /home/chotu/Beginner_Tutorials_Ros2/install/serverpublisher/local/lib/python3.10/dist-packages/serverpublisher/__init__.py
[7.016s] -- Installing: /home/chotu/Beginner_Tutorials_Ros2/install/serverpublisher/local/lib/python3.10/dist-packages/serverpublisher/srv
[7.016s] -- Installing: /home/chotu/Beginner_Tutorials_Ros2/install/serverpublisher/local/lib/python3.10/dist-packages/serverpublisher/srv/__init__.py
[7.016s] -- Installing: /home/chotu/Beginner_Tutorials_Ros2/install/serverpublisher/local/lib/python3.10/dist-packages/serverpublisher/srv/_add_three_ints_s.c
[7.016s] -- Installing: /home/chotu/Beginner_Tutorials_Ros2/install/serverpublisher/local/lib/python3.10/dist-packages/serverpublisher/srv/_add_three_ints.py
[7.016s] -- Installing: /home/chotu/Beginner_Tutorials_Ros2/install/serverpublisher/local/lib/python3.10/dist-packages/serverpublisher/srv/_change_string.py
[7.016s] -- Installing: /home/chotu/Beginner_Tutorials_Ros2/install/serverpublisher/local/lib/python3.10/dist-packages/serverpublisher/srv/_change_string_s.c
[7.016s] -- Installing: /home/chotu/Beginner_Tutorials_Ros2/install/serverpublisher/local/lib/python3.10/dist-packages/serverpublisher/serverpublisher_s__rosidl_typesupport_c.cpython-310-x86_64-linux-gnu.so
[7.016s] -- Installing: /home/chotu/Beginner_Tutorials_Ros2/install/serverpublisher/local/lib/python3.10/dist-packages/serverpublisher/_serverpublisher_s.ep.rosidl_typesupport_fastrtps_c.c
[7.017s] -- Installing: /home/chotu/Beginner_Tutorials_Ros2/install/serverpublisher/local/lib/python3.10/dist-packages/serverpublisher/_serverpublisher_s.ep.rosidl_typesupport_introspection_c.c
[7.017s] -- Installing: /home/chotu/Beginner_Tutorials_Ros2/install/serverpublisher/local/lib/python3.10/dist-packages/serverpublisher/libserverpublisher__rosidl_generator_py.so
[7.017s] -- Installing: /home/chotu/Beginner_Tutorials_Ros2/install/serverpublisher/local/lib/python3.10/dist-packages/serverpublisher/serverpublisher_s__rosidl_typesupport_fastrtps_c.cpython-310-x86_64-linux-gnu.so
[7.017s] -- Installing: /home/chotu/Beginner_Tutorials_Ros2/install/serverpublisher/local/lib/python3.10/dist-packages/serverpublisher/_serverpublisher_s.ep.rosidl_typesupport_c.c
[7.042s] Listing '/home/chotu/Beginner_Tutorials_Ros2/install/serverpublisher/local/lib/python3.10/dist-packages/serverpublisher'...
[7.042s] Compiling '/home/chotu/Beginner_Tutorials_Ros2/install/serverpublisher/local/lib/python3.10/dist-packages/serverpublisher/__init__.py'...
[7.043s] Listing '/home/chotu/Beginner_Tutorials_Ros2/install/serverpublisher/local/lib/python3.10/dist-packages/serverpublisher/msg'...
[7.043s] Compiling '/home/chotu/Beginner_Tutorials_Ros2/install/serverpublisher/local/lib/python3.10/dist-packages/serverpublisher/msg/__init__.py'...
[7.043s] Compiling '/home/chotu/Beginner_Tutorials_Ros2/install/serverpublisher/local/lib/python3.10/dist-packages/serverpublisher/msg/_data.py'...
[7.043s] Compiling '/home/chotu/Beginner_Tutorials_Ros2/install/serverpublisher/local/lib/python3.10/dist-packages/serverpublisher/msg/_num.py'...
[7.043s] Compiling '/home/chotu/Beginner_Tutorials_Ros2/install/serverpublisher/local/lib/python3.10/dist-packages/serverpublisher/msg/_sphere.py'...
[7.043s] Listing '/home/chotu/Beginner_Tutorials_Ros2/install/serverpublisher/local/lib/python3.10/dist-packages/serverpublisher/srv'...
[7.043s] Compiling '/home/chotu/Beginner_Tutorials_Ros2/install/serverpublisher/local/lib/python3.10/dist-packages/serverpublisher/srv/__init__.py'...
[7.043s] Compiling '/home/chotu/Beginner_Tutorials_Ros2/install/serverpublisher/local/lib/python3.10/dist-packages/serverpublisher/srv/_add_three_ints.py'...
[7.043s] Compiling '/home/chotu/Beginner_Tutorials_Ros2/install/serverpublisher/local/lib/python3.10/dist-packages/serverpublisher/srv/_change_string.py'...
[7.046s] -- Installing: /home/chotu/Beginner_Tutorials_Ros2/install/serverpublisher/local/lib/python3.10/dist-packages/serverpublisher/serverpublisher_s__rosidl_typesupport_fastrtps_c.cpython-310-x86_64-linux-gnu.so
[7.046s] -- Set runtime path of "/home/chotu/Beginner_Tutorials_Ros2/install/serverpublisher/local/lib/python3.10/dist-packages/serverpublisher/serverpublisher_s__rosidl_typesupport_fastrtps_c.cpython-310-x86_64-linux-gnu.so" to ""
[7.046s] -- Installing: /home/chotu/Beginner_Tutorials_Ros2/install/serverpublisher/local/lib/python3.10/dist-packages/serverpublisher/serverpublisher_s__rosidl_typesupport_introspection_c.cpython-310-x86_64-linux-gnu.so
[7.047s] -- Set runtime path of "/home/chotu/Beginner_Tutorials_Ros2/install/serverpublisher/local/lib/python3.10/dist-packages/serverpublisher/serverpublisher_s__rosidl_typesupport_introspection_c.cpython-310-x86_64-linux-gnu.so" to ""
[7.047s] -- Installing: /home/chotu/Beginner_Tutorials_Ros2/install/serverpublisher/local/lib/python3.10/dist-packages/serverpublisher/serverpublisher_s__rosidl_typesupport_c.cpython-310-x86_64-linux-gnu.so
[7.047s] -- Set runtime path of "/home/chotu/Beginner_Tutorials_Ros2/install/serverpublisher/local/lib/python3.10/dist-packages/serverpublisher/serverpublisher_s__rosidl_typesupport_c.cpython-310-x86_64-linux-gnu.so" to ""
[7.047s] -- Installing: /home/chotu/Beginner_Tutorials_Ros2/install/serverpublisher/lib/libserverpublisher__rosidl_generator_py.so
[7.047s] -- Set runtime path of "/home/chotu/Beginner_Tutorials_Ros2/install/serverpublisher/lib/libserverpublisher__rosidl_generator_py.so" to ""
[7.047s] -- Installing: /home/chotu/Beginner_Tutorials_Ros2/install/serverpublisher/share/serverpublisher/msg/Num.idl
[7.047s] -- Installing: /home/chotu/Beginner_Tutorials_Ros2/install/serverpublisher/share/serverpublisher/msg/Sphere.idl
[7.047s] -- Installing: /home/chotu/Beginner_Tutorials_Ros2/install/serverpublisher/share/serverpublisher/msg/Data.idl
[7.047s] -- Installing: /home/chotu/Beginner_Tutorials_Ros2/install/serverpublisher/share/serverpublisher/srv/AddThreeInts.idl
[7.047s] -- Installing: /home/chotu/Beginner_Tutorials_Ros2/install/serverpublisher/share/serverpublisher/srv/ChangeString.idl
[7.048s] -- Installing: /home/chotu/Beginner_Tutorials_Ros2/install/serverpublisher/share/serverpublisher/msg/Num.msg
[7.048s] -- Installing: /home/chotu/Beginner_Tutorials_Ros2/install/serverpublisher/share/serverpublisher/msg/Sphere.msg
[7.048s] -- Installing: /home/chotu/Beginner_Tutorials_Ros2/install/serverpublisher/share/serverpublisher/msg/Data.msg
[7.048s] -- Installing: /home/chotu/Beginner_Tutorials_Ros2/install/serverpublisher/share/serverpublisher/srv/AddThreeInts.srv
[7.048s] -- Installing: /home/chotu/Beginner_Tutorials_Ros2/install/serverpublisher/share/serverpublisher/srv/AddThreeInts_Request.msg
[7.048s] -- Installing: /home/chotu/Beginner_Tutorials_Ros2/install/serverpublisher/share/serverpublisher/srv/AddThreeInts_Response.msg
[7.048s] -- Installing: /home/chotu/Beginner_Tutorials_Ros2/install/serverpublisher/share/serverpublisher/srv/ChangeString.srv
[7.048s] -- Installing: /home/chotu/Beginner_Tutorials_Ros2/install/serverpublisher/share/serverpublisher/srv/ChangeString_Request.msg
[7.048s] -- Installing: /home/chotu/Beginner_Tutorials_Ros2/install/serverpublisher/share/serverpublisher/srv/ChangeString_Response.msg
[7.048s] -- Installing: /home/chotu/Beginner_Tutorials_Ros2/install/serverpublisher/lib/serverpublisher/talker
[7.051s] -- Set runtime path of "/home/chotu/Beginner_Tutorials_Ros2/install/serverpublisher/lib/serverpublisher/talker" to ""
[7.051s] -- Installing: /home/chotu/Beginner_Tutorials_Ros2/install/serverpublisher/lib/serverpublisher/talkerandlistner
[7.054s] -- Set runtime path of "/home/chotu/Beginner_Tutorials_Ros2/install/serverpublisher/lib/serverpublisher/talkerandlistner" to ""
[7.054s] -- Installing: /home/chotu/Beginner_Tutorials_Ros2/install/serverpublisher/lib/serverpublisher/server
[7.054s] -- Set runtime path of "/home/chotu/Beginner_Tutorials_Ros2/install/serverpublisher/lib/serverpublisher/server" to ""
[7.055s] -- Installing: /home/chotu/Beginner_Tutorials_Ros2/install/serverpublisher/share/serverpublisher/launch
[7.055s] -- Installing: /home/chotu/Beginner_Tutorials_Ros2/install/serverpublisher/share/serverpublisher/launch/cpp_pubsub_launch.py
[7.055s] -- Installing: /home/chotu/Beginner_Tutorials_Ros2/install/serverpublisher/share/serverpublisher/launch/rosbag_launch.py
[7.055s] -- Installing: /home/chotu/Beginner_Tutorials_Ros2/install/serverpublisher/share/serverpublisher/launch/bag_launch.py
[7.055s] -- Installing: /home/chotu/Beginner_Tutorials_Ros2/install/serverpublisher/share/ament_index/resource_index/package_run_dependencies/serverpublisher
[7.055s] -- Installing: /home/chotu/Beginner_Tutorials_Ros2/install/serverpublisher/share/ament_index/resource_index/parent_prefix_path/serverpublisher
[7.055s] -- Installing: /home/chotu/Beginner_Tutorials_Ros2/install/serverpublisher/share/serverpublisher/environment/ament_prefix_path.sh
[7.055s] -- Installing: /home/chotu/Beginner_Tutorials_Ros2/install/serverpublisher/share/serverpublisher/environment/ament_prefix_path.dsv
[7.055s] -- Installing: /home/chotu/Beginner_Tutorials_Ros2/install/serverpublisher/share/serverpublisher/environment/path.sh
[7.055s] -- Installing: /home/chotu/Beginner_Tutorials_Ros2/install/serverpublisher/share/serverpublisher/environment/path.dsv
[7.055s] -- Installing: /home/chotu/Beginner_Tutorials_Ros2/install/serverpublisher/share/serverpublisher/local_setup.bash
[7.055s] -- Installing: /home/chotu/Beginner_Tutorials_Ros2/install/serverpublisher/share/serverpublisher/local_setup.sh
[7.055s] -- Installing: /home/chotu/Beginner_Tutorials_Ros2/install/serverpublisher/share/serverpublisher/local_setup.zsh
[7.055s] -- Installing: /home/chotu/Beginner_Tutorials_Ros2/install/serverpublisher/share/serverpublisher/local_setup.dsv
[7.055s] -- Installing: /home/chotu/Beginner_Tutorials_Ros2/install/serverpublisher/share/serverpublisher/package.dsv
[7.056s] -- Installing: /home/chotu/Beginner_Tutorials_Ros2/install/serverpublisher/share/ament_index/resource_index/packages/serverpublisher
[7.056s] -- Installing: /home/chotu/Beginner_Tutorials_Ros2/install/serverpublisher/share/serverpublisher/cmake/export_serverpublisher__rosidl_generator_cExport.cmake
[7.056s] -- Installing: /home/chotu/Beginner_Tutorials_Ros2/install/serverpublisher/share/serverpublisher/cmake/export_serverpublisher__rosidl_generator_cExport-noconfig.cmake
[7.056s] -- Installing: /home/chotu/Beginner_Tutorials_Ros2/install/serverpublisher/share/serverpublisher/cmake/export_serverpublisher__rosidl_typesupport_fastrtps_cExport.cmake
[7.056s] -- Installing: /home/chotu/Beginner_Tutorials_Ros2/install/serverpublisher/share/serverpublisher/cmake/export_serverpublisher__rosidl_typesupport_fastrtps_cExport-noconfig.cmake
[7.056s] -- Installing: /home/chotu/Beginner_Tutorials_Ros2/install/serverpublisher/share/serverpublisher/cmake/export_serverpublisher__rosidl_generator_cppExport.cmake
[7.056s] -- Installing: /home/chotu/Beginner_Tutorials_Ros2/install/serverpublisher/share/serverpublisher/cmake/export_serverpublisher__rosidl_typesupport_fastrtps_cppExport.cmake
[7.056s] -- Installing: /home/chotu/Beginner_Tutorials_Ros2/install/serverpublisher/share/serverpublisher/cmake/export_serverpublisher__rosidl_typesupport_fastrtps_cppExport-noconfig.cmake
[7.056s] -- Installing: /home/chotu/Beginner_Tutorials_Ros2/install/serverpublisher/share/serverpublisher/cmake/serverpublisher__rosidl_typesupport_introspection_cExport.cmake
[7.056s] -- Installing: /home/chotu/Beginner_Tutorials_Ros2/install/serverpublisher/share/serverpublisher/cmake/serverpublisher__rosidl_typesupport_introspection_cExport-noconfig.cmake
[7.056s] -- Installing: /home/chotu/Beginner_Tutorials_Ros2/install/serverpublisher/share/serverpublisher/cmake/serverpublisher__rosidl_typesupport_cExport.cmake
[7.056s] -- Installing: /home/chotu/Beginner_Tutorials_Ros2/install/serverpublisher/share/serverpublisher/cmake/serverpublisher__rosidl_typesupport_cExport-noconfig.cmake
[7.056s] -- Installing: /home/chotu/Beginner_Tutorials_Ros2/install/serverpublisher/share/serverpublisher/cmake/serverpublisher__rosidl_typesupport_introspection_cppExport.cmake
[7.056s] -- Installing: /home/chotu/Beginner_Tutorials_Ros2/install/serverpublisher/share/serverpublisher/cmake/serverpublisher__rosidl_typesupport_introspection_cppExport-noconfig.cmake
[7.057s] -- Installing: /home/chotu/Beginner_Tutorials_Ros2/install/serverpublisher/share/serverpublisher/cmake/serverpublisher__rosidl_typesupport_cppExport.cmake
[7.057s] -- Installing: /home/chotu/Beginner_Tutorials_Ros2/install/serverpublisher/share/serverpublisher/cmake/serverpublisher__rosidl_typesupport_cppExport-noconfig.cmake
[7.057s] -- Installing: /home/chotu/Beginner_Tutorials_Ros2/install/serverpublisher/share/serverpublisher/cmake/export_serverpublisher__rosidl_generator_pyExport.cmake
[7.057s] -- Installing: /home/chotu/Beginner_Tutorials_Ros2/install/serverpublisher/share/serverpublisher/cmake/export_serverpublisher__rosidl_generator_pyExport-noconfig.cmake
[7.057s] -- Installing: /home/chotu/Beginner_Tutorials_Ros2/install/serverpublisher/share/serverpublisher/cmake/rosidl_cmake-extras.cmake
[7.057s] -- Installing: /home/chotu/Beginner_Tutorials_Ros2/install/serverpublisher/share/serverpublisher/cmake/ament_cmake_export_dependencies-extras.cmake
[7.057s] -- Installing: /home/chotu/Beginner_Tutorials_Ros2/install/serverpublisher/share/serverpublisher/cmake/ament_cmake_export_include_directories-extras.cmake
[7.057s] -- Installing: /home/chotu/Beginner_Tutorials_Ros2/install/serverpublisher/share/serverpublisher/cmake/ament_cmake_export_libraries-extras.cmake
[7.057s] -- Installing: /home/chotu/Beginner_Tutorials_Ros2/install/serverpublisher/share/serverpublisher/cmake/ament_cmake_export_targets-extras.cmake
[7.057s] -- Installing: /home/chotu/Beginner_Tutorials_Ros2/install/serverpublisher/share/serverpublisher/cmake/rosidl_cmake_export_typesupport_targets-extras.cmake
[7.057s] -- Installing: /home/chotu/Beginner_Tutorials_Ros2/install/serverpublisher/share/serverpublisher/cmake/rosidl_cmake_export_typesupport_libraries-extras.cmake
[7.057s] -- Installing: /home/chotu/Beginner_Tutorials_Ros2/install/serverpublisher/share/serverpublisher/cmake/serverpublisherConfig.cmake
[7.057s] -- Installing: /home/chotu/Beginner_Tutorials_Ros2/install/serverpublisher/share/serverpublisher/cmake/serverpublisherConfig-version.cmake
[7.057s] -- Installing: /home/chotu/Beginner_Tutorials_Ros2/install/serverpublisher/share/serverpublisher/package.xml
[7.060s] Invoked command in '/home/chotu/Beginner_Tutorials_Ros2/build/serverpublisher' returned '0': CMAKE_PREFIX_PATH=/opt/ros/humble /usr/bin/cmake --install /home/chotu/Beginner_Tutorials_Ros2/build/serverpublisher
